[16:30:12] [Datafixer Bootstrap/INFO]: 192 Datafixer optimizations took 191 milliseconds
[16:30:13] [Render thread/INFO]: Environment: Environment[accountsHost=https://api.mojang.com, sessionHost=https://sessionserver.mojang.com, servicesHost=https://api.minecraftservices.com, name=PROD]
[16:30:14] [Render thread/INFO]: Setting user: 16thGarden
[16:30:14] [Render thread/INFO]: Backend library: LWJGL version 3.3.2+13
[16:30:14] [Render thread/WARN]: Removed resource pack fabric from options because it doesn't seem to exist anymore
[16:30:15] [Render thread/INFO]: Reloading ResourceManager: vanilla
[16:30:15] [Worker-Main-12/INFO]: Found unifont_all_no_pua-15.0.06.hex, loading
[16:30:16] [Render thread/WARN]: Missing sound for event: minecraft:item.goat_horn.play
[16:30:16] [Render thread/WARN]: Missing sound for event: minecraft:entity.goat.screaming.horn_break
[16:30:16] [Render thread/INFO]: OpenAL initialized on device OpenAL Soft on Headphones (Realtek(R) Audio)
[16:30:16] [Render thread/INFO]: Sound engine started
[16:30:17] [Render thread/INFO]: Created: 1024x512x0 minecraft:textures/atlas/blocks.png-atlas
[16:30:17] [Render thread/INFO]: Created: 256x256x0 minecraft:textures/atlas/signs.png-atlas
[16:30:17] [Render thread/INFO]: Created: 512x512x0 minecraft:textures/atlas/banner_patterns.png-atlas
[16:30:17] [Render thread/INFO]: Created: 512x512x0 minecraft:textures/atlas/shield_patterns.png-atlas
[16:30:17] [Render thread/INFO]: Created: 1024x1024x0 minecraft:textures/atlas/armor_trims.png-atlas
[16:30:17] [Render thread/INFO]: Created: 256x256x0 minecraft:textures/atlas/chest.png-atlas
[16:30:17] [Render thread/INFO]: Created: 128x64x0 minecraft:textures/atlas/decorated_pot.png-atlas
[16:30:17] [Render thread/INFO]: Created: 512x256x0 minecraft:textures/atlas/beds.png-atlas
[16:30:17] [Render thread/INFO]: Created: 512x256x0 minecraft:textures/atlas/shulker_boxes.png-atlas
[16:30:17] [Render thread/WARN]: Shader rendertype_entity_translucent_emissive could not find sampler named Sampler2 in the specified shader program.
[16:30:17] [Render thread/INFO]: Created: 256x256x0 minecraft:textures/atlas/particles.png-atlas
[16:30:17] [Render thread/INFO]: Created: 256x256x0 minecraft:textures/atlas/paintings.png-atlas
[16:30:17] [Render thread/INFO]: Created: 128x128x0 minecraft:textures/atlas/mob_effects.png-atlas
[16:30:17] [Render thread/INFO]: Created: 1024x512x0 minecraft:textures/atlas/gui.png-atlas
[16:31:18] [Render thread/INFO]: Connecting to play.wynncraft.com, 25565
[16:31:21] [Render thread/INFO]: [System] [CHAT] Loading Resource Pack...
[16:31:21] [Render thread/INFO]: Loaded 827 advancements
[16:31:21] [Render thread/INFO]: Loaded 1654 advancements
[16:31:26] [Render thread/INFO]: Found file C:\Users\Miguel Leyesa\AppData\Roaming\.minecraft\server-resource-packs\98b76b0b89c55c5665689ec9ef6630a46e0c4609 matching requested hash 8ddc3d64adcfcba8cf13b7c5a06d12caaf9d5896
[16:31:26] [Render thread/INFO]: Applying server pack C:\Users\Miguel Leyesa\AppData\Roaming\.minecraft\server-resource-packs\98b76b0b89c55c5665689ec9ef6630a46e0c4609
[16:31:26] [Render thread/INFO]: Reloading ResourceManager: vanilla, server
[16:31:26] [Worker-Main-7/INFO]: Found unifont_all_no_pua-15.0.06.hex, loading
[16:31:28] [Worker-Main-6/WARN]: Exception loading blockstate definition: 'minecraft:blockstates/cauldron.json' in resourcepack: 'server' for variant: 'level=1': Unknown blockstate property: 'level'
[16:31:28] [Worker-Main-6/WARN]: Exception loading blockstate definition: 'minecraft:blockstates/cauldron.json' in resourcepack: 'server' for variant: 'level=2': Unknown blockstate property: 'level'
[16:31:28] [Worker-Main-6/WARN]: Exception loading blockstate definition: 'minecraft:blockstates/cauldron.json' in resourcepack: 'server' for variant: 'level=3': Unknown blockstate property: 'level'
[16:31:28] [Worker-Main-6/WARN]: Exception loading blockstate definition: 'minecraft:blockstates/cauldron.json' in resourcepack: 'server' for variant: 'level=0': Unknown blockstate property: 'level'
[16:31:30] [Render thread/WARN]: Missing sound for event: minecraft:item.goat_horn.play
[16:31:30] [Render thread/WARN]: Missing sound for event: minecraft:entity.goat.screaming.horn_break
[16:31:30] [Render thread/INFO]: OpenAL initialized on device OpenAL Soft on Headphones (Realtek(R) Audio)
[16:31:30] [Render thread/INFO]: Sound engine started
[16:31:30] [Render thread/INFO]: Created: 4096x2048x0 minecraft:textures/atlas/blocks.png-atlas
[16:31:30] [Render thread/INFO]: Created: 256x256x0 minecraft:textures/atlas/signs.png-atlas
[16:31:30] [Render thread/INFO]: Created: 512x512x0 minecraft:textures/atlas/banner_patterns.png-atlas
[16:31:30] [Render thread/INFO]: Created: 512x512x0 minecraft:textures/atlas/shield_patterns.png-atlas
[16:31:30] [Render thread/INFO]: Created: 1024x1024x0 minecraft:textures/atlas/armor_trims.png-atlas
[16:31:30] [Render thread/INFO]: Created: 256x256x0 minecraft:textures/atlas/chest.png-atlas
[16:31:30] [Render thread/INFO]: Created: 128x64x0 minecraft:textures/atlas/decorated_pot.png-atlas
[16:31:30] [Render thread/INFO]: Created: 512x256x0 minecraft:textures/atlas/beds.png-atlas
[16:31:30] [Render thread/INFO]: Created: 512x256x0 minecraft:textures/atlas/shulker_boxes.png-atlas
[16:31:30] [Render thread/WARN]: Shader rendertype_entity_translucent_emissive could not find sampler named Sampler2 in the specified shader program.
[16:31:30] [Render thread/WARN]: Shader rendertype_armor_entity_glint could not find uniform named FogShape in the specified shader program.
[16:31:30] [Render thread/WARN]: Shader rendertype_glint_direct could not find uniform named IViewRotMat in the specified shader program.
[16:31:30] [Render thread/WARN]: Shader rendertype_glint_direct could not find uniform named FogShape in the specified shader program.
[16:31:30] [Render thread/INFO]: Created: 512x256x0 minecraft:textures/atlas/particles.png-atlas
[16:31:30] [Render thread/INFO]: Created: 512x256x0 minecraft:textures/atlas/paintings.png-atlas
[16:31:30] [Render thread/INFO]: Created: 128x128x0 minecraft:textures/atlas/mob_effects.png-atlas
[16:31:30] [Render thread/INFO]: Created: 1024x512x0 minecraft:textures/atlas/gui.png-atlas
[16:31:31] [Render thread/INFO]: [System] [CHAT] Thank you for using the WynnPack. Enjoy the game!
[16:31:31] [Render thread/INFO]: [System] [CHAT] Select a character! Each character is saved individually across all servers, you can come back at any time with /class and select another character!
[16:31:48] [Render thread/INFO]: [System] [CHAT] \n                  §6§lWelcome to Wynncraft!\n            §fplay.wynncraft.com §7-/-§f wynncraft.com\n\n       §bFind the latest memes: §d§nreddit.com/r/wynncraft\n
[16:31:48] [Render thread/WARN]: Ignoring player info update for unknown player d730e3f1-4ec9-3007-9298-8ebb73af6055
[16:31:48] [Render thread/WARN]: Ignoring player info update for unknown player d730e3f1-4ec9-3007-9298-8ebb73af6055
[16:31:48] [Render thread/WARN]: Received packet for unknown team _23: team action: REMOVE, player action: null
[16:31:48] [Render thread/WARN]: Received packet for unknown team _7: team action: REMOVE, player action: null
[16:31:48] [Render thread/WARN]: Received packet for unknown team _28: team action: REMOVE, player action: null
[16:31:48] [Render thread/WARN]: Received packet for unknown team _9: team action: REMOVE, player action: null
[16:31:49] [Worker-Main-5/ERROR]: Signature is missing from Property textures
[16:31:49] [Worker-Main-10/ERROR]: Signature is missing from Property textures
[16:31:49] [Worker-Main-10/ERROR]: Signature is missing from Property textures
[16:31:49] [Worker-Main-10/ERROR]: Signature is missing from Property textures
[16:31:49] [Worker-Main-8/ERROR]: Signature is missing from Property textures
[16:31:49] [Worker-Main-2/ERROR]: Signature is missing from Property textures
[16:31:49] [Worker-Main-8/ERROR]: Signature is missing from Property textures
[16:31:49] [Worker-Main-10/ERROR]: Signature is missing from Property textures
[16:31:49] [Worker-Main-2/ERROR]: Signature is missing from Property textures
[16:31:49] [Worker-Main-2/ERROR]: Signature is missing from Property textures
[16:31:49] [Worker-Main-11/ERROR]: Signature is missing from Property textures
[16:31:49] [Worker-Main-12/ERROR]: Signature is missing from Property textures
[16:31:49] [Worker-Main-12/ERROR]: Signature is missing from Property textures
[16:31:49] [Worker-Main-10/ERROR]: Signature is missing from Property textures
[16:31:49] [Worker-Main-8/ERROR]: Signature is missing from Property textures
[16:31:49] [Worker-Main-8/ERROR]: Signature is missing from Property textures
[16:31:49] [Worker-Main-8/ERROR]: Signature is missing from Property textures
[16:31:49] [Worker-Main-8/ERROR]: Signature is missing from Property textures
[16:31:49] [Worker-Main-8/ERROR]: Signature is missing from Property textures
[16:31:49] [Worker-Main-8/ERROR]: Signature is missing from Property textures
[16:31:50] [Worker-Main-10/ERROR]: Signature is missing from Property textures
[16:31:52] [Render thread/WARN]: Received packet for unknown team _11: team action: REMOVE, player action: null
[16:31:55] [Render thread/WARN]: Received packet for unknown team _30: team action: REMOVE, player action: null
[16:32:05] [Render thread/WARN]: Ignoring player info update for unknown player d730e3f1-4ec9-3007-9298-8ebb73af6055
[16:32:08] [Render thread/WARN]: Received packet for unknown team _16: team action: REMOVE, player action: null
[16:32:09] [Worker-Main-6/ERROR]: Signature is missing from Property textures
[16:32:16] [Worker-Main-12/ERROR]: Signature is missing from Property textures
[16:32:38] [Render thread/WARN]: Received packet for unknown team _3: team action: REMOVE, player action: null
[16:32:42] [Render thread/WARN]: Received packet for unknown team _17: team action: REMOVE, player action: null
[16:32:47] [Render thread/WARN]: Received packet for unknown team _24: team action: REMOVE, player action: null
[16:32:51] [Render thread/WARN]: Ignoring player info update for unknown player d730e3f1-4ec9-3007-9298-8ebb73af6055
[16:33:07] [Render thread/INFO]: Loaded 827 advancements
[16:33:07] [Render thread/INFO]: Loaded 1654 advancements
[16:33:12] [Render thread/WARN]: Received packet for unknown team _26: team action: REMOVE, player action: null
[16:33:15] [Worker-Main-7/ERROR]: Signature is missing from Property textures
[16:33:16] [Worker-Main-6/ERROR]: Signature is missing from Property textures
[16:33:16] [Worker-Main-5/ERROR]: Signature is missing from Property textures
[16:33:18] [Worker-Main-9/ERROR]: Signature is missing from Property textures
[16:33:32] [Worker-Main-12/ERROR]: Signature is missing from Property textures
[16:33:37] [Render thread/WARN]: Ignoring player info update for unknown player d730e3f1-4ec9-3007-9298-8ebb73af6055
[16:33:38] [Worker-Main-2/ERROR]: Signature is missing from Property textures
[16:33:46] [Worker-Main-9/ERROR]: Signature is missing from Property textures
[16:33:47] [Render thread/WARN]: Received packet for unknown team _18: team action: REMOVE, player action: null
[16:33:49] [Worker-Main-6/ERROR]: Signature is missing from Property textures
[16:33:59] [Render thread/INFO]: [System] [CHAT] [Info] Use "/party create" and "/party invite [name]" to create a party with friends and get bonus XP! For more information, visit wynncraft.com
[16:34:06] [Worker-Main-6/ERROR]: Signature is missing from Property textures
[16:34:07] [Render thread/WARN]: Received packet for unknown team _39: team action: REMOVE, player action: null
[16:34:08] [Render thread/WARN]: Received packet for unknown team _22: team action: REMOVE, player action: null
[16:34:17] [Worker-Main-4/ERROR]: Signature is missing from Property textures
[16:34:18] [Worker-Main-2/ERROR]: Signature is missing from Property textures
[16:34:21] [Worker-Main-5/ERROR]: Signature is missing from Property textures
[16:34:22] [Worker-Main-10/ERROR]: Signature is missing from Property textures
[16:34:22] [Render thread/WARN]: Ignoring player info update for unknown player d730e3f1-4ec9-3007-9298-8ebb73af6055
[16:34:35] [Worker-Main-11/ERROR]: Signature is missing from Property textures
[16:34:36] [Worker-Main-10/ERROR]: Signature is missing from Property textures
[16:34:36] [Worker-Main-3/ERROR]: Signature is missing from Property textures
[16:34:37] [Worker-Main-6/ERROR]: Signature is missing from Property textures
[16:34:37] [Worker-Main-6/ERROR]: Signature is missing from Property textures
[16:34:47] [Worker-Main-8/ERROR]: Signature is missing from Property textures
[16:34:54] [Render thread/INFO]: [System] [CHAT] You are not in a guild!
[16:34:54] [Render thread/INFO]: [System] [CHAT] You can join someone else's guild or make a guild in Cinfras [Lv. 75]
[16:35:07] [Render thread/WARN]: Ignoring player info update for unknown player d730e3f1-4ec9-3007-9298-8ebb73af6055
[16:35:09] [Render thread/WARN]: Received packet for unknown team _14: team action: REMOVE, player action: null
[16:35:24] [Worker-Main-5/ERROR]: Signature is missing from Property textures
[16:35:24] [Worker-Main-9/ERROR]: Signature is missing from Property textures
[16:35:24] [Worker-Main-11/ERROR]: Signature is missing from Property textures
[16:35:25] [Worker-Main-7/ERROR]: Signature is missing from Property textures
[16:35:53] [Render thread/WARN]: Ignoring player info update for unknown player d730e3f1-4ec9-3007-9298-8ebb73af6055
[16:36:11] [Worker-Main-12/ERROR]: Signature is missing from Property textures
[16:36:11] [Worker-Main-7/ERROR]: Signature is missing from Property textures
[16:36:11] [Worker-Main-11/ERROR]: Signature is missing from Property textures
[16:36:11] [Worker-Main-11/ERROR]: Signature is missing from Property textures
[16:36:23] [Worker-Main-11/ERROR]: Signature is missing from Property textures
[16:36:25] [Worker-Main-6/ERROR]: Signature is missing from Property textures
[16:36:27] [Worker-Main-9/ERROR]: Signature is missing from Property textures
[16:36:28] [Render thread/WARN]: Received packet for unknown team _10: team action: REMOVE, player action: null
[16:36:30] [Render thread/WARN]: Received packet for unknown team _15: team action: REMOVE, player action: null
[16:36:39] [Render thread/WARN]: Ignoring player info update for unknown player d730e3f1-4ec9-3007-9298-8ebb73af6055
[16:36:46] [Worker-Main-10/ERROR]: Signature is missing from Property textures
[16:36:46] [Worker-Main-5/ERROR]: Signature is missing from Property textures
[16:36:46] [Worker-Main-4/ERROR]: Signature is missing from Property textures
[16:36:47] [Worker-Main-12/ERROR]: Signature is missing from Property textures
[16:36:48] [Worker-Main-6/ERROR]: Signature is missing from Property textures
[16:36:49] [Render thread/WARN]: Duplicate entity UUID d08d2bab-7634-4adc-bb18-9cfded1984a3: bws['Horse'/1669475025, l='ClientLevel', x=-211.44, y=69.00, z=-1616.47]
[16:36:49] [Render thread/WARN]: Received passengers for unknown entity
[16:36:51] [Worker-Main-4/ERROR]: Signature is missing from Property textures
[16:36:55] [Render thread/WARN]: Received packet for unknown team _12: team action: REMOVE, player action: null
[16:37:01] [Worker-Main-6/ERROR]: Signature is missing from Property textures
[16:37:04] [Worker-Main-6/ERROR]: Signature is missing from Property textures
[16:37:04] [Worker-Main-6/ERROR]: Signature is missing from Property textures
[16:37:04] [Worker-Main-5/ERROR]: Signature is missing from Property textures
[16:37:13] [Render thread/WARN]: Received packet for unknown team _25: team action: REMOVE, player action: null
[16:37:18] [Render thread/WARN]: Duplicate entity UUID d08d2bab-7634-4adc-bb18-9cfded1984a3: bws['Horse'/1669468208, l='ClientLevel', x=-118.40, y=69.00, z=-1761.28]
[16:37:18] [Render thread/WARN]: Received passengers for unknown entity
[16:37:22] [Render thread/WARN]: Duplicate entity UUID d08d2bab-7634-4adc-bb18-9cfded1984a3: bws['Horse'/1669472668, l='ClientLevel', x=-203.13, y=68.00, z=-1840.65]
[16:37:22] [Render thread/WARN]: Received passengers for unknown entity
[16:37:24] [Render thread/WARN]: Ignoring player info update for unknown player d730e3f1-4ec9-3007-9298-8ebb73af6055
[16:37:27] [Worker-Main-9/ERROR]: Signature is missing from Property textures
[16:37:27] [Worker-Main-5/ERROR]: Signature is missing from Property textures
[16:37:27] [Worker-Main-9/ERROR]: Signature is missing from Property textures
[16:37:27] [Worker-Main-9/ERROR]: Signature is missing from Property textures
[16:37:52] [Worker-Main-10/ERROR]: Signature is missing from Property textures
[16:37:54] [Worker-Main-3/ERROR]: Signature is missing from Property textures
[16:37:54] [Worker-Main-2/ERROR]: Signature is missing from Property textures
[16:37:54] [Worker-Main-2/ERROR]: Signature is missing from Property textures
[16:37:55] [Render thread/WARN]: Unable to play unknown soundEvent: minecraft:hurt
[16:37:56] [Worker-Main-11/ERROR]: Signature is missing from Property textures
[16:37:56] [Render thread/INFO]: Villager cbh['§4[§c|||||§430§0|||||§4]'/3538337, l='ClientLevel', x=-302.41, y=67.00, z=-1835.46] died, message: '§4[§c|||||§430§0|||||§4] died'
[16:37:56] [Worker-Main-6/ERROR]: Signature is missing from Property textures
[16:37:59] [Render thread/INFO]: [System] [CHAT] You have not unlocked this spell! Unlock it using your compass.
[16:38:02] [Render thread/INFO]: Villager cbh['§4[§c|||||§440§c||§0|||§4]'/3540479, l='ClientLevel', x=-302.91, y=68.00, z=-1831.49] died, message: '§4[§c|||||§440§c||§0|||§4] died'
[16:38:10] [Render thread/WARN]: Ignoring player info update for unknown player d730e3f1-4ec9-3007-9298-8ebb73af6055
[16:38:12] [Worker-Main-12/ERROR]: Signature is missing from Property textures
[16:38:15] [Render thread/WARN]: Received packet for unknown team _38: team action: REMOVE, player action: null
[16:38:27] [Worker-Main-6/ERROR]: Signature is missing from Property textures
[16:38:36] [Worker-Main-12/ERROR]: Signature is missing from Property textures
[16:38:48] [Render thread/INFO]: Villager cbh['§4[§c|||||§822§0|||||§4]'/3565841, l='ClientLevel', x=-313.28, y=68.00, z=-1829.50] died, message: '§4[§c|||||§822§0|||||§4] died'
[16:38:53] [Render thread/WARN]: Received packet for unknown team _6: team action: REMOVE, player action: null
[16:38:55] [Render thread/WARN]: Ignoring player info update for unknown player d730e3f1-4ec9-3007-9298-8ebb73af6055
[16:38:56] [Render thread/INFO]: Reloading ResourceManager: vanilla
[16:38:56] [Worker-Main-12/INFO]: Found unifont_all_no_pua-15.0.06.hex, loading
[16:38:57] [Render thread/WARN]: Missing sound for event: minecraft:item.goat_horn.play
[16:38:57] [Render thread/WARN]: Missing sound for event: minecraft:entity.goat.screaming.horn_break
[16:38:57] [Render thread/INFO]: OpenAL initialized on device OpenAL Soft on Headphones (Realtek(R) Audio)
[16:38:57] [Render thread/INFO]: Sound engine started
[16:38:57] [Render thread/INFO]: Created: 4096x2048x0 minecraft:textures/atlas/blocks.png-atlas
[16:38:57] [Render thread/INFO]: Created: 256x256x0 minecraft:textures/atlas/signs.png-atlas
[16:38:57] [Render thread/INFO]: Created: 512x512x0 minecraft:textures/atlas/banner_patterns.png-atlas
[16:38:57] [Render thread/INFO]: Created: 512x512x0 minecraft:textures/atlas/shield_patterns.png-atlas
[16:38:57] [Render thread/INFO]: Created: 1024x1024x0 minecraft:textures/atlas/armor_trims.png-atlas
[16:38:57] [Render thread/INFO]: Created: 256x256x0 minecraft:textures/atlas/chest.png-atlas
[16:38:57] [Render thread/INFO]: Created: 128x64x0 minecraft:textures/atlas/decorated_pot.png-atlas
[16:38:57] [Render thread/INFO]: Created: 512x256x0 minecraft:textures/atlas/beds.png-atlas
[16:38:57] [Render thread/INFO]: Created: 512x256x0 minecraft:textures/atlas/shulker_boxes.png-atlas
[16:38:57] [Render thread/WARN]: Shader rendertype_entity_translucent_emissive could not find sampler named Sampler2 in the specified shader program.
[16:38:57] [Render thread/INFO]: Created: 512x256x0 minecraft:textures/atlas/particles.png-atlas
[16:38:57] [Render thread/INFO]: Created: 512x256x0 minecraft:textures/atlas/paintings.png-atlas
[16:38:57] [Render thread/INFO]: Created: 128x128x0 minecraft:textures/atlas/mob_effects.png-atlas
[16:38:57] [Render thread/INFO]: Created: 1024x512x0 minecraft:textures/atlas/gui.png-atlas
[16:39:00] [Render thread/INFO]: Stopping!
