[15:33:03] [main/INFO]: Loading Minecraft 1.20.1 with Fabric Loader 0.14.22
[15:33:03] [main/INFO]: Loading 56 mods:
	- fabric-api 0.87.0+1.20.1
	   |-- fabric-api-base 0.4.30+7abfd51577
	   |-- fabric-api-lookup-api-v1 1.6.35+4d8536c977
	   |-- fabric-biome-api-v1 13.0.10+b3afc78b77
	   |-- fabric-block-api-v1 1.0.9+e022e5d177
	   |-- fabric-blockrenderlayer-v1 1.1.40+b3afc78b77
	   |-- fabric-client-tags-api-v1 1.1.1+97bb207577
	   |-- fabric-command-api-v1 1.2.33+f71b366f77
	   |-- fabric-command-api-v2 2.2.12+b3afc78b77
	   |-- fabric-commands-v0 0.2.50+df3654b377
	   |-- fabric-containers-v0 0.1.63+df3654b377
	   |-- fabric-content-registries-v0 4.0.9+b3afc78b77
	   |-- fabric-convention-tags-v1 1.5.4+a1a980da77
	   |-- fabric-crash-report-info-v1 0.2.18+aeb40ebe77
	   |-- fabric-data-generation-api-v1 12.2.2+1e61dba177
	   |-- fabric-dimensions-v1 2.1.53+8536527b77
	   |-- fabric-entity-events-v1 1.5.22+b3afc78b77
	   |-- fabric-events-interaction-v0 0.6.1+e91849a877
	   |-- fabric-events-lifecycle-v0 0.2.62+df3654b377
	   |-- fabric-game-rule-api-v1 1.0.38+b04edc7a77
	   |-- fabric-item-api-v1 2.1.27+b3afc78b77
	   |-- fabric-item-group-api-v1 4.0.10+23d9108177
	   |-- fabric-key-binding-api-v1 1.0.36+fb8d95da77
	   |-- fabric-keybindings-v0 0.2.34+df3654b377
	   |-- fabric-lifecycle-events-v1 2.2.21+b3afc78b77
	   |-- fabric-loot-api-v2 1.1.39+b3afc78b77
	   |-- fabric-loot-tables-v1 1.1.43+9e7660c677
	   |-- fabric-message-api-v1 5.1.7+3265161977
	   |-- fabric-mining-level-api-v1 2.1.49+b3afc78b77
	   |-- fabric-model-loading-api-v1 1.0.2+709a987177
	   |-- fabric-models-v0 0.4.1+9386d8a777
	   |-- fabric-networking-api-v1 1.3.10+eeb8eb3677
	   |-- fabric-networking-v0 0.3.50+df3654b377
	   |-- fabric-object-builder-api-v1 11.1.1+6beca84877
	   |-- fabric-particles-v1 1.1.1+201a23a077
	   |-- fabric-recipe-api-v1 1.0.20+b3afc78b77
	   |-- fabric-registry-sync-v0 2.3.2+4df89eb277
	   |-- fabric-renderer-api-v1 3.1.2+6bdb2ed077
	   |-- fabric-renderer-indigo 1.4.2+6bdb2ed077
	   |-- fabric-renderer-registries-v1 3.2.45+df3654b377
	   |-- fabric-rendering-data-attachment-v1 0.3.34+b3afc78b77
	   |-- fabric-rendering-fluids-v1 3.0.27+b3afc78b77
	   |-- fabric-rendering-v0 1.1.48+df3654b377
	   |-- fabric-rendering-v1 3.0.7+b3afc78b77
	   |-- fabric-resource-conditions-api-v1 2.3.5+ea08f9d877
	   |-- fabric-resource-loader-v0 0.11.9+132c48c177
	   |-- fabric-screen-api-v1 2.0.7+b3afc78b77
	   |-- fabric-screen-handler-api-v1 1.3.29+b3afc78b77
	   |-- fabric-sound-api-v1 1.0.12+b3afc78b77
	   |-- fabric-transfer-api-v1 3.3.0+cdf060b277
	   \-- fabric-transitive-access-wideners-v1 4.3.0+6c31357e77
	- fabricloader 0.14.22
	- java 17
	- lithium 0.11.2
	- minecraft 1.20.1
	- sodium 0.5.2
[15:33:03] [main/INFO]: SpongePowered MIXIN Subsystem Version=0.8.5 Source=file:/C:/Users/Miguel%20Leyesa/AppData/Roaming/.minecraft/libraries/net/fabricmc/sponge-mixin/0.12.5+mixin.0.8.5/sponge-mixin-0.12.5+mixin.0.8.5.jar Service=Knot/Fabric Env=CLIENT
[15:33:03] [main/INFO]: Compatibility level set to JAVA_16
[15:33:03] [main/INFO]: Compatibility level set to JAVA_17
[15:33:03] [main/INFO]: Loaded configuration file for Lithium: 115 options available, 0 override(s) found
[15:33:03] [main/INFO]: Loaded configuration file for Sodium: 41 options available, 0 override(s) found
[15:33:04] [main/INFO]: Searching for graphics cards...
[15:33:04] [main/INFO]: Found graphics card: GraphicsAdapterInfo[vendor=NVIDIA, name=NVIDIA GeForce RTX 3050 Laptop GPU, version=DriverVersion=31.0.15.3640]
[15:33:04] [main/INFO]: Found graphics card: GraphicsAdapterInfo[vendor=INTEL, name=Intel(R) UHD Graphics, version=DriverVersion=27.20.100.9415]
[15:33:04] [main/WARN]: Sodium has applied one or more workarounds to prevent crashes or other issues on your system: [NVIDIA_THREADED_OPTIMIZATIONS]
[15:33:04] [main/WARN]: This is not necessarily an issue, but it may result in certain features or optimizations being disabled. You can sometimes fix these issues by upgrading your graphics driver.
[15:33:09] [Datafixer Bootstrap/INFO]: 188 Datafixer optimizations took 130 milliseconds
[15:33:11] [Render thread/INFO]: Environment: authHost='https://authserver.mojang.com', accountsHost='https://api.mojang.com', sessionHost='https://sessionserver.mojang.com', servicesHost='https://api.minecraftservices.com', name='PROD'
[15:33:12] [Render thread/INFO]: Setting user: 16thGarden
[15:33:12] [Render thread/INFO]: [Indigo] Different rendering plugin detected; not applying Indigo.
[15:33:13] [Render thread/INFO]: Backend library: LWJGL version 3.3.1 SNAPSHOT
[15:33:13] [Render thread/WARN]: Attempting to apply workarounds for the NVIDIA Graphics Driver...
[15:33:13] [Render thread/WARN]: If the game crashes immediately after this point, please make a bug report: https://github.com/CaffeineMC/sodium-fabric/issues
[15:33:13] [Render thread/INFO]: ... Successfully applied workarounds for the NVIDIA Graphics Driver!
[15:33:13] [Render thread/INFO]: OpenGL Vendor: NVIDIA Corporation
[15:33:13] [Render thread/INFO]: OpenGL Renderer: NVIDIA GeForce RTX 3050 Laptop GPU/PCIe/SSE2
[15:33:13] [Render thread/INFO]: OpenGL Version: 3.2.0 NVIDIA 536.40
[15:33:14] [Render thread/INFO]: Reloading ResourceManager: vanilla, fabric (fabric-api, fabric-api-base, fabric-api-lookup-api-v1, fabric-biome-api-v1, fabric-block-api-v1, fabric-blockrenderlayer-v1, fabric-client-tags-api-v1, fabric-command-api-v1, fabric-command-api-v2, fabric-commands-v0, fabric-containers-v0, fabric-content-registries-v0, fabric-convention-tags-v1, fabric-crash-report-info-v1, fabric-data-generation-api-v1, fabric-dimensions-v1, fabric-entity-events-v1, fabric-events-interaction-v0, fabric-events-lifecycle-v0, fabric-game-rule-api-v1, fabric-item-api-v1, fabric-item-group-api-v1, fabric-key-binding-api-v1, fabric-keybindings-v0, fabric-lifecycle-events-v1, fabric-loot-api-v2, fabric-loot-tables-v1, fabric-message-api-v1, fabric-mining-level-api-v1, fabric-model-loading-api-v1, fabric-models-v0, fabric-networking-api-v1, fabric-networking-v0, fabric-object-builder-api-v1, fabric-particles-v1, fabric-recipe-api-v1, fabric-registry-sync-v0, fabric-renderer-api-v1, fabric-renderer-indigo, fabric-renderer-registries-v1, fabric-rendering-data-attachment-v1, fabric-rendering-fluids-v1, fabric-rendering-v0, fabric-rendering-v1, fabric-resource-conditions-api-v1, fabric-resource-loader-v0, fabric-screen-api-v1, fabric-screen-handler-api-v1, fabric-sound-api-v1, fabric-transfer-api-v1, fabric-transitive-access-wideners-v1, fabricloader, lithium, sodium), file/bare-bones-1-20.zip
[15:33:14] [Worker-Main-5/INFO]: Found unifont_all_no_pua-15.0.06.hex, loading
[15:33:14] [Worker-Main-9/WARN]: Invalid frame index on sprite minecraft:block/lava_still frame 10: 10
[15:33:14] [Worker-Main-9/WARN]: Unused frames in sprite minecraft:entity/conduit/wind: [22, 23, 24, 25, 26, 27, 28, 29, 30, 31]
[15:33:14] [Worker-Main-1/WARN]: Unused frames in sprite minecraft:entity/conduit/wind_vertical: [22, 23, 24, 25, 26, 27, 28, 29, 30, 31]
[15:33:15] [Worker-Main-1/WARN]: Texture minecraft:entity/conduit/open_eye with size 8x8 limits mip level from 4 to 3
[15:33:15] [Worker-Main-1/WARN]: minecraft:textures/atlas/blocks.png: dropping miplevel from 4 to 3, because of minimum power of two: 8
[15:33:15] [Worker-Main-6/WARN]: Exception loading blockstate definition: 'minecraft:blockstates/stone.json' in resourcepack: 'file/bare-bones-1-20.zip' for variant: 'normal': Unknown blockstate property: 'normal'
[15:33:15] [Worker-Main-6/WARN]: Exception loading blockstate definition: 'minecraft:blockstates/dirt.json' in resourcepack: 'file/bare-bones-1-20.zip' for variant: 'normal': Unknown blockstate property: 'normal'
[15:33:15] [Worker-Main-6/WARN]: Exception loading blockstate definition: 'minecraft:blockstates/sand.json' in resourcepack: 'file/bare-bones-1-20.zip' for variant: 'normal': Unknown blockstate property: 'normal'
[15:33:15] [Worker-Main-6/WARN]: Exception loading blockstate definition: 'minecraft:blockstates/red_sand.json' in resourcepack: 'file/bare-bones-1-20.zip' for variant: 'normal': Unknown blockstate property: 'normal'
[15:33:15] [Worker-Main-6/WARN]: Exception loading blockstate definition: 'minecraft:blockstates/grass.json' in resourcepack: 'file/bare-bones-1-20.zip' for variant: 'normal': Unknown blockstate property: 'normal'
[15:33:15] [Worker-Main-6/WARN]: Exception loading blockstate definition: 'minecraft:blockstates/white_concrete_powder.json' in resourcepack: 'file/bare-bones-1-20.zip' for variant: 'normal': Unknown blockstate property: 'normal'
[15:33:15] [Worker-Main-6/WARN]: Exception loading blockstate definition: 'minecraft:blockstates/orange_concrete_powder.json' in resourcepack: 'file/bare-bones-1-20.zip' for variant: 'normal': Unknown blockstate property: 'normal'
[15:33:15] [Worker-Main-6/WARN]: Exception loading blockstate definition: 'minecraft:blockstates/magenta_concrete_powder.json' in resourcepack: 'file/bare-bones-1-20.zip' for variant: 'normal': Unknown blockstate property: 'normal'
[15:33:15] [Worker-Main-6/WARN]: Exception loading blockstate definition: 'minecraft:blockstates/light_blue_concrete_powder.json' in resourcepack: 'file/bare-bones-1-20.zip' for variant: 'normal': Unknown blockstate property: 'normal'
[15:33:15] [Worker-Main-6/WARN]: Exception loading blockstate definition: 'minecraft:blockstates/yellow_concrete_powder.json' in resourcepack: 'file/bare-bones-1-20.zip' for variant: 'normal': Unknown blockstate property: 'normal'
[15:33:15] [Worker-Main-6/WARN]: Exception loading blockstate definition: 'minecraft:blockstates/lime_concrete_powder.json' in resourcepack: 'file/bare-bones-1-20.zip' for variant: 'normal': Unknown blockstate property: 'normal'
[15:33:15] [Worker-Main-6/WARN]: Exception loading blockstate definition: 'minecraft:blockstates/pink_concrete_powder.json' in resourcepack: 'file/bare-bones-1-20.zip' for variant: 'normal': Unknown blockstate property: 'normal'
[15:33:15] [Worker-Main-6/WARN]: Exception loading blockstate definition: 'minecraft:blockstates/gray_concrete_powder.json' in resourcepack: 'file/bare-bones-1-20.zip' for variant: 'normal': Unknown blockstate property: 'normal'
[15:33:15] [Worker-Main-6/WARN]: Exception loading blockstate definition: 'minecraft:blockstates/cyan_concrete_powder.json' in resourcepack: 'file/bare-bones-1-20.zip' for variant: 'normal': Unknown blockstate property: 'normal'
[15:33:15] [Worker-Main-6/WARN]: Exception loading blockstate definition: 'minecraft:blockstates/purple_concrete_powder.json' in resourcepack: 'file/bare-bones-1-20.zip' for variant: 'normal': Unknown blockstate property: 'normal'
[15:33:15] [Worker-Main-6/WARN]: Exception loading blockstate definition: 'minecraft:blockstates/blue_concrete_powder.json' in resourcepack: 'file/bare-bones-1-20.zip' for variant: 'normal': Unknown blockstate property: 'normal'
[15:33:15] [Worker-Main-6/WARN]: Exception loading blockstate definition: 'minecraft:blockstates/brown_concrete_powder.json' in resourcepack: 'file/bare-bones-1-20.zip' for variant: 'normal': Unknown blockstate property: 'normal'
[15:33:15] [Worker-Main-6/WARN]: Exception loading blockstate definition: 'minecraft:blockstates/green_concrete_powder.json' in resourcepack: 'file/bare-bones-1-20.zip' for variant: 'normal': Unknown blockstate property: 'normal'
[15:33:15] [Worker-Main-6/WARN]: Exception loading blockstate definition: 'minecraft:blockstates/red_concrete_powder.json' in resourcepack: 'file/bare-bones-1-20.zip' for variant: 'normal': Unknown blockstate property: 'normal'
[15:33:15] [Worker-Main-6/WARN]: Exception loading blockstate definition: 'minecraft:blockstates/black_concrete_powder.json' in resourcepack: 'file/bare-bones-1-20.zip' for variant: 'normal': Unknown blockstate property: 'normal'
[15:33:16] [Render thread/WARN]: Missing sound for event: minecraft:item.goat_horn.play
[15:33:16] [Render thread/WARN]: Missing sound for event: minecraft:entity.goat.screaming.horn_break
[15:33:16] [Render thread/INFO]: OpenAL initialized on device OpenAL Soft on Speakers (Razer Kraken Kitty Edition)
[15:33:16] [Render thread/INFO]: Sound engine started
[15:33:16] [Render thread/INFO]: Created: 512x1024x3 minecraft:textures/atlas/blocks.png-atlas
[15:33:16] [Render thread/INFO]: Created: 256x256x4 minecraft:textures/atlas/signs.png-atlas
[15:33:16] [Render thread/INFO]: Created: 512x512x4 minecraft:textures/atlas/banner_patterns.png-atlas
[15:33:16] [Render thread/INFO]: Created: 512x512x4 minecraft:textures/atlas/shield_patterns.png-atlas
[15:33:16] [Render thread/INFO]: Created: 1024x1024x4 minecraft:textures/atlas/armor_trims.png-atlas
[15:33:16] [Render thread/INFO]: Created: 256x256x4 minecraft:textures/atlas/chest.png-atlas
[15:33:16] [Render thread/INFO]: Created: 128x64x4 minecraft:textures/atlas/decorated_pot.png-atlas
[15:33:16] [Render thread/INFO]: Created: 512x256x4 minecraft:textures/atlas/beds.png-atlas
[15:33:16] [Render thread/INFO]: Created: 512x256x4 minecraft:textures/atlas/shulker_boxes.png-atlas
[15:33:16] [Render thread/WARN]: Shader rendertype_entity_translucent_emissive could not find sampler named Sampler2 in the specified shader program.
[15:33:16] [Render thread/INFO]: Created: 256x256x0 minecraft:textures/atlas/particles.png-atlas
[15:33:16] [Render thread/INFO]: Created: 512x256x0 minecraft:textures/atlas/paintings.png-atlas
[15:33:16] [Render thread/INFO]: Created: 128x128x0 minecraft:textures/atlas/mob_effects.png-atlas
[15:33:27] [Render thread/INFO]: Loaded 7 recipes
[15:33:28] [Render thread/INFO]: Loaded 1271 advancements
[15:34:37] [Render thread/INFO]: Applied 0 biome modifications to 0 of 64 new biomes in 1.483 ms
[15:34:37] [Server thread/INFO]: Starting integrated minecraft server version 1.20.1
[15:34:37] [Server thread/INFO]: Generating keypair
[15:34:40] [Server thread/INFO]: Preparing start region for dimension minecraft:overworld
[15:34:40] [Render thread/INFO]: Preparing spawn area: 0%
[15:34:40] [Render thread/INFO]: Preparing spawn area: 0%
[15:34:41] [Render thread/INFO]: Preparing spawn area: 0%
[15:34:41] [Render thread/INFO]: Preparing spawn area: 1%
[15:34:42] [Render thread/INFO]: Preparing spawn area: 3%
[15:34:42] [Render thread/INFO]: Preparing spawn area: 6%
[15:34:43] [Render thread/INFO]: Preparing spawn area: 9%
[15:34:43] [Render thread/INFO]: Preparing spawn area: 13%
[15:34:44] [Render thread/INFO]: Preparing spawn area: 16%
[15:34:44] [Render thread/INFO]: Preparing spawn area: 20%
[15:34:45] [Render thread/INFO]: Preparing spawn area: 24%
[15:34:45] [Render thread/INFO]: Preparing spawn area: 29%
[15:34:46] [Render thread/INFO]: Preparing spawn area: 34%
[15:34:46] [Render thread/INFO]: Preparing spawn area: 37%
[15:34:47] [Render thread/INFO]: Preparing spawn area: 42%
[15:34:47] [Render thread/INFO]: Preparing spawn area: 45%
[15:34:48] [Render thread/INFO]: Preparing spawn area: 51%
[15:34:48] [Render thread/INFO]: Preparing spawn area: 56%
[15:34:49] [Render thread/INFO]: Preparing spawn area: 58%
[15:34:49] [Render thread/INFO]: Preparing spawn area: 64%
[15:34:50] [Render thread/INFO]: Preparing spawn area: 68%
[15:34:50] [Render thread/INFO]: Preparing spawn area: 72%
[15:34:51] [Render thread/INFO]: Preparing spawn area: 78%
[15:34:51] [Render thread/INFO]: Preparing spawn area: 84%
[15:34:52] [Render thread/INFO]: Preparing spawn area: 88%
[15:34:52] [Render thread/INFO]: Preparing spawn area: 93%
[15:34:53] [Render thread/INFO]: Time elapsed: 13000 ms
[15:34:53] [Server thread/INFO]: Changing view distance to 16, from 10
[15:34:53] [Server thread/INFO]: Changing simulation distance to 12, from 0
[15:34:54] [Server thread/INFO]: 16thGarden[local:E:81a546a6] logged in with entity id 222 at (-8.5, 85.0, 0.5)
[15:34:54] [Server thread/INFO]: 16thGarden joined the game
[15:34:54] [Render thread/INFO]: Started 6 worker threads
[15:34:54] [Render thread/INFO]: Loaded 2 advancements
[15:34:56] [Server thread/INFO]: Saving and pausing game...
[15:34:56] [Server thread/INFO]: Saving chunks for level 'ServerLevel[New World]'/minecraft:overworld
[15:34:56] [Server thread/INFO]: Saving chunks for level 'ServerLevel[New World]'/minecraft:the_end
[15:34:56] [Server thread/INFO]: Saving chunks for level 'ServerLevel[New World]'/minecraft:the_nether
[15:34:59] [Render thread/INFO]: Reloading ResourceManager: vanilla, fabric (fabric-api, fabric-api-base, fabric-api-lookup-api-v1, fabric-biome-api-v1, fabric-block-api-v1, fabric-blockrenderlayer-v1, fabric-client-tags-api-v1, fabric-command-api-v1, fabric-command-api-v2, fabric-commands-v0, fabric-containers-v0, fabric-content-registries-v0, fabric-convention-tags-v1, fabric-crash-report-info-v1, fabric-data-generation-api-v1, fabric-dimensions-v1, fabric-entity-events-v1, fabric-events-interaction-v0, fabric-events-lifecycle-v0, fabric-game-rule-api-v1, fabric-item-api-v1, fabric-item-group-api-v1, fabric-key-binding-api-v1, fabric-keybindings-v0, fabric-lifecycle-events-v1, fabric-loot-api-v2, fabric-loot-tables-v1, fabric-message-api-v1, fabric-mining-level-api-v1, fabric-model-loading-api-v1, fabric-models-v0, fabric-networking-api-v1, fabric-networking-v0, fabric-object-builder-api-v1, fabric-particles-v1, fabric-recipe-api-v1, fabric-registry-sync-v0, fabric-renderer-api-v1, fabric-renderer-indigo, fabric-renderer-registries-v1, fabric-rendering-data-attachment-v1, fabric-rendering-fluids-v1, fabric-rendering-v0, fabric-rendering-v1, fabric-resource-conditions-api-v1, fabric-resource-loader-v0, fabric-screen-api-v1, fabric-screen-handler-api-v1, fabric-sound-api-v1, fabric-transfer-api-v1, fabric-transitive-access-wideners-v1, fabricloader, lithium, sodium)
[15:34:59] [Worker-Main-11/INFO]: Found unifont_all_no_pua-15.0.06.hex, loading
[15:35:00] [Render thread/WARN]: Missing sound for event: minecraft:item.goat_horn.play
[15:35:00] [Render thread/WARN]: Missing sound for event: minecraft:entity.goat.screaming.horn_break
[15:35:00] [Render thread/INFO]: OpenAL initialized on device OpenAL Soft on Speakers (Razer Kraken Kitty Edition)
[15:35:00] [Render thread/INFO]: Sound engine started
[15:35:00] [Render thread/INFO]: Created: 1024x1024x4 minecraft:textures/atlas/blocks.png-atlas
[15:35:00] [Render thread/INFO]: Created: 256x256x4 minecraft:textures/atlas/signs.png-atlas
[15:35:00] [Render thread/INFO]: Created: 512x512x4 minecraft:textures/atlas/banner_patterns.png-atlas
[15:35:00] [Render thread/INFO]: Created: 512x512x4 minecraft:textures/atlas/shield_patterns.png-atlas
[15:35:00] [Render thread/INFO]: Created: 1024x1024x4 minecraft:textures/atlas/armor_trims.png-atlas
[15:35:00] [Render thread/INFO]: Created: 256x256x4 minecraft:textures/atlas/chest.png-atlas
[15:35:00] [Render thread/INFO]: Created: 128x64x4 minecraft:textures/atlas/decorated_pot.png-atlas
[15:35:00] [Render thread/INFO]: Created: 512x256x4 minecraft:textures/atlas/beds.png-atlas
[15:35:00] [Render thread/INFO]: Created: 512x256x4 minecraft:textures/atlas/shulker_boxes.png-atlas
[15:35:00] [Render thread/WARN]: Shader rendertype_entity_translucent_emissive could not find sampler named Sampler2 in the specified shader program.
[15:35:00] [Render thread/INFO]: Created: 256x256x0 minecraft:textures/atlas/particles.png-atlas
[15:35:00] [Render thread/INFO]: Created: 512x256x0 minecraft:textures/atlas/paintings.png-atlas
[15:35:00] [Render thread/INFO]: Created: 128x128x0 minecraft:textures/atlas/mob_effects.png-atlas
[15:35:00] [Render thread/INFO]: Stopping worker threads
[15:35:00] [Render thread/INFO]: Started 6 worker threads
[15:35:13] [Server thread/INFO]: [16thGarden: Set the center of the world border to 0.50, 0.50]
[15:35:13] [Render thread/INFO]: [System] [CHAT] Set the center of the world border to 0.50, 0.50
[15:35:25] [Server thread/INFO]: [16thGarden: Shrinking the world border to 192.0 block(s) wide over 100000000 second(s)]
[15:35:25] [Render thread/INFO]: [System] [CHAT] Shrinking the world border to 192.0 block(s) wide over 100000000 second(s)
[15:35:34] [Server thread/INFO]: [16thGarden: Set the world border to 192.0 block(s) wide]
[15:35:34] [Render thread/INFO]: [System] [CHAT] Set the world border to 192.0 block(s) wide
[15:35:37] [Server thread/INFO]: Saving and pausing game...
[15:35:37] [Server thread/INFO]: Saving chunks for level 'ServerLevel[New World]'/minecraft:overworld
[15:35:37] [Server thread/INFO]: Saving chunks for level 'ServerLevel[New World]'/minecraft:the_end
[15:35:37] [Server thread/INFO]: Saving chunks for level 'ServerLevel[New World]'/minecraft:the_nether
[15:35:41] [Render thread/INFO]: Using default channel type
[15:35:41] [Render thread/INFO]: Started serving on 54324
[15:35:41] [Render thread/INFO]: [System] [CHAT] Local game hosted on port [54324]
[15:35:44] [User Authenticator #1/INFO]: UUID of player JPGomdol is 61018961-61e4-4419-bf8b-17044e487000
[15:35:44] [Server thread/INFO]: JPGomdol[/192.168.254.101:52096] logged in with entity id 961 at (5.5, 87.0, 5.5)
[15:35:44] [Server thread/INFO]: JPGomdol joined the game
[15:35:44] [Render thread/INFO]: [System] [CHAT] JPGomdol joined the game
[15:36:28] [Server thread/INFO]: [16thGarden: Applied effect Saturation to 2 targets]
[15:36:28] [Render thread/INFO]: [System] [CHAT] Applied effect Saturation to 2 targets
[15:37:12] [Render thread/INFO]: Loaded 5 advancements
[15:37:20] [Render thread/INFO]: Loaded 16 advancements
[15:37:22] [Render thread/INFO]: Loaded 19 advancements
[15:37:23] [Render thread/INFO]: Loaded 26 advancements
[15:37:38] [Server thread/INFO]: 16thGarden has made the advancement [Stone Age]
[15:37:38] [Render thread/INFO]: [System] [CHAT] 16thGarden has made the advancement [Stone Age]
[15:37:38] [Render thread/INFO]: Loaded 41 advancements
[15:37:52] [Server thread/INFO]: 16thGarden has made the advancement [Getting an Upgrade]
[15:37:52] [Render thread/INFO]: [System] [CHAT] 16thGarden has made the advancement [Getting an Upgrade]
[15:37:52] [Render thread/INFO]: Loaded 45 advancements
[15:38:05] [Server thread/INFO]: [16thGarden: Applied effect Night Vision to 2 targets]
[15:38:05] [Render thread/INFO]: [System] [CHAT] Applied effect Night Vision to 2 targets
[15:38:37] [Server thread/INFO]: JPGomdol has made the advancement [Stone Age]
[15:38:37] [Render thread/INFO]: [System] [CHAT] JPGomdol has made the advancement [Stone Age]
[15:38:42] [Render thread/INFO]: Loaded 54 advancements
[15:39:07] [Render thread/INFO]: Loaded 71 advancements
[15:39:09] [Render thread/INFO]: Loaded 74 advancements
[15:39:32] [Server thread/INFO]: JPGomdol has made the advancement [Getting an Upgrade]
[15:39:32] [Render thread/INFO]: [System] [CHAT] JPGomdol has made the advancement [Getting an Upgrade]
[15:40:00] [Server thread/INFO]: JPGomdol has made the advancement [Monster Hunter]
[15:40:00] [Render thread/INFO]: [System] [CHAT] JPGomdol has made the advancement [Monster Hunter]
[15:42:09] [Render thread/WARN]: Unable to play empty soundEvent: minecraft:entity.salmon.ambient
[15:42:21] [Render thread/INFO]: Loaded 77 advancements
[15:42:37] [Render thread/INFO]: Loaded 78 advancements
[15:43:22] [Render thread/INFO]: Loaded 81 advancements
[15:43:28] [Render thread/INFO]: Loaded 90 advancements
[15:45:12] [Render thread/INFO]: Loaded 100 advancements
[15:45:16] [Render thread/INFO]: Loaded 110 advancements
[15:45:25] [Server thread/INFO]: JPGomdol has made the advancement [Acquire Hardware]
[15:45:25] [Render thread/INFO]: [System] [CHAT] JPGomdol has made the advancement [Acquire Hardware]
[15:45:42] [Server thread/INFO]: 16thGarden was killed
[15:45:42] [Server thread/INFO]: JPGomdol was killed
[15:45:42] [Server thread/INFO]: [16thGarden: Killed 2 entities]
[15:45:42] [Render thread/INFO]: [System] [CHAT] 16thGarden was killed
[15:45:42] [Render thread/INFO]: [System] [CHAT] JPGomdol was killed
[15:45:42] [Render thread/INFO]: [System] [CHAT] Killed 2 entities
[15:45:45] [Server thread/INFO]: 16thGarden was killed
[15:45:45] [Server thread/INFO]: [16thGarden: Killed 2 entities]
[15:45:45] [Render thread/INFO]: [System] [CHAT] 16thGarden was killed
[15:45:45] [Render thread/INFO]: [System] [CHAT] Killed 2 entities
[15:45:56] [Server thread/INFO]: [16thGarden: Set the time to 1000]
[15:45:56] [Render thread/INFO]: [System] [CHAT] Set the time to 1000
[15:46:04] [Server thread/INFO]: [16thGarden: Gamerule doDaylightCycle is now set to: false]
[15:46:04] [Render thread/INFO]: [System] [CHAT] Gamerule doDaylightCycle is now set to: false
[15:46:05] [Server thread/INFO]: [16thGarden: Set the time to 1000]
[15:46:05] [Render thread/INFO]: [System] [CHAT] Set the time to 1000
[15:46:27] [Server thread/INFO]: [16thGarden: Set JPGomdol's game mode to Creative Mode]
[15:46:27] [Server thread/INFO]: [16thGarden: Set own game mode to Creative Mode]
[15:46:27] [Render thread/INFO]: [System] [CHAT] Set JPGomdol's game mode to Creative Mode
[15:46:27] [Render thread/INFO]: [System] [CHAT] Set own game mode to Creative Mode
[15:46:34] [Server thread/INFO]: [16thGarden: Teleported 2 entities to 0.500000, 255.000000, 0.500000]
[15:46:34] [Render thread/INFO]: [System] [CHAT] Teleported 2 entities to 0.500000, 255.000000, 0.500000
[15:46:52] [Render thread/INFO]: Loaded 112 advancements
[15:47:10] [Server thread/INFO]: JPGomdol has made the advancement [Bring Home the Beacon]
[15:47:10] [Server thread/INFO]: 16thGarden has made the advancement [Bring Home the Beacon]
[15:47:10] [Render thread/INFO]: [System] [CHAT] JPGomdol has made the advancement [Bring Home the Beacon]
[15:47:10] [Render thread/INFO]: [System] [CHAT] 16thGarden has made the advancement [Bring Home the Beacon]
[15:47:10] [Render thread/INFO]: Loaded 118 advancements
[15:48:23] [Render thread/INFO]: Loaded 119 advancements
[15:48:35] [Server thread/INFO]: [16thGarden: Set JPGomdol's game mode to Survival Mode]
[15:48:35] [Server thread/INFO]: [16thGarden: Set own game mode to Survival Mode]
[15:48:35] [Render thread/INFO]: [System] [CHAT] Set JPGomdol's game mode to Survival Mode
[15:48:35] [Render thread/INFO]: [System] [CHAT] Set own game mode to Survival Mode
[15:48:41] [Server thread/INFO]: JPGomdol was killed
[15:48:41] [Server thread/INFO]: 16thGarden was killed
[15:48:41] [Server thread/INFO]: [16thGarden: Killed 2 entities]
[15:48:41] [Render thread/INFO]: [System] [CHAT] JPGomdol was killed
[15:48:41] [Render thread/INFO]: [System] [CHAT] 16thGarden was killed
[15:48:41] [Render thread/INFO]: [System] [CHAT] Killed 2 entities
[15:49:00] [Server thread/INFO]: [16thGarden: Gave 1 [Command Block] to 16thGarden]
[15:49:00] [Render thread/INFO]: [System] [CHAT] Gave 1 [Command Block] to 16thGarden
[15:49:07] [Server thread/INFO]: [16thGarden: Set own game mode to Creative Mode]
[15:49:07] [Render thread/INFO]: [System] [CHAT] Set own game mode to Creative Mode
[15:49:22] [Render thread/INFO]: [System] [CHAT] Command set: /effect give @a minecraft:saturation
[15:49:29] [Server thread/INFO]: [@: Applied effect Saturation to 2 targets]
[15:49:29] [Render thread/INFO]: [System] [CHAT] [@: Applied effect Saturation to 2 targets]
[15:49:35] [Server thread/INFO]: [16thGarden: Set own game mode to Survival Mode]
[15:49:35] [Render thread/INFO]: [System] [CHAT] Set own game mode to Survival Mode
[15:49:46] [Server thread/INFO]: [@: Applied effect Saturation to 2 targets]
[15:49:46] [Render thread/INFO]: [System] [CHAT] [@: Applied effect Saturation to 2 targets]
[15:51:25] [Render thread/INFO]: [System] [CHAT] [Debug]: Hitboxes: shown
[15:51:35] [Render thread/INFO]: Loaded 147 advancements
[15:51:35] [Render thread/INFO]: Loaded 150 advancements
[15:51:53] [Server thread/INFO]: [16thGarden: Set the world border to 1000.0 block(s) wide]
[15:51:53] [Render thread/INFO]: [System] [CHAT] Set the world border to 1000.0 block(s) wide
[15:52:25] [Render thread/INFO]: Loaded 157 advancements
[15:52:37] [Render thread/INFO]: Loaded 174 advancements
[15:53:00] [Render thread/INFO]: Loaded 180 advancements
[15:53:50] [Render thread/INFO]: Loaded 181 advancements
[15:53:51] [Render thread/INFO]: Loaded 184 advancements
[15:54:13] [Render thread/INFO]: Loaded 187 advancements
[15:55:15] [Render thread/INFO]: Loaded 187 advancements
[15:55:19] [Render thread/WARN]: Received passengers for unknown entity
[15:55:29] [Render thread/INFO]: Loaded 190 advancements
[15:58:16] [Render thread/INFO]: Loaded 190 advancements
[15:58:54] [Server thread/INFO]: JPGomdol was slain by Wolf
[15:58:54] [Render thread/INFO]: [System] [CHAT] JPGomdol was slain by Wolf
[15:59:06] [Render thread/WARN]: Received passengers for unknown entity
[15:59:43] [Render thread/WARN]: Received passengers for unknown entity
[16:00:53] [Server thread/INFO]: JPGomdol was slain by 16thGarden
[16:00:53] [Render thread/INFO]: [System] [CHAT] JPGomdol was slain by 16thGarden
[16:01:04] [Server thread/INFO]: JPGomdol was slain by 16thGarden
[16:01:04] [Render thread/INFO]: [System] [CHAT] JPGomdol was slain by 16thGarden
[16:01:17] [Server thread/INFO]: [@: Applied effect Saturation to 2 targets]
[16:01:17] [Render thread/INFO]: [System] [CHAT] [@: Applied effect Saturation to 2 targets]
[16:01:26] [Server thread/INFO]: 16thGarden was killed
[16:01:26] [Server thread/INFO]: JPGomdol was killed
[16:01:26] [Server thread/INFO]: [16thGarden: Killed 2 entities]
[16:01:26] [Render thread/INFO]: [System] [CHAT] 16thGarden was killed
[16:01:26] [Render thread/INFO]: [System] [CHAT] JPGomdol was killed
[16:01:26] [Render thread/INFO]: [System] [CHAT] Killed 2 entities
[16:01:27] [Server thread/INFO]: 16thGarden was killed
[16:01:27] [Server thread/INFO]: JPGomdol was killed
[16:01:27] [Server thread/INFO]: [16thGarden: Killed 2 entities]
[16:01:27] [Render thread/INFO]: [System] [CHAT] 16thGarden was killed
[16:01:27] [Render thread/INFO]: [System] [CHAT] JPGomdol was killed
[16:01:27] [Render thread/INFO]: [System] [CHAT] Killed 2 entities
[16:01:35] [Server thread/INFO]: [16thGarden: Set own game mode to Creative Mode]
[16:01:35] [Server thread/INFO]: [16thGarden: Set JPGomdol's game mode to Creative Mode]
[16:01:35] [Render thread/INFO]: [System] [CHAT] Set own game mode to Creative Mode
[16:01:35] [Render thread/INFO]: [System] [CHAT] Set JPGomdol's game mode to Creative Mode
[16:01:49] [Render thread/INFO]: Loaded 191 advancements
[16:04:11] [Server thread/INFO]: [16thGarden: Gave 1 [Command Block] to 16thGarden]
[16:04:11] [Render thread/INFO]: [System] [CHAT] Gave 1 [Command Block] to 16thGarden
[16:04:26] [Render thread/INFO]: [System] [CHAT] Command set: /gamemode creative @a
[16:04:32] [Render thread/INFO]: [System] [CHAT] Command set: /gamemode survival
[16:04:35] [Render thread/INFO]: [System] [CHAT] Command set: /gamemode survival @a
[16:04:44] [Render thread/INFO]: [System] [CHAT] Command set: /tp @a 0 100 0
[16:04:54] [Render thread/INFO]: [System] [CHAT] Command set: /tp @a 0 89 0
[16:05:06] [Render thread/INFO]: Loaded 209 advancements
[16:05:25] [Render thread/INFO]: Loaded 210 advancements
[16:05:51] [Server thread/INFO]: [@: Teleported 2 entities to 0.500000, 89.000000, 0.500000]
[16:05:51] [Server thread/INFO]: [@: Set 16thGarden's game mode to Survival Mode]
[16:05:51] [Server thread/INFO]: [@: Set JPGomdol's game mode to Survival Mode]
[16:05:51] [Render thread/INFO]: [System] [CHAT] [@: Teleported 2 entities to 0.500000, 89.000000, 0.500000]
[16:05:51] [Render thread/INFO]: [System] [CHAT] Your game mode has been updated to Survival Mode
[16:05:51] [Render thread/INFO]: [System] [CHAT] [@: Set 16thGarden's game mode to Survival Mode]
[16:05:51] [Render thread/INFO]: [System] [CHAT] [@: Set JPGomdol's game mode to Survival Mode]
[16:05:54] [Server thread/INFO]: [@: Set 16thGarden's game mode to Creative Mode]
[16:05:54] [Server thread/INFO]: [@: Set JPGomdol's game mode to Creative Mode]
[16:05:54] [Render thread/INFO]: [System] [CHAT] Your game mode has been updated to Creative Mode
[16:05:54] [Server thread/INFO]: [@: Set 16thGarden's game mode to Survival Mode]
[16:05:54] [Render thread/INFO]: [System] [CHAT] [@: Set 16thGarden's game mode to Creative Mode]
[16:05:54] [Server thread/INFO]: [@: Set JPGomdol's game mode to Survival Mode]
[16:05:54] [Render thread/INFO]: [System] [CHAT] [@: Set JPGomdol's game mode to Creative Mode]
[16:05:54] [Render thread/INFO]: [System] [CHAT] Your game mode has been updated to Survival Mode
[16:05:54] [Render thread/INFO]: [System] [CHAT] [@: Set 16thGarden's game mode to Survival Mode]
[16:05:54] [Render thread/INFO]: [System] [CHAT] [@: Set JPGomdol's game mode to Survival Mode]
[16:05:56] [Server thread/INFO]: [@: Teleported 2 entities to 0.500000, 89.000000, 0.500000]
[16:05:56] [Server thread/INFO]: [@: Set 16thGarden's game mode to Creative Mode]
[16:05:56] [Server thread/INFO]: [@: Set JPGomdol's game mode to Creative Mode]
[16:05:56] [Render thread/INFO]: [System] [CHAT] [@: Teleported 2 entities to 0.500000, 89.000000, 0.500000]
[16:05:56] [Render thread/INFO]: [System] [CHAT] Your game mode has been updated to Creative Mode
[16:05:56] [Render thread/INFO]: [System] [CHAT] [@: Set 16thGarden's game mode to Creative Mode]
[16:05:56] [Render thread/INFO]: [System] [CHAT] [@: Set JPGomdol's game mode to Creative Mode]
[16:06:00] [Render thread/INFO]: [System] [CHAT] Command set: /gamemode survival @a
[16:06:01] [Server thread/INFO]: [@: Set 16thGarden's game mode to Survival Mode]
[16:06:01] [Server thread/INFO]: [@: Set JPGomdol's game mode to Survival Mode]
[16:06:01] [Render thread/INFO]: [System] [CHAT] Your game mode has been updated to Survival Mode
[16:06:01] [Render thread/INFO]: [System] [CHAT] [@: Set 16thGarden's game mode to Survival Mode]
[16:06:01] [Render thread/INFO]: [System] [CHAT] [@: Set JPGomdol's game mode to Survival Mode]
[16:06:03] [Server thread/INFO]: [@: Set 16thGarden's game mode to Creative Mode]
[16:06:03] [Server thread/INFO]: [@: Set JPGomdol's game mode to Creative Mode]
[16:06:03] [Server thread/INFO]: [@: Set 16thGarden's game mode to Survival Mode]
[16:06:03] [Server thread/INFO]: [@: Set JPGomdol's game mode to Survival Mode]
[16:06:03] [Render thread/INFO]: [System] [CHAT] Your game mode has been updated to Creative Mode
[16:06:03] [Render thread/INFO]: [System] [CHAT] [@: Set 16thGarden's game mode to Creative Mode]
[16:06:03] [Render thread/INFO]: [System] [CHAT] [@: Set JPGomdol's game mode to Creative Mode]
[16:06:03] [Render thread/INFO]: [System] [CHAT] Your game mode has been updated to Survival Mode
[16:06:03] [Render thread/INFO]: [System] [CHAT] [@: Set 16thGarden's game mode to Survival Mode]
[16:06:03] [Render thread/INFO]: [System] [CHAT] [@: Set JPGomdol's game mode to Survival Mode]
[16:06:06] [Server thread/INFO]: [@: Teleported 2 entities to 0.500000, 89.000000, 0.500000]
[16:06:06] [Server thread/INFO]: [@: Set 16thGarden's game mode to Creative Mode]
[16:06:06] [Server thread/INFO]: [@: Set JPGomdol's game mode to Creative Mode]
[16:06:06] [Render thread/INFO]: [System] [CHAT] [@: Teleported 2 entities to 0.500000, 89.000000, 0.500000]
[16:06:06] [Render thread/INFO]: [System] [CHAT] Your game mode has been updated to Creative Mode
[16:06:06] [Render thread/INFO]: [System] [CHAT] [@: Set 16thGarden's game mode to Creative Mode]
[16:06:06] [Render thread/INFO]: [System] [CHAT] [@: Set JPGomdol's game mode to Creative Mode]
[16:06:55] [Render thread/INFO]: [System] [CHAT] Command set: /gamemode creative @a
[16:07:09] [Render thread/INFO]: [System] [CHAT] Command set: /tp @a 0 89 0
[16:07:12] [Server thread/INFO]: [@: Set 16thGarden's game mode to Survival Mode]
[16:07:12] [Server thread/INFO]: [@: Set JPGomdol's game mode to Survival Mode]
[16:07:12] [Render thread/INFO]: [System] [CHAT] Your game mode has been updated to Survival Mode
[16:07:12] [Render thread/INFO]: [System] [CHAT] [@: Set 16thGarden's game mode to Survival Mode]
[16:07:12] [Render thread/INFO]: [System] [CHAT] [@: Set JPGomdol's game mode to Survival Mode]
[16:07:13] [Server thread/INFO]: [@: Set 16thGarden's game mode to Creative Mode]
[16:07:13] [Server thread/INFO]: [@: Set JPGomdol's game mode to Creative Mode]
[16:07:13] [Render thread/INFO]: [System] [CHAT] Your game mode has been updated to Creative Mode
[16:07:13] [Render thread/INFO]: [System] [CHAT] [@: Set 16thGarden's game mode to Creative Mode]
[16:07:13] [Render thread/INFO]: [System] [CHAT] [@: Set JPGomdol's game mode to Creative Mode]
[16:07:15] [Server thread/INFO]: [@: Teleported 2 entities to 0.500000, 89.000000, 0.500000]
[16:07:15] [Render thread/INFO]: [System] [CHAT] [@: Teleported 2 entities to 0.500000, 89.000000, 0.500000]
[16:07:20] [Render thread/INFO]: [System] [CHAT] Command set: /tp @a 0 90 0
[16:07:21] [Server thread/INFO]: [@: Teleported 2 entities to 0.500000, 90.000000, 0.500000]
[16:07:21] [Render thread/INFO]: [System] [CHAT] [@: Teleported 2 entities to 0.500000, 90.000000, 0.500000]
[16:08:31] [Render thread/INFO]: [System] [CHAT] Command set: /effect give @p minecraft:saturation 300
[16:08:33] [Server thread/INFO]: [@: Applied effect Saturation to JPGomdol]
[16:08:33] [Render thread/INFO]: [System] [CHAT] [@: Applied effect Saturation to JPGomdol]
[16:08:34] [Server thread/INFO]: [@: Applied effect Saturation to JPGomdol]
[16:08:34] [Render thread/INFO]: [System] [CHAT] [@: Applied effect Saturation to JPGomdol]
[16:09:05] [Server thread/INFO]: [@: Set 16thGarden's game mode to Survival Mode]
[16:09:05] [Server thread/INFO]: [@: Set JPGomdol's game mode to Survival Mode]
[16:09:05] [Render thread/INFO]: [System] [CHAT] Your game mode has been updated to Survival Mode
[16:09:05] [Render thread/INFO]: [System] [CHAT] [@: Set 16thGarden's game mode to Survival Mode]
[16:09:05] [Render thread/INFO]: [System] [CHAT] [@: Set JPGomdol's game mode to Survival Mode]
[16:09:07] [Render thread/INFO]: [System] [CHAT] [Debug]: Hitboxes: hidden
[16:09:13] [Server thread/INFO]: [@: Teleported 2 entities to 0.500000, 90.000000, 0.500000]
[16:09:13] [Render thread/INFO]: [System] [CHAT] [@: Teleported 2 entities to 0.500000, 90.000000, 0.500000]
[16:09:15] [Server thread/INFO]: [@: Applied effect Saturation to 16thGarden]
[16:09:15] [Render thread/INFO]: [System] [CHAT] [@: Applied effect Saturation to 16thGarden]
[16:10:03] [Render thread/INFO]: Loaded 210 advancements
[16:10:05] [Render thread/INFO]: Loaded 211 advancements
[16:10:10] [Render thread/INFO]: Loaded 211 advancements
[16:10:11] [Render thread/INFO]: Loaded 211 advancements
[16:11:06] [Render thread/INFO]: Loaded 218 advancements
[16:12:08] [Server thread/INFO]: [@: Teleported 2 entities to 0.500000, 90.000000, 0.500000]
[16:12:08] [Render thread/INFO]: [System] [CHAT] [@: Teleported 2 entities to 0.500000, 90.000000, 0.500000]
[16:12:25] [Server thread/INFO]: [@: Set 16thGarden's game mode to Creative Mode]
[16:12:25] [Server thread/INFO]: [@: Set JPGomdol's game mode to Creative Mode]
[16:12:25] [Render thread/INFO]: [System] [CHAT] Your game mode has been updated to Creative Mode
[16:12:25] [Render thread/INFO]: [System] [CHAT] [@: Set 16thGarden's game mode to Creative Mode]
[16:12:25] [Render thread/INFO]: [System] [CHAT] [@: Set JPGomdol's game mode to Creative Mode]
[16:12:58] [Server thread/INFO]: [@: Set 16thGarden's game mode to Survival Mode]
[16:12:58] [Render thread/INFO]: [System] [CHAT] Your game mode has been updated to Survival Mode
[16:12:58] [Server thread/INFO]: [@: Set JPGomdol's game mode to Survival Mode]
[16:12:58] [Render thread/INFO]: [System] [CHAT] [@: Set 16thGarden's game mode to Survival Mode]
[16:12:58] [Render thread/INFO]: [System] [CHAT] [@: Set JPGomdol's game mode to Survival Mode]
[16:13:06] [Server thread/INFO]: [@: Applied effect Saturation to JPGomdol]
[16:13:06] [Render thread/INFO]: [System] [CHAT] [@: Applied effect Saturation to JPGomdol]
[16:13:12] [Server thread/INFO]: [@: Teleported 2 entities to 0.500000, 90.000000, 0.500000]
[16:13:12] [Render thread/INFO]: [System] [CHAT] [@: Teleported 2 entities to 0.500000, 90.000000, 0.500000]
[16:13:51] [Server thread/INFO]: [@: Applied effect Saturation to 16thGarden]
[16:13:51] [Render thread/INFO]: [System] [CHAT] [@: Applied effect Saturation to 16thGarden]
[16:15:30] [Render thread/INFO]: Loaded 219 advancements
[16:16:29] [Server thread/INFO]: 16thGarden has made the advancement [Monster Hunter]
[16:16:29] [Render thread/INFO]: [System] [CHAT] 16thGarden has made the advancement [Monster Hunter]
[16:16:29] [Render thread/INFO]: Loaded 222 advancements
[16:16:46] [Render thread/INFO]: Loaded 222 advancements
[16:17:46] [Render thread/INFO]: Loaded 222 advancements
[16:18:21] [Server thread/INFO]: [@: Applied effect Saturation to 16thGarden]
[16:18:21] [Render thread/INFO]: [System] [CHAT] [@: Applied effect Saturation to 16thGarden]
[16:19:01] [Server thread/INFO]: [@: Teleported 2 entities to 0.500000, 90.000000, 0.500000]
[16:19:01] [Render thread/INFO]: [System] [CHAT] [@: Teleported 2 entities to 0.500000, 90.000000, 0.500000]
[16:19:06] [Server thread/INFO]: [@: Set 16thGarden's game mode to Creative Mode]
[16:19:06] [Server thread/INFO]: [@: Set JPGomdol's game mode to Creative Mode]
[16:19:06] [Render thread/INFO]: [System] [CHAT] Your game mode has been updated to Creative Mode
[16:19:06] [Render thread/INFO]: [System] [CHAT] [@: Set 16thGarden's game mode to Creative Mode]
[16:19:06] [Render thread/INFO]: [System] [CHAT] [@: Set JPGomdol's game mode to Creative Mode]
[16:19:47] [Render thread/INFO]: [System] [CHAT] Command set: /effect give @p minecraft:saturation 300 255 true
[16:19:48] [Render thread/INFO]: [System] [CHAT] Command set: /effect give @p minecraft:saturation 300 255 true
[16:19:49] [Server thread/INFO]: [@: Applied effect Saturation to 16thGarden]
[16:19:49] [Render thread/INFO]: [System] [CHAT] [@: Applied effect Saturation to 16thGarden]
[16:19:58] [Render thread/INFO]: [System] [CHAT] Command set: /effect give @p minecraft:saturation infinite 255 true
[16:19:59] [Render thread/INFO]: [System] [CHAT] Command set: /effect give @p minecraft:saturation infinite 255 true
[16:20:00] [Server thread/INFO]: [@: Applied effect Saturation to 16thGarden]
[16:20:00] [Render thread/INFO]: [System] [CHAT] [@: Applied effect Saturation to 16thGarden]
[16:20:07] [Server thread/INFO]: [@: Applied effect Saturation to JPGomdol]
[16:20:07] [Render thread/INFO]: [System] [CHAT] [@: Applied effect Saturation to JPGomdol]
[16:20:31] [Server thread/INFO]: [@: Teleported 2 entities to 0.500000, 90.000000, 0.500000]
[16:20:31] [Render thread/INFO]: [System] [CHAT] [@: Teleported 2 entities to 0.500000, 90.000000, 0.500000]
[16:20:41] [Server thread/INFO]: [@: Teleported 2 entities to 0.500000, 90.000000, 0.500000]
[16:20:41] [Render thread/INFO]: [System] [CHAT] [@: Teleported 2 entities to 0.500000, 90.000000, 0.500000]
[16:20:44] [Server thread/INFO]: [@: Set 16thGarden's game mode to Survival Mode]
[16:20:44] [Render thread/INFO]: [System] [CHAT] Your game mode has been updated to Survival Mode
[16:20:44] [Server thread/INFO]: [@: Set JPGomdol's game mode to Survival Mode]
[16:20:44] [Render thread/INFO]: [System] [CHAT] [@: Set 16thGarden's game mode to Survival Mode]
[16:20:44] [Render thread/INFO]: [System] [CHAT] [@: Set JPGomdol's game mode to Survival Mode]
[16:20:47] [Server thread/INFO]: [@: Teleported 2 entities to 0.500000, 90.000000, 0.500000]
[16:20:47] [Render thread/INFO]: [System] [CHAT] [@: Teleported 2 entities to 0.500000, 90.000000, 0.500000]
[16:21:22] [Render thread/INFO]: [System] [CHAT] [Debug]: Hitboxes: shown
[16:23:02] [Server thread/INFO]: [@: Teleported 2 entities to 0.500000, 90.000000, 0.500000]
[16:23:02] [Render thread/INFO]: [System] [CHAT] [@: Teleported 2 entities to 0.500000, 90.000000, 0.500000]
[16:23:13] [Server thread/INFO]: [@: Set 16thGarden's game mode to Creative Mode]
[16:23:13] [Server thread/INFO]: [@: Set JPGomdol's game mode to Creative Mode]
[16:23:13] [Render thread/INFO]: [System] [CHAT] Your game mode has been updated to Creative Mode
[16:23:13] [Render thread/INFO]: [System] [CHAT] [@: Set 16thGarden's game mode to Creative Mode]
[16:23:13] [Render thread/INFO]: [System] [CHAT] [@: Set JPGomdol's game mode to Creative Mode]
[16:23:17] [Server thread/INFO]: [@: Set 16thGarden's game mode to Survival Mode]
[16:23:17] [Server thread/INFO]: [@: Set JPGomdol's game mode to Survival Mode]
[16:23:17] [Render thread/INFO]: [System] [CHAT] Your game mode has been updated to Survival Mode
[16:23:17] [Render thread/INFO]: [System] [CHAT] [@: Set 16thGarden's game mode to Survival Mode]
[16:23:17] [Render thread/INFO]: [System] [CHAT] [@: Set JPGomdol's game mode to Survival Mode]
[16:23:19] [Server thread/INFO]: [@: Set 16thGarden's game mode to Creative Mode]
[16:23:19] [Server thread/INFO]: [@: Set JPGomdol's game mode to Creative Mode]
[16:23:19] [Render thread/INFO]: [System] [CHAT] Your game mode has been updated to Creative Mode
[16:23:19] [Render thread/INFO]: [System] [CHAT] [@: Set 16thGarden's game mode to Creative Mode]
[16:23:19] [Render thread/INFO]: [System] [CHAT] [@: Set JPGomdol's game mode to Creative Mode]
[16:25:23] [Server thread/INFO]: [@: Set 16thGarden's game mode to Survival Mode]
[16:25:23] [Server thread/INFO]: [@: Set JPGomdol's game mode to Survival Mode]
[16:25:23] [Render thread/INFO]: [System] [CHAT] Your game mode has been updated to Survival Mode
[16:25:23] [Render thread/INFO]: [System] [CHAT] [@: Set 16thGarden's game mode to Survival Mode]
[16:25:23] [Render thread/INFO]: [System] [CHAT] [@: Set JPGomdol's game mode to Survival Mode]
[16:25:30] [Server thread/INFO]: [@: Teleported 2 entities to 0.500000, 90.000000, 0.500000]
[16:25:30] [Render thread/INFO]: [System] [CHAT] [@: Teleported 2 entities to 0.500000, 90.000000, 0.500000]
[16:26:15] [Server thread/INFO]: [@: Set 16thGarden's game mode to Creative Mode]
[16:26:15] [Server thread/INFO]: [@: Set JPGomdol's game mode to Creative Mode]
[16:26:15] [Render thread/INFO]: [System] [CHAT] Your game mode has been updated to Creative Mode
[16:26:15] [Render thread/INFO]: [System] [CHAT] [@: Set 16thGarden's game mode to Creative Mode]
[16:26:15] [Render thread/INFO]: [System] [CHAT] [@: Set JPGomdol's game mode to Creative Mode]
[16:26:18] [Server thread/INFO]: [@: Set 16thGarden's game mode to Survival Mode]
[16:26:18] [Server thread/INFO]: [@: Set JPGomdol's game mode to Survival Mode]
[16:26:18] [Render thread/INFO]: [System] [CHAT] Your game mode has been updated to Survival Mode
[16:26:18] [Render thread/INFO]: [System] [CHAT] [@: Set 16thGarden's game mode to Survival Mode]
[16:26:18] [Render thread/INFO]: [System] [CHAT] [@: Set JPGomdol's game mode to Survival Mode]
[16:26:19] [Server thread/INFO]: [@: Set 16thGarden's game mode to Creative Mode]
[16:26:19] [Server thread/INFO]: [@: Set JPGomdol's game mode to Creative Mode]
[16:26:19] [Render thread/INFO]: [System] [CHAT] Your game mode has been updated to Creative Mode
[16:26:19] [Render thread/INFO]: [System] [CHAT] [@: Set 16thGarden's game mode to Creative Mode]
[16:26:19] [Render thread/INFO]: [System] [CHAT] [@: Set JPGomdol's game mode to Creative Mode]
[16:27:19] [Server thread/INFO]: [@: Set 16thGarden's game mode to Survival Mode]
[16:27:19] [Server thread/INFO]: [@: Set JPGomdol's game mode to Survival Mode]
[16:27:19] [Render thread/INFO]: [System] [CHAT] Your game mode has been updated to Survival Mode
[16:27:19] [Render thread/INFO]: [System] [CHAT] [@: Set 16thGarden's game mode to Survival Mode]
[16:27:19] [Render thread/INFO]: [System] [CHAT] [@: Set JPGomdol's game mode to Survival Mode]
[16:27:21] [Server thread/INFO]: [@: Set 16thGarden's game mode to Creative Mode]
[16:27:21] [Server thread/INFO]: [@: Set JPGomdol's game mode to Creative Mode]
[16:27:21] [Render thread/INFO]: [System] [CHAT] Your game mode has been updated to Creative Mode
[16:27:21] [Render thread/INFO]: [System] [CHAT] [@: Set 16thGarden's game mode to Creative Mode]
[16:27:21] [Render thread/INFO]: [System] [CHAT] [@: Set JPGomdol's game mode to Creative Mode]
[16:27:25] [Server thread/INFO]: [@: Set 16thGarden's game mode to Survival Mode]
[16:27:25] [Server thread/INFO]: [@: Set JPGomdol's game mode to Survival Mode]
[16:27:25] [Render thread/INFO]: [System] [CHAT] Your game mode has been updated to Survival Mode
[16:27:25] [Render thread/INFO]: [System] [CHAT] [@: Set 16thGarden's game mode to Survival Mode]
[16:27:25] [Render thread/INFO]: [System] [CHAT] [@: Set JPGomdol's game mode to Survival Mode]
[16:27:27] [Server thread/INFO]: [@: Set 16thGarden's game mode to Creative Mode]
[16:27:27] [Server thread/INFO]: [@: Set JPGomdol's game mode to Creative Mode]
[16:27:27] [Render thread/INFO]: [System] [CHAT] Your game mode has been updated to Creative Mode
[16:27:27] [Render thread/INFO]: [System] [CHAT] [@: Set 16thGarden's game mode to Creative Mode]
[16:27:27] [Render thread/INFO]: [System] [CHAT] [@: Set JPGomdol's game mode to Creative Mode]
[16:27:33] [Server thread/INFO]: [@: Set 16thGarden's game mode to Survival Mode]
[16:27:33] [Server thread/INFO]: [@: Set JPGomdol's game mode to Survival Mode]
[16:27:33] [Render thread/INFO]: [System] [CHAT] Your game mode has been updated to Survival Mode
[16:27:33] [Render thread/INFO]: [System] [CHAT] [@: Set 16thGarden's game mode to Survival Mode]
[16:27:33] [Render thread/INFO]: [System] [CHAT] [@: Set JPGomdol's game mode to Survival Mode]
[16:27:35] [Server thread/INFO]: [@: Teleported 2 entities to 0.500000, 90.000000, 0.500000]
[16:27:35] [Render thread/INFO]: [System] [CHAT] [@: Teleported 2 entities to 0.500000, 90.000000, 0.500000]
[16:28:20] [Render thread/INFO]: Loaded 224 advancements
[16:29:08] [Server thread/INFO]: [@: Teleported 2 entities to 0.500000, 90.000000, 0.500000]
[16:29:08] [Render thread/INFO]: [System] [CHAT] [@: Teleported 2 entities to 0.500000, 90.000000, 0.500000]
[16:29:16] [Server thread/INFO]: [@: Set 16thGarden's game mode to Creative Mode]
[16:29:16] [Server thread/INFO]: [@: Set JPGomdol's game mode to Creative Mode]
[16:29:16] [Render thread/INFO]: [System] [CHAT] Your game mode has been updated to Creative Mode
[16:29:16] [Render thread/INFO]: [System] [CHAT] [@: Set 16thGarden's game mode to Creative Mode]
[16:29:16] [Render thread/INFO]: [System] [CHAT] [@: Set JPGomdol's game mode to Creative Mode]
[16:30:24] [Server thread/INFO]: [@: Set 16thGarden's game mode to Survival Mode]
[16:30:24] [Server thread/INFO]: [@: Set JPGomdol's game mode to Survival Mode]
[16:30:24] [Render thread/INFO]: [System] [CHAT] Your game mode has been updated to Survival Mode
[16:30:24] [Render thread/INFO]: [System] [CHAT] [@: Set 16thGarden's game mode to Survival Mode]
[16:30:24] [Render thread/INFO]: [System] [CHAT] [@: Set JPGomdol's game mode to Survival Mode]
[16:30:29] [Server thread/INFO]: [@: Teleported 2 entities to 0.500000, 90.000000, 0.500000]
[16:30:29] [Render thread/INFO]: [System] [CHAT] [@: Teleported 2 entities to 0.500000, 90.000000, 0.500000]
[16:32:14] [Render thread/INFO]: Loaded 224 advancements
[16:32:21] [Render thread/INFO]: Loaded 224 advancements
[16:32:22] [Render thread/WARN]: Unable to play empty soundEvent: minecraft:entity.tropical_fish.ambient
[16:32:30] [Render thread/WARN]: Unable to play empty soundEvent: minecraft:entity.cod.ambient
[16:34:36] [Render thread/INFO]: Loaded 233 advancements
[16:35:25] [Render thread/INFO]: [System] [CHAT] The nearest minecraft:snowy_plains is at [2446, 62, 1018] (2319 blocks away)
[16:35:25] [Server thread/INFO]: Locating element minecraft:snowy_plains took 1102 ms
[16:35:41] [Server thread/INFO]: [16thGarden: Teleported 2 entities to 0.500000, 90.000000, 0.500000]
[16:35:41] [Render thread/INFO]: [System] [CHAT] Teleported 2 entities to 0.500000, 90.000000, 0.500000
[16:35:41] [Server thread/WARN]: JPGomdol moved too quickly! -375.08079241678195,-21.176759275064242,-489.013533724227
[16:35:46] [Server thread/INFO]: [@: Set 16thGarden's game mode to Creative Mode]
[16:35:46] [Server thread/INFO]: [@: Set JPGomdol's game mode to Creative Mode]
[16:35:46] [Render thread/INFO]: [System] [CHAT] Your game mode has been updated to Creative Mode
[16:35:46] [Render thread/INFO]: [System] [CHAT] [@: Set 16thGarden's game mode to Creative Mode]
[16:35:46] [Render thread/INFO]: [System] [CHAT] [@: Set JPGomdol's game mode to Creative Mode]
[16:35:56] [Server thread/INFO]: [@: Set 16thGarden's game mode to Survival Mode]
[16:35:56] [Server thread/INFO]: [@: Set JPGomdol's game mode to Survival Mode]
[16:35:56] [Render thread/INFO]: [System] [CHAT] Your game mode has been updated to Survival Mode
[16:35:56] [Render thread/INFO]: [System] [CHAT] [@: Set 16thGarden's game mode to Survival Mode]
[16:35:56] [Render thread/INFO]: [System] [CHAT] [@: Set JPGomdol's game mode to Survival Mode]
[16:36:09] [Server thread/INFO]: [@: Set 16thGarden's game mode to Creative Mode]
[16:36:09] [Server thread/INFO]: [@: Set JPGomdol's game mode to Creative Mode]
[16:36:09] [Render thread/INFO]: [System] [CHAT] Your game mode has been updated to Creative Mode
[16:36:09] [Render thread/INFO]: [System] [CHAT] [@: Set 16thGarden's game mode to Creative Mode]
[16:36:09] [Render thread/INFO]: [System] [CHAT] [@: Set JPGomdol's game mode to Creative Mode]
[16:36:43] [Server thread/INFO]: [@: Set 16thGarden's game mode to Survival Mode]
[16:36:43] [Server thread/INFO]: [@: Set JPGomdol's game mode to Survival Mode]
[16:36:43] [Render thread/INFO]: [System] [CHAT] Your game mode has been updated to Survival Mode
[16:36:43] [Render thread/INFO]: [System] [CHAT] [@: Set 16thGarden's game mode to Survival Mode]
[16:36:43] [Render thread/INFO]: [System] [CHAT] [@: Set JPGomdol's game mode to Survival Mode]
[16:36:45] [Server thread/INFO]: [@: Teleported 2 entities to 0.500000, 90.000000, 0.500000]
[16:36:45] [Render thread/INFO]: [System] [CHAT] [@: Teleported 2 entities to 0.500000, 90.000000, 0.500000]
[16:40:23] [Render thread/INFO]: Loaded 234 advancements
[16:40:52] [Server thread/INFO]: [@: Teleported 2 entities to 0.500000, 90.000000, 0.500000]
[16:40:52] [Render thread/INFO]: [System] [CHAT] [@: Teleported 2 entities to 0.500000, 90.000000, 0.500000]
[16:40:59] [Server thread/INFO]: [@: Set 16thGarden's game mode to Creative Mode]
[16:40:59] [Server thread/INFO]: [@: Set JPGomdol's game mode to Creative Mode]
[16:40:59] [Render thread/INFO]: [System] [CHAT] Your game mode has been updated to Creative Mode
[16:40:59] [Render thread/INFO]: [System] [CHAT] [@: Set 16thGarden's game mode to Creative Mode]
[16:40:59] [Render thread/INFO]: [System] [CHAT] [@: Set JPGomdol's game mode to Creative Mode]
[16:41:18] [Server thread/INFO]: JPGomdol lost connection: Disconnected
[16:41:18] [Server thread/INFO]: JPGomdol left the game
[16:41:18] [Render thread/INFO]: [System] [CHAT] JPGomdol left the game
[16:41:21] [Server thread/INFO]: 16thGarden lost connection: Disconnected
[16:41:21] [Server thread/INFO]: 16thGarden left the game
[16:41:21] [Server thread/INFO]: Stopping singleplayer server as player logged out
[16:41:21] [Server thread/INFO]: Stopping server
[16:41:21] [Server thread/INFO]: Saving players
[16:41:21] [Server thread/INFO]: Saving worlds
[16:41:21] [Server thread/INFO]: Saving chunks for level 'ServerLevel[New World]'/minecraft:overworld
[16:41:21] [Server thread/INFO]: Saving chunks for level 'ServerLevel[New World]'/minecraft:the_end
[16:41:21] [Server thread/INFO]: Saving chunks for level 'ServerLevel[New World]'/minecraft:the_nether
[16:41:21] [Server thread/INFO]: ThreadedAnvilChunkStorage (New World): All chunks are saved
[16:41:21] [Server thread/INFO]: ThreadedAnvilChunkStorage (DIM1): All chunks are saved
[16:41:21] [Server thread/INFO]: ThreadedAnvilChunkStorage (DIM-1): All chunks are saved
[16:41:21] [Server thread/INFO]: ThreadedAnvilChunkStorage: All dimensions are saved
[16:41:21] [Render thread/INFO]: Stopping worker threads
[16:41:24] [Render thread/INFO]: Stopping!
