[19:02:10] [Datafixer Bootstrap/INFO]: 188 Datafixer optimizations took 98 milliseconds
[19:02:11] [Render thread/INFO]: Environment: authHost='https://authserver.mojang.com', accountsHost='https://api.mojang.com', sessionHost='https://sessionserver.mojang.com', servicesHost='https://api.minecraftservices.com', name='PROD'
[19:02:12] [Render thread/INFO]: Setting user: 16thGarden
[19:02:12] [Render thread/INFO]: Backend library: LWJGL version 3.3.1 build 7
[19:02:13] [Render thread/INFO]: Reloading ResourceManager: vanilla
[19:02:13] [Worker-Main-1/INFO]: Found unifont_all_no_pua-15.0.06.hex, loading
[19:02:14] [Render thread/WARN]: Missing sound for event: minecraft:item.goat_horn.play
[19:02:14] [Render thread/WARN]: Missing sound for event: minecraft:entity.goat.screaming.horn_break
[19:02:14] [Render thread/INFO]: OpenAL initialized on device OpenAL Soft on Speakers (Razer Kraken Kitty Edition)
[19:02:14] [Render thread/INFO]: Sound engine started
[19:02:14] [Render thread/INFO]: Created: 1024x512x4 minecraft:textures/atlas/blocks.png-atlas
[19:02:14] [Render thread/INFO]: Created: 256x256x4 minecraft:textures/atlas/signs.png-atlas
[19:02:14] [Render thread/INFO]: Created: 512x512x4 minecraft:textures/atlas/banner_patterns.png-atlas
[19:02:14] [Render thread/INFO]: Created: 512x512x4 minecraft:textures/atlas/shield_patterns.png-atlas
[19:02:14] [Render thread/INFO]: Created: 1024x1024x4 minecraft:textures/atlas/armor_trims.png-atlas
[19:02:14] [Render thread/INFO]: Created: 256x256x4 minecraft:textures/atlas/chest.png-atlas
[19:02:14] [Render thread/INFO]: Created: 128x64x4 minecraft:textures/atlas/decorated_pot.png-atlas
[19:02:14] [Render thread/INFO]: Created: 512x256x4 minecraft:textures/atlas/beds.png-atlas
[19:02:14] [Render thread/INFO]: Created: 512x256x4 minecraft:textures/atlas/shulker_boxes.png-atlas
[19:02:14] [Render thread/WARN]: Shader rendertype_entity_translucent_emissive could not find sampler named Sampler2 in the specified shader program.
[19:02:15] [Render thread/INFO]: Created: 256x256x0 minecraft:textures/atlas/particles.png-atlas
[19:02:15] [Render thread/INFO]: Created: 256x256x0 minecraft:textures/atlas/paintings.png-atlas
[19:02:15] [Render thread/INFO]: Created: 128x128x0 minecraft:textures/atlas/mob_effects.png-atlas
[19:04:41] [Render thread/INFO]: Stopping!
