[00:18:40] [Datafixer Bootstrap/INFO]: 192 Datafixer optimizations took 110 milliseconds
[00:18:41] [Render thread/INFO]: Environment: Environment[accountsHost=https://api.mojang.com, sessionHost=https://sessionserver.mojang.com, servicesHost=https://api.minecraftservices.com, name=PROD]
[00:18:41] [Render thread/INFO]: Setting user: 16thGarden
[00:18:41] [Render thread/WARN]: Skipping bad option: 
[00:18:41] [Render thread/ERROR]: Error parsing option value  for option Text Background Opacity: Not a boolean: ""
[00:18:41] [Render thread/INFO]: Backend library: LWJGL version 3.3.2+13
[00:18:43] [Render thread/INFO]: Reloading ResourceManager: vanilla
[00:18:43] [Worker-Main-7/INFO]: Found unifont_all_no_pua-15.0.06.hex, loading
[00:18:44] [Render thread/WARN]: Missing sound for event: minecraft:item.goat_horn.play
[00:18:44] [Render thread/WARN]: Missing sound for event: minecraft:entity.goat.screaming.horn_break
[00:18:45] [Render thread/INFO]: OpenAL initialized on device OpenAL Soft on Headphones (Realtek(R) Audio)
[00:18:45] [Render thread/INFO]: Sound engine started
[00:18:45] [Render thread/INFO]: Created: 1024x512x4 minecraft:textures/atlas/blocks.png-atlas
[00:18:45] [Render thread/INFO]: Created: 256x256x4 minecraft:textures/atlas/signs.png-atlas
[00:18:45] [Render thread/INFO]: Created: 512x512x4 minecraft:textures/atlas/banner_patterns.png-atlas
[00:18:45] [Render thread/INFO]: Created: 512x512x4 minecraft:textures/atlas/shield_patterns.png-atlas
[00:18:45] [Render thread/INFO]: Created: 1024x1024x4 minecraft:textures/atlas/armor_trims.png-atlas
[00:18:45] [Render thread/INFO]: Created: 256x256x4 minecraft:textures/atlas/chest.png-atlas
[00:18:45] [Render thread/INFO]: Created: 128x64x4 minecraft:textures/atlas/decorated_pot.png-atlas
[00:18:45] [Render thread/INFO]: Created: 512x256x4 minecraft:textures/atlas/shulker_boxes.png-atlas
[00:18:45] [Render thread/INFO]: Created: 512x256x4 minecraft:textures/atlas/beds.png-atlas
[00:18:45] [Render thread/WARN]: Shader rendertype_entity_translucent_emissive could not find sampler named Sampler2 in the specified shader program.
[00:18:45] [Render thread/INFO]: Created: 256x256x0 minecraft:textures/atlas/particles.png-atlas
[00:18:45] [Render thread/INFO]: Created: 256x256x0 minecraft:textures/atlas/paintings.png-atlas
[00:18:45] [Render thread/INFO]: Created: 128x128x0 minecraft:textures/atlas/mob_effects.png-atlas
[00:18:45] [Render thread/INFO]: Created: 1024x512x0 minecraft:textures/atlas/gui.png-atlas
[00:19:00] [Render thread/INFO]: Connecting to play.wynncraft.com, 25565
[00:19:04] [Render thread/INFO]: [System] [CHAT] Loading Resource Pack...
[00:19:04] [Render thread/INFO]: Loaded 823 advancements
[00:19:04] [Render thread/INFO]: Loaded 1650 advancements
[00:19:10] [Downloader 0/INFO]: Found file C:\Users\Miguel Leyesa\AppData\Roaming\.minecraft\server-resource-packs\762cf2f3857594f51143897c20b7de8fc7840df2 matching requested hash c6a0e8bd9b0182ac17410d79b6bca31aa52832f3
[00:19:10] [Downloader 0/INFO]: Applying server pack C:\Users\Miguel Leyesa\AppData\Roaming\.minecraft\server-resource-packs\762cf2f3857594f51143897c20b7de8fc7840df2
[00:19:10] [Render thread/INFO]: Reloading ResourceManager: vanilla, server
[00:19:10] [Worker-Main-5/INFO]: Found unifont_all_no_pua-15.0.06.hex, loading
[00:19:10] [Worker-Main-11/WARN]: Unused frames in sprite minecraft:skins/aurora/aurora_effect_2: [8]
[00:19:10] [Worker-Main-4/WARN]: Unused frames in sprite minecraft:skins/aurora/aurora_effect_3: [8]
[00:19:10] [Worker-Main-11/WARN]: Unused frames in sprite minecraft:skins/aurora/aurora_effect_4: [8]
[00:19:10] [Worker-Main-10/WARN]: Texture minecraft:wynn/shaman_totem_2 with size 24x24 limits mip level from 4 to 3
[00:19:10] [Worker-Main-10/WARN]: minecraft:textures/atlas/blocks.png: dropping miplevel from 4 to 3, because of minimum power of two: 8
[00:19:12] [Worker-Main-3/WARN]: Exception loading blockstate definition: 'minecraft:blockstates/cauldron.json' in resourcepack: 'server' for variant: 'level=1': Unknown blockstate property: 'level'
[00:19:12] [Worker-Main-3/WARN]: Exception loading blockstate definition: 'minecraft:blockstates/cauldron.json' in resourcepack: 'server' for variant: 'level=2': Unknown blockstate property: 'level'
[00:19:12] [Worker-Main-3/WARN]: Exception loading blockstate definition: 'minecraft:blockstates/cauldron.json' in resourcepack: 'server' for variant: 'level=3': Unknown blockstate property: 'level'
[00:19:12] [Worker-Main-3/WARN]: Exception loading blockstate definition: 'minecraft:blockstates/cauldron.json' in resourcepack: 'server' for variant: 'level=0': Unknown blockstate property: 'level'
[00:19:14] [Render thread/WARN]: Missing sound for event: minecraft:item.goat_horn.play
[00:19:14] [Render thread/WARN]: Missing sound for event: minecraft:entity.goat.screaming.horn_break
[00:19:14] [Render thread/INFO]: OpenAL initialized on device OpenAL Soft on Headphones (Realtek(R) Audio)
[00:19:14] [Render thread/INFO]: Sound engine started
[00:19:14] [Render thread/INFO]: Created: 4096x2048x3 minecraft:textures/atlas/blocks.png-atlas
[00:19:14] [Render thread/INFO]: Created: 256x256x4 minecraft:textures/atlas/signs.png-atlas
[00:19:14] [Render thread/INFO]: Created: 512x512x4 minecraft:textures/atlas/banner_patterns.png-atlas
[00:19:14] [Render thread/INFO]: Created: 512x512x4 minecraft:textures/atlas/shield_patterns.png-atlas
[00:19:14] [Render thread/INFO]: Created: 1024x1024x4 minecraft:textures/atlas/armor_trims.png-atlas
[00:19:14] [Render thread/INFO]: Created: 256x256x4 minecraft:textures/atlas/chest.png-atlas
[00:19:14] [Render thread/INFO]: Created: 128x64x4 minecraft:textures/atlas/decorated_pot.png-atlas
[00:19:14] [Render thread/INFO]: Created: 512x256x4 minecraft:textures/atlas/shulker_boxes.png-atlas
[00:19:14] [Render thread/INFO]: Created: 512x256x4 minecraft:textures/atlas/beds.png-atlas
[00:19:14] [Render thread/WARN]: Shader rendertype_entity_translucent_emissive could not find sampler named Sampler2 in the specified shader program.
[00:19:14] [Render thread/WARN]: Shader rendertype_armor_entity_glint could not find uniform named FogShape in the specified shader program.
[00:19:14] [Render thread/WARN]: Shader rendertype_glint_direct could not find uniform named IViewRotMat in the specified shader program.
[00:19:14] [Render thread/WARN]: Shader rendertype_glint_direct could not find uniform named FogShape in the specified shader program.
[00:19:14] [Render thread/INFO]: Created: 512x256x0 minecraft:textures/atlas/particles.png-atlas
[00:19:14] [Render thread/INFO]: Created: 512x256x0 minecraft:textures/atlas/paintings.png-atlas
[00:19:14] [Render thread/INFO]: Created: 128x128x0 minecraft:textures/atlas/mob_effects.png-atlas
[00:19:14] [Render thread/INFO]: Created: 1024x512x0 minecraft:textures/atlas/gui.png-atlas
[00:19:17] [Render thread/INFO]: [System] [CHAT] Thank you for using the WynnPack. Enjoy the game!
[00:19:17] [Render thread/INFO]: [System] [CHAT] Select a character! Each character is saved individually across all servers, you can come back at any time with /class and select another character!
[00:19:18] [Render thread/INFO]: Loaded 823 advancements
[00:19:18] [Render thread/INFO]: Loaded 1650 advancements
[00:19:35] [Render thread/INFO]: [System] [CHAT] \n                  §6§lWelcome to Wynncraft!\n            §fplay.wynncraft.com §7-/-§f wynncraft.com\n\n                §b§lFestival of the Blizzard\n            §3Complete daily and weekly objectives\n             §3to gain §bBlizzard Crates§3 for free!\n                               \n          §3The festival closes its doors in §f12 days.\n
[00:19:35] [Render thread/WARN]: Ignoring player info update for unknown player d730e3f1-4ec9-3007-9298-8ebb73af6055
[00:19:35] [Render thread/WARN]: Ignoring player info update for unknown player d730e3f1-4ec9-3007-9298-8ebb73af6055
[00:19:38] [Render thread/INFO]: [System] [CHAT] You don't have enough mana to cast that spell!
[00:19:40] [Worker-Main-3/ERROR]: Signature is missing from Property textures
[00:19:40] [Worker-Main-3/ERROR]: Signature is missing from Property textures
[00:19:49] [Render thread/INFO]: [System] [CHAT] +3 minutes speed boost.
[00:19:50] [Worker-Main-7/ERROR]: Signature is missing from Property textures
[00:19:58] [Render thread/INFO]: [System] [CHAT] You have died...
[00:19:58] [Render thread/INFO]: [System] [CHAT] 2 soul points have been lost...
[00:19:59] [Render thread/INFO]: [System] [CHAT] [You are now entering Selchar]
[00:19:59] [Render thread/WARN]: Received packet for unknown team _26: team action: REMOVE, player action: null
[00:19:59] [Render thread/WARN]: Received packet for unknown team _36: team action: REMOVE, player action: null
[00:19:59] [Render thread/WARN]: Received packet for unknown team _11: team action: REMOVE, player action: null
[00:19:59] [Render thread/WARN]: Received packet for unknown team _25: team action: REMOVE, player action: null
[00:19:59] [Render thread/WARN]: Received packet for unknown team _39: team action: REMOVE, player action: null
[00:19:59] [Worker-Main-9/ERROR]: Signature is missing from Property textures
[00:19:59] [Worker-Main-5/ERROR]: Signature is missing from Property textures
[00:19:59] [Worker-Main-11/ERROR]: Signature is missing from Property textures
[00:19:59] [Worker-Main-11/ERROR]: Signature is missing from Property textures
[00:19:59] [Worker-Main-11/ERROR]: Signature is missing from Property textures
[00:19:59] [Worker-Main-11/ERROR]: Signature is missing from Property textures
[00:19:59] [Worker-Main-11/ERROR]: Signature is missing from Property textures
[00:20:01] [Worker-Main-2/ERROR]: Signature is missing from Property textures
[00:20:01] [Worker-Main-9/ERROR]: Signature is missing from Property textures
[00:20:01] [Worker-Main-12/ERROR]: Signature is missing from Property textures
[00:20:02] [Render thread/WARN]: Ignoring player info update for unknown player d730e3f1-4ec9-3007-9298-8ebb73af6055
[00:20:06] [Render thread/INFO]: [System] [CHAT] +3 minutes speed boost.
[00:20:07] [Worker-Main-12/ERROR]: Signature is missing from Property textures
[00:20:24] [Render thread/INFO]: [System] [CHAT] [You are now leaving Selchar]
[00:20:26] [Render thread/WARN]: Received packet for unknown team _9: team action: REMOVE, player action: null
[00:20:48] [Render thread/WARN]: Ignoring player info update for unknown player d730e3f1-4ec9-3007-9298-8ebb73af6055
[00:21:16] [Worker-Main-12/ERROR]: Signature is missing from Property textures
[00:21:16] [Worker-Main-11/ERROR]: Signature is missing from Property textures
[00:21:16] [Worker-Main-2/ERROR]: Signature is missing from Property textures
[00:21:18] [Worker-Main-8/ERROR]: Signature is missing from Property textures
[00:21:18] [Worker-Main-2/ERROR]: Signature is missing from Property textures
[00:21:18] [Worker-Main-7/ERROR]: Signature is missing from Property textures
[00:21:19] [Worker-Main-2/ERROR]: Signature is missing from Property textures
[00:21:33] [Render thread/WARN]: Ignoring player info update for unknown player d730e3f1-4ec9-3007-9298-8ebb73af6055
[00:21:38] [Worker-Main-4/ERROR]: Signature is missing from Property textures
[00:21:43] [Worker-Main-11/ERROR]: Signature is missing from Property textures
[00:21:43] [Worker-Main-10/ERROR]: Signature is missing from Property textures
[00:21:44] [Worker-Main-2/ERROR]: Signature is missing from Property textures
[00:21:44] [Worker-Main-3/ERROR]: Signature is missing from Property textures
[00:22:04] [Render thread/INFO]: Reloading ResourceManager: vanilla
[00:22:04] [Worker-Main-5/INFO]: Found unifont_all_no_pua-15.0.06.hex, loading
[00:22:05] [Render thread/WARN]: Missing sound for event: minecraft:item.goat_horn.play
[00:22:05] [Render thread/WARN]: Missing sound for event: minecraft:entity.goat.screaming.horn_break
[00:22:05] [Render thread/INFO]: OpenAL initialized on device OpenAL Soft on Headphones (Realtek(R) Audio)
[00:22:05] [Render thread/INFO]: Sound engine started
[00:22:05] [Render thread/INFO]: Created: 4096x2048x4 minecraft:textures/atlas/blocks.png-atlas
[00:22:05] [Render thread/INFO]: Created: 256x256x4 minecraft:textures/atlas/signs.png-atlas
[00:22:05] [Render thread/INFO]: Created: 512x512x4 minecraft:textures/atlas/banner_patterns.png-atlas
[00:22:05] [Render thread/INFO]: Created: 512x512x4 minecraft:textures/atlas/shield_patterns.png-atlas
[00:22:05] [Render thread/INFO]: Created: 1024x1024x4 minecraft:textures/atlas/armor_trims.png-atlas
[00:22:05] [Render thread/INFO]: Created: 256x256x4 minecraft:textures/atlas/chest.png-atlas
[00:22:05] [Render thread/INFO]: Created: 128x64x4 minecraft:textures/atlas/decorated_pot.png-atlas
[00:22:05] [Render thread/INFO]: Created: 512x256x4 minecraft:textures/atlas/shulker_boxes.png-atlas
[00:22:05] [Render thread/INFO]: Created: 512x256x4 minecraft:textures/atlas/beds.png-atlas
[00:22:05] [Render thread/WARN]: Shader rendertype_entity_translucent_emissive could not find sampler named Sampler2 in the specified shader program.
[00:22:05] [Render thread/INFO]: Created: 512x256x0 minecraft:textures/atlas/particles.png-atlas
[00:22:05] [Render thread/INFO]: Created: 512x256x0 minecraft:textures/atlas/paintings.png-atlas
[00:22:05] [Render thread/INFO]: Created: 128x128x0 minecraft:textures/atlas/mob_effects.png-atlas
[00:22:05] [Render thread/INFO]: Created: 1024x512x0 minecraft:textures/atlas/gui.png-atlas
[00:22:08] [Render thread/INFO]: Stopping!
