[00:25:29] [main/INFO]: Loading Minecraft 1.20.1 with Fabric Loader 0.14.22
[00:25:29] [main/INFO]: Loading 56 mods:
	- fabric-api 0.87.0+1.20.1
	   |-- fabric-api-base 0.4.30+7abfd51577
	   |-- fabric-api-lookup-api-v1 1.6.35+4d8536c977
	   |-- fabric-biome-api-v1 13.0.10+b3afc78b77
	   |-- fabric-block-api-v1 1.0.9+e022e5d177
	   |-- fabric-blockrenderlayer-v1 1.1.40+b3afc78b77
	   |-- fabric-client-tags-api-v1 1.1.1+97bb207577
	   |-- fabric-command-api-v1 1.2.33+f71b366f77
	   |-- fabric-command-api-v2 2.2.12+b3afc78b77
	   |-- fabric-commands-v0 0.2.50+df3654b377
	   |-- fabric-containers-v0 0.1.63+df3654b377
	   |-- fabric-content-registries-v0 4.0.9+b3afc78b77
	   |-- fabric-convention-tags-v1 1.5.4+a1a980da77
	   |-- fabric-crash-report-info-v1 0.2.18+aeb40ebe77
	   |-- fabric-data-generation-api-v1 12.2.2+1e61dba177
	   |-- fabric-dimensions-v1 2.1.53+8536527b77
	   |-- fabric-entity-events-v1 1.5.22+b3afc78b77
	   |-- fabric-events-interaction-v0 0.6.1+e91849a877
	   |-- fabric-events-lifecycle-v0 0.2.62+df3654b377
	   |-- fabric-game-rule-api-v1 1.0.38+b04edc7a77
	   |-- fabric-item-api-v1 2.1.27+b3afc78b77
	   |-- fabric-item-group-api-v1 4.0.10+23d9108177
	   |-- fabric-key-binding-api-v1 1.0.36+fb8d95da77
	   |-- fabric-keybindings-v0 0.2.34+df3654b377
	   |-- fabric-lifecycle-events-v1 2.2.21+b3afc78b77
	   |-- fabric-loot-api-v2 1.1.39+b3afc78b77
	   |-- fabric-loot-tables-v1 1.1.43+9e7660c677
	   |-- fabric-message-api-v1 5.1.7+3265161977
	   |-- fabric-mining-level-api-v1 2.1.49+b3afc78b77
	   |-- fabric-model-loading-api-v1 1.0.2+709a987177
	   |-- fabric-models-v0 0.4.1+9386d8a777
	   |-- fabric-networking-api-v1 1.3.10+eeb8eb3677
	   |-- fabric-networking-v0 0.3.50+df3654b377
	   |-- fabric-object-builder-api-v1 11.1.1+6beca84877
	   |-- fabric-particles-v1 1.1.1+201a23a077
	   |-- fabric-recipe-api-v1 1.0.20+b3afc78b77
	   |-- fabric-registry-sync-v0 2.3.2+4df89eb277
	   |-- fabric-renderer-api-v1 3.1.2+6bdb2ed077
	   |-- fabric-renderer-indigo 1.4.2+6bdb2ed077
	   |-- fabric-renderer-registries-v1 3.2.45+df3654b377
	   |-- fabric-rendering-data-attachment-v1 0.3.34+b3afc78b77
	   |-- fabric-rendering-fluids-v1 3.0.27+b3afc78b77
	   |-- fabric-rendering-v0 1.1.48+df3654b377
	   |-- fabric-rendering-v1 3.0.7+b3afc78b77
	   |-- fabric-resource-conditions-api-v1 2.3.5+ea08f9d877
	   |-- fabric-resource-loader-v0 0.11.9+132c48c177
	   |-- fabric-screen-api-v1 2.0.7+b3afc78b77
	   |-- fabric-screen-handler-api-v1 1.3.29+b3afc78b77
	   |-- fabric-sound-api-v1 1.0.12+b3afc78b77
	   |-- fabric-transfer-api-v1 3.3.0+cdf060b277
	   \-- fabric-transitive-access-wideners-v1 4.3.0+6c31357e77
	- fabricloader 0.14.22
	- java 17
	- lithium 0.11.2
	- minecraft 1.20.1
	- sodium 0.5.2
[00:25:29] [main/INFO]: SpongePowered MIXIN Subsystem Version=0.8.5 Source=file:/C:/Users/Miguel%20Leyesa/AppData/Roaming/.minecraft/libraries/net/fabricmc/sponge-mixin/0.12.5+mixin.0.8.5/sponge-mixin-0.12.5+mixin.0.8.5.jar Service=Knot/Fabric Env=CLIENT
[00:25:29] [main/INFO]: Compatibility level set to JAVA_16
[00:25:29] [main/INFO]: Compatibility level set to JAVA_17
[00:25:29] [main/INFO]: Loaded configuration file for Lithium: 115 options available, 0 override(s) found
[00:25:29] [main/INFO]: Loaded configuration file for Sodium: 41 options available, 0 override(s) found
[00:25:30] [main/INFO]: Searching for graphics cards...
[00:25:30] [main/INFO]: Found graphics card: GraphicsAdapterInfo[vendor=NVIDIA, name=NVIDIA GeForce RTX 3050 Laptop GPU, version=DriverVersion=31.0.15.3640]
[00:25:30] [main/INFO]: Found graphics card: GraphicsAdapterInfo[vendor=INTEL, name=Intel(R) UHD Graphics, version=DriverVersion=27.20.100.9415]
[00:25:30] [main/WARN]: Sodium has applied one or more workarounds to prevent crashes or other issues on your system: [NVIDIA_THREADED_OPTIMIZATIONS]
[00:25:30] [main/WARN]: This is not necessarily an issue, but it may result in certain features or optimizations being disabled. You can sometimes fix these issues by upgrading your graphics driver.
[00:25:35] [Datafixer Bootstrap/INFO]: 188 Datafixer optimizations took 115 milliseconds
[00:25:37] [Render thread/INFO]: Environment: authHost='https://authserver.mojang.com', accountsHost='https://api.mojang.com', sessionHost='https://sessionserver.mojang.com', servicesHost='https://api.minecraftservices.com', name='PROD'
[00:25:37] [Render thread/INFO]: Setting user: 16thGarden
[00:25:38] [Render thread/INFO]: [Indigo] Different rendering plugin detected; not applying Indigo.
[00:25:38] [Render thread/INFO]: Backend library: LWJGL version 3.3.1 SNAPSHOT
[00:25:38] [Render thread/WARN]: Attempting to apply workarounds for the NVIDIA Graphics Driver...
[00:25:38] [Render thread/WARN]: If the game crashes immediately after this point, please make a bug report: https://github.com/CaffeineMC/sodium-fabric/issues
[00:25:38] [Render thread/INFO]: ... Successfully applied workarounds for the NVIDIA Graphics Driver!
[00:25:38] [Render thread/INFO]: OpenGL Vendor: NVIDIA Corporation
[00:25:38] [Render thread/INFO]: OpenGL Renderer: NVIDIA GeForce RTX 3050 Laptop GPU/PCIe/SSE2
[00:25:38] [Render thread/INFO]: OpenGL Version: 3.2.0 NVIDIA 536.40
[00:25:39] [Render thread/INFO]: Reloading ResourceManager: vanilla, fabric (fabric-api, fabric-api-base, fabric-api-lookup-api-v1, fabric-biome-api-v1, fabric-block-api-v1, fabric-blockrenderlayer-v1, fabric-client-tags-api-v1, fabric-command-api-v1, fabric-command-api-v2, fabric-commands-v0, fabric-containers-v0, fabric-content-registries-v0, fabric-convention-tags-v1, fabric-crash-report-info-v1, fabric-data-generation-api-v1, fabric-dimensions-v1, fabric-entity-events-v1, fabric-events-interaction-v0, fabric-events-lifecycle-v0, fabric-game-rule-api-v1, fabric-item-api-v1, fabric-item-group-api-v1, fabric-key-binding-api-v1, fabric-keybindings-v0, fabric-lifecycle-events-v1, fabric-loot-api-v2, fabric-loot-tables-v1, fabric-message-api-v1, fabric-mining-level-api-v1, fabric-model-loading-api-v1, fabric-models-v0, fabric-networking-api-v1, fabric-networking-v0, fabric-object-builder-api-v1, fabric-particles-v1, fabric-recipe-api-v1, fabric-registry-sync-v0, fabric-renderer-api-v1, fabric-renderer-indigo, fabric-renderer-registries-v1, fabric-rendering-data-attachment-v1, fabric-rendering-fluids-v1, fabric-rendering-v0, fabric-rendering-v1, fabric-resource-conditions-api-v1, fabric-resource-loader-v0, fabric-screen-api-v1, fabric-screen-handler-api-v1, fabric-sound-api-v1, fabric-transfer-api-v1, fabric-transitive-access-wideners-v1, fabricloader, lithium, sodium)
[00:25:39] [Worker-Main-8/INFO]: Found unifont_all_no_pua-15.0.06.hex, loading
[00:25:41] [Render thread/WARN]: Missing sound for event: minecraft:item.goat_horn.play
[00:25:41] [Render thread/WARN]: Missing sound for event: minecraft:entity.goat.screaming.horn_break
[00:25:41] [Render thread/INFO]: OpenAL initialized on device OpenAL Soft on Speakers (Razer Kraken Kitty Edition)
[00:25:41] [Render thread/INFO]: Sound engine started
[00:25:41] [Render thread/INFO]: Created: 1024x512x4 minecraft:textures/atlas/blocks.png-atlas
[00:25:41] [Render thread/INFO]: Created: 256x256x4 minecraft:textures/atlas/signs.png-atlas
[00:25:41] [Render thread/INFO]: Created: 512x512x4 minecraft:textures/atlas/shield_patterns.png-atlas
[00:25:41] [Render thread/INFO]: Created: 512x512x4 minecraft:textures/atlas/banner_patterns.png-atlas
[00:25:41] [Render thread/INFO]: Created: 1024x1024x4 minecraft:textures/atlas/armor_trims.png-atlas
[00:25:41] [Render thread/INFO]: Created: 128x64x4 minecraft:textures/atlas/decorated_pot.png-atlas
[00:25:41] [Render thread/INFO]: Created: 256x256x4 minecraft:textures/atlas/chest.png-atlas
[00:25:41] [Render thread/INFO]: Created: 512x256x4 minecraft:textures/atlas/shulker_boxes.png-atlas
[00:25:41] [Render thread/INFO]: Created: 512x256x4 minecraft:textures/atlas/beds.png-atlas
[00:25:41] [Render thread/WARN]: Shader rendertype_entity_translucent_emissive could not find sampler named Sampler2 in the specified shader program.
[00:25:41] [Render thread/INFO]: Created: 256x256x0 minecraft:textures/atlas/particles.png-atlas
[00:25:41] [Render thread/INFO]: Created: 256x256x0 minecraft:textures/atlas/paintings.png-atlas
[00:25:41] [Render thread/INFO]: Created: 128x128x0 minecraft:textures/atlas/mob_effects.png-atlas
[00:25:47] [Render thread/WARN]: Missing data pack Fabric Mods
[00:25:47] [Render thread/INFO]: Found new data pack fabric, loading it automatically
[00:25:48] [Render thread/INFO]: Loaded 7 recipes
[00:25:48] [Render thread/INFO]: Loaded 1271 advancements
[00:25:48] [Render thread/INFO]: Applied 0 biome modifications to 0 of 64 new biomes in 1.302 ms
[00:25:48] [Server thread/INFO]: Starting integrated minecraft server version 1.20.1
[00:25:48] [Server thread/INFO]: Generating keypair
[00:25:49] [Server thread/INFO]: Preparing start region for dimension minecraft:overworld
[00:25:52] [Render thread/INFO]: Preparing spawn area: 0%
[00:25:52] [Render thread/INFO]: Preparing spawn area: 0%
[00:25:52] [Render thread/INFO]: Preparing spawn area: 0%
[00:25:52] [Render thread/INFO]: Preparing spawn area: 0%
[00:25:52] [Render thread/INFO]: Preparing spawn area: 0%
[00:25:52] [Render thread/INFO]: Preparing spawn area: 0%
[00:25:52] [Render thread/INFO]: Preparing spawn area: 0%
[00:25:53] [Render thread/INFO]: Preparing spawn area: 0%
[00:25:53] [Render thread/INFO]: Preparing spawn area: 0%
[00:25:54] [Render thread/INFO]: Preparing spawn area: 0%
[00:25:54] [Render thread/INFO]: Preparing spawn area: 0%
[00:25:55] [Render thread/INFO]: Preparing spawn area: 0%
[00:25:56] [Render thread/INFO]: Preparing spawn area: 0%
[00:25:56] [Render thread/INFO]: Preparing spawn area: 0%
[00:25:56] [Render thread/INFO]: Preparing spawn area: 0%
[00:25:57] [Render thread/INFO]: Preparing spawn area: 0%
[00:25:57] [Render thread/INFO]: Preparing spawn area: 1%
[00:25:58] [Render thread/INFO]: Preparing spawn area: 4%
[00:25:58] [Render thread/INFO]: Preparing spawn area: 9%
[00:25:59] [Render thread/INFO]: Preparing spawn area: 15%
[00:25:59] [Render thread/INFO]: Preparing spawn area: 19%
[00:26:00] [Render thread/INFO]: Preparing spawn area: 21%
[00:26:00] [Render thread/INFO]: Preparing spawn area: 27%
[00:26:01] [Render thread/INFO]: Preparing spawn area: 34%
[00:26:01] [Render thread/INFO]: Preparing spawn area: 42%
[00:26:02] [Render thread/INFO]: Preparing spawn area: 48%
[00:26:02] [Render thread/INFO]: Preparing spawn area: 54%
[00:26:03] [Render thread/INFO]: Preparing spawn area: 60%
[00:26:03] [Render thread/INFO]: Preparing spawn area: 68%
[00:26:04] [Render thread/INFO]: Preparing spawn area: 75%
[00:26:04] [Render thread/INFO]: Preparing spawn area: 81%
[00:26:05] [Render thread/INFO]: Preparing spawn area: 88%
[00:26:05] [Render thread/INFO]: Preparing spawn area: 94%
[00:26:06] [Render thread/INFO]: Time elapsed: 16292 ms
[00:26:06] [Server thread/INFO]: Changing view distance to 16, from 10
[00:26:06] [Server thread/INFO]: Changing simulation distance to 12, from 0
[00:26:06] [Server thread/ERROR]: Tried to load unrecognized recipe: minecraft:purple_carpet_from_white_carpet removed now.
[00:26:06] [Server thread/ERROR]: Tried to load unrecognized recipe: minecraft:lime_carpet_from_white_carpet removed now.
[00:26:06] [Server thread/ERROR]: Tried to load unrecognized recipe: minecraft:light_blue_carpet_from_white_carpet removed now.
[00:26:06] [Server thread/ERROR]: Tried to load unrecognized recipe: minecraft:light_gray_carpet_from_white_carpet removed now.
[00:26:06] [Server thread/ERROR]: Tried to load unrecognized recipe: minecraft:brown_carpet_from_white_carpet removed now.
[00:26:06] [Server thread/ERROR]: Tried to load unrecognized recipe: minecraft:green_carpet_from_white_carpet removed now.
[00:26:06] [Server thread/ERROR]: Tried to load unrecognized recipe: minecraft:yellow_carpet_from_white_carpet removed now.
[00:26:06] [Server thread/ERROR]: Tried to load unrecognized recipe: minecraft:orange_carpet_from_white_carpet removed now.
[00:26:06] [Server thread/ERROR]: Tried to load unrecognized recipe: minecraft:blue_carpet_from_white_carpet removed now.
[00:26:06] [Server thread/ERROR]: Tried to load unrecognized recipe: minecraft:magenta_carpet_from_white_carpet removed now.
[00:26:06] [Server thread/ERROR]: Tried to load unrecognized recipe: minecraft:gray_carpet_from_white_carpet removed now.
[00:26:06] [Server thread/ERROR]: Tried to load unrecognized recipe: minecraft:pink_carpet_from_white_carpet removed now.
[00:26:06] [Server thread/ERROR]: Tried to load unrecognized recipe: minecraft:black_carpet_from_white_carpet removed now.
[00:26:06] [Server thread/ERROR]: Tried to load unrecognized recipe: minecraft:red_carpet_from_white_carpet removed now.
[00:26:06] [Server thread/ERROR]: Tried to load unrecognized recipe: minecraft:cyan_carpet_from_white_carpet removed now.
[00:26:06] [Server thread/ERROR]: Tried to load unrecognized recipe: minecraft:purple_carpet_from_white_carpet removed now.
[00:26:06] [Server thread/ERROR]: Tried to load unrecognized recipe: minecraft:lime_carpet_from_white_carpet removed now.
[00:26:06] [Server thread/ERROR]: Tried to load unrecognized recipe: minecraft:light_blue_carpet_from_white_carpet removed now.
[00:26:06] [Server thread/ERROR]: Tried to load unrecognized recipe: minecraft:light_gray_carpet_from_white_carpet removed now.
[00:26:06] [Server thread/ERROR]: Tried to load unrecognized recipe: minecraft:brown_carpet_from_white_carpet removed now.
[00:26:06] [Server thread/ERROR]: Tried to load unrecognized recipe: minecraft:green_carpet_from_white_carpet removed now.
[00:26:06] [Server thread/ERROR]: Tried to load unrecognized recipe: minecraft:yellow_carpet_from_white_carpet removed now.
[00:26:06] [Server thread/ERROR]: Tried to load unrecognized recipe: minecraft:orange_carpet_from_white_carpet removed now.
[00:26:06] [Server thread/ERROR]: Tried to load unrecognized recipe: minecraft:blue_carpet_from_white_carpet removed now.
[00:26:06] [Server thread/ERROR]: Tried to load unrecognized recipe: minecraft:magenta_carpet_from_white_carpet removed now.
[00:26:06] [Server thread/ERROR]: Tried to load unrecognized recipe: minecraft:gray_carpet_from_white_carpet removed now.
[00:26:06] [Server thread/ERROR]: Tried to load unrecognized recipe: minecraft:pink_carpet_from_white_carpet removed now.
[00:26:06] [Server thread/ERROR]: Tried to load unrecognized recipe: minecraft:black_carpet_from_white_carpet removed now.
[00:26:06] [Server thread/ERROR]: Tried to load unrecognized recipe: minecraft:red_carpet_from_white_carpet removed now.
[00:26:06] [Server thread/ERROR]: Tried to load unrecognized recipe: minecraft:cyan_carpet_from_white_carpet removed now.
[00:26:06] [Server thread/INFO]: 16thGarden[local:E:8cf0ce28] logged in with entity id 65 at (129.78188889714318, 68.0, -3.9488872420950982)
[00:26:06] [Server thread/INFO]: 16thGarden joined the game
[00:26:06] [Render thread/INFO]: Started 6 worker threads
[00:26:07] [Render thread/INFO]: Loaded 2 advancements
[00:26:52] [Render thread/INFO]: Loaded 13 advancements
[00:27:03] [Render thread/INFO]: Loaded 14 advancements
[00:27:54] [Server thread/INFO]: Saving and pausing game...
[00:27:54] [Server thread/INFO]: Saving chunks for level 'ServerLevel[Chess]'/minecraft:overworld
[00:27:54] [Server thread/INFO]: Saving chunks for level 'ServerLevel[Chess]'/minecraft:the_end
[00:27:54] [Server thread/INFO]: Saving chunks for level 'ServerLevel[Chess]'/minecraft:the_nether
[00:27:55] [Server thread/INFO]: 16thGarden lost connection: Disconnected
[00:27:55] [Server thread/INFO]: 16thGarden left the game
[00:27:55] [Server thread/INFO]: Stopping singleplayer server as player logged out
[00:27:55] [Server thread/INFO]: Stopping server
[00:27:55] [Server thread/INFO]: Saving players
[00:27:55] [Server thread/INFO]: Saving worlds
[00:27:55] [Server thread/INFO]: Saving chunks for level 'ServerLevel[Chess]'/minecraft:overworld
[00:27:57] [Server thread/INFO]: Saving chunks for level 'ServerLevel[Chess]'/minecraft:the_end
[00:27:57] [Server thread/INFO]: Saving chunks for level 'ServerLevel[Chess]'/minecraft:the_nether
[00:27:57] [Server thread/INFO]: ThreadedAnvilChunkStorage (Chess): All chunks are saved
[00:27:57] [Server thread/INFO]: ThreadedAnvilChunkStorage (DIM1): All chunks are saved
[00:27:57] [Server thread/INFO]: ThreadedAnvilChunkStorage (DIM-1): All chunks are saved
[00:27:57] [Server thread/INFO]: ThreadedAnvilChunkStorage: All dimensions are saved
[00:27:57] [Render thread/INFO]: Stopping worker threads
[00:27:57] [Render thread/INFO]: Stopping!
