[13:15:36] [main/INFO]: Loading Minecraft 1.20.4 with Fabric Loader 0.15.7
[13:15:36] [main/INFO]: Loading 69 mods:
	- advanced-xray-fabric 84.0.0
	- appleskin 2.5.1+mc1.20.3
	   \-- cloth-config 13.0.114
	        \-- cloth-basic-math 0.6.1
	- entityculling 1.6.3.1
	- essential-container 1.0.0
	   \-- essential-loader 1.2.1
	- fabric-api 0.96.4+1.20.4
	   |-- fabric-api-base 0.4.36+78d798af4f
	   |-- fabric-api-lookup-api-v1 1.6.49+82b1bb3e4f
	   |-- fabric-biome-api-v1 13.0.16+78d798af4f
	   |-- fabric-block-api-v1 1.0.16+3e2216cb4f
	   |-- fabric-block-view-api-v2 1.0.4+78d798af4f
	   |-- fabric-blockrenderlayer-v1 1.1.46+78d798af4f
	   |-- fabric-client-tags-api-v1 1.1.7+78d798af4f
	   |-- fabric-command-api-v1 1.2.41+f71b366f4f
	   |-- fabric-command-api-v2 2.2.20+78d798af4f
	   |-- fabric-commands-v0 0.2.58+df3654b34f
	   |-- fabric-containers-v0 0.1.86+df3654b34f
	   |-- fabric-content-registries-v0 5.0.14+78d798af4f
	   |-- fabric-convention-tags-v1 1.5.10+78d798af4f
	   |-- fabric-crash-report-info-v1 0.2.23+78d798af4f
	   |-- fabric-data-attachment-api-v1 1.1.3+b90db5744f
	   |-- fabric-data-generation-api-v1 13.2.3+5c0133444f
	   |-- fabric-dimensions-v1 2.1.61+78d798af4f
	   |-- fabric-entity-events-v1 1.6.1+09fc25014f
	   |-- fabric-events-interaction-v0 0.7.1+389931eb4f
	   |-- fabric-events-lifecycle-v0 0.2.74+df3654b34f
	   |-- fabric-game-rule-api-v1 1.0.46+78d798af4f
	   |-- fabric-item-api-v1 2.2.0+d6f2b0844f
	   |-- fabric-item-group-api-v1 4.0.25+58f8c0124f
	   |-- fabric-key-binding-api-v1 1.0.41+78d798af4f
	   |-- fabric-keybindings-v0 0.2.39+df3654b34f
	   |-- fabric-lifecycle-events-v1 2.3.0+a67ffb5d4f
	   |-- fabric-loot-api-v2 2.1.8+78d798af4f
	   |-- fabric-message-api-v1 6.0.5+78d798af4f
	   |-- fabric-mining-level-api-v1 2.1.64+78d798af4f
	   |-- fabric-model-loading-api-v1 1.0.8+78d798af4f
	   |-- fabric-models-v0 0.4.7+9386d8a74f
	   |-- fabric-networking-api-v1 3.1.7+2e5ac5484f
	   |-- fabric-object-builder-api-v1 13.0.13+080016e44f
	   |-- fabric-particles-v1 1.1.7+78d798af4f
	   |-- fabric-recipe-api-v1 2.0.20+78d798af4f
	   |-- fabric-registry-sync-v0 4.0.19+58f8c0124f
	   |-- fabric-renderer-api-v1 3.2.4+78d798af4f
	   |-- fabric-renderer-indigo 1.5.4+78d798af4f
	   |-- fabric-renderer-registries-v1 3.2.53+df3654b34f
	   |-- fabric-rendering-data-attachment-v1 0.3.42+73761d2e4f
	   |-- fabric-rendering-fluids-v1 3.1.1+e761c6694f
	   |-- fabric-rendering-v0 1.1.56+df3654b34f
	   |-- fabric-rendering-v1 3.2.0+6fd945a04f
	   |-- fabric-resource-conditions-api-v1 2.3.14+78d798af4f
	   |-- fabric-resource-loader-v0 0.11.19+58f8c0124f
	   |-- fabric-screen-api-v1 2.0.17+78d798af4f
	   |-- fabric-screen-handler-api-v1 1.3.55+78d798af4f
	   |-- fabric-sound-api-v1 1.0.17+78d798af4f
	   |-- fabric-transfer-api-v1 4.0.11+e84342304f
	   \-- fabric-transitive-access-wideners-v1 5.0.14+78d798af4f
	- fabricloader 0.15.7
	   \-- mixinextras 0.3.5
	- java 17
	- litematica 0.17.0
	- lithium 0.12.1
	- logical_zoom 0.0.22
	- malilib 0.18.1
	- minecraft 1.20.4
	- minihud 0.30.2
	- sodium 0.5.8+mc1.20.4
	- tweakeroo 0.19.2
[13:15:36] [main/INFO]: SpongePowered MIXIN Subsystem Version=0.8.5 Source=file:/C:/Users/Miguel%20Leyesa/AppData/Roaming/.minecraft/libraries/net/fabricmc/sponge-mixin/0.12.5+mixin.0.8.5/sponge-mixin-0.12.5+mixin.0.8.5.jar Service=Knot/Fabric Env=CLIENT
[13:15:36] [main/INFO]: Compatibility level set to JAVA_17
[13:15:36] [main/INFO]: Loaded configuration file for Lithium: 129 options available, 0 override(s) found
[13:15:37] [main/INFO]: Loaded configuration file for Sodium: 42 options available, 0 override(s) found
[13:15:39] [main/INFO]: Starting Essential Loader (stage2) version 1.4.1+fabric-1.20.4 (9cbd42842e1a0f4db9463ba79962010f) [stable]
[13:15:39] [main/INFO]: Starting Essential v1.3.1.1 (#3a090c5c88) [stable]
[13:15:39] [main/INFO]: Java: OpenJDK 64-Bit Server VM (v17.0.8) by Microsoft (Microsoft)
[13:15:39] [main/INFO]: Java Path: C:\Users\Miguel Leyesa\AppData\Local\Packages\Microsoft.4297127D64EC6_8wekyb3d8bbwe\LocalCache\Local\runtime\java-runtime-gamma\windows-x64\java-runtime-gamma\bin
[13:15:39] [main/INFO]: Java Info: mixed mode
[13:15:39] [main/INFO]: JVM Arguments: 
  - -XX:HeapDumpPath=MojangTricksIntelDriversForPerformance_javaw.exe_minecraft.exe.heapdump
  - -Xss1M
  - -Djava.library.path=C:\Users\Miguel Leyesa\AppData\Roaming\.minecraft\bin\f2e342bf2348672ee9b93bf020ce8b6279af9b64
  - -Djna.tmpdir=C:\Users\Miguel Leyesa\AppData\Roaming\.minecraft\bin\f2e342bf2348672ee9b93bf020ce8b6279af9b64
  - -Dorg.lwjgl.system.SharedLibraryExtractPath=C:\Users\Miguel Leyesa\AppData\Roaming\.minecraft\bin\f2e342bf2348672ee9b93bf020ce8b6279af9b64
  - -Dio.netty.native.workdir=C:\Users\Miguel Leyesa\AppData\Roaming\.minecraft\bin\f2e342bf2348672ee9b93bf020ce8b6279af9b64
  - -Dminecraft.launcher.brand=minecraft-launcher
  - -Dminecraft.launcher.version=2.19.10
  - -DFabricMcEmu= net.minecraft.client.main.Main 
  - -Xmx8G
  - -XX:+UnlockExperimentalVMOptions
  - -XX:+UseG1GC
  - -XX:G1NewSizePercent=20
  - -XX:G1ReservePercent=20
  - -XX:MaxGCPauseMillis=50
  - -XX:G1HeapRegionSize=32M
  - -Dlog4j.configurationFile=C:\Users\Miguel Leyesa\AppData\Roaming\.minecraft\assets\log_configs\client-1.12.xml
[13:15:39] [main/INFO]: OS: Windows 11 (v10.0) (Arch: amd64)
[13:15:40] [main/INFO]: Searching for graphics cards...
[13:15:40] [main/INFO]: Initializing MixinExtras via com.llamalad7.mixinextras.service.MixinExtrasServiceImpl(version=0.3.5).
[13:15:41] [main/INFO]: Found graphics card: GraphicsAdapterInfo[vendor=NVIDIA, name=NVIDIA GeForce RTX 3050 Laptop GPU, version=DriverVersion=31.0.15.4629]
[13:15:41] [main/INFO]: Found graphics card: GraphicsAdapterInfo[vendor=INTEL, name=Intel(R) UHD Graphics, version=DriverVersion=30.0.100.9864]
[13:15:41] [main/WARN]: Sodium has applied one or more workarounds to prevent crashes or other issues on your system: [NVIDIA_THREADED_OPTIMIZATIONS]
[13:15:41] [main/WARN]: This is not necessarily an issue, but it may result in certain features or optimizations being disabled. You can sometimes fix these issues by upgrading your graphics driver.
[13:15:47] [Datafixer Bootstrap/INFO]: 198 Datafixer optimizations took 199 milliseconds
[13:15:51] [Render thread/INFO]: Environment: Environment[sessionHost=https://sessionserver.mojang.com, servicesHost=https://api.minecraftservices.com, name=PROD]
[13:15:51] [Render thread/INFO]: Setting user: 16thGarden
[13:15:51] [Render thread/INFO]: Using Default JreDnsResolver
[13:15:52] [Render thread/INFO]: Starting DI!
[13:15:52] [Thread 4/INFO]: Connecting to Essential Connection Manager...
[13:15:52] [Essential Thread 1/INFO]: Using Default JreSocketFactory
[13:15:52] [Render thread/INFO]: XRay mod has been initialized
[13:15:52] [Render thread/INFO]: [Indigo] Different rendering plugin detected; not applying Indigo.
[13:15:52] [WebSocketConnectReadThread-78/INFO]: Opened connection to Essential ConnectionManager (code=101, message=Switching Protocols)
[13:15:52] [Essential Thread 1/INFO]: Essential Connection Manager connection established.
[13:15:52] [Render thread/INFO]: OptiFine not detected.
[13:15:53] [Render thread/INFO]: Backend library: LWJGL version 3.3.2-snapshot
[13:15:53] [Render thread/WARN]: Applying workaround: Prevent the NVIDIA OpenGL driver from using broken optimizations (NVIDIA_THREADED_OPTIMIZATIONS)
[13:15:53] [Render thread/INFO]: OpenGL Vendor: NVIDIA Corporation
[13:15:53] [Render thread/INFO]: OpenGL Renderer: NVIDIA GeForce RTX 3050 Laptop GPU/PCIe/SSE2
[13:15:53] [Render thread/INFO]: OpenGL Version: 3.2.0 NVIDIA 546.29
[13:15:55] [ForkJoinPool.commonPool-worker-2/INFO]: [STDERR]: org.objectweb.asm.tree.analysis.AnalyzerException: Error at instruction 137: Trying to set an inexistant local variable 9
[13:15:55] [ForkJoinPool.commonPool-worker-2/INFO]: [STDERR]: 	at org.objectweb.asm.tree.analysis.Analyzer.analyze(Analyzer.java:279)
[13:15:55] [ForkJoinPool.commonPool-worker-2/INFO]: [STDERR]: 	at org.spongepowered.asm.util.Locals.generateLocalVariableTable(Locals.java:859)
[13:15:55] [ForkJoinPool.commonPool-worker-2/INFO]: [STDERR]: 	at org.spongepowered.asm.util.Locals.getGeneratedLocalVariableTable(Locals.java:828)
[13:15:55] [ForkJoinPool.commonPool-worker-2/INFO]: [STDERR]: 	at org.spongepowered.asm.util.Locals.getLocalVariableAt(Locals.java:782)
[13:15:55] [ForkJoinPool.commonPool-worker-2/INFO]: [STDERR]: 	at org.spongepowered.asm.util.Locals.getLocalVariableAt(Locals.java:752)
[13:15:55] [ForkJoinPool.commonPool-worker-2/INFO]: [STDERR]: 	at org.spongepowered.asm.util.Locals.getLocalsAt(Locals.java:529)
[13:15:55] [ForkJoinPool.commonPool-worker-2/INFO]: [STDERR]: 	at org.spongepowered.asm.util.Locals.getLocalsAt(Locals.java:336)
[13:15:55] [ForkJoinPool.commonPool-worker-2/INFO]: [STDERR]: 	at org.spongepowered.asm.mixin.injection.modify.LocalVariableDiscriminator$Context.initLocals(LocalVariableDiscriminator.java:154)
[13:15:55] [ForkJoinPool.commonPool-worker-2/INFO]: [STDERR]: 	at org.spongepowered.asm.mixin.injection.modify.LocalVariableDiscriminator$Context.<init>(LocalVariableDiscriminator.java:148)
[13:15:55] [ForkJoinPool.commonPool-worker-2/INFO]: [STDERR]: 	at org.spongepowered.asm.mixin.injection.modify.ModifyVariableInjector$Context.<init>(ModifyVariableInjector.java:71)
[13:15:55] [ForkJoinPool.commonPool-worker-2/INFO]: [STDERR]: 	at org.spongepowered.asm.mixin.injection.modify.ModifyVariableInjector.preInject(ModifyVariableInjector.java:159)
[13:15:55] [ForkJoinPool.commonPool-worker-2/INFO]: [STDERR]: 	at org.spongepowered.asm.mixin.injection.code.Injector.preInject(Injector.java:258)
[13:15:55] [ForkJoinPool.commonPool-worker-2/INFO]: [STDERR]: 	at org.spongepowered.asm.mixin.injection.struct.InjectionInfo.preInject(InjectionInfo.java:436)
[13:15:55] [ForkJoinPool.commonPool-worker-2/INFO]: [STDERR]: 	at org.spongepowered.asm.mixin.transformer.MixinTargetContext.applyInjections(MixinTargetContext.java:1370)
[13:15:55] [ForkJoinPool.commonPool-worker-2/INFO]: [STDERR]: 	at org.spongepowered.asm.mixin.transformer.MixinApplicatorStandard.applyInjections(MixinApplicatorStandard.java:1062)
[13:15:55] [ForkJoinPool.commonPool-worker-2/INFO]: [STDERR]: 	at org.spongepowered.asm.mixin.transformer.MixinApplicatorStandard.applyMixin(MixinApplicatorStandard.java:402)
[13:15:55] [ForkJoinPool.commonPool-worker-2/INFO]: [STDERR]: 	at org.spongepowered.asm.mixin.transformer.MixinApplicatorStandard.apply(MixinApplicatorStandard.java:327)
[13:15:55] [ForkJoinPool.commonPool-worker-2/INFO]: [STDERR]: 	at org.spongepowered.asm.mixin.transformer.TargetClassContext.apply(TargetClassContext.java:421)
[13:15:55] [ForkJoinPool.commonPool-worker-2/INFO]: [STDERR]: 	at org.spongepowered.asm.mixin.transformer.TargetClassContext.applyMixins(TargetClassContext.java:403)
[13:15:55] [ForkJoinPool.commonPool-worker-2/INFO]: [STDERR]: 	at org.spongepowered.asm.mixin.transformer.MixinProcessor.applyMixins(MixinProcessor.java:363)
[13:15:55] [ForkJoinPool.commonPool-worker-2/INFO]: [STDERR]: 	at org.spongepowered.asm.mixin.transformer.MixinTransformer.transformClass(MixinTransformer.java:234)
[13:15:55] [ForkJoinPool.commonPool-worker-2/INFO]: [STDERR]: 	at org.spongepowered.asm.mixin.transformer.MixinTransformer.transformClassBytes(MixinTransformer.java:202)
[13:15:55] [ForkJoinPool.commonPool-worker-2/INFO]: [STDERR]: 	at net.fabricmc.loader.impl.launch.knot.KnotClassDelegate.getPostMixinClassByteArray(KnotClassDelegate.java:422)
[13:15:55] [ForkJoinPool.commonPool-worker-2/INFO]: [STDERR]: 	at net.fabricmc.loader.impl.launch.knot.KnotClassDelegate.tryLoadClass(KnotClassDelegate.java:323)
[13:15:55] [ForkJoinPool.commonPool-worker-2/INFO]: [STDERR]: 	at net.fabricmc.loader.impl.launch.knot.KnotClassDelegate.loadClass(KnotClassDelegate.java:218)
[13:15:55] [ForkJoinPool.commonPool-worker-2/INFO]: [STDERR]: 	at net.fabricmc.loader.impl.launch.knot.KnotClassLoader.loadClass(KnotClassLoader.java:119)
[13:15:55] [ForkJoinPool.commonPool-worker-2/INFO]: [STDERR]: 	at java.base/java.lang.ClassLoader.loadClass(ClassLoader.java:525)
[13:15:55] [ForkJoinPool.commonPool-worker-2/INFO]: [STDERR]: 	at gg.essential.universal.UGraphics.<clinit>(UGraphics.java:774)
[13:15:55] [ForkJoinPool.commonPool-worker-2/INFO]: [STDERR]: 	at gg.essential.elementa.components.UIImage._init_$lambda-1(UIImage.kt:60)
[13:15:55] [ForkJoinPool.commonPool-worker-2/INFO]: [STDERR]: 	at java.base/java.util.concurrent.CompletableFuture$UniAccept.tryFire(CompletableFuture.java:718)
[13:15:55] [ForkJoinPool.commonPool-worker-2/INFO]: [STDERR]: 	at java.base/java.util.concurrent.CompletableFuture$Completion.exec(CompletableFuture.java:483)
[13:15:55] [ForkJoinPool.commonPool-worker-2/INFO]: [STDERR]: 	at java.base/java.util.concurrent.ForkJoinTask.doExec(ForkJoinTask.java:373)
[13:15:55] [ForkJoinPool.commonPool-worker-2/INFO]: [STDERR]: 	at java.base/java.util.concurrent.ForkJoinPool$WorkQueue.topLevelExec(ForkJoinPool.java:1182)
[13:15:55] [ForkJoinPool.commonPool-worker-2/INFO]: [STDERR]: 	at java.base/java.util.concurrent.ForkJoinPool.scan(ForkJoinPool.java:1655)
[13:15:55] [ForkJoinPool.commonPool-worker-2/INFO]: [STDERR]: 	at java.base/java.util.concurrent.ForkJoinPool.runWorker(ForkJoinPool.java:1622)
[13:15:55] [ForkJoinPool.commonPool-worker-2/INFO]: [STDERR]: 	at java.base/java.util.concurrent.ForkJoinWorkerThread.run(ForkJoinWorkerThread.java:165)
[13:15:55] [ForkJoinPool.commonPool-worker-2/INFO]: [STDERR]: Caused by: java.lang.IndexOutOfBoundsException: Trying to set an inexistant local variable 9
[13:15:55] [ForkJoinPool.commonPool-worker-2/INFO]: [STDERR]: 	at org.objectweb.asm.tree.analysis.Frame.setLocal(Frame.java:208)
[13:15:55] [ForkJoinPool.commonPool-worker-2/INFO]: [STDERR]: 	at org.objectweb.asm.tree.analysis.Frame.execute(Frame.java:337)
[13:15:55] [ForkJoinPool.commonPool-worker-2/INFO]: [STDERR]: 	at org.objectweb.asm.tree.analysis.Analyzer.analyze(Analyzer.java:171)
[13:15:55] [ForkJoinPool.commonPool-worker-2/INFO]: [STDERR]: 	... 35 more
[13:15:57] [Render thread/INFO]: Reloading ResourceManager: vanilla, fabric, advanced-xray-fabric, appleskin, cloth-config, entityculling, essential, essential-container, essential-loader, fabric-api, fabric-api-base, fabric-api-lookup-api-v1, fabric-biome-api-v1, fabric-block-api-v1, fabric-block-view-api-v2, fabric-blockrenderlayer-v1, fabric-client-tags-api-v1, fabric-command-api-v1, fabric-command-api-v2, fabric-commands-v0, fabric-containers-v0, fabric-content-registries-v0, fabric-convention-tags-v1, fabric-crash-report-info-v1, fabric-data-attachment-api-v1, fabric-data-generation-api-v1, fabric-dimensions-v1, fabric-entity-events-v1, fabric-events-interaction-v0, fabric-events-lifecycle-v0, fabric-game-rule-api-v1, fabric-item-api-v1, fabric-item-group-api-v1, fabric-key-binding-api-v1, fabric-keybindings-v0, fabric-language-kotlin, fabric-lifecycle-events-v1, fabric-loot-api-v2, fabric-message-api-v1, fabric-mining-level-api-v1, fabric-model-loading-api-v1, fabric-models-v0, fabric-networking-api-v1, fabric-object-builder-api-v1, fabric-particles-v1, fabric-recipe-api-v1, fabric-registry-sync-v0, fabric-renderer-api-v1, fabric-renderer-indigo, fabric-renderer-registries-v1, fabric-rendering-data-attachment-v1, fabric-rendering-fluids-v1, fabric-rendering-v0, fabric-rendering-v1, fabric-resource-conditions-api-v1, fabric-resource-loader-v0, fabric-screen-api-v1, fabric-screen-handler-api-v1, fabric-sound-api-v1, fabric-transfer-api-v1, fabric-transitive-access-wideners-v1, fabricloader, litematica, lithium, logical_zoom, malilib, minihud, sodium, tweakeroo, file/Low Fire 32x.zip, file/VisibleAncientDebris.zip, file/16thGarden-totem-1.20.2-3D.zip, essential
[13:15:57] [Render thread/WARN]: Non [a-z0-9_.-] character in namespace .DS_Store in pack C:\Users\Miguel Leyesa\AppData\Roaming\.minecraft\resourcepacks\VisibleAncientDebris.zip, ignoring
[13:15:57] [Render thread/WARN]: Non [a-z0-9_.-] character in namespace .DS_Store in pack C:\Users\Miguel Leyesa\AppData\Roaming\.minecraft\resourcepacks\VisibleAncientDebris.zip, ignoring
[13:15:57] [Worker-Main-11/INFO]: Found unifont_all_no_pua-15.1.04.hex, loading
[13:15:57] [Worker-Main-6/WARN]: Invalid path in datapack: minecraft:textures/block/.DS_Store, ignoring
[13:15:58] [Render thread/INFO]: Client started, setting up xray store
[13:15:58] [DefaultDispatcher-worker-1/INFO]: Connected to Discord as 420fuckywuckysussybaka69amogus
[13:16:00] [Render thread/WARN]: Missing sound for event: minecraft:item.goat_horn.play
[13:16:00] [Render thread/WARN]: Missing sound for event: minecraft:entity.goat.screaming.horn_break
[13:16:00] [Render thread/WARN]: Missing sound for event: minecraft:entity.generic.wind_burst
[13:16:00] [Render thread/INFO]: OpenAL initialized on device OpenAL Soft on Speakers (Razer Kraken Kitty Edition)
[13:16:00] [Render thread/INFO]: Sound engine started
[13:16:00] [Render thread/INFO]: Created: 1024x512x4 minecraft:textures/atlas/blocks.png-atlas
[13:16:00] [Render thread/INFO]: Created: 256x256x4 minecraft:textures/atlas/signs.png-atlas
[13:16:00] [Render thread/INFO]: Created: 512x512x4 minecraft:textures/atlas/shield_patterns.png-atlas
[13:16:00] [Render thread/INFO]: Created: 512x512x4 minecraft:textures/atlas/banner_patterns.png-atlas
[13:16:00] [Render thread/INFO]: Created: 1024x1024x4 minecraft:textures/atlas/armor_trims.png-atlas
[13:16:00] [Render thread/INFO]: Created: 128x64x4 minecraft:textures/atlas/decorated_pot.png-atlas
[13:16:00] [Render thread/INFO]: Created: 256x256x4 minecraft:textures/atlas/chest.png-atlas
[13:16:00] [Render thread/INFO]: Created: 512x256x4 minecraft:textures/atlas/shulker_boxes.png-atlas
[13:16:00] [Render thread/INFO]: Created: 512x256x4 minecraft:textures/atlas/beds.png-atlas
[13:16:01] [Render thread/WARN]: Shader rendertype_entity_translucent_emissive could not find sampler named Sampler2 in the specified shader program.
[13:16:01] [Render thread/INFO]: Created: 512x256x0 minecraft:textures/atlas/particles.png-atlas
[13:16:01] [Render thread/INFO]: Created: 256x256x0 minecraft:textures/atlas/paintings.png-atlas
[13:16:01] [Render thread/INFO]: Created: 128x128x0 minecraft:textures/atlas/mob_effects.png-atlas
[13:16:01] [Render thread/INFO]: Created: 1024x512x0 minecraft:textures/atlas/gui.png-atlas
[13:16:03] [Render thread/WARN]: Shader cabb2374eda405e66b897908637abd1da5deac52 could not find uniform named subpixel_amount in the specified shader program.
[13:17:52] [Render thread/INFO]: Loaded 7 recipes
[13:17:52] [Render thread/INFO]: Loaded 1271 advancements
[13:17:53] [Render thread/INFO]: Applied 0 biome modifications to 0 of 64 new biomes in 2.028 ms
[13:17:53] [Server thread/INFO]: Starting integrated minecraft server version 1.20.4
[13:17:53] [Server thread/INFO]: Generating keypair
[13:17:54] [Server thread/INFO]: Preparing start region for dimension minecraft:overworld
[13:17:57] [Render thread/INFO]: Preparing spawn area: 0%
[13:17:57] [Render thread/INFO]: Preparing spawn area: 0%
[13:17:57] [Render thread/INFO]: Preparing spawn area: 0%
[13:17:57] [Render thread/INFO]: Preparing spawn area: 0%
[13:17:57] [Render thread/INFO]: Preparing spawn area: 0%
[13:17:57] [Render thread/INFO]: Preparing spawn area: 0%
[13:17:57] [Render thread/INFO]: Preparing spawn area: 0%
[13:17:58] [Render thread/INFO]: Preparing spawn area: 9%
[13:17:58] [Render thread/INFO]: Preparing spawn area: 80%
[13:17:59] [Render thread/INFO]: Time elapsed: 4124 ms
[13:17:59] [Server thread/INFO]: Changing view distance to 16, from 10
[13:17:59] [Server thread/INFO]: Changing simulation distance to 12, from 0
[13:17:59] [Server thread/WARN]: @Redirect conflict. Skipping mixins.tweakeroo.json:MixinServerPlayNetworkHandler from mod tweakeroo->@Redirect::tweakeroo_removeHitPosCheck(Lnet/minecraft/class_243;Lnet/minecraft/class_243;)Lnet/minecraft/class_243; with priority 1005, already redirected by mixins.litematica.json:MixinServerPlayNetworkHandler from mod litematica->@Redirect::litematica_removeHitPosCheck(Lnet/minecraft/class_243;Lnet/minecraft/class_243;)Lnet/minecraft/class_243; with priority 1010
[13:18:00] [Server thread/INFO]: 16thGarden[local:E:4e74f9b7] logged in with entity id 45 at (2603.3981089411836, 63.0, -24.819138629803483)
[13:18:00] [Server thread/INFO]: 16thGarden joined the game
[13:18:00] [Render thread/INFO]: Started 6 worker threads
[13:18:00] [Render thread/INFO]: Using 3 total BufferBuilder caches
[13:18:00] [Render thread/WARN]: Unable to read property: west with value: false for blockstate: {Name:"minecraft:cobblestone_wall",Properties:{east:"false",north:"false",south:"false",up:"false",west:"false"}}
[13:18:00] [Render thread/WARN]: Unable to read property: east with value: false for blockstate: {Name:"minecraft:cobblestone_wall",Properties:{east:"false",north:"false",south:"false",up:"false",west:"false"}}
[13:18:00] [Render thread/WARN]: Unable to read property: south with value: false for blockstate: {Name:"minecraft:cobblestone_wall",Properties:{east:"false",north:"false",south:"false",up:"false",west:"false"}}
[13:18:00] [Render thread/WARN]: Unable to read property: north with value: false for blockstate: {Name:"minecraft:cobblestone_wall",Properties:{east:"false",north:"false",south:"false",up:"false",west:"false"}}
[13:18:00] [Render thread/WARN]: Unable to read property: west with value: false for blockstate: {Name:"minecraft:mossy_cobblestone_wall",Properties:{east:"false",north:"false",south:"false",up:"false",west:"false"}}
[13:18:00] [Render thread/WARN]: Unable to read property: east with value: false for blockstate: {Name:"minecraft:mossy_cobblestone_wall",Properties:{east:"false",north:"false",south:"false",up:"false",west:"false"}}
[13:18:00] [Render thread/WARN]: Unable to read property: south with value: false for blockstate: {Name:"minecraft:mossy_cobblestone_wall",Properties:{east:"false",north:"false",south:"false",up:"false",west:"false"}}
[13:18:00] [Render thread/WARN]: Unable to read property: north with value: false for blockstate: {Name:"minecraft:mossy_cobblestone_wall",Properties:{east:"false",north:"false",south:"false",up:"false",west:"false"}}
[13:18:01] [Render thread/INFO]: Loaded 823 advancements
[13:19:06] [Render thread/WARN]: Unable to play empty soundEvent: minecraft:entity.tropical_fish.ambient
[13:19:22] [Render thread/INFO]: [System] [CHAT] [Debug]: Hitboxes: shown
[13:21:10] [Render thread/INFO]: [System] [CHAT] [Debug]: Hitboxes: hidden
[13:25:52] [Render thread/WARN]: Unable to play empty soundEvent: minecraft:entity.puffer_fish.ambient
[13:43:45] [Render thread/WARN]: Unable to play empty soundEvent: minecraft:entity.salmon.ambient
[13:44:00] [Server thread/WARN]: Spruce Boat (vehicle of 16thGarden) moved wrongly! 0.3015061698321233
[13:44:59] [Render thread/INFO]: [System] [CHAT] [Debug]: Hitboxes: shown
[13:47:52] [Render thread/INFO]: [System] [CHAT] Respawn point set
[13:57:18] [Server thread/INFO]: Villager class_1646['Nitwit'/6803, l='ServerLevel[Epic survival world]', x=2608.46, y=96.00, z=-2.70] died, message: 'Nitwit hit the ground too hard'
[13:57:18] [Render thread/INFO]: Villager class_1646['Nitwit'/6803, l='ClientLevel', x=2608.46, y=105.80, z=-2.70] died, message: 'Nitwit died'
[13:58:43] [Render thread/INFO]: [System] [CHAT] Respawn point set
[14:00:09] [Server thread/INFO]: Villager class_1646['Villager'/6812, l='ServerLevel[Epic survival world]', x=2608.50, y=64.00, z=1.05] died, message: 'Villager hit the ground too hard'
[14:00:09] [Render thread/INFO]: Villager class_1646['Villager'/6812, l='ClientLevel', x=2608.50, y=75.70, z=0.83] died, message: 'Villager died'
[14:02:37] [Render thread/INFO]: [System] [CHAT] Respawn point set
[14:04:57] [Render thread/INFO]: Loaded 839 advancements
[14:06:36] [CullThread/INFO]: [STDERR]: java.lang.ArrayIndexOutOfBoundsException: Index 184 out of bounds for length 129
[14:06:36] [CullThread/INFO]: [STDERR]: 	at it.unimi.dsi.fastutil.ints.Int2ObjectLinkedOpenHashMap$MapIterator.nextEntry(Int2ObjectLinkedOpenHashMap.java:1183)
[14:06:36] [CullThread/INFO]: [STDERR]: 	at it.unimi.dsi.fastutil.ints.Int2ObjectLinkedOpenHashMap$ValueIterator.next(Int2ObjectLinkedOpenHashMap.java:1689)
[14:06:36] [CullThread/INFO]: [STDERR]: 	at com.google.common.collect.Iterators$1.next(Iterators.java:146)
[14:06:36] [CullThread/INFO]: [STDERR]: 	at dev.tr7zw.entityculling.CullTask.cullEntities(CullTask.java:90)
[14:06:36] [CullThread/INFO]: [STDERR]: 	at dev.tr7zw.entityculling.CullTask.run(CullTask.java:71)
[14:06:36] [CullThread/INFO]: [STDERR]: 	at java.base/java.lang.Thread.run(Thread.java:833)
[14:07:01] [Render thread/WARN]: Received passengers for unknown entity
[14:07:21] [Server thread/INFO]: Saving and pausing game...
[14:07:21] [Server thread/INFO]: Saving chunks for level 'ServerLevel[Epic survival world]'/minecraft:overworld
[14:07:21] [Server thread/INFO]: Saving chunks for level 'ServerLevel[Epic survival world]'/minecraft:the_nether
[14:07:21] [Server thread/INFO]: Saving chunks for level 'ServerLevel[Epic survival world]'/minecraft:the_end
[14:07:23] [Render thread/INFO]: Using default channel type
[14:07:23] [Render thread/INFO]: Started serving on 51210
[14:07:23] [Render thread/INFO]: [System] [CHAT] Local game hosted on port [51210]
[14:07:26] [Server thread/INFO]: [16thGarden: Set own game mode to Creative Mode]
[14:07:26] [Render thread/INFO]: [System] [CHAT] Set own game mode to Creative Mode
[14:07:37] [Server thread/INFO]: [16thGarden: Set own game mode to Survival Mode]
[14:07:37] [Render thread/INFO]: [System] [CHAT] Set own game mode to Survival Mode
[14:08:43] [Render thread/WARN]: Received passengers for unknown entity
[14:13:19] [Render thread/INFO]: [System] [CHAT] Respawn point set
[14:17:05] [Server thread/INFO]: Villager class_1646['Villager'/26994, l='ServerLevel[Epic survival world]', x=2608.49, y=64.00, z=1.05] died, message: 'Villager hit the ground too hard'
[14:17:05] [Render thread/INFO]: Villager class_1646['Villager'/26994, l='ClientLevel', x=2608.49, y=75.70, z=0.83] died, message: 'Villager died'
[14:19:23] [Server thread/WARN]: Mismatch in destroy block pos: class_2338{x=2609, y=63, z=-2} class_2338{x=2609, y=88, z=-2}
[14:22:18] [Server thread/INFO]: [16thGarden: Set own game mode to Creative Mode]
[14:22:18] [Render thread/INFO]: [System] [CHAT] Set own game mode to Creative Mode
[14:22:28] [Server thread/INFO]: [16thGarden: Set own game mode to Survival Mode]
[14:22:28] [Render thread/INFO]: [System] [CHAT] Set own game mode to Survival Mode
[14:23:48] [Render thread/INFO]: [System] [CHAT] Respawn point set
[15:39:12] [Render thread/INFO]: [System] [CHAT] Respawn point set
[16:04:12] [Render thread/INFO]: [System] [CHAT] [Debug]: Hitboxes: hidden
[16:04:22] [Render thread/INFO]: Stopping worker threads
[16:04:22] [Render thread/INFO]: Started 6 worker threads
[16:04:22] [Render thread/INFO]: Stopping worker threads
[16:04:22] [Render thread/INFO]: Started 6 worker threads
[16:04:29] [Render thread/WARN]: Received passengers for unknown entity
[16:04:44] [Render thread/INFO]: Stopping worker threads
[16:04:44] [Render thread/INFO]: Started 6 worker threads
[16:04:44] [Render thread/INFO]: Stopping worker threads
[16:04:44] [Render thread/INFO]: Started 6 worker threads
[16:04:50] [Render thread/INFO]: [System] [CHAT] Respawn point set
[16:07:03] [Render thread/INFO]: Stopping worker threads
[16:07:03] [Render thread/INFO]: Started 6 worker threads
[16:07:03] [Render thread/INFO]: Stopping worker threads
[16:07:03] [Render thread/INFO]: Started 6 worker threads
[16:07:21] [Render thread/INFO]: Stopping worker threads
[16:07:21] [Render thread/INFO]: Started 6 worker threads
[16:07:21] [Render thread/INFO]: Stopping worker threads
[16:07:21] [Render thread/INFO]: Started 6 worker threads
[16:07:21] [Render thread/WARN]: Unable to play empty soundEvent: minecraft:entity.cod.ambient
[16:07:47] [Render thread/INFO]: Stopping worker threads
[16:07:47] [Render thread/INFO]: Started 6 worker threads
[16:07:47] [Render thread/INFO]: Stopping worker threads
[16:07:47] [Render thread/INFO]: Started 6 worker threads
[16:08:16] [Render thread/INFO]: Stopping worker threads
[16:08:16] [Render thread/INFO]: Started 6 worker threads
[16:08:16] [Render thread/INFO]: Stopping worker threads
[16:08:16] [Render thread/INFO]: Started 6 worker threads
[16:09:25] [Render thread/INFO]: Stopping worker threads
[16:09:25] [Render thread/INFO]: Started 6 worker threads
[16:09:25] [Render thread/INFO]: Stopping worker threads
[16:09:25] [Render thread/INFO]: Started 6 worker threads
[16:10:03] [Render thread/INFO]: Stopping worker threads
[16:10:03] [Render thread/INFO]: Started 6 worker threads
[16:10:03] [Render thread/INFO]: Stopping worker threads
[16:10:03] [Render thread/INFO]: Started 6 worker threads
[16:10:06] [Render thread/INFO]: Stopping worker threads
[16:10:06] [Render thread/INFO]: Started 6 worker threads
[16:10:06] [Render thread/INFO]: Stopping worker threads
[16:10:06] [Render thread/INFO]: Started 6 worker threads
[16:10:10] [Render thread/WARN]: Received passengers for unknown entity
[16:11:59] [Render thread/INFO]: Stopping worker threads
[16:11:59] [Render thread/INFO]: Started 6 worker threads
[16:11:59] [Render thread/INFO]: Stopping worker threads
[16:11:59] [Render thread/INFO]: Started 6 worker threads
[16:14:01] [Render thread/INFO]: Stopping worker threads
[16:14:01] [Render thread/INFO]: Started 6 worker threads
[16:14:01] [Render thread/INFO]: Stopping worker threads
[16:14:01] [Render thread/INFO]: Started 6 worker threads
[16:14:28] [Render thread/INFO]: Stopping worker threads
[16:14:28] [Render thread/INFO]: Started 6 worker threads
[16:14:28] [Render thread/INFO]: Stopping worker threads
[16:14:28] [Render thread/INFO]: Started 6 worker threads
[16:15:46] [Render thread/INFO]: [System] [CHAT] Respawn point set
[16:26:51] [Render thread/INFO]: [System] [CHAT] Respawn point set
[16:34:26] [CullThread/INFO]: [STDERR]: java.lang.ArrayIndexOutOfBoundsException
[16:42:33] [Render thread/INFO]: Stopping worker threads
[16:42:33] [Render thread/INFO]: Started 6 worker threads
[16:42:33] [Render thread/INFO]: Stopping worker threads
[16:42:33] [Render thread/INFO]: Started 6 worker threads
[16:42:42] [Render thread/WARN]: Received passengers for unknown entity
[16:43:16] [Render thread/INFO]: Stopping worker threads
[16:43:16] [Render thread/INFO]: Started 6 worker threads
[16:43:16] [Render thread/INFO]: Stopping worker threads
[16:43:16] [Render thread/INFO]: Started 6 worker threads
[16:43:38] [Render thread/INFO]: [System] [CHAT] Respawn point set
[16:44:09] [Render thread/INFO]: Stopping worker threads
[16:44:09] [Render thread/INFO]: Started 6 worker threads
[16:44:09] [Render thread/INFO]: Stopping worker threads
[16:44:09] [Render thread/INFO]: Started 6 worker threads
[16:44:39] [Render thread/INFO]: Stopping worker threads
[16:44:39] [Render thread/INFO]: Started 6 worker threads
[16:44:39] [Render thread/INFO]: Stopping worker threads
[16:44:39] [Render thread/INFO]: Started 6 worker threads
[16:46:42] [Render thread/INFO]: Stopping worker threads
[16:46:42] [Render thread/INFO]: Started 6 worker threads
[16:46:42] [Render thread/INFO]: Stopping worker threads
[16:46:42] [Render thread/INFO]: Started 6 worker threads
[16:47:09] [Render thread/INFO]: Stopping worker threads
[16:47:09] [Render thread/INFO]: Started 6 worker threads
[16:47:09] [Render thread/INFO]: Stopping worker threads
[16:47:09] [Render thread/INFO]: Started 6 worker threads
[17:07:59] [Render thread/INFO]: Stopping worker threads
[17:07:59] [Render thread/INFO]: Started 6 worker threads
[17:07:59] [Render thread/INFO]: Stopping worker threads
[17:07:59] [Render thread/INFO]: Started 6 worker threads
[17:08:07] [Render thread/WARN]: Received passengers for unknown entity
[17:08:28] [Render thread/INFO]: Stopping worker threads
[17:08:28] [Render thread/INFO]: Started 6 worker threads
[17:08:28] [Render thread/INFO]: Stopping worker threads
[17:08:28] [Render thread/INFO]: Started 6 worker threads
[17:08:28] [Render thread/WARN]: Received passengers for unknown entity
[17:08:28] [Render thread/WARN]: Received passengers for unknown entity
[17:08:28] [Render thread/WARN]: Received passengers for unknown entity
[17:08:28] [Render thread/WARN]: Received passengers for unknown entity
[17:08:28] [Render thread/WARN]: Received passengers for unknown entity
[17:08:28] [Render thread/WARN]: Received passengers for unknown entity
[17:08:28] [Render thread/WARN]: Received passengers for unknown entity
[17:08:28] [Render thread/WARN]: Received passengers for unknown entity
[17:08:28] [Render thread/WARN]: Received passengers for unknown entity
[17:08:28] [Render thread/WARN]: Received passengers for unknown entity
[17:08:28] [Render thread/WARN]: Received passengers for unknown entity
[17:08:28] [Render thread/WARN]: Received passengers for unknown entity
[17:08:28] [Render thread/WARN]: Received passengers for unknown entity
[17:08:28] [Render thread/WARN]: Received passengers for unknown entity
[17:08:28] [Render thread/WARN]: Received passengers for unknown entity
[17:14:27] [Render thread/INFO]: Stopping worker threads
[17:14:27] [Render thread/INFO]: Started 6 worker threads
[17:14:27] [Render thread/INFO]: Stopping worker threads
[17:14:27] [Render thread/INFO]: Started 6 worker threads
[17:14:56] [Render thread/INFO]: Stopping worker threads
[17:14:56] [Render thread/INFO]: Started 6 worker threads
[17:14:56] [Render thread/INFO]: Stopping worker threads
[17:14:56] [Render thread/INFO]: Started 6 worker threads
[17:15:38] [Render thread/INFO]: Stopping worker threads
[17:15:38] [Render thread/INFO]: Started 6 worker threads
[17:15:38] [Render thread/INFO]: Stopping worker threads
[17:15:38] [Render thread/INFO]: Started 6 worker threads
[17:16:09] [Render thread/INFO]: Stopping worker threads
[17:16:09] [Render thread/INFO]: Started 6 worker threads
[17:16:09] [Render thread/INFO]: Stopping worker threads
[17:16:09] [Render thread/INFO]: Started 6 worker threads
[17:17:53] [Render thread/INFO]: Loaded 839 advancements
[17:24:29] [Render thread/INFO]: Stopping worker threads
[17:24:29] [Render thread/INFO]: Started 6 worker threads
[17:24:29] [Render thread/INFO]: Stopping worker threads
[17:24:29] [Render thread/INFO]: Started 6 worker threads
[17:25:04] [Render thread/INFO]: Stopping worker threads
[17:25:04] [Render thread/INFO]: Started 6 worker threads
[17:25:04] [Render thread/INFO]: Stopping worker threads
[17:25:04] [Render thread/INFO]: Started 6 worker threads
[17:25:04] [Render thread/WARN]: Received passengers for unknown entity
[17:25:04] [Render thread/WARN]: Received passengers for unknown entity
[17:25:04] [Render thread/WARN]: Received passengers for unknown entity
[17:25:04] [Render thread/WARN]: Received passengers for unknown entity
[17:25:04] [Render thread/WARN]: Received passengers for unknown entity
[17:25:04] [Render thread/WARN]: Received passengers for unknown entity
[17:25:04] [Render thread/WARN]: Received passengers for unknown entity
[17:25:04] [Render thread/WARN]: Received passengers for unknown entity
[17:25:04] [Render thread/WARN]: Received passengers for unknown entity
[17:25:04] [Render thread/WARN]: Received passengers for unknown entity
[17:25:04] [Render thread/WARN]: Received passengers for unknown entity
[17:36:04] [Render thread/INFO]: Stopping worker threads
[17:36:04] [Render thread/INFO]: Started 6 worker threads
[17:36:04] [Render thread/INFO]: Stopping worker threads
[17:36:04] [Render thread/INFO]: Started 6 worker threads
[17:36:30] [Render thread/INFO]: Stopping worker threads
[17:36:30] [Render thread/INFO]: Started 6 worker threads
[17:36:30] [Render thread/INFO]: Stopping worker threads
[17:36:30] [Render thread/INFO]: Started 6 worker threads
[17:41:08] [Render thread/INFO]: Stopping worker threads
[17:41:08] [Render thread/INFO]: Started 6 worker threads
[17:41:08] [Render thread/INFO]: Stopping worker threads
[17:41:08] [Render thread/INFO]: Started 6 worker threads
[17:41:33] [Render thread/INFO]: Stopping worker threads
[17:41:33] [Render thread/INFO]: Started 6 worker threads
[17:41:33] [Render thread/INFO]: Stopping worker threads
[17:41:33] [Render thread/INFO]: Started 6 worker threads
[17:52:07] [Render thread/INFO]: Stopping worker threads
[17:52:07] [Render thread/INFO]: Started 6 worker threads
[17:52:07] [Render thread/INFO]: Stopping worker threads
[17:52:07] [Render thread/INFO]: Started 6 worker threads
[17:52:18] [Render thread/WARN]: Received passengers for unknown entity
[17:52:44] [Render thread/INFO]: Stopping worker threads
[17:52:44] [Render thread/INFO]: Started 6 worker threads
[17:52:44] [Render thread/INFO]: Stopping worker threads
[17:52:44] [Render thread/INFO]: Started 6 worker threads
[17:52:44] [Render thread/WARN]: Received passengers for unknown entity
[17:52:44] [Render thread/WARN]: Received passengers for unknown entity
[17:52:44] [Render thread/WARN]: Received passengers for unknown entity
[17:52:44] [Render thread/WARN]: Received passengers for unknown entity
[17:52:44] [Render thread/WARN]: Received passengers for unknown entity
[17:52:44] [Render thread/WARN]: Received passengers for unknown entity
[17:52:44] [Render thread/WARN]: Received passengers for unknown entity
[17:52:44] [Render thread/WARN]: Received passengers for unknown entity
[17:52:44] [Render thread/WARN]: Received passengers for unknown entity
[17:52:44] [Render thread/WARN]: Received passengers for unknown entity
[17:52:44] [Render thread/WARN]: Received passengers for unknown entity
[17:52:44] [Render thread/WARN]: Received passengers for unknown entity
[17:52:44] [Render thread/WARN]: Received passengers for unknown entity
[17:52:44] [Render thread/WARN]: Received passengers for unknown entity
[17:52:44] [Render thread/WARN]: Received passengers for unknown entity
[17:52:44] [Render thread/WARN]: Received passengers for unknown entity
[17:52:44] [Render thread/WARN]: Received passengers for unknown entity
[17:52:44] [Render thread/WARN]: Received passengers for unknown entity
[17:52:44] [Render thread/WARN]: Received passengers for unknown entity
[17:52:44] [Render thread/WARN]: Received passengers for unknown entity
[17:58:23] [Server thread/INFO]: Villager class_1646['Librarian'/339898, l='ServerLevel[Epic survival world]', x=-678.49, y=77.00, z=147.48] died, message: 'Librarian hit the ground too hard'
[17:58:23] [Render thread/INFO]: Villager class_1646['Librarian'/339898, l='ClientLevel', x=-678.49, y=85.43, z=147.48] died, message: 'Librarian died'
[18:11:13] [Render thread/INFO]: Stopping worker threads
[18:11:13] [Render thread/INFO]: Started 6 worker threads
[18:11:13] [Render thread/INFO]: Stopping worker threads
[18:11:13] [Render thread/INFO]: Started 6 worker threads
[18:11:20] [Render thread/INFO]: Stopping worker threads
[18:11:20] [Render thread/INFO]: Started 6 worker threads
[18:11:20] [Render thread/INFO]: Stopping worker threads
[18:11:20] [Render thread/INFO]: Started 6 worker threads
[18:11:20] [Render thread/WARN]: Received passengers for unknown entity
[18:11:20] [Render thread/WARN]: Received passengers for unknown entity
[18:11:20] [Render thread/WARN]: Received passengers for unknown entity
[18:11:20] [Render thread/WARN]: Received passengers for unknown entity
[18:11:20] [Render thread/WARN]: Received passengers for unknown entity
[18:11:20] [Render thread/WARN]: Received passengers for unknown entity
[18:11:20] [Render thread/WARN]: Received passengers for unknown entity
[18:11:20] [Render thread/WARN]: Received passengers for unknown entity
[18:11:20] [Render thread/WARN]: Received passengers for unknown entity
[18:11:20] [Render thread/WARN]: Received passengers for unknown entity
[18:11:20] [Render thread/WARN]: Received passengers for unknown entity
[18:11:20] [Render thread/WARN]: Received passengers for unknown entity
[18:11:20] [Render thread/WARN]: Received passengers for unknown entity
[18:11:20] [Render thread/WARN]: Received passengers for unknown entity
[18:11:20] [Render thread/WARN]: Received passengers for unknown entity
[18:11:20] [Render thread/WARN]: Received passengers for unknown entity
[18:11:20] [Render thread/WARN]: Received passengers for unknown entity
[18:11:20] [Render thread/WARN]: Received passengers for unknown entity
[18:11:20] [Render thread/WARN]: Received passengers for unknown entity
[18:11:20] [Render thread/WARN]: Received passengers for unknown entity
[18:11:20] [Render thread/WARN]: Received passengers for unknown entity
[18:14:07] [Server thread/WARN]: Mismatch in destroy block pos: class_2338{x=-703, y=139, z=147} class_2338{x=-686, y=138, z=147}
[18:14:36] [Server thread/WARN]: Mismatch in destroy block pos: class_2338{x=-703, y=139, z=147} class_2338{x=-703, y=138, z=147}
[18:20:50] [Render thread/INFO]: Stopping worker threads
[18:20:50] [Render thread/INFO]: Started 6 worker threads
[18:20:50] [Render thread/INFO]: Stopping worker threads
[18:20:50] [Render thread/INFO]: Started 6 worker threads
[18:21:33] [Render thread/INFO]: Stopping worker threads
[18:21:33] [Render thread/INFO]: Started 6 worker threads
[18:21:33] [Render thread/INFO]: Stopping worker threads
[18:21:33] [Render thread/INFO]: Started 6 worker threads
[18:21:36] [Render thread/INFO]: Stopping worker threads
[18:21:36] [Render thread/INFO]: Started 6 worker threads
[18:21:36] [Render thread/INFO]: Stopping worker threads
[18:21:36] [Render thread/INFO]: Started 6 worker threads
[18:24:33] [Render thread/INFO]: Stopping worker threads
[18:24:33] [Render thread/INFO]: Started 6 worker threads
[18:24:33] [Render thread/INFO]: Stopping worker threads
[18:24:33] [Render thread/INFO]: Started 6 worker threads
[18:25:48] [Server thread/INFO]: 16thGarden lost connection: Disconnected
[18:25:48] [Server thread/INFO]: 16thGarden left the game
[18:25:48] [Server thread/INFO]: Stopping singleplayer server as player logged out
[18:25:48] [Server thread/INFO]: Stopping server
[18:25:48] [Server thread/INFO]: Saving players
[18:25:48] [Server thread/INFO]: Saving worlds
[18:25:48] [Server thread/INFO]: Saving chunks for level 'ServerLevel[Epic survival world]'/minecraft:overworld
[18:25:48] [Server thread/INFO]: Saving chunks for level 'ServerLevel[Epic survival world]'/minecraft:the_nether
[18:25:48] [Server thread/INFO]: Saving chunks for level 'ServerLevel[Epic survival world]'/minecraft:the_end
[18:25:48] [Server thread/INFO]: ThreadedAnvilChunkStorage (Epic survival world): All chunks are saved
[18:25:48] [Server thread/INFO]: ThreadedAnvilChunkStorage (DIM-1): All chunks are saved
[18:25:48] [Server thread/INFO]: ThreadedAnvilChunkStorage (DIM1): All chunks are saved
[18:25:48] [Server thread/INFO]: ThreadedAnvilChunkStorage: All dimensions are saved
[18:25:48] [Render thread/INFO]: Stopping worker threads
[19:19:23] [Render thread/INFO]: Loaded 7 recipes
[19:19:23] [Render thread/INFO]: Loaded 1271 advancements
[19:19:23] [Render thread/INFO]: Applied 0 biome modifications to 0 of 64 new biomes in 327.2 ?s
[19:19:23] [Server thread/INFO]: Starting integrated minecraft server version 1.20.4
[19:19:23] [Server thread/INFO]: Generating keypair
[19:19:24] [Server thread/INFO]: Preparing start region for dimension minecraft:overworld
[19:19:25] [Render thread/INFO]: Preparing spawn area: 0%
[19:19:25] [Render thread/INFO]: Preparing spawn area: 0%
[19:19:25] [Render thread/INFO]: Preparing spawn area: 0%
[19:19:26] [Render thread/INFO]: Preparing spawn area: 47%
[19:19:26] [Server thread/INFO]: Changing view distance to 16, from 10
[19:19:26] [Server thread/INFO]: Changing simulation distance to 12, from 0
[19:19:26] [Render thread/INFO]: Time elapsed: 1827 ms
[19:19:26] [Server thread/INFO]: 16thGarden[local:E:8b292ab2] logged in with entity id 356478 at (-47.14623407506594, 64.0, -0.3008199420939152)
[19:19:26] [Server thread/INFO]: 16thGarden joined the game
[19:19:27] [Render thread/INFO]: Started 6 worker threads
[19:19:27] [Render thread/INFO]: Using 3 total BufferBuilder caches
[19:19:27] [Render thread/INFO]: Loaded 839 advancements
[19:19:30] [Server thread/INFO]: Saving and pausing game...
[19:19:30] [Server thread/INFO]: Saving chunks for level 'ServerLevel[Epic survival world]'/minecraft:overworld
[19:19:30] [Server thread/INFO]: Saving chunks for level 'ServerLevel[Epic survival world]'/minecraft:the_nether
[19:19:30] [Server thread/INFO]: Saving chunks for level 'ServerLevel[Epic survival world]'/minecraft:the_end
[19:20:11] [Server thread/INFO]: Saving and pausing game...
[19:20:11] [Render thread/INFO]: Stopping worker threads
[19:20:11] [Render thread/INFO]: Started 6 worker threads
[19:20:11] [Render thread/INFO]: Stopping worker threads
[19:20:11] [Server thread/INFO]: Saving chunks for level 'ServerLevel[Epic survival world]'/minecraft:overworld
[19:20:11] [Render thread/INFO]: Started 6 worker threads
[19:20:11] [Server thread/INFO]: Saving chunks for level 'ServerLevel[Epic survival world]'/minecraft:the_nether
[19:20:11] [Server thread/INFO]: Saving chunks for level 'ServerLevel[Epic survival world]'/minecraft:the_end
[19:20:35] [Render thread/INFO]: Stopping worker threads
[19:20:35] [Render thread/INFO]: Started 6 worker threads
[19:20:35] [Server thread/INFO]: Saving and pausing game...
[19:20:35] [Render thread/INFO]: Stopping worker threads
[19:20:35] [Render thread/INFO]: Started 6 worker threads
[19:20:35] [Server thread/INFO]: Saving chunks for level 'ServerLevel[Epic survival world]'/minecraft:overworld
[19:20:35] [Server thread/INFO]: Saving chunks for level 'ServerLevel[Epic survival world]'/minecraft:the_nether
[19:20:35] [Server thread/INFO]: Saving chunks for level 'ServerLevel[Epic survival world]'/minecraft:the_end
[19:23:45] [Render thread/INFO]: [System] [CHAT] Respawn point set
[19:42:36] [Render thread/INFO]: Stopping worker threads
[19:42:36] [Server thread/INFO]: Saving and pausing game...
[19:42:36] [Render thread/INFO]: Started 6 worker threads
[19:42:36] [Render thread/INFO]: Stopping worker threads
[19:42:36] [Render thread/INFO]: Started 6 worker threads
[19:42:36] [Server thread/INFO]: Saving chunks for level 'ServerLevel[Epic survival world]'/minecraft:overworld
[19:42:36] [Server thread/INFO]: Saving chunks for level 'ServerLevel[Epic survival world]'/minecraft:the_nether
[19:42:36] [Server thread/INFO]: Saving chunks for level 'ServerLevel[Epic survival world]'/minecraft:the_end
[19:42:44] [Render thread/WARN]: Received passengers for unknown entity
[19:43:12] [Render thread/INFO]: Stopping worker threads
[19:43:12] [Render thread/INFO]: Started 6 worker threads
[19:43:12] [Server thread/INFO]: Saving and pausing game...
[19:43:12] [Render thread/INFO]: Stopping worker threads
[19:43:12] [Render thread/INFO]: Started 6 worker threads
[19:43:12] [Server thread/INFO]: Saving chunks for level 'ServerLevel[Epic survival world]'/minecraft:overworld
[19:43:12] [Server thread/INFO]: Saving chunks for level 'ServerLevel[Epic survival world]'/minecraft:the_nether
[19:43:12] [Server thread/INFO]: Saving chunks for level 'ServerLevel[Epic survival world]'/minecraft:the_end
[19:43:12] [Render thread/WARN]: Received passengers for unknown entity
[19:43:12] [Render thread/WARN]: Received passengers for unknown entity
[19:43:12] [Render thread/WARN]: Received passengers for unknown entity
[19:43:12] [Render thread/WARN]: Received passengers for unknown entity
[19:43:12] [Render thread/WARN]: Received passengers for unknown entity
[19:43:12] [Render thread/WARN]: Received passengers for unknown entity
[19:43:12] [Render thread/WARN]: Received passengers for unknown entity
[19:43:12] [Render thread/WARN]: Received passengers for unknown entity
[19:43:12] [Render thread/WARN]: Received passengers for unknown entity
[19:43:12] [Render thread/WARN]: Received passengers for unknown entity
[19:43:12] [Render thread/WARN]: Received passengers for unknown entity
[19:43:13] [Render thread/WARN]: Received passengers for unknown entity
[19:43:13] [Render thread/WARN]: Received passengers for unknown entity
[19:43:13] [Render thread/WARN]: Received passengers for unknown entity
[19:43:13] [Render thread/WARN]: Received passengers for unknown entity
[19:49:28] [Server thread/WARN]: Mismatch in destroy block pos: class_2338{x=-710, y=138, z=147} class_2338{x=-713, y=138, z=139}
[19:51:39] [Render thread/INFO]: Stopping worker threads
[19:51:39] [Render thread/INFO]: Started 6 worker threads
[19:51:39] [Server thread/INFO]: Saving and pausing game...
[19:51:39] [Render thread/INFO]: Stopping worker threads
[19:51:39] [Render thread/INFO]: Started 6 worker threads
[19:51:39] [Server thread/INFO]: Saving chunks for level 'ServerLevel[Epic survival world]'/minecraft:overworld
[19:51:39] [Server thread/INFO]: Saving chunks for level 'ServerLevel[Epic survival world]'/minecraft:the_nether
[19:51:39] [Server thread/INFO]: Saving chunks for level 'ServerLevel[Epic survival world]'/minecraft:the_end
[19:52:33] [Render thread/INFO]: Stopping worker threads
[19:52:33] [Render thread/INFO]: Started 6 worker threads
[19:52:33] [Render thread/INFO]: Stopping worker threads
[19:52:33] [Render thread/INFO]: Started 6 worker threads
[19:52:36] [Render thread/INFO]: Stopping worker threads
[19:52:36] [Render thread/INFO]: Started 6 worker threads
[19:52:36] [Server thread/INFO]: Saving and pausing game...
[19:52:36] [Render thread/INFO]: Stopping worker threads
[19:52:36] [Render thread/INFO]: Started 6 worker threads
[19:52:36] [Server thread/INFO]: Saving chunks for level 'ServerLevel[Epic survival world]'/minecraft:overworld
[19:52:37] [Server thread/INFO]: Saving chunks for level 'ServerLevel[Epic survival world]'/minecraft:the_nether
[19:52:37] [Server thread/INFO]: Saving chunks for level 'ServerLevel[Epic survival world]'/minecraft:the_end
[19:54:42] [Render thread/INFO]: [System] [CHAT] You have no home bed or charged respawn anchor, or it was obstructed
[19:54:42] [Render thread/INFO]: Stopping worker threads
[19:54:42] [Render thread/INFO]: Started 6 worker threads
[19:54:42] [Render thread/INFO]: Stopping worker threads
[19:54:42] [Render thread/INFO]: Started 6 worker threads
[19:54:50] [Render thread/INFO]: Stopping worker threads
[19:54:50] [Server thread/INFO]: Saving and pausing game...
[19:54:50] [Render thread/INFO]: Started 6 worker threads
[19:54:50] [Render thread/INFO]: Stopping worker threads
[19:54:50] [Render thread/INFO]: Started 6 worker threads
[19:54:50] [Server thread/INFO]: Saving chunks for level 'ServerLevel[Epic survival world]'/minecraft:overworld
[19:54:50] [Server thread/INFO]: Saving chunks for level 'ServerLevel[Epic survival world]'/minecraft:the_nether
[19:54:50] [Server thread/INFO]: Saving chunks for level 'ServerLevel[Epic survival world]'/minecraft:the_end
[19:55:13] [Render thread/INFO]: Stopping worker threads
[19:55:13] [Render thread/INFO]: Started 6 worker threads
[19:55:13] [Render thread/INFO]: Stopping worker threads
[19:55:13] [Render thread/INFO]: Started 6 worker threads
[19:56:04] [Render thread/INFO]: [System] [CHAT] Respawn point set
[20:05:18] [Server thread/INFO]: Saving and pausing game...
[20:05:18] [Server thread/INFO]: Saving chunks for level 'ServerLevel[Epic survival world]'/minecraft:overworld
[20:05:18] [Server thread/INFO]: Saving chunks for level 'ServerLevel[Epic survival world]'/minecraft:the_nether
[20:05:18] [Server thread/INFO]: Saving chunks for level 'ServerLevel[Epic survival world]'/minecraft:the_end
[20:05:24] [Render thread/INFO]: Reloading ResourceManager: vanilla, fabric, advanced-xray-fabric, appleskin, cloth-config, entityculling, essential, essential-container, essential-loader, fabric-api, fabric-api-base, fabric-api-lookup-api-v1, fabric-biome-api-v1, fabric-block-api-v1, fabric-block-view-api-v2, fabric-blockrenderlayer-v1, fabric-client-tags-api-v1, fabric-command-api-v1, fabric-command-api-v2, fabric-commands-v0, fabric-containers-v0, fabric-content-registries-v0, fabric-convention-tags-v1, fabric-crash-report-info-v1, fabric-data-attachment-api-v1, fabric-data-generation-api-v1, fabric-dimensions-v1, fabric-entity-events-v1, fabric-events-interaction-v0, fabric-events-lifecycle-v0, fabric-game-rule-api-v1, fabric-item-api-v1, fabric-item-group-api-v1, fabric-key-binding-api-v1, fabric-keybindings-v0, fabric-language-kotlin, fabric-lifecycle-events-v1, fabric-loot-api-v2, fabric-message-api-v1, fabric-mining-level-api-v1, fabric-model-loading-api-v1, fabric-models-v0, fabric-networking-api-v1, fabric-object-builder-api-v1, fabric-particles-v1, fabric-recipe-api-v1, fabric-registry-sync-v0, fabric-renderer-api-v1, fabric-renderer-indigo, fabric-renderer-registries-v1, fabric-rendering-data-attachment-v1, fabric-rendering-fluids-v1, fabric-rendering-v0, fabric-rendering-v1, fabric-resource-conditions-api-v1, fabric-resource-loader-v0, fabric-screen-api-v1, fabric-screen-handler-api-v1, fabric-sound-api-v1, fabric-transfer-api-v1, fabric-transitive-access-wideners-v1, fabricloader, litematica, lithium, logical_zoom, malilib, minihud, sodium, tweakeroo, file/Low Fire 32x.zip, file/VisibleAncientDebris.zip, essential
[20:05:24] [Render thread/WARN]: Non [a-z0-9_.-] character in namespace .DS_Store in pack C:\Users\Miguel Leyesa\AppData\Roaming\.minecraft\resourcepacks\VisibleAncientDebris.zip, ignoring
[20:05:24] [Render thread/WARN]: Non [a-z0-9_.-] character in namespace .DS_Store in pack C:\Users\Miguel Leyesa\AppData\Roaming\.minecraft\resourcepacks\VisibleAncientDebris.zip, ignoring
[20:05:24] [Worker-Main-14/INFO]: Found unifont_all_no_pua-15.1.04.hex, loading
[20:05:24] [Worker-Main-19/WARN]: Invalid path in datapack: minecraft:textures/block/.DS_Store, ignoring
[20:05:25] [Render thread/WARN]: Missing sound for event: minecraft:item.goat_horn.play
[20:05:25] [Render thread/WARN]: Missing sound for event: minecraft:entity.goat.screaming.horn_break
[20:05:25] [Render thread/WARN]: Missing sound for event: minecraft:entity.generic.wind_burst
[20:05:25] [Render thread/INFO]: OpenAL initialized on device OpenAL Soft on Speakers (Razer Kraken Kitty Edition)
[20:05:25] [Render thread/INFO]: Sound engine started
[20:05:25] [Render thread/INFO]: Created: 1024x512x4 minecraft:textures/atlas/blocks.png-atlas
[20:05:25] [Render thread/INFO]: Created: 256x256x4 minecraft:textures/atlas/signs.png-atlas
[20:05:25] [Render thread/INFO]: Created: 512x512x4 minecraft:textures/atlas/shield_patterns.png-atlas
[20:05:25] [Render thread/INFO]: Created: 512x512x4 minecraft:textures/atlas/banner_patterns.png-atlas
[20:05:25] [Render thread/INFO]: Created: 1024x1024x4 minecraft:textures/atlas/armor_trims.png-atlas
[20:05:25] [Render thread/INFO]: Created: 128x64x4 minecraft:textures/atlas/decorated_pot.png-atlas
[20:05:25] [Render thread/INFO]: Created: 256x256x4 minecraft:textures/atlas/chest.png-atlas
[20:05:25] [Render thread/INFO]: Created: 512x256x4 minecraft:textures/atlas/shulker_boxes.png-atlas
[20:05:25] [Render thread/INFO]: Created: 512x256x4 minecraft:textures/atlas/beds.png-atlas
[20:05:25] [Render thread/WARN]: Shader rendertype_entity_translucent_emissive could not find sampler named Sampler2 in the specified shader program.
[20:05:25] [Render thread/INFO]: Created: 512x256x0 minecraft:textures/atlas/particles.png-atlas
[20:05:25] [Render thread/INFO]: Created: 256x256x0 minecraft:textures/atlas/paintings.png-atlas
[20:05:25] [Render thread/INFO]: Created: 128x128x0 minecraft:textures/atlas/mob_effects.png-atlas
[20:05:25] [Render thread/INFO]: Created: 1024x512x0 minecraft:textures/atlas/gui.png-atlas
[20:05:25] [Render thread/INFO]: Stopping worker threads
[20:05:25] [Render thread/INFO]: Started 6 worker threads
[20:05:32] [Render thread/WARN]: Unable to play empty soundEvent: minecraft:entity.tropical_fish.ambient
[20:12:02] [Render thread/WARN]: Unable to play empty soundEvent: minecraft:entity.puffer_fish.ambient
[20:12:11] [Render thread/INFO]: Loaded 840 advancements
[20:12:41] [Server thread/INFO]: Saving and pausing game...
[20:12:42] [Server thread/INFO]: Saving chunks for level 'ServerLevel[Epic survival world]'/minecraft:overworld
[20:12:42] [Server thread/INFO]: Saving chunks for level 'ServerLevel[Epic survival world]'/minecraft:the_nether
[20:12:42] [Server thread/INFO]: Saving chunks for level 'ServerLevel[Epic survival world]'/minecraft:the_end
[20:12:48] [Render thread/INFO]: Reloading ResourceManager: vanilla, fabric, advanced-xray-fabric, appleskin, cloth-config, entityculling, essential, essential-container, essential-loader, fabric-api, fabric-api-base, fabric-api-lookup-api-v1, fabric-biome-api-v1, fabric-block-api-v1, fabric-block-view-api-v2, fabric-blockrenderlayer-v1, fabric-client-tags-api-v1, fabric-command-api-v1, fabric-command-api-v2, fabric-commands-v0, fabric-containers-v0, fabric-content-registries-v0, fabric-convention-tags-v1, fabric-crash-report-info-v1, fabric-data-attachment-api-v1, fabric-data-generation-api-v1, fabric-dimensions-v1, fabric-entity-events-v1, fabric-events-interaction-v0, fabric-events-lifecycle-v0, fabric-game-rule-api-v1, fabric-item-api-v1, fabric-item-group-api-v1, fabric-key-binding-api-v1, fabric-keybindings-v0, fabric-language-kotlin, fabric-lifecycle-events-v1, fabric-loot-api-v2, fabric-message-api-v1, fabric-mining-level-api-v1, fabric-model-loading-api-v1, fabric-models-v0, fabric-networking-api-v1, fabric-object-builder-api-v1, fabric-particles-v1, fabric-recipe-api-v1, fabric-registry-sync-v0, fabric-renderer-api-v1, fabric-renderer-indigo, fabric-renderer-registries-v1, fabric-rendering-data-attachment-v1, fabric-rendering-fluids-v1, fabric-rendering-v0, fabric-rendering-v1, fabric-resource-conditions-api-v1, fabric-resource-loader-v0, fabric-screen-api-v1, fabric-screen-handler-api-v1, fabric-sound-api-v1, fabric-transfer-api-v1, fabric-transitive-access-wideners-v1, fabricloader, litematica, lithium, logical_zoom, malilib, minihud, sodium, tweakeroo, file/Low Fire 32x.zip, file/VisibleAncientDebris.zip, file/16thGarden-totem-1.20.2-3D.zip, essential
[20:12:48] [Render thread/WARN]: Non [a-z0-9_.-] character in namespace .DS_Store in pack C:\Users\Miguel Leyesa\AppData\Roaming\.minecraft\resourcepacks\VisibleAncientDebris.zip, ignoring
[20:12:48] [Render thread/WARN]: Non [a-z0-9_.-] character in namespace .DS_Store in pack C:\Users\Miguel Leyesa\AppData\Roaming\.minecraft\resourcepacks\VisibleAncientDebris.zip, ignoring
[20:12:48] [Worker-Main-13/INFO]: Found unifont_all_no_pua-15.1.04.hex, loading
[20:12:48] [Worker-Main-23/WARN]: Invalid path in datapack: minecraft:textures/block/.DS_Store, ignoring
[20:12:49] [Render thread/WARN]: Missing sound for event: minecraft:item.goat_horn.play
[20:12:49] [Render thread/WARN]: Missing sound for event: minecraft:entity.goat.screaming.horn_break
[20:12:49] [Render thread/WARN]: Missing sound for event: minecraft:entity.generic.wind_burst
[20:12:49] [Render thread/INFO]: OpenAL initialized on device OpenAL Soft on Speakers (Razer Kraken Kitty Edition)
[20:12:49] [Render thread/INFO]: Sound engine started
[20:12:49] [Render thread/INFO]: Created: 1024x512x4 minecraft:textures/atlas/blocks.png-atlas
[20:12:49] [Render thread/INFO]: Created: 256x256x4 minecraft:textures/atlas/signs.png-atlas
[20:12:49] [Render thread/INFO]: Created: 512x512x4 minecraft:textures/atlas/shield_patterns.png-atlas
[20:12:49] [Render thread/INFO]: Created: 512x512x4 minecraft:textures/atlas/banner_patterns.png-atlas
[20:12:49] [Render thread/INFO]: Created: 1024x1024x4 minecraft:textures/atlas/armor_trims.png-atlas
[20:12:49] [Render thread/INFO]: Created: 128x64x4 minecraft:textures/atlas/decorated_pot.png-atlas
[20:12:49] [Render thread/INFO]: Created: 256x256x4 minecraft:textures/atlas/chest.png-atlas
[20:12:49] [Render thread/INFO]: Created: 512x256x4 minecraft:textures/atlas/shulker_boxes.png-atlas
[20:12:49] [Render thread/INFO]: Created: 512x256x4 minecraft:textures/atlas/beds.png-atlas
[20:12:49] [Render thread/WARN]: Shader rendertype_entity_translucent_emissive could not find sampler named Sampler2 in the specified shader program.
[20:12:49] [Render thread/INFO]: Created: 512x256x0 minecraft:textures/atlas/particles.png-atlas
[20:12:49] [Render thread/INFO]: Created: 256x256x0 minecraft:textures/atlas/paintings.png-atlas
[20:12:49] [Render thread/INFO]: Created: 128x128x0 minecraft:textures/atlas/mob_effects.png-atlas
[20:12:49] [Render thread/INFO]: Created: 1024x512x0 minecraft:textures/atlas/gui.png-atlas
[20:12:49] [Render thread/INFO]: Stopping worker threads
[20:12:49] [Render thread/INFO]: Started 6 worker threads
[20:14:31] [Render thread/INFO]: Stopping worker threads
[20:14:31] [Render thread/INFO]: Started 6 worker threads
[20:14:31] [Server thread/INFO]: Saving and pausing game...
[20:14:31] [Render thread/INFO]: Stopping worker threads
[20:14:31] [Render thread/INFO]: Started 6 worker threads
[20:14:31] [Server thread/INFO]: Saving chunks for level 'ServerLevel[Epic survival world]'/minecraft:overworld
[20:14:31] [Server thread/INFO]: Saving chunks for level 'ServerLevel[Epic survival world]'/minecraft:the_nether
[20:14:31] [Server thread/INFO]: Saving chunks for level 'ServerLevel[Epic survival world]'/minecraft:the_end
[20:15:10] [Render thread/INFO]: Stopping worker threads
[20:15:10] [Server thread/INFO]: Saving and pausing game...
[20:15:10] [Render thread/INFO]: Started 6 worker threads
[20:15:10] [Render thread/INFO]: Stopping worker threads
[20:15:10] [Render thread/INFO]: Started 6 worker threads
[20:15:10] [Server thread/INFO]: Saving chunks for level 'ServerLevel[Epic survival world]'/minecraft:overworld
[20:15:10] [Server thread/INFO]: Saving chunks for level 'ServerLevel[Epic survival world]'/minecraft:the_nether
[20:15:10] [Server thread/INFO]: Saving chunks for level 'ServerLevel[Epic survival world]'/minecraft:the_end
[20:15:10] [Render thread/WARN]: Received passengers for unknown entity
[20:15:10] [Render thread/WARN]: Received passengers for unknown entity
[20:15:10] [Render thread/WARN]: Received passengers for unknown entity
[20:15:10] [Render thread/WARN]: Received passengers for unknown entity
[20:15:10] [Render thread/WARN]: Received passengers for unknown entity
[20:15:10] [Render thread/WARN]: Received passengers for unknown entity
[20:15:10] [Render thread/WARN]: Received passengers for unknown entity
[20:15:10] [Render thread/WARN]: Received passengers for unknown entity
[20:15:10] [Render thread/WARN]: Received passengers for unknown entity
[20:15:10] [Render thread/WARN]: Received passengers for unknown entity
[20:15:10] [Render thread/WARN]: Received passengers for unknown entity
[20:15:10] [Render thread/WARN]: Received passengers for unknown entity
[20:15:10] [Render thread/WARN]: Received passengers for unknown entity
[20:15:10] [Render thread/WARN]: Received passengers for unknown entity
[20:15:10] [Render thread/WARN]: Received passengers for unknown entity
[20:15:10] [Render thread/WARN]: Received passengers for unknown entity
[20:15:10] [Render thread/WARN]: Received passengers for unknown entity
[20:15:10] [Render thread/WARN]: Received passengers for unknown entity
[20:15:10] [Render thread/WARN]: Received passengers for unknown entity
[20:26:50] [Render thread/INFO]: Stopping worker threads
[20:26:50] [Render thread/INFO]: Started 6 worker threads
[20:26:50] [Render thread/INFO]: Stopping worker threads
[20:26:50] [Render thread/INFO]: Started 6 worker threads
[20:27:44] [Render thread/WARN]: Received passengers for unknown entity
[20:27:49] [Render thread/INFO]: Stopping worker threads
[20:27:49] [Render thread/INFO]: Started 6 worker threads
[20:27:49] [Render thread/INFO]: Stopping worker threads
[20:27:49] [Render thread/INFO]: Started 6 worker threads
[20:27:49] [Server thread/INFO]: Saving and pausing game...
[20:27:49] [Server thread/INFO]: Saving chunks for level 'ServerLevel[Epic survival world]'/minecraft:overworld
[20:27:49] [Server thread/INFO]: Saving chunks for level 'ServerLevel[Epic survival world]'/minecraft:the_nether
[20:27:49] [Server thread/INFO]: Saving chunks for level 'ServerLevel[Epic survival world]'/minecraft:the_end
[20:27:55] [Render thread/INFO]: Stopping worker threads
[20:27:55] [Render thread/INFO]: Started 6 worker threads
[20:27:55] [Render thread/INFO]: Stopping worker threads
[20:27:55] [Render thread/INFO]: Started 6 worker threads
[20:27:55] [Server thread/INFO]: Saving and pausing game...
[20:27:55] [Server thread/INFO]: Saving chunks for level 'ServerLevel[Epic survival world]'/minecraft:overworld
[20:27:55] [Server thread/INFO]: Saving chunks for level 'ServerLevel[Epic survival world]'/minecraft:the_nether
[20:27:55] [Server thread/INFO]: Saving chunks for level 'ServerLevel[Epic survival world]'/minecraft:the_end
[20:31:17] [Render thread/INFO]: [System] [CHAT] You have no home bed or charged respawn anchor, or it was obstructed
[20:31:17] [Render thread/INFO]: Stopping worker threads
[20:31:17] [Render thread/INFO]: Started 6 worker threads
[20:31:17] [Render thread/INFO]: Stopping worker threads
[20:31:17] [Render thread/INFO]: Started 6 worker threads
[20:32:22] [Render thread/INFO]: Stopping worker threads
[20:32:22] [Server thread/INFO]: Saving and pausing game...
[20:32:22] [Render thread/INFO]: Started 6 worker threads
[20:32:22] [Render thread/INFO]: Stopping worker threads
[20:32:22] [Server thread/INFO]: Saving chunks for level 'ServerLevel[Epic survival world]'/minecraft:overworld
[20:32:22] [Render thread/INFO]: Started 6 worker threads
[20:32:22] [Server thread/INFO]: Saving chunks for level 'ServerLevel[Epic survival world]'/minecraft:the_nether
[20:32:22] [Server thread/INFO]: Saving chunks for level 'ServerLevel[Epic survival world]'/minecraft:the_end
[20:32:45] [Render thread/INFO]: Stopping worker threads
[20:32:45] [Render thread/INFO]: Started 6 worker threads
[20:32:45] [Render thread/INFO]: Stopping worker threads
[20:32:45] [Render thread/INFO]: Started 6 worker threads
[20:33:32] [Render thread/WARN]: Unable to play empty soundEvent: minecraft:entity.tropical_fish.ambient
[20:34:54] [Render thread/INFO]: [System] [CHAT] Respawn point set
[20:38:09] [Server thread/INFO]: Saving and pausing game...
[20:38:09] [Server thread/INFO]: Saving chunks for level 'ServerLevel[Epic survival world]'/minecraft:overworld
[20:38:09] [Server thread/INFO]: Saving chunks for level 'ServerLevel[Epic survival world]'/minecraft:the_nether
[20:38:09] [Server thread/INFO]: Saving chunks for level 'ServerLevel[Epic survival world]'/minecraft:the_end
[20:48:43] [Render thread/INFO]: Stopping worker threads
[20:48:43] [Render thread/INFO]: Started 6 worker threads
[20:48:43] [Server thread/INFO]: Saving and pausing game...
[20:48:43] [Render thread/INFO]: Stopping worker threads
[20:48:43] [Render thread/INFO]: Started 6 worker threads
[20:48:43] [Server thread/INFO]: Saving chunks for level 'ServerLevel[Epic survival world]'/minecraft:overworld
[20:48:43] [Server thread/INFO]: Saving chunks for level 'ServerLevel[Epic survival world]'/minecraft:the_nether
[20:48:43] [Server thread/INFO]: Saving chunks for level 'ServerLevel[Epic survival world]'/minecraft:the_end
[20:48:51] [Render thread/WARN]: Received passengers for unknown entity
[20:49:12] [Render thread/INFO]: Stopping worker threads
[20:49:12] [Server thread/INFO]: Saving and pausing game...
[20:49:12] [Render thread/INFO]: Started 6 worker threads
[20:49:12] [Render thread/INFO]: Stopping worker threads
[20:49:12] [Render thread/INFO]: Started 6 worker threads
[20:49:12] [Server thread/INFO]: Saving chunks for level 'ServerLevel[Epic survival world]'/minecraft:overworld
[20:49:12] [Server thread/INFO]: Saving chunks for level 'ServerLevel[Epic survival world]'/minecraft:the_nether
[20:49:12] [Server thread/INFO]: Saving chunks for level 'ServerLevel[Epic survival world]'/minecraft:the_end
[20:49:12] [Render thread/WARN]: Received passengers for unknown entity
[20:49:12] [Render thread/WARN]: Received passengers for unknown entity
[20:49:12] [Render thread/WARN]: Received passengers for unknown entity
[20:49:12] [Render thread/WARN]: Received passengers for unknown entity
[20:49:12] [Render thread/WARN]: Received passengers for unknown entity
[20:49:12] [Render thread/WARN]: Received passengers for unknown entity
[20:49:12] [Render thread/WARN]: Received passengers for unknown entity
[20:49:12] [Render thread/WARN]: Received passengers for unknown entity
[20:49:12] [Render thread/WARN]: Received passengers for unknown entity
[20:49:12] [Render thread/WARN]: Received passengers for unknown entity
[20:49:12] [Render thread/WARN]: Received passengers for unknown entity
[20:49:12] [Render thread/WARN]: Received passengers for unknown entity
[20:49:12] [Render thread/WARN]: Received passengers for unknown entity
[20:49:12] [Render thread/WARN]: Received passengers for unknown entity
[20:49:12] [Render thread/WARN]: Received passengers for unknown entity
[20:49:12] [Render thread/WARN]: Received passengers for unknown entity
[20:49:12] [Render thread/WARN]: Received passengers for unknown entity
[20:50:01] [Render thread/INFO]: [System] [CHAT] Respawn point set
[20:52:41] [Render thread/WARN]: Unable to play empty soundEvent: minecraft:entity.salmon.ambient
[20:52:41] [Render thread/WARN]: Unable to play empty soundEvent: minecraft:entity.cod.ambient
[21:07:23] [Server thread/INFO]: Saving and pausing game...
[21:07:23] [Server thread/INFO]: Saving chunks for level 'ServerLevel[Epic survival world]'/minecraft:overworld
[21:07:23] [Server thread/INFO]: Saving chunks for level 'ServerLevel[Epic survival world]'/minecraft:the_nether
[21:07:23] [Server thread/INFO]: Saving chunks for level 'ServerLevel[Epic survival world]'/minecraft:the_end
[21:07:24] [Server thread/INFO]: 16thGarden lost connection: Disconnected
[21:07:24] [Server thread/INFO]: 16thGarden left the game
[21:07:24] [Server thread/INFO]: Stopping singleplayer server as player logged out
[21:07:24] [Server thread/INFO]: Stopping server
[21:07:24] [Server thread/INFO]: Saving players
[21:07:24] [Server thread/INFO]: Saving worlds
[21:07:24] [Server thread/INFO]: Saving chunks for level 'ServerLevel[Epic survival world]'/minecraft:overworld
[21:07:24] [Server thread/INFO]: Saving chunks for level 'ServerLevel[Epic survival world]'/minecraft:the_nether
[21:07:24] [Server thread/INFO]: Saving chunks for level 'ServerLevel[Epic survival world]'/minecraft:the_end
[21:07:24] [Server thread/INFO]: ThreadedAnvilChunkStorage (Epic survival world): All chunks are saved
[21:07:24] [Server thread/INFO]: ThreadedAnvilChunkStorage (DIM-1): All chunks are saved
[21:07:24] [Server thread/INFO]: ThreadedAnvilChunkStorage (DIM1): All chunks are saved
[21:07:24] [Server thread/INFO]: ThreadedAnvilChunkStorage: All dimensions are saved
[21:07:24] [Render thread/INFO]: Stopping worker threads
[21:07:24] [CullThread/INFO]: [STDOUT]: Shutting down culling task!
[21:07:24] [Render thread/INFO]: Stopping!
