[02:33:08] [main/INFO]: Loading Minecraft 1.20.4 with Fabric Loader 0.15.7
[02:33:09] [main/WARN]: Warnings were found!
 - Mod 'CIT Resewn' (citresewn) 1.1.4+1.20.4 recommends any version of modmenu, which is missing!
	 - You should install any version of modmenu for the optimal experience.
[02:33:09] [main/INFO]: Loading 74 mods:
	- advanced-xray-fabric 84.0.0
	- appleskin 2.5.1+mc1.20.3
	   \-- cloth-config 13.0.114
	        \-- cloth-basic-math 0.6.1
	- carpet 1.4.128+v231205
	- citresewn 1.1.4+1.20.4
	   \-- citresewn-defaults 1.1.4+1.20.4
	- entityculling 1.6.3.1
	- essential-container 1.0.0
	   \-- essential-loader 1.2.1
	- fabric-api 0.96.4+1.20.4
	   |-- fabric-api-base 0.4.36+78d798af4f
	   |-- fabric-api-lookup-api-v1 1.6.49+82b1bb3e4f
	   |-- fabric-biome-api-v1 13.0.16+78d798af4f
	   |-- fabric-block-api-v1 1.0.16+3e2216cb4f
	   |-- fabric-block-view-api-v2 1.0.4+78d798af4f
	   |-- fabric-blockrenderlayer-v1 1.1.46+78d798af4f
	   |-- fabric-client-tags-api-v1 1.1.7+78d798af4f
	   |-- fabric-command-api-v1 1.2.41+f71b366f4f
	   |-- fabric-command-api-v2 2.2.20+78d798af4f
	   |-- fabric-commands-v0 0.2.58+df3654b34f
	   |-- fabric-containers-v0 0.1.86+df3654b34f
	   |-- fabric-content-registries-v0 5.0.14+78d798af4f
	   |-- fabric-convention-tags-v1 1.5.10+78d798af4f
	   |-- fabric-crash-report-info-v1 0.2.23+78d798af4f
	   |-- fabric-data-attachment-api-v1 1.1.3+b90db5744f
	   |-- fabric-data-generation-api-v1 13.2.3+5c0133444f
	   |-- fabric-dimensions-v1 2.1.61+78d798af4f
	   |-- fabric-entity-events-v1 1.6.1+09fc25014f
	   |-- fabric-events-interaction-v0 0.7.1+389931eb4f
	   |-- fabric-events-lifecycle-v0 0.2.74+df3654b34f
	   |-- fabric-game-rule-api-v1 1.0.46+78d798af4f
	   |-- fabric-item-api-v1 2.2.0+d6f2b0844f
	   |-- fabric-item-group-api-v1 4.0.25+58f8c0124f
	   |-- fabric-key-binding-api-v1 1.0.41+78d798af4f
	   |-- fabric-keybindings-v0 0.2.39+df3654b34f
	   |-- fabric-lifecycle-events-v1 2.3.0+a67ffb5d4f
	   |-- fabric-loot-api-v2 2.1.8+78d798af4f
	   |-- fabric-message-api-v1 6.0.5+78d798af4f
	   |-- fabric-mining-level-api-v1 2.1.64+78d798af4f
	   |-- fabric-model-loading-api-v1 1.0.8+78d798af4f
	   |-- fabric-models-v0 0.4.7+9386d8a74f
	   |-- fabric-networking-api-v1 3.1.7+2e5ac5484f
	   |-- fabric-object-builder-api-v1 13.0.13+080016e44f
	   |-- fabric-particles-v1 1.1.7+78d798af4f
	   |-- fabric-recipe-api-v1 2.0.20+78d798af4f
	   |-- fabric-registry-sync-v0 4.0.19+58f8c0124f
	   |-- fabric-renderer-api-v1 3.2.4+78d798af4f
	   |-- fabric-renderer-indigo 1.5.4+78d798af4f
	   |-- fabric-renderer-registries-v1 3.2.53+df3654b34f
	   |-- fabric-rendering-data-attachment-v1 0.3.42+73761d2e4f
	   |-- fabric-rendering-fluids-v1 3.1.1+e761c6694f
	   |-- fabric-rendering-v0 1.1.56+df3654b34f
	   |-- fabric-rendering-v1 3.2.0+6fd945a04f
	   |-- fabric-resource-conditions-api-v1 2.3.14+78d798af4f
	   |-- fabric-resource-loader-v0 0.11.19+58f8c0124f
	   |-- fabric-screen-api-v1 2.0.17+78d798af4f
	   |-- fabric-screen-handler-api-v1 1.3.55+78d798af4f
	   |-- fabric-sound-api-v1 1.0.17+78d798af4f
	   |-- fabric-transfer-api-v1 4.0.11+e84342304f
	   \-- fabric-transitive-access-wideners-v1 5.0.14+78d798af4f
	- fabricloader 0.15.7
	   \-- mixinextras 0.3.5
	- java 17
	- litematica 0.17.0
	- lithium 0.12.1
	- logical_zoom 0.0.22
	- malilib 0.18.1
	- minecraft 1.20.4
	- minihud 0.30.2
	- nvidium 0.2.6-beta
	- rebind_narrator 2.0.2
	- sodium 0.5.8+mc1.20.4
	- tweakeroo 0.19.2
[02:33:09] [main/INFO]: SpongePowered MIXIN Subsystem Version=0.8.5 Source=file:/C:/Users/Miguel%20Leyesa/AppData/Roaming/.minecraft/libraries/net/fabricmc/sponge-mixin/0.12.5+mixin.0.8.5/sponge-mixin-0.12.5+mixin.0.8.5.jar Service=Knot/Fabric Env=CLIENT
[02:33:09] [main/INFO]: Compatibility level set to JAVA_17
[02:33:10] [main/INFO]: Loaded configuration file for Lithium: 129 options available, 0 override(s) found
[02:33:10] [main/INFO]: Loaded configuration file for Sodium: 42 options available, 0 override(s) found
[02:33:12] [main/WARN]: Found newer Essential Loader (stage2) version 1.6.0 [stable], skipping at user request
[02:33:12] [main/INFO]: Starting Essential Loader (stage2) version 1.4.1+fabric-1.20.4 (9cbd42842e1a0f4db9463ba79962010f) [stable]
[02:33:13] [main/INFO]: Starting Essential v1.3.1.3 (#88238d7752) [stable]
[02:33:13] [main/INFO]: Java: OpenJDK 64-Bit Server VM (v17.0.8) by Microsoft (Microsoft)
[02:33:13] [main/INFO]: Java Path: C:\Users\Miguel Leyesa\AppData\Local\Packages\Microsoft.4297127D64EC6_8wekyb3d8bbwe\LocalCache\Local\runtime\java-runtime-gamma\windows-x64\java-runtime-gamma\bin
[02:33:13] [main/INFO]: Java Info: mixed mode
[02:33:13] [main/INFO]: JVM Arguments: 
  - -XX:HeapDumpPath=MojangTricksIntelDriversForPerformance_javaw.exe_minecraft.exe.heapdump
  - -Djava.library.path=C:\Users\Miguel Leyesa\AppData\Roaming\.minecraft\bin\cc9d3839148d498f98557594755fb8ae999dc26b
  - -Djna.tmpdir=C:\Users\Miguel Leyesa\AppData\Roaming\.minecraft\bin\cc9d3839148d498f98557594755fb8ae999dc26b
  - -Dorg.lwjgl.system.SharedLibraryExtractPath=C:\Users\Miguel Leyesa\AppData\Roaming\.minecraft\bin\cc9d3839148d498f98557594755fb8ae999dc26b
  - -Dio.netty.native.workdir=C:\Users\Miguel Leyesa\AppData\Roaming\.minecraft\bin\cc9d3839148d498f98557594755fb8ae999dc26b
  - -Dminecraft.launcher.brand=minecraft-launcher
  - -Dminecraft.launcher.version=2.21.26
  - -DFabricMcEmu= net.minecraft.client.main.Main 
  - -Xmx4G
  - -XX:+UnlockExperimentalVMOptions
  - -XX:+UseG1GC
  - -XX:G1NewSizePercent=20
  - -XX:G1ReservePercent=20
  - -XX:MaxGCPauseMillis=50
  - -XX:G1HeapRegionSize=32M
  - -Dlog4j.configurationFile=C:\Users\Miguel Leyesa\AppData\Roaming\.minecraft\assets\log_configs\client-1.12.xml
[02:33:13] [main/INFO]: OS: Windows 11 (v10.0) (Arch: amd64)
[02:33:14] [main/INFO]: Searching for graphics cards...
[02:33:14] [main/INFO]: Initializing MixinExtras via com.llamalad7.mixinextras.service.MixinExtrasServiceImpl(version=0.3.5).
[02:33:15] [main/INFO]: Found graphics card: GraphicsAdapterInfo[vendor=NVIDIA, name=NVIDIA GeForce RTX 3050 Laptop GPU, version=DriverVersion=31.0.15.4629]
[02:33:15] [main/INFO]: Found graphics card: GraphicsAdapterInfo[vendor=INTEL, name=Intel(R) UHD Graphics, version=DriverVersion=30.0.100.9864]
[02:33:15] [main/WARN]: Sodium has applied one or more workarounds to prevent crashes or other issues on your system: [NVIDIA_THREADED_OPTIMIZATIONS]
[02:33:15] [main/WARN]: This is not necessarily an issue, but it may result in certain features or optimizations being disabled. You can sometimes fix these issues by upgrading your graphics driver.
[02:33:22] [main/WARN]: @ModifyConstant conflict. Skipping mixins.tweakeroo.json:MixinStructureBlockBlockEntity from mod tweakeroo->@ModifyConstant::overrideMaxSize(I)I with priority 999, already redirected by carpet.mixins.json:StructureBlockEntity_limitsMixin from mod carpet->@ModifyConstant::negativeLimit(I)I with priority 1000
[02:33:22] [main/WARN]: @ModifyConstant conflict. Skipping mixins.tweakeroo.json:MixinStructureBlockBlockEntity from mod tweakeroo->@ModifyConstant::overrideMaxSize(I)I with priority 999, already redirected by carpet.mixins.json:StructureBlockEntity_limitsMixin from mod carpet->@ModifyConstant::positiveLimit(I)I with priority 1000
[02:33:22] [main/WARN]: @ModifyConstant conflict. Skipping mixins.tweakeroo.json:MixinStructureBlockBlockEntity from mod tweakeroo->@ModifyConstant::overrideMaxSize(I)I with priority 999, already redirected by carpet.mixins.json:StructureBlockEntity_limitsMixin from mod carpet->@ModifyConstant::negativeLimit(I)I with priority 1000
[02:33:22] [main/WARN]: @ModifyConstant conflict. Skipping mixins.tweakeroo.json:MixinStructureBlockBlockEntity from mod tweakeroo->@ModifyConstant::overrideMaxSize(I)I with priority 999, already redirected by carpet.mixins.json:StructureBlockEntity_limitsMixin from mod carpet->@ModifyConstant::positiveLimit(I)I with priority 1000
[02:33:22] [main/WARN]: @ModifyConstant conflict. Skipping mixins.tweakeroo.json:MixinStructureBlockBlockEntity from mod tweakeroo->@ModifyConstant::overrideMaxSize(I)I with priority 999, already redirected by carpet.mixins.json:StructureBlockEntity_limitsMixin from mod carpet->@ModifyConstant::negativeLimit(I)I with priority 1000
[02:33:22] [main/WARN]: @ModifyConstant conflict. Skipping mixins.tweakeroo.json:MixinStructureBlockBlockEntity from mod tweakeroo->@ModifyConstant::overrideMaxSize(I)I with priority 999, already redirected by carpet.mixins.json:StructureBlockEntity_limitsMixin from mod carpet->@ModifyConstant::positiveLimit(I)I with priority 1000
[02:33:22] [main/WARN]: @ModifyConstant conflict. Skipping mixins.tweakeroo.json:MixinStructureBlockBlockEntity from mod tweakeroo->@ModifyConstant::overrideMaxSize(I)I with priority 999, already redirected by carpet.mixins.json:StructureBlockEntity_limitsMixin from mod carpet->@ModifyConstant::positiveLimit(I)I with priority 1000
[02:33:22] [main/WARN]: @ModifyConstant conflict. Skipping mixins.tweakeroo.json:MixinStructureBlockBlockEntity from mod tweakeroo->@ModifyConstant::overrideMaxSize(I)I with priority 999, already redirected by carpet.mixins.json:StructureBlockEntity_limitsMixin from mod carpet->@ModifyConstant::positiveLimit(I)I with priority 1000
[02:33:22] [main/WARN]: @ModifyConstant conflict. Skipping mixins.tweakeroo.json:MixinStructureBlockBlockEntity from mod tweakeroo->@ModifyConstant::overrideMaxSize(I)I with priority 999, already redirected by carpet.mixins.json:StructureBlockEntity_limitsMixin from mod carpet->@ModifyConstant::positiveLimit(I)I with priority 1000
[02:33:25] [Datafixer Bootstrap/INFO]: 198 Datafixer optimizations took 440 milliseconds
[02:33:30] [Render thread/INFO]: Environment: Environment[sessionHost=https://sessionserver.mojang.com, servicesHost=https://api.minecraftservices.com, name=PROD]
[02:33:30] [Render thread/INFO]: Setting user: 16thGarden
[02:33:32] [Render thread/INFO]: Starting DI!
[02:33:32] [Render thread/INFO]: Authenticating to Mojang as 16thGarden (dc0548c7-2c22-450e-91f5-2a17cfde2a12)
[02:33:32] [DefaultDispatcher-worker-1/INFO]: Connecting to Essential Connection Manager...
[02:33:32] [DefaultDispatcher-worker-1/INFO]: Using Default JreDnsResolver
[02:33:32] [DefaultDispatcher-worker-1/INFO]: Using Default JreSocketFactory
[02:33:32] [Render thread/INFO]: XRay mod has been initialized
[02:33:33] [Render thread/INFO]: [citresewn] Registering CIT Conditions
[02:33:33] [Render thread/INFO]: [citresewn] Registering CIT Types
[02:33:33] [WebSocketConnectReadThread-72/INFO]: Connected to Essential Connection Manager.
[02:33:33] [Render thread/INFO]: [Indigo] Different rendering plugin detected; not applying Indigo.
[02:33:33] [Render thread/INFO]: OptiFine not detected.
[02:33:33] [Render thread/INFO]: Backend library: LWJGL version 3.3.2-snapshot
[02:33:34] [Render thread/WARN]: Applying workaround: Prevent the NVIDIA OpenGL driver from using broken optimizations (NVIDIA_THREADED_OPTIMIZATIONS)
[02:33:34] [Render thread/INFO]: All capabilities met
[02:33:34] [Render thread/INFO]: Enabling Nvidium
[02:33:34] [Render thread/INFO]: OpenGL Vendor: NVIDIA Corporation
[02:33:34] [Render thread/INFO]: OpenGL Renderer: NVIDIA GeForce RTX 3050 Laptop GPU/PCIe/SSE2
[02:33:34] [Render thread/INFO]: OpenGL Version: 3.2.0 NVIDIA 546.29
[02:33:35] [Render thread/WARN]: Pack file/coffee totem declared support for versions [16, 22] but declared main format is 9, defaulting to 9
[02:33:35] [ForkJoinPool.commonPool-worker-1/INFO]: [STDERR]: org.objectweb.asm.tree.analysis.AnalyzerException: Error at instruction 137: Trying to set an inexistant local variable 9
[02:33:35] [ForkJoinPool.commonPool-worker-1/INFO]: [STDERR]: 	at org.objectweb.asm.tree.analysis.Analyzer.analyze(Analyzer.java:279)
[02:33:35] [ForkJoinPool.commonPool-worker-1/INFO]: [STDERR]: 	at org.spongepowered.asm.util.Locals.generateLocalVariableTable(Locals.java:859)
[02:33:35] [ForkJoinPool.commonPool-worker-1/INFO]: [STDERR]: 	at org.spongepowered.asm.util.Locals.getGeneratedLocalVariableTable(Locals.java:828)
[02:33:35] [ForkJoinPool.commonPool-worker-1/INFO]: [STDERR]: 	at org.spongepowered.asm.util.Locals.getLocalVariableAt(Locals.java:782)
[02:33:35] [ForkJoinPool.commonPool-worker-1/INFO]: [STDERR]: 	at org.spongepowered.asm.util.Locals.getLocalVariableAt(Locals.java:752)
[02:33:35] [ForkJoinPool.commonPool-worker-1/INFO]: [STDERR]: 	at org.spongepowered.asm.util.Locals.getLocalsAt(Locals.java:529)
[02:33:35] [ForkJoinPool.commonPool-worker-1/INFO]: [STDERR]: 	at org.spongepowered.asm.util.Locals.getLocalsAt(Locals.java:336)
[02:33:35] [ForkJoinPool.commonPool-worker-1/INFO]: [STDERR]: 	at org.spongepowered.asm.mixin.injection.modify.LocalVariableDiscriminator$Context.initLocals(LocalVariableDiscriminator.java:154)
[02:33:35] [ForkJoinPool.commonPool-worker-1/INFO]: [STDERR]: 	at org.spongepowered.asm.mixin.injection.modify.LocalVariableDiscriminator$Context.<init>(LocalVariableDiscriminator.java:148)
[02:33:35] [ForkJoinPool.commonPool-worker-1/INFO]: [STDERR]: 	at org.spongepowered.asm.mixin.injection.modify.ModifyVariableInjector$Context.<init>(ModifyVariableInjector.java:71)
[02:33:35] [ForkJoinPool.commonPool-worker-1/INFO]: [STDERR]: 	at org.spongepowered.asm.mixin.injection.modify.ModifyVariableInjector.preInject(ModifyVariableInjector.java:159)
[02:33:35] [ForkJoinPool.commonPool-worker-1/INFO]: [STDERR]: 	at org.spongepowered.asm.mixin.injection.code.Injector.preInject(Injector.java:258)
[02:33:35] [ForkJoinPool.commonPool-worker-1/INFO]: [STDERR]: 	at org.spongepowered.asm.mixin.injection.struct.InjectionInfo.preInject(InjectionInfo.java:436)
[02:33:35] [ForkJoinPool.commonPool-worker-1/INFO]: [STDERR]: 	at org.spongepowered.asm.mixin.transformer.MixinTargetContext.applyInjections(MixinTargetContext.java:1370)
[02:33:35] [ForkJoinPool.commonPool-worker-1/INFO]: [STDERR]: 	at org.spongepowered.asm.mixin.transformer.MixinApplicatorStandard.applyInjections(MixinApplicatorStandard.java:1062)
[02:33:35] [ForkJoinPool.commonPool-worker-1/INFO]: [STDERR]: 	at org.spongepowered.asm.mixin.transformer.MixinApplicatorStandard.applyMixin(MixinApplicatorStandard.java:402)
[02:33:35] [ForkJoinPool.commonPool-worker-1/INFO]: [STDERR]: 	at org.spongepowered.asm.mixin.transformer.MixinApplicatorStandard.apply(MixinApplicatorStandard.java:327)
[02:33:35] [ForkJoinPool.commonPool-worker-1/INFO]: [STDERR]: 	at org.spongepowered.asm.mixin.transformer.TargetClassContext.apply(TargetClassContext.java:421)
[02:33:35] [ForkJoinPool.commonPool-worker-1/INFO]: [STDERR]: 	at org.spongepowered.asm.mixin.transformer.TargetClassContext.applyMixins(TargetClassContext.java:403)
[02:33:35] [ForkJoinPool.commonPool-worker-1/INFO]: [STDERR]: 	at org.spongepowered.asm.mixin.transformer.MixinProcessor.applyMixins(MixinProcessor.java:363)
[02:33:35] [ForkJoinPool.commonPool-worker-1/INFO]: [STDERR]: 	at org.spongepowered.asm.mixin.transformer.MixinTransformer.transformClass(MixinTransformer.java:234)
[02:33:35] [ForkJoinPool.commonPool-worker-1/INFO]: [STDERR]: 	at org.spongepowered.asm.mixin.transformer.MixinTransformer.transformClassBytes(MixinTransformer.java:202)
[02:33:35] [ForkJoinPool.commonPool-worker-1/INFO]: [STDERR]: 	at net.fabricmc.loader.impl.launch.knot.KnotClassDelegate.getPostMixinClassByteArray(KnotClassDelegate.java:422)
[02:33:35] [ForkJoinPool.commonPool-worker-1/INFO]: [STDERR]: 	at net.fabricmc.loader.impl.launch.knot.KnotClassDelegate.tryLoadClass(KnotClassDelegate.java:323)
[02:33:35] [ForkJoinPool.commonPool-worker-1/INFO]: [STDERR]: 	at net.fabricmc.loader.impl.launch.knot.KnotClassDelegate.loadClass(KnotClassDelegate.java:218)
[02:33:35] [ForkJoinPool.commonPool-worker-1/INFO]: [STDERR]: 	at net.fabricmc.loader.impl.launch.knot.KnotClassLoader.loadClass(KnotClassLoader.java:119)
[02:33:35] [ForkJoinPool.commonPool-worker-1/INFO]: [STDERR]: 	at java.base/java.lang.ClassLoader.loadClass(ClassLoader.java:525)
[02:33:35] [ForkJoinPool.commonPool-worker-1/INFO]: [STDERR]: 	at gg.essential.universal.UGraphics.<clinit>(UGraphics.java:774)
[02:33:35] [ForkJoinPool.commonPool-worker-1/INFO]: [STDERR]: 	at gg.essential.elementa.components.UIImage._init_$lambda-1(UIImage.kt:60)
[02:33:35] [ForkJoinPool.commonPool-worker-1/INFO]: [STDERR]: 	at java.base/java.util.concurrent.CompletableFuture$UniAccept.tryFire(CompletableFuture.java:718)
[02:33:35] [ForkJoinPool.commonPool-worker-1/INFO]: [STDERR]: 	at java.base/java.util.concurrent.CompletableFuture$Completion.exec(CompletableFuture.java:483)
[02:33:35] [ForkJoinPool.commonPool-worker-1/INFO]: [STDERR]: 	at java.base/java.util.concurrent.ForkJoinTask.doExec(ForkJoinTask.java:373)
[02:33:35] [ForkJoinPool.commonPool-worker-1/INFO]: [STDERR]: 	at java.base/java.util.concurrent.ForkJoinPool$WorkQueue.topLevelExec(ForkJoinPool.java:1182)
[02:33:35] [ForkJoinPool.commonPool-worker-1/INFO]: [STDERR]: 	at java.base/java.util.concurrent.ForkJoinPool.scan(ForkJoinPool.java:1655)
[02:33:35] [ForkJoinPool.commonPool-worker-1/INFO]: [STDERR]: 	at java.base/java.util.concurrent.ForkJoinPool.runWorker(ForkJoinPool.java:1622)
[02:33:35] [ForkJoinPool.commonPool-worker-1/INFO]: [STDERR]: 	at java.base/java.util.concurrent.ForkJoinWorkerThread.run(ForkJoinWorkerThread.java:165)
[02:33:35] [ForkJoinPool.commonPool-worker-1/INFO]: [STDERR]: Caused by: java.lang.IndexOutOfBoundsException: Trying to set an inexistant local variable 9
[02:33:35] [ForkJoinPool.commonPool-worker-1/INFO]: [STDERR]: 	at org.objectweb.asm.tree.analysis.Frame.setLocal(Frame.java:208)
[02:33:35] [ForkJoinPool.commonPool-worker-1/INFO]: [STDERR]: 	at org.objectweb.asm.tree.analysis.Frame.execute(Frame.java:337)
[02:33:35] [ForkJoinPool.commonPool-worker-1/INFO]: [STDERR]: 	at org.objectweb.asm.tree.analysis.Analyzer.analyze(Analyzer.java:171)
[02:33:35] [ForkJoinPool.commonPool-worker-1/INFO]: [STDERR]: 	... 35 more
[02:33:38] [Render thread/INFO]: Reloading ResourceManager: vanilla, fabric, advanced-xray-fabric, appleskin, carpet, citresewn, citresewn-defaults, cloth-config, entityculling, essential, essential-container, essential-loader, fabric-api, fabric-api-base, fabric-api-lookup-api-v1, fabric-biome-api-v1, fabric-block-api-v1, fabric-block-view-api-v2, fabric-blockrenderlayer-v1, fabric-client-tags-api-v1, fabric-command-api-v1, fabric-command-api-v2, fabric-commands-v0, fabric-containers-v0, fabric-content-registries-v0, fabric-convention-tags-v1, fabric-crash-report-info-v1, fabric-data-attachment-api-v1, fabric-data-generation-api-v1, fabric-dimensions-v1, fabric-entity-events-v1, fabric-events-interaction-v0, fabric-events-lifecycle-v0, fabric-game-rule-api-v1, fabric-item-api-v1, fabric-item-group-api-v1, fabric-key-binding-api-v1, fabric-keybindings-v0, fabric-language-kotlin, fabric-lifecycle-events-v1, fabric-loot-api-v2, fabric-message-api-v1, fabric-mining-level-api-v1, fabric-model-loading-api-v1, fabric-models-v0, fabric-networking-api-v1, fabric-object-builder-api-v1, fabric-particles-v1, fabric-recipe-api-v1, fabric-registry-sync-v0, fabric-renderer-api-v1, fabric-renderer-indigo, fabric-renderer-registries-v1, fabric-rendering-data-attachment-v1, fabric-rendering-fluids-v1, fabric-rendering-v0, fabric-rendering-v1, fabric-resource-conditions-api-v1, fabric-resource-loader-v0, fabric-screen-api-v1, fabric-screen-handler-api-v1, fabric-sound-api-v1, fabric-transfer-api-v1, fabric-transitive-access-wideners-v1, fabricloader, litematica, lithium, logical_zoom, malilib, minihud, nvidium, sodium, tweakeroo, file/KonciPET UI 1.1 default hunger, file/axolotl totem, file/VisibleAncientDebris.zip, file/Identifiable Powdered Snow Minecraft Modder, essential
[02:33:38] [Render thread/WARN]: Non [a-z0-9_.-] character in namespace .DS_Store in pack C:\Users\Miguel Leyesa\AppData\Roaming\.minecraft\resourcepacks\VisibleAncientDebris.zip, ignoring
[02:33:38] [Render thread/WARN]: Non [a-z0-9_.-] character in namespace .DS_Store in pack C:\Users\Miguel Leyesa\AppData\Roaming\.minecraft\resourcepacks\VisibleAncientDebris.zip, ignoring
[02:33:38] [Worker-Main-6/INFO]: Found unifont_all_no_pua-15.1.04.hex, loading
[02:33:38] [Worker-Main-7/WARN]: Invalid path in datapack: minecraft:textures/block/.DS_Store, ignoring
[02:33:39] [Worker-Main-3/WARN]: Non [a-z0-9_.-] character in namespace .DS_Store in pack C:\Users\Miguel Leyesa\AppData\Roaming\.minecraft\resourcepacks\VisibleAncientDebris.zip, ignoring
[02:33:39] [Render thread/INFO]: Client started, setting up xray store
[02:33:40] [DefaultDispatcher-worker-11/INFO]: Connected to Discord as starbuckslarge
[02:33:41] [Render thread/WARN]: Missing sound for event: minecraft:item.goat_horn.play
[02:33:41] [Render thread/WARN]: Missing sound for event: minecraft:entity.goat.screaming.horn_break
[02:33:41] [Render thread/WARN]: Missing sound for event: minecraft:entity.generic.wind_burst
[02:33:41] [Render thread/INFO]: OpenAL initialized on device OpenAL Soft on Speakers (Razer Kraken Kitty Edition)
[02:33:41] [Render thread/INFO]: Sound engine started
[02:33:41] [Render thread/INFO]: Created: 1024x512x4 minecraft:textures/atlas/blocks.png-atlas
[02:33:41] [Render thread/INFO]: Created: 256x256x4 minecraft:textures/atlas/signs.png-atlas
[02:33:41] [Render thread/INFO]: Created: 512x512x4 minecraft:textures/atlas/shield_patterns.png-atlas
[02:33:41] [Render thread/INFO]: Created: 512x512x4 minecraft:textures/atlas/banner_patterns.png-atlas
[02:33:41] [Render thread/INFO]: Created: 1024x1024x4 minecraft:textures/atlas/armor_trims.png-atlas
[02:33:41] [Render thread/INFO]: Created: 128x64x4 minecraft:textures/atlas/decorated_pot.png-atlas
[02:33:41] [Render thread/INFO]: Created: 256x256x4 minecraft:textures/atlas/chest.png-atlas
[02:33:41] [Render thread/INFO]: Created: 512x256x4 minecraft:textures/atlas/shulker_boxes.png-atlas
[02:33:41] [Render thread/INFO]: Created: 512x256x4 minecraft:textures/atlas/beds.png-atlas
[02:33:42] [Render thread/WARN]: Shader rendertype_entity_translucent_emissive could not find sampler named Sampler2 in the specified shader program.
[02:33:42] [Render thread/INFO]: Created: 512x256x0 minecraft:textures/atlas/particles.png-atlas
[02:33:42] [Render thread/INFO]: Created: 256x256x0 minecraft:textures/atlas/paintings.png-atlas
[02:33:42] [Render thread/INFO]: Created: 128x128x0 minecraft:textures/atlas/mob_effects.png-atlas
[02:33:42] [Render thread/INFO]: Created: 1024x512x0 minecraft:textures/atlas/gui.png-atlas
[02:33:44] [Render thread/WARN]: Shader cabb2374eda405e66b897908637abd1da5deac52 could not find uniform named subpixel_amount in the specified shader program.
[02:33:49] [Render thread/INFO]: Loaded 7 recipes
[02:33:49] [Render thread/INFO]: Loaded 1271 advancements
[02:33:49] [Render thread/INFO]: Applied 0 biome modifications to 0 of 64 new biomes in 2.896 ms
[02:33:49] [Render thread/WARN]: @Redirect conflict. Skipping mixins.tweakeroo.json:MixinServerPlayNetworkHandler from mod tweakeroo->@Redirect::tweakeroo_removeHitPosCheck(Lnet/minecraft/class_243;Lnet/minecraft/class_243;)Lnet/minecraft/class_243; with priority 1005, already redirected by mixins.litematica.json:MixinServerPlayNetworkHandler from mod litematica->@Redirect::litematica_removeHitPosCheck(Lnet/minecraft/class_243;Lnet/minecraft/class_243;)Lnet/minecraft/class_243; with priority 1010
[02:33:49] [Server thread/INFO]: Starting integrated minecraft server version 1.20.4
[02:33:49] [Server thread/INFO]: Generating keypair
[02:33:51] [Server thread/INFO]: Preparing start region for dimension minecraft:overworld
[02:33:54] [Render thread/INFO]: Preparing spawn area: 0%
[02:33:54] [Render thread/INFO]: Preparing spawn area: 0%
[02:33:54] [Render thread/INFO]: Preparing spawn area: 0%
[02:33:54] [Render thread/INFO]: Preparing spawn area: 0%
[02:33:54] [Render thread/INFO]: Preparing spawn area: 0%
[02:33:54] [Render thread/INFO]: Preparing spawn area: 0%
[02:33:54] [Render thread/INFO]: Preparing spawn area: 0%
[02:33:54] [Render thread/INFO]: Preparing spawn area: 16%
[02:33:55] [Render thread/INFO]: Time elapsed: 3936 ms
[02:33:55] [Server thread/INFO]: Changing view distance to 16, from 10
[02:33:55] [Server thread/INFO]: Changing simulation distance to 12, from 0
[02:33:56] [Server thread/INFO]: 16thGarden[local:E:1a1c8cc5] logged in with entity id 197 at (-52.874657422923626, 64.0, -7.036973426008272)
[02:33:56] [Server thread/INFO]: 16thGarden joined the game
[02:33:56] [Render thread/INFO]: Started 6 worker threads
[02:33:56] [Render thread/INFO]: Using 3 total BufferBuilder caches
[02:33:57] [Render thread/WARN]: Unable to read property: west with value: false for blockstate: {Name:"minecraft:cobblestone_wall",Properties:{east:"false",north:"false",south:"false",up:"false",west:"false"}}
[02:33:57] [Render thread/WARN]: Unable to read property: east with value: false for blockstate: {Name:"minecraft:cobblestone_wall",Properties:{east:"false",north:"false",south:"false",up:"false",west:"false"}}
[02:33:57] [Render thread/WARN]: Unable to read property: south with value: false for blockstate: {Name:"minecraft:cobblestone_wall",Properties:{east:"false",north:"false",south:"false",up:"false",west:"false"}}
[02:33:57] [Render thread/WARN]: Unable to read property: north with value: false for blockstate: {Name:"minecraft:cobblestone_wall",Properties:{east:"false",north:"false",south:"false",up:"false",west:"false"}}
[02:33:57] [Render thread/WARN]: Unable to read property: west with value: false for blockstate: {Name:"minecraft:mossy_cobblestone_wall",Properties:{east:"false",north:"false",south:"false",up:"false",west:"false"}}
[02:33:57] [Render thread/WARN]: Unable to read property: east with value: false for blockstate: {Name:"minecraft:mossy_cobblestone_wall",Properties:{east:"false",north:"false",south:"false",up:"false",west:"false"}}
[02:33:57] [Render thread/WARN]: Unable to read property: south with value: false for blockstate: {Name:"minecraft:mossy_cobblestone_wall",Properties:{east:"false",north:"false",south:"false",up:"false",west:"false"}}
[02:33:57] [Render thread/WARN]: Unable to read property: north with value: false for blockstate: {Name:"minecraft:mossy_cobblestone_wall",Properties:{east:"false",north:"false",south:"false",up:"false",west:"false"}}
[02:33:57] [Render thread/INFO]: Loaded 983 advancements
[02:34:13] [Render thread/WARN]: Unable to play empty soundEvent: minecraft:entity.puffer_fish.ambient
[02:34:37] [Server thread/INFO]: Saving and pausing game...
[02:34:37] [Server thread/INFO]: Saving chunks for level 'ServerLevel[Epic survival world]'/minecraft:overworld
[02:34:37] [Server thread/INFO]: Saving chunks for level 'ServerLevel[Epic survival world]'/minecraft:the_end
[02:34:37] [Server thread/INFO]: Saving chunks for level 'ServerLevel[Epic survival world]'/minecraft:the_nether
[02:48:38] [Render thread/INFO]: [System] [CHAT] Respawn point set
[02:48:49] [Render thread/INFO]: [System] [CHAT] [Debug]: Chunk borders: shown
[02:49:48] [Render thread/INFO]: [System] [CHAT] [Debug]: Chunk borders: hidden
[02:50:27] [Render thread/INFO]: [System] [CHAT] [Debug]: Chunk borders: shown
[02:50:29] [Render thread/INFO]: [System] [CHAT] [Debug]: Chunk borders: hidden
[02:51:06] [Render thread/INFO]: [System] [CHAT] [Debug]: Chunk borders: shown
[02:51:43] [Render thread/INFO]: [System] [CHAT] [Debug]: Chunk borders: hidden
[02:52:39] [Render thread/INFO]: [System] [CHAT] [Debug]: Chunk borders: shown
[02:58:06] [Render thread/WARN]: Unable to play empty soundEvent: minecraft:entity.cod.ambient
[02:58:06] [Render thread/WARN]: Unable to play empty soundEvent: minecraft:entity.salmon.ambient
[02:59:12] [Render thread/INFO]: [System] [CHAT] [Debug]: Chunk borders: hidden
[02:59:26] [Server thread/INFO]: Saving and pausing game...
[02:59:26] [Render thread/INFO]: Stopping worker threads
[02:59:26] [Server thread/INFO]: Saving chunks for level 'ServerLevel[Epic survival world]'/minecraft:overworld
[02:59:26] [Server thread/INFO]: Saving chunks for level 'ServerLevel[Epic survival world]'/minecraft:the_end
[02:59:26] [Server thread/INFO]: Saving chunks for level 'ServerLevel[Epic survival world]'/minecraft:the_nether
[02:59:26] [Render thread/INFO]: Started 6 worker threads
[02:59:26] [Render thread/INFO]: Stopping worker threads
[02:59:26] [Render thread/INFO]: Started 6 worker threads
[02:59:38] [Render thread/INFO]: Stopping worker threads
[02:59:38] [Server thread/INFO]: Saving and pausing game...
[02:59:38] [Render thread/INFO]: Started 6 worker threads
[02:59:38] [Server thread/INFO]: Saving chunks for level 'ServerLevel[Epic survival world]'/minecraft:overworld
[02:59:38] [Server thread/INFO]: Saving chunks for level 'ServerLevel[Epic survival world]'/minecraft:the_end
[02:59:38] [Server thread/INFO]: Saving chunks for level 'ServerLevel[Epic survival world]'/minecraft:the_nether
[02:59:39] [Render thread/INFO]: Stopping worker threads
[02:59:39] [Render thread/INFO]: Started 6 worker threads
[02:59:39] [Render thread/WARN]: Received passengers for unknown entity
[02:59:39] [Render thread/WARN]: Received passengers for unknown entity
[02:59:40] [Render thread/WARN]: Received passengers for unknown entity
[02:59:40] [Render thread/WARN]: Received passengers for unknown entity
[02:59:56] [Render thread/INFO]: Stopping worker threads
[02:59:56] [Server thread/INFO]: Saving and pausing game...
[02:59:56] [Server thread/INFO]: Saving chunks for level 'ServerLevel[Epic survival world]'/minecraft:overworld
[02:59:56] [Render thread/INFO]: Started 6 worker threads
[02:59:56] [Render thread/INFO]: Stopping worker threads
[02:59:56] [Server thread/INFO]: Saving chunks for level 'ServerLevel[Epic survival world]'/minecraft:the_end
[02:59:56] [Server thread/INFO]: Saving chunks for level 'ServerLevel[Epic survival world]'/minecraft:the_nether
[02:59:56] [Render thread/INFO]: Started 6 worker threads
[03:00:12] [Render thread/INFO]: Stopping worker threads
[03:00:12] [Server thread/INFO]: Saving and pausing game...
[03:00:12] [Render thread/INFO]: Started 6 worker threads
[03:00:12] [Server thread/INFO]: Saving chunks for level 'ServerLevel[Epic survival world]'/minecraft:overworld
[03:00:12] [Render thread/INFO]: Stopping worker threads
[03:00:12] [Server thread/INFO]: Saving chunks for level 'ServerLevel[Epic survival world]'/minecraft:the_end
[03:00:12] [Server thread/INFO]: Saving chunks for level 'ServerLevel[Epic survival world]'/minecraft:the_nether
[03:00:12] [Render thread/INFO]: Started 6 worker threads
[03:14:41] [Server thread/INFO]: Saving and pausing game...
[03:14:41] [Server thread/INFO]: Saving chunks for level 'ServerLevel[Epic survival world]'/minecraft:overworld
[03:14:41] [Server thread/INFO]: Saving chunks for level 'ServerLevel[Epic survival world]'/minecraft:the_end
[03:14:41] [Server thread/INFO]: Saving chunks for level 'ServerLevel[Epic survival world]'/minecraft:the_nether
[03:18:16] [Render thread/WARN]: Unable to play empty soundEvent: minecraft:entity.tropical_fish.ambient
[03:51:50] [Render thread/INFO]: Stopping worker threads
[03:51:50] [Server thread/INFO]: Saving and pausing game...
[03:51:50] [Server thread/INFO]: Saving chunks for level 'ServerLevel[Epic survival world]'/minecraft:overworld
[03:51:50] [Render thread/INFO]: Started 6 worker threads
[03:51:50] [Server thread/INFO]: Saving chunks for level 'ServerLevel[Epic survival world]'/minecraft:the_end
[03:51:50] [Server thread/INFO]: Saving chunks for level 'ServerLevel[Epic survival world]'/minecraft:the_nether
[03:51:50] [Render thread/INFO]: Stopping worker threads
[03:51:51] [Render thread/INFO]: Started 6 worker threads
[03:51:59] [Server thread/INFO]: Saving and pausing game...
[03:51:59] [Server thread/INFO]: Saving chunks for level 'ServerLevel[Epic survival world]'/minecraft:overworld
[03:51:59] [Server thread/INFO]: Saving chunks for level 'ServerLevel[Epic survival world]'/minecraft:the_end
[03:51:59] [Server thread/INFO]: Saving chunks for level 'ServerLevel[Epic survival world]'/minecraft:the_nether
[03:52:00] [Render thread/ERROR]: Error saving option Brightness: DynamicException[Value 16.0 outside of range [0.0:1.0] Optional[16.0]]
[03:52:00] [Render thread/ERROR]: Error saving option Brightness: DynamicException[Value 16.0 outside of range [0.0:1.0] Optional[16.0]]
[03:52:00] [Render thread/ERROR]: Error saving option Brightness: DynamicException[Value 16.0 outside of range [0.0:1.0] Optional[16.0]]
[03:52:00] [Render thread/ERROR]: Error saving option Brightness: DynamicException[Value 16.0 outside of range [0.0:1.0] Optional[16.0]]
[03:52:00] [Render thread/ERROR]: Error saving option Brightness: DynamicException[Value 16.0 outside of range [0.0:1.0] Optional[16.0]]
[03:52:00] [Render thread/ERROR]: Error saving option Brightness: DynamicException[Value 16.0 outside of range [0.0:1.0] Optional[16.0]]
[03:52:00] [Render thread/ERROR]: Error saving option Brightness: DynamicException[Value 16.0 outside of range [0.0:1.0] Optional[16.0]]
[03:52:00] [Render thread/ERROR]: Error saving option Brightness: DynamicException[Value 16.0 outside of range [0.0:1.0] Optional[16.0]]
[03:52:00] [Render thread/ERROR]: Error saving option Brightness: DynamicException[Value 16.0 outside of range [0.0:1.0] Optional[16.0]]
[03:52:00] [Render thread/ERROR]: Error saving option Brightness: DynamicException[Value 16.0 outside of range [0.0:1.0] Optional[16.0]]
[03:52:00] [Render thread/ERROR]: Error saving option Brightness: DynamicException[Value 16.0 outside of range [0.0:1.0] Optional[16.0]]
[03:52:00] [Render thread/ERROR]: Error saving option Brightness: DynamicException[Value 16.0 outside of range [0.0:1.0] Optional[16.0]]
[03:52:00] [Render thread/ERROR]: Error saving option Brightness: DynamicException[Value 16.0 outside of range [0.0:1.0] Optional[16.0]]
[03:52:00] [Render thread/ERROR]: Error saving option Brightness: DynamicException[Value 16.0 outside of range [0.0:1.0] Optional[16.0]]
[03:52:00] [Render thread/ERROR]: Error saving option Brightness: DynamicException[Value 16.0 outside of range [0.0:1.0] Optional[16.0]]
[03:52:00] [Render thread/ERROR]: Error saving option Brightness: DynamicException[Value 16.0 outside of range [0.0:1.0] Optional[16.0]]
[03:52:00] [Render thread/ERROR]: Error saving option Brightness: DynamicException[Value 16.0 outside of range [0.0:1.0] Optional[16.0]]
[03:52:00] [Render thread/ERROR]: Error saving option Brightness: DynamicException[Value 16.0 outside of range [0.0:1.0] Optional[16.0]]
[03:52:00] [Render thread/ERROR]: Error saving option Brightness: DynamicException[Value 16.0 outside of range [0.0:1.0] Optional[16.0]]
[03:52:00] [Render thread/ERROR]: Error saving option Brightness: DynamicException[Value 16.0 outside of range [0.0:1.0] Optional[16.0]]
[03:52:00] [Render thread/ERROR]: Error saving option Brightness: DynamicException[Value 16.0 outside of range [0.0:1.0] Optional[16.0]]
[03:52:00] [Render thread/ERROR]: Error saving option Brightness: DynamicException[Value 16.0 outside of range [0.0:1.0] Optional[16.0]]
[03:52:00] [Render thread/ERROR]: Error saving option Brightness: DynamicException[Value 16.0 outside of range [0.0:1.0] Optional[16.0]]
[03:52:00] [Render thread/ERROR]: Error saving option Brightness: DynamicException[Value 16.0 outside of range [0.0:1.0] Optional[16.0]]
[03:52:00] [Render thread/ERROR]: Error saving option Brightness: DynamicException[Value 16.0 outside of range [0.0:1.0] Optional[16.0]]
[03:52:00] [Render thread/ERROR]: Error saving option Brightness: DynamicException[Value 16.0 outside of range [0.0:1.0] Optional[16.0]]
[03:52:00] [Render thread/ERROR]: Error saving option Brightness: DynamicException[Value 16.0 outside of range [0.0:1.0] Optional[16.0]]
[03:52:00] [Render thread/ERROR]: Error saving option Brightness: DynamicException[Value 16.0 outside of range [0.0:1.0] Optional[16.0]]
[03:52:00] [Render thread/ERROR]: Error saving option Brightness: DynamicException[Value 16.0 outside of range [0.0:1.0] Optional[16.0]]
[03:52:00] [Render thread/ERROR]: Error saving option Brightness: DynamicException[Value 16.0 outside of range [0.0:1.0] Optional[16.0]]
[03:52:00] [Render thread/ERROR]: Error saving option Brightness: DynamicException[Value 16.0 outside of range [0.0:1.0] Optional[16.0]]
[03:52:00] [Render thread/ERROR]: Error saving option Brightness: DynamicException[Value 16.0 outside of range [0.0:1.0] Optional[16.0]]
[03:52:00] [Render thread/ERROR]: Error saving option Brightness: DynamicException[Value 16.0 outside of range [0.0:1.0] Optional[16.0]]
[03:52:00] [Render thread/ERROR]: Error saving option Brightness: DynamicException[Value 16.0 outside of range [0.0:1.0] Optional[16.0]]
[03:52:00] [Render thread/ERROR]: Error saving option Brightness: DynamicException[Value 16.0 outside of range [0.0:1.0] Optional[16.0]]
[03:52:00] [Render thread/ERROR]: Error saving option Brightness: DynamicException[Value 16.0 outside of range [0.0:1.0] Optional[16.0]]
[03:52:00] [Render thread/ERROR]: Error saving option Brightness: DynamicException[Value 16.0 outside of range [0.0:1.0] Optional[16.0]]
[03:52:00] [Render thread/ERROR]: Error saving option Brightness: DynamicException[Value 16.0 outside of range [0.0:1.0] Optional[16.0]]
[03:52:00] [Render thread/ERROR]: Error saving option Brightness: DynamicException[Value 16.0 outside of range [0.0:1.0] Optional[16.0]]
[03:52:00] [Render thread/ERROR]: Error saving option Brightness: DynamicException[Value 16.0 outside of range [0.0:1.0] Optional[16.0]]
[03:52:00] [Render thread/ERROR]: Error saving option Brightness: DynamicException[Value 16.0 outside of range [0.0:1.0] Optional[16.0]]
[03:52:00] [Render thread/ERROR]: Error saving option Brightness: DynamicException[Value 16.0 outside of range [0.0:1.0] Optional[16.0]]
[03:52:00] [Render thread/ERROR]: Error saving option Brightness: DynamicException[Value 16.0 outside of range [0.0:1.0] Optional[16.0]]
[03:52:00] [Render thread/ERROR]: Error saving option Brightness: DynamicException[Value 16.0 outside of range [0.0:1.0] Optional[16.0]]
[03:52:00] [Render thread/ERROR]: Error saving option Brightness: DynamicException[Value 16.0 outside of range [0.0:1.0] Optional[16.0]]
[03:52:00] [Render thread/ERROR]: Error saving option Brightness: DynamicException[Value 16.0 outside of range [0.0:1.0] Optional[16.0]]
[03:52:00] [Render thread/ERROR]: Error saving option Brightness: DynamicException[Value 16.0 outside of range [0.0:1.0] Optional[16.0]]
[03:52:00] [Render thread/ERROR]: Error saving option Brightness: DynamicException[Value 16.0 outside of range [0.0:1.0] Optional[16.0]]
[03:52:00] [Render thread/ERROR]: Error saving option Brightness: DynamicException[Value 16.0 outside of range [0.0:1.0] Optional[16.0]]
[03:53:53] [Server thread/INFO]: Saving and pausing game...
[03:53:53] [Server thread/INFO]: Saving chunks for level 'ServerLevel[Epic survival world]'/minecraft:overworld
[03:53:53] [Server thread/INFO]: Saving chunks for level 'ServerLevel[Epic survival world]'/minecraft:the_end
[03:53:53] [Server thread/INFO]: Saving chunks for level 'ServerLevel[Epic survival world]'/minecraft:the_nether
[03:53:53] [Render thread/ERROR]: Error saving option Brightness: DynamicException[Value 16.0 outside of range [0.0:1.0] Optional[16.0]]
[03:53:53] [Render thread/ERROR]: Error saving option Brightness: DynamicException[Value 16.0 outside of range [0.0:1.0] Optional[16.0]]
[03:53:53] [Render thread/ERROR]: Error saving option Brightness: DynamicException[Value 16.0 outside of range [0.0:1.0] Optional[16.0]]
[03:53:53] [Render thread/ERROR]: Error saving option Brightness: DynamicException[Value 16.0 outside of range [0.0:1.0] Optional[16.0]]
[03:53:53] [Render thread/ERROR]: Error saving option Brightness: DynamicException[Value 16.0 outside of range [0.0:1.0] Optional[16.0]]
[03:53:53] [Render thread/ERROR]: Error saving option Brightness: DynamicException[Value 16.0 outside of range [0.0:1.0] Optional[16.0]]
[03:53:53] [Render thread/ERROR]: Error saving option Brightness: DynamicException[Value 16.0 outside of range [0.0:1.0] Optional[16.0]]
[03:53:53] [Render thread/ERROR]: Error saving option Brightness: DynamicException[Value 16.0 outside of range [0.0:1.0] Optional[16.0]]
[03:53:53] [Render thread/ERROR]: Error saving option Brightness: DynamicException[Value 16.0 outside of range [0.0:1.0] Optional[16.0]]
[03:53:54] [Render thread/ERROR]: Error saving option Brightness: DynamicException[Value 16.0 outside of range [0.0:1.0] Optional[16.0]]
[03:53:54] [Render thread/ERROR]: Error saving option Brightness: DynamicException[Value 16.0 outside of range [0.0:1.0] Optional[16.0]]
[03:53:54] [Render thread/ERROR]: Error saving option Brightness: DynamicException[Value 16.0 outside of range [0.0:1.0] Optional[16.0]]
[03:53:54] [Render thread/ERROR]: Error saving option Brightness: DynamicException[Value 16.0 outside of range [0.0:1.0] Optional[16.0]]
[03:53:54] [Render thread/ERROR]: Error saving option Brightness: DynamicException[Value 16.0 outside of range [0.0:1.0] Optional[16.0]]
[03:53:54] [Render thread/ERROR]: Error saving option Brightness: DynamicException[Value 16.0 outside of range [0.0:1.0] Optional[16.0]]
[03:53:54] [Render thread/ERROR]: Error saving option Brightness: DynamicException[Value 16.0 outside of range [0.0:1.0] Optional[16.0]]
[03:53:54] [Render thread/ERROR]: Error saving option Brightness: DynamicException[Value 16.0 outside of range [0.0:1.0] Optional[16.0]]
[03:53:54] [Render thread/ERROR]: Error saving option Brightness: DynamicException[Value 16.0 outside of range [0.0:1.0] Optional[16.0]]
[03:53:54] [Render thread/ERROR]: Error saving option Brightness: DynamicException[Value 16.0 outside of range [0.0:1.0] Optional[16.0]]
[03:53:54] [Render thread/ERROR]: Error saving option Brightness: DynamicException[Value 16.0 outside of range [0.0:1.0] Optional[16.0]]
[03:53:54] [Render thread/ERROR]: Error saving option Brightness: DynamicException[Value 16.0 outside of range [0.0:1.0] Optional[16.0]]
[03:53:54] [Render thread/ERROR]: Error saving option Brightness: DynamicException[Value 16.0 outside of range [0.0:1.0] Optional[16.0]]
[03:53:54] [Render thread/ERROR]: Error saving option Brightness: DynamicException[Value 16.0 outside of range [0.0:1.0] Optional[16.0]]
[03:53:54] [Render thread/ERROR]: Error saving option Brightness: DynamicException[Value 16.0 outside of range [0.0:1.0] Optional[16.0]]
[03:53:54] [Render thread/ERROR]: Error saving option Brightness: DynamicException[Value 16.0 outside of range [0.0:1.0] Optional[16.0]]
[03:53:54] [Render thread/ERROR]: Error saving option Brightness: DynamicException[Value 16.0 outside of range [0.0:1.0] Optional[16.0]]
[03:53:54] [Render thread/ERROR]: Error saving option Brightness: DynamicException[Value 16.0 outside of range [0.0:1.0] Optional[16.0]]
[03:53:54] [Render thread/ERROR]: Error saving option Brightness: DynamicException[Value 16.0 outside of range [0.0:1.0] Optional[16.0]]
[03:53:54] [Render thread/ERROR]: Error saving option Brightness: DynamicException[Value 16.0 outside of range [0.0:1.0] Optional[16.0]]
[03:53:54] [Render thread/ERROR]: Error saving option Brightness: DynamicException[Value 16.0 outside of range [0.0:1.0] Optional[16.0]]
[03:53:54] [Render thread/ERROR]: Error saving option Brightness: DynamicException[Value 16.0 outside of range [0.0:1.0] Optional[16.0]]
[03:53:54] [Render thread/ERROR]: Error saving option Brightness: DynamicException[Value 16.0 outside of range [0.0:1.0] Optional[16.0]]
[03:53:54] [Render thread/ERROR]: Error saving option Brightness: DynamicException[Value 16.0 outside of range [0.0:1.0] Optional[16.0]]
[03:53:54] [Render thread/ERROR]: Error saving option Brightness: DynamicException[Value 16.0 outside of range [0.0:1.0] Optional[16.0]]
[03:53:54] [Render thread/ERROR]: Error saving option Brightness: DynamicException[Value 16.0 outside of range [0.0:1.0] Optional[16.0]]
[03:53:54] [Render thread/ERROR]: Error saving option Brightness: DynamicException[Value 16.0 outside of range [0.0:1.0] Optional[16.0]]
[03:53:54] [Render thread/ERROR]: Error saving option Brightness: DynamicException[Value 16.0 outside of range [0.0:1.0] Optional[16.0]]
[03:53:54] [Render thread/ERROR]: Error saving option Brightness: DynamicException[Value 16.0 outside of range [0.0:1.0] Optional[16.0]]
[03:53:54] [Render thread/ERROR]: Error saving option Brightness: DynamicException[Value 16.0 outside of range [0.0:1.0] Optional[16.0]]
[03:53:54] [Render thread/ERROR]: Error saving option Brightness: DynamicException[Value 16.0 outside of range [0.0:1.0] Optional[16.0]]
[03:53:54] [Render thread/ERROR]: Error saving option Brightness: DynamicException[Value 16.0 outside of range [0.0:1.0] Optional[16.0]]
[03:53:54] [Render thread/ERROR]: Error saving option Brightness: DynamicException[Value 16.0 outside of range [0.0:1.0] Optional[16.0]]
[03:53:54] [Render thread/ERROR]: Error saving option Brightness: DynamicException[Value 16.0 outside of range [0.0:1.0] Optional[16.0]]
[03:53:54] [Render thread/ERROR]: Error saving option Brightness: DynamicException[Value 16.0 outside of range [0.0:1.0] Optional[16.0]]
[03:53:54] [Render thread/ERROR]: Error saving option Brightness: DynamicException[Value 16.0 outside of range [0.0:1.0] Optional[16.0]]
[03:53:54] [Render thread/ERROR]: Error saving option Brightness: DynamicException[Value 16.0 outside of range [0.0:1.0] Optional[16.0]]
[03:53:54] [Render thread/ERROR]: Error saving option Brightness: DynamicException[Value 16.0 outside of range [0.0:1.0] Optional[16.0]]
[03:53:54] [Render thread/ERROR]: Error saving option Brightness: DynamicException[Value 16.0 outside of range [0.0:1.0] Optional[16.0]]
[03:53:54] [Render thread/ERROR]: Error saving option Brightness: DynamicException[Value 16.0 outside of range [0.0:1.0] Optional[16.0]]
[03:53:54] [Render thread/ERROR]: Error saving option Brightness: DynamicException[Value 16.0 outside of range [0.0:1.0] Optional[16.0]]
[03:53:54] [Render thread/ERROR]: Error saving option Brightness: DynamicException[Value 16.0 outside of range [0.0:1.0] Optional[16.0]]
[03:53:55] [Render thread/ERROR]: Error saving option Brightness: DynamicException[Value 16.0 outside of range [0.0:1.0] Optional[16.0]]
[03:53:55] [Render thread/ERROR]: Error saving option Brightness: DynamicException[Value 16.0 outside of range [0.0:1.0] Optional[16.0]]
[03:53:55] [Render thread/ERROR]: Error saving option Brightness: DynamicException[Value 16.0 outside of range [0.0:1.0] Optional[16.0]]
[03:53:55] [Render thread/ERROR]: Error saving option Brightness: DynamicException[Value 16.0 outside of range [0.0:1.0] Optional[16.0]]
[03:53:55] [Render thread/ERROR]: Error saving option Brightness: DynamicException[Value 16.0 outside of range [0.0:1.0] Optional[16.0]]
[03:53:55] [Render thread/ERROR]: Error saving option Brightness: DynamicException[Value 16.0 outside of range [0.0:1.0] Optional[16.0]]
[03:53:55] [Render thread/ERROR]: Error saving option Brightness: DynamicException[Value 16.0 outside of range [0.0:1.0] Optional[16.0]]
[03:55:08] [CullThread/INFO]: [STDERR]: java.lang.ArrayIndexOutOfBoundsException: Index 469 out of bounds for length 257
[03:55:08] [CullThread/INFO]: [STDERR]: 	at it.unimi.dsi.fastutil.ints.Int2ObjectLinkedOpenHashMap$MapIterator.nextEntry(Int2ObjectLinkedOpenHashMap.java:1183)
[03:55:08] [CullThread/INFO]: [STDERR]: 	at it.unimi.dsi.fastutil.ints.Int2ObjectLinkedOpenHashMap$ValueIterator.next(Int2ObjectLinkedOpenHashMap.java:1689)
[03:55:08] [CullThread/INFO]: [STDERR]: 	at com.google.common.collect.Iterators$1.next(Iterators.java:146)
[03:55:08] [CullThread/INFO]: [STDERR]: 	at dev.tr7zw.entityculling.CullTask.cullEntities(CullTask.java:90)
[03:55:08] [CullThread/INFO]: [STDERR]: 	at dev.tr7zw.entityculling.CullTask.run(CullTask.java:71)
[03:55:08] [CullThread/INFO]: [STDERR]: 	at java.base/java.lang.Thread.run(Thread.java:833)
[03:55:25] [Render thread/INFO]: Stopping worker threads
[03:55:25] [Server thread/INFO]: Saving and pausing game...
[03:55:25] [Server thread/INFO]: Saving chunks for level 'ServerLevel[Epic survival world]'/minecraft:overworld
[03:55:25] [Render thread/INFO]: Started 6 worker threads
[03:55:25] [Server thread/INFO]: Saving chunks for level 'ServerLevel[Epic survival world]'/minecraft:the_end
[03:55:25] [Server thread/INFO]: Saving chunks for level 'ServerLevel[Epic survival world]'/minecraft:the_nether
[03:55:25] [Render thread/INFO]: Stopping worker threads
[03:55:25] [Render thread/INFO]: Started 6 worker threads
[03:55:29] [Render thread/INFO]: Stopping worker threads
[03:55:29] [Render thread/INFO]: Started 6 worker threads
[03:55:29] [Server thread/INFO]: Saving and pausing game...
[03:55:29] [Render thread/INFO]: Stopping worker threads
[03:55:29] [Server thread/INFO]: Saving chunks for level 'ServerLevel[Epic survival world]'/minecraft:overworld
[03:55:29] [Render thread/INFO]: Started 6 worker threads
[03:55:29] [Server thread/INFO]: Saving chunks for level 'ServerLevel[Epic survival world]'/minecraft:the_end
[03:55:29] [Server thread/INFO]: Saving chunks for level 'ServerLevel[Epic survival world]'/minecraft:the_nether
[03:58:31] [Render thread/INFO]: Stopping worker threads
[03:58:31] [Render thread/INFO]: Started 6 worker threads
[03:58:31] [Server thread/INFO]: Saving and pausing game...
[03:58:32] [Render thread/INFO]: Stopping worker threads
[03:58:32] [Server thread/INFO]: Saving chunks for level 'ServerLevel[Epic survival world]'/minecraft:overworld
[03:58:32] [Server thread/INFO]: Saving chunks for level 'ServerLevel[Epic survival world]'/minecraft:the_end
[03:58:32] [Server thread/INFO]: Saving chunks for level 'ServerLevel[Epic survival world]'/minecraft:the_nether
[03:58:32] [Render thread/INFO]: Started 6 worker threads
[03:59:26] [Render thread/INFO]: Stopping worker threads
[03:59:26] [Server thread/INFO]: Saving and pausing game...
[03:59:26] [Server thread/INFO]: Saving chunks for level 'ServerLevel[Epic survival world]'/minecraft:overworld
[03:59:26] [Render thread/INFO]: Started 6 worker threads
[03:59:26] [Server thread/INFO]: Saving chunks for level 'ServerLevel[Epic survival world]'/minecraft:the_end
[03:59:26] [Server thread/INFO]: Saving chunks for level 'ServerLevel[Epic survival world]'/minecraft:the_nether
[03:59:26] [Render thread/INFO]: Stopping worker threads
[03:59:26] [Render thread/INFO]: Started 6 worker threads
[03:59:47] [Render thread/INFO]: Stopping worker threads
[03:59:47] [Server thread/INFO]: Saving and pausing game...
[03:59:47] [Server thread/INFO]: Saving chunks for level 'ServerLevel[Epic survival world]'/minecraft:overworld
[03:59:47] [Render thread/INFO]: Started 6 worker threads
[03:59:47] [Server thread/INFO]: Saving chunks for level 'ServerLevel[Epic survival world]'/minecraft:the_end
[03:59:47] [Server thread/INFO]: Saving chunks for level 'ServerLevel[Epic survival world]'/minecraft:the_nether
[03:59:47] [Render thread/INFO]: Stopping worker threads
[03:59:47] [Render thread/INFO]: Started 6 worker threads
[03:59:47] [Render thread/WARN]: Received passengers for unknown entity
[03:59:47] [Render thread/WARN]: Received passengers for unknown entity
[03:59:47] [Render thread/WARN]: Received passengers for unknown entity
[03:59:47] [Render thread/WARN]: Received passengers for unknown entity
[03:59:47] [Render thread/WARN]: Received passengers for unknown entity
[03:59:47] [Render thread/WARN]: Received passengers for unknown entity
[03:59:47] [Render thread/WARN]: Received passengers for unknown entity
[03:59:47] [Render thread/WARN]: Received passengers for unknown entity
[03:59:47] [Render thread/WARN]: Received passengers for unknown entity
[03:59:47] [Render thread/WARN]: Received passengers for unknown entity
[03:59:47] [Render thread/WARN]: Received passengers for unknown entity
[03:59:47] [Render thread/WARN]: Received passengers for unknown entity
[03:59:47] [Render thread/WARN]: Received passengers for unknown entity
[03:59:47] [Render thread/WARN]: Received passengers for unknown entity
[03:59:47] [Render thread/WARN]: Received passengers for unknown entity
[03:59:47] [Render thread/WARN]: Received passengers for unknown entity
[03:59:47] [Render thread/WARN]: Received passengers for unknown entity
[03:59:47] [Render thread/WARN]: Received passengers for unknown entity
[03:59:47] [Render thread/WARN]: Received passengers for unknown entity
[04:01:21] [Essential Thread 20/WARN]: Connection closed unexpectedly (CloseInfo(code=4500, reason=SERVER_KEEP_ALIVE_TIMEOUT, remote=false, outdated=false)) after 1h 27m 47.941364300s
[04:01:21] [Render thread/INFO]: Authenticating to Mojang as 16thGarden (dc0548c7-2c22-450e-91f5-2a17cfde2a12)
[04:01:21] [DefaultDispatcher-worker-9/INFO]: [STDERR]: java.net.UnknownHostException: sessionserver.mojang.com
[04:01:21] [DefaultDispatcher-worker-9/INFO]: [STDERR]: 	at java.base/sun.nio.ch.NioSocketImpl.connect(NioSocketImpl.java:572)
[04:01:21] [DefaultDispatcher-worker-9/INFO]: [STDERR]: 	at java.base/java.net.SocksSocketImpl.connect(SocksSocketImpl.java:327)
[04:01:21] [DefaultDispatcher-worker-9/INFO]: [STDERR]: 	at java.base/java.net.Socket.connect(Socket.java:633)
[04:01:21] [DefaultDispatcher-worker-9/INFO]: [STDERR]: 	at java.base/sun.security.ssl.SSLSocketImpl.connect(SSLSocketImpl.java:304)
[04:01:21] [DefaultDispatcher-worker-9/INFO]: [STDERR]: 	at java.base/sun.security.ssl.BaseSSLSocketImpl.connect(BaseSSLSocketImpl.java:174)
[04:01:21] [DefaultDispatcher-worker-9/INFO]: [STDERR]: 	at java.base/sun.net.NetworkClient.doConnect(NetworkClient.java:183)
[04:01:21] [DefaultDispatcher-worker-9/INFO]: [STDERR]: 	at java.base/sun.net.www.http.HttpClient.openServer(HttpClient.java:533)
[04:01:21] [DefaultDispatcher-worker-9/INFO]: [STDERR]: 	at java.base/sun.net.www.http.HttpClient.openServer(HttpClient.java:638)
[04:01:21] [DefaultDispatcher-worker-9/INFO]: [STDERR]: 	at java.base/sun.net.www.protocol.https.HttpsClient.<init>(HttpsClient.java:266)
[04:01:21] [DefaultDispatcher-worker-9/INFO]: [STDERR]: 	at java.base/sun.net.www.protocol.https.HttpsClient.New(HttpsClient.java:380)
[04:01:21] [DefaultDispatcher-worker-9/INFO]: [STDERR]: 	at java.base/sun.net.www.protocol.https.AbstractDelegateHttpsURLConnection.getNewHttpClient(AbstractDelegateHttpsURLConnection.java:193)
[04:01:21] [DefaultDispatcher-worker-9/INFO]: [STDERR]: 	at java.base/sun.net.www.protocol.http.HttpURLConnection.plainConnect0(HttpURLConnection.java:1242)
[04:01:21] [DefaultDispatcher-worker-9/INFO]: [STDERR]: 	at java.base/sun.net.www.protocol.http.HttpURLConnection.plainConnect(HttpURLConnection.java:1128)
[04:01:21] [DefaultDispatcher-worker-9/INFO]: [STDERR]: 	at java.base/sun.net.www.protocol.https.AbstractDelegateHttpsURLConnection.connect(AbstractDelegateHttpsURLConnection.java:179)
[04:01:21] [DefaultDispatcher-worker-9/INFO]: [STDERR]: 	at java.base/sun.net.www.protocol.https.HttpsURLConnectionImpl.connect(HttpsURLConnectionImpl.java:142)
[04:01:21] [DefaultDispatcher-worker-9/INFO]: [STDERR]: 	at gg.essential.util.LoginUtil.joinServer(LoginUtil.java:31)
[04:01:21] [DefaultDispatcher-worker-9/INFO]: [STDERR]: 	at gg.essential.network.connectionmanager.ConnectionManagerKt$connectLoop$statusCode$1.invokeSuspend(ConnectionManagerKt.kt:137)
[04:01:21] [DefaultDispatcher-worker-9/INFO]: [STDERR]: 	at kotlin.coroutines.jvm.internal.BaseContinuationImpl.resumeWith(ContinuationImpl.kt:33)
[04:01:21] [DefaultDispatcher-worker-9/INFO]: [STDERR]: 	at kotlinx.coroutines.DispatchedTask.run(DispatchedTask.kt:108)
[04:01:21] [DefaultDispatcher-worker-9/INFO]: [STDERR]: 	at kotlinx.coroutines.internal.LimitedDispatcher$Worker.run(LimitedDispatcher.kt:115)
[04:01:21] [DefaultDispatcher-worker-9/INFO]: [STDERR]: 	at kotlinx.coroutines.scheduling.TaskImpl.run(Tasks.kt:103)
[04:01:21] [DefaultDispatcher-worker-9/INFO]: [STDERR]: 	at kotlinx.coroutines.scheduling.CoroutineScheduler.runSafely(CoroutineScheduler.kt:584)
[04:01:21] [DefaultDispatcher-worker-9/INFO]: [STDERR]: 	at kotlinx.coroutines.scheduling.CoroutineScheduler$Worker.executeTask(CoroutineScheduler.kt:793)
[04:01:21] [DefaultDispatcher-worker-9/INFO]: [STDERR]: 	at kotlinx.coroutines.scheduling.CoroutineScheduler$Worker.runWorker(CoroutineScheduler.kt:697)
[04:01:21] [DefaultDispatcher-worker-9/INFO]: [STDERR]: 	at kotlinx.coroutines.scheduling.CoroutineScheduler$Worker.run(CoroutineScheduler.kt:684)
[04:01:21] [DefaultDispatcher-worker-9/WARN]: Got unexpected reply from Mojang: -1
[04:01:21] [Render thread/INFO]: Authenticating to Mojang as 16thGarden (dc0548c7-2c22-450e-91f5-2a17cfde2a12)
[04:01:21] [DefaultDispatcher-worker-9/INFO]: [STDERR]: java.net.UnknownHostException: sessionserver.mojang.com
[04:01:21] [DefaultDispatcher-worker-9/INFO]: [STDERR]: 	at java.base/sun.nio.ch.NioSocketImpl.connect(NioSocketImpl.java:572)
[04:01:21] [DefaultDispatcher-worker-9/INFO]: [STDERR]: 	at java.base/java.net.SocksSocketImpl.connect(SocksSocketImpl.java:327)
[04:01:21] [DefaultDispatcher-worker-9/INFO]: [STDERR]: 	at java.base/java.net.Socket.connect(Socket.java:633)
[04:01:21] [DefaultDispatcher-worker-9/INFO]: [STDERR]: 	at java.base/sun.security.ssl.SSLSocketImpl.connect(SSLSocketImpl.java:304)
[04:01:21] [DefaultDispatcher-worker-9/INFO]: [STDERR]: 	at java.base/sun.security.ssl.BaseSSLSocketImpl.connect(BaseSSLSocketImpl.java:174)
[04:01:21] [DefaultDispatcher-worker-9/INFO]: [STDERR]: 	at java.base/sun.net.NetworkClient.doConnect(NetworkClient.java:183)
[04:01:21] [DefaultDispatcher-worker-9/INFO]: [STDERR]: 	at java.base/sun.net.www.http.HttpClient.openServer(HttpClient.java:533)
[04:01:21] [DefaultDispatcher-worker-9/INFO]: [STDERR]: 	at java.base/sun.net.www.http.HttpClient.openServer(HttpClient.java:638)
[04:01:21] [DefaultDispatcher-worker-9/INFO]: [STDERR]: 	at java.base/sun.net.www.protocol.https.HttpsClient.<init>(HttpsClient.java:266)
[04:01:21] [DefaultDispatcher-worker-9/INFO]: [STDERR]: 	at java.base/sun.net.www.protocol.https.HttpsClient.New(HttpsClient.java:380)
[04:01:21] [DefaultDispatcher-worker-9/INFO]: [STDERR]: 	at java.base/sun.net.www.protocol.https.AbstractDelegateHttpsURLConnection.getNewHttpClient(AbstractDelegateHttpsURLConnection.java:193)
[04:01:21] [DefaultDispatcher-worker-9/INFO]: [STDERR]: 	at java.base/sun.net.www.protocol.http.HttpURLConnection.plainConnect0(HttpURLConnection.java:1242)
[04:01:21] [DefaultDispatcher-worker-9/INFO]: [STDERR]: 	at java.base/sun.net.www.protocol.http.HttpURLConnection.plainConnect(HttpURLConnection.java:1128)
[04:01:21] [DefaultDispatcher-worker-9/INFO]: [STDERR]: 	at java.base/sun.net.www.protocol.https.AbstractDelegateHttpsURLConnection.connect(AbstractDelegateHttpsURLConnection.java:179)
[04:01:21] [DefaultDispatcher-worker-9/INFO]: [STDERR]: 	at java.base/sun.net.www.protocol.https.HttpsURLConnectionImpl.connect(HttpsURLConnectionImpl.java:142)
[04:01:21] [DefaultDispatcher-worker-9/INFO]: [STDERR]: 	at gg.essential.util.LoginUtil.joinServer(LoginUtil.java:31)
[04:01:21] [DefaultDispatcher-worker-9/INFO]: [STDERR]: 	at gg.essential.network.connectionmanager.ConnectionManagerKt$connectLoop$statusCode$1.invokeSuspend(ConnectionManagerKt.kt:137)
[04:01:21] [DefaultDispatcher-worker-9/INFO]: [STDERR]: 	at kotlin.coroutines.jvm.internal.BaseContinuationImpl.resumeWith(ContinuationImpl.kt:33)
[04:01:21] [DefaultDispatcher-worker-9/INFO]: [STDERR]: 	at kotlinx.coroutines.DispatchedTask.run(DispatchedTask.kt:108)
[04:01:21] [DefaultDispatcher-worker-9/INFO]: [STDERR]: 	at kotlinx.coroutines.internal.LimitedDispatcher$Worker.run(LimitedDispatcher.kt:115)
[04:01:21] [DefaultDispatcher-worker-9/INFO]: [STDERR]: 	at kotlinx.coroutines.scheduling.TaskImpl.run(Tasks.kt:103)
[04:01:21] [DefaultDispatcher-worker-9/INFO]: [STDERR]: 	at kotlinx.coroutines.scheduling.CoroutineScheduler.runSafely(CoroutineScheduler.kt:584)
[04:01:21] [DefaultDispatcher-worker-9/INFO]: [STDERR]: 	at kotlinx.coroutines.scheduling.CoroutineScheduler$Worker.executeTask(CoroutineScheduler.kt:793)
[04:01:21] [DefaultDispatcher-worker-9/INFO]: [STDERR]: 	at kotlinx.coroutines.scheduling.CoroutineScheduler$Worker.runWorker(CoroutineScheduler.kt:697)
[04:01:21] [DefaultDispatcher-worker-9/INFO]: [STDERR]: 	at kotlinx.coroutines.scheduling.CoroutineScheduler$Worker.run(CoroutineScheduler.kt:684)
[04:01:21] [DefaultDispatcher-worker-9/WARN]: Got unexpected reply from Mojang: -1
[04:01:21] [DefaultDispatcher-worker-9/INFO]: Waiting 4s before re-trying
[04:01:25] [Render thread/INFO]: Authenticating to Mojang as 16thGarden (dc0548c7-2c22-450e-91f5-2a17cfde2a12)
[04:01:25] [DefaultDispatcher-worker-9/INFO]: [STDERR]: java.net.UnknownHostException: sessionserver.mojang.com
[04:01:25] [DefaultDispatcher-worker-9/INFO]: [STDERR]: 	at java.base/sun.nio.ch.NioSocketImpl.connect(NioSocketImpl.java:572)
[04:01:25] [DefaultDispatcher-worker-9/INFO]: [STDERR]: 	at java.base/java.net.SocksSocketImpl.connect(SocksSocketImpl.java:327)
[04:01:25] [DefaultDispatcher-worker-9/INFO]: [STDERR]: 	at java.base/java.net.Socket.connect(Socket.java:633)
[04:01:25] [DefaultDispatcher-worker-9/INFO]: [STDERR]: 	at java.base/sun.security.ssl.SSLSocketImpl.connect(SSLSocketImpl.java:304)
[04:01:25] [DefaultDispatcher-worker-9/INFO]: [STDERR]: 	at java.base/sun.security.ssl.BaseSSLSocketImpl.connect(BaseSSLSocketImpl.java:174)
[04:01:25] [DefaultDispatcher-worker-9/INFO]: [STDERR]: 	at java.base/sun.net.NetworkClient.doConnect(NetworkClient.java:183)
[04:01:25] [DefaultDispatcher-worker-9/INFO]: [STDERR]: 	at java.base/sun.net.www.http.HttpClient.openServer(HttpClient.java:533)
[04:01:25] [DefaultDispatcher-worker-9/INFO]: [STDERR]: 	at java.base/sun.net.www.http.HttpClient.openServer(HttpClient.java:638)
[04:01:25] [DefaultDispatcher-worker-9/INFO]: [STDERR]: 	at java.base/sun.net.www.protocol.https.HttpsClient.<init>(HttpsClient.java:266)
[04:01:25] [DefaultDispatcher-worker-9/INFO]: [STDERR]: 	at java.base/sun.net.www.protocol.https.HttpsClient.New(HttpsClient.java:380)
[04:01:25] [DefaultDispatcher-worker-9/INFO]: [STDERR]: 	at java.base/sun.net.www.protocol.https.AbstractDelegateHttpsURLConnection.getNewHttpClient(AbstractDelegateHttpsURLConnection.java:193)
[04:01:25] [DefaultDispatcher-worker-9/INFO]: [STDERR]: 	at java.base/sun.net.www.protocol.http.HttpURLConnection.plainConnect0(HttpURLConnection.java:1242)
[04:01:25] [DefaultDispatcher-worker-9/INFO]: [STDERR]: 	at java.base/sun.net.www.protocol.http.HttpURLConnection.plainConnect(HttpURLConnection.java:1128)
[04:01:25] [DefaultDispatcher-worker-9/INFO]: [STDERR]: 	at java.base/sun.net.www.protocol.https.AbstractDelegateHttpsURLConnection.connect(AbstractDelegateHttpsURLConnection.java:179)
[04:01:25] [DefaultDispatcher-worker-9/INFO]: [STDERR]: 	at java.base/sun.net.www.protocol.https.HttpsURLConnectionImpl.connect(HttpsURLConnectionImpl.java:142)
[04:01:25] [DefaultDispatcher-worker-9/INFO]: [STDERR]: 	at gg.essential.util.LoginUtil.joinServer(LoginUtil.java:31)
[04:01:25] [DefaultDispatcher-worker-9/INFO]: [STDERR]: 	at gg.essential.network.connectionmanager.ConnectionManagerKt$connectLoop$statusCode$1.invokeSuspend(ConnectionManagerKt.kt:137)
[04:01:25] [DefaultDispatcher-worker-9/INFO]: [STDERR]: 	at kotlin.coroutines.jvm.internal.BaseContinuationImpl.resumeWith(ContinuationImpl.kt:33)
[04:01:25] [DefaultDispatcher-worker-9/INFO]: [STDERR]: 	at kotlinx.coroutines.DispatchedTask.run(DispatchedTask.kt:108)
[04:01:25] [DefaultDispatcher-worker-9/INFO]: [STDERR]: 	at kotlinx.coroutines.internal.LimitedDispatcher$Worker.run(LimitedDispatcher.kt:115)
[04:01:25] [DefaultDispatcher-worker-9/INFO]: [STDERR]: 	at kotlinx.coroutines.scheduling.TaskImpl.run(Tasks.kt:103)
[04:01:25] [DefaultDispatcher-worker-9/INFO]: [STDERR]: 	at kotlinx.coroutines.scheduling.CoroutineScheduler.runSafely(CoroutineScheduler.kt:584)
[04:01:25] [DefaultDispatcher-worker-9/INFO]: [STDERR]: 	at kotlinx.coroutines.scheduling.CoroutineScheduler$Worker.executeTask(CoroutineScheduler.kt:793)
[04:01:25] [DefaultDispatcher-worker-9/INFO]: [STDERR]: 	at kotlinx.coroutines.scheduling.CoroutineScheduler$Worker.runWorker(CoroutineScheduler.kt:697)
[04:01:25] [DefaultDispatcher-worker-9/INFO]: [STDERR]: 	at kotlinx.coroutines.scheduling.CoroutineScheduler$Worker.run(CoroutineScheduler.kt:684)
[04:01:25] [DefaultDispatcher-worker-9/WARN]: Got unexpected reply from Mojang: -1
[04:01:25] [DefaultDispatcher-worker-9/INFO]: Waiting 8s before re-trying
[04:01:33] [Render thread/INFO]: Authenticating to Mojang as 16thGarden (dc0548c7-2c22-450e-91f5-2a17cfde2a12)
[04:01:33] [DefaultDispatcher-worker-9/INFO]: [STDERR]: java.net.UnknownHostException: sessionserver.mojang.com
[04:01:33] [DefaultDispatcher-worker-9/INFO]: [STDERR]: 	at java.base/sun.nio.ch.NioSocketImpl.connect(NioSocketImpl.java:572)
[04:01:33] [DefaultDispatcher-worker-9/INFO]: [STDERR]: 	at java.base/java.net.SocksSocketImpl.connect(SocksSocketImpl.java:327)
[04:01:33] [DefaultDispatcher-worker-9/INFO]: [STDERR]: 	at java.base/java.net.Socket.connect(Socket.java:633)
[04:01:33] [DefaultDispatcher-worker-9/INFO]: [STDERR]: 	at java.base/sun.security.ssl.SSLSocketImpl.connect(SSLSocketImpl.java:304)
[04:01:33] [DefaultDispatcher-worker-9/INFO]: [STDERR]: 	at java.base/sun.security.ssl.BaseSSLSocketImpl.connect(BaseSSLSocketImpl.java:174)
[04:01:33] [DefaultDispatcher-worker-9/INFO]: [STDERR]: 	at java.base/sun.net.NetworkClient.doConnect(NetworkClient.java:183)
[04:01:33] [DefaultDispatcher-worker-9/INFO]: [STDERR]: 	at java.base/sun.net.www.http.HttpClient.openServer(HttpClient.java:533)
[04:01:33] [DefaultDispatcher-worker-9/INFO]: [STDERR]: 	at java.base/sun.net.www.http.HttpClient.openServer(HttpClient.java:638)
[04:01:33] [DefaultDispatcher-worker-9/INFO]: [STDERR]: 	at java.base/sun.net.www.protocol.https.HttpsClient.<init>(HttpsClient.java:266)
[04:01:33] [DefaultDispatcher-worker-9/INFO]: [STDERR]: 	at java.base/sun.net.www.protocol.https.HttpsClient.New(HttpsClient.java:380)
[04:01:33] [DefaultDispatcher-worker-9/INFO]: [STDERR]: 	at java.base/sun.net.www.protocol.https.AbstractDelegateHttpsURLConnection.getNewHttpClient(AbstractDelegateHttpsURLConnection.java:193)
[04:01:33] [DefaultDispatcher-worker-9/INFO]: [STDERR]: 	at java.base/sun.net.www.protocol.http.HttpURLConnection.plainConnect0(HttpURLConnection.java:1242)
[04:01:33] [DefaultDispatcher-worker-9/INFO]: [STDERR]: 	at java.base/sun.net.www.protocol.http.HttpURLConnection.plainConnect(HttpURLConnection.java:1128)
[04:01:33] [DefaultDispatcher-worker-9/INFO]: [STDERR]: 	at java.base/sun.net.www.protocol.https.AbstractDelegateHttpsURLConnection.connect(AbstractDelegateHttpsURLConnection.java:179)
[04:01:33] [DefaultDispatcher-worker-9/INFO]: [STDERR]: 	at java.base/sun.net.www.protocol.https.HttpsURLConnectionImpl.connect(HttpsURLConnectionImpl.java:142)
[04:01:33] [DefaultDispatcher-worker-9/INFO]: [STDERR]: 	at gg.essential.util.LoginUtil.joinServer(LoginUtil.java:31)
[04:01:33] [DefaultDispatcher-worker-9/INFO]: [STDERR]: 	at gg.essential.network.connectionmanager.ConnectionManagerKt$connectLoop$statusCode$1.invokeSuspend(ConnectionManagerKt.kt:137)
[04:01:33] [DefaultDispatcher-worker-9/INFO]: [STDERR]: 	at kotlin.coroutines.jvm.internal.BaseContinuationImpl.resumeWith(ContinuationImpl.kt:33)
[04:01:33] [DefaultDispatcher-worker-9/INFO]: [STDERR]: 	at kotlinx.coroutines.DispatchedTask.run(DispatchedTask.kt:108)
[04:01:33] [DefaultDispatcher-worker-9/INFO]: [STDERR]: 	at kotlinx.coroutines.internal.LimitedDispatcher$Worker.run(LimitedDispatcher.kt:115)
[04:01:33] [DefaultDispatcher-worker-9/INFO]: [STDERR]: 	at kotlinx.coroutines.scheduling.TaskImpl.run(Tasks.kt:103)
[04:01:33] [DefaultDispatcher-worker-9/INFO]: [STDERR]: 	at kotlinx.coroutines.scheduling.CoroutineScheduler.runSafely(CoroutineScheduler.kt:584)
[04:01:33] [DefaultDispatcher-worker-9/INFO]: [STDERR]: 	at kotlinx.coroutines.scheduling.CoroutineScheduler$Worker.executeTask(CoroutineScheduler.kt:793)
[04:01:33] [DefaultDispatcher-worker-9/INFO]: [STDERR]: 	at kotlinx.coroutines.scheduling.CoroutineScheduler$Worker.runWorker(CoroutineScheduler.kt:697)
[04:01:33] [DefaultDispatcher-worker-9/INFO]: [STDERR]: 	at kotlinx.coroutines.scheduling.CoroutineScheduler$Worker.run(CoroutineScheduler.kt:684)
[04:01:33] [DefaultDispatcher-worker-9/WARN]: Got unexpected reply from Mojang: -1
[04:01:33] [DefaultDispatcher-worker-9/INFO]: Waiting 16s before re-trying
[04:01:49] [Render thread/INFO]: Authenticating to Mojang as 16thGarden (dc0548c7-2c22-450e-91f5-2a17cfde2a12)
[04:02:10] [DefaultDispatcher-worker-9/INFO]: [STDERR]: java.net.ConnectException: Connection timed out: connect
[04:02:10] [DefaultDispatcher-worker-9/INFO]: [STDERR]: 	at java.base/sun.nio.ch.Net.connect0(Native Method)
[04:02:10] [DefaultDispatcher-worker-9/INFO]: [STDERR]: 	at java.base/sun.nio.ch.Net.connect(Net.java:579)
[04:02:10] [DefaultDispatcher-worker-9/INFO]: [STDERR]: 	at java.base/sun.nio.ch.Net.connect(Net.java:568)
[04:02:10] [DefaultDispatcher-worker-9/INFO]: [STDERR]: 	at java.base/sun.nio.ch.NioSocketImpl.connect(NioSocketImpl.java:593)
[04:02:10] [DefaultDispatcher-worker-9/INFO]: [STDERR]: 	at java.base/java.net.SocksSocketImpl.connect(SocksSocketImpl.java:327)
[04:02:10] [DefaultDispatcher-worker-9/INFO]: [STDERR]: 	at java.base/java.net.Socket.connect(Socket.java:633)
[04:02:10] [DefaultDispatcher-worker-9/INFO]: [STDERR]: 	at java.base/sun.security.ssl.SSLSocketImpl.connect(SSLSocketImpl.java:304)
[04:02:10] [DefaultDispatcher-worker-9/INFO]: [STDERR]: 	at java.base/sun.security.ssl.BaseSSLSocketImpl.connect(BaseSSLSocketImpl.java:174)
[04:02:10] [DefaultDispatcher-worker-9/INFO]: [STDERR]: 	at java.base/sun.net.NetworkClient.doConnect(NetworkClient.java:183)
[04:02:10] [DefaultDispatcher-worker-9/INFO]: [STDERR]: 	at java.base/sun.net.www.http.HttpClient.openServer(HttpClient.java:533)
[04:02:10] [DefaultDispatcher-worker-9/INFO]: [STDERR]: 	at java.base/sun.net.www.http.HttpClient.openServer(HttpClient.java:638)
[04:02:10] [DefaultDispatcher-worker-9/INFO]: [STDERR]: 	at java.base/sun.net.www.protocol.https.HttpsClient.<init>(HttpsClient.java:266)
[04:02:10] [DefaultDispatcher-worker-9/INFO]: [STDERR]: 	at java.base/sun.net.www.protocol.https.HttpsClient.New(HttpsClient.java:380)
[04:02:10] [DefaultDispatcher-worker-9/INFO]: [STDERR]: 	at java.base/sun.net.www.protocol.https.AbstractDelegateHttpsURLConnection.getNewHttpClient(AbstractDelegateHttpsURLConnection.java:193)
[04:02:10] [DefaultDispatcher-worker-9/INFO]: [STDERR]: 	at java.base/sun.net.www.protocol.http.HttpURLConnection.plainConnect0(HttpURLConnection.java:1242)
[04:02:10] [DefaultDispatcher-worker-9/INFO]: [STDERR]: 	at java.base/sun.net.www.protocol.http.HttpURLConnection.plainConnect(HttpURLConnection.java:1128)
[04:02:10] [DefaultDispatcher-worker-9/INFO]: [STDERR]: 	at java.base/sun.net.www.protocol.https.AbstractDelegateHttpsURLConnection.connect(AbstractDelegateHttpsURLConnection.java:179)
[04:02:10] [DefaultDispatcher-worker-9/INFO]: [STDERR]: 	at java.base/sun.net.www.protocol.https.HttpsURLConnectionImpl.connect(HttpsURLConnectionImpl.java:142)
[04:02:10] [DefaultDispatcher-worker-9/INFO]: [STDERR]: 	at gg.essential.util.LoginUtil.joinServer(LoginUtil.java:31)
[04:02:10] [DefaultDispatcher-worker-9/INFO]: [STDERR]: 	at gg.essential.network.connectionmanager.ConnectionManagerKt$connectLoop$statusCode$1.invokeSuspend(ConnectionManagerKt.kt:137)
[04:02:10] [DefaultDispatcher-worker-9/INFO]: [STDERR]: 	at kotlin.coroutines.jvm.internal.BaseContinuationImpl.resumeWith(ContinuationImpl.kt:33)
[04:02:10] [DefaultDispatcher-worker-9/INFO]: [STDERR]: 	at kotlinx.coroutines.DispatchedTask.run(DispatchedTask.kt:108)
[04:02:10] [DefaultDispatcher-worker-9/INFO]: [STDERR]: 	at kotlinx.coroutines.internal.LimitedDispatcher$Worker.run(LimitedDispatcher.kt:115)
[04:02:10] [DefaultDispatcher-worker-9/INFO]: [STDERR]: 	at kotlinx.coroutines.scheduling.TaskImpl.run(Tasks.kt:103)
[04:02:10] [DefaultDispatcher-worker-9/INFO]: [STDERR]: 	at kotlinx.coroutines.scheduling.CoroutineScheduler.runSafely(CoroutineScheduler.kt:584)
[04:02:10] [DefaultDispatcher-worker-9/INFO]: [STDERR]: 	at kotlinx.coroutines.scheduling.CoroutineScheduler$Worker.executeTask(CoroutineScheduler.kt:793)
[04:02:10] [DefaultDispatcher-worker-9/INFO]: [STDERR]: 	at kotlinx.coroutines.scheduling.CoroutineScheduler$Worker.runWorker(CoroutineScheduler.kt:697)
[04:02:10] [DefaultDispatcher-worker-9/INFO]: [STDERR]: 	at kotlinx.coroutines.scheduling.CoroutineScheduler$Worker.run(CoroutineScheduler.kt:684)
[04:02:10] [DefaultDispatcher-worker-9/WARN]: Got unexpected reply from Mojang: -1
[04:02:10] [DefaultDispatcher-worker-9/INFO]: Waiting 32s before re-trying
[04:02:27] [Render thread/INFO]: Stopping worker threads
[04:02:27] [Server thread/INFO]: Saving and pausing game...
[04:02:27] [Server thread/INFO]: Saving chunks for level 'ServerLevel[Epic survival world]'/minecraft:overworld
[04:02:27] [Render thread/INFO]: Started 6 worker threads
[04:02:27] [Server thread/INFO]: Saving chunks for level 'ServerLevel[Epic survival world]'/minecraft:the_end
[04:02:27] [Server thread/INFO]: Saving chunks for level 'ServerLevel[Epic survival world]'/minecraft:the_nether
[04:02:27] [Render thread/INFO]: Stopping worker threads
[04:02:27] [Render thread/INFO]: Started 6 worker threads
[04:02:40] [Render thread/INFO]: Stopping worker threads
[04:02:40] [Server thread/INFO]: Saving and pausing game...
[04:02:40] [Render thread/INFO]: Started 6 worker threads
[04:02:40] [Server thread/INFO]: Saving chunks for level 'ServerLevel[Epic survival world]'/minecraft:overworld
[04:02:40] [Render thread/INFO]: Stopping worker threads
[04:02:40] [Server thread/INFO]: Saving chunks for level 'ServerLevel[Epic survival world]'/minecraft:the_end
[04:02:40] [Server thread/INFO]: Saving chunks for level 'ServerLevel[Epic survival world]'/minecraft:the_nether
[04:02:40] [Render thread/INFO]: Started 6 worker threads
[04:02:42] [Render thread/INFO]: Authenticating to Mojang as 16thGarden (dc0548c7-2c22-450e-91f5-2a17cfde2a12)
[04:02:49] [DefaultDispatcher-worker-9/INFO]: Connecting to Essential Connection Manager...
[04:02:51] [WebSocketConnectReadThread-418/INFO]: Connected to Essential Connection Manager.
[04:05:43] [Server thread/INFO]: Saving and pausing game...
[04:05:43] [Server thread/INFO]: Saving chunks for level 'ServerLevel[Epic survival world]'/minecraft:overworld
[04:05:43] [Server thread/INFO]: Saving chunks for level 'ServerLevel[Epic survival world]'/minecraft:the_end
[04:05:43] [Server thread/INFO]: Saving chunks for level 'ServerLevel[Epic survival world]'/minecraft:the_nether
[04:06:10] [Server thread/INFO]: Saving and pausing game...
[04:06:10] [Server thread/INFO]: Saving chunks for level 'ServerLevel[Epic survival world]'/minecraft:overworld
[04:06:10] [Server thread/INFO]: Saving chunks for level 'ServerLevel[Epic survival world]'/minecraft:the_end
[04:06:10] [Server thread/INFO]: Saving chunks for level 'ServerLevel[Epic survival world]'/minecraft:the_nether
[04:06:56] [Render thread/INFO]: Stopping worker threads
[04:06:56] [Server thread/INFO]: Saving and pausing game...
[04:06:56] [Server thread/INFO]: Saving chunks for level 'ServerLevel[Epic survival world]'/minecraft:overworld
[04:06:56] [Render thread/INFO]: Started 6 worker threads
[04:06:56] [Server thread/INFO]: Saving chunks for level 'ServerLevel[Epic survival world]'/minecraft:the_end
[04:06:56] [Server thread/INFO]: Saving chunks for level 'ServerLevel[Epic survival world]'/minecraft:the_nether
[04:06:56] [Render thread/INFO]: Stopping worker threads
[04:06:56] [Render thread/INFO]: Started 6 worker threads
[04:07:33] [Render thread/INFO]: Stopping worker threads
[04:07:33] [Server thread/INFO]: Saving and pausing game...
[04:07:33] [Server thread/INFO]: Saving chunks for level 'ServerLevel[Epic survival world]'/minecraft:overworld
[04:07:33] [Render thread/INFO]: Started 6 worker threads
[04:07:33] [Server thread/INFO]: Saving chunks for level 'ServerLevel[Epic survival world]'/minecraft:the_end
[04:07:33] [Server thread/INFO]: Saving chunks for level 'ServerLevel[Epic survival world]'/minecraft:the_nether
[04:07:33] [Render thread/INFO]: Stopping worker threads
[04:07:33] [Render thread/INFO]: Started 6 worker threads
[04:07:54] [Render thread/INFO]: Stopping worker threads
[04:07:54] [Server thread/INFO]: Saving and pausing game...
[04:07:54] [Render thread/INFO]: Started 6 worker threads
[04:07:54] [Server thread/INFO]: Saving chunks for level 'ServerLevel[Epic survival world]'/minecraft:overworld
[04:07:54] [Server thread/INFO]: Saving chunks for level 'ServerLevel[Epic survival world]'/minecraft:the_end
[04:07:54] [Server thread/INFO]: Saving chunks for level 'ServerLevel[Epic survival world]'/minecraft:the_nether
[04:07:54] [Render thread/INFO]: Stopping worker threads
[04:07:54] [Render thread/INFO]: Started 6 worker threads
[04:08:08] [Render thread/WARN]: Received passengers for unknown entity
[04:09:01] [Render thread/INFO]: Stopping worker threads
[04:09:01] [Server thread/INFO]: Saving and pausing game...
[04:09:01] [Server thread/INFO]: Saving chunks for level 'ServerLevel[Epic survival world]'/minecraft:overworld
[04:09:01] [Render thread/INFO]: Started 6 worker threads
[04:09:01] [Server thread/INFO]: Saving chunks for level 'ServerLevel[Epic survival world]'/minecraft:the_end
[04:09:01] [Server thread/INFO]: Saving chunks for level 'ServerLevel[Epic survival world]'/minecraft:the_nether
[04:09:01] [Render thread/INFO]: Stopping worker threads
[04:09:01] [Render thread/INFO]: Started 6 worker threads
[04:09:01] [Render thread/WARN]: Received passengers for unknown entity
[04:09:01] [Render thread/WARN]: Received passengers for unknown entity
[04:09:01] [Render thread/WARN]: Received passengers for unknown entity
[04:09:01] [Render thread/WARN]: Received passengers for unknown entity
[04:09:01] [Render thread/WARN]: Received passengers for unknown entity
[04:09:01] [Render thread/WARN]: Received passengers for unknown entity
[04:09:01] [Render thread/WARN]: Received passengers for unknown entity
[04:09:01] [Render thread/WARN]: Received passengers for unknown entity
[04:09:01] [Render thread/WARN]: Received passengers for unknown entity
[04:09:01] [Render thread/WARN]: Received passengers for unknown entity
[04:09:01] [Render thread/WARN]: Received passengers for unknown entity
[04:09:01] [Render thread/WARN]: Received passengers for unknown entity
[04:09:01] [Render thread/WARN]: Received passengers for unknown entity
[04:09:01] [Render thread/WARN]: Received passengers for unknown entity
[04:11:03] [Render thread/INFO]: Stopping worker threads
[04:11:03] [Server thread/INFO]: Saving and pausing game...
[04:11:03] [Server thread/INFO]: Saving chunks for level 'ServerLevel[Epic survival world]'/minecraft:overworld
[04:11:03] [Render thread/INFO]: Started 6 worker threads
[04:11:03] [Server thread/INFO]: Saving chunks for level 'ServerLevel[Epic survival world]'/minecraft:the_end
[04:11:03] [Server thread/INFO]: Saving chunks for level 'ServerLevel[Epic survival world]'/minecraft:the_nether
[04:11:03] [Render thread/INFO]: Stopping worker threads
[04:11:03] [Render thread/INFO]: Started 6 worker threads
[04:11:13] [Render thread/INFO]: Stopping worker threads
[04:11:13] [Server thread/INFO]: Saving and pausing game...
[04:11:13] [Render thread/INFO]: Started 6 worker threads
[04:11:13] [Server thread/INFO]: Saving chunks for level 'ServerLevel[Epic survival world]'/minecraft:overworld
[04:11:13] [Server thread/INFO]: Saving chunks for level 'ServerLevel[Epic survival world]'/minecraft:the_end
[04:11:13] [Render thread/INFO]: Stopping worker threads
[04:11:13] [Server thread/INFO]: Saving chunks for level 'ServerLevel[Epic survival world]'/minecraft:the_nether
[04:11:13] [Render thread/INFO]: Started 6 worker threads
[04:12:25] [Server thread/INFO]: 16thGarden has made the advancement [Fishy Business]
[04:12:25] [Render thread/INFO]: [System] [CHAT] 16thGarden has made the advancement [Fishy Business]
[04:12:25] [Render thread/INFO]: Loaded 983 advancements
[04:20:08] [Render thread/INFO]: Loaded 987 advancements
[04:21:09] [Render thread/INFO]: Loaded 988 advancements
[04:26:42] [Render thread/INFO]: Loaded 988 advancements
[04:36:57] [Render thread/INFO]: [System] [CHAT] [Debug]: Hitboxes: shown
[04:42:54] [Render thread/INFO]: Loaded 988 advancements
[04:44:08] [Server thread/WARN]: 16thGarden moved wrongly!
[04:48:27] [Render thread/INFO]: [System] [CHAT] [Debug]: Unable to open game mode switcher; no permission
[04:48:29] [Render thread/INFO]: [System] [CHAT] [Debug]: Hitboxes: hidden
[04:48:57] [Render thread/INFO]: Stopping worker threads
[04:48:57] [Server thread/INFO]: Saving and pausing game...
[04:48:57] [Server thread/INFO]: Saving chunks for level 'ServerLevel[Epic survival world]'/minecraft:overworld
[04:48:57] [Render thread/INFO]: Started 6 worker threads
[04:48:57] [Server thread/INFO]: Saving chunks for level 'ServerLevel[Epic survival world]'/minecraft:the_end
[04:48:57] [Server thread/INFO]: Saving chunks for level 'ServerLevel[Epic survival world]'/minecraft:the_nether
[04:48:57] [Render thread/INFO]: Stopping worker threads
[04:48:57] [Render thread/INFO]: Started 6 worker threads
[04:51:31] [Render thread/INFO]: Stopping worker threads
[04:51:31] [Server thread/INFO]: Saving and pausing game...
[04:51:31] [Render thread/INFO]: Started 6 worker threads
[04:51:31] [Server thread/INFO]: Saving chunks for level 'ServerLevel[Epic survival world]'/minecraft:overworld
[04:51:31] [Server thread/INFO]: Saving chunks for level 'ServerLevel[Epic survival world]'/minecraft:the_end
[04:51:31] [Render thread/INFO]: Stopping worker threads
[04:51:31] [Server thread/INFO]: Saving chunks for level 'ServerLevel[Epic survival world]'/minecraft:the_nether
[04:51:31] [Render thread/INFO]: Started 6 worker threads
[04:53:28] [Render thread/INFO]: Stopping worker threads
[04:53:28] [Server thread/INFO]: Saving and pausing game...
[04:53:28] [Server thread/INFO]: Saving chunks for level 'ServerLevel[Epic survival world]'/minecraft:overworld
[04:53:28] [Render thread/INFO]: Started 6 worker threads
[04:53:28] [Server thread/INFO]: Saving chunks for level 'ServerLevel[Epic survival world]'/minecraft:the_end
[04:53:28] [Server thread/INFO]: Saving chunks for level 'ServerLevel[Epic survival world]'/minecraft:the_nether
[04:53:28] [Render thread/INFO]: Stopping worker threads
[04:53:28] [Render thread/INFO]: Started 6 worker threads
[04:53:49] [Server thread/INFO]: Saving and pausing game...
[04:53:49] [Server thread/INFO]: Saving chunks for level 'ServerLevel[Epic survival world]'/minecraft:overworld
[04:53:49] [Server thread/INFO]: Saving chunks for level 'ServerLevel[Epic survival world]'/minecraft:the_end
[04:53:49] [Server thread/INFO]: Saving chunks for level 'ServerLevel[Epic survival world]'/minecraft:the_nether
[04:53:49] [Render thread/ERROR]: Error saving option Brightness: DynamicException[Value 16.0 outside of range [0.0:1.0] Optional[16.0]]
[04:53:50] [Render thread/ERROR]: Error saving option Brightness: DynamicException[Value 16.0 outside of range [0.0:1.0] Optional[16.0]]
[04:53:50] [Render thread/ERROR]: Error saving option Brightness: DynamicException[Value 16.0 outside of range [0.0:1.0] Optional[16.0]]
[04:53:50] [Render thread/ERROR]: Error saving option Brightness: DynamicException[Value 16.0 outside of range [0.0:1.0] Optional[16.0]]
[04:53:50] [Render thread/ERROR]: Error saving option Brightness: DynamicException[Value 16.0 outside of range [0.0:1.0] Optional[16.0]]
[04:53:50] [Render thread/ERROR]: Error saving option Brightness: DynamicException[Value 16.0 outside of range [0.0:1.0] Optional[16.0]]
[04:53:50] [Render thread/ERROR]: Error saving option Brightness: DynamicException[Value 16.0 outside of range [0.0:1.0] Optional[16.0]]
[04:53:50] [Render thread/ERROR]: Error saving option Brightness: DynamicException[Value 16.0 outside of range [0.0:1.0] Optional[16.0]]
[04:53:50] [Render thread/ERROR]: Error saving option Brightness: DynamicException[Value 16.0 outside of range [0.0:1.0] Optional[16.0]]
[04:53:50] [Render thread/ERROR]: Error saving option Brightness: DynamicException[Value 16.0 outside of range [0.0:1.0] Optional[16.0]]
[04:53:50] [Render thread/ERROR]: Error saving option Brightness: DynamicException[Value 16.0 outside of range [0.0:1.0] Optional[16.0]]
[04:53:50] [Render thread/ERROR]: Error saving option Brightness: DynamicException[Value 16.0 outside of range [0.0:1.0] Optional[16.0]]
[04:53:50] [Render thread/ERROR]: Error saving option Brightness: DynamicException[Value 16.0 outside of range [0.0:1.0] Optional[16.0]]
[04:53:50] [Render thread/ERROR]: Error saving option Brightness: DynamicException[Value 16.0 outside of range [0.0:1.0] Optional[16.0]]
[04:53:50] [Render thread/ERROR]: Error saving option Brightness: DynamicException[Value 16.0 outside of range [0.0:1.0] Optional[16.0]]
[04:53:50] [Render thread/ERROR]: Error saving option Brightness: DynamicException[Value 16.0 outside of range [0.0:1.0] Optional[16.0]]
[04:53:50] [Render thread/ERROR]: Error saving option Brightness: DynamicException[Value 16.0 outside of range [0.0:1.0] Optional[16.0]]
[04:53:50] [Render thread/ERROR]: Error saving option Brightness: DynamicException[Value 16.0 outside of range [0.0:1.0] Optional[16.0]]
[04:53:50] [Render thread/ERROR]: Error saving option Brightness: DynamicException[Value 16.0 outside of range [0.0:1.0] Optional[16.0]]
[04:53:50] [Render thread/ERROR]: Error saving option Brightness: DynamicException[Value 16.0 outside of range [0.0:1.0] Optional[16.0]]
[04:53:50] [Render thread/ERROR]: Error saving option Brightness: DynamicException[Value 16.0 outside of range [0.0:1.0] Optional[16.0]]
[04:53:50] [Render thread/ERROR]: Error saving option Brightness: DynamicException[Value 16.0 outside of range [0.0:1.0] Optional[16.0]]
[04:53:50] [Render thread/ERROR]: Error saving option Brightness: DynamicException[Value 16.0 outside of range [0.0:1.0] Optional[16.0]]
[04:53:50] [Render thread/ERROR]: Error saving option Brightness: DynamicException[Value 16.0 outside of range [0.0:1.0] Optional[16.0]]
[04:53:50] [Render thread/ERROR]: Error saving option Brightness: DynamicException[Value 16.0 outside of range [0.0:1.0] Optional[16.0]]
[04:53:50] [Render thread/ERROR]: Error saving option Brightness: DynamicException[Value 16.0 outside of range [0.0:1.0] Optional[16.0]]
[04:53:50] [Render thread/ERROR]: Error saving option Brightness: DynamicException[Value 16.0 outside of range [0.0:1.0] Optional[16.0]]
[04:53:50] [Render thread/ERROR]: Error saving option Brightness: DynamicException[Value 16.0 outside of range [0.0:1.0] Optional[16.0]]
[04:53:50] [Render thread/ERROR]: Error saving option Brightness: DynamicException[Value 16.0 outside of range [0.0:1.0] Optional[16.0]]
[04:53:50] [Render thread/ERROR]: Error saving option Brightness: DynamicException[Value 16.0 outside of range [0.0:1.0] Optional[16.0]]
[04:53:50] [Render thread/ERROR]: Error saving option Brightness: DynamicException[Value 16.0 outside of range [0.0:1.0] Optional[16.0]]
[04:53:50] [Render thread/ERROR]: Error saving option Brightness: DynamicException[Value 16.0 outside of range [0.0:1.0] Optional[16.0]]
[04:53:50] [Render thread/ERROR]: Error saving option Brightness: DynamicException[Value 16.0 outside of range [0.0:1.0] Optional[16.0]]
[04:53:50] [Render thread/ERROR]: Error saving option Brightness: DynamicException[Value 16.0 outside of range [0.0:1.0] Optional[16.0]]
[04:53:50] [Render thread/ERROR]: Error saving option Brightness: DynamicException[Value 16.0 outside of range [0.0:1.0] Optional[16.0]]
[04:53:50] [Render thread/ERROR]: Error saving option Brightness: DynamicException[Value 16.0 outside of range [0.0:1.0] Optional[16.0]]
[04:53:50] [Render thread/ERROR]: Error saving option Brightness: DynamicException[Value 16.0 outside of range [0.0:1.0] Optional[16.0]]
[04:53:50] [Render thread/ERROR]: Error saving option Brightness: DynamicException[Value 16.0 outside of range [0.0:1.0] Optional[16.0]]
[04:53:50] [Render thread/ERROR]: Error saving option Brightness: DynamicException[Value 16.0 outside of range [0.0:1.0] Optional[16.0]]
[04:54:40] [Server thread/INFO]: Saving and pausing game...
[04:54:40] [Server thread/INFO]: Saving chunks for level 'ServerLevel[Epic survival world]'/minecraft:overworld
[04:54:40] [Server thread/INFO]: Saving chunks for level 'ServerLevel[Epic survival world]'/minecraft:the_end
[04:54:40] [Server thread/INFO]: Saving chunks for level 'ServerLevel[Epic survival world]'/minecraft:the_nether
[04:54:40] [Render thread/ERROR]: Error saving option Brightness: DynamicException[Value 16.0 outside of range [0.0:1.0] Optional[16.0]]
[04:54:41] [Render thread/ERROR]: Error saving option Brightness: DynamicException[Value 16.0 outside of range [0.0:1.0] Optional[16.0]]
[04:54:41] [Render thread/ERROR]: Error saving option Brightness: DynamicException[Value 16.0 outside of range [0.0:1.0] Optional[16.0]]
[04:54:41] [Render thread/ERROR]: Error saving option Brightness: DynamicException[Value 16.0 outside of range [0.0:1.0] Optional[16.0]]
[04:54:42] [Render thread/ERROR]: Error saving option Brightness: DynamicException[Value 16.0 outside of range [0.0:1.0] Optional[16.0]]
[04:54:42] [Render thread/ERROR]: Error saving option Brightness: DynamicException[Value 16.0 outside of range [0.0:1.0] Optional[16.0]]
[04:54:42] [Render thread/ERROR]: Error saving option Brightness: DynamicException[Value 16.0 outside of range [0.0:1.0] Optional[16.0]]
[04:54:42] [Render thread/ERROR]: Error saving option Brightness: DynamicException[Value 16.0 outside of range [0.0:1.0] Optional[16.0]]
[04:54:42] [Render thread/ERROR]: Error saving option Brightness: DynamicException[Value 16.0 outside of range [0.0:1.0] Optional[16.0]]
[04:54:42] [Render thread/ERROR]: Error saving option Brightness: DynamicException[Value 16.0 outside of range [0.0:1.0] Optional[16.0]]
[04:54:42] [Render thread/ERROR]: Error saving option Brightness: DynamicException[Value 16.0 outside of range [0.0:1.0] Optional[16.0]]
[04:54:42] [Render thread/ERROR]: Error saving option Brightness: DynamicException[Value 16.0 outside of range [0.0:1.0] Optional[16.0]]
[04:54:42] [Render thread/ERROR]: Error saving option Brightness: DynamicException[Value 16.0 outside of range [0.0:1.0] Optional[16.0]]
[04:54:42] [Render thread/ERROR]: Error saving option Brightness: DynamicException[Value 16.0 outside of range [0.0:1.0] Optional[16.0]]
[04:54:42] [Render thread/ERROR]: Error saving option Brightness: DynamicException[Value 16.0 outside of range [0.0:1.0] Optional[16.0]]
[04:54:42] [Render thread/ERROR]: Error saving option Brightness: DynamicException[Value 16.0 outside of range [0.0:1.0] Optional[16.0]]
[04:54:42] [Render thread/ERROR]: Error saving option Brightness: DynamicException[Value 16.0 outside of range [0.0:1.0] Optional[16.0]]
[04:54:42] [Render thread/ERROR]: Error saving option Brightness: DynamicException[Value 16.0 outside of range [0.0:1.0] Optional[16.0]]
[04:54:42] [Render thread/ERROR]: Error saving option Brightness: DynamicException[Value 16.0 outside of range [0.0:1.0] Optional[16.0]]
[04:54:42] [Render thread/ERROR]: Error saving option Brightness: DynamicException[Value 16.0 outside of range [0.0:1.0] Optional[16.0]]
[04:54:42] [Render thread/ERROR]: Error saving option Brightness: DynamicException[Value 16.0 outside of range [0.0:1.0] Optional[16.0]]
[04:54:42] [Render thread/ERROR]: Error saving option Brightness: DynamicException[Value 16.0 outside of range [0.0:1.0] Optional[16.0]]
[04:54:42] [Render thread/ERROR]: Error saving option Brightness: DynamicException[Value 16.0 outside of range [0.0:1.0] Optional[16.0]]
[04:54:43] [Render thread/ERROR]: Error saving option Brightness: DynamicException[Value 16.0 outside of range [0.0:1.0] Optional[16.0]]
[04:54:43] [Render thread/ERROR]: Error saving option Brightness: DynamicException[Value 16.0 outside of range [0.0:1.0] Optional[16.0]]
[04:55:46] [Render thread/WARN]: Received passengers for unknown entity
[04:56:03] [Render thread/INFO]: Stopping worker threads
[04:56:03] [Server thread/INFO]: Saving and pausing game...
[04:56:03] [Render thread/INFO]: Started 6 worker threads
[04:56:03] [Server thread/INFO]: Saving chunks for level 'ServerLevel[Epic survival world]'/minecraft:overworld
[04:56:03] [Render thread/INFO]: Stopping worker threads
[04:56:03] [Server thread/INFO]: Saving chunks for level 'ServerLevel[Epic survival world]'/minecraft:the_end
[04:56:03] [Server thread/INFO]: Saving chunks for level 'ServerLevel[Epic survival world]'/minecraft:the_nether
[04:56:03] [Render thread/INFO]: Started 6 worker threads
[04:57:23] [Server thread/INFO]: 16thGarden has completed the challenge [Sniper Duel]
[04:57:23] [Render thread/INFO]: [System] [CHAT] 16thGarden has completed the challenge [Sniper Duel]
[04:57:23] [Render thread/INFO]: Loaded 988 advancements
[04:58:16] [Server thread/INFO]: Saving and pausing game...
[04:58:16] [Server thread/INFO]: Saving chunks for level 'ServerLevel[Epic survival world]'/minecraft:overworld
[04:58:16] [Server thread/INFO]: Saving chunks for level 'ServerLevel[Epic survival world]'/minecraft:the_end
[04:58:16] [Server thread/INFO]: Saving chunks for level 'ServerLevel[Epic survival world]'/minecraft:the_nether
[05:03:06] [Server thread/INFO]: Saving and pausing game...
[05:03:06] [Server thread/INFO]: Saving chunks for level 'ServerLevel[Epic survival world]'/minecraft:overworld
[05:03:06] [Server thread/INFO]: Saving chunks for level 'ServerLevel[Epic survival world]'/minecraft:the_end
[05:03:06] [Server thread/INFO]: Saving chunks for level 'ServerLevel[Epic survival world]'/minecraft:the_nether
[05:11:52] [Server thread/INFO]: Saving and pausing game...
[05:11:52] [Server thread/INFO]: Saving chunks for level 'ServerLevel[Epic survival world]'/minecraft:overworld
[05:11:52] [Server thread/INFO]: Saving chunks for level 'ServerLevel[Epic survival world]'/minecraft:the_end
[05:11:52] [Server thread/INFO]: Saving chunks for level 'ServerLevel[Epic survival world]'/minecraft:the_nether
[05:11:52] [Server thread/INFO]: 16thGarden lost connection: Disconnected
[05:11:52] [Server thread/INFO]: 16thGarden left the game
[05:11:52] [Server thread/INFO]: Stopping singleplayer server as player logged out
[05:11:52] [Server thread/INFO]: Stopping server
[05:11:52] [Server thread/INFO]: Saving players
[05:11:52] [Server thread/INFO]: Saving worlds
[05:11:52] [Server thread/INFO]: Saving chunks for level 'ServerLevel[Epic survival world]'/minecraft:overworld
[05:11:52] [Server thread/INFO]: Saving chunks for level 'ServerLevel[Epic survival world]'/minecraft:the_end
[05:11:52] [Server thread/INFO]: Saving chunks for level 'ServerLevel[Epic survival world]'/minecraft:the_nether
[05:11:52] [Server thread/INFO]: ThreadedAnvilChunkStorage (Epic survival world): All chunks are saved
[05:11:52] [Server thread/INFO]: ThreadedAnvilChunkStorage (DIM1): All chunks are saved
[05:11:52] [Server thread/INFO]: ThreadedAnvilChunkStorage (DIM-1): All chunks are saved
[05:11:52] [Server thread/INFO]: ThreadedAnvilChunkStorage: All dimensions are saved
[05:11:52] [Render thread/INFO]: Stopping worker threads
[05:11:53] [Render thread/INFO]: Stopping!
