[12:59:33] [main/INFO]: Loading Minecraft 1.20.4 with Fabric Loader 0.15.7
[12:59:33] [main/WARN]: Warnings were found!
 - Mod 'CIT Resewn' (citresewn) 1.1.4+1.20.4 recommends any version of modmenu, which is missing!
	 - You should install any version of modmenu for the optimal experience.
[12:59:33] [main/INFO]: Loading 75 mods:
	- advanced-xray-fabric 84.0.0
	- appleskin 2.5.1+mc1.20.3
	   \-- cloth-config 13.0.114
	        \-- cloth-basic-math 0.6.1
	- carpet 1.4.128+v231205
	- citresewn 1.1.4+1.20.4
	   \-- citresewn-defaults 1.1.4+1.20.4
	- entityculling 1.6.3.1
	- essential-container 1.0.0
	   \-- essential-loader 1.2.1
	- fabric-api 0.96.4+1.20.4
	   |-- fabric-api-base 0.4.36+78d798af4f
	   |-- fabric-api-lookup-api-v1 1.6.49+82b1bb3e4f
	   |-- fabric-biome-api-v1 13.0.16+78d798af4f
	   |-- fabric-block-api-v1 1.0.16+3e2216cb4f
	   |-- fabric-block-view-api-v2 1.0.4+78d798af4f
	   |-- fabric-blockrenderlayer-v1 1.1.46+78d798af4f
	   |-- fabric-client-tags-api-v1 1.1.7+78d798af4f
	   |-- fabric-command-api-v1 1.2.41+f71b366f4f
	   |-- fabric-command-api-v2 2.2.20+78d798af4f
	   |-- fabric-commands-v0 0.2.58+df3654b34f
	   |-- fabric-containers-v0 0.1.86+df3654b34f
	   |-- fabric-content-registries-v0 5.0.14+78d798af4f
	   |-- fabric-convention-tags-v1 1.5.10+78d798af4f
	   |-- fabric-crash-report-info-v1 0.2.23+78d798af4f
	   |-- fabric-data-attachment-api-v1 1.1.3+b90db5744f
	   |-- fabric-data-generation-api-v1 13.2.3+5c0133444f
	   |-- fabric-dimensions-v1 2.1.61+78d798af4f
	   |-- fabric-entity-events-v1 1.6.1+09fc25014f
	   |-- fabric-events-interaction-v0 0.7.1+389931eb4f
	   |-- fabric-events-lifecycle-v0 0.2.74+df3654b34f
	   |-- fabric-game-rule-api-v1 1.0.46+78d798af4f
	   |-- fabric-item-api-v1 2.2.0+d6f2b0844f
	   |-- fabric-item-group-api-v1 4.0.25+58f8c0124f
	   |-- fabric-key-binding-api-v1 1.0.41+78d798af4f
	   |-- fabric-keybindings-v0 0.2.39+df3654b34f
	   |-- fabric-lifecycle-events-v1 2.3.0+a67ffb5d4f
	   |-- fabric-loot-api-v2 2.1.8+78d798af4f
	   |-- fabric-message-api-v1 6.0.5+78d798af4f
	   |-- fabric-mining-level-api-v1 2.1.64+78d798af4f
	   |-- fabric-model-loading-api-v1 1.0.8+78d798af4f
	   |-- fabric-models-v0 0.4.7+9386d8a74f
	   |-- fabric-networking-api-v1 3.1.7+2e5ac5484f
	   |-- fabric-object-builder-api-v1 13.0.13+080016e44f
	   |-- fabric-particles-v1 1.1.7+78d798af4f
	   |-- fabric-recipe-api-v1 2.0.20+78d798af4f
	   |-- fabric-registry-sync-v0 4.0.19+58f8c0124f
	   |-- fabric-renderer-api-v1 3.2.4+78d798af4f
	   |-- fabric-renderer-indigo 1.5.4+78d798af4f
	   |-- fabric-renderer-registries-v1 3.2.53+df3654b34f
	   |-- fabric-rendering-data-attachment-v1 0.3.42+73761d2e4f
	   |-- fabric-rendering-fluids-v1 3.1.1+e761c6694f
	   |-- fabric-rendering-v0 1.1.56+df3654b34f
	   |-- fabric-rendering-v1 3.2.0+6fd945a04f
	   |-- fabric-resource-conditions-api-v1 2.3.14+78d798af4f
	   |-- fabric-resource-loader-v0 0.11.19+58f8c0124f
	   |-- fabric-screen-api-v1 2.0.17+78d798af4f
	   |-- fabric-screen-handler-api-v1 1.3.55+78d798af4f
	   |-- fabric-sound-api-v1 1.0.17+78d798af4f
	   |-- fabric-transfer-api-v1 4.0.11+e84342304f
	   \-- fabric-transitive-access-wideners-v1 5.0.14+78d798af4f
	- fabricloader 0.15.7
	   \-- mixinextras 0.3.5
	- itemscroller 0.22.0
	- java 17
	- litematica 0.17.0
	- lithium 0.12.1
	- logical_zoom 0.0.22
	- malilib 0.18.1
	- minecraft 1.20.4
	- minihud 0.30.2
	- nvidium 0.2.6-beta
	- rebind_narrator 2.0.2
	- sodium 0.5.8+mc1.20.4
	- tweakeroo 0.19.2
[12:59:34] [main/INFO]: SpongePowered MIXIN Subsystem Version=0.8.5 Source=file:/C:/Users/Miguel%20Leyesa/AppData/Roaming/.minecraft/libraries/net/fabricmc/sponge-mixin/0.12.5+mixin.0.8.5/sponge-mixin-0.12.5+mixin.0.8.5.jar Service=Knot/Fabric Env=CLIENT
[12:59:34] [main/INFO]: Compatibility level set to JAVA_17
[12:59:34] [main/INFO]: Loaded configuration file for Lithium: 129 options available, 0 override(s) found
[12:59:34] [main/INFO]: Loaded configuration file for Sodium: 42 options available, 0 override(s) found
[12:59:36] [main/INFO]: Starting Essential Loader (stage2) version 1.6.0 (0500a9e0db06ef66767fc4dcffb05cd5) [stable]
[12:59:37] [main/WARN]: Found newer Essential version 1.3.2.2 [stable], skipping at user request
[12:59:37] [main/INFO]: Starting Essential v1.3.1.3 (#88238d7752) [stable]
[12:59:37] [main/INFO]: Java: OpenJDK 64-Bit Server VM (v17.0.8) by Microsoft (Microsoft)
[12:59:37] [main/INFO]: Java Path: C:\Users\Miguel Leyesa\AppData\Local\Packages\Microsoft.4297127D64EC6_8wekyb3d8bbwe\LocalCache\Local\runtime\java-runtime-gamma\windows-x64\java-runtime-gamma\bin
[12:59:37] [main/INFO]: Java Info: mixed mode
[12:59:37] [main/INFO]: JVM Arguments: 
  - -XX:HeapDumpPath=MojangTricksIntelDriversForPerformance_javaw.exe_minecraft.exe.heapdump
  - -Xss1M
  - -Djava.library.path=C:\Users\Miguel Leyesa\AppData\Roaming\.minecraft\bin\cc9d3839148d498f98557594755fb8ae999dc26b
  - -Djna.tmpdir=C:\Users\Miguel Leyesa\AppData\Roaming\.minecraft\bin\cc9d3839148d498f98557594755fb8ae999dc26b
  - -Dorg.lwjgl.system.SharedLibraryExtractPath=C:\Users\Miguel Leyesa\AppData\Roaming\.minecraft\bin\cc9d3839148d498f98557594755fb8ae999dc26b
  - -Dio.netty.native.workdir=C:\Users\Miguel Leyesa\AppData\Roaming\.minecraft\bin\cc9d3839148d498f98557594755fb8ae999dc26b
  - -Dminecraft.launcher.brand=minecraft-launcher
  - -Dminecraft.launcher.version=2.23.7
  - -DFabricMcEmu= net.minecraft.client.main.Main 
  - -Xmx4G
  - -XX:+UnlockExperimentalVMOptions
  - -XX:+UseG1GC
  - -XX:G1NewSizePercent=20
  - -XX:G1ReservePercent=20
  - -XX:MaxGCPauseMillis=50
  - -XX:G1HeapRegionSize=32M
  - -Dlog4j.configurationFile=C:\Users\Miguel Leyesa\AppData\Roaming\.minecraft\assets\log_configs\client-1.12.xml
[12:59:37] [main/INFO]: OS: Windows 11 (v10.0) (Arch: amd64)
[12:59:37] [main/INFO]: Searching for graphics cards...
[12:59:38] [main/INFO]: Initializing MixinExtras via com.llamalad7.mixinextras.service.MixinExtrasServiceImpl(version=0.3.5).
[12:59:38] [main/INFO]: Found graphics card: GraphicsAdapterInfo[vendor=NVIDIA, name=NVIDIA GeForce RTX 3050 Laptop GPU, version=DriverVersion=31.0.15.4629]
[12:59:38] [main/INFO]: Found graphics card: GraphicsAdapterInfo[vendor=INTEL, name=Intel(R) UHD Graphics, version=DriverVersion=30.0.100.9864]
[12:59:38] [main/WARN]: Sodium has applied one or more workarounds to prevent crashes or other issues on your system: [NVIDIA_THREADED_OPTIMIZATIONS]
[12:59:38] [main/WARN]: This is not necessarily an issue, but it may result in certain features or optimizations being disabled. You can sometimes fix these issues by upgrading your graphics driver.
[12:59:43] [main/WARN]: @ModifyConstant conflict. Skipping mixins.tweakeroo.json:MixinStructureBlockBlockEntity from mod tweakeroo->@ModifyConstant::overrideMaxSize(I)I with priority 999, already redirected by carpet.mixins.json:StructureBlockEntity_limitsMixin from mod carpet->@ModifyConstant::negativeLimit(I)I with priority 1000
[12:59:43] [main/WARN]: @ModifyConstant conflict. Skipping mixins.tweakeroo.json:MixinStructureBlockBlockEntity from mod tweakeroo->@ModifyConstant::overrideMaxSize(I)I with priority 999, already redirected by carpet.mixins.json:StructureBlockEntity_limitsMixin from mod carpet->@ModifyConstant::positiveLimit(I)I with priority 1000
[12:59:43] [main/WARN]: @ModifyConstant conflict. Skipping mixins.tweakeroo.json:MixinStructureBlockBlockEntity from mod tweakeroo->@ModifyConstant::overrideMaxSize(I)I with priority 999, already redirected by carpet.mixins.json:StructureBlockEntity_limitsMixin from mod carpet->@ModifyConstant::negativeLimit(I)I with priority 1000
[12:59:43] [main/WARN]: @ModifyConstant conflict. Skipping mixins.tweakeroo.json:MixinStructureBlockBlockEntity from mod tweakeroo->@ModifyConstant::overrideMaxSize(I)I with priority 999, already redirected by carpet.mixins.json:StructureBlockEntity_limitsMixin from mod carpet->@ModifyConstant::positiveLimit(I)I with priority 1000
[12:59:43] [main/WARN]: @ModifyConstant conflict. Skipping mixins.tweakeroo.json:MixinStructureBlockBlockEntity from mod tweakeroo->@ModifyConstant::overrideMaxSize(I)I with priority 999, already redirected by carpet.mixins.json:StructureBlockEntity_limitsMixin from mod carpet->@ModifyConstant::negativeLimit(I)I with priority 1000
[12:59:43] [main/WARN]: @ModifyConstant conflict. Skipping mixins.tweakeroo.json:MixinStructureBlockBlockEntity from mod tweakeroo->@ModifyConstant::overrideMaxSize(I)I with priority 999, already redirected by carpet.mixins.json:StructureBlockEntity_limitsMixin from mod carpet->@ModifyConstant::positiveLimit(I)I with priority 1000
[12:59:43] [main/WARN]: @ModifyConstant conflict. Skipping mixins.tweakeroo.json:MixinStructureBlockBlockEntity from mod tweakeroo->@ModifyConstant::overrideMaxSize(I)I with priority 999, already redirected by carpet.mixins.json:StructureBlockEntity_limitsMixin from mod carpet->@ModifyConstant::positiveLimit(I)I with priority 1000
[12:59:43] [main/WARN]: @ModifyConstant conflict. Skipping mixins.tweakeroo.json:MixinStructureBlockBlockEntity from mod tweakeroo->@ModifyConstant::overrideMaxSize(I)I with priority 999, already redirected by carpet.mixins.json:StructureBlockEntity_limitsMixin from mod carpet->@ModifyConstant::positiveLimit(I)I with priority 1000
[12:59:43] [main/WARN]: @ModifyConstant conflict. Skipping mixins.tweakeroo.json:MixinStructureBlockBlockEntity from mod tweakeroo->@ModifyConstant::overrideMaxSize(I)I with priority 999, already redirected by carpet.mixins.json:StructureBlockEntity_limitsMixin from mod carpet->@ModifyConstant::positiveLimit(I)I with priority 1000
[12:59:44] [Datafixer Bootstrap/INFO]: 198 Datafixer optimizations took 164 milliseconds
[12:59:47] [Render thread/INFO]: Environment: Environment[sessionHost=https://sessionserver.mojang.com, servicesHost=https://api.minecraftservices.com, name=PROD]
[12:59:47] [Render thread/INFO]: Setting user: 16thGarden
[12:59:48] [Render thread/INFO]: Starting DI!
[12:59:48] [Render thread/INFO]: Authenticating to Mojang as 16thGarden (dc0548c7-2c22-450e-91f5-2a17cfde2a12)
[12:59:48] [DefaultDispatcher-worker-1/INFO]: Connecting to Essential Connection Manager...
[12:59:48] [DefaultDispatcher-worker-1/INFO]: Using Default JreDnsResolver
[12:59:48] [DefaultDispatcher-worker-1/INFO]: Using Default JreSocketFactory
[12:59:48] [Render thread/INFO]: XRay mod has been initialized
[12:59:49] [Render thread/INFO]: [citresewn] Registering CIT Conditions
[12:59:49] [Render thread/INFO]: [citresewn] Registering CIT Types
[12:59:49] [Render thread/INFO]: [Indigo] Different rendering plugin detected; not applying Indigo.
[12:59:49] [Render thread/INFO]: OptiFine not detected.
[12:59:49] [WebSocketConnectReadThread-74/INFO]: Connected to Essential Connection Manager.
[12:59:49] [Render thread/INFO]: Backend library: LWJGL version 3.3.2-snapshot
[12:59:49] [Render thread/WARN]: Applying workaround: Prevent the NVIDIA OpenGL driver from using broken optimizations (NVIDIA_THREADED_OPTIMIZATIONS)
[12:59:50] [Render thread/INFO]: All capabilities met
[12:59:50] [Render thread/INFO]: Enabling Nvidium
[12:59:50] [Render thread/INFO]: OpenGL Vendor: NVIDIA Corporation
[12:59:50] [Render thread/INFO]: OpenGL Renderer: NVIDIA GeForce RTX 3050 Laptop GPU/PCIe/SSE2
[12:59:50] [Render thread/INFO]: OpenGL Version: 3.2.0 NVIDIA 546.29
[12:59:50] [Render thread/WARN]: Pack file/coffee totem declared support for versions [16, 22] but declared main format is 9, defaulting to 9
[12:59:50] [ForkJoinPool.commonPool-worker-1/INFO]: [STDERR]: org.objectweb.asm.tree.analysis.AnalyzerException: Error at instruction 137: Trying to set an inexistant local variable 9
[12:59:50] [ForkJoinPool.commonPool-worker-1/INFO]: [STDERR]: 	at org.objectweb.asm.tree.analysis.Analyzer.analyze(Analyzer.java:279)
[12:59:50] [ForkJoinPool.commonPool-worker-1/INFO]: [STDERR]: 	at org.spongepowered.asm.util.Locals.generateLocalVariableTable(Locals.java:859)
[12:59:50] [ForkJoinPool.commonPool-worker-1/INFO]: [STDERR]: 	at org.spongepowered.asm.util.Locals.getGeneratedLocalVariableTable(Locals.java:828)
[12:59:50] [ForkJoinPool.commonPool-worker-1/INFO]: [STDERR]: 	at org.spongepowered.asm.util.Locals.getLocalVariableAt(Locals.java:782)
[12:59:50] [ForkJoinPool.commonPool-worker-1/INFO]: [STDERR]: 	at org.spongepowered.asm.util.Locals.getLocalVariableAt(Locals.java:752)
[12:59:50] [ForkJoinPool.commonPool-worker-1/INFO]: [STDERR]: 	at org.spongepowered.asm.util.Locals.getLocalsAt(Locals.java:529)
[12:59:50] [ForkJoinPool.commonPool-worker-1/INFO]: [STDERR]: 	at org.spongepowered.asm.util.Locals.getLocalsAt(Locals.java:336)
[12:59:50] [ForkJoinPool.commonPool-worker-1/INFO]: [STDERR]: 	at org.spongepowered.asm.mixin.injection.modify.LocalVariableDiscriminator$Context.initLocals(LocalVariableDiscriminator.java:154)
[12:59:50] [ForkJoinPool.commonPool-worker-1/INFO]: [STDERR]: 	at org.spongepowered.asm.mixin.injection.modify.LocalVariableDiscriminator$Context.<init>(LocalVariableDiscriminator.java:148)
[12:59:50] [ForkJoinPool.commonPool-worker-1/INFO]: [STDERR]: 	at org.spongepowered.asm.mixin.injection.modify.ModifyVariableInjector$Context.<init>(ModifyVariableInjector.java:71)
[12:59:50] [ForkJoinPool.commonPool-worker-1/INFO]: [STDERR]: 	at org.spongepowered.asm.mixin.injection.modify.ModifyVariableInjector.preInject(ModifyVariableInjector.java:159)
[12:59:50] [ForkJoinPool.commonPool-worker-1/INFO]: [STDERR]: 	at org.spongepowered.asm.mixin.injection.code.Injector.preInject(Injector.java:258)
[12:59:50] [ForkJoinPool.commonPool-worker-1/INFO]: [STDERR]: 	at org.spongepowered.asm.mixin.injection.struct.InjectionInfo.preInject(InjectionInfo.java:436)
[12:59:50] [ForkJoinPool.commonPool-worker-1/INFO]: [STDERR]: 	at org.spongepowered.asm.mixin.transformer.MixinTargetContext.applyInjections(MixinTargetContext.java:1370)
[12:59:50] [ForkJoinPool.commonPool-worker-1/INFO]: [STDERR]: 	at org.spongepowered.asm.mixin.transformer.MixinApplicatorStandard.applyInjections(MixinApplicatorStandard.java:1062)
[12:59:50] [ForkJoinPool.commonPool-worker-1/INFO]: [STDERR]: 	at org.spongepowered.asm.mixin.transformer.MixinApplicatorStandard.applyMixin(MixinApplicatorStandard.java:402)
[12:59:50] [ForkJoinPool.commonPool-worker-1/INFO]: [STDERR]: 	at org.spongepowered.asm.mixin.transformer.MixinApplicatorStandard.apply(MixinApplicatorStandard.java:327)
[12:59:50] [ForkJoinPool.commonPool-worker-1/INFO]: [STDERR]: 	at org.spongepowered.asm.mixin.transformer.TargetClassContext.apply(TargetClassContext.java:421)
[12:59:50] [ForkJoinPool.commonPool-worker-1/INFO]: [STDERR]: 	at org.spongepowered.asm.mixin.transformer.TargetClassContext.applyMixins(TargetClassContext.java:403)
[12:59:50] [ForkJoinPool.commonPool-worker-1/INFO]: [STDERR]: 	at org.spongepowered.asm.mixin.transformer.MixinProcessor.applyMixins(MixinProcessor.java:363)
[12:59:50] [ForkJoinPool.commonPool-worker-1/INFO]: [STDERR]: 	at org.spongepowered.asm.mixin.transformer.MixinTransformer.transformClass(MixinTransformer.java:234)
[12:59:50] [ForkJoinPool.commonPool-worker-1/INFO]: [STDERR]: 	at org.spongepowered.asm.mixin.transformer.MixinTransformer.transformClassBytes(MixinTransformer.java:202)
[12:59:50] [ForkJoinPool.commonPool-worker-1/INFO]: [STDERR]: 	at net.fabricmc.loader.impl.launch.knot.KnotClassDelegate.getPostMixinClassByteArray(KnotClassDelegate.java:422)
[12:59:50] [ForkJoinPool.commonPool-worker-1/INFO]: [STDERR]: 	at net.fabricmc.loader.impl.launch.knot.KnotClassDelegate.tryLoadClass(KnotClassDelegate.java:323)
[12:59:50] [ForkJoinPool.commonPool-worker-1/INFO]: [STDERR]: 	at net.fabricmc.loader.impl.launch.knot.KnotClassDelegate.loadClass(KnotClassDelegate.java:218)
[12:59:50] [ForkJoinPool.commonPool-worker-1/INFO]: [STDERR]: 	at net.fabricmc.loader.impl.launch.knot.KnotClassLoader.loadClass(KnotClassLoader.java:119)
[12:59:50] [ForkJoinPool.commonPool-worker-1/INFO]: [STDERR]: 	at java.base/java.lang.ClassLoader.loadClass(ClassLoader.java:525)
[12:59:50] [ForkJoinPool.commonPool-worker-1/INFO]: [STDERR]: 	at gg.essential.universal.UGraphics.<clinit>(UGraphics.java:774)
[12:59:50] [ForkJoinPool.commonPool-worker-1/INFO]: [STDERR]: 	at gg.essential.elementa.components.UIImage._init_$lambda-1(UIImage.kt:60)
[12:59:50] [ForkJoinPool.commonPool-worker-1/INFO]: [STDERR]: 	at java.base/java.util.concurrent.CompletableFuture$UniAccept.tryFire(CompletableFuture.java:718)
[12:59:50] [ForkJoinPool.commonPool-worker-1/INFO]: [STDERR]: 	at java.base/java.util.concurrent.CompletableFuture$Completion.exec(CompletableFuture.java:483)
[12:59:50] [ForkJoinPool.commonPool-worker-1/INFO]: [STDERR]: 	at java.base/java.util.concurrent.ForkJoinTask.doExec(ForkJoinTask.java:373)
[12:59:50] [ForkJoinPool.commonPool-worker-1/INFO]: [STDERR]: 	at java.base/java.util.concurrent.ForkJoinPool$WorkQueue.topLevelExec(ForkJoinPool.java:1182)
[12:59:50] [ForkJoinPool.commonPool-worker-1/INFO]: [STDERR]: 	at java.base/java.util.concurrent.ForkJoinPool.scan(ForkJoinPool.java:1655)
[12:59:50] [ForkJoinPool.commonPool-worker-1/INFO]: [STDERR]: 	at java.base/java.util.concurrent.ForkJoinPool.runWorker(ForkJoinPool.java:1622)
[12:59:50] [ForkJoinPool.commonPool-worker-1/INFO]: [STDERR]: 	at java.base/java.util.concurrent.ForkJoinWorkerThread.run(ForkJoinWorkerThread.java:165)
[12:59:50] [ForkJoinPool.commonPool-worker-1/INFO]: [STDERR]: Caused by: java.lang.IndexOutOfBoundsException: Trying to set an inexistant local variable 9
[12:59:50] [ForkJoinPool.commonPool-worker-1/INFO]: [STDERR]: 	at org.objectweb.asm.tree.analysis.Frame.setLocal(Frame.java:208)
[12:59:50] [ForkJoinPool.commonPool-worker-1/INFO]: [STDERR]: 	at org.objectweb.asm.tree.analysis.Frame.execute(Frame.java:337)
[12:59:50] [ForkJoinPool.commonPool-worker-1/INFO]: [STDERR]: 	at org.objectweb.asm.tree.analysis.Analyzer.analyze(Analyzer.java:171)
[12:59:50] [ForkJoinPool.commonPool-worker-1/INFO]: [STDERR]: 	... 35 more
[12:59:51] [Render thread/INFO]: Reloading ResourceManager: vanilla, fabric, advanced-xray-fabric, appleskin, carpet, citresewn, citresewn-defaults, cloth-config, entityculling, essential, essential-container, essential-loader, fabric-api, fabric-api-base, fabric-api-lookup-api-v1, fabric-biome-api-v1, fabric-block-api-v1, fabric-block-view-api-v2, fabric-blockrenderlayer-v1, fabric-client-tags-api-v1, fabric-command-api-v1, fabric-command-api-v2, fabric-commands-v0, fabric-containers-v0, fabric-content-registries-v0, fabric-convention-tags-v1, fabric-crash-report-info-v1, fabric-data-attachment-api-v1, fabric-data-generation-api-v1, fabric-dimensions-v1, fabric-entity-events-v1, fabric-events-interaction-v0, fabric-events-lifecycle-v0, fabric-game-rule-api-v1, fabric-item-api-v1, fabric-item-group-api-v1, fabric-key-binding-api-v1, fabric-keybindings-v0, fabric-language-kotlin, fabric-lifecycle-events-v1, fabric-loot-api-v2, fabric-message-api-v1, fabric-mining-level-api-v1, fabric-model-loading-api-v1, fabric-models-v0, fabric-networking-api-v1, fabric-object-builder-api-v1, fabric-particles-v1, fabric-recipe-api-v1, fabric-registry-sync-v0, fabric-renderer-api-v1, fabric-renderer-indigo, fabric-renderer-registries-v1, fabric-rendering-data-attachment-v1, fabric-rendering-fluids-v1, fabric-rendering-v0, fabric-rendering-v1, fabric-resource-conditions-api-v1, fabric-resource-loader-v0, fabric-screen-api-v1, fabric-screen-handler-api-v1, fabric-sound-api-v1, fabric-transfer-api-v1, fabric-transitive-access-wideners-v1, fabricloader, itemscroller, litematica, lithium, logical_zoom, malilib, minihud, nvidium, sodium, tweakeroo, file/VanillaTweaks_r501868.zip, file/Faithful 64x - Release 3.zip, file/VIllager Schedule Clock.zip, essential
[12:59:52] [Worker-Main-6/INFO]: Found unifont_all_no_pua-15.1.04.hex, loading
[12:59:52] [Render thread/INFO]: Client started, setting up xray store
[12:59:54] [DefaultDispatcher-worker-4/INFO]: Connected to Discord as starbuckslarge
[12:59:54] [Render thread/WARN]: Missing sound for event: minecraft:item.goat_horn.play
[12:59:54] [Render thread/WARN]: Missing sound for event: minecraft:entity.goat.screaming.horn_break
[12:59:54] [Render thread/WARN]: Missing sound for event: minecraft:entity.generic.wind_burst
[12:59:54] [Render thread/INFO]: OpenAL initialized on device OpenAL Soft on Speakers (Razer Kraken Kitty Edition)
[12:59:54] [Render thread/INFO]: Sound engine started
[12:59:54] [Render thread/INFO]: Created: 4096x2048x4 minecraft:textures/atlas/blocks.png-atlas
[12:59:54] [Render thread/INFO]: Created: 1024x1024x4 minecraft:textures/atlas/signs.png-atlas
[12:59:54] [Render thread/INFO]: Created: 2048x2048x4 minecraft:textures/atlas/shield_patterns.png-atlas
[12:59:54] [Render thread/INFO]: Created: 2048x2048x4 minecraft:textures/atlas/banner_patterns.png-atlas
[12:59:54] [Render thread/INFO]: Created: 4096x4096x4 minecraft:textures/atlas/armor_trims.png-atlas
[12:59:54] [Render thread/INFO]: Created: 512x256x4 minecraft:textures/atlas/decorated_pot.png-atlas
[12:59:54] [Render thread/INFO]: Created: 1024x1024x4 minecraft:textures/atlas/chest.png-atlas
[12:59:54] [Render thread/INFO]: Created: 2048x1024x4 minecraft:textures/atlas/shulker_boxes.png-atlas
[12:59:54] [Render thread/INFO]: Created: 2048x1024x4 minecraft:textures/atlas/beds.png-atlas
[12:59:55] [Render thread/WARN]: Shader rendertype_entity_translucent_emissive could not find sampler named Sampler2 in the specified shader program.
[12:59:55] [Render thread/INFO]: Created: 1024x1024x0 minecraft:textures/atlas/particles.png-atlas
[12:59:55] [Render thread/INFO]: Created: 1024x1024x0 minecraft:textures/atlas/paintings.png-atlas
[12:59:55] [Render thread/INFO]: Created: 512x512x0 minecraft:textures/atlas/mob_effects.png-atlas
[12:59:55] [Render thread/INFO]: Created: 4096x2048x0 minecraft:textures/atlas/gui.png-atlas
[12:59:57] [Render thread/WARN]: Shader cabb2374eda405e66b897908637abd1da5deac52 could not find uniform named subpixel_amount in the specified shader program.
[13:00:38] [Render thread/INFO]: Audio device was lost!
[13:00:38] [Render thread/WARN]: Missing sound for event: minecraft:item.goat_horn.play
[13:00:38] [Render thread/WARN]: Missing sound for event: minecraft:entity.goat.screaming.horn_break
[13:00:38] [Render thread/WARN]: Missing sound for event: minecraft:entity.generic.wind_burst
[13:00:39] [Render thread/INFO]: OpenAL initialized on device OpenAL Soft on Speakers (Razer Kraken Kitty Edition)
[13:00:39] [Render thread/INFO]: Sound engine started
[13:00:40] [Render thread/INFO]: Audio device was lost!
[13:00:40] [Render thread/WARN]: Missing sound for event: minecraft:item.goat_horn.play
[13:00:40] [Render thread/WARN]: Missing sound for event: minecraft:entity.goat.screaming.horn_break
[13:00:40] [Render thread/WARN]: Missing sound for event: minecraft:entity.generic.wind_burst
[13:00:40] [Render thread/INFO]: OpenAL initialized on device OpenAL Soft on Speakers (Razer Kraken Kitty Edition)
[13:00:40] [Render thread/INFO]: Sound engine started
[13:00:49] [Render thread/INFO]: Loaded 7 recipes
[13:00:49] [Render thread/INFO]: Loaded 1271 advancements
[13:00:50] [Render thread/INFO]: Applied 0 biome modifications to 0 of 64 new biomes in 2.580 ms
[13:00:50] [Render thread/WARN]: @Redirect conflict. Skipping mixins.tweakeroo.json:MixinServerPlayNetworkHandler from mod tweakeroo->@Redirect::tweakeroo_removeHitPosCheck(Lnet/minecraft/class_243;Lnet/minecraft/class_243;)Lnet/minecraft/class_243; with priority 1005, already redirected by mixins.litematica.json:MixinServerPlayNetworkHandler from mod litematica->@Redirect::litematica_removeHitPosCheck(Lnet/minecraft/class_243;Lnet/minecraft/class_243;)Lnet/minecraft/class_243; with priority 1010
[13:00:50] [Server thread/INFO]: Starting integrated minecraft server version 1.20.4
[13:00:50] [Server thread/INFO]: Generating keypair
[13:00:51] [Server thread/INFO]: Preparing start region for dimension minecraft:overworld
[13:00:53] [Render thread/INFO]: Preparing spawn area: 0%
[13:00:53] [Render thread/INFO]: Preparing spawn area: 0%
[13:00:53] [Render thread/INFO]: Preparing spawn area: 0%
[13:00:53] [Render thread/INFO]: Preparing spawn area: 0%
[13:00:53] [Render thread/INFO]: Preparing spawn area: 0%
[13:00:54] [Render thread/INFO]: Preparing spawn area: 0%
[13:00:54] [Render thread/INFO]: Preparing spawn area: 69%
[13:00:54] [Render thread/INFO]: Time elapsed: 3189 ms
[13:00:55] [Server thread/INFO]: Changing view distance to 16, from 10
[13:00:55] [Server thread/INFO]: Changing simulation distance to 12, from 0
[13:00:55] [Server thread/INFO]: 16thGarden[local:E:31d0d7d7] logged in with entity id 257 at (-40.575765032311516, 64.0, -4.846168139049722)
[13:00:55] [Server thread/INFO]: 16thGarden joined the game
[13:00:56] [Render thread/INFO]: Started 6 worker threads
[13:00:56] [Render thread/INFO]: Using 3 total BufferBuilder caches
[13:00:56] [Render thread/WARN]: Unable to read property: west with value: false for blockstate: {Name:"minecraft:cobblestone_wall",Properties:{east:"false",north:"false",south:"false",up:"false",west:"false"}}
[13:00:56] [Render thread/WARN]: Unable to read property: east with value: false for blockstate: {Name:"minecraft:cobblestone_wall",Properties:{east:"false",north:"false",south:"false",up:"false",west:"false"}}
[13:00:56] [Render thread/WARN]: Unable to read property: south with value: false for blockstate: {Name:"minecraft:cobblestone_wall",Properties:{east:"false",north:"false",south:"false",up:"false",west:"false"}}
[13:00:56] [Render thread/WARN]: Unable to read property: north with value: false for blockstate: {Name:"minecraft:cobblestone_wall",Properties:{east:"false",north:"false",south:"false",up:"false",west:"false"}}
[13:00:56] [Render thread/WARN]: Unable to read property: west with value: false for blockstate: {Name:"minecraft:mossy_cobblestone_wall",Properties:{east:"false",north:"false",south:"false",up:"false",west:"false"}}
[13:00:56] [Render thread/WARN]: Unable to read property: east with value: false for blockstate: {Name:"minecraft:mossy_cobblestone_wall",Properties:{east:"false",north:"false",south:"false",up:"false",west:"false"}}
[13:00:56] [Render thread/WARN]: Unable to read property: south with value: false for blockstate: {Name:"minecraft:mossy_cobblestone_wall",Properties:{east:"false",north:"false",south:"false",up:"false",west:"false"}}
[13:00:56] [Render thread/WARN]: Unable to read property: north with value: false for blockstate: {Name:"minecraft:mossy_cobblestone_wall",Properties:{east:"false",north:"false",south:"false",up:"false",west:"false"}}
[13:00:56] [Render thread/INFO]: Loaded 1070 advancements
[13:01:45] [Server thread/INFO]: Saving and pausing game...
[13:01:46] [Server thread/INFO]: Saving chunks for level 'ServerLevel[Epic survival world]'/minecraft:overworld
[13:01:46] [Server thread/INFO]: Saving chunks for level 'ServerLevel[Epic survival world]'/minecraft:the_nether
[13:01:46] [Server thread/INFO]: Saving chunks for level 'ServerLevel[Epic survival world]'/minecraft:the_end
[13:01:46] [Server thread/INFO]: Saving and pausing game...
[13:01:46] [Server thread/INFO]: Saving chunks for level 'ServerLevel[Epic survival world]'/minecraft:overworld
[13:01:47] [Server thread/INFO]: Saving chunks for level 'ServerLevel[Epic survival world]'/minecraft:the_nether
[13:01:47] [Server thread/INFO]: Saving chunks for level 'ServerLevel[Epic survival world]'/minecraft:the_end
[13:01:47] [Server thread/INFO]: 16thGarden lost connection: Disconnected
[13:01:47] [Server thread/INFO]: 16thGarden left the game
[13:01:47] [Server thread/INFO]: Stopping singleplayer server as player logged out
[13:01:47] [Server thread/INFO]: Stopping server
[13:01:47] [Server thread/INFO]: Saving players
[13:01:47] [Server thread/INFO]: Saving worlds
[13:01:47] [Server thread/INFO]: Saving chunks for level 'ServerLevel[Epic survival world]'/minecraft:overworld
[13:01:47] [Server thread/INFO]: Saving chunks for level 'ServerLevel[Epic survival world]'/minecraft:the_nether
[13:01:47] [Server thread/INFO]: Saving chunks for level 'ServerLevel[Epic survival world]'/minecraft:the_end
[13:01:47] [Server thread/INFO]: ThreadedAnvilChunkStorage (Epic survival world): All chunks are saved
[13:01:47] [Server thread/INFO]: ThreadedAnvilChunkStorage (DIM-1): All chunks are saved
[13:01:47] [Server thread/INFO]: ThreadedAnvilChunkStorage (DIM1): All chunks are saved
[13:01:47] [Server thread/INFO]: ThreadedAnvilChunkStorage: All dimensions are saved
[13:01:47] [Render thread/INFO]: Stopping worker threads
[13:01:49] [Render thread/INFO]: Loaded 7 recipes
[13:01:49] [Render thread/INFO]: Loaded 1271 advancements
[13:01:49] [Render thread/INFO]: Applied 0 biome modifications to 0 of 64 new biomes in 230.2 ?s
[13:01:49] [Server thread/INFO]: Starting integrated minecraft server version 1.20.4
[13:01:49] [Server thread/INFO]: Generating keypair
[13:01:49] [Server thread/INFO]: Preparing start region for dimension minecraft:overworld
[13:01:50] [Render thread/INFO]: Preparing spawn area: 0%
[13:01:50] [Render thread/INFO]: Preparing spawn area: 0%
[13:01:50] [Render thread/INFO]: Preparing spawn area: 0%
[13:01:51] [Render thread/INFO]: Preparing spawn area: 42%
[13:01:51] [Server thread/INFO]: Changing view distance to 16, from 10
[13:01:51] [Server thread/INFO]: Changing simulation distance to 12, from 0
[13:01:51] [Render thread/INFO]: Time elapsed: 1782 ms
[13:01:51] [Server thread/INFO]: 16thGarden[local:E:6d77b1b3] logged in with entity id 937 at (9.003057894592205, -40.49969530089883, -29.513975492272618)
[13:01:51] [Render thread/INFO]: Started 6 worker threads
[13:01:51] [Server thread/INFO]: 16thGarden joined the game
[13:01:51] [Render thread/INFO]: Using 3 total BufferBuilder caches
[13:01:51] [Render thread/INFO]: Loaded 556 advancements
[13:03:28] [Server thread/INFO]: Saving and pausing game...
[13:03:29] [Server thread/INFO]: Saving chunks for level 'ServerLevel[testing]'/minecraft:overworld
[13:03:29] [Server thread/INFO]: Saving chunks for level 'ServerLevel[testing]'/minecraft:the_nether
[13:03:29] [Server thread/INFO]: Saving chunks for level 'ServerLevel[testing]'/minecraft:the_end
[13:03:29] [Server thread/INFO]: 16thGarden lost connection: Disconnected
[13:03:29] [Server thread/INFO]: 16thGarden left the game
[13:03:29] [Server thread/INFO]: Stopping singleplayer server as player logged out
[13:03:29] [Server thread/INFO]: Stopping server
[13:03:29] [Server thread/INFO]: Saving players
[13:03:29] [Server thread/INFO]: Saving worlds
[13:03:29] [Server thread/INFO]: Saving chunks for level 'ServerLevel[testing]'/minecraft:overworld
[13:03:29] [Server thread/INFO]: Saving chunks for level 'ServerLevel[testing]'/minecraft:the_nether
[13:03:29] [Server thread/INFO]: Saving chunks for level 'ServerLevel[testing]'/minecraft:the_end
[13:03:29] [Server thread/INFO]: ThreadedAnvilChunkStorage (New World (1)): All chunks are saved
[13:03:29] [Server thread/INFO]: ThreadedAnvilChunkStorage (DIM-1): All chunks are saved
[13:03:29] [Server thread/INFO]: ThreadedAnvilChunkStorage (DIM1): All chunks are saved
[13:03:29] [Server thread/INFO]: ThreadedAnvilChunkStorage: All dimensions are saved
[13:03:29] [Render thread/INFO]: Stopping worker threads
[13:03:30] [Render thread/INFO]: Loaded 7 recipes
[13:03:30] [Render thread/INFO]: Loaded 1271 advancements
[13:03:31] [Render thread/INFO]: Applied 0 biome modifications to 0 of 64 new biomes in 227.8 ?s
[13:03:31] [Server thread/INFO]: Starting integrated minecraft server version 1.20.4
[13:03:31] [Server thread/INFO]: Generating keypair
[13:03:32] [Server thread/INFO]: Preparing start region for dimension minecraft:overworld
[13:03:33] [Render thread/INFO]: Preparing spawn area: 0%
[13:03:33] [Render thread/INFO]: Preparing spawn area: 0%
[13:03:33] [Render thread/INFO]: Preparing spawn area: 0%
[13:03:33] [Render thread/INFO]: Preparing spawn area: 0%
[13:03:34] [Render thread/INFO]: Preparing spawn area: 13%
[13:03:34] [Server thread/INFO]: Changing view distance to 16, from 10
[13:03:34] [Server thread/INFO]: Changing simulation distance to 12, from 0
[13:03:34] [Render thread/INFO]: Time elapsed: 2414 ms
[13:03:34] [Server thread/INFO]: 16thGarden[local:E:02c677c1] logged in with entity id 1675 at (-24.062392256629128, 74.0, -48.85794103540751)
[13:03:34] [Server thread/INFO]: 16thGarden joined the game
[13:03:35] [Render thread/INFO]: Started 6 worker threads
[13:03:35] [Render thread/INFO]: Using 3 total BufferBuilder caches
[13:03:35] [Render thread/INFO]: Loaded 1070 advancements
[13:10:20] [Render thread/WARN]: Unable to play empty soundEvent: minecraft:entity.tropical_fish.ambient
[13:10:21] [Render thread/WARN]: Unable to play empty soundEvent: minecraft:entity.puffer_fish.ambient
[13:15:54] [Server thread/INFO]: Saving and pausing game...
[13:15:54] [Server thread/INFO]: Saving chunks for level 'ServerLevel[Epic survival world]'/minecraft:overworld
[13:15:54] [Server thread/INFO]: Saving chunks for level 'ServerLevel[Epic survival world]'/minecraft:the_nether
[13:15:54] [Server thread/INFO]: Saving chunks for level 'ServerLevel[Epic survival world]'/minecraft:the_end
[13:15:56] [Server thread/INFO]: 16thGarden lost connection: Disconnected
[13:15:56] [Server thread/INFO]: 16thGarden left the game
[13:15:56] [Server thread/INFO]: Stopping singleplayer server as player logged out
[13:15:56] [Server thread/INFO]: Stopping server
[13:15:56] [Server thread/INFO]: Saving players
[13:15:56] [Server thread/INFO]: Saving worlds
[13:15:56] [Server thread/INFO]: Saving chunks for level 'ServerLevel[Epic survival world]'/minecraft:overworld
[13:15:56] [Server thread/INFO]: Saving chunks for level 'ServerLevel[Epic survival world]'/minecraft:the_nether
[13:15:56] [Server thread/INFO]: Saving chunks for level 'ServerLevel[Epic survival world]'/minecraft:the_end
[13:15:56] [Server thread/INFO]: ThreadedAnvilChunkStorage (Epic survival world): All chunks are saved
[13:15:56] [Server thread/INFO]: ThreadedAnvilChunkStorage (DIM-1): All chunks are saved
[13:15:56] [Server thread/INFO]: ThreadedAnvilChunkStorage (DIM1): All chunks are saved
[13:15:56] [Server thread/INFO]: ThreadedAnvilChunkStorage: All dimensions are saved
[13:15:56] [Render thread/INFO]: Stopping worker threads
[13:16:00] [Render thread/INFO]: Found new data pack fabric, loading it automatically
[13:16:00] [Render thread/INFO]: Found new data pack fabric-convention-tags-v1, loading it automatically
[13:16:00] [Render thread/INFO]: Loaded 7 recipes
[13:16:00] [Render thread/INFO]: Loaded 1271 advancements
[13:16:01] [Render thread/INFO]: Applied 0 biome modifications to 0 of 64 new biomes in 657.5 ?s
[13:16:01] [Server thread/INFO]: Starting integrated minecraft server version 1.20.4
[13:16:01] [Server thread/INFO]: Generating keypair
[13:16:01] [Server thread/INFO]: Preparing start region for dimension minecraft:overworld
[13:16:06] [Render thread/INFO]: Preparing spawn area: 0%
[13:16:06] [Render thread/INFO]: Preparing spawn area: 0%
[13:16:06] [Render thread/INFO]: Preparing spawn area: 0%
[13:16:06] [Render thread/INFO]: Preparing spawn area: 0%
[13:16:06] [Render thread/INFO]: Preparing spawn area: 0%
[13:16:06] [Render thread/INFO]: Preparing spawn area: 0%
[13:16:06] [Render thread/INFO]: Preparing spawn area: 0%
[13:16:06] [Render thread/INFO]: Preparing spawn area: 0%
[13:16:06] [Render thread/INFO]: Preparing spawn area: 0%
[13:16:06] [Render thread/INFO]: Preparing spawn area: 0%
[13:16:06] [Render thread/INFO]: Preparing spawn area: 0%
[13:16:10] [Render thread/INFO]: Preparing spawn area: 0%
[13:16:10] [Render thread/INFO]: Preparing spawn area: 0%
[13:16:10] [Render thread/INFO]: Preparing spawn area: 0%
[13:16:10] [Render thread/INFO]: Preparing spawn area: 0%
[13:16:10] [Render thread/INFO]: Preparing spawn area: 0%
[13:16:10] [Render thread/INFO]: Preparing spawn area: 0%
[13:16:10] [Render thread/INFO]: Preparing spawn area: 0%
[13:16:11] [Render thread/INFO]: Preparing spawn area: 0%
[13:16:12] [Render thread/INFO]: Preparing spawn area: 0%
[13:16:12] [Render thread/INFO]: Preparing spawn area: 0%
[13:16:12] [Render thread/INFO]: Preparing spawn area: 0%
[13:16:12] [Render thread/INFO]: Preparing spawn area: 0%
[13:16:13] [Render thread/INFO]: Preparing spawn area: 0%
[13:16:13] [Render thread/INFO]: Preparing spawn area: 0%
[13:16:13] [Render thread/INFO]: Preparing spawn area: 17%
[13:16:14] [Render thread/INFO]: Preparing spawn area: 49%
[13:16:14] [Server thread/ERROR]: Not a JSON object: null; Input is not a list of 4 elements
[13:16:14] [Server thread/ERROR]: Not a JSON object: null; Input is not a list of 4 elements
[13:16:14] [Server thread/ERROR]: Not a JSON object: null; Input is not a list of 4 elements
[13:16:14] [Render thread/INFO]: Time elapsed: 13298 ms
[13:16:14] [Server thread/INFO]: Changing view distance to 16, from 10
[13:16:14] [Server thread/INFO]: Changing simulation distance to 12, from 0
[13:16:14] [Server thread/INFO]: 16thGarden[local:E:23f450cc] logged in with entity id 6779 at (-631.5, 37.0, 329.5)
[13:16:14] [Server thread/INFO]: 16thGarden joined the game
[13:16:14] [Render thread/INFO]: Started 6 worker threads
[13:16:15] [Render thread/INFO]: Using 3 total BufferBuilder caches
[13:16:15] [Render thread/INFO]: Loaded 2 advancements
[13:16:48] [Server thread/INFO]: Saving and pausing game...
[13:16:48] [Server thread/INFO]: Saving chunks for level 'ServerLevel[world]'/minecraft:overworld
[13:16:48] [Server thread/INFO]: Saving chunks for level 'ServerLevel[world]'/minecraft:the_nether
[13:16:48] [Server thread/INFO]: Saving chunks for level 'ServerLevel[world]'/minecraft:the_end
[13:18:35] [Server thread/INFO]: [16thGarden: Set own game mode to Survival Mode]
[13:18:35] [Render thread/INFO]: [System] [CHAT] Set own game mode to Survival Mode
[13:18:59] [Render thread/INFO]: Loaded 3 advancements
[13:19:04] [Server thread/INFO]: 16thGarden has made the advancement [What a Deal!]
[13:19:04] [Render thread/INFO]: [System] [CHAT] 16thGarden has made the advancement [What a Deal!]
[13:19:04] [Render thread/INFO]: Loaded 7 advancements
[13:19:05] [Render thread/INFO]: Loaded 9 advancements
[13:19:38] [Server thread/INFO]: Saving and pausing game...
[13:19:38] [Server thread/INFO]: Saving chunks for level 'ServerLevel[world]'/minecraft:overworld
[13:19:38] [Server thread/INFO]: Saving chunks for level 'ServerLevel[world]'/minecraft:the_nether
[13:19:38] [Server thread/INFO]: Saving chunks for level 'ServerLevel[world]'/minecraft:the_end
[13:19:40] [Render thread/ERROR]: Error saving option Brightness: DynamicException[Value 16.0 outside of range [0.0:1.0] Optional[16.0]]
[13:19:40] [Server thread/INFO]: Saving and pausing game...
[13:19:40] [Server thread/INFO]: Saving chunks for level 'ServerLevel[world]'/minecraft:overworld
[13:19:40] [Server thread/INFO]: Saving chunks for level 'ServerLevel[world]'/minecraft:the_nether
[13:19:40] [Server thread/INFO]: Saving chunks for level 'ServerLevel[world]'/minecraft:the_end
[13:20:17] [Server thread/INFO]: [16thGarden: Set own game mode to Creative Mode]
[13:20:17] [Render thread/INFO]: [System] [CHAT] Set own game mode to Creative Mode
[13:20:17] [Server thread/INFO]: Saving and pausing game...
[13:20:17] [Server thread/INFO]: Saving chunks for level 'ServerLevel[world]'/minecraft:overworld
[13:20:17] [Server thread/INFO]: Saving chunks for level 'ServerLevel[world]'/minecraft:the_nether
[13:20:17] [Server thread/INFO]: Saving chunks for level 'ServerLevel[world]'/minecraft:the_end
[13:20:18] [Server thread/INFO]: 16thGarden lost connection: Disconnected
[13:20:18] [Server thread/INFO]: 16thGarden left the game
[13:20:18] [Server thread/INFO]: Stopping singleplayer server as player logged out
[13:20:18] [Server thread/INFO]: Stopping server
[13:20:18] [Server thread/INFO]: Saving players
[13:20:18] [Server thread/INFO]: Saving worlds
[13:20:18] [Server thread/INFO]: Saving chunks for level 'ServerLevel[world]'/minecraft:overworld
[13:20:18] [Server thread/INFO]: Saving chunks for level 'ServerLevel[world]'/minecraft:the_nether
[13:20:18] [Server thread/INFO]: Saving chunks for level 'ServerLevel[world]'/minecraft:the_end
[13:20:18] [Server thread/INFO]: ThreadedAnvilChunkStorage (Burning Casino): All chunks are saved
[13:20:18] [Server thread/INFO]: ThreadedAnvilChunkStorage (DIM-1): All chunks are saved
[13:20:18] [Server thread/INFO]: ThreadedAnvilChunkStorage (DIM1): All chunks are saved
[13:20:18] [Server thread/INFO]: ThreadedAnvilChunkStorage: All dimensions are saved
[13:20:18] [Render thread/INFO]: Stopping worker threads
[13:21:45] [Render thread/INFO]: Loaded 7 recipes
[13:21:45] [Render thread/INFO]: Loaded 1271 advancements
[13:21:45] [Render thread/INFO]: Applied 0 biome modifications to 0 of 64 new biomes in 228.6 ?s
[13:21:45] [Server thread/INFO]: Starting integrated minecraft server version 1.20.4
[13:21:45] [Server thread/INFO]: Generating keypair
[13:21:45] [Server thread/INFO]: Preparing start region for dimension minecraft:overworld
[13:21:46] [Render thread/INFO]: Preparing spawn area: 0%
[13:21:46] [Render thread/INFO]: Preparing spawn area: 0%
[13:21:46] [Render thread/INFO]: Preparing spawn area: 0%
[13:21:47] [Render thread/INFO]: Preparing spawn area: 15%
[13:21:47] [Server thread/INFO]: Changing view distance to 16, from 10
[13:21:47] [Server thread/INFO]: Changing simulation distance to 12, from 0
[13:21:47] [Render thread/INFO]: Time elapsed: 1948 ms
[13:21:47] [Server thread/INFO]: 16thGarden[local:E:0c76549b] logged in with entity id 7171 at (38.05991231726355, -40.37325141461784, -16.724895133603777)
[13:21:47] [Server thread/INFO]: 16thGarden joined the game
[13:21:47] [Render thread/INFO]: Started 6 worker threads
[13:21:47] [Render thread/INFO]: Using 3 total BufferBuilder caches
[13:21:47] [Render thread/INFO]: Loaded 556 advancements
[13:50:30] [Render thread/INFO]: Loaded 559 advancements
[13:54:45] [Render thread/INFO]: Loaded 560 advancements
[13:57:09] [Server thread/INFO]: Saving and pausing game...
[13:57:09] [Server thread/INFO]: Saving chunks for level 'ServerLevel[testing]'/minecraft:overworld
[13:57:09] [Server thread/INFO]: Saving chunks for level 'ServerLevel[testing]'/minecraft:the_nether
[13:57:09] [Server thread/INFO]: Saving chunks for level 'ServerLevel[testing]'/minecraft:the_end
[15:32:51] [Render thread/INFO]: [System] [CHAT] Set the target tick rate to 200.0 per second
[15:32:51] [Server thread/INFO]: [16thGarden: Set the target tick rate to 200.0 per second]
[15:32:55] [Server thread/INFO]: [16thGarden: Set the target tick rate to 20.0 per second]
[15:32:55] [Render thread/INFO]: [System] [CHAT] Set the target tick rate to 20.0 per second
[15:36:43] [Render thread/INFO]: [System] [CHAT] [Debug]: Hitboxes: shown
[15:41:20] [Render thread/INFO]: [System] [CHAT] [Debug]: Hitboxes: hidden
[15:55:14] [Server thread/INFO]: [16thGarden: Set the target tick rate to 200.0 per second]
[15:55:14] [Render thread/INFO]: [System] [CHAT] Set the target tick rate to 200.0 per second
[15:55:17] [Server thread/INFO]: [16thGarden: Set the target tick rate to 20.0 per second]
[15:55:17] [Render thread/INFO]: [System] [CHAT] Set the target tick rate to 20.0 per second
[18:38:09] [Server thread/INFO]: Saving and pausing game...
[18:38:09] [Server thread/INFO]: Saving chunks for level 'ServerLevel[testing]'/minecraft:overworld
[18:38:09] [Server thread/INFO]: Saving chunks for level 'ServerLevel[testing]'/minecraft:the_nether
[18:38:09] [Server thread/INFO]: Saving chunks for level 'ServerLevel[testing]'/minecraft:the_end
[18:38:10] [Server thread/INFO]: Saving and pausing game...
[18:38:10] [Server thread/INFO]: Saving chunks for level 'ServerLevel[testing]'/minecraft:overworld
[18:38:10] [Server thread/INFO]: Saving chunks for level 'ServerLevel[testing]'/minecraft:the_nether
[18:38:10] [Server thread/INFO]: Saving chunks for level 'ServerLevel[testing]'/minecraft:the_end
[18:55:09] [Server thread/INFO]: Saving and pausing game...
[18:55:09] [Server thread/INFO]: Saving chunks for level 'ServerLevel[testing]'/minecraft:overworld
[18:55:10] [Server thread/INFO]: Saving chunks for level 'ServerLevel[testing]'/minecraft:the_nether
[18:55:10] [Server thread/INFO]: Saving chunks for level 'ServerLevel[testing]'/minecraft:the_end
[18:55:10] [Server thread/INFO]: 16thGarden lost connection: Disconnected
[18:55:10] [Server thread/INFO]: 16thGarden left the game
[18:55:10] [Server thread/INFO]: Stopping singleplayer server as player logged out
[18:55:10] [Server thread/INFO]: Stopping server
[18:55:10] [Server thread/INFO]: Saving players
[18:55:10] [Server thread/INFO]: Saving worlds
[18:55:10] [Server thread/INFO]: Saving chunks for level 'ServerLevel[testing]'/minecraft:overworld
[18:55:10] [Server thread/INFO]: Saving chunks for level 'ServerLevel[testing]'/minecraft:the_nether
[18:55:10] [Server thread/INFO]: Saving chunks for level 'ServerLevel[testing]'/minecraft:the_end
[18:55:10] [Server thread/INFO]: ThreadedAnvilChunkStorage (New World (1)): All chunks are saved
[18:55:10] [Server thread/INFO]: ThreadedAnvilChunkStorage (DIM-1): All chunks are saved
[18:55:10] [Server thread/INFO]: ThreadedAnvilChunkStorage (DIM1): All chunks are saved
[18:55:10] [Server thread/INFO]: ThreadedAnvilChunkStorage: All dimensions are saved
[18:55:10] [Render thread/INFO]: Stopping worker threads
[19:35:13] [Render thread/INFO]: Loaded 7 recipes
[19:35:13] [Render thread/INFO]: Loaded 1271 advancements
[19:35:13] [Render thread/INFO]: Applied 0 biome modifications to 0 of 64 new biomes in 225.0 ?s
[19:35:13] [Server thread/INFO]: Starting integrated minecraft server version 1.20.4
[19:35:13] [Server thread/INFO]: Generating keypair
[19:35:13] [Server thread/INFO]: Preparing start region for dimension minecraft:overworld
[19:35:15] [Render thread/INFO]: Preparing spawn area: 0%
[19:35:15] [Render thread/INFO]: Preparing spawn area: 0%
[19:35:15] [Render thread/INFO]: Preparing spawn area: 0%
[19:35:15] [Render thread/INFO]: Preparing spawn area: 0%
[19:35:16] [Render thread/INFO]: Preparing spawn area: 24%
[19:35:16] [Server thread/INFO]: Changing view distance to 16, from 10
[19:35:16] [Server thread/INFO]: Changing simulation distance to 12, from 0
[19:35:16] [Render thread/INFO]: Time elapsed: 2421 ms
[19:35:16] [Server thread/INFO]: 16thGarden[local:E:eba813cb] logged in with entity id 35425 at (-81.93036235156191, -50.344227541271806, -29.13029361842125)
[19:35:16] [Server thread/INFO]: 16thGarden joined the game
[19:35:16] [Render thread/INFO]: Started 6 worker threads
[19:35:16] [Render thread/INFO]: Using 3 total BufferBuilder caches
[19:35:16] [Render thread/INFO]: Loaded 560 advancements
[20:26:01] [Server thread/INFO]: Saving and pausing game...
[20:26:01] [Server thread/INFO]: Saving chunks for level 'ServerLevel[testing]'/minecraft:overworld
[20:26:01] [Server thread/INFO]: Saving chunks for level 'ServerLevel[testing]'/minecraft:the_nether
[20:26:01] [Server thread/INFO]: Saving chunks for level 'ServerLevel[testing]'/minecraft:the_end
[20:26:03] [Server thread/INFO]: 16thGarden lost connection: Disconnected
[20:26:03] [Server thread/INFO]: 16thGarden left the game
[20:26:03] [Server thread/INFO]: Stopping singleplayer server as player logged out
[20:26:03] [Server thread/INFO]: Stopping server
[20:26:03] [Server thread/INFO]: Saving players
[20:26:03] [Server thread/INFO]: Saving worlds
[20:26:03] [Server thread/INFO]: Saving chunks for level 'ServerLevel[testing]'/minecraft:overworld
[20:26:03] [Server thread/INFO]: Saving chunks for level 'ServerLevel[testing]'/minecraft:the_nether
[20:26:03] [Server thread/INFO]: Saving chunks for level 'ServerLevel[testing]'/minecraft:the_end
[20:26:03] [Server thread/INFO]: ThreadedAnvilChunkStorage (New World (1)): All chunks are saved
[20:26:03] [Server thread/INFO]: ThreadedAnvilChunkStorage (DIM-1): All chunks are saved
[20:26:03] [Server thread/INFO]: ThreadedAnvilChunkStorage (DIM1): All chunks are saved
[20:26:03] [Server thread/INFO]: ThreadedAnvilChunkStorage: All dimensions are saved
[20:26:03] [Render thread/INFO]: Stopping worker threads
[20:26:05] [Render thread/INFO]: Loaded 7 recipes
[20:26:05] [Render thread/INFO]: Loaded 1271 advancements
[20:26:06] [Render thread/INFO]: Applied 0 biome modifications to 0 of 64 new biomes in 274.0 ?s
[20:26:06] [Server thread/INFO]: Starting integrated minecraft server version 1.20.4
[20:26:06] [Server thread/INFO]: Generating keypair
[20:26:07] [Server thread/INFO]: Preparing start region for dimension minecraft:overworld
[20:26:08] [Render thread/INFO]: Preparing spawn area: 0%
[20:26:08] [Render thread/INFO]: Preparing spawn area: 0%
[20:26:08] [Render thread/INFO]: Preparing spawn area: 0%
[20:26:08] [Render thread/INFO]: Preparing spawn area: 4%
[20:26:09] [Render thread/INFO]: Preparing spawn area: 28%
[20:26:09] [Server thread/INFO]: Changing view distance to 16, from 10
[20:26:09] [Server thread/INFO]: Changing simulation distance to 12, from 0
[20:26:09] [Render thread/INFO]: Time elapsed: 2498 ms
[20:26:10] [Server thread/INFO]: 16thGarden[local:E:bac1c691] logged in with entity id 43516 at (-46.93878116438617, 64.0, -15.91509136102115)
[20:26:10] [Server thread/INFO]: 16thGarden joined the game
[20:26:10] [Render thread/INFO]: Started 6 worker threads
[20:26:10] [Render thread/INFO]: Using 3 total BufferBuilder caches
[20:26:10] [Render thread/INFO]: Loaded 1070 advancements
[20:26:14] [Server thread/WARN]: 16thGarden moved wrongly!
[20:27:24] [Render thread/INFO]: Stopping worker threads
[20:27:24] [Server thread/INFO]: Saving and pausing game...
[20:27:24] [Render thread/INFO]: Started 6 worker threads
[20:27:24] [Server thread/INFO]: Saving chunks for level 'ServerLevel[Epic survival world]'/minecraft:overworld
[20:27:24] [Render thread/INFO]: Stopping worker threads
[20:27:24] [Render thread/INFO]: Started 6 worker threads
[20:27:25] [Server thread/INFO]: Saving chunks for level 'ServerLevel[Epic survival world]'/minecraft:the_nether
[20:27:25] [Server thread/INFO]: Saving chunks for level 'ServerLevel[Epic survival world]'/minecraft:the_end
[20:28:07] [Render thread/INFO]: Stopping worker threads
[20:28:07] [Server thread/INFO]: Saving and pausing game...
[20:28:07] [Render thread/INFO]: Started 6 worker threads
[20:28:07] [Server thread/INFO]: Saving chunks for level 'ServerLevel[Epic survival world]'/minecraft:overworld
[20:28:07] [Server thread/INFO]: Saving chunks for level 'ServerLevel[Epic survival world]'/minecraft:the_nether
[20:28:07] [Render thread/INFO]: Stopping worker threads
[20:28:07] [Server thread/INFO]: Saving chunks for level 'ServerLevel[Epic survival world]'/minecraft:the_end
[20:28:07] [Render thread/INFO]: Started 6 worker threads
[20:29:02] [Render thread/INFO]: [System] [CHAT] Respawn point set
[20:29:29] [Render thread/INFO]: Stopping worker threads
[20:29:29] [Server thread/INFO]: Saving and pausing game...
[20:29:29] [Server thread/INFO]: Saving chunks for level 'ServerLevel[Epic survival world]'/minecraft:overworld
[20:29:29] [Render thread/INFO]: Started 6 worker threads
[20:29:29] [Render thread/INFO]: Stopping worker threads
[20:29:29] [Render thread/INFO]: Started 6 worker threads
[20:29:29] [Server thread/INFO]: Saving chunks for level 'ServerLevel[Epic survival world]'/minecraft:the_nether
[20:29:29] [Server thread/INFO]: Saving chunks for level 'ServerLevel[Epic survival world]'/minecraft:the_end
[20:29:44] [Render thread/WARN]: Received passengers for unknown entity
[20:29:44] [Render thread/WARN]: Received passengers for unknown entity
[20:30:00] [Server thread/INFO]: Saving and pausing game...
[20:30:00] [Server thread/INFO]: Saving chunks for level 'ServerLevel[Epic survival world]'/minecraft:overworld
[20:30:00] [Server thread/INFO]: Saving chunks for level 'ServerLevel[Epic survival world]'/minecraft:the_nether
[20:30:00] [Server thread/INFO]: Saving chunks for level 'ServerLevel[Epic survival world]'/minecraft:the_end
[20:30:00] [Server thread/INFO]: 16thGarden lost connection: Disconnected
[20:30:00] [Server thread/INFO]: 16thGarden left the game
[20:30:00] [Server thread/INFO]: Stopping singleplayer server as player logged out
[20:30:00] [Server thread/INFO]: Stopping server
[20:30:00] [Server thread/INFO]: Saving players
[20:30:00] [Server thread/INFO]: Saving worlds
[20:30:00] [Server thread/INFO]: Saving chunks for level 'ServerLevel[Epic survival world]'/minecraft:overworld
[20:30:00] [Server thread/INFO]: Saving chunks for level 'ServerLevel[Epic survival world]'/minecraft:the_nether
[20:30:00] [Server thread/INFO]: Saving chunks for level 'ServerLevel[Epic survival world]'/minecraft:the_end
[20:30:00] [Server thread/INFO]: ThreadedAnvilChunkStorage (Epic survival world): All chunks are saved
[20:30:00] [Server thread/INFO]: ThreadedAnvilChunkStorage (DIM-1): All chunks are saved
[20:30:00] [Server thread/INFO]: ThreadedAnvilChunkStorage (DIM1): All chunks are saved
[20:30:00] [Server thread/INFO]: ThreadedAnvilChunkStorage: All dimensions are saved
[20:30:00] [Render thread/INFO]: Stopping worker threads
[20:30:02] [Render thread/INFO]: Loaded 7 recipes
[20:30:02] [Render thread/INFO]: Loaded 1271 advancements
[20:30:03] [Render thread/INFO]: Applied 0 biome modifications to 0 of 64 new biomes in 720.6 ?s
[20:30:03] [Server thread/INFO]: Starting integrated minecraft server version 1.20.4
[20:30:03] [Server thread/INFO]: Generating keypair
[20:30:03] [Server thread/INFO]: Preparing start region for dimension minecraft:overworld
[20:30:05] [Render thread/INFO]: Preparing spawn area: 0%
[20:30:05] [Render thread/INFO]: Preparing spawn area: 0%
[20:30:05] [Render thread/INFO]: Preparing spawn area: 0%
[20:30:05] [Render thread/INFO]: Preparing spawn area: 0%
[20:30:05] [Render thread/INFO]: Preparing spawn area: 0%
[20:30:05] [Render thread/INFO]: Preparing spawn area: 0%
[20:30:06] [Render thread/INFO]: Preparing spawn area: 44%
[20:30:06] [Server thread/INFO]: Changing view distance to 16, from 10
[20:30:06] [Server thread/INFO]: Changing simulation distance to 12, from 0
[20:30:06] [Render thread/INFO]: Time elapsed: 3289 ms
[20:30:06] [Server thread/INFO]: 16thGarden[local:E:0ab47579] logged in with entity id 48429 at (-82.74766307058206, -53.0, -28.007716547331054)
[20:30:06] [Server thread/INFO]: 16thGarden joined the game
[20:30:06] [Render thread/INFO]: Started 6 worker threads
[20:30:06] [Render thread/INFO]: Using 3 total BufferBuilder caches
[20:30:06] [Render thread/INFO]: Loaded 560 advancements
[20:31:52] [Render thread/INFO]: [System] [CHAT] [Debug]: Reloaded resource packs
[20:31:52] [Render thread/WARN]: Pack file/coffee totem declared support for versions [16, 22] but declared main format is 9, defaulting to 9
[20:31:52] [Render thread/INFO]: Reloading ResourceManager: vanilla, fabric, advanced-xray-fabric, appleskin, carpet, citresewn, citresewn-defaults, cloth-config, entityculling, essential, essential-container, essential-loader, fabric-api, fabric-api-base, fabric-api-lookup-api-v1, fabric-biome-api-v1, fabric-block-api-v1, fabric-block-view-api-v2, fabric-blockrenderlayer-v1, fabric-client-tags-api-v1, fabric-command-api-v1, fabric-command-api-v2, fabric-commands-v0, fabric-containers-v0, fabric-content-registries-v0, fabric-convention-tags-v1, fabric-crash-report-info-v1, fabric-data-attachment-api-v1, fabric-data-generation-api-v1, fabric-dimensions-v1, fabric-entity-events-v1, fabric-events-interaction-v0, fabric-events-lifecycle-v0, fabric-game-rule-api-v1, fabric-item-api-v1, fabric-item-group-api-v1, fabric-key-binding-api-v1, fabric-keybindings-v0, fabric-language-kotlin, fabric-lifecycle-events-v1, fabric-loot-api-v2, fabric-message-api-v1, fabric-mining-level-api-v1, fabric-model-loading-api-v1, fabric-models-v0, fabric-networking-api-v1, fabric-object-builder-api-v1, fabric-particles-v1, fabric-recipe-api-v1, fabric-registry-sync-v0, fabric-renderer-api-v1, fabric-renderer-indigo, fabric-renderer-registries-v1, fabric-rendering-data-attachment-v1, fabric-rendering-fluids-v1, fabric-rendering-v0, fabric-rendering-v1, fabric-resource-conditions-api-v1, fabric-resource-loader-v0, fabric-screen-api-v1, fabric-screen-handler-api-v1, fabric-sound-api-v1, fabric-transfer-api-v1, fabric-transitive-access-wideners-v1, fabricloader, itemscroller, litematica, lithium, logical_zoom, malilib, minihud, nvidium, sodium, tweakeroo, file/VanillaTweaks_r501868.zip, file/Faithful 64x - Release 3.zip, file/VIllager Schedule Clock.zip, essential
[20:31:52] [Worker-Main-76/INFO]: Found unifont_all_no_pua-15.1.04.hex, loading
[20:31:52] [Server thread/INFO]: Saving and pausing game...
[20:31:52] [Server thread/INFO]: Saving chunks for level 'ServerLevel[testing]'/minecraft:overworld
[20:31:52] [Server thread/INFO]: Saving chunks for level 'ServerLevel[testing]'/minecraft:the_nether
[20:31:52] [Server thread/INFO]: Saving chunks for level 'ServerLevel[testing]'/minecraft:the_end
[20:31:53] [Render thread/WARN]: Missing sound for event: minecraft:item.goat_horn.play
[20:31:53] [Render thread/WARN]: Missing sound for event: minecraft:entity.goat.screaming.horn_break
[20:31:53] [Render thread/WARN]: Missing sound for event: minecraft:entity.generic.wind_burst
[20:31:53] [Render thread/INFO]: OpenAL initialized on device OpenAL Soft on Speakers (Razer Kraken Kitty Edition)
[20:31:53] [Render thread/INFO]: Sound engine started
[20:31:54] [Render thread/INFO]: Created: 4096x2048x4 minecraft:textures/atlas/blocks.png-atlas
[20:31:54] [Render thread/INFO]: Created: 1024x1024x4 minecraft:textures/atlas/signs.png-atlas
[20:31:54] [Render thread/INFO]: Created: 2048x2048x4 minecraft:textures/atlas/shield_patterns.png-atlas
[20:31:54] [Render thread/INFO]: Created: 2048x2048x4 minecraft:textures/atlas/banner_patterns.png-atlas
[20:31:54] [Render thread/INFO]: Created: 4096x4096x4 minecraft:textures/atlas/armor_trims.png-atlas
[20:31:54] [Render thread/INFO]: Created: 512x256x4 minecraft:textures/atlas/decorated_pot.png-atlas
[20:31:54] [Render thread/INFO]: Created: 1024x1024x4 minecraft:textures/atlas/chest.png-atlas
[20:31:54] [Render thread/INFO]: Created: 2048x1024x4 minecraft:textures/atlas/shulker_boxes.png-atlas
[20:31:54] [Render thread/INFO]: Created: 2048x1024x4 minecraft:textures/atlas/beds.png-atlas
[20:31:54] [Render thread/WARN]: Shader rendertype_entity_translucent_emissive could not find sampler named Sampler2 in the specified shader program.
[20:31:54] [Render thread/INFO]: Created: 1024x1024x0 minecraft:textures/atlas/particles.png-atlas
[20:31:54] [Render thread/INFO]: Created: 1024x1024x0 minecraft:textures/atlas/paintings.png-atlas
[20:31:54] [Render thread/INFO]: Created: 512x512x0 minecraft:textures/atlas/mob_effects.png-atlas
[20:31:54] [Render thread/INFO]: Created: 4096x2048x0 minecraft:textures/atlas/gui.png-atlas
[20:31:54] [Render thread/INFO]: Stopping worker threads
[20:31:54] [Render thread/INFO]: Started 6 worker threads
[20:32:07] [Render thread/INFO]: [System] [CHAT] Could not set the block
[20:32:11] [Render thread/INFO]: [System] [CHAT] Could not set the block
[20:40:34] [Server thread/INFO]: Saving and pausing game...
[20:40:34] [Server thread/INFO]: Saving chunks for level 'ServerLevel[testing]'/minecraft:overworld
[20:40:34] [Server thread/INFO]: Saving chunks for level 'ServerLevel[testing]'/minecraft:the_nether
[20:40:34] [Server thread/INFO]: Saving chunks for level 'ServerLevel[testing]'/minecraft:the_end
[20:47:05] [Server thread/INFO]: Saving and pausing game...
[20:47:05] [Server thread/INFO]: Saving chunks for level 'ServerLevel[testing]'/minecraft:overworld
[20:47:05] [Server thread/INFO]: Saving chunks for level 'ServerLevel[testing]'/minecraft:the_nether
[20:47:05] [Server thread/INFO]: Saving chunks for level 'ServerLevel[testing]'/minecraft:the_end
