[20:15:41] [main/INFO]: Loading Minecraft 1.20.4 with Fabric Loader 0.15.7
[20:15:41] [main/WARN]: Warnings were found!
 - Mod 'CIT Resewn' (citresewn) 1.1.4+1.20.4 recommends any version of modmenu, which is missing!
	 - You should install any version of modmenu for the optimal experience.
[20:15:41] [main/INFO]: Loading 75 mods:
	- advanced-xray-fabric 84.0.0
	- appleskin 2.5.1+mc1.20.3
	   \-- cloth-config 13.0.114
	        \-- cloth-basic-math 0.6.1
	- carpet 1.4.128+v231205
	- citresewn 1.1.4+1.20.4
	   \-- citresewn-defaults 1.1.4+1.20.4
	- entityculling 1.6.3.1
	- essential-container 1.0.0
	   \-- essential-loader 1.2.1
	- fabric-api 0.96.4+1.20.4
	   |-- fabric-api-base 0.4.36+78d798af4f
	   |-- fabric-api-lookup-api-v1 1.6.49+82b1bb3e4f
	   |-- fabric-biome-api-v1 13.0.16+78d798af4f
	   |-- fabric-block-api-v1 1.0.16+3e2216cb4f
	   |-- fabric-block-view-api-v2 1.0.4+78d798af4f
	   |-- fabric-blockrenderlayer-v1 1.1.46+78d798af4f
	   |-- fabric-client-tags-api-v1 1.1.7+78d798af4f
	   |-- fabric-command-api-v1 1.2.41+f71b366f4f
	   |-- fabric-command-api-v2 2.2.20+78d798af4f
	   |-- fabric-commands-v0 0.2.58+df3654b34f
	   |-- fabric-containers-v0 0.1.86+df3654b34f
	   |-- fabric-content-registries-v0 5.0.14+78d798af4f
	   |-- fabric-convention-tags-v1 1.5.10+78d798af4f
	   |-- fabric-crash-report-info-v1 0.2.23+78d798af4f
	   |-- fabric-data-attachment-api-v1 1.1.3+b90db5744f
	   |-- fabric-data-generation-api-v1 13.2.3+5c0133444f
	   |-- fabric-dimensions-v1 2.1.61+78d798af4f
	   |-- fabric-entity-events-v1 1.6.1+09fc25014f
	   |-- fabric-events-interaction-v0 0.7.1+389931eb4f
	   |-- fabric-events-lifecycle-v0 0.2.74+df3654b34f
	   |-- fabric-game-rule-api-v1 1.0.46+78d798af4f
	   |-- fabric-item-api-v1 2.2.0+d6f2b0844f
	   |-- fabric-item-group-api-v1 4.0.25+58f8c0124f
	   |-- fabric-key-binding-api-v1 1.0.41+78d798af4f
	   |-- fabric-keybindings-v0 0.2.39+df3654b34f
	   |-- fabric-lifecycle-events-v1 2.3.0+a67ffb5d4f
	   |-- fabric-loot-api-v2 2.1.8+78d798af4f
	   |-- fabric-message-api-v1 6.0.5+78d798af4f
	   |-- fabric-mining-level-api-v1 2.1.64+78d798af4f
	   |-- fabric-model-loading-api-v1 1.0.8+78d798af4f
	   |-- fabric-models-v0 0.4.7+9386d8a74f
	   |-- fabric-networking-api-v1 3.1.7+2e5ac5484f
	   |-- fabric-object-builder-api-v1 13.0.13+080016e44f
	   |-- fabric-particles-v1 1.1.7+78d798af4f
	   |-- fabric-recipe-api-v1 2.0.20+78d798af4f
	   |-- fabric-registry-sync-v0 4.0.19+58f8c0124f
	   |-- fabric-renderer-api-v1 3.2.4+78d798af4f
	   |-- fabric-renderer-indigo 1.5.4+78d798af4f
	   |-- fabric-renderer-registries-v1 3.2.53+df3654b34f
	   |-- fabric-rendering-data-attachment-v1 0.3.42+73761d2e4f
	   |-- fabric-rendering-fluids-v1 3.1.1+e761c6694f
	   |-- fabric-rendering-v0 1.1.56+df3654b34f
	   |-- fabric-rendering-v1 3.2.0+6fd945a04f
	   |-- fabric-resource-conditions-api-v1 2.3.14+78d798af4f
	   |-- fabric-resource-loader-v0 0.11.19+58f8c0124f
	   |-- fabric-screen-api-v1 2.0.17+78d798af4f
	   |-- fabric-screen-handler-api-v1 1.3.55+78d798af4f
	   |-- fabric-sound-api-v1 1.0.17+78d798af4f
	   |-- fabric-transfer-api-v1 4.0.11+e84342304f
	   \-- fabric-transitive-access-wideners-v1 5.0.14+78d798af4f
	- fabricloader 0.15.7
	   \-- mixinextras 0.3.5
	- itemscroller 0.22.0
	- java 17
	- litematica 0.17.0
	- lithium 0.12.1
	- logical_zoom 0.0.22
	- malilib 0.18.1
	- minecraft 1.20.4
	- minihud 0.30.2
	- nvidium 0.2.6-beta
	- rebind_narrator 2.0.2
	- sodium 0.5.8+mc1.20.4
	- tweakeroo 0.19.2
[20:15:42] [main/INFO]: SpongePowered MIXIN Subsystem Version=0.8.5 Source=file:/C:/Users/Miguel%20Leyesa/AppData/Roaming/.minecraft/libraries/net/fabricmc/sponge-mixin/0.12.5+mixin.0.8.5/sponge-mixin-0.12.5+mixin.0.8.5.jar Service=Knot/Fabric Env=CLIENT
[20:15:42] [main/INFO]: Compatibility level set to JAVA_17
[20:15:43] [main/INFO]: Loaded configuration file for Lithium: 129 options available, 0 override(s) found
[20:15:43] [main/INFO]: Loaded configuration file for Sodium: 42 options available, 0 override(s) found
[20:15:46] [main/INFO]: Starting Essential Loader (stage2) version 1.6.0 (0500a9e0db06ef66767fc4dcffb05cd5) [stable]
[20:15:47] [main/INFO]: Starting Essential v1.3.1.3 (#88238d7752) [stable]
[20:15:47] [main/INFO]: Java: OpenJDK 64-Bit Server VM (v17.0.8) by Microsoft (Microsoft)
[20:15:47] [main/INFO]: Java Path: C:\Users\Miguel Leyesa\AppData\Local\Packages\Microsoft.4297127D64EC6_8wekyb3d8bbwe\LocalCache\Local\runtime\java-runtime-gamma\windows-x64\java-runtime-gamma\bin
[20:15:47] [main/INFO]: Java Info: mixed mode
[20:15:47] [main/INFO]: JVM Arguments: 
  - -XX:HeapDumpPath=MojangTricksIntelDriversForPerformance_javaw.exe_minecraft.exe.heapdump
  - -Djava.library.path=C:\Users\Miguel Leyesa\AppData\Roaming\.minecraft\bin\cc9d3839148d498f98557594755fb8ae999dc26b
  - -Djna.tmpdir=C:\Users\Miguel Leyesa\AppData\Roaming\.minecraft\bin\cc9d3839148d498f98557594755fb8ae999dc26b
  - -Dorg.lwjgl.system.SharedLibraryExtractPath=C:\Users\Miguel Leyesa\AppData\Roaming\.minecraft\bin\cc9d3839148d498f98557594755fb8ae999dc26b
  - -Dio.netty.native.workdir=C:\Users\Miguel Leyesa\AppData\Roaming\.minecraft\bin\cc9d3839148d498f98557594755fb8ae999dc26b
  - -Dminecraft.launcher.brand=minecraft-launcher
  - -Dminecraft.launcher.version=2.22.14
  - -DFabricMcEmu= net.minecraft.client.main.Main 
  - -Xmx4G
  - -XX:+UnlockExperimentalVMOptions
  - -XX:+UseG1GC
  - -XX:G1NewSizePercent=20
  - -XX:G1ReservePercent=20
  - -XX:MaxGCPauseMillis=50
  - -XX:G1HeapRegionSize=32M
  - -Dlog4j.configurationFile=C:\Users\Miguel Leyesa\AppData\Roaming\.minecraft\assets\log_configs\client-1.12.xml
[20:15:47] [main/INFO]: OS: Windows 11 (v10.0) (Arch: amd64)
[20:15:48] [main/INFO]: Searching for graphics cards...
[20:15:48] [main/INFO]: Initializing MixinExtras via com.llamalad7.mixinextras.service.MixinExtrasServiceImpl(version=0.3.5).
[20:15:48] [main/INFO]: Found graphics card: GraphicsAdapterInfo[vendor=NVIDIA, name=NVIDIA GeForce RTX 3050 Laptop GPU, version=DriverVersion=31.0.15.4629]
[20:15:48] [main/INFO]: Found graphics card: GraphicsAdapterInfo[vendor=INTEL, name=Intel(R) UHD Graphics, version=DriverVersion=30.0.100.9864]
[20:15:49] [main/WARN]: Sodium has applied one or more workarounds to prevent crashes or other issues on your system: [NVIDIA_THREADED_OPTIMIZATIONS]
[20:15:49] [main/WARN]: This is not necessarily an issue, but it may result in certain features or optimizations being disabled. You can sometimes fix these issues by upgrading your graphics driver.
[20:15:55] [main/WARN]: @ModifyConstant conflict. Skipping mixins.tweakeroo.json:MixinStructureBlockBlockEntity from mod tweakeroo->@ModifyConstant::overrideMaxSize(I)I with priority 999, already redirected by carpet.mixins.json:StructureBlockEntity_limitsMixin from mod carpet->@ModifyConstant::negativeLimit(I)I with priority 1000
[20:15:55] [main/WARN]: @ModifyConstant conflict. Skipping mixins.tweakeroo.json:MixinStructureBlockBlockEntity from mod tweakeroo->@ModifyConstant::overrideMaxSize(I)I with priority 999, already redirected by carpet.mixins.json:StructureBlockEntity_limitsMixin from mod carpet->@ModifyConstant::positiveLimit(I)I with priority 1000
[20:15:55] [main/WARN]: @ModifyConstant conflict. Skipping mixins.tweakeroo.json:MixinStructureBlockBlockEntity from mod tweakeroo->@ModifyConstant::overrideMaxSize(I)I with priority 999, already redirected by carpet.mixins.json:StructureBlockEntity_limitsMixin from mod carpet->@ModifyConstant::negativeLimit(I)I with priority 1000
[20:15:55] [main/WARN]: @ModifyConstant conflict. Skipping mixins.tweakeroo.json:MixinStructureBlockBlockEntity from mod tweakeroo->@ModifyConstant::overrideMaxSize(I)I with priority 999, already redirected by carpet.mixins.json:StructureBlockEntity_limitsMixin from mod carpet->@ModifyConstant::positiveLimit(I)I with priority 1000
[20:15:55] [main/WARN]: @ModifyConstant conflict. Skipping mixins.tweakeroo.json:MixinStructureBlockBlockEntity from mod tweakeroo->@ModifyConstant::overrideMaxSize(I)I with priority 999, already redirected by carpet.mixins.json:StructureBlockEntity_limitsMixin from mod carpet->@ModifyConstant::negativeLimit(I)I with priority 1000
[20:15:55] [main/WARN]: @ModifyConstant conflict. Skipping mixins.tweakeroo.json:MixinStructureBlockBlockEntity from mod tweakeroo->@ModifyConstant::overrideMaxSize(I)I with priority 999, already redirected by carpet.mixins.json:StructureBlockEntity_limitsMixin from mod carpet->@ModifyConstant::positiveLimit(I)I with priority 1000
[20:15:55] [main/WARN]: @ModifyConstant conflict. Skipping mixins.tweakeroo.json:MixinStructureBlockBlockEntity from mod tweakeroo->@ModifyConstant::overrideMaxSize(I)I with priority 999, already redirected by carpet.mixins.json:StructureBlockEntity_limitsMixin from mod carpet->@ModifyConstant::positiveLimit(I)I with priority 1000
[20:15:55] [main/WARN]: @ModifyConstant conflict. Skipping mixins.tweakeroo.json:MixinStructureBlockBlockEntity from mod tweakeroo->@ModifyConstant::overrideMaxSize(I)I with priority 999, already redirected by carpet.mixins.json:StructureBlockEntity_limitsMixin from mod carpet->@ModifyConstant::positiveLimit(I)I with priority 1000
[20:15:55] [main/WARN]: @ModifyConstant conflict. Skipping mixins.tweakeroo.json:MixinStructureBlockBlockEntity from mod tweakeroo->@ModifyConstant::overrideMaxSize(I)I with priority 999, already redirected by carpet.mixins.json:StructureBlockEntity_limitsMixin from mod carpet->@ModifyConstant::positiveLimit(I)I with priority 1000
[20:15:58] [Datafixer Bootstrap/INFO]: 198 Datafixer optimizations took 253 milliseconds
[20:16:03] [Render thread/INFO]: Environment: Environment[sessionHost=https://sessionserver.mojang.com, servicesHost=https://api.minecraftservices.com, name=PROD]
[20:16:03] [Render thread/INFO]: Setting user: 16thGarden
[20:16:05] [Render thread/INFO]: Starting DI!
[20:16:05] [Render thread/INFO]: Authenticating to Mojang as 16thGarden (dc0548c7-2c22-450e-91f5-2a17cfde2a12)
[20:16:05] [DefaultDispatcher-worker-1/INFO]: Connecting to Essential Connection Manager...
[20:16:05] [DefaultDispatcher-worker-1/INFO]: Using Default JreDnsResolver
[20:16:05] [DefaultDispatcher-worker-1/INFO]: Using Default JreSocketFactory
[20:16:06] [Render thread/INFO]: XRay mod has been initialized
[20:16:06] [Render thread/INFO]: [citresewn] Registering CIT Conditions
[20:16:06] [Render thread/INFO]: [citresewn] Registering CIT Types
[20:16:06] [Render thread/INFO]: [Indigo] Different rendering plugin detected; not applying Indigo.
[20:16:06] [Render thread/INFO]: OptiFine not detected.
[20:16:07] [Render thread/INFO]: Backend library: LWJGL version 3.3.2-snapshot
[20:16:07] [Render thread/WARN]: Applying workaround: Prevent the NVIDIA OpenGL driver from using broken optimizations (NVIDIA_THREADED_OPTIMIZATIONS)
[20:16:07] [WebSocketConnectReadThread-74/INFO]: Connected to Essential Connection Manager.
[20:16:08] [Render thread/INFO]: All capabilities met
[20:16:08] [Render thread/INFO]: Enabling Nvidium
[20:16:08] [Render thread/INFO]: OpenGL Vendor: NVIDIA Corporation
[20:16:08] [Render thread/INFO]: OpenGL Renderer: NVIDIA GeForce RTX 3050 Laptop GPU/PCIe/SSE2
[20:16:08] [Render thread/INFO]: OpenGL Version: 3.2.0 NVIDIA 546.29
[20:16:08] [Render thread/WARN]: Pack file/coffee totem declared support for versions [16, 22] but declared main format is 9, defaulting to 9
[20:16:09] [ForkJoinPool.commonPool-worker-1/INFO]: [STDERR]: org.objectweb.asm.tree.analysis.AnalyzerException: Error at instruction 137: Trying to set an inexistant local variable 9
[20:16:09] [ForkJoinPool.commonPool-worker-1/INFO]: [STDERR]: 	at org.objectweb.asm.tree.analysis.Analyzer.analyze(Analyzer.java:279)
[20:16:09] [ForkJoinPool.commonPool-worker-1/INFO]: [STDERR]: 	at org.spongepowered.asm.util.Locals.generateLocalVariableTable(Locals.java:859)
[20:16:09] [ForkJoinPool.commonPool-worker-1/INFO]: [STDERR]: 	at org.spongepowered.asm.util.Locals.getGeneratedLocalVariableTable(Locals.java:828)
[20:16:09] [ForkJoinPool.commonPool-worker-1/INFO]: [STDERR]: 	at org.spongepowered.asm.util.Locals.getLocalVariableAt(Locals.java:782)
[20:16:09] [ForkJoinPool.commonPool-worker-1/INFO]: [STDERR]: 	at org.spongepowered.asm.util.Locals.getLocalVariableAt(Locals.java:752)
[20:16:09] [ForkJoinPool.commonPool-worker-1/INFO]: [STDERR]: 	at org.spongepowered.asm.util.Locals.getLocalsAt(Locals.java:529)
[20:16:09] [ForkJoinPool.commonPool-worker-1/INFO]: [STDERR]: 	at org.spongepowered.asm.util.Locals.getLocalsAt(Locals.java:336)
[20:16:09] [ForkJoinPool.commonPool-worker-1/INFO]: [STDERR]: 	at org.spongepowered.asm.mixin.injection.modify.LocalVariableDiscriminator$Context.initLocals(LocalVariableDiscriminator.java:154)
[20:16:09] [ForkJoinPool.commonPool-worker-1/INFO]: [STDERR]: 	at org.spongepowered.asm.mixin.injection.modify.LocalVariableDiscriminator$Context.<init>(LocalVariableDiscriminator.java:148)
[20:16:09] [ForkJoinPool.commonPool-worker-1/INFO]: [STDERR]: 	at org.spongepowered.asm.mixin.injection.modify.ModifyVariableInjector$Context.<init>(ModifyVariableInjector.java:71)
[20:16:09] [ForkJoinPool.commonPool-worker-1/INFO]: [STDERR]: 	at org.spongepowered.asm.mixin.injection.modify.ModifyVariableInjector.preInject(ModifyVariableInjector.java:159)
[20:16:09] [ForkJoinPool.commonPool-worker-1/INFO]: [STDERR]: 	at org.spongepowered.asm.mixin.injection.code.Injector.preInject(Injector.java:258)
[20:16:09] [ForkJoinPool.commonPool-worker-1/INFO]: [STDERR]: 	at org.spongepowered.asm.mixin.injection.struct.InjectionInfo.preInject(InjectionInfo.java:436)
[20:16:09] [ForkJoinPool.commonPool-worker-1/INFO]: [STDERR]: 	at org.spongepowered.asm.mixin.transformer.MixinTargetContext.applyInjections(MixinTargetContext.java:1370)
[20:16:09] [ForkJoinPool.commonPool-worker-1/INFO]: [STDERR]: 	at org.spongepowered.asm.mixin.transformer.MixinApplicatorStandard.applyInjections(MixinApplicatorStandard.java:1062)
[20:16:09] [ForkJoinPool.commonPool-worker-1/INFO]: [STDERR]: 	at org.spongepowered.asm.mixin.transformer.MixinApplicatorStandard.applyMixin(MixinApplicatorStandard.java:402)
[20:16:09] [ForkJoinPool.commonPool-worker-1/INFO]: [STDERR]: 	at org.spongepowered.asm.mixin.transformer.MixinApplicatorStandard.apply(MixinApplicatorStandard.java:327)
[20:16:09] [ForkJoinPool.commonPool-worker-1/INFO]: [STDERR]: 	at org.spongepowered.asm.mixin.transformer.TargetClassContext.apply(TargetClassContext.java:421)
[20:16:09] [ForkJoinPool.commonPool-worker-1/INFO]: [STDERR]: 	at org.spongepowered.asm.mixin.transformer.TargetClassContext.applyMixins(TargetClassContext.java:403)
[20:16:09] [ForkJoinPool.commonPool-worker-1/INFO]: [STDERR]: 	at org.spongepowered.asm.mixin.transformer.MixinProcessor.applyMixins(MixinProcessor.java:363)
[20:16:09] [ForkJoinPool.commonPool-worker-1/INFO]: [STDERR]: 	at org.spongepowered.asm.mixin.transformer.MixinTransformer.transformClass(MixinTransformer.java:234)
[20:16:09] [ForkJoinPool.commonPool-worker-1/INFO]: [STDERR]: 	at org.spongepowered.asm.mixin.transformer.MixinTransformer.transformClassBytes(MixinTransformer.java:202)
[20:16:09] [ForkJoinPool.commonPool-worker-1/INFO]: [STDERR]: 	at net.fabricmc.loader.impl.launch.knot.KnotClassDelegate.getPostMixinClassByteArray(KnotClassDelegate.java:422)
[20:16:09] [ForkJoinPool.commonPool-worker-1/INFO]: [STDERR]: 	at net.fabricmc.loader.impl.launch.knot.KnotClassDelegate.tryLoadClass(KnotClassDelegate.java:323)
[20:16:09] [ForkJoinPool.commonPool-worker-1/INFO]: [STDERR]: 	at net.fabricmc.loader.impl.launch.knot.KnotClassDelegate.loadClass(KnotClassDelegate.java:218)
[20:16:09] [ForkJoinPool.commonPool-worker-1/INFO]: [STDERR]: 	at net.fabricmc.loader.impl.launch.knot.KnotClassLoader.loadClass(KnotClassLoader.java:119)
[20:16:09] [ForkJoinPool.commonPool-worker-1/INFO]: [STDERR]: 	at java.base/java.lang.ClassLoader.loadClass(ClassLoader.java:525)
[20:16:09] [ForkJoinPool.commonPool-worker-1/INFO]: [STDERR]: 	at gg.essential.universal.UGraphics.<clinit>(UGraphics.java:774)
[20:16:09] [ForkJoinPool.commonPool-worker-1/INFO]: [STDERR]: 	at gg.essential.elementa.components.UIImage._init_$lambda-1(UIImage.kt:60)
[20:16:09] [ForkJoinPool.commonPool-worker-1/INFO]: [STDERR]: 	at java.base/java.util.concurrent.CompletableFuture$UniAccept.tryFire(CompletableFuture.java:718)
[20:16:09] [ForkJoinPool.commonPool-worker-1/INFO]: [STDERR]: 	at java.base/java.util.concurrent.CompletableFuture$Completion.exec(CompletableFuture.java:483)
[20:16:09] [ForkJoinPool.commonPool-worker-1/INFO]: [STDERR]: 	at java.base/java.util.concurrent.ForkJoinTask.doExec(ForkJoinTask.java:373)
[20:16:09] [ForkJoinPool.commonPool-worker-1/INFO]: [STDERR]: 	at java.base/java.util.concurrent.ForkJoinPool$WorkQueue.topLevelExec(ForkJoinPool.java:1182)
[20:16:09] [ForkJoinPool.commonPool-worker-1/INFO]: [STDERR]: 	at java.base/java.util.concurrent.ForkJoinPool.scan(ForkJoinPool.java:1655)
[20:16:09] [ForkJoinPool.commonPool-worker-1/INFO]: [STDERR]: 	at java.base/java.util.concurrent.ForkJoinPool.runWorker(ForkJoinPool.java:1622)
[20:16:09] [ForkJoinPool.commonPool-worker-1/INFO]: [STDERR]: 	at java.base/java.util.concurrent.ForkJoinWorkerThread.run(ForkJoinWorkerThread.java:165)
[20:16:09] [ForkJoinPool.commonPool-worker-1/INFO]: [STDERR]: Caused by: java.lang.IndexOutOfBoundsException: Trying to set an inexistant local variable 9
[20:16:09] [ForkJoinPool.commonPool-worker-1/INFO]: [STDERR]: 	at org.objectweb.asm.tree.analysis.Frame.setLocal(Frame.java:208)
[20:16:09] [ForkJoinPool.commonPool-worker-1/INFO]: [STDERR]: 	at org.objectweb.asm.tree.analysis.Frame.execute(Frame.java:337)
[20:16:09] [ForkJoinPool.commonPool-worker-1/INFO]: [STDERR]: 	at org.objectweb.asm.tree.analysis.Analyzer.analyze(Analyzer.java:171)
[20:16:09] [ForkJoinPool.commonPool-worker-1/INFO]: [STDERR]: 	... 35 more
[20:16:12] [Render thread/INFO]: Reloading ResourceManager: vanilla, fabric, advanced-xray-fabric, appleskin, carpet, citresewn, citresewn-defaults, cloth-config, entityculling, essential, essential-container, essential-loader, fabric-api, fabric-api-base, fabric-api-lookup-api-v1, fabric-biome-api-v1, fabric-block-api-v1, fabric-block-view-api-v2, fabric-blockrenderlayer-v1, fabric-client-tags-api-v1, fabric-command-api-v1, fabric-command-api-v2, fabric-commands-v0, fabric-containers-v0, fabric-content-registries-v0, fabric-convention-tags-v1, fabric-crash-report-info-v1, fabric-data-attachment-api-v1, fabric-data-generation-api-v1, fabric-dimensions-v1, fabric-entity-events-v1, fabric-events-interaction-v0, fabric-events-lifecycle-v0, fabric-game-rule-api-v1, fabric-item-api-v1, fabric-item-group-api-v1, fabric-key-binding-api-v1, fabric-keybindings-v0, fabric-language-kotlin, fabric-lifecycle-events-v1, fabric-loot-api-v2, fabric-message-api-v1, fabric-mining-level-api-v1, fabric-model-loading-api-v1, fabric-models-v0, fabric-networking-api-v1, fabric-object-builder-api-v1, fabric-particles-v1, fabric-recipe-api-v1, fabric-registry-sync-v0, fabric-renderer-api-v1, fabric-renderer-indigo, fabric-renderer-registries-v1, fabric-rendering-data-attachment-v1, fabric-rendering-fluids-v1, fabric-rendering-v0, fabric-rendering-v1, fabric-resource-conditions-api-v1, fabric-resource-loader-v0, fabric-screen-api-v1, fabric-screen-handler-api-v1, fabric-sound-api-v1, fabric-transfer-api-v1, fabric-transitive-access-wideners-v1, fabricloader, itemscroller, litematica, lithium, logical_zoom, malilib, minihud, nvidium, sodium, tweakeroo, file/Identifiable Powdered Snow Minecraft Modder, file/VisibleAncientDebris.zip, file/KonciPET UI 1.1 default hunger, file/axolotl totem, essential
[20:16:12] [Render thread/WARN]: Non [a-z0-9_.-] character in namespace .DS_Store in pack C:\Users\Miguel Leyesa\AppData\Roaming\.minecraft\resourcepacks\VisibleAncientDebris.zip, ignoring
[20:16:12] [Render thread/WARN]: Non [a-z0-9_.-] character in namespace .DS_Store in pack C:\Users\Miguel Leyesa\AppData\Roaming\.minecraft\resourcepacks\VisibleAncientDebris.zip, ignoring
[20:16:12] [Worker-Main-10/INFO]: Found unifont_all_no_pua-15.1.04.hex, loading
[20:16:12] [Worker-Main-11/WARN]: Invalid path in datapack: minecraft:textures/block/.DS_Store, ignoring
[20:16:13] [Worker-Main-3/WARN]: Non [a-z0-9_.-] character in namespace .DS_Store in pack C:\Users\Miguel Leyesa\AppData\Roaming\.minecraft\resourcepacks\VisibleAncientDebris.zip, ignoring
[20:16:14] [Render thread/INFO]: Client started, setting up xray store
[20:16:15] [DefaultDispatcher-worker-6/INFO]: Connected to Discord as starbuckslarge
[20:16:16] [Render thread/WARN]: Missing sound for event: minecraft:item.goat_horn.play
[20:16:16] [Render thread/WARN]: Missing sound for event: minecraft:entity.goat.screaming.horn_break
[20:16:16] [Render thread/WARN]: Missing sound for event: minecraft:entity.generic.wind_burst
[20:16:17] [Render thread/INFO]: OpenAL initialized on device OpenAL Soft on Speakers (Razer Kraken Kitty Edition)
[20:16:17] [Render thread/INFO]: Sound engine started
[20:16:17] [Render thread/INFO]: Created: 1024x512x4 minecraft:textures/atlas/blocks.png-atlas
[20:16:17] [Render thread/INFO]: Created: 256x256x4 minecraft:textures/atlas/signs.png-atlas
[20:16:17] [Render thread/INFO]: Created: 512x512x4 minecraft:textures/atlas/banner_patterns.png-atlas
[20:16:17] [Render thread/INFO]: Created: 512x512x4 minecraft:textures/atlas/shield_patterns.png-atlas
[20:16:17] [Render thread/INFO]: Created: 1024x1024x4 minecraft:textures/atlas/armor_trims.png-atlas
[20:16:17] [Render thread/INFO]: Created: 128x64x4 minecraft:textures/atlas/decorated_pot.png-atlas
[20:16:17] [Render thread/INFO]: Created: 256x256x4 minecraft:textures/atlas/chest.png-atlas
[20:16:17] [Render thread/INFO]: Created: 512x256x4 minecraft:textures/atlas/beds.png-atlas
[20:16:17] [Render thread/INFO]: Created: 512x256x4 minecraft:textures/atlas/shulker_boxes.png-atlas
[20:16:18] [Render thread/WARN]: Shader rendertype_entity_translucent_emissive could not find sampler named Sampler2 in the specified shader program.
[20:16:18] [Render thread/INFO]: Created: 512x256x0 minecraft:textures/atlas/particles.png-atlas
[20:16:18] [Render thread/INFO]: Created: 256x256x0 minecraft:textures/atlas/paintings.png-atlas
[20:16:18] [Render thread/INFO]: Created: 128x128x0 minecraft:textures/atlas/mob_effects.png-atlas
[20:16:18] [Render thread/INFO]: Created: 1024x512x0 minecraft:textures/atlas/gui.png-atlas
[20:16:21] [Render thread/WARN]: Shader cabb2374eda405e66b897908637abd1da5deac52 could not find uniform named subpixel_amount in the specified shader program.
[20:17:12] [Render thread/INFO]: Loaded 7 recipes
[20:17:12] [Render thread/INFO]: Loaded 1271 advancements
[20:17:13] [Render thread/INFO]: Applied 0 biome modifications to 0 of 64 new biomes in 4.135 ms
[20:17:13] [Render thread/WARN]: @Redirect conflict. Skipping mixins.tweakeroo.json:MixinServerPlayNetworkHandler from mod tweakeroo->@Redirect::tweakeroo_removeHitPosCheck(Lnet/minecraft/class_243;Lnet/minecraft/class_243;)Lnet/minecraft/class_243; with priority 1005, already redirected by mixins.litematica.json:MixinServerPlayNetworkHandler from mod litematica->@Redirect::litematica_removeHitPosCheck(Lnet/minecraft/class_243;Lnet/minecraft/class_243;)Lnet/minecraft/class_243; with priority 1010
[20:17:13] [Server thread/INFO]: Starting integrated minecraft server version 1.20.4
[20:17:13] [Server thread/INFO]: Generating keypair
[20:17:16] [Server thread/INFO]: Preparing start region for dimension minecraft:overworld
[20:17:20] [Render thread/INFO]: Preparing spawn area: 0%
[20:17:20] [Render thread/INFO]: Preparing spawn area: 0%
[20:17:20] [Render thread/INFO]: Preparing spawn area: 0%
[20:17:20] [Render thread/INFO]: Preparing spawn area: 0%
[20:17:20] [Render thread/INFO]: Preparing spawn area: 0%
[20:17:20] [Render thread/INFO]: Preparing spawn area: 0%
[20:17:20] [Render thread/INFO]: Preparing spawn area: 0%
[20:17:20] [Render thread/INFO]: Preparing spawn area: 0%
[20:17:20] [Render thread/INFO]: Preparing spawn area: 0%
[20:17:20] [Render thread/INFO]: Preparing spawn area: 0%
[20:17:21] [Render thread/INFO]: Preparing spawn area: 12%
[20:17:21] [Render thread/INFO]: Preparing spawn area: 62%
[20:17:22] [Render thread/INFO]: Time elapsed: 5791 ms
[20:17:22] [Server thread/INFO]: Changing view distance to 16, from 10
[20:17:22] [Server thread/INFO]: Changing simulation distance to 12, from 0
[20:17:23] [Server thread/INFO]: 16thGarden[local:E:ea9a4012] logged in with entity id 198 at (402.41596261667985, 200.0, 126.36659075709335)
[20:17:23] [Server thread/INFO]: 16thGarden joined the game
[20:17:24] [Render thread/INFO]: Started 6 worker threads
[20:17:24] [Render thread/INFO]: Using 3 total BufferBuilder caches
[20:17:24] [Render thread/WARN]: Unable to read property: west with value: false for blockstate: {Name:"minecraft:cobblestone_wall",Properties:{east:"false",north:"false",south:"false",up:"false",west:"false"}}
[20:17:24] [Render thread/WARN]: Unable to read property: east with value: false for blockstate: {Name:"minecraft:cobblestone_wall",Properties:{east:"false",north:"false",south:"false",up:"false",west:"false"}}
[20:17:24] [Render thread/WARN]: Unable to read property: south with value: false for blockstate: {Name:"minecraft:cobblestone_wall",Properties:{east:"false",north:"false",south:"false",up:"false",west:"false"}}
[20:17:24] [Render thread/WARN]: Unable to read property: north with value: false for blockstate: {Name:"minecraft:cobblestone_wall",Properties:{east:"false",north:"false",south:"false",up:"false",west:"false"}}
[20:17:24] [Render thread/WARN]: Unable to read property: west with value: false for blockstate: {Name:"minecraft:mossy_cobblestone_wall",Properties:{east:"false",north:"false",south:"false",up:"false",west:"false"}}
[20:17:24] [Render thread/WARN]: Unable to read property: east with value: false for blockstate: {Name:"minecraft:mossy_cobblestone_wall",Properties:{east:"false",north:"false",south:"false",up:"false",west:"false"}}
[20:17:24] [Render thread/WARN]: Unable to read property: south with value: false for blockstate: {Name:"minecraft:mossy_cobblestone_wall",Properties:{east:"false",north:"false",south:"false",up:"false",west:"false"}}
[20:17:24] [Render thread/WARN]: Unable to read property: north with value: false for blockstate: {Name:"minecraft:mossy_cobblestone_wall",Properties:{east:"false",north:"false",south:"false",up:"false",west:"false"}}
[20:17:24] [Server thread/WARN]: Can't keep up! Is the server overloaded? Running 2119ms or 42 ticks behind
[20:17:25] [Render thread/INFO]: Loaded 1003 advancements
[20:17:32] [Server thread/INFO]: Saving and pausing game...
[20:17:32] [Server thread/INFO]: Saving chunks for level 'ServerLevel[Epic survival world]'/minecraft:overworld
[20:17:33] [Server thread/INFO]: Saving chunks for level 'ServerLevel[Epic survival world]'/minecraft:the_end
[20:17:33] [Server thread/INFO]: Saving chunks for level 'ServerLevel[Epic survival world]'/minecraft:the_nether
[20:17:35] [Server thread/INFO]: Saving and pausing game...
[20:17:35] [Server thread/INFO]: Saving chunks for level 'ServerLevel[Epic survival world]'/minecraft:overworld
[20:17:35] [Server thread/INFO]: Saving chunks for level 'ServerLevel[Epic survival world]'/minecraft:the_end
[20:17:35] [Server thread/INFO]: Saving chunks for level 'ServerLevel[Epic survival world]'/minecraft:the_nether
[20:17:36] [Render thread/ERROR]: Error saving option Brightness: DynamicException[Value 16.0 outside of range [0.0:1.0] Optional[16.0]]
[20:17:37] [Server thread/INFO]: Saving and pausing game...
[20:17:37] [Server thread/INFO]: Saving chunks for level 'ServerLevel[Epic survival world]'/minecraft:overworld
[20:17:37] [Server thread/INFO]: Saving chunks for level 'ServerLevel[Epic survival world]'/minecraft:the_end
[20:17:37] [Server thread/INFO]: Saving chunks for level 'ServerLevel[Epic survival world]'/minecraft:the_nether
[20:17:47] [Render thread/ERROR]: Error saving option Brightness: DynamicException[Value 16.0 outside of range [0.0:1.0] Optional[16.0]]
[20:17:47] [Render thread/ERROR]: Error saving option Brightness: DynamicException[Value 16.0 outside of range [0.0:1.0] Optional[16.0]]
[20:17:54] [Render thread/ERROR]: Error saving option Brightness: DynamicException[Value 16.0 outside of range [0.0:1.0] Optional[16.0]]
[20:17:55] [Render thread/ERROR]: Error saving option Brightness: DynamicException[Value 16.0 outside of range [0.0:1.0] Optional[16.0]]
[20:17:56] [Render thread/ERROR]: Error saving option Brightness: DynamicException[Value 16.0 outside of range [0.0:1.0] Optional[16.0]]
[20:17:56] [Render thread/ERROR]: Error saving option Brightness: DynamicException[Value 16.0 outside of range [0.0:1.0] Optional[16.0]]
[20:32:56] [Server thread/INFO]: Saving and pausing game...
[20:32:56] [Server thread/INFO]: Saving chunks for level 'ServerLevel[Epic survival world]'/minecraft:overworld
[20:32:56] [Server thread/INFO]: Saving chunks for level 'ServerLevel[Epic survival world]'/minecraft:the_end
[20:32:56] [Server thread/INFO]: Saving chunks for level 'ServerLevel[Epic survival world]'/minecraft:the_nether
[20:36:18] [Render thread/WARN]: Received passengers for unknown entity
[20:36:29] [Render thread/WARN]: Received passengers for unknown entity
[20:36:29] [Render thread/WARN]: Received passengers for unknown entity
[20:36:46] [Render thread/INFO]: Stopping worker threads
[20:36:46] [Server thread/INFO]: Saving and pausing game...
[20:36:47] [Render thread/INFO]: Started 6 worker threads
[20:36:47] [Server thread/INFO]: Saving chunks for level 'ServerLevel[Epic survival world]'/minecraft:overworld
[20:36:47] [Server thread/INFO]: Saving chunks for level 'ServerLevel[Epic survival world]'/minecraft:the_end
[20:36:47] [Server thread/INFO]: Saving chunks for level 'ServerLevel[Epic survival world]'/minecraft:the_nether
[20:36:47] [Render thread/INFO]: Stopping worker threads
[20:36:47] [Render thread/INFO]: Started 6 worker threads
[20:38:20] [Render thread/INFO]: Stopping worker threads
[20:38:20] [Server thread/INFO]: Saving and pausing game...
[20:38:20] [Server thread/INFO]: Saving chunks for level 'ServerLevel[Epic survival world]'/minecraft:overworld
[20:38:20] [Render thread/INFO]: Started 6 worker threads
[20:38:20] [Server thread/INFO]: Saving chunks for level 'ServerLevel[Epic survival world]'/minecraft:the_end
[20:38:20] [Server thread/INFO]: Saving chunks for level 'ServerLevel[Epic survival world]'/minecraft:the_nether
[20:38:20] [Render thread/INFO]: Stopping worker threads
[20:38:20] [Render thread/INFO]: Started 6 worker threads
[20:38:38] [Render thread/WARN]: Received passengers for unknown entity
[20:39:41] [Render thread/WARN]: Received passengers for unknown entity
[20:40:04] [Render thread/INFO]: Stopping worker threads
[20:40:04] [Server thread/INFO]: Saving and pausing game...
[20:40:04] [Render thread/INFO]: Started 6 worker threads
[20:40:04] [Server thread/INFO]: Saving chunks for level 'ServerLevel[Epic survival world]'/minecraft:overworld
[20:40:04] [Render thread/INFO]: Stopping worker threads
[20:40:04] [Server thread/INFO]: Saving chunks for level 'ServerLevel[Epic survival world]'/minecraft:the_end
[20:40:04] [Server thread/INFO]: Saving chunks for level 'ServerLevel[Epic survival world]'/minecraft:the_nether
[20:40:04] [Render thread/INFO]: Started 6 worker threads
[20:43:35] [Render thread/WARN]: Unable to play empty soundEvent: minecraft:entity.puffer_fish.ambient
[20:50:02] [Render thread/INFO]: Loaded 1004 advancements
[20:53:53] [Render thread/WARN]: Unable to play empty soundEvent: minecraft:entity.salmon.ambient
[20:54:31] [Render thread/INFO]: [System] [CHAT] Respawn point set
[21:02:49] [Render thread/INFO]: Stopping worker threads
[21:02:49] [Server thread/INFO]: Saving and pausing game...
[21:02:49] [Server thread/INFO]: Saving chunks for level 'ServerLevel[Epic survival world]'/minecraft:overworld
[21:02:49] [Render thread/INFO]: Started 6 worker threads
[21:02:49] [Server thread/INFO]: Saving chunks for level 'ServerLevel[Epic survival world]'/minecraft:the_end
[21:02:49] [Server thread/INFO]: Saving chunks for level 'ServerLevel[Epic survival world]'/minecraft:the_nether
[21:02:49] [Render thread/INFO]: Stopping worker threads
[21:02:49] [Render thread/INFO]: Started 6 worker threads
[21:03:18] [Render thread/INFO]: Stopping worker threads
[21:03:18] [Server thread/INFO]: Saving and pausing game...
[21:03:18] [Server thread/INFO]: Saving chunks for level 'ServerLevel[Epic survival world]'/minecraft:overworld
[21:03:18] [Render thread/INFO]: Started 6 worker threads
[21:03:18] [Server thread/INFO]: Saving chunks for level 'ServerLevel[Epic survival world]'/minecraft:the_end
[21:03:18] [Server thread/INFO]: Saving chunks for level 'ServerLevel[Epic survival world]'/minecraft:the_nether
[21:03:18] [Render thread/INFO]: Stopping worker threads
[21:03:18] [Render thread/INFO]: Started 6 worker threads
[21:22:55] [Render thread/INFO]: Stopping worker threads
[21:22:55] [Server thread/INFO]: Saving and pausing game...
[21:22:55] [Render thread/INFO]: Started 6 worker threads
[21:22:55] [Server thread/INFO]: Saving chunks for level 'ServerLevel[Epic survival world]'/minecraft:overworld
[21:22:55] [Server thread/INFO]: Saving chunks for level 'ServerLevel[Epic survival world]'/minecraft:the_end
[21:22:55] [Server thread/INFO]: Saving chunks for level 'ServerLevel[Epic survival world]'/minecraft:the_nether
[21:22:55] [Render thread/INFO]: Stopping worker threads
[21:22:55] [Render thread/INFO]: Started 6 worker threads
[21:23:01] [Render thread/WARN]: Received passengers for unknown entity
[21:23:15] [Render thread/INFO]: Stopping worker threads
[21:23:15] [Render thread/INFO]: Started 6 worker threads
[21:23:15] [Server thread/INFO]: Saving and pausing game...
[21:23:15] [Render thread/INFO]: Stopping worker threads
[21:23:15] [Server thread/INFO]: Saving chunks for level 'ServerLevel[Epic survival world]'/minecraft:overworld
[21:23:15] [Server thread/INFO]: Saving chunks for level 'ServerLevel[Epic survival world]'/minecraft:the_end
[21:23:15] [Server thread/INFO]: Saving chunks for level 'ServerLevel[Epic survival world]'/minecraft:the_nether
[21:23:15] [Render thread/INFO]: Started 6 worker threads
[21:27:27] [Render thread/WARN]: Unable to play empty soundEvent: minecraft:entity.cod.ambient
[21:38:03] [Render thread/INFO]: Stopping worker threads
[21:38:03] [Render thread/INFO]: Started 6 worker threads
[21:38:03] [Server thread/INFO]: Saving and pausing game...
[21:38:03] [Render thread/INFO]: Stopping worker threads
[21:38:03] [Server thread/INFO]: Saving chunks for level 'ServerLevel[Epic survival world]'/minecraft:overworld
[21:38:03] [Render thread/INFO]: Started 6 worker threads
[21:38:03] [Server thread/INFO]: Saving chunks for level 'ServerLevel[Epic survival world]'/minecraft:the_end
[21:38:03] [Server thread/INFO]: Saving chunks for level 'ServerLevel[Epic survival world]'/minecraft:the_nether
[21:38:25] [Server thread/INFO]: Saving and pausing game...
[21:38:25] [Server thread/INFO]: Saving chunks for level 'ServerLevel[Epic survival world]'/minecraft:overworld
[21:38:25] [Server thread/INFO]: Saving chunks for level 'ServerLevel[Epic survival world]'/minecraft:the_end
[21:38:25] [Server thread/INFO]: Saving chunks for level 'ServerLevel[Epic survival world]'/minecraft:the_nether
[21:38:26] [Render thread/ERROR]: Error saving option Brightness: DynamicException[Value 16.0 outside of range [0.0:1.0] Optional[16.0]]
[21:38:26] [Render thread/ERROR]: Error saving option Brightness: DynamicException[Value 16.0 outside of range [0.0:1.0] Optional[16.0]]
[21:38:26] [Render thread/ERROR]: Error saving option Brightness: DynamicException[Value 16.0 outside of range [0.0:1.0] Optional[16.0]]
[21:38:26] [Render thread/ERROR]: Error saving option Brightness: DynamicException[Value 16.0 outside of range [0.0:1.0] Optional[16.0]]
[21:38:26] [Render thread/ERROR]: Error saving option Brightness: DynamicException[Value 16.0 outside of range [0.0:1.0] Optional[16.0]]
[21:38:26] [Render thread/ERROR]: Error saving option Brightness: DynamicException[Value 16.0 outside of range [0.0:1.0] Optional[16.0]]
[21:38:26] [Render thread/ERROR]: Error saving option Brightness: DynamicException[Value 16.0 outside of range [0.0:1.0] Optional[16.0]]
[21:38:26] [Render thread/ERROR]: Error saving option Brightness: DynamicException[Value 16.0 outside of range [0.0:1.0] Optional[16.0]]
[21:38:26] [Render thread/ERROR]: Error saving option Brightness: DynamicException[Value 16.0 outside of range [0.0:1.0] Optional[16.0]]
[21:38:26] [Render thread/ERROR]: Error saving option Brightness: DynamicException[Value 16.0 outside of range [0.0:1.0] Optional[16.0]]
[21:38:26] [Render thread/ERROR]: Error saving option Brightness: DynamicException[Value 16.0 outside of range [0.0:1.0] Optional[16.0]]
[21:38:26] [Render thread/ERROR]: Error saving option Brightness: DynamicException[Value 16.0 outside of range [0.0:1.0] Optional[16.0]]
[21:38:26] [Render thread/ERROR]: Error saving option Brightness: DynamicException[Value 16.0 outside of range [0.0:1.0] Optional[16.0]]
[21:38:26] [Render thread/ERROR]: Error saving option Brightness: DynamicException[Value 16.0 outside of range [0.0:1.0] Optional[16.0]]
[21:38:26] [Render thread/ERROR]: Error saving option Brightness: DynamicException[Value 16.0 outside of range [0.0:1.0] Optional[16.0]]
[21:38:26] [Render thread/ERROR]: Error saving option Brightness: DynamicException[Value 16.0 outside of range [0.0:1.0] Optional[16.0]]
[21:38:26] [Render thread/ERROR]: Error saving option Brightness: DynamicException[Value 16.0 outside of range [0.0:1.0] Optional[16.0]]
[21:38:26] [Render thread/ERROR]: Error saving option Brightness: DynamicException[Value 16.0 outside of range [0.0:1.0] Optional[16.0]]
[21:38:26] [Render thread/ERROR]: Error saving option Brightness: DynamicException[Value 16.0 outside of range [0.0:1.0] Optional[16.0]]
[21:38:26] [Render thread/ERROR]: Error saving option Brightness: DynamicException[Value 16.0 outside of range [0.0:1.0] Optional[16.0]]
[21:38:26] [Render thread/ERROR]: Error saving option Brightness: DynamicException[Value 16.0 outside of range [0.0:1.0] Optional[16.0]]
[21:38:26] [Render thread/ERROR]: Error saving option Brightness: DynamicException[Value 16.0 outside of range [0.0:1.0] Optional[16.0]]
[21:38:26] [Render thread/ERROR]: Error saving option Brightness: DynamicException[Value 16.0 outside of range [0.0:1.0] Optional[16.0]]
[21:38:26] [Render thread/ERROR]: Error saving option Brightness: DynamicException[Value 16.0 outside of range [0.0:1.0] Optional[16.0]]
[21:38:26] [Render thread/ERROR]: Error saving option Brightness: DynamicException[Value 16.0 outside of range [0.0:1.0] Optional[16.0]]
[21:38:26] [Render thread/ERROR]: Error saving option Brightness: DynamicException[Value 16.0 outside of range [0.0:1.0] Optional[16.0]]
[21:38:26] [Render thread/ERROR]: Error saving option Brightness: DynamicException[Value 16.0 outside of range [0.0:1.0] Optional[16.0]]
[21:38:26] [Render thread/ERROR]: Error saving option Brightness: DynamicException[Value 16.0 outside of range [0.0:1.0] Optional[16.0]]
[21:38:26] [Render thread/ERROR]: Error saving option Brightness: DynamicException[Value 16.0 outside of range [0.0:1.0] Optional[16.0]]
[21:38:26] [Render thread/ERROR]: Error saving option Brightness: DynamicException[Value 16.0 outside of range [0.0:1.0] Optional[16.0]]
[21:38:26] [Render thread/ERROR]: Error saving option Brightness: DynamicException[Value 16.0 outside of range [0.0:1.0] Optional[16.0]]
[21:38:26] [Render thread/ERROR]: Error saving option Brightness: DynamicException[Value 16.0 outside of range [0.0:1.0] Optional[16.0]]
[21:38:26] [Render thread/ERROR]: Error saving option Brightness: DynamicException[Value 16.0 outside of range [0.0:1.0] Optional[16.0]]
[21:38:26] [Render thread/ERROR]: Error saving option Brightness: DynamicException[Value 16.0 outside of range [0.0:1.0] Optional[16.0]]
[21:38:26] [Render thread/ERROR]: Error saving option Brightness: DynamicException[Value 16.0 outside of range [0.0:1.0] Optional[16.0]]
[21:38:26] [Render thread/ERROR]: Error saving option Brightness: DynamicException[Value 16.0 outside of range [0.0:1.0] Optional[16.0]]
[21:38:26] [Render thread/ERROR]: Error saving option Brightness: DynamicException[Value 16.0 outside of range [0.0:1.0] Optional[16.0]]
[21:38:26] [Render thread/ERROR]: Error saving option Brightness: DynamicException[Value 16.0 outside of range [0.0:1.0] Optional[16.0]]
[21:38:26] [Render thread/ERROR]: Error saving option Brightness: DynamicException[Value 16.0 outside of range [0.0:1.0] Optional[16.0]]
[21:38:26] [Render thread/ERROR]: Error saving option Brightness: DynamicException[Value 16.0 outside of range [0.0:1.0] Optional[16.0]]
[21:38:26] [Render thread/ERROR]: Error saving option Brightness: DynamicException[Value 16.0 outside of range [0.0:1.0] Optional[16.0]]
[21:38:26] [Render thread/ERROR]: Error saving option Brightness: DynamicException[Value 16.0 outside of range [0.0:1.0] Optional[16.0]]
[21:38:26] [Render thread/ERROR]: Error saving option Brightness: DynamicException[Value 16.0 outside of range [0.0:1.0] Optional[16.0]]
[21:38:26] [Render thread/ERROR]: Error saving option Brightness: DynamicException[Value 16.0 outside of range [0.0:1.0] Optional[16.0]]
[21:38:26] [Render thread/ERROR]: Error saving option Brightness: DynamicException[Value 16.0 outside of range [0.0:1.0] Optional[16.0]]
[21:38:26] [Render thread/ERROR]: Error saving option Brightness: DynamicException[Value 16.0 outside of range [0.0:1.0] Optional[16.0]]
[21:38:26] [Render thread/ERROR]: Error saving option Brightness: DynamicException[Value 16.0 outside of range [0.0:1.0] Optional[16.0]]
[21:38:26] [Render thread/ERROR]: Error saving option Brightness: DynamicException[Value 16.0 outside of range [0.0:1.0] Optional[16.0]]
[21:38:26] [Render thread/ERROR]: Error saving option Brightness: DynamicException[Value 16.0 outside of range [0.0:1.0] Optional[16.0]]
[21:38:26] [Render thread/ERROR]: Error saving option Brightness: DynamicException[Value 16.0 outside of range [0.0:1.0] Optional[16.0]]
[21:38:26] [Render thread/ERROR]: Error saving option Brightness: DynamicException[Value 16.0 outside of range [0.0:1.0] Optional[16.0]]
[21:38:26] [Render thread/ERROR]: Error saving option Brightness: DynamicException[Value 16.0 outside of range [0.0:1.0] Optional[16.0]]
[21:38:26] [Render thread/ERROR]: Error saving option Brightness: DynamicException[Value 16.0 outside of range [0.0:1.0] Optional[16.0]]
[21:38:26] [Render thread/ERROR]: Error saving option Brightness: DynamicException[Value 16.0 outside of range [0.0:1.0] Optional[16.0]]
[21:38:26] [Render thread/ERROR]: Error saving option Brightness: DynamicException[Value 16.0 outside of range [0.0:1.0] Optional[16.0]]
[21:38:26] [Render thread/ERROR]: Error saving option Brightness: DynamicException[Value 16.0 outside of range [0.0:1.0] Optional[16.0]]
[21:38:27] [Render thread/ERROR]: Error saving option Brightness: DynamicException[Value 16.0 outside of range [0.0:1.0] Optional[16.0]]
[21:39:50] [Render thread/WARN]: Received passengers for unknown entity
[21:39:59] [Server thread/INFO]: Saving and pausing game...
[21:39:59] [Server thread/INFO]: Saving chunks for level 'ServerLevel[Epic survival world]'/minecraft:overworld
[21:39:59] [Server thread/INFO]: Saving chunks for level 'ServerLevel[Epic survival world]'/minecraft:the_end
[21:39:59] [Server thread/INFO]: Saving chunks for level 'ServerLevel[Epic survival world]'/minecraft:the_nether
[21:40:00] [Render thread/ERROR]: Error saving option Brightness: DynamicException[Value 16.0 outside of range [0.0:1.0] Optional[16.0]]
[21:40:00] [Render thread/ERROR]: Error saving option Brightness: DynamicException[Value 16.0 outside of range [0.0:1.0] Optional[16.0]]
[21:40:00] [Render thread/ERROR]: Error saving option Brightness: DynamicException[Value 16.0 outside of range [0.0:1.0] Optional[16.0]]
[21:40:00] [Render thread/ERROR]: Error saving option Brightness: DynamicException[Value 16.0 outside of range [0.0:1.0] Optional[16.0]]
[21:40:00] [Render thread/ERROR]: Error saving option Brightness: DynamicException[Value 16.0 outside of range [0.0:1.0] Optional[16.0]]
[21:40:00] [Render thread/ERROR]: Error saving option Brightness: DynamicException[Value 16.0 outside of range [0.0:1.0] Optional[16.0]]
[21:40:00] [Render thread/ERROR]: Error saving option Brightness: DynamicException[Value 16.0 outside of range [0.0:1.0] Optional[16.0]]
[21:40:00] [Render thread/ERROR]: Error saving option Brightness: DynamicException[Value 16.0 outside of range [0.0:1.0] Optional[16.0]]
[21:40:00] [Render thread/ERROR]: Error saving option Brightness: DynamicException[Value 16.0 outside of range [0.0:1.0] Optional[16.0]]
[21:40:00] [Render thread/ERROR]: Error saving option Brightness: DynamicException[Value 16.0 outside of range [0.0:1.0] Optional[16.0]]
[21:40:00] [Render thread/ERROR]: Error saving option Brightness: DynamicException[Value 16.0 outside of range [0.0:1.0] Optional[16.0]]
[21:40:01] [Render thread/ERROR]: Error saving option Brightness: DynamicException[Value 16.0 outside of range [0.0:1.0] Optional[16.0]]
[21:41:33] [Render thread/WARN]: Received passengers for unknown entity
[21:41:48] [Render thread/INFO]: Stopping worker threads
[21:41:48] [Server thread/INFO]: Saving and pausing game...
[21:41:48] [Render thread/INFO]: Started 6 worker threads
[21:41:48] [Server thread/INFO]: Saving chunks for level 'ServerLevel[Epic survival world]'/minecraft:overworld
[21:41:48] [Render thread/INFO]: Stopping worker threads
[21:41:48] [Server thread/INFO]: Saving chunks for level 'ServerLevel[Epic survival world]'/minecraft:the_end
[21:41:48] [Server thread/INFO]: Saving chunks for level 'ServerLevel[Epic survival world]'/minecraft:the_nether
[21:41:48] [Render thread/INFO]: Started 6 worker threads
[21:46:05] [Render thread/INFO]: Stopping worker threads
[21:46:05] [Server thread/INFO]: Saving and pausing game...
[21:46:05] [Render thread/INFO]: Started 6 worker threads
[21:46:05] [Server thread/INFO]: Saving chunks for level 'ServerLevel[Epic survival world]'/minecraft:overworld
[21:46:05] [Server thread/INFO]: Saving chunks for level 'ServerLevel[Epic survival world]'/minecraft:the_end
[21:46:05] [Server thread/INFO]: Saving chunks for level 'ServerLevel[Epic survival world]'/minecraft:the_nether
[21:46:05] [Render thread/INFO]: Stopping worker threads
[21:46:05] [Render thread/INFO]: Started 6 worker threads
[21:46:27] [Render thread/INFO]: Stopping worker threads
[21:46:27] [Render thread/INFO]: Started 6 worker threads
[21:46:27] [Server thread/INFO]: Saving and pausing game...
[21:46:27] [Render thread/INFO]: Stopping worker threads
[21:46:27] [Server thread/INFO]: Saving chunks for level 'ServerLevel[Epic survival world]'/minecraft:overworld
[21:46:27] [Render thread/INFO]: Started 6 worker threads
[21:46:27] [Server thread/INFO]: Saving chunks for level 'ServerLevel[Epic survival world]'/minecraft:the_end
[21:46:27] [Server thread/INFO]: Saving chunks for level 'ServerLevel[Epic survival world]'/minecraft:the_nether
[21:47:12] [Render thread/INFO]: Loaded 1005 advancements
[21:48:02] [Render thread/INFO]: Loaded 1006 advancements
[21:52:28] [Server thread/INFO]: Saving and pausing game...
[21:52:28] [Server thread/INFO]: Saving chunks for level 'ServerLevel[Epic survival world]'/minecraft:overworld
[21:52:28] [Server thread/INFO]: Saving chunks for level 'ServerLevel[Epic survival world]'/minecraft:the_end
[21:52:28] [Server thread/INFO]: Saving chunks for level 'ServerLevel[Epic survival world]'/minecraft:the_nether
[21:59:48] [Server thread/WARN]: 16thGarden moved wrongly!
[21:59:50] [Server thread/INFO]: Saving and pausing game...
[21:59:50] [Server thread/INFO]: Saving chunks for level 'ServerLevel[Epic survival world]'/minecraft:overworld
[21:59:50] [Server thread/INFO]: Saving chunks for level 'ServerLevel[Epic survival world]'/minecraft:the_end
[21:59:50] [Server thread/INFO]: Saving chunks for level 'ServerLevel[Epic survival world]'/minecraft:the_nether
[22:00:13] [Render thread/INFO]: Stopping worker threads
[22:00:13] [Server thread/INFO]: Saving and pausing game...
[22:00:13] [Render thread/INFO]: Started 6 worker threads
[22:00:13] [Server thread/INFO]: Saving chunks for level 'ServerLevel[Epic survival world]'/minecraft:overworld
[22:00:13] [Render thread/INFO]: Stopping worker threads
[22:00:13] [Server thread/INFO]: Saving chunks for level 'ServerLevel[Epic survival world]'/minecraft:the_end
[22:00:13] [Server thread/INFO]: Saving chunks for level 'ServerLevel[Epic survival world]'/minecraft:the_nether
[22:00:13] [Render thread/INFO]: Started 6 worker threads
[22:00:30] [Render thread/WARN]: Received passengers for unknown entity
[22:00:30] [Render thread/WARN]: Received passengers for unknown entity
[22:00:47] [Render thread/INFO]: Stopping worker threads
[22:00:47] [Server thread/INFO]: Saving and pausing game...
[22:00:47] [Render thread/INFO]: Started 6 worker threads
[22:00:47] [Server thread/INFO]: Saving chunks for level 'ServerLevel[Epic survival world]'/minecraft:overworld
[22:00:47] [Server thread/INFO]: Saving chunks for level 'ServerLevel[Epic survival world]'/minecraft:the_end
[22:00:47] [Render thread/INFO]: Stopping worker threads
[22:00:47] [Server thread/INFO]: Saving chunks for level 'ServerLevel[Epic survival world]'/minecraft:the_nether
[22:00:47] [Render thread/INFO]: Started 6 worker threads
[22:01:03] [Render thread/INFO]: [System] [CHAT] [Debug]: Hitboxes: shown
[22:11:21] [Render thread/INFO]: Loaded 1007 advancements
[22:15:14] [Render thread/INFO]: Stopping worker threads
[22:15:14] [Render thread/INFO]: Started 6 worker threads
[22:15:14] [Server thread/INFO]: Saving and pausing game...
[22:15:14] [Server thread/INFO]: Saving chunks for level 'ServerLevel[Epic survival world]'/minecraft:overworld
[22:15:14] [Render thread/INFO]: Stopping worker threads
[22:15:14] [Server thread/INFO]: Saving chunks for level 'ServerLevel[Epic survival world]'/minecraft:the_end
[22:15:14] [Render thread/INFO]: Started 6 worker threads
[22:15:14] [Server thread/INFO]: Saving chunks for level 'ServerLevel[Epic survival world]'/minecraft:the_nether
[22:15:15] [Render thread/WARN]: Received passengers for unknown entity
[22:15:50] [Render thread/INFO]: Stopping worker threads
[22:15:50] [Server thread/INFO]: Saving and pausing game...
[22:15:50] [Render thread/INFO]: Started 6 worker threads
[22:15:50] [Server thread/INFO]: Saving chunks for level 'ServerLevel[Epic survival world]'/minecraft:overworld
[22:15:50] [Render thread/INFO]: Stopping worker threads
[22:15:50] [Server thread/INFO]: Saving chunks for level 'ServerLevel[Epic survival world]'/minecraft:the_end
[22:15:50] [Server thread/INFO]: Saving chunks for level 'ServerLevel[Epic survival world]'/minecraft:the_nether
[22:15:50] [Render thread/INFO]: Started 6 worker threads
[22:15:55] [Render thread/INFO]: [System] [CHAT] [Debug]: Hitboxes: hidden
[22:21:44] [Render thread/INFO]: Loaded 1008 advancements
[22:26:34] [Render thread/INFO]: Loaded 1010 advancements
[22:26:58] [Render thread/INFO]: Stopping worker threads
[22:26:58] [Server thread/INFO]: Saving and pausing game...
[22:26:58] [Render thread/INFO]: Started 6 worker threads
[22:26:58] [Server thread/INFO]: Saving chunks for level 'ServerLevel[Epic survival world]'/minecraft:overworld
[22:26:58] [Render thread/INFO]: Stopping worker threads
[22:26:58] [Server thread/INFO]: Saving chunks for level 'ServerLevel[Epic survival world]'/minecraft:the_end
[22:26:58] [Server thread/INFO]: Saving chunks for level 'ServerLevel[Epic survival world]'/minecraft:the_nether
[22:26:58] [Render thread/INFO]: Started 6 worker threads
[22:27:04] [Render thread/WARN]: Received passengers for unknown entity
[22:27:23] [Render thread/INFO]: Stopping worker threads
[22:27:23] [Server thread/INFO]: Saving and pausing game...
[22:27:23] [Render thread/INFO]: Started 6 worker threads
[22:27:23] [Server thread/INFO]: Saving chunks for level 'ServerLevel[Epic survival world]'/minecraft:overworld
[22:27:23] [Server thread/INFO]: Saving chunks for level 'ServerLevel[Epic survival world]'/minecraft:the_end
[22:27:23] [Server thread/INFO]: Saving chunks for level 'ServerLevel[Epic survival world]'/minecraft:the_nether
[22:27:23] [Render thread/INFO]: Stopping worker threads
[22:27:23] [Render thread/INFO]: Started 6 worker threads
[22:29:35] [Render thread/INFO]: Loaded 1012 advancements
[22:37:52] [Render thread/INFO]: [System] [CHAT] [Debug]: Hitboxes: shown
[22:44:31] [Render thread/INFO]: [System] [CHAT] [Debug]: Hitboxes: hidden
[22:50:27] [Server thread/INFO]: Saving and pausing game...
[22:50:27] [Server thread/INFO]: Saving chunks for level 'ServerLevel[Epic survival world]'/minecraft:overworld
[22:50:27] [Server thread/INFO]: Saving chunks for level 'ServerLevel[Epic survival world]'/minecraft:the_end
[22:50:27] [Server thread/INFO]: Saving chunks for level 'ServerLevel[Epic survival world]'/minecraft:the_nether
[22:50:27] [Server thread/INFO]: 16thGarden lost connection: Disconnected
[22:50:27] [Server thread/INFO]: 16thGarden left the game
[22:50:27] [Server thread/INFO]: Stopping singleplayer server as player logged out
[22:50:27] [Server thread/INFO]: Stopping server
[22:50:27] [Server thread/INFO]: Saving players
[22:50:27] [Server thread/INFO]: Saving worlds
[22:50:27] [Server thread/INFO]: Saving chunks for level 'ServerLevel[Epic survival world]'/minecraft:overworld
[22:50:27] [Server thread/INFO]: Saving chunks for level 'ServerLevel[Epic survival world]'/minecraft:the_end
[22:50:27] [Server thread/INFO]: Saving chunks for level 'ServerLevel[Epic survival world]'/minecraft:the_nether
[22:50:27] [Server thread/INFO]: ThreadedAnvilChunkStorage (Epic survival world): All chunks are saved
[22:50:27] [Server thread/INFO]: ThreadedAnvilChunkStorage (DIM1): All chunks are saved
[22:50:27] [Server thread/INFO]: ThreadedAnvilChunkStorage (DIM-1): All chunks are saved
[22:50:27] [Server thread/INFO]: ThreadedAnvilChunkStorage: All dimensions are saved
[22:50:27] [Render thread/INFO]: Stopping worker threads
[22:59:54] [Render thread/INFO]: Loaded 7 recipes
[22:59:54] [Render thread/INFO]: Loaded 1271 advancements
[22:59:54] [Render thread/INFO]: Applied 0 biome modifications to 0 of 64 new biomes in 217.9 ?s
[22:59:54] [Server thread/INFO]: Starting integrated minecraft server version 1.20.4
[22:59:54] [Server thread/INFO]: Generating keypair
[22:59:55] [Server thread/INFO]: Preparing start region for dimension minecraft:overworld
[22:59:56] [Render thread/INFO]: Preparing spawn area: 0%
[22:59:56] [Render thread/INFO]: Preparing spawn area: 0%
[22:59:56] [Render thread/INFO]: Preparing spawn area: 0%
[22:59:56] [Render thread/INFO]: Preparing spawn area: 2%
[22:59:57] [Server thread/INFO]: Changing view distance to 16, from 10
[22:59:57] [Server thread/INFO]: Changing simulation distance to 12, from 0
[22:59:57] [Render thread/INFO]: Time elapsed: 1952 ms
[22:59:57] [Server thread/INFO]: 16thGarden[local:E:416202ef] logged in with entity id 357583 at (-46.95049484212726, 64.0, -5.0780905326194254)
[22:59:57] [Server thread/INFO]: 16thGarden joined the game
[22:59:57] [Render thread/INFO]: Started 6 worker threads
[22:59:57] [Render thread/INFO]: Using 3 total BufferBuilder caches
[22:59:57] [Render thread/INFO]: Loaded 1012 advancements
[22:59:58] [Server thread/INFO]: Saving and pausing game...
[22:59:58] [Server thread/INFO]: Saving chunks for level 'ServerLevel[Epic survival world]'/minecraft:overworld
[22:59:59] [Server thread/INFO]: Saving chunks for level 'ServerLevel[Epic survival world]'/minecraft:the_end
[22:59:59] [Server thread/INFO]: Saving chunks for level 'ServerLevel[Epic survival world]'/minecraft:the_nether
[22:59:59] [Thread 9/INFO]: Using default channel type
[22:59:59] [Thread 9/INFO]: Started serving on 60677
[23:00:06] [Render thread/INFO]: Initialized newConfig: merge of system properties,reference.conf @ jar:file:/C:/Users/Miguel%20Leyesa/AppData/Roaming/.minecraft/essential/Essential%20(fabric_1.20.4).jar!/reference.conf: 1
[23:00:06] [Render thread/INFO]: net.java.sip.communicator.SC_HOME_DIR_LOCATION not set
[23:00:06] [Render thread/INFO]: Initialized legacyConfig: sip communicator props (no description provided)
[23:00:06] [Render thread/INFO]: Using AwsCandidateHarvester.
[23:00:06] [Render thread/INFO]: Discarding a mapping harvester: gg.essential.lib.ice4j.ice.harvest.AwsCandidateHarvester@2375f9bc
[23:00:06] [Render thread/INFO]: Initialized mapping harvesters (delay=505ms).  stunDiscoveryFailed=false
[23:00:06] [Render thread/INFO]: Changing agent ICE Agent (stream-count=0 ice-pwd:3tmaugc2oudl0ppaifsj0if36d ice-ufrag:essential-qv60677-5okhj1hs89tvbe tie-breaker:591631194770578509):
 role from controlling = true to controlling = false
[23:00:06] [Render thread/INFO]: Gathering candidates for component minecraft.RTP.
[23:00:07] [Essential Thread 19/INFO]: Start ICE connectivity establishment.
[23:00:07] [Essential Thread 19/INFO]: Init checklist for stream minecraft
[23:00:07] [Essential 7/INFO]: Update remote candidate for minecraft.RTP: 68.183.157.16:51464/udp
[23:00:07] [Essential 12/INFO]: Update remote candidate for minecraft.RTP: 167.99.212.155:61638/udp
[23:00:07] [Essential 11/INFO]: Update remote candidate for minecraft.RTP: 180.190.34.165:19336/udp
[23:00:07] [Essential Thread 19/INFO]: ICE state changed from Waiting to Running.
[23:00:07] [Essential Thread 19/INFO]: Start connectivity checks.
[23:00:07] [Essential 7/INFO]: new Pair added: 192.168.50.170:49570/udp/host -> 68.183.157.16:51464/udp/relay (minecraft.RTP).
[23:00:07] [Essential 12/INFO]: new Pair added: 192.168.50.170:49570/udp/host -> 167.99.212.155:61638/udp/relay (minecraft.RTP).
[23:00:07] [Essential 11/INFO]: new Pair added: 192.168.50.170:49570/udp/host -> 180.190.34.165:19336/udp/srflx (minecraft.RTP).
[23:00:07] [ice4j.NetAccessManager-pool-13-thread-1/INFO]: new Pair added: 192.168.50.170:49570/udp/host -> 180.190.34.165:19336/udp/srflx (minecraft.RTP).
[23:00:07] [ice4j.NetAccessManager-pool-13-thread-1/INFO]: new Pair added: 192.168.50.170:49570/udp/host -> 68.183.157.16:51464/udp/relay (minecraft.RTP).
[23:00:07] [ice4j.NetAccessManager-pool-13-thread-1/INFO]: new Pair added: 192.168.50.170:49570/udp/host -> 167.99.212.155:61638/udp/relay (minecraft.RTP).
[23:00:07] [ice4j.NetAccessManager-pool-13-thread-2/INFO]: new Pair added: 143.198.17.69:54115/udp/relay -> 180.190.34.165:19336/udp/srflx (minecraft.RTP).
[23:00:07] [ice4j.NetAccessManager-pool-13-thread-2/INFO]: new Pair added: 143.198.17.69:54115/udp/relay -> 68.183.157.16:51464/udp/relay (minecraft.RTP).
[23:00:07] [ice4j.NetAccessManager-pool-13-thread-2/INFO]: new Pair added: 143.198.17.69:54115/udp/relay -> 167.99.212.155:61638/udp/relay (minecraft.RTP).
[23:00:07] [ice4j.NetAccessManager-pool-13-thread-1/INFO]: new Pair added: 167.99.212.155:62907/udp/relay -> 180.190.34.165:19336/udp/srflx (minecraft.RTP).
[23:00:07] [ice4j.NetAccessManager-pool-13-thread-1/INFO]: new Pair added: 167.99.212.155:62907/udp/relay -> 68.183.157.16:51464/udp/relay (minecraft.RTP).
[23:00:07] [ice4j.NetAccessManager-pool-13-thread-1/INFO]: new Pair added: 167.99.212.155:62907/udp/relay -> 167.99.212.155:61638/udp/relay (minecraft.RTP).
[23:00:07] [pool-11-thread-3/INFO]: Add UPnP port mapping: 192.168.1.2 49574
[23:00:07] [pool-11-thread-3/INFO]: new Pair added: 192.168.50.170:49574/udp/host -> 180.190.34.165:19336/udp/srflx (minecraft.RTP).
[23:00:07] [pool-11-thread-3/INFO]: new Pair added: 192.168.50.170:49574/udp/host -> 68.183.157.16:51464/udp/relay (minecraft.RTP).
[23:00:07] [pool-11-thread-3/INFO]: new Pair added: 192.168.50.170:49574/udp/host -> 167.99.212.155:61638/udp/relay (minecraft.RTP).
[23:00:08] [ice4j.NetAccessManager-pool-13-thread-1/INFO]: Pair succeeded: 192.168.50.170:49570/udp/host -> 68.183.157.16:51464/udp/relay (minecraft.RTP).
[23:00:08] [ice4j.NetAccessManager-pool-13-thread-1/INFO]: Adding allowed address: 68.183.157.16:51464/udp
[23:00:08] [ice4j.NetAccessManager-pool-13-thread-1/INFO]: Pair validated: 49.144.39.51:53464/udp/srflx -> 68.183.157.16:51464/udp/relay (minecraft.RTP).
[23:00:08] [ice4j.NetAccessManager-pool-13-thread-1/INFO]: IsControlling: false USE-CANDIDATE:false.
[23:00:08] [ice4j.NetAccessManager-pool-13-thread-1/INFO]: Pair succeeded: 143.198.17.69:54115/udp/relay -> 180.190.34.165:19336/udp/srflx (minecraft.RTP).
[23:00:08] [ice4j.NetAccessManager-pool-13-thread-1/INFO]: Adding allowed address: 180.190.34.165:19336/udp
[23:00:08] [ice4j.NetAccessManager-pool-13-thread-1/INFO]: Pair validated: 143.198.17.69:54115/udp/relay -> 180.190.34.165:19336/udp/srflx (minecraft.RTP).
[23:00:08] [ice4j.NetAccessManager-pool-13-thread-1/INFO]: IsControlling: false USE-CANDIDATE:false.
[23:00:08] [ice4j.NetAccessManager-pool-13-thread-3/INFO]: Pair succeeded: 143.198.17.69:54115/udp/relay -> 68.183.157.16:51464/udp/relay (minecraft.RTP).
[23:00:08] [ice4j.NetAccessManager-pool-13-thread-3/INFO]: Pair validated: 143.198.17.69:54115/udp/relay -> 68.183.157.16:51464/udp/relay (minecraft.RTP).
[23:00:08] [ice4j.NetAccessManager-pool-13-thread-3/INFO]: IsControlling: false USE-CANDIDATE:false.
[23:00:08] [ice4j.NetAccessManager-pool-13-thread-3/INFO]: Pair succeeded: 192.168.50.170:49570/udp/host -> 68.183.157.16:51464/udp/relay (minecraft.RTP).
[23:00:08] [ice4j.NetAccessManager-pool-13-thread-3/INFO]: Pair validated: 49.144.39.51:53464/udp/srflx -> 68.183.157.16:51464/udp/relay (minecraft.RTP).
[23:00:08] [ice4j.NetAccessManager-pool-13-thread-3/INFO]: IsControlling: false USE-CANDIDATE:false.
[23:00:08] [ice4j.NetAccessManager-pool-13-thread-2/INFO]: Pair succeeded: 167.99.212.155:62907/udp/relay -> 180.190.34.165:19336/udp/srflx (minecraft.RTP).
[23:00:08] [ice4j.NetAccessManager-pool-13-thread-2/INFO]: Pair validated: 167.99.212.155:62907/udp/relay -> 180.190.34.165:19336/udp/srflx (minecraft.RTP).
[23:00:08] [ice4j.NetAccessManager-pool-13-thread-2/INFO]: IsControlling: false USE-CANDIDATE:false.
[23:00:08] [ice4j.NetAccessManager-pool-13-thread-2/INFO]: Pair succeeded: 167.99.212.155:62907/udp/relay -> 68.183.157.16:51464/udp/relay (minecraft.RTP).
[23:00:08] [ice4j.NetAccessManager-pool-13-thread-2/INFO]: Pair validated: 167.99.212.155:62907/udp/relay -> 68.183.157.16:51464/udp/relay (minecraft.RTP).
[23:00:08] [ice4j.NetAccessManager-pool-13-thread-2/INFO]: IsControlling: false USE-CANDIDATE:false.
[23:00:08] [ice4j.NetAccessManager-pool-13-thread-2/INFO]: Pair succeeded: 143.198.17.69:54115/udp/relay -> 167.99.212.155:61638/udp/relay (minecraft.RTP).
[23:00:08] [ice4j.NetAccessManager-pool-13-thread-2/INFO]: Adding allowed address: 167.99.212.155:61638/udp
[23:00:08] [ice4j.NetAccessManager-pool-13-thread-2/INFO]: Pair validated: 143.198.17.69:54115/udp/relay -> 167.99.212.155:61638/udp/relay (minecraft.RTP).
[23:00:08] [ice4j.NetAccessManager-pool-13-thread-2/INFO]: IsControlling: false USE-CANDIDATE:false.
[23:00:08] [ice4j.NetAccessManager-pool-13-thread-2/INFO]: Pair succeeded: 192.168.50.170:49570/udp/host -> 167.99.212.155:61638/udp/relay (minecraft.RTP).
[23:00:08] [ice4j.NetAccessManager-pool-13-thread-2/INFO]: Pair validated: 49.144.39.51:53464/udp/srflx -> 167.99.212.155:61638/udp/relay (minecraft.RTP).
[23:00:08] [ice4j.NetAccessManager-pool-13-thread-2/INFO]: IsControlling: false USE-CANDIDATE:false.
[23:00:08] [ice4j.NetAccessManager-pool-13-thread-2/INFO]: Pair succeeded: 143.198.17.69:54115/udp/relay -> 180.190.34.165:19336/udp/srflx (minecraft.RTP).
[23:00:08] [ice4j.NetAccessManager-pool-13-thread-2/INFO]: IsControlling: false USE-CANDIDATE:false.
[23:00:08] [ice4j.NetAccessManager-pool-13-thread-2/INFO]: Pair succeeded: 167.99.212.155:62907/udp/relay -> 180.190.34.165:19336/udp/srflx (minecraft.RTP).
[23:00:08] [ice4j.NetAccessManager-pool-13-thread-2/INFO]: IsControlling: false USE-CANDIDATE:false.
[23:00:08] [ice4j.NetAccessManager-pool-13-thread-2/INFO]: Pair succeeded: 192.168.50.170:49570/udp/host -> 68.183.157.16:51464/udp/relay (minecraft.RTP).
[23:00:08] [ice4j.NetAccessManager-pool-13-thread-2/INFO]: Pair validated: 49.144.39.51:53464/udp/srflx -> 68.183.157.16:51464/udp/relay (minecraft.RTP).
[23:00:08] [ice4j.NetAccessManager-pool-13-thread-2/INFO]: IsControlling: false USE-CANDIDATE:false.
[23:00:08] [ice4j.NetAccessManager-pool-13-thread-2/INFO]: Pair succeeded: 192.168.50.170:49570/udp/host -> 68.183.157.16:51464/udp/relay (minecraft.RTP).
[23:00:08] [ice4j.NetAccessManager-pool-13-thread-2/INFO]: Pair validated: 49.144.39.51:53464/udp/srflx -> 68.183.157.16:51464/udp/relay (minecraft.RTP).
[23:00:08] [ice4j.NetAccessManager-pool-13-thread-2/INFO]: IsControlling: false USE-CANDIDATE:false.
[23:00:08] [ice4j.NetAccessManager-pool-13-thread-2/INFO]: Pair succeeded: 192.168.50.170:49570/udp/host -> 167.99.212.155:61638/udp/relay (minecraft.RTP).
[23:00:08] [ice4j.NetAccessManager-pool-13-thread-2/INFO]: Pair validated: 49.144.39.51:53464/udp/srflx -> 167.99.212.155:61638/udp/relay (minecraft.RTP).
[23:00:08] [ice4j.NetAccessManager-pool-13-thread-2/INFO]: IsControlling: false USE-CANDIDATE:false.
[23:00:08] [ice4j.NetAccessManager-pool-13-thread-2/INFO]: Pair succeeded: 143.198.17.69:54115/udp/relay -> 68.183.157.16:51464/udp/relay (minecraft.RTP).
[23:00:08] [ice4j.NetAccessManager-pool-13-thread-2/INFO]: IsControlling: false USE-CANDIDATE:false.
[23:00:08] [ice4j.NetAccessManager-pool-13-thread-2/INFO]: Pair succeeded: 167.99.212.155:62907/udp/relay -> 167.99.212.155:61638/udp/relay (minecraft.RTP).
[23:00:08] [ice4j.NetAccessManager-pool-13-thread-2/INFO]: Pair validated: 167.99.212.155:62907/udp/relay -> 167.99.212.155:61638/udp/relay (minecraft.RTP).
[23:00:08] [ice4j.NetAccessManager-pool-13-thread-2/INFO]: IsControlling: false USE-CANDIDATE:false.
[23:00:08] [ice4j.NetAccessManager-pool-13-thread-2/INFO]: Pair succeeded: 192.168.50.170:49570/udp/host -> 167.99.212.155:61638/udp/relay (minecraft.RTP).
[23:00:08] [ice4j.NetAccessManager-pool-13-thread-2/INFO]: Pair validated: 49.144.39.51:53464/udp/srflx -> 167.99.212.155:61638/udp/relay (minecraft.RTP).
[23:00:08] [ice4j.NetAccessManager-pool-13-thread-2/INFO]: IsControlling: false USE-CANDIDATE:false.
[23:00:09] [ice4j.NetAccessManager-pool-13-thread-2/INFO]: Pair succeeded: 167.99.212.155:62907/udp/relay -> 68.183.157.16:51464/udp/relay (minecraft.RTP).
[23:00:09] [ice4j.NetAccessManager-pool-13-thread-2/INFO]: IsControlling: false USE-CANDIDATE:false.
[23:00:09] [ice4j.NetAccessManager-pool-13-thread-2/INFO]: Pair succeeded: 143.198.17.69:54115/udp/relay -> 167.99.212.155:61638/udp/relay (minecraft.RTP).
[23:00:09] [ice4j.NetAccessManager-pool-13-thread-2/INFO]: IsControlling: false USE-CANDIDATE:false.
[23:00:09] [ice4j.NetAccessManager-pool-13-thread-2/INFO]: Pair succeeded: 167.99.212.155:62907/udp/relay -> 167.99.212.155:61638/udp/relay (minecraft.RTP).
[23:00:09] [ice4j.NetAccessManager-pool-13-thread-2/INFO]: IsControlling: false USE-CANDIDATE:false.
[23:00:10] [ice4j.NetAccessManager-pool-13-thread-2/INFO]: Pair succeeded: 192.168.50.170:49570/udp/host -> 180.190.34.165:19336/udp/srflx (minecraft.RTP).
[23:00:10] [ice4j.NetAccessManager-pool-13-thread-2/INFO]: Pair validated: 49.144.39.51:53464/udp/srflx -> 180.190.34.165:19336/udp/srflx (minecraft.RTP).
[23:00:10] [ice4j.NetAccessManager-pool-13-thread-2/INFO]: IsControlling: false USE-CANDIDATE:false.
[23:00:12] [ice4j.NetAccessManager-pool-13-thread-2/INFO]: Pair succeeded: 192.168.50.170:49570/udp/host -> 180.190.34.165:19336/udp/srflx (minecraft.RTP).
[23:00:12] [ice4j.NetAccessManager-pool-13-thread-2/INFO]: Pair validated: 49.144.39.51:53464/udp/srflx -> 180.190.34.165:19336/udp/srflx (minecraft.RTP).
[23:00:12] [ice4j.NetAccessManager-pool-13-thread-2/INFO]: IsControlling: false USE-CANDIDATE:false.
[23:00:13] [ice4j.NetAccessManager-pool-13-thread-2/INFO]: Selected pair for stream minecraft.RTP: 192.168.50.170:49570/udp/host -> 180.190.34.165:19336/udp/srflx (minecraft.RTP)
[23:00:13] [ice4j.NetAccessManager-pool-13-thread-2/INFO]: CheckList of stream minecraft is COMPLETED
[23:00:13] [ice4j.NetAccessManager-pool-13-thread-2/INFO]: ICE state changed from Running to Completed.
[23:00:13] [ice4j.NetAccessManager-pool-13-thread-2/INFO]: Harvester used for selected pair for minecraft.RTP: host
[23:00:13] [Netty Server IO ICE #0/INFO]: Using QUIC because both parties support it.
[23:00:14] [MergingDatagramSocket reader thread for: 143.198.17.69:54115/udp -> null/INFO]: Failed to receive: java.net.SocketException: RelayedCandidateDatagramSocket has been closed.
[23:00:14] [MergingDatagramSocket reader thread for: 167.99.212.155:62907/udp -> null/INFO]: Failed to receive: java.net.SocketException: RelayedCandidateDatagramSocket has been closed.
[23:00:16] [User Authenticator #1/INFO]: UUID of player JPGomdol is 61018961-61e4-4419-bf8b-17044e487000
[23:00:16] [ice4j.Agent-timer-pool-9-thread-1/INFO]: ICE state changed from Completed to Terminated.
[23:00:17] [Server thread/INFO]: JPGomdol[local:E:50ed86b5] logged in with entity id 357923 at (-48.52552645763973, 64.9375, -54.73856578766892)
[23:00:17] [Server thread/INFO]: JPGomdol joined the game
[23:00:17] [Render thread/INFO]: [System] [CHAT] JPGomdol joined the game
[23:04:15] [Server thread/WARN]: 16thGarden moved wrongly!
[23:06:22] [Render thread/INFO]: Stopping worker threads
[23:06:22] [Render thread/INFO]: Started 6 worker threads
[23:06:22] [Render thread/INFO]: Stopping worker threads
[23:06:22] [Render thread/INFO]: Started 6 worker threads
[23:06:36] [Render thread/WARN]: Received passengers for unknown entity
[23:06:45] [Render thread/INFO]: Stopping worker threads
[23:06:45] [Render thread/INFO]: Started 6 worker threads
[23:06:45] [Render thread/INFO]: Stopping worker threads
[23:06:45] [Render thread/INFO]: Started 6 worker threads
[23:06:50] [Render thread/INFO]: [System] [CHAT] Respawn point set
[23:08:48] [Render thread/INFO]: Stopping worker threads
[23:08:48] [Render thread/INFO]: Started 6 worker threads
[23:08:48] [Render thread/INFO]: Stopping worker threads
[23:08:48] [Render thread/INFO]: Started 6 worker threads
[23:08:51] [Render thread/WARN]: Received passengers for unknown entity
[23:09:09] [Render thread/INFO]: Stopping worker threads
[23:09:09] [Render thread/INFO]: Started 6 worker threads
[23:09:09] [Render thread/INFO]: Stopping worker threads
[23:09:09] [Render thread/INFO]: Started 6 worker threads
[23:12:20] [Server thread/WARN]: Mismatch in destroy block pos: class_2338{x=141, y=73, z=-99} class_2338{x=140, y=73, z=-100}
[23:14:27] [Server thread/WARN]: Mismatch in destroy block pos: class_2338{x=79, y=45, z=-112} class_2338{x=79, y=44, z=-113}
[23:14:27] [Server thread/WARN]: Mismatch in destroy block pos: class_2338{x=79, y=45, z=-112} class_2338{x=79, y=44, z=-113}
[23:14:27] [Server thread/WARN]: Mismatch in destroy block pos: class_2338{x=79, y=45, z=-112} class_2338{x=79, y=44, z=-113}
[23:14:27] [Server thread/WARN]: Mismatch in destroy block pos: class_2338{x=79, y=45, z=-112} class_2338{x=79, y=44, z=-113}
[23:14:27] [Server thread/WARN]: Mismatch in destroy block pos: class_2338{x=79, y=45, z=-112} class_2338{x=79, y=44, z=-113}
[23:14:27] [Server thread/WARN]: Mismatch in destroy block pos: class_2338{x=79, y=45, z=-112} class_2338{x=79, y=44, z=-113}
[23:32:30] [Render thread/INFO]: Stopping worker threads
[23:32:30] [Render thread/INFO]: Started 6 worker threads
[23:32:30] [Render thread/INFO]: Stopping worker threads
[23:32:30] [Render thread/INFO]: Started 6 worker threads
[23:32:31] [Render thread/WARN]: Received passengers for unknown entity
[23:32:31] [Render thread/WARN]: Received passengers for unknown entity
[23:32:37] [Server thread/WARN]: Mismatch in destroy block pos: class_2338{x=131, y=51, z=-163} class_2338{x=147, y=83, z=-139}
[23:32:37] [Server thread/WARN]: Mismatch in destroy block pos: class_2338{x=131, y=51, z=-163} class_2338{x=147, y=83, z=-139}
[23:32:37] [Server thread/WARN]: Mismatch in destroy block pos: class_2338{x=131, y=51, z=-163} class_2338{x=147, y=83, z=-139}
[23:33:14] [Render thread/WARN]: Received passengers for unknown entity
[23:33:14] [Render thread/WARN]: Received passengers for unknown entity
[23:33:26] [Render thread/INFO]: Stopping worker threads
[23:33:26] [Render thread/INFO]: Started 6 worker threads
[23:33:26] [Render thread/INFO]: Stopping worker threads
[23:33:26] [Render thread/INFO]: Started 6 worker threads
[23:37:21] [Render thread/INFO]: Stopping worker threads
[23:37:21] [Render thread/INFO]: Started 6 worker threads
[23:37:21] [Render thread/INFO]: Stopping worker threads
[23:37:21] [Render thread/INFO]: Started 6 worker threads
[23:37:21] [Render thread/WARN]: Received passengers for unknown entity
[23:37:21] [Render thread/WARN]: Received passengers for unknown entity
[23:37:50] [Render thread/WARN]: Received passengers for unknown entity
[23:37:59] [Render thread/INFO]: Stopping worker threads
[23:37:59] [Render thread/INFO]: Started 6 worker threads
[23:37:59] [Render thread/INFO]: Stopping worker threads
[23:37:59] [Render thread/INFO]: Started 6 worker threads
[23:38:19] [Render thread/INFO]: [System] [CHAT] Respawn point set
[23:44:12] [Render thread/INFO]: Loaded 1013 advancements
[23:45:53] [Render thread/INFO]: Loaded 1014 advancements
[23:48:35] [Server thread/WARN]: 16thGarden moved wrongly!
[23:50:31] [Server thread/WARN]: 16thGarden moved wrongly!
[23:50:39] [Server thread/WARN]: Mismatch in destroy block pos: class_2338{x=2560, y=68, z=-386} class_2338{x=2561, y=71, z=-386}
[23:50:39] [Server thread/WARN]: Mismatch in destroy block pos: class_2338{x=2560, y=68, z=-386} class_2338{x=2561, y=71, z=-386}
[23:50:49] [Server thread/WARN]: JPGomdol moved wrongly!
[23:50:52] [Server thread/WARN]: Mismatch in destroy block pos: class_2338{x=2571, y=81, z=-386} class_2338{x=2571, y=80, z=-386}
[23:50:52] [Server thread/WARN]: Mismatch in destroy block pos: class_2338{x=2571, y=81, z=-386} class_2338{x=2571, y=80, z=-386}
[23:52:02] [Render thread/INFO]: Stopping worker threads
[23:52:02] [Render thread/INFO]: Started 6 worker threads
[23:52:02] [Render thread/INFO]: Stopping worker threads
[23:52:02] [Render thread/INFO]: Started 6 worker threads
[23:52:33] [Render thread/WARN]: Received passengers for unknown entity
[23:53:19] [Render thread/WARN]: Received passengers for unknown entity
[23:53:20] [Render thread/WARN]: Received passengers for unknown entity
[23:54:24] [Render thread/INFO]: [System] [CHAT] [Debug]: Hitboxes: shown
[23:54:25] [Render thread/INFO]: [System] [CHAT] [Debug]: Hitboxes: hidden
[23:54:52] [Render thread/INFO]: Stopping worker threads
[23:54:52] [Render thread/INFO]: Started 6 worker threads
[23:54:52] [Render thread/INFO]: Stopping worker threads
[23:54:52] [Render thread/INFO]: Started 6 worker threads
[23:56:30] [Render thread/INFO]: [System] [CHAT] Respawn point set
