[13:37:12] [main/INFO]: Loading Minecraft 1.20.4 with Fabric Loader 0.15.7
[13:37:12] [main/INFO]: Loading 71 mods:
	- advanced-xray-fabric 84.0.0
	- appleskin 2.5.1+mc1.20.3
	   \-- cloth-config 13.0.114
	        \-- cloth-basic-math 0.6.1
	- carpet 1.4.128+v231205
	- entityculling 1.6.3.1
	- essential-container 1.0.0
	   \-- essential-loader 1.2.1
	- fabric-api 0.96.4+1.20.4
	   |-- fabric-api-base 0.4.36+78d798af4f
	   |-- fabric-api-lookup-api-v1 1.6.49+82b1bb3e4f
	   |-- fabric-biome-api-v1 13.0.16+78d798af4f
	   |-- fabric-block-api-v1 1.0.16+3e2216cb4f
	   |-- fabric-block-view-api-v2 1.0.4+78d798af4f
	   |-- fabric-blockrenderlayer-v1 1.1.46+78d798af4f
	   |-- fabric-client-tags-api-v1 1.1.7+78d798af4f
	   |-- fabric-command-api-v1 1.2.41+f71b366f4f
	   |-- fabric-command-api-v2 2.2.20+78d798af4f
	   |-- fabric-commands-v0 0.2.58+df3654b34f
	   |-- fabric-containers-v0 0.1.86+df3654b34f
	   |-- fabric-content-registries-v0 5.0.14+78d798af4f
	   |-- fabric-convention-tags-v1 1.5.10+78d798af4f
	   |-- fabric-crash-report-info-v1 0.2.23+78d798af4f
	   |-- fabric-data-attachment-api-v1 1.1.3+b90db5744f
	   |-- fabric-data-generation-api-v1 13.2.3+5c0133444f
	   |-- fabric-dimensions-v1 2.1.61+78d798af4f
	   |-- fabric-entity-events-v1 1.6.1+09fc25014f
	   |-- fabric-events-interaction-v0 0.7.1+389931eb4f
	   |-- fabric-events-lifecycle-v0 0.2.74+df3654b34f
	   |-- fabric-game-rule-api-v1 1.0.46+78d798af4f
	   |-- fabric-item-api-v1 2.2.0+d6f2b0844f
	   |-- fabric-item-group-api-v1 4.0.25+58f8c0124f
	   |-- fabric-key-binding-api-v1 1.0.41+78d798af4f
	   |-- fabric-keybindings-v0 0.2.39+df3654b34f
	   |-- fabric-lifecycle-events-v1 2.3.0+a67ffb5d4f
	   |-- fabric-loot-api-v2 2.1.8+78d798af4f
	   |-- fabric-message-api-v1 6.0.5+78d798af4f
	   |-- fabric-mining-level-api-v1 2.1.64+78d798af4f
	   |-- fabric-model-loading-api-v1 1.0.8+78d798af4f
	   |-- fabric-models-v0 0.4.7+9386d8a74f
	   |-- fabric-networking-api-v1 3.1.7+2e5ac5484f
	   |-- fabric-object-builder-api-v1 13.0.13+080016e44f
	   |-- fabric-particles-v1 1.1.7+78d798af4f
	   |-- fabric-recipe-api-v1 2.0.20+78d798af4f
	   |-- fabric-registry-sync-v0 4.0.19+58f8c0124f
	   |-- fabric-renderer-api-v1 3.2.4+78d798af4f
	   |-- fabric-renderer-indigo 1.5.4+78d798af4f
	   |-- fabric-renderer-registries-v1 3.2.53+df3654b34f
	   |-- fabric-rendering-data-attachment-v1 0.3.42+73761d2e4f
	   |-- fabric-rendering-fluids-v1 3.1.1+e761c6694f
	   |-- fabric-rendering-v0 1.1.56+df3654b34f
	   |-- fabric-rendering-v1 3.2.0+6fd945a04f
	   |-- fabric-resource-conditions-api-v1 2.3.14+78d798af4f
	   |-- fabric-resource-loader-v0 0.11.19+58f8c0124f
	   |-- fabric-screen-api-v1 2.0.17+78d798af4f
	   |-- fabric-screen-handler-api-v1 1.3.55+78d798af4f
	   |-- fabric-sound-api-v1 1.0.17+78d798af4f
	   |-- fabric-transfer-api-v1 4.0.11+e84342304f
	   \-- fabric-transitive-access-wideners-v1 5.0.14+78d798af4f
	- fabricloader 0.15.7
	   \-- mixinextras 0.3.5
	- java 17
	- litematica 0.17.0
	- lithium 0.12.1
	- logical_zoom 0.0.22
	- malilib 0.18.1
	- minecraft 1.20.4
	- minihud 0.30.2
	- rebind_narrator 2.0.2
	- sodium 0.5.8+mc1.20.4
	- tweakeroo 0.19.2
[13:37:12] [main/INFO]: SpongePowered MIXIN Subsystem Version=0.8.5 Source=file:/C:/Users/Miguel%20Leyesa/AppData/Roaming/.minecraft/libraries/net/fabricmc/sponge-mixin/0.12.5+mixin.0.8.5/sponge-mixin-0.12.5+mixin.0.8.5.jar Service=Knot/Fabric Env=CLIENT
[13:37:12] [main/INFO]: Compatibility level set to JAVA_17
[13:37:13] [main/INFO]: Loaded configuration file for Lithium: 129 options available, 0 override(s) found
[13:37:13] [main/INFO]: Loaded configuration file for Sodium: 42 options available, 0 override(s) found
[13:37:15] [main/INFO]: Starting Essential Loader (stage2) version 1.4.1+fabric-1.20.4 (9cbd42842e1a0f4db9463ba79962010f) [stable]
[13:37:15] [main/INFO]: Starting Essential v1.3.1.1 (#3a090c5c88) [stable]
[13:37:15] [main/INFO]: Java: OpenJDK 64-Bit Server VM (v17.0.8) by Microsoft (Microsoft)
[13:37:15] [main/INFO]: Java Path: C:\Users\Miguel Leyesa\AppData\Local\Packages\Microsoft.4297127D64EC6_8wekyb3d8bbwe\LocalCache\Local\runtime\java-runtime-gamma\windows-x64\java-runtime-gamma\bin
[13:37:15] [main/INFO]: Java Info: mixed mode
[13:37:15] [main/INFO]: JVM Arguments: 
  - -XX:HeapDumpPath=MojangTricksIntelDriversForPerformance_javaw.exe_minecraft.exe.heapdump
  - -Djava.library.path=C:\Users\Miguel Leyesa\AppData\Roaming\.minecraft\bin\cc9d3839148d498f98557594755fb8ae999dc26b
  - -Djna.tmpdir=C:\Users\Miguel Leyesa\AppData\Roaming\.minecraft\bin\cc9d3839148d498f98557594755fb8ae999dc26b
  - -Dorg.lwjgl.system.SharedLibraryExtractPath=C:\Users\Miguel Leyesa\AppData\Roaming\.minecraft\bin\cc9d3839148d498f98557594755fb8ae999dc26b
  - -Dio.netty.native.workdir=C:\Users\Miguel Leyesa\AppData\Roaming\.minecraft\bin\cc9d3839148d498f98557594755fb8ae999dc26b
  - -Dminecraft.launcher.brand=minecraft-launcher
  - -Dminecraft.launcher.version=2.20.2
  - -DFabricMcEmu= net.minecraft.client.main.Main 
  - -Xmx4G
  - -XX:+UnlockExperimentalVMOptions
  - -XX:+UseG1GC
  - -XX:G1NewSizePercent=20
  - -XX:G1ReservePercent=20
  - -XX:MaxGCPauseMillis=50
  - -XX:G1HeapRegionSize=32M
  - -Dlog4j.configurationFile=C:\Users\Miguel Leyesa\AppData\Roaming\.minecraft\assets\log_configs\client-1.12.xml
[13:37:15] [main/INFO]: OS: Windows 11 (v10.0) (Arch: amd64)
[13:37:16] [main/INFO]: Searching for graphics cards...
[13:37:16] [main/INFO]: Initializing MixinExtras via com.llamalad7.mixinextras.service.MixinExtrasServiceImpl(version=0.3.5).
[13:37:16] [main/INFO]: Found graphics card: GraphicsAdapterInfo[vendor=NVIDIA, name=NVIDIA GeForce RTX 3050 Laptop GPU, version=DriverVersion=31.0.15.4629]
[13:37:16] [main/INFO]: Found graphics card: GraphicsAdapterInfo[vendor=INTEL, name=Intel(R) UHD Graphics, version=DriverVersion=30.0.100.9864]
[13:37:16] [main/WARN]: Sodium has applied one or more workarounds to prevent crashes or other issues on your system: [NVIDIA_THREADED_OPTIMIZATIONS]
[13:37:16] [main/WARN]: This is not necessarily an issue, but it may result in certain features or optimizations being disabled. You can sometimes fix these issues by upgrading your graphics driver.
[13:37:21] [main/WARN]: @ModifyConstant conflict. Skipping mixins.tweakeroo.json:MixinStructureBlockBlockEntity from mod tweakeroo->@ModifyConstant::overrideMaxSize(I)I with priority 999, already redirected by carpet.mixins.json:StructureBlockEntity_limitsMixin from mod carpet->@ModifyConstant::negativeLimit(I)I with priority 1000
[13:37:21] [main/WARN]: @ModifyConstant conflict. Skipping mixins.tweakeroo.json:MixinStructureBlockBlockEntity from mod tweakeroo->@ModifyConstant::overrideMaxSize(I)I with priority 999, already redirected by carpet.mixins.json:StructureBlockEntity_limitsMixin from mod carpet->@ModifyConstant::positiveLimit(I)I with priority 1000
[13:37:21] [main/WARN]: @ModifyConstant conflict. Skipping mixins.tweakeroo.json:MixinStructureBlockBlockEntity from mod tweakeroo->@ModifyConstant::overrideMaxSize(I)I with priority 999, already redirected by carpet.mixins.json:StructureBlockEntity_limitsMixin from mod carpet->@ModifyConstant::negativeLimit(I)I with priority 1000
[13:37:21] [main/WARN]: @ModifyConstant conflict. Skipping mixins.tweakeroo.json:MixinStructureBlockBlockEntity from mod tweakeroo->@ModifyConstant::overrideMaxSize(I)I with priority 999, already redirected by carpet.mixins.json:StructureBlockEntity_limitsMixin from mod carpet->@ModifyConstant::positiveLimit(I)I with priority 1000
[13:37:21] [main/WARN]: @ModifyConstant conflict. Skipping mixins.tweakeroo.json:MixinStructureBlockBlockEntity from mod tweakeroo->@ModifyConstant::overrideMaxSize(I)I with priority 999, already redirected by carpet.mixins.json:StructureBlockEntity_limitsMixin from mod carpet->@ModifyConstant::negativeLimit(I)I with priority 1000
[13:37:21] [main/WARN]: @ModifyConstant conflict. Skipping mixins.tweakeroo.json:MixinStructureBlockBlockEntity from mod tweakeroo->@ModifyConstant::overrideMaxSize(I)I with priority 999, already redirected by carpet.mixins.json:StructureBlockEntity_limitsMixin from mod carpet->@ModifyConstant::positiveLimit(I)I with priority 1000
[13:37:21] [main/WARN]: @ModifyConstant conflict. Skipping mixins.tweakeroo.json:MixinStructureBlockBlockEntity from mod tweakeroo->@ModifyConstant::overrideMaxSize(I)I with priority 999, already redirected by carpet.mixins.json:StructureBlockEntity_limitsMixin from mod carpet->@ModifyConstant::positiveLimit(I)I with priority 1000
[13:37:21] [main/WARN]: @ModifyConstant conflict. Skipping mixins.tweakeroo.json:MixinStructureBlockBlockEntity from mod tweakeroo->@ModifyConstant::overrideMaxSize(I)I with priority 999, already redirected by carpet.mixins.json:StructureBlockEntity_limitsMixin from mod carpet->@ModifyConstant::positiveLimit(I)I with priority 1000
[13:37:21] [main/WARN]: @ModifyConstant conflict. Skipping mixins.tweakeroo.json:MixinStructureBlockBlockEntity from mod tweakeroo->@ModifyConstant::overrideMaxSize(I)I with priority 999, already redirected by carpet.mixins.json:StructureBlockEntity_limitsMixin from mod carpet->@ModifyConstant::positiveLimit(I)I with priority 1000
[13:37:25] [Datafixer Bootstrap/INFO]: 198 Datafixer optimizations took 206 milliseconds
[13:37:28] [Render thread/INFO]: Environment: Environment[sessionHost=https://sessionserver.mojang.com, servicesHost=https://api.minecraftservices.com, name=PROD]
[13:37:28] [Render thread/INFO]: Setting user: 16thGarden
[13:37:28] [Render thread/INFO]: Using Default JreDnsResolver
[13:37:29] [Render thread/INFO]: Starting DI!
[13:37:29] [Thread 4/INFO]: Connecting to Essential Connection Manager...
[13:37:29] [Essential Thread 1/INFO]: Using Default JreSocketFactory
[13:37:29] [Render thread/INFO]: XRay mod has been initialized
[13:37:30] [Render thread/INFO]: [Indigo] Different rendering plugin detected; not applying Indigo.
[13:37:30] [Render thread/INFO]: OptiFine not detected.
[13:37:30] [WebSocketConnectReadThread-78/INFO]: Opened connection to Essential ConnectionManager (code=101, message=Switching Protocols)
[13:37:30] [Essential Thread 1/INFO]: Essential Connection Manager connection established.
[13:37:30] [Render thread/INFO]: Backend library: LWJGL version 3.3.2-snapshot
[13:37:30] [Render thread/WARN]: Applying workaround: Prevent the NVIDIA OpenGL driver from using broken optimizations (NVIDIA_THREADED_OPTIMIZATIONS)
[13:37:31] [Render thread/INFO]: OpenGL Vendor: NVIDIA Corporation
[13:37:31] [Render thread/INFO]: OpenGL Renderer: NVIDIA GeForce RTX 3050 Laptop GPU/PCIe/SSE2
[13:37:31] [Render thread/INFO]: OpenGL Version: 3.2.0 NVIDIA 546.29
[13:37:31] [Render thread/WARN]: Pack file/coffee totem declared support for versions [16, 22] but declared main format is 9, defaulting to 9
[13:37:32] [ForkJoinPool.commonPool-worker-2/INFO]: [STDERR]: org.objectweb.asm.tree.analysis.AnalyzerException: Error at instruction 137: Trying to set an inexistant local variable 9
[13:37:32] [ForkJoinPool.commonPool-worker-2/INFO]: [STDERR]: 	at org.objectweb.asm.tree.analysis.Analyzer.analyze(Analyzer.java:279)
[13:37:32] [ForkJoinPool.commonPool-worker-2/INFO]: [STDERR]: 	at org.spongepowered.asm.util.Locals.generateLocalVariableTable(Locals.java:859)
[13:37:32] [ForkJoinPool.commonPool-worker-2/INFO]: [STDERR]: 	at org.spongepowered.asm.util.Locals.getGeneratedLocalVariableTable(Locals.java:828)
[13:37:32] [ForkJoinPool.commonPool-worker-2/INFO]: [STDERR]: 	at org.spongepowered.asm.util.Locals.getLocalVariableAt(Locals.java:782)
[13:37:32] [ForkJoinPool.commonPool-worker-2/INFO]: [STDERR]: 	at org.spongepowered.asm.util.Locals.getLocalVariableAt(Locals.java:752)
[13:37:32] [ForkJoinPool.commonPool-worker-2/INFO]: [STDERR]: 	at org.spongepowered.asm.util.Locals.getLocalsAt(Locals.java:529)
[13:37:32] [ForkJoinPool.commonPool-worker-2/INFO]: [STDERR]: 	at org.spongepowered.asm.util.Locals.getLocalsAt(Locals.java:336)
[13:37:32] [ForkJoinPool.commonPool-worker-2/INFO]: [STDERR]: 	at org.spongepowered.asm.mixin.injection.modify.LocalVariableDiscriminator$Context.initLocals(LocalVariableDiscriminator.java:154)
[13:37:32] [ForkJoinPool.commonPool-worker-2/INFO]: [STDERR]: 	at org.spongepowered.asm.mixin.injection.modify.LocalVariableDiscriminator$Context.<init>(LocalVariableDiscriminator.java:148)
[13:37:32] [ForkJoinPool.commonPool-worker-2/INFO]: [STDERR]: 	at org.spongepowered.asm.mixin.injection.modify.ModifyVariableInjector$Context.<init>(ModifyVariableInjector.java:71)
[13:37:32] [ForkJoinPool.commonPool-worker-2/INFO]: [STDERR]: 	at org.spongepowered.asm.mixin.injection.modify.ModifyVariableInjector.preInject(ModifyVariableInjector.java:159)
[13:37:32] [ForkJoinPool.commonPool-worker-2/INFO]: [STDERR]: 	at org.spongepowered.asm.mixin.injection.code.Injector.preInject(Injector.java:258)
[13:37:32] [ForkJoinPool.commonPool-worker-2/INFO]: [STDERR]: 	at org.spongepowered.asm.mixin.injection.struct.InjectionInfo.preInject(InjectionInfo.java:436)
[13:37:32] [ForkJoinPool.commonPool-worker-2/INFO]: [STDERR]: 	at org.spongepowered.asm.mixin.transformer.MixinTargetContext.applyInjections(MixinTargetContext.java:1370)
[13:37:32] [ForkJoinPool.commonPool-worker-2/INFO]: [STDERR]: 	at org.spongepowered.asm.mixin.transformer.MixinApplicatorStandard.applyInjections(MixinApplicatorStandard.java:1062)
[13:37:32] [ForkJoinPool.commonPool-worker-2/INFO]: [STDERR]: 	at org.spongepowered.asm.mixin.transformer.MixinApplicatorStandard.applyMixin(MixinApplicatorStandard.java:402)
[13:37:32] [ForkJoinPool.commonPool-worker-2/INFO]: [STDERR]: 	at org.spongepowered.asm.mixin.transformer.MixinApplicatorStandard.apply(MixinApplicatorStandard.java:327)
[13:37:32] [ForkJoinPool.commonPool-worker-2/INFO]: [STDERR]: 	at org.spongepowered.asm.mixin.transformer.TargetClassContext.apply(TargetClassContext.java:421)
[13:37:32] [ForkJoinPool.commonPool-worker-2/INFO]: [STDERR]: 	at org.spongepowered.asm.mixin.transformer.TargetClassContext.applyMixins(TargetClassContext.java:403)
[13:37:32] [ForkJoinPool.commonPool-worker-2/INFO]: [STDERR]: 	at org.spongepowered.asm.mixin.transformer.MixinProcessor.applyMixins(MixinProcessor.java:363)
[13:37:32] [ForkJoinPool.commonPool-worker-2/INFO]: [STDERR]: 	at org.spongepowered.asm.mixin.transformer.MixinTransformer.transformClass(MixinTransformer.java:234)
[13:37:32] [ForkJoinPool.commonPool-worker-2/INFO]: [STDERR]: 	at org.spongepowered.asm.mixin.transformer.MixinTransformer.transformClassBytes(MixinTransformer.java:202)
[13:37:32] [ForkJoinPool.commonPool-worker-2/INFO]: [STDERR]: 	at net.fabricmc.loader.impl.launch.knot.KnotClassDelegate.getPostMixinClassByteArray(KnotClassDelegate.java:422)
[13:37:32] [ForkJoinPool.commonPool-worker-2/INFO]: [STDERR]: 	at net.fabricmc.loader.impl.launch.knot.KnotClassDelegate.tryLoadClass(KnotClassDelegate.java:323)
[13:37:32] [ForkJoinPool.commonPool-worker-2/INFO]: [STDERR]: 	at net.fabricmc.loader.impl.launch.knot.KnotClassDelegate.loadClass(KnotClassDelegate.java:218)
[13:37:32] [ForkJoinPool.commonPool-worker-2/INFO]: [STDERR]: 	at net.fabricmc.loader.impl.launch.knot.KnotClassLoader.loadClass(KnotClassLoader.java:119)
[13:37:32] [ForkJoinPool.commonPool-worker-2/INFO]: [STDERR]: 	at java.base/java.lang.ClassLoader.loadClass(ClassLoader.java:525)
[13:37:32] [ForkJoinPool.commonPool-worker-2/INFO]: [STDERR]: 	at gg.essential.universal.UGraphics.<clinit>(UGraphics.java:774)
[13:37:32] [ForkJoinPool.commonPool-worker-2/INFO]: [STDERR]: 	at gg.essential.elementa.components.UIImage._init_$lambda-1(UIImage.kt:60)
[13:37:32] [ForkJoinPool.commonPool-worker-2/INFO]: [STDERR]: 	at java.base/java.util.concurrent.CompletableFuture$UniAccept.tryFire(CompletableFuture.java:718)
[13:37:32] [ForkJoinPool.commonPool-worker-2/INFO]: [STDERR]: 	at java.base/java.util.concurrent.CompletableFuture$Completion.exec(CompletableFuture.java:483)
[13:37:32] [ForkJoinPool.commonPool-worker-2/INFO]: [STDERR]: 	at java.base/java.util.concurrent.ForkJoinTask.doExec(ForkJoinTask.java:373)
[13:37:32] [ForkJoinPool.commonPool-worker-2/INFO]: [STDERR]: 	at java.base/java.util.concurrent.ForkJoinPool$WorkQueue.topLevelExec(ForkJoinPool.java:1182)
[13:37:32] [ForkJoinPool.commonPool-worker-2/INFO]: [STDERR]: 	at java.base/java.util.concurrent.ForkJoinPool.scan(ForkJoinPool.java:1655)
[13:37:32] [ForkJoinPool.commonPool-worker-2/INFO]: [STDERR]: 	at java.base/java.util.concurrent.ForkJoinPool.runWorker(ForkJoinPool.java:1622)
[13:37:32] [ForkJoinPool.commonPool-worker-2/INFO]: [STDERR]: 	at java.base/java.util.concurrent.ForkJoinWorkerThread.run(ForkJoinWorkerThread.java:165)
[13:37:32] [ForkJoinPool.commonPool-worker-2/INFO]: [STDERR]: Caused by: java.lang.IndexOutOfBoundsException: Trying to set an inexistant local variable 9
[13:37:32] [ForkJoinPool.commonPool-worker-2/INFO]: [STDERR]: 	at org.objectweb.asm.tree.analysis.Frame.setLocal(Frame.java:208)
[13:37:32] [ForkJoinPool.commonPool-worker-2/INFO]: [STDERR]: 	at org.objectweb.asm.tree.analysis.Frame.execute(Frame.java:337)
[13:37:32] [ForkJoinPool.commonPool-worker-2/INFO]: [STDERR]: 	at org.objectweb.asm.tree.analysis.Analyzer.analyze(Analyzer.java:171)
[13:37:32] [ForkJoinPool.commonPool-worker-2/INFO]: [STDERR]: 	... 35 more
[13:37:34] [Render thread/INFO]: Reloading ResourceManager: vanilla, fabric, advanced-xray-fabric, appleskin, carpet, cloth-config, entityculling, essential, essential-container, essential-loader, fabric-api, fabric-api-base, fabric-api-lookup-api-v1, fabric-biome-api-v1, fabric-block-api-v1, fabric-block-view-api-v2, fabric-blockrenderlayer-v1, fabric-client-tags-api-v1, fabric-command-api-v1, fabric-command-api-v2, fabric-commands-v0, fabric-containers-v0, fabric-content-registries-v0, fabric-convention-tags-v1, fabric-crash-report-info-v1, fabric-data-attachment-api-v1, fabric-data-generation-api-v1, fabric-dimensions-v1, fabric-entity-events-v1, fabric-events-interaction-v0, fabric-events-lifecycle-v0, fabric-game-rule-api-v1, fabric-item-api-v1, fabric-item-group-api-v1, fabric-key-binding-api-v1, fabric-keybindings-v0, fabric-language-kotlin, fabric-lifecycle-events-v1, fabric-loot-api-v2, fabric-message-api-v1, fabric-mining-level-api-v1, fabric-model-loading-api-v1, fabric-models-v0, fabric-networking-api-v1, fabric-object-builder-api-v1, fabric-particles-v1, fabric-recipe-api-v1, fabric-registry-sync-v0, fabric-renderer-api-v1, fabric-renderer-indigo, fabric-renderer-registries-v1, fabric-rendering-data-attachment-v1, fabric-rendering-fluids-v1, fabric-rendering-v0, fabric-rendering-v1, fabric-resource-conditions-api-v1, fabric-resource-loader-v0, fabric-screen-api-v1, fabric-screen-handler-api-v1, fabric-sound-api-v1, fabric-transfer-api-v1, fabric-transitive-access-wideners-v1, fabricloader, litematica, lithium, logical_zoom, malilib, minihud, sodium, tweakeroo, file/Faithful 64x.zip, file/LowerFire [1.18.x].zip, file/OreBorders64x_1.19.3.zip, file/Redstone Utilities-v2.1 [1.19.x].zip, file/coffee totem, essential
[13:37:34] [Worker-Main-1/INFO]: Found unifont_all_no_pua-15.1.04.hex, loading
[13:37:35] [Render thread/INFO]: Client started, setting up xray store
[13:37:35] [Worker-Main-8/WARN]: Unused frames in sprite minecraft:entity/conduit/wind: [22, 23, 24, 25, 26, 27, 28, 29, 30, 31, 32, 33, 34, 35, 36, 37, 38, 39, 40, 41, 42, 43, 44, 45, 46, 47, 48, 49, 50, 51, 52, 53, 54, 55, 56, 57, 58, 59, 60, 61, 62, 63, 64, 65, 66, 67, 68, 69, 70, 71, 72, 73, 74, 75, 76, 77, 78, 79, 80, 81, 82, 83, 84, 85, 86, 87]
[13:37:35] [Worker-Main-2/WARN]: Unused frames in sprite minecraft:entity/conduit/wind_vertical: [22, 23, 24, 25, 26, 27, 28, 29, 30, 31, 32, 33, 34, 35, 36, 37, 38, 39, 40, 41, 42, 43, 44, 45, 46, 47, 48, 49, 50, 51, 52, 53, 54, 55, 56, 57, 58, 59, 60, 61, 62, 63, 64, 65, 66, 67, 68, 69, 70, 71, 72, 73, 74, 75, 76, 77, 78, 79, 80, 81, 82, 83, 84, 85, 86, 87]
[13:37:36] [DefaultDispatcher-worker-8/INFO]: Connected to Discord as starbuckslarge
[13:37:38] [Render thread/WARN]: Missing sound for event: minecraft:item.goat_horn.play
[13:37:38] [Render thread/WARN]: Missing sound for event: minecraft:entity.goat.screaming.horn_break
[13:37:38] [Render thread/WARN]: Missing sound for event: minecraft:entity.generic.wind_burst
[13:37:38] [Render thread/INFO]: OpenAL initialized on device OpenAL Soft on Speakers (Razer Kraken Kitty Edition)
[13:37:38] [Render thread/INFO]: Sound engine started
[13:37:38] [Render thread/INFO]: Created: 4096x4096x4 minecraft:textures/atlas/blocks.png-atlas
[13:37:38] [Render thread/INFO]: Created: 1024x1024x4 minecraft:textures/atlas/signs.png-atlas
[13:37:38] [Render thread/INFO]: Created: 2048x2048x4 minecraft:textures/atlas/shield_patterns.png-atlas
[13:37:38] [Render thread/INFO]: Created: 2048x2048x4 minecraft:textures/atlas/banner_patterns.png-atlas
[13:37:38] [Render thread/INFO]: Created: 4096x4096x4 minecraft:textures/atlas/armor_trims.png-atlas
[13:37:38] [Render thread/INFO]: Created: 512x256x4 minecraft:textures/atlas/decorated_pot.png-atlas
[13:37:38] [Render thread/INFO]: Created: 1024x1024x4 minecraft:textures/atlas/chest.png-atlas
[13:37:38] [Render thread/INFO]: Created: 2048x1024x4 minecraft:textures/atlas/shulker_boxes.png-atlas
[13:37:38] [Render thread/INFO]: Created: 2048x1024x4 minecraft:textures/atlas/beds.png-atlas
[13:37:39] [Render thread/WARN]: Shader rendertype_entity_translucent_emissive could not find sampler named Sampler2 in the specified shader program.
[13:37:39] [Render thread/INFO]: Created: 1024x1024x0 minecraft:textures/atlas/particles.png-atlas
[13:37:39] [Render thread/INFO]: Created: 1024x1024x0 minecraft:textures/atlas/paintings.png-atlas
[13:37:39] [Render thread/INFO]: Created: 512x512x0 minecraft:textures/atlas/mob_effects.png-atlas
[13:37:39] [Render thread/INFO]: Created: 4096x2048x0 minecraft:textures/atlas/gui.png-atlas
[13:37:41] [Render thread/WARN]: Shader cabb2374eda405e66b897908637abd1da5deac52 could not find uniform named subpixel_amount in the specified shader program.
[13:37:47] [Render thread/INFO]: Loaded 7 recipes
[13:37:48] [Render thread/INFO]: Loaded 1271 advancements
[13:37:48] [Render thread/INFO]: Applied 0 biome modifications to 0 of 64 new biomes in 4.126 ms
[13:37:48] [Render thread/WARN]: @Redirect conflict. Skipping mixins.tweakeroo.json:MixinServerPlayNetworkHandler from mod tweakeroo->@Redirect::tweakeroo_removeHitPosCheck(Lnet/minecraft/class_243;Lnet/minecraft/class_243;)Lnet/minecraft/class_243; with priority 1005, already redirected by mixins.litematica.json:MixinServerPlayNetworkHandler from mod litematica->@Redirect::litematica_removeHitPosCheck(Lnet/minecraft/class_243;Lnet/minecraft/class_243;)Lnet/minecraft/class_243; with priority 1010
[13:37:48] [Server thread/INFO]: Starting integrated minecraft server version 1.20.4
[13:37:48] [Server thread/INFO]: Generating keypair
[13:37:50] [Server thread/INFO]: Preparing start region for dimension minecraft:overworld
[13:37:53] [Render thread/INFO]: Preparing spawn area: 0%
[13:37:53] [Render thread/INFO]: Preparing spawn area: 0%
[13:37:53] [Render thread/INFO]: Preparing spawn area: 0%
[13:37:53] [Render thread/INFO]: Preparing spawn area: 0%
[13:37:53] [Render thread/INFO]: Preparing spawn area: 0%
[13:37:53] [Render thread/INFO]: Preparing spawn area: 0%
[13:37:53] [Render thread/INFO]: Preparing spawn area: 0%
[13:37:53] [Render thread/INFO]: Preparing spawn area: 0%
[13:37:54] [Render thread/INFO]: Preparing spawn area: 0%
[13:37:54] [Render thread/INFO]: Preparing spawn area: 22%
[13:37:55] [Render thread/INFO]: Preparing spawn area: 91%
[13:37:55] [Render thread/INFO]: Time elapsed: 5082 ms
[13:37:55] [Server thread/INFO]: Changing view distance to 16, from 10
[13:37:55] [Server thread/INFO]: Changing simulation distance to 12, from 0
[13:37:56] [Server thread/INFO]: 16thGarden[local:E:e43a67de] logged in with entity id 56 at (209.6806712458035, 72.0, -1295.9431136960104)
[13:37:56] [Server thread/INFO]: 16thGarden joined the game
[13:37:57] [Render thread/INFO]: Started 6 worker threads
[13:37:57] [Render thread/INFO]: Using 3 total BufferBuilder caches
[13:37:57] [Render thread/WARN]: Unable to read property: west with value: false for blockstate: {Name:"minecraft:cobblestone_wall",Properties:{east:"false",north:"false",south:"false",up:"false",west:"false"}}
[13:37:57] [Render thread/WARN]: Unable to read property: east with value: false for blockstate: {Name:"minecraft:cobblestone_wall",Properties:{east:"false",north:"false",south:"false",up:"false",west:"false"}}
[13:37:57] [Render thread/WARN]: Unable to read property: south with value: false for blockstate: {Name:"minecraft:cobblestone_wall",Properties:{east:"false",north:"false",south:"false",up:"false",west:"false"}}
[13:37:57] [Render thread/WARN]: Unable to read property: north with value: false for blockstate: {Name:"minecraft:cobblestone_wall",Properties:{east:"false",north:"false",south:"false",up:"false",west:"false"}}
[13:37:57] [Render thread/WARN]: Unable to read property: west with value: false for blockstate: {Name:"minecraft:mossy_cobblestone_wall",Properties:{east:"false",north:"false",south:"false",up:"false",west:"false"}}
[13:37:57] [Render thread/WARN]: Unable to read property: east with value: false for blockstate: {Name:"minecraft:mossy_cobblestone_wall",Properties:{east:"false",north:"false",south:"false",up:"false",west:"false"}}
[13:37:57] [Render thread/WARN]: Unable to read property: south with value: false for blockstate: {Name:"minecraft:mossy_cobblestone_wall",Properties:{east:"false",north:"false",south:"false",up:"false",west:"false"}}
[13:37:57] [Render thread/WARN]: Unable to read property: north with value: false for blockstate: {Name:"minecraft:mossy_cobblestone_wall",Properties:{east:"false",north:"false",south:"false",up:"false",west:"false"}}
[13:37:58] [Render thread/INFO]: Loaded 880 advancements
[13:38:13] [Render thread/INFO]: Stopping worker threads
[13:38:13] [Render thread/INFO]: Started 6 worker threads
[13:38:13] [Render thread/INFO]: Stopping worker threads
[13:38:13] [Server thread/INFO]: Saving and pausing game...
[13:38:13] [Render thread/INFO]: Started 6 worker threads
[13:38:14] [Server thread/INFO]: Saving chunks for level 'ServerLevel[Epic survival world]'/minecraft:overworld
[13:38:14] [Server thread/INFO]: Saving chunks for level 'ServerLevel[Epic survival world]'/minecraft:the_end
[13:38:14] [Server thread/INFO]: Saving chunks for level 'ServerLevel[Epic survival world]'/minecraft:the_nether
[13:38:35] [Render thread/INFO]: Stopping worker threads
[13:38:35] [Render thread/INFO]: Started 6 worker threads
[13:38:35] [Render thread/INFO]: Stopping worker threads
[13:38:35] [Render thread/INFO]: Started 6 worker threads
[13:38:35] [Server thread/INFO]: Saving and pausing game...
[13:38:36] [Server thread/INFO]: Saving chunks for level 'ServerLevel[Epic survival world]'/minecraft:overworld
[13:38:36] [Server thread/INFO]: Saving chunks for level 'ServerLevel[Epic survival world]'/minecraft:the_end
[13:38:36] [Server thread/INFO]: Saving chunks for level 'ServerLevel[Epic survival world]'/minecraft:the_nether
[14:10:22] [Server thread/WARN]: Mismatch in destroy block pos: class_2338{x=-349, y=-47, z=-174} class_2338{x=-350, y=-53, z=-175}
[14:10:22] [Server thread/WARN]: Mismatch in destroy block pos: class_2338{x=-350, y=-54, z=-175} class_2338{x=-350, y=-53, z=-175}
[14:48:26] [Render thread/INFO]: Stopping worker threads
[14:48:26] [Server thread/INFO]: Saving and pausing game...
[14:48:26] [Render thread/INFO]: Started 6 worker threads
[14:48:26] [Server thread/INFO]: Saving chunks for level 'ServerLevel[Epic survival world]'/minecraft:overworld
[14:48:26] [Render thread/INFO]: Stopping worker threads
[14:48:26] [Render thread/INFO]: Started 6 worker threads
[14:48:26] [Server thread/INFO]: Saving chunks for level 'ServerLevel[Epic survival world]'/minecraft:the_end
[14:48:26] [Server thread/INFO]: Saving chunks for level 'ServerLevel[Epic survival world]'/minecraft:the_nether
[14:48:50] [Render thread/INFO]: Stopping worker threads
[14:48:50] [Server thread/INFO]: Saving and pausing game...
[14:48:50] [Render thread/INFO]: Started 6 worker threads
[14:48:50] [Render thread/INFO]: Stopping worker threads
[14:48:50] [Render thread/INFO]: Started 6 worker threads
[14:48:50] [Server thread/INFO]: Saving chunks for level 'ServerLevel[Epic survival world]'/minecraft:overworld
[14:48:50] [Server thread/INFO]: Saving chunks for level 'ServerLevel[Epic survival world]'/minecraft:the_end
[14:48:50] [Server thread/INFO]: Saving chunks for level 'ServerLevel[Epic survival world]'/minecraft:the_nether
[15:28:35] [WebSocketConnectReadThread-78/INFO]: Closed connection to Essential Connection Manager (code=1006, reason=, remote=true), connection was open for 6664920ms
[15:29:02] [Render thread/INFO]: Stopping worker threads
[15:29:02] [Server thread/INFO]: Saving and pausing game...
[15:29:02] [Render thread/INFO]: Started 6 worker threads
[15:29:02] [Render thread/INFO]: Stopping worker threads
[15:29:02] [Render thread/INFO]: Started 6 worker threads
[15:29:02] [Server thread/INFO]: Saving chunks for level 'ServerLevel[Epic survival world]'/minecraft:overworld
[15:29:02] [Server thread/INFO]: Saving chunks for level 'ServerLevel[Epic survival world]'/minecraft:the_end
[15:29:02] [Server thread/INFO]: Saving chunks for level 'ServerLevel[Epic survival world]'/minecraft:the_nether
[15:29:09] [WebSocketConnectReadThread-304/INFO]: Opened connection to Essential ConnectionManager (code=101, message=Switching Protocols)
[15:29:09] [Essential Thread 16/INFO]: Essential Connection Manager connection established.
[15:29:40] [Render thread/INFO]: Stopping worker threads
[15:29:40] [Server thread/INFO]: Saving and pausing game...
[15:29:40] [Render thread/INFO]: Started 6 worker threads
[15:29:40] [Render thread/INFO]: Stopping worker threads
[15:29:40] [Render thread/INFO]: Started 6 worker threads
[15:29:40] [Server thread/INFO]: Saving chunks for level 'ServerLevel[Epic survival world]'/minecraft:overworld
[15:29:40] [Server thread/INFO]: Saving chunks for level 'ServerLevel[Epic survival world]'/minecraft:the_end
[15:29:40] [Server thread/INFO]: Saving chunks for level 'ServerLevel[Epic survival world]'/minecraft:the_nether
[15:39:23] [WebSocketConnectReadThread-304/INFO]: Closed connection to Essential Connection Manager (code=1006, reason=, remote=true), connection was open for 613799ms
[15:39:54] [WebSocketConnectReadThread-339/INFO]: Opened connection to Essential ConnectionManager (code=101, message=Switching Protocols)
[15:39:54] [Essential Thread 1/INFO]: Essential Connection Manager connection established.
[16:06:29] [WebSocketConnectReadThread-339/INFO]: Closed connection to Essential Connection Manager (code=4500, reason=SERVER_KEEP_ALIVE_TIMEOUT (82137ms), remote=false), connection was open for 1594897ms
[16:07:02] [WebSocketConnectReadThread-359/INFO]: Opened connection to Essential ConnectionManager (code=101, message=Switching Protocols)
[16:07:02] [Essential Thread 19/INFO]: Essential Connection Manager connection established.
[16:21:00] [Render thread/INFO]: Stopping worker threads
[16:21:00] [Render thread/INFO]: Started 6 worker threads
[16:21:00] [Server thread/INFO]: Saving and pausing game...
[16:21:00] [Render thread/INFO]: Stopping worker threads
[16:21:00] [Render thread/INFO]: Started 6 worker threads
[16:21:00] [Server thread/INFO]: Saving chunks for level 'ServerLevel[Epic survival world]'/minecraft:overworld
[16:21:00] [Server thread/INFO]: Saving chunks for level 'ServerLevel[Epic survival world]'/minecraft:the_end
[16:21:00] [Server thread/INFO]: Saving chunks for level 'ServerLevel[Epic survival world]'/minecraft:the_nether
[16:21:06] [Render thread/WARN]: Received passengers for unknown entity
[16:21:22] [Render thread/INFO]: Stopping worker threads
[16:21:22] [Render thread/INFO]: Started 6 worker threads
[16:21:22] [Render thread/INFO]: Stopping worker threads
[16:21:22] [Render thread/INFO]: Started 6 worker threads
[16:21:22] [Server thread/INFO]: Saving and pausing game...
[16:21:22] [Server thread/INFO]: Saving chunks for level 'ServerLevel[Epic survival world]'/minecraft:overworld
[16:21:22] [Server thread/INFO]: Saving chunks for level 'ServerLevel[Epic survival world]'/minecraft:the_end
[16:21:22] [Server thread/INFO]: Saving chunks for level 'ServerLevel[Epic survival world]'/minecraft:the_nether
[16:24:39] [Server thread/INFO]: Saving and pausing game...
[16:24:39] [Server thread/INFO]: Saving chunks for level 'ServerLevel[Epic survival world]'/minecraft:overworld
[16:24:39] [Server thread/INFO]: Saving chunks for level 'ServerLevel[Epic survival world]'/minecraft:the_end
[16:24:39] [Server thread/INFO]: Saving chunks for level 'ServerLevel[Epic survival world]'/minecraft:the_nether
[16:24:39] [Server thread/INFO]: 16thGarden lost connection: Disconnected
[16:24:39] [Server thread/INFO]: 16thGarden left the game
[16:24:39] [Server thread/INFO]: Stopping singleplayer server as player logged out
[16:24:39] [Server thread/INFO]: Stopping server
[16:24:39] [Server thread/INFO]: Saving players
[16:24:39] [Server thread/INFO]: Saving worlds
[16:24:40] [Server thread/INFO]: Saving chunks for level 'ServerLevel[Epic survival world]'/minecraft:overworld
[16:24:40] [Server thread/INFO]: Saving chunks for level 'ServerLevel[Epic survival world]'/minecraft:the_end
[16:24:40] [Server thread/INFO]: Saving chunks for level 'ServerLevel[Epic survival world]'/minecraft:the_nether
[16:24:40] [Server thread/INFO]: ThreadedAnvilChunkStorage (Epic survival world): All chunks are saved
[16:24:40] [Server thread/INFO]: ThreadedAnvilChunkStorage (DIM1): All chunks are saved
[16:24:40] [Server thread/INFO]: ThreadedAnvilChunkStorage (DIM-1): All chunks are saved
[16:24:40] [Server thread/INFO]: ThreadedAnvilChunkStorage: All dimensions are saved
[16:24:40] [Render thread/INFO]: Stopping worker threads
[16:24:41] [Render thread/INFO]: Loaded 7 recipes
[16:24:42] [Render thread/INFO]: Loaded 1271 advancements
[16:24:42] [Render thread/INFO]: Applied 0 biome modifications to 0 of 64 new biomes in 349.7 ?s
[16:24:42] [Server thread/INFO]: Starting integrated minecraft server version 1.20.4
[16:24:42] [Server thread/INFO]: Generating keypair
[16:24:43] [Server thread/INFO]: Preparing start region for dimension minecraft:overworld
[16:24:44] [Render thread/INFO]: Preparing spawn area: 0%
[16:24:44] [Render thread/INFO]: Preparing spawn area: 0%
[16:24:44] [Render thread/INFO]: Preparing spawn area: 0%
[16:24:45] [Render thread/INFO]: Preparing spawn area: 0%
[16:24:45] [Render thread/INFO]: Preparing spawn area: 1%
[16:24:46] [Render thread/INFO]: Preparing spawn area: 4%
[16:24:46] [Render thread/INFO]: Preparing spawn area: 78%
[16:24:46] [Server thread/INFO]: Changing view distance to 16, from 10
[16:24:46] [Render thread/INFO]: Time elapsed: 3178 ms
[16:24:46] [Server thread/INFO]: Changing simulation distance to 12, from 0
[16:24:46] [Server thread/INFO]: 16thGarden[local:E:d2dcb032] logged in with entity id 158911 at (-483.3569315930324, 103.78111169215033, -105.58097409230247)
[16:24:46] [Render thread/INFO]: Started 6 worker threads
[16:24:46] [Render thread/INFO]: Using 3 total BufferBuilder caches
[16:24:46] [Server thread/INFO]: 16thGarden joined the game
[16:24:47] [Render thread/INFO]: Loaded 497 advancements
[16:25:44] [Render thread/WARN]: Unable to play empty soundEvent: minecraft:entity.salmon.ambient
[16:26:01] [Render thread/WARN]: Unable to play empty soundEvent: minecraft:entity.cod.ambient
[16:27:55] [Server thread/INFO]: Saving and pausing game...
[16:27:55] [Server thread/INFO]: Saving chunks for level 'ServerLevel[world]'/minecraft:overworld
[16:27:55] [Server thread/INFO]: Saving chunks for level 'ServerLevel[world]'/minecraft:the_end
[16:27:55] [Server thread/INFO]: Saving chunks for level 'ServerLevel[world]'/minecraft:the_nether
[16:27:55] [Server thread/INFO]: 16thGarden lost connection: Disconnected
[16:27:55] [Server thread/INFO]: 16thGarden left the game
[16:27:55] [Server thread/INFO]: Stopping singleplayer server as player logged out
[16:27:55] [Server thread/INFO]: Stopping server
[16:27:55] [Server thread/INFO]: Saving players
[16:27:55] [Server thread/INFO]: Saving worlds
[16:27:55] [Server thread/INFO]: Saving chunks for level 'ServerLevel[world]'/minecraft:overworld
[16:27:55] [Server thread/INFO]: Saving chunks for level 'ServerLevel[world]'/minecraft:the_end
[16:27:55] [Server thread/INFO]: Saving chunks for level 'ServerLevel[world]'/minecraft:the_nether
[16:27:55] [Server thread/INFO]: ThreadedAnvilChunkStorage (300 days 6): All chunks are saved
[16:27:55] [Server thread/INFO]: ThreadedAnvilChunkStorage (DIM1): All chunks are saved
[16:27:55] [Server thread/INFO]: ThreadedAnvilChunkStorage (DIM-1): All chunks are saved
[16:27:55] [Server thread/INFO]: ThreadedAnvilChunkStorage: All dimensions are saved
[16:27:55] [Render thread/INFO]: Stopping worker threads
[16:27:57] [Render thread/INFO]: Loaded 7 recipes
[16:27:57] [Render thread/INFO]: Loaded 1271 advancements
[16:27:58] [Render thread/INFO]: Applied 0 biome modifications to 0 of 64 new biomes in 254.4 ?s
[16:27:58] [Server thread/INFO]: Starting integrated minecraft server version 1.20.4
[16:27:58] [Server thread/INFO]: Generating keypair
[16:27:59] [Server thread/INFO]: Preparing start region for dimension minecraft:overworld
[16:28:00] [Render thread/INFO]: Preparing spawn area: 0%
[16:28:00] [Render thread/INFO]: Preparing spawn area: 0%
[16:28:00] [Render thread/INFO]: Preparing spawn area: 0%
[16:28:00] [Render thread/INFO]: Preparing spawn area: 0%
[16:28:01] [Render thread/INFO]: Preparing spawn area: 4%
[16:28:01] [Render thread/INFO]: Preparing spawn area: 88%
[16:28:01] [Server thread/INFO]: Changing view distance to 16, from 10
[16:28:01] [Server thread/INFO]: Changing simulation distance to 12, from 0
[16:28:01] [Render thread/INFO]: Time elapsed: 2551 ms
[16:28:02] [Server thread/INFO]: 16thGarden[local:E:d1447796] logged in with entity id 159515 at (-44.88350642564426, 64.0, -1.7216740520749072)
[16:28:02] [Server thread/INFO]: 16thGarden joined the game
[16:28:02] [Render thread/INFO]: Started 6 worker threads
[16:28:02] [Render thread/INFO]: Using 3 total BufferBuilder caches
[16:28:02] [Render thread/INFO]: Loaded 880 advancements
[16:28:21] [Server thread/INFO]: Saving and pausing game...
[16:28:21] [Render thread/INFO]: Stopping worker threads
[16:28:21] [Render thread/INFO]: Started 6 worker threads
[16:28:21] [Server thread/INFO]: Saving chunks for level 'ServerLevel[Epic survival world]'/minecraft:overworld
[16:28:21] [Render thread/INFO]: Stopping worker threads
[16:28:21] [Render thread/INFO]: Started 6 worker threads
[16:28:21] [Server thread/INFO]: Saving chunks for level 'ServerLevel[Epic survival world]'/minecraft:the_end
[16:28:21] [Server thread/INFO]: Saving chunks for level 'ServerLevel[Epic survival world]'/minecraft:the_nether
[16:28:39] [Render thread/WARN]: Received passengers for unknown entity
[16:28:51] [Render thread/INFO]: Stopping worker threads
[16:28:51] [Render thread/INFO]: Started 6 worker threads
[16:28:51] [Render thread/INFO]: Stopping worker threads
[16:28:51] [Render thread/INFO]: Started 6 worker threads
[16:28:51] [Server thread/INFO]: Saving and pausing game...
[16:28:51] [Server thread/INFO]: Saving chunks for level 'ServerLevel[Epic survival world]'/minecraft:overworld
[16:28:51] [Server thread/INFO]: Saving chunks for level 'ServerLevel[Epic survival world]'/minecraft:the_end
[16:28:51] [Server thread/INFO]: Saving chunks for level 'ServerLevel[Epic survival world]'/minecraft:the_nether
[16:33:06] [Render thread/INFO]: Stopping worker threads
[16:33:06] [Render thread/INFO]: Started 6 worker threads
[16:33:06] [Server thread/INFO]: Saving and pausing game...
[16:33:06] [Render thread/INFO]: Stopping worker threads
[16:33:06] [Render thread/INFO]: Started 6 worker threads
[16:33:06] [Server thread/INFO]: Saving chunks for level 'ServerLevel[Epic survival world]'/minecraft:overworld
[16:33:06] [Server thread/INFO]: Saving chunks for level 'ServerLevel[Epic survival world]'/minecraft:the_end
[16:33:06] [Server thread/INFO]: Saving chunks for level 'ServerLevel[Epic survival world]'/minecraft:the_nether
[16:33:26] [Render thread/WARN]: Received passengers for unknown entity
[16:33:51] [Server thread/INFO]: Saving and pausing game...
[16:33:51] [Render thread/INFO]: Stopping worker threads
[16:33:51] [Render thread/INFO]: Started 6 worker threads
[16:33:51] [Render thread/INFO]: Stopping worker threads
[16:33:51] [Render thread/INFO]: Started 6 worker threads
[16:33:51] [Server thread/INFO]: Saving chunks for level 'ServerLevel[Epic survival world]'/minecraft:overworld
[16:33:51] [Server thread/INFO]: Saving chunks for level 'ServerLevel[Epic survival world]'/minecraft:the_end
[16:33:51] [Server thread/INFO]: Saving chunks for level 'ServerLevel[Epic survival world]'/minecraft:the_nether
[16:33:51] [Render thread/WARN]: Received passengers for unknown entity
[16:33:51] [Render thread/WARN]: Received passengers for unknown entity
[16:33:51] [Render thread/WARN]: Received passengers for unknown entity
[16:33:51] [Render thread/WARN]: Received passengers for unknown entity
[16:33:51] [Render thread/WARN]: Received passengers for unknown entity
[16:33:51] [Render thread/WARN]: Received passengers for unknown entity
[16:33:51] [Render thread/WARN]: Received passengers for unknown entity
[16:33:51] [Render thread/WARN]: Received passengers for unknown entity
[16:33:51] [Render thread/WARN]: Received passengers for unknown entity
[16:33:51] [Render thread/WARN]: Received passengers for unknown entity
[16:33:51] [Render thread/WARN]: Received passengers for unknown entity
[16:33:51] [Render thread/WARN]: Received passengers for unknown entity
[16:33:51] [Render thread/WARN]: Received passengers for unknown entity
[16:33:51] [Render thread/WARN]: Received passengers for unknown entity
[16:33:51] [Render thread/WARN]: Received passengers for unknown entity
[16:33:51] [Render thread/WARN]: Received passengers for unknown entity
[16:33:51] [Render thread/WARN]: Received passengers for unknown entity
[16:33:51] [Render thread/WARN]: Received passengers for unknown entity
[16:33:51] [Render thread/WARN]: Received passengers for unknown entity
[16:36:00] [Render thread/INFO]: Stopping worker threads
[16:36:00] [Server thread/INFO]: Saving and pausing game...
[16:36:00] [Render thread/INFO]: Started 6 worker threads
[16:36:00] [Render thread/INFO]: Stopping worker threads
[16:36:00] [Render thread/INFO]: Started 6 worker threads
[16:36:00] [Server thread/INFO]: Saving chunks for level 'ServerLevel[Epic survival world]'/minecraft:overworld
[16:36:00] [Server thread/INFO]: Saving chunks for level 'ServerLevel[Epic survival world]'/minecraft:the_end
[16:36:00] [Server thread/INFO]: Saving chunks for level 'ServerLevel[Epic survival world]'/minecraft:the_nether
[16:36:22] [Render thread/INFO]: Stopping worker threads
[16:36:22] [Render thread/INFO]: Started 6 worker threads
[16:36:22] [Render thread/INFO]: Stopping worker threads
[16:36:22] [Render thread/INFO]: Started 6 worker threads
[16:36:22] [Server thread/INFO]: Saving and pausing game...
[16:36:22] [Server thread/INFO]: Saving chunks for level 'ServerLevel[Epic survival world]'/minecraft:overworld
[16:36:22] [Server thread/INFO]: Saving chunks for level 'ServerLevel[Epic survival world]'/minecraft:the_end
[16:36:22] [Server thread/INFO]: Saving chunks for level 'ServerLevel[Epic survival world]'/minecraft:the_nether
[16:38:32] [Server thread/INFO]: Saving and pausing game...
[16:38:32] [Server thread/INFO]: Saving chunks for level 'ServerLevel[Epic survival world]'/minecraft:overworld
[16:38:32] [Server thread/INFO]: Saving chunks for level 'ServerLevel[Epic survival world]'/minecraft:the_end
[16:38:32] [Server thread/INFO]: Saving chunks for level 'ServerLevel[Epic survival world]'/minecraft:the_nether
[16:38:33] [Server thread/INFO]: 16thGarden lost connection: Disconnected
[16:38:33] [Server thread/INFO]: 16thGarden left the game
[16:38:33] [Server thread/INFO]: Stopping singleplayer server as player logged out
[16:38:33] [Server thread/INFO]: Stopping server
[16:38:33] [Server thread/INFO]: Saving players
[16:38:33] [Server thread/INFO]: Saving worlds
[16:38:33] [Server thread/INFO]: Saving chunks for level 'ServerLevel[Epic survival world]'/minecraft:overworld
[16:38:33] [Server thread/INFO]: Saving chunks for level 'ServerLevel[Epic survival world]'/minecraft:the_end
[16:38:33] [Server thread/INFO]: Saving chunks for level 'ServerLevel[Epic survival world]'/minecraft:the_nether
[16:38:33] [Server thread/INFO]: ThreadedAnvilChunkStorage (Epic survival world): All chunks are saved
[16:38:33] [Server thread/INFO]: ThreadedAnvilChunkStorage (DIM1): All chunks are saved
[16:38:33] [Server thread/INFO]: ThreadedAnvilChunkStorage (DIM-1): All chunks are saved
[16:38:33] [Server thread/INFO]: ThreadedAnvilChunkStorage: All dimensions are saved
[16:38:33] [Render thread/INFO]: Stopping worker threads
[16:48:54] [WebSocketConnectReadThread-359/INFO]: Closed connection to Essential Connection Manager (code=1006, reason=, remote=true), connection was open for 2512423ms
[16:49:25] [WebSocketConnectReadThread-705/INFO]: Opened connection to Essential ConnectionManager (code=101, message=Switching Protocols)
[16:49:25] [Essential Thread 3/INFO]: Essential Connection Manager connection established.
[16:53:52] [Render thread/INFO]: Loaded 7 recipes
[16:53:52] [Render thread/INFO]: Loaded 1271 advancements
[16:53:53] [Render thread/INFO]: Applied 0 biome modifications to 0 of 64 new biomes in 535.5 ?s
[16:53:53] [Server thread/INFO]: Starting integrated minecraft server version 1.20.4
[16:53:53] [Server thread/INFO]: Generating keypair
[16:53:54] [Server thread/INFO]: Preparing start region for dimension minecraft:overworld
[16:53:55] [Render thread/INFO]: Preparing spawn area: 0%
[16:53:55] [Render thread/INFO]: Preparing spawn area: 0%
[16:53:55] [Render thread/INFO]: Preparing spawn area: 0%
[16:53:55] [Render thread/INFO]: Preparing spawn area: 0%
[16:53:56] [Render thread/INFO]: Preparing spawn area: 0%
[16:53:56] [Render thread/INFO]: Preparing spawn area: 2%
[16:53:57] [Render thread/INFO]: Preparing spawn area: 83%
[16:53:57] [Server thread/INFO]: Changing view distance to 16, from 10
[16:53:57] [Server thread/INFO]: Changing simulation distance to 12, from 0
[16:53:57] [Render thread/INFO]: Time elapsed: 3106 ms
[16:53:57] [Server thread/INFO]: 16thGarden[local:E:ada36f26] logged in with entity id 182358 at (-53.684028528363314, 64.0, -0.7214528858635088)
[16:53:57] [Server thread/INFO]: 16thGarden joined the game
[16:53:57] [Render thread/INFO]: Started 6 worker threads
[16:53:57] [Render thread/INFO]: Using 3 total BufferBuilder caches
[16:53:57] [Render thread/INFO]: Loaded 880 advancements
[16:55:03] [Render thread/INFO]: Stopping worker threads
[16:55:03] [Render thread/INFO]: Started 6 worker threads
[16:55:03] [Render thread/INFO]: Stopping worker threads
[16:55:03] [Render thread/INFO]: Started 6 worker threads
[16:55:22] [Render thread/INFO]: Stopping worker threads
[16:55:22] [Server thread/INFO]: Saving and pausing game...
[16:55:22] [Render thread/INFO]: Started 6 worker threads
[16:55:22] [Render thread/INFO]: Stopping worker threads
[16:55:22] [Render thread/INFO]: Started 6 worker threads
[16:55:22] [Server thread/INFO]: Saving chunks for level 'ServerLevel[Epic survival world]'/minecraft:overworld
[16:55:22] [Server thread/INFO]: Saving chunks for level 'ServerLevel[Epic survival world]'/minecraft:the_end
[16:55:22] [Server thread/INFO]: Saving chunks for level 'ServerLevel[Epic survival world]'/minecraft:the_nether
[16:55:45] [Render thread/INFO]: Stopping worker threads
[16:55:45] [Render thread/INFO]: Started 6 worker threads
[16:55:45] [Server thread/INFO]: Saving and pausing game...
[16:55:45] [Render thread/INFO]: Stopping worker threads
[16:55:45] [Render thread/INFO]: Started 6 worker threads
[16:55:45] [Server thread/INFO]: Saving chunks for level 'ServerLevel[Epic survival world]'/minecraft:overworld
[16:55:45] [Server thread/INFO]: Saving chunks for level 'ServerLevel[Epic survival world]'/minecraft:the_end
[16:55:45] [Server thread/INFO]: Saving chunks for level 'ServerLevel[Epic survival world]'/minecraft:the_nether
[16:56:17] [Render thread/INFO]: Stopping worker threads
[16:56:17] [Render thread/INFO]: Started 6 worker threads
[16:56:17] [Render thread/INFO]: Stopping worker threads
[16:56:17] [Render thread/INFO]: Started 6 worker threads
[16:56:17] [Server thread/INFO]: Saving and pausing game...
[16:56:17] [Server thread/INFO]: Saving chunks for level 'ServerLevel[Epic survival world]'/minecraft:overworld
[16:56:17] [Server thread/INFO]: Saving chunks for level 'ServerLevel[Epic survival world]'/minecraft:the_end
[16:56:17] [Server thread/INFO]: Saving chunks for level 'ServerLevel[Epic survival world]'/minecraft:the_nether
[17:03:21] [Render thread/INFO]: Stopping worker threads
[17:03:21] [Server thread/INFO]: Saving and pausing game...
[17:03:21] [Render thread/INFO]: Started 6 worker threads
[17:03:21] [Render thread/INFO]: Stopping worker threads
[17:03:21] [Render thread/INFO]: Started 6 worker threads
[17:03:21] [Server thread/INFO]: Saving chunks for level 'ServerLevel[Epic survival world]'/minecraft:overworld
[17:03:21] [Server thread/INFO]: Saving chunks for level 'ServerLevel[Epic survival world]'/minecraft:the_end
[17:03:21] [Server thread/INFO]: Saving chunks for level 'ServerLevel[Epic survival world]'/minecraft:the_nether
[17:03:41] [Render thread/WARN]: Received passengers for unknown entity
[17:03:50] [Render thread/INFO]: Stopping worker threads
[17:03:50] [Render thread/INFO]: Started 6 worker threads
[17:03:50] [Server thread/INFO]: Saving and pausing game...
[17:03:50] [Render thread/INFO]: Stopping worker threads
[17:03:50] [Render thread/INFO]: Started 6 worker threads
[17:03:50] [Server thread/INFO]: Saving chunks for level 'ServerLevel[Epic survival world]'/minecraft:overworld
[17:03:50] [Server thread/INFO]: Saving chunks for level 'ServerLevel[Epic survival world]'/minecraft:the_end
[17:03:50] [Server thread/INFO]: Saving chunks for level 'ServerLevel[Epic survival world]'/minecraft:the_nether
[17:04:38] [Render thread/INFO]: Stopping worker threads
[17:04:38] [Render thread/INFO]: Started 6 worker threads
[17:04:38] [Server thread/INFO]: Saving and pausing game...
[17:04:39] [Render thread/INFO]: Stopping worker threads
[17:04:39] [Render thread/INFO]: Started 6 worker threads
[17:04:39] [Server thread/INFO]: Saving chunks for level 'ServerLevel[Epic survival world]'/minecraft:overworld
[17:04:39] [Server thread/INFO]: Saving chunks for level 'ServerLevel[Epic survival world]'/minecraft:the_end
[17:04:39] [Server thread/INFO]: Saving chunks for level 'ServerLevel[Epic survival world]'/minecraft:the_nether
[17:04:48] [Render thread/WARN]: Received passengers for unknown entity
[17:05:16] [Render thread/INFO]: Stopping worker threads
[17:05:16] [Render thread/INFO]: Started 6 worker threads
[17:05:16] [Render thread/INFO]: Stopping worker threads
[17:05:16] [Render thread/INFO]: Started 6 worker threads
[17:05:16] [Server thread/INFO]: Saving and pausing game...
[17:05:16] [Server thread/INFO]: Saving chunks for level 'ServerLevel[Epic survival world]'/minecraft:overworld
[17:05:16] [Server thread/INFO]: Saving chunks for level 'ServerLevel[Epic survival world]'/minecraft:the_end
[17:05:16] [Server thread/INFO]: Saving chunks for level 'ServerLevel[Epic survival world]'/minecraft:the_nether
[17:10:26] [Render thread/INFO]: Stopping worker threads
[17:10:26] [Server thread/INFO]: Saving and pausing game...
[17:10:26] [Render thread/INFO]: Started 6 worker threads
[17:10:26] [Render thread/INFO]: Stopping worker threads
[17:10:26] [Server thread/INFO]: Saving chunks for level 'ServerLevel[Epic survival world]'/minecraft:overworld
[17:10:26] [Render thread/INFO]: Started 6 worker threads
[17:10:26] [Server thread/INFO]: Saving chunks for level 'ServerLevel[Epic survival world]'/minecraft:the_end
[17:10:26] [Server thread/INFO]: Saving chunks for level 'ServerLevel[Epic survival world]'/minecraft:the_nether
[17:16:00] [Render thread/WARN]: Received passengers for unknown entity
[17:16:09] [Render thread/INFO]: Stopping worker threads
[17:16:09] [Render thread/INFO]: Started 6 worker threads
[17:16:09] [Render thread/INFO]: Stopping worker threads
[17:16:09] [Render thread/INFO]: Started 6 worker threads
[17:16:09] [Server thread/INFO]: Saving and pausing game...
[17:16:09] [Server thread/INFO]: Saving chunks for level 'ServerLevel[Epic survival world]'/minecraft:overworld
[17:16:09] [Server thread/INFO]: Saving chunks for level 'ServerLevel[Epic survival world]'/minecraft:the_end
[17:16:09] [Server thread/INFO]: Saving chunks for level 'ServerLevel[Epic survival world]'/minecraft:the_nether
[17:17:31] [Render thread/INFO]: Stopping worker threads
[17:17:31] [Render thread/INFO]: Started 6 worker threads
[17:17:31] [Server thread/INFO]: Saving and pausing game...
[17:17:31] [Render thread/INFO]: Stopping worker threads
[17:17:31] [Render thread/INFO]: Started 6 worker threads
[17:17:31] [Server thread/INFO]: Saving chunks for level 'ServerLevel[Epic survival world]'/minecraft:overworld
[17:17:31] [Server thread/INFO]: Saving chunks for level 'ServerLevel[Epic survival world]'/minecraft:the_end
[17:17:31] [Server thread/INFO]: Saving chunks for level 'ServerLevel[Epic survival world]'/minecraft:the_nether
[17:17:37] [Render thread/WARN]: Received passengers for unknown entity
[17:17:50] [Render thread/WARN]: Received passengers for unknown entity
[17:23:35] [Server thread/INFO]: Saving and pausing game...
[17:23:35] [Server thread/INFO]: Saving chunks for level 'ServerLevel[Epic survival world]'/minecraft:overworld
[17:23:35] [Server thread/INFO]: Saving chunks for level 'ServerLevel[Epic survival world]'/minecraft:the_end
[17:23:35] [Server thread/INFO]: Saving chunks for level 'ServerLevel[Epic survival world]'/minecraft:the_nether
[17:33:30] [Server thread/INFO]: Saving and pausing game...
[17:33:30] [Server thread/INFO]: Saving chunks for level 'ServerLevel[Epic survival world]'/minecraft:overworld
[17:33:30] [Server thread/INFO]: Saving chunks for level 'ServerLevel[Epic survival world]'/minecraft:the_end
[17:33:30] [Server thread/INFO]: Saving chunks for level 'ServerLevel[Epic survival world]'/minecraft:the_nether
[17:41:01] [Render thread/INFO]: Stopping worker threads
[17:41:01] [Render thread/INFO]: Started 6 worker threads
[17:41:01] [Render thread/INFO]: Stopping worker threads
[17:41:01] [Render thread/INFO]: Started 6 worker threads
[17:41:01] [Server thread/INFO]: Saving and pausing game...
[17:41:01] [Server thread/INFO]: Saving chunks for level 'ServerLevel[Epic survival world]'/minecraft:overworld
[17:41:01] [Server thread/INFO]: Saving chunks for level 'ServerLevel[Epic survival world]'/minecraft:the_end
[17:41:01] [Server thread/INFO]: Saving chunks for level 'ServerLevel[Epic survival world]'/minecraft:the_nether
[17:41:43] [Render thread/INFO]: Stopping worker threads
[17:41:43] [Server thread/INFO]: Saving and pausing game...
[17:41:43] [Render thread/INFO]: Started 6 worker threads
[17:41:43] [Render thread/INFO]: Stopping worker threads
[17:41:43] [Render thread/INFO]: Started 6 worker threads
[17:41:43] [Server thread/INFO]: Saving chunks for level 'ServerLevel[Epic survival world]'/minecraft:overworld
[17:41:43] [Server thread/INFO]: Saving chunks for level 'ServerLevel[Epic survival world]'/minecraft:the_end
[17:41:43] [Server thread/INFO]: Saving chunks for level 'ServerLevel[Epic survival world]'/minecraft:the_nether
[17:54:39] [Render thread/INFO]: Stopping worker threads
[17:54:39] [Render thread/INFO]: Started 6 worker threads
[17:54:39] [Render thread/INFO]: Stopping worker threads
[17:54:39] [Render thread/INFO]: Started 6 worker threads
[17:54:39] [Server thread/INFO]: Saving and pausing game...
[17:54:39] [Server thread/INFO]: Saving chunks for level 'ServerLevel[Epic survival world]'/minecraft:overworld
[17:54:39] [Server thread/INFO]: Saving chunks for level 'ServerLevel[Epic survival world]'/minecraft:the_end
[17:54:39] [Server thread/INFO]: Saving chunks for level 'ServerLevel[Epic survival world]'/minecraft:the_nether
[17:55:18] [Render thread/INFO]: Stopping worker threads
[17:55:18] [Server thread/INFO]: Saving and pausing game...
[17:55:18] [Render thread/INFO]: Started 6 worker threads
[17:55:18] [Render thread/INFO]: Stopping worker threads
[17:55:18] [Server thread/INFO]: Saving chunks for level 'ServerLevel[Epic survival world]'/minecraft:overworld
[17:55:18] [Render thread/INFO]: Started 6 worker threads
[17:55:18] [Server thread/INFO]: Saving chunks for level 'ServerLevel[Epic survival world]'/minecraft:the_end
[17:55:18] [Server thread/INFO]: Saving chunks for level 'ServerLevel[Epic survival world]'/minecraft:the_nether
[17:56:21] [Render thread/WARN]: Received passengers for unknown entity
[17:57:16] [Render thread/WARN]: Received passengers for unknown entity
[17:57:47] [Render thread/WARN]: Received passengers for unknown entity
[18:01:01] [Render thread/WARN]: Received passengers for unknown entity
[18:06:38] [Render thread/WARN]: Received passengers for unknown entity
[18:11:48] [Render thread/WARN]: Received passengers for unknown entity
[18:12:54] [Render thread/WARN]: Received passengers for unknown entity
[18:13:32] [Render thread/WARN]: Received passengers for unknown entity
[18:13:41] [Render thread/WARN]: Received passengers for unknown entity
[18:14:07] [Render thread/INFO]: Stopping worker threads
[18:14:07] [Render thread/INFO]: Started 6 worker threads
[18:14:07] [Render thread/INFO]: Stopping worker threads
[18:14:07] [Render thread/INFO]: Started 6 worker threads
[18:14:07] [Server thread/INFO]: Saving and pausing game...
[18:14:07] [Server thread/INFO]: Saving chunks for level 'ServerLevel[Epic survival world]'/minecraft:overworld
[18:14:07] [Server thread/INFO]: Saving chunks for level 'ServerLevel[Epic survival world]'/minecraft:the_end
[18:14:07] [Server thread/INFO]: Saving chunks for level 'ServerLevel[Epic survival world]'/minecraft:the_nether
[18:16:57] [Render thread/INFO]: Stopping worker threads
[18:16:57] [Server thread/INFO]: Saving and pausing game...
[18:16:57] [Render thread/INFO]: Started 6 worker threads
[18:16:57] [Render thread/INFO]: Stopping worker threads
[18:16:57] [Render thread/INFO]: Started 6 worker threads
[18:16:57] [Server thread/INFO]: Saving chunks for level 'ServerLevel[Epic survival world]'/minecraft:overworld
[18:16:57] [Server thread/INFO]: Saving chunks for level 'ServerLevel[Epic survival world]'/minecraft:the_end
[18:16:57] [Server thread/INFO]: Saving chunks for level 'ServerLevel[Epic survival world]'/minecraft:the_nether
[18:17:12] [Render thread/WARN]: Received passengers for unknown entity
[18:17:20] [Render thread/INFO]: Stopping worker threads
[18:17:20] [Render thread/INFO]: Started 6 worker threads
[18:17:20] [Render thread/INFO]: Stopping worker threads
[18:17:20] [Render thread/INFO]: Started 6 worker threads
[18:17:20] [Server thread/INFO]: Saving and pausing game...
[18:17:20] [Server thread/INFO]: Saving chunks for level 'ServerLevel[Epic survival world]'/minecraft:overworld
[18:17:20] [Server thread/INFO]: Saving chunks for level 'ServerLevel[Epic survival world]'/minecraft:the_end
[18:17:20] [Server thread/INFO]: Saving chunks for level 'ServerLevel[Epic survival world]'/minecraft:the_nether
[18:17:35] [Render thread/INFO]: [System] [CHAT] [Debug]: Hitboxes: shown
[18:17:40] [Render thread/WARN]: Unable to play empty soundEvent: minecraft:entity.tropical_fish.ambient
[18:18:35] [Render thread/WARN]: Unable to play empty soundEvent: minecraft:entity.puffer_fish.ambient
[18:19:56] [Render thread/INFO]: Stopping worker threads
[18:19:56] [Render thread/INFO]: Started 6 worker threads
[18:19:56] [Server thread/INFO]: Saving and pausing game...
[18:19:56] [Render thread/INFO]: Stopping worker threads
[18:19:56] [Render thread/INFO]: Started 6 worker threads
[18:19:56] [Server thread/INFO]: Saving chunks for level 'ServerLevel[Epic survival world]'/minecraft:overworld
[18:19:56] [Server thread/INFO]: Saving chunks for level 'ServerLevel[Epic survival world]'/minecraft:the_end
[18:19:56] [Server thread/INFO]: Saving chunks for level 'ServerLevel[Epic survival world]'/minecraft:the_nether
[18:19:59] [Render thread/WARN]: Received passengers for unknown entity
[18:20:15] [Render thread/INFO]: [System] [CHAT] [Debug]: Hitboxes: hidden
[18:20:18] [Render thread/INFO]: Stopping worker threads
[18:20:18] [Render thread/INFO]: Started 6 worker threads
[18:20:18] [Render thread/INFO]: Stopping worker threads
[18:20:18] [Render thread/INFO]: Started 6 worker threads
[18:20:18] [Server thread/INFO]: Saving and pausing game...
[18:20:18] [Server thread/INFO]: Saving chunks for level 'ServerLevel[Epic survival world]'/minecraft:overworld
[18:20:18] [Server thread/INFO]: Saving chunks for level 'ServerLevel[Epic survival world]'/minecraft:the_end
[18:20:18] [Server thread/INFO]: Saving chunks for level 'ServerLevel[Epic survival world]'/minecraft:the_nether
[18:22:13] [Server thread/INFO]: Saving and pausing game...
[18:22:13] [Server thread/INFO]: Saving chunks for level 'ServerLevel[Epic survival world]'/minecraft:overworld
[18:22:13] [Server thread/INFO]: Saving chunks for level 'ServerLevel[Epic survival world]'/minecraft:the_end
[18:22:13] [Server thread/INFO]: Saving chunks for level 'ServerLevel[Epic survival world]'/minecraft:the_nether
[18:23:01] [Render thread/INFO]: Stopping worker threads
[18:23:01] [Render thread/INFO]: Started 6 worker threads
[18:23:01] [Render thread/INFO]: Stopping worker threads
[18:23:01] [Render thread/INFO]: Started 6 worker threads
[18:23:24] [Render thread/INFO]: Stopping worker threads
[18:23:24] [Server thread/INFO]: Saving and pausing game...
[18:23:24] [Render thread/INFO]: Started 6 worker threads
[18:23:24] [Render thread/INFO]: Stopping worker threads
[18:23:24] [Render thread/INFO]: Started 6 worker threads
[18:23:24] [Server thread/INFO]: Saving chunks for level 'ServerLevel[Epic survival world]'/minecraft:overworld
[18:23:24] [Server thread/INFO]: Saving chunks for level 'ServerLevel[Epic survival world]'/minecraft:the_end
[18:23:24] [Server thread/INFO]: Saving chunks for level 'ServerLevel[Epic survival world]'/minecraft:the_nether
[19:37:44] [Render thread/INFO]: Stopping worker threads
[19:37:44] [Render thread/INFO]: Started 6 worker threads
[19:37:44] [Server thread/INFO]: Saving and pausing game...
[19:37:44] [Render thread/INFO]: Stopping worker threads
[19:37:44] [Render thread/INFO]: Started 6 worker threads
[19:37:44] [Server thread/INFO]: Saving chunks for level 'ServerLevel[Epic survival world]'/minecraft:overworld
[19:37:44] [Server thread/INFO]: Saving chunks for level 'ServerLevel[Epic survival world]'/minecraft:the_end
[19:37:44] [Server thread/INFO]: Saving chunks for level 'ServerLevel[Epic survival world]'/minecraft:the_nether
[19:37:59] [Render thread/INFO]: Stopping worker threads
[19:37:59] [Render thread/INFO]: Started 6 worker threads
[19:37:59] [Render thread/INFO]: Stopping worker threads
[19:37:59] [Render thread/INFO]: Started 6 worker threads
[19:37:59] [Server thread/INFO]: Saving and pausing game...
[19:37:59] [Server thread/INFO]: Saving chunks for level 'ServerLevel[Epic survival world]'/minecraft:overworld
[19:37:59] [Server thread/INFO]: Saving chunks for level 'ServerLevel[Epic survival world]'/minecraft:the_end
[19:37:59] [Server thread/INFO]: Saving chunks for level 'ServerLevel[Epic survival world]'/minecraft:the_nether
[19:41:11] [Server thread/INFO]: Saving and pausing game...
[19:41:11] [Server thread/INFO]: Saving chunks for level 'ServerLevel[Epic survival world]'/minecraft:overworld
[19:41:11] [Server thread/INFO]: Saving chunks for level 'ServerLevel[Epic survival world]'/minecraft:the_end
[19:41:11] [Server thread/INFO]: Saving chunks for level 'ServerLevel[Epic survival world]'/minecraft:the_nether
[19:41:11] [Server thread/INFO]: 16thGarden lost connection: Disconnected
[19:41:11] [Server thread/INFO]: 16thGarden left the game
[19:41:11] [Server thread/INFO]: Stopping singleplayer server as player logged out
[19:41:11] [Server thread/INFO]: Stopping server
[19:41:11] [Server thread/INFO]: Saving players
[19:41:11] [Server thread/INFO]: Saving worlds
[19:41:11] [Server thread/INFO]: Saving chunks for level 'ServerLevel[Epic survival world]'/minecraft:overworld
[19:41:11] [Server thread/INFO]: Saving chunks for level 'ServerLevel[Epic survival world]'/minecraft:the_end
[19:41:11] [Server thread/INFO]: Saving chunks for level 'ServerLevel[Epic survival world]'/minecraft:the_nether
[19:41:11] [Server thread/INFO]: ThreadedAnvilChunkStorage (Epic survival world): All chunks are saved
[19:41:11] [Server thread/INFO]: ThreadedAnvilChunkStorage (DIM1): All chunks are saved
[19:41:11] [Server thread/INFO]: ThreadedAnvilChunkStorage (DIM-1): All chunks are saved
[19:41:11] [Server thread/INFO]: ThreadedAnvilChunkStorage: All dimensions are saved
[19:41:11] [Render thread/INFO]: Stopping worker threads
[19:49:33] [Render thread/INFO]: Stopping!
[19:49:33] [CullThread/INFO]: [STDOUT]: Shutting down culling task!
