[00:03:00] [Server thread/WARN]: 16thGarden moved wrongly!
[00:07:14] [Render thread/INFO]: Stopping worker threads
[00:07:14] [Render thread/INFO]: Started 6 worker threads
[00:07:14] [Render thread/INFO]: Stopping worker threads
[00:07:14] [Render thread/INFO]: Started 6 worker threads
[00:07:17] [Render thread/WARN]: Received passengers for unknown entity
[00:07:27] [Render thread/INFO]: Stopping worker threads
[00:07:27] [Render thread/INFO]: Started 6 worker threads
[00:07:27] [Render thread/INFO]: Stopping worker threads
[00:07:27] [Render thread/INFO]: Started 6 worker threads
[00:08:16] [Render thread/INFO]: Stopping worker threads
[00:08:16] [Render thread/INFO]: Started 6 worker threads
[00:08:16] [Render thread/INFO]: Stopping worker threads
[00:08:16] [Render thread/INFO]: Started 6 worker threads
[00:08:29] [Render thread/INFO]: Stopping worker threads
[00:08:29] [Render thread/INFO]: Started 6 worker threads
[00:08:29] [Render thread/INFO]: Stopping worker threads
[00:08:29] [Render thread/INFO]: Started 6 worker threads
[00:09:49] [Server thread/WARN]: 16thGarden moved wrongly!
[00:10:36] [Render thread/INFO]: Stopping worker threads
[00:10:36] [Render thread/INFO]: Started 6 worker threads
[00:10:36] [Render thread/INFO]: Stopping worker threads
[00:10:36] [Render thread/INFO]: Started 6 worker threads
[00:10:39] [Render thread/WARN]: Received passengers for unknown entity
[00:10:39] [Render thread/WARN]: Received passengers for unknown entity
[00:10:39] [Render thread/WARN]: Received passengers for unknown entity
[00:10:49] [Render thread/INFO]: Stopping worker threads
[00:10:49] [Render thread/INFO]: Started 6 worker threads
[00:10:49] [Render thread/INFO]: Stopping worker threads
[00:10:49] [Render thread/INFO]: Started 6 worker threads
[00:11:39] [Render thread/INFO]: Stopping worker threads
[00:11:39] [Render thread/INFO]: Started 6 worker threads
[00:11:39] [Render thread/INFO]: Stopping worker threads
[00:11:39] [Render thread/INFO]: Started 6 worker threads
[00:11:39] [Render thread/WARN]: Received passengers for unknown entity
[00:11:39] [Render thread/WARN]: Received passengers for unknown entity
[00:11:39] [Render thread/WARN]: Received passengers for unknown entity
[00:11:51] [Render thread/INFO]: Stopping worker threads
[00:11:51] [Render thread/INFO]: Started 6 worker threads
[00:11:51] [Render thread/INFO]: Stopping worker threads
[00:11:51] [Render thread/INFO]: Started 6 worker threads
[00:12:10] [Server thread/WARN]: 16thGarden moved wrongly!
[00:14:38] [Server thread/WARN]: 16thGarden moved wrongly!
[00:16:19] [Render thread/INFO]: Stopping worker threads
[00:16:19] [Render thread/INFO]: Started 6 worker threads
[00:16:19] [Render thread/INFO]: Stopping worker threads
[00:16:19] [Render thread/INFO]: Started 6 worker threads
[00:16:26] [Render thread/WARN]: Received passengers for unknown entity
[00:16:37] [Render thread/INFO]: Stopping worker threads
[00:16:37] [Render thread/INFO]: Started 6 worker threads
[00:16:37] [Render thread/INFO]: Stopping worker threads
[00:16:37] [Render thread/INFO]: Started 6 worker threads
[00:19:03] [Render thread/INFO]: Stopping worker threads
[00:19:03] [Render thread/INFO]: Started 6 worker threads
[00:19:03] [Render thread/INFO]: Stopping worker threads
[00:19:03] [Render thread/INFO]: Started 6 worker threads
[00:19:04] [Render thread/WARN]: Received passengers for unknown entity
[00:19:16] [Render thread/INFO]: Stopping worker threads
[00:19:16] [Render thread/INFO]: Started 6 worker threads
[00:19:16] [Render thread/INFO]: Stopping worker threads
[00:19:16] [Render thread/INFO]: Started 6 worker threads
[00:22:18] [Server thread/WARN]: 16thGarden moved wrongly!
[00:33:24] [Server thread/INFO]: Bot lost connection: Killed
[00:33:24] [Server thread/INFO]: Bot left the game
[00:33:24] [Render thread/INFO]: [System] [CHAT] Bot left the game
[00:36:31] [Render thread/INFO]: [System] [CHAT] Respawn point set
[00:51:27] [Worker-Main-11/INFO]: Bot[local] logged in with entity id 151655 at (235.69999998807907, 103.0, -1244.699999988079)
[00:51:27] [Worker-Main-11/INFO]: Bot joined the game
[00:51:27] [Render thread/INFO]: [System] [CHAT] Bot joined the game
[00:51:33] [Essential Thread 14/WARN]: Connection closed unexpectedly (CloseInfo(code=4500, reason=SERVER_KEEP_ALIVE_TIMEOUT, remote=false, outdated=false)) after 1h 26m 51.268193200s
[00:51:33] [Render thread/INFO]: Authenticating to Mojang as 16thGarden (dc0548c7-2c22-450e-91f5-2a17cfde2a12)
[00:51:34] [DefaultDispatcher-worker-8/INFO]: Connecting to Essential Connection Manager...
[00:51:34] [WebSocketConnectReadThread-731/INFO]: Connected to Essential Connection Manager.
[00:51:58] [Render thread/INFO]: Stopping worker threads
[00:51:58] [Render thread/INFO]: Started 6 worker threads
[00:51:58] [Render thread/INFO]: Stopping worker threads
[00:51:58] [Render thread/INFO]: Started 6 worker threads
[00:52:01] [Render thread/WARN]: Received passengers for unknown entity
[00:52:01] [Render thread/WARN]: Received passengers for unknown entity
[00:52:11] [Render thread/INFO]: Stopping worker threads
[00:52:11] [Render thread/INFO]: Started 6 worker threads
[00:52:11] [Render thread/INFO]: Stopping worker threads
[00:52:11] [Render thread/INFO]: Started 6 worker threads
[00:52:29] [Render thread/INFO]: Stopping worker threads
[00:52:30] [Render thread/INFO]: Started 6 worker threads
[00:52:30] [Render thread/INFO]: Stopping worker threads
[00:52:30] [Render thread/INFO]: Started 6 worker threads
[00:52:45] [Sound engine/ERROR]: Stop: Invalid name parameter.
[00:52:45] [Render thread/INFO]: Stopping worker threads
[00:52:45] [Render thread/INFO]: Started 6 worker threads
[00:52:45] [Render thread/INFO]: Stopping worker threads
[00:52:45] [Render thread/INFO]: Started 6 worker threads
[00:52:54] [Server thread/INFO]: Bot lost connection: Killed
[00:52:54] [Server thread/INFO]: Bot left the game
[00:52:54] [Render thread/INFO]: [System] [CHAT] Bot left the game
[00:53:29] [Server thread/INFO]: Bot[local] logged in with entity id 154229 at (210.33953908340334, 72.0, -1296.3534573344475)
[00:53:29] [Server thread/INFO]: Bot joined the game
[00:53:29] [Render thread/INFO]: [System] [CHAT] Bot joined the game
[00:58:56] [Essential Thread 19/WARN]: Connection closed unexpectedly (CloseInfo(code=4500, reason=SERVER_KEEP_ALIVE_TIMEOUT, remote=false, outdated=false)) after 7m 21.547345800s
[00:58:56] [Render thread/INFO]: Authenticating to Mojang as 16thGarden (dc0548c7-2c22-450e-91f5-2a17cfde2a12)
[00:58:56] [DefaultDispatcher-worker-9/INFO]: Connecting to Essential Connection Manager...
[00:58:59] [WebSocketConnectReadThread-821/INFO]: Connected to Essential Connection Manager.
[01:16:39] [Server thread/WARN]: 16thGarden moved wrongly!
[01:24:26] [Render thread/INFO]: Stopping worker threads
[01:24:26] [Render thread/INFO]: Started 6 worker threads
[01:24:26] [Render thread/INFO]: Stopping worker threads
[01:24:26] [Render thread/INFO]: Started 6 worker threads
[01:24:29] [Render thread/WARN]: Received passengers for unknown entity
[01:24:39] [Render thread/INFO]: Stopping worker threads
[01:24:39] [Render thread/INFO]: Started 6 worker threads
[01:24:39] [Render thread/INFO]: Stopping worker threads
[01:24:39] [Render thread/INFO]: Started 6 worker threads
[01:24:51] [WebSocketConnectReadThread-821/WARN]: Connection closed unexpectedly (CloseInfo(code=1006, reason=, remote=true, outdated=false)) after 25m 52.000144600s
[01:24:51] [Render thread/INFO]: Authenticating to Mojang as 16thGarden (dc0548c7-2c22-450e-91f5-2a17cfde2a12)
[01:24:51] [DefaultDispatcher-worker-9/INFO]: Connecting to Essential Connection Manager...
[01:24:54] [WebSocketConnectReadThread-880/INFO]: Connected to Essential Connection Manager.
[01:24:59] [Render thread/INFO]: Stopping worker threads
[01:25:00] [Render thread/INFO]: Started 6 worker threads
[01:25:00] [Render thread/INFO]: Stopping worker threads
[01:25:00] [Render thread/INFO]: Started 6 worker threads
[01:25:23] [Render thread/INFO]: Stopping worker threads
[01:25:23] [Render thread/INFO]: Started 6 worker threads
[01:25:23] [Render thread/INFO]: Stopping worker threads
[01:25:23] [Render thread/INFO]: Started 6 worker threads
[01:28:33] [Server thread/INFO]: 16thGarden lost connection: Disconnected
[01:28:33] [Server thread/INFO]: 16thGarden left the game
[01:28:33] [Server thread/INFO]: Stopping singleplayer server as player logged out
[01:28:33] [Server thread/INFO]: Stopping server
[01:28:33] [Server thread/INFO]: Saving players
[01:28:33] [Server thread/INFO]: Saving worlds
[01:28:33] [Server thread/INFO]: Saving chunks for level 'ServerLevel[Epic survival world]'/minecraft:overworld
[01:28:33] [Server thread/INFO]: Saving chunks for level 'ServerLevel[Epic survival world]'/minecraft:the_end
[01:28:33] [Server thread/INFO]: Saving chunks for level 'ServerLevel[Epic survival world]'/minecraft:the_nether
[01:28:33] [Server thread/INFO]: ThreadedAnvilChunkStorage (Epic survival world): All chunks are saved
[01:28:33] [Server thread/INFO]: ThreadedAnvilChunkStorage (DIM1): All chunks are saved
[01:28:33] [Server thread/INFO]: ThreadedAnvilChunkStorage (DIM-1): All chunks are saved
[01:28:33] [Server thread/INFO]: ThreadedAnvilChunkStorage: All dimensions are saved
[01:28:33] [Render thread/INFO]: Stopping worker threads
[01:28:35] [Render thread/INFO]: Loaded 7 recipes
[01:28:35] [Render thread/INFO]: Loaded 1271 advancements
[01:28:36] [Render thread/INFO]: Applied 0 biome modifications to 0 of 64 new biomes in 225.4 ?s
[01:28:36] [Server thread/INFO]: Starting integrated minecraft server version 1.20.4
[01:28:36] [Server thread/INFO]: Generating keypair
[01:28:36] [Server thread/INFO]: Preparing start region for dimension minecraft:overworld
[01:28:36] [Render thread/INFO]: Preparing spawn area: 0%
[01:28:36] [Render thread/INFO]: Preparing spawn area: 0%
[01:28:37] [Render thread/INFO]: Preparing spawn area: 20%
[01:28:37] [Render thread/INFO]: Time elapsed: 1412 ms
[01:28:37] [Server thread/INFO]: Changing view distance to 16, from 10
[01:28:37] [Server thread/INFO]: Changing simulation distance to 12, from 0
[01:28:37] [Server thread/INFO]: 16thGarden[local:E:0d0bb6ca] logged in with entity id 198083 at (70.53080689552772, -52.2360845189253, -69.94589959378352)
[01:28:37] [Server thread/INFO]: 16thGarden joined the game
[01:28:37] [Render thread/INFO]: Started 6 worker threads
[01:28:37] [Render thread/INFO]: Using 3 total BufferBuilder caches
[01:28:37] [Render thread/INFO]: Loaded 556 advancements
[01:31:09] [Server thread/INFO]: [16thGarden: Set the target tick rate to 200.0 per second]
[01:31:09] [Render thread/INFO]: [System] [CHAT] Set the target tick rate to 200.0 per second
[01:31:18] [Server thread/INFO]: [16thGarden: Set the target tick rate to 20.0 per second]
[01:31:18] [Render thread/INFO]: [System] [CHAT] Set the target tick rate to 20.0 per second
[01:32:00] [Server thread/INFO]: Saving and pausing game...
[01:32:00] [Server thread/INFO]: Saving chunks for level 'ServerLevel[testing]'/minecraft:overworld
[01:32:00] [Server thread/INFO]: Saving chunks for level 'ServerLevel[testing]'/minecraft:the_end
[01:32:00] [Server thread/INFO]: Saving chunks for level 'ServerLevel[testing]'/minecraft:the_nether
[01:32:01] [Server thread/INFO]: 16thGarden lost connection: Disconnected
[01:32:01] [Server thread/INFO]: 16thGarden left the game
[01:32:01] [Server thread/INFO]: Stopping singleplayer server as player logged out
[01:32:01] [Server thread/INFO]: Stopping server
[01:32:01] [Server thread/INFO]: Saving players
[01:32:01] [Server thread/INFO]: Saving worlds
[01:32:01] [Server thread/INFO]: Saving chunks for level 'ServerLevel[testing]'/minecraft:overworld
[01:32:01] [Server thread/INFO]: Saving chunks for level 'ServerLevel[testing]'/minecraft:the_end
[01:32:01] [Server thread/INFO]: Saving chunks for level 'ServerLevel[testing]'/minecraft:the_nether
[01:32:01] [Server thread/INFO]: ThreadedAnvilChunkStorage (New World (1)): All chunks are saved
[01:32:01] [Server thread/INFO]: ThreadedAnvilChunkStorage (DIM1): All chunks are saved
[01:32:01] [Server thread/INFO]: ThreadedAnvilChunkStorage (DIM-1): All chunks are saved
[01:32:01] [Server thread/INFO]: ThreadedAnvilChunkStorage: All dimensions are saved
[01:32:01] [Render thread/INFO]: Stopping worker threads
[01:32:04] [Render thread/INFO]: Loaded 7 recipes
[01:32:04] [Render thread/INFO]: Loaded 1271 advancements
[01:32:04] [Render thread/INFO]: Applied 0 biome modifications to 0 of 64 new biomes in 250.0 ?s
[01:32:04] [Server thread/INFO]: Starting integrated minecraft server version 1.20.4
[01:32:04] [Server thread/INFO]: Generating keypair
[01:32:05] [Server thread/INFO]: Preparing start region for dimension minecraft:overworld
[01:32:06] [Render thread/INFO]: Preparing spawn area: 0%
[01:32:06] [Render thread/INFO]: Preparing spawn area: 0%
[01:32:06] [Render thread/INFO]: Preparing spawn area: 0%
[01:32:07] [Render thread/INFO]: Preparing spawn area: 0%
[01:32:07] [Render thread/INFO]: Preparing spawn area: 4%
[01:32:08] [Server thread/INFO]: Changing view distance to 16, from 10
[01:32:08] [Server thread/INFO]: Changing simulation distance to 12, from 0
[01:32:08] [Render thread/INFO]: Time elapsed: 2450 ms
[01:32:08] [Server thread/INFO]: 16thGarden[local:E:ffbe7cf0] logged in with entity id 198503 at (216.30000001192093, 80.0, -1270.9578363419976)
[01:32:08] [Server thread/INFO]: 16thGarden joined the game
[01:32:08] [Render thread/INFO]: Started 6 worker threads
[01:32:08] [Render thread/INFO]: Using 3 total BufferBuilder caches
[01:32:08] [Render thread/INFO]: Loaded 1068 advancements
[01:35:06] [Server thread/INFO]: Saving and pausing game...
[01:35:06] [Server thread/INFO]: Saving chunks for level 'ServerLevel[Epic survival world]'/minecraft:overworld
[01:35:06] [Server thread/INFO]: Saving chunks for level 'ServerLevel[Epic survival world]'/minecraft:the_end
[01:35:06] [Server thread/INFO]: Saving chunks for level 'ServerLevel[Epic survival world]'/minecraft:the_nether
[01:35:07] [Render thread/INFO]: Using default channel type
[01:35:07] [Render thread/INFO]: Started serving on 58825
[01:35:07] [Render thread/INFO]: [System] [CHAT] Local game hosted on port [58825]
[01:35:18] [Server thread/INFO]: [16thGarden: Set own game mode to Creative Mode]
[01:35:18] [Render thread/INFO]: [System] [CHAT] Set own game mode to Creative Mode
[01:35:41] [Server thread/INFO]: [16thGarden: Set own game mode to Survival Mode]
[01:35:41] [Render thread/INFO]: [System] [CHAT] Set own game mode to Survival Mode
[01:36:41] [Server thread/INFO]: [16thGarden: Set own game mode to Creative Mode]
[01:36:41] [Render thread/INFO]: [System] [CHAT] Set own game mode to Creative Mode
[01:37:44] [Server thread/INFO]: [16thGarden: Set own game mode to Survival Mode]
[01:37:44] [Render thread/INFO]: [System] [CHAT] Set own game mode to Survival Mode
[01:46:06] [Render thread/INFO]: Stopping worker threads
[01:46:06] [Render thread/INFO]: Started 6 worker threads
[01:46:06] [Render thread/INFO]: Stopping worker threads
[01:46:06] [Render thread/INFO]: Started 6 worker threads
[01:46:07] [Render thread/WARN]: Received passengers for unknown entity
[01:46:10] [Render thread/WARN]: Received passengers for unknown entity
[01:46:11] [Render thread/WARN]: Received passengers for unknown entity
[01:49:00] [Render thread/WARN]: Received passengers for unknown entity
[01:49:01] [Render thread/WARN]: Received passengers for unknown entity
[01:49:02] [Render thread/WARN]: Received passengers for unknown entity
[01:49:02] [Render thread/WARN]: Received passengers for unknown entity
[01:49:30] [Render thread/WARN]: Received passengers for unknown entity
[01:51:27] [Render thread/WARN]: Received passengers for unknown entity
[01:51:27] [Render thread/WARN]: Received passengers for unknown entity
[01:51:44] [Render thread/WARN]: Received passengers for unknown entity
[01:51:56] [Render thread/INFO]: Stopping worker threads
[01:51:56] [Render thread/INFO]: Started 6 worker threads
[01:51:56] [Render thread/INFO]: Stopping worker threads
[01:51:56] [Render thread/INFO]: Started 6 worker threads
[01:52:59] [Render thread/INFO]: [System] [CHAT] [Debug]: Hitboxes: shown
[01:53:28] [Essential Thread 13/WARN]: Connection closed unexpectedly (CloseInfo(code=4500, reason=SERVER_KEEP_ALIVE_TIMEOUT, remote=false, outdated=false)) after 28m 34.271366100s
[01:53:28] [Render thread/INFO]: Authenticating to Mojang as 16thGarden (dc0548c7-2c22-450e-91f5-2a17cfde2a12)
[01:53:29] [DefaultDispatcher-worker-11/INFO]: Connecting to Essential Connection Manager...
[01:53:31] [WebSocketConnectReadThread-1029/INFO]: Connected to Essential Connection Manager.
[01:56:36] [Render thread/INFO]: Stopping worker threads
[01:56:36] [Render thread/INFO]: Started 6 worker threads
[01:56:36] [Render thread/INFO]: Stopping worker threads
[01:56:36] [Render thread/INFO]: Started 6 worker threads
[01:56:43] [Render thread/INFO]: Stopping worker threads
[01:56:43] [Render thread/INFO]: Started 6 worker threads
[01:56:43] [Render thread/INFO]: Stopping worker threads
[01:56:43] [Render thread/INFO]: Started 6 worker threads
[01:56:48] [Render thread/INFO]: [System] [CHAT] [Debug]: Hitboxes: hidden
[01:57:36] [Render thread/INFO]: Stopping worker threads
[01:57:36] [Render thread/INFO]: Started 6 worker threads
[01:57:36] [Render thread/INFO]: Stopping worker threads
[01:57:36] [Render thread/INFO]: Started 6 worker threads
[01:57:45] [Render thread/WARN]: Received passengers for unknown entity
[01:57:45] [Render thread/WARN]: Received passengers for unknown entity
[01:57:45] [Render thread/WARN]: Received passengers for unknown entity
[01:57:45] [Render thread/WARN]: Received passengers for unknown entity
[01:58:03] [Render thread/INFO]: Stopping worker threads
[01:58:03] [Render thread/INFO]: Started 6 worker threads
[01:58:03] [Render thread/INFO]: Stopping worker threads
[01:58:03] [Render thread/INFO]: Started 6 worker threads
[01:58:10] [Render thread/WARN]: Unable to play empty soundEvent: minecraft:entity.cod.ambient
[01:58:19] [Render thread/INFO]: Stopping worker threads
[01:58:19] [Render thread/INFO]: Started 6 worker threads
[01:58:19] [Render thread/INFO]: Stopping worker threads
[01:58:19] [Render thread/INFO]: Started 6 worker threads
[01:58:44] [Render thread/INFO]: Stopping worker threads
[01:58:44] [Render thread/INFO]: Started 6 worker threads
[01:58:44] [Render thread/INFO]: Stopping worker threads
[01:58:44] [Render thread/INFO]: Started 6 worker threads
[01:59:48] [Server thread/WARN]: 16thGarden moved wrongly!
[02:01:26] [Server thread/WARN]: 16thGarden moved wrongly!
[02:02:02] [Server thread/WARN]: 16thGarden moved wrongly!
[02:05:32] [Render thread/INFO]: Stopping worker threads
[02:05:32] [Render thread/INFO]: Started 6 worker threads
[02:05:32] [Render thread/INFO]: Stopping worker threads
[02:05:32] [Render thread/INFO]: Started 6 worker threads
[02:05:35] [Render thread/WARN]: Received passengers for unknown entity
[02:05:35] [Render thread/WARN]: Received passengers for unknown entity
[02:05:58] [Render thread/INFO]: Stopping worker threads
[02:05:58] [Render thread/INFO]: Started 6 worker threads
[02:05:58] [Render thread/INFO]: Stopping worker threads
[02:05:58] [Render thread/INFO]: Started 6 worker threads
[02:08:02] [Server thread/WARN]: 16thGarden moved wrongly!
[02:10:08] [Render thread/INFO]: Stopping worker threads
[02:10:08] [Render thread/INFO]: Started 6 worker threads
[02:10:08] [Render thread/INFO]: Stopping worker threads
[02:10:08] [Render thread/INFO]: Started 6 worker threads
[02:10:09] [Render thread/WARN]: Received passengers for unknown entity
[02:10:22] [Render thread/INFO]: Stopping worker threads
[02:10:22] [Render thread/INFO]: Started 6 worker threads
[02:10:22] [Render thread/INFO]: Stopping worker threads
[02:10:22] [Render thread/INFO]: Started 6 worker threads
[02:17:12] [Server thread/WARN]: 16thGarden moved wrongly!
[02:18:44] [Server thread/WARN]: 16thGarden moved wrongly!
[02:27:28] [Essential Thread 15/WARN]: Connection closed unexpectedly (CloseInfo(code=4500, reason=SERVER_KEEP_ALIVE_TIMEOUT, remote=false, outdated=false)) after 33m 56.834518400s
[02:27:28] [Render thread/INFO]: Authenticating to Mojang as 16thGarden (dc0548c7-2c22-450e-91f5-2a17cfde2a12)
[02:27:29] [DefaultDispatcher-worker-11/INFO]: Connecting to Essential Connection Manager...
[02:27:31] [WebSocketConnectReadThread-1223/INFO]: Connected to Essential Connection Manager.
[02:31:12] [Render thread/INFO]: [System] [CHAT] Respawn point set
[02:33:32] [Render thread/INFO]: Stopping worker threads
[02:33:32] [Render thread/INFO]: Started 6 worker threads
[02:33:32] [Render thread/INFO]: Stopping worker threads
[02:33:32] [Render thread/INFO]: Started 6 worker threads
[02:33:34] [Render thread/WARN]: Received passengers for unknown entity
[02:33:41] [Render thread/INFO]: Stopping worker threads
[02:33:41] [Render thread/INFO]: Started 6 worker threads
[02:33:41] [Render thread/INFO]: Stopping worker threads
[02:33:41] [Render thread/INFO]: Started 6 worker threads
[02:34:09] [Render thread/INFO]: Stopping worker threads
[02:34:09] [Render thread/INFO]: Started 6 worker threads
[02:34:09] [Render thread/INFO]: Stopping worker threads
[02:34:09] [Render thread/INFO]: Started 6 worker threads
[02:34:10] [Render thread/WARN]: Received passengers for unknown entity
[02:34:16] [Render thread/WARN]: Received passengers for unknown entity
[02:34:45] [Render thread/INFO]: Stopping worker threads
[02:34:45] [Render thread/INFO]: Started 6 worker threads
[02:34:45] [Render thread/INFO]: Stopping worker threads
[02:34:45] [Render thread/INFO]: Started 6 worker threads
[02:34:47] [Render thread/INFO]: Stopping worker threads
[02:34:47] [Render thread/INFO]: Started 6 worker threads
[02:34:47] [Render thread/INFO]: Stopping worker threads
[02:34:47] [Render thread/INFO]: Started 6 worker threads
[02:35:08] [Worker-Main-10/INFO]: Bot[local] logged in with entity id 258473 at (181.48285569820763, 105.0, -1295.699999988079)
[02:35:08] [Worker-Main-10/INFO]: Bot joined the game
[02:35:08] [Render thread/INFO]: [System] [CHAT] Bot joined the game
[02:35:14] [Render thread/INFO]: [System] [CHAT] You have no home bed or charged respawn anchor, or it was obstructed
[02:35:14] [Render thread/INFO]: Stopping worker threads
[02:35:14] [Render thread/INFO]: Started 6 worker threads
[02:35:14] [Render thread/INFO]: Stopping worker threads
[02:35:14] [Render thread/INFO]: Started 6 worker threads
[02:55:51] [Render thread/INFO]: Stopping worker threads
[02:55:51] [Render thread/INFO]: Started 6 worker threads
[02:55:51] [Render thread/INFO]: Stopping worker threads
[02:55:51] [Render thread/INFO]: Started 6 worker threads
[02:56:09] [Render thread/INFO]: Stopping worker threads
[02:56:09] [Render thread/INFO]: Started 6 worker threads
[02:56:09] [Render thread/INFO]: Stopping worker threads
[02:56:09] [Render thread/INFO]: Started 6 worker threads
[02:56:59] [Render thread/INFO]: Stopping worker threads
[02:56:59] [Render thread/INFO]: Started 6 worker threads
[02:56:59] [Render thread/INFO]: Stopping worker threads
[02:56:59] [Render thread/INFO]: Started 6 worker threads
[02:57:00] [Render thread/WARN]: Received passengers for unknown entity
[02:57:02] [Render thread/WARN]: Received passengers for unknown entity
[02:57:12] [Render thread/INFO]: Stopping worker threads
[02:57:12] [Render thread/INFO]: Started 6 worker threads
[02:57:12] [Render thread/INFO]: Stopping worker threads
[02:57:12] [Render thread/INFO]: Started 6 worker threads
[03:08:22] [Render thread/INFO]: [System] [CHAT] Respawn point set
[03:09:35] [Render thread/INFO]: Stopping worker threads
[03:09:35] [Render thread/INFO]: Started 6 worker threads
[03:09:35] [Render thread/INFO]: Stopping worker threads
[03:09:35] [Render thread/INFO]: Started 6 worker threads
[03:09:36] [Render thread/WARN]: Received passengers for unknown entity
[03:09:49] [Render thread/INFO]: Stopping worker threads
[03:09:49] [Render thread/INFO]: Started 6 worker threads
[03:09:49] [Render thread/INFO]: Stopping worker threads
[03:09:49] [Render thread/INFO]: Started 6 worker threads
[03:11:53] [Render thread/INFO]: Stopping worker threads
[03:11:53] [Render thread/INFO]: Started 6 worker threads
[03:11:53] [Render thread/INFO]: Stopping worker threads
[03:11:53] [Render thread/INFO]: Started 6 worker threads
[03:12:00] [Render thread/WARN]: Received passengers for unknown entity
[03:12:13] [Render thread/INFO]: Stopping worker threads
[03:12:13] [Render thread/INFO]: Started 6 worker threads
[03:12:13] [Render thread/INFO]: Stopping worker threads
[03:12:13] [Render thread/INFO]: Started 6 worker threads
[03:21:19] [Render thread/ERROR]: Error saving option Brightness: DynamicException[Value 16.0 outside of range [0.0:1.0] Optional[16.0]]
[03:21:19] [Render thread/WARN]: Pack file/coffee totem declared support for versions [16, 22] but declared main format is 9, defaulting to 9
[03:21:19] [Render thread/WARN]: Failed to load icon from pack file/Identifiable Powdered Snow Minecraft Modder
java.io.IOException: Bad PNG Signature
	at net.minecraft.class_8800.method_54945(class_8800.java:44) ~[client-intermediary.jar:?]
	at net.minecraft.class_1011.method_4303(class_1011.java:135) ~[client-intermediary.jar:?]
	at net.minecraft.class_1011.method_4310(class_1011.java:107) ~[client-intermediary.jar:?]
	at net.minecraft.class_1011.method_4309(class_1011.java:98) ~[client-intermediary.jar:?]
	at net.minecraft.class_5375.method_30289(class_5375.java:289) ~[client-intermediary.jar:?]
	at net.minecraft.class_5375.method_30288(class_5375.java:300) ~[client-intermediary.jar:?]
	at java.util.HashMap.computeIfAbsent(HashMap.java:1220) ~[?:?]
	at net.minecraft.class_5375.method_30287(class_5375.java:300) ~[client-intermediary.jar:?]
	at net.minecraft.class_5369$class_5372.method_30286(class_5369.java:126) ~[client-intermediary.jar:?]
	at net.minecraft.class_521$class_4271.method_25343(class_521.java:137) ~[client-intermediary.jar:?]
	at net.minecraft.class_350.method_44397(class_350.java:411) ~[client-intermediary.jar:?]
	at net.minecraft.class_350.method_25311(class_350.java:396) ~[client-intermediary.jar:?]
	at net.minecraft.class_350.method_48579(class_350.java:184) ~[client-intermediary.jar:?]
	at net.minecraft.class_339.method_25394(class_339.java:66) ~[client-intermediary.jar:?]
	at net.minecraft.class_437.method_25394(class_437.java:121) ~[client-intermediary.jar:?]
	at net.minecraft.class_5375.method_25394(class_5375.java:182) ~[client-intermediary.jar:?]
	at net.minecraft.class_437.method_47413(class_437.java:110) ~[client-intermediary.jar:?]
	at net.minecraft.class_757.mixinextras$bridge$method_47413$201(class_757.java) ~[client-intermediary.jar:?]
	at net.minecraft.class_757.wrapOperation$bgd000$fabric-screen-api-v1$onRenderScreen(class_757.java:2111) ~[client-intermediary.jar:?]
	at net.minecraft.class_757.method_3192(class_757.java:931) ~[client-intermediary.jar:?]
	at net.minecraft.class_310.method_1523(class_310.java:1327) ~[client-intermediary.jar:?]
	at net.minecraft.class_310.method_1514(class_310.java:888) ~[client-intermediary.jar:?]
	at net.minecraft.client.main.Main.main(Main.java:265) ~[fabric-loader-0.15.7-1.20.4.jar:?]
	at net.fabricmc.loader.impl.game.minecraft.MinecraftGameProvider.launch(MinecraftGameProvider.java:470) ~[fabric-loader-0.15.7.jar:?]
	at net.fabricmc.loader.impl.launch.knot.Knot.launch(Knot.java:74) ~[fabric-loader-0.15.7.jar:?]
	at net.fabricmc.loader.impl.launch.knot.KnotClient.main(KnotClient.java:23) ~[fabric-loader-0.15.7.jar:?]
[03:21:22] [Render thread/ERROR]: Error saving option Brightness: DynamicException[Value 16.0 outside of range [0.0:1.0] Optional[16.0]]
[03:21:22] [Render thread/WARN]: Pack file/coffee totem declared support for versions [16, 22] but declared main format is 9, defaulting to 9
[03:21:22] [Render thread/INFO]: Reloading ResourceManager: vanilla, fabric, advanced-xray-fabric, appleskin, carpet, citresewn, citresewn-defaults, cloth-config, entityculling, essential, essential-container, essential-loader, fabric-api, fabric-api-base, fabric-api-lookup-api-v1, fabric-biome-api-v1, fabric-block-api-v1, fabric-block-view-api-v2, fabric-blockrenderlayer-v1, fabric-client-tags-api-v1, fabric-command-api-v1, fabric-command-api-v2, fabric-commands-v0, fabric-containers-v0, fabric-content-registries-v0, fabric-convention-tags-v1, fabric-crash-report-info-v1, fabric-data-attachment-api-v1, fabric-data-generation-api-v1, fabric-dimensions-v1, fabric-entity-events-v1, fabric-events-interaction-v0, fabric-events-lifecycle-v0, fabric-game-rule-api-v1, fabric-item-api-v1, fabric-item-group-api-v1, fabric-key-binding-api-v1, fabric-keybindings-v0, fabric-language-kotlin, fabric-lifecycle-events-v1, fabric-loot-api-v2, fabric-message-api-v1, fabric-mining-level-api-v1, fabric-model-loading-api-v1, fabric-models-v0, fabric-networking-api-v1, fabric-object-builder-api-v1, fabric-particles-v1, fabric-recipe-api-v1, fabric-registry-sync-v0, fabric-renderer-api-v1, fabric-renderer-indigo, fabric-renderer-registries-v1, fabric-rendering-data-attachment-v1, fabric-rendering-fluids-v1, fabric-rendering-v0, fabric-rendering-v1, fabric-resource-conditions-api-v1, fabric-resource-loader-v0, fabric-screen-api-v1, fabric-screen-handler-api-v1, fabric-sound-api-v1, fabric-transfer-api-v1, fabric-transitive-access-wideners-v1, fabricloader, itemscroller, litematica, lithium, logical_zoom, malilib, minihud, nvidium, sodium, tweakeroo, file/axolotl totem, file/VanillaTweaks_r501868.zip, essential
[03:21:22] [Worker-Main-1/INFO]: Found unifont_all_no_pua-15.1.04.hex, loading
[03:21:24] [Render thread/WARN]: Missing sound for event: minecraft:item.goat_horn.play
[03:21:24] [Render thread/WARN]: Missing sound for event: minecraft:entity.goat.screaming.horn_break
[03:21:24] [Render thread/WARN]: Missing sound for event: minecraft:entity.generic.wind_burst
[03:21:24] [Render thread/INFO]: OpenAL initialized on device OpenAL Soft on Speakers (Razer Kraken Kitty Edition)
[03:21:24] [Render thread/INFO]: Sound engine started
[03:21:24] [Render thread/INFO]: Created: 2048x1024x4 minecraft:textures/atlas/blocks.png-atlas
[03:21:24] [Render thread/INFO]: Created: 512x512x4 minecraft:textures/atlas/signs.png-atlas
[03:21:24] [Render thread/INFO]: Created: 1024x1024x4 minecraft:textures/atlas/shield_patterns.png-atlas
[03:21:24] [Render thread/INFO]: Created: 1024x1024x4 minecraft:textures/atlas/banner_patterns.png-atlas
[03:21:24] [Render thread/INFO]: Created: 2048x2048x4 minecraft:textures/atlas/armor_trims.png-atlas
[03:21:24] [Render thread/INFO]: Created: 256x128x4 minecraft:textures/atlas/decorated_pot.png-atlas
[03:21:24] [Render thread/INFO]: Created: 512x512x4 minecraft:textures/atlas/chest.png-atlas
[03:21:24] [Render thread/INFO]: Created: 1024x512x4 minecraft:textures/atlas/shulker_boxes.png-atlas
[03:21:24] [Render thread/INFO]: Created: 1024x512x4 minecraft:textures/atlas/beds.png-atlas
[03:21:24] [Render thread/WARN]: Shader rendertype_entity_translucent_emissive could not find sampler named Sampler2 in the specified shader program.
[03:21:24] [Render thread/INFO]: Created: 1024x512x0 minecraft:textures/atlas/particles.png-atlas
[03:21:24] [Render thread/INFO]: Created: 512x512x0 minecraft:textures/atlas/paintings.png-atlas
[03:21:24] [Render thread/INFO]: Created: 256x256x0 minecraft:textures/atlas/mob_effects.png-atlas
[03:21:24] [Render thread/INFO]: Created: 2048x1024x0 minecraft:textures/atlas/gui.png-atlas
[03:21:24] [Render thread/INFO]: Stopping worker threads
[03:21:24] [Render thread/INFO]: Started 6 worker threads
[03:21:31] [Render thread/ERROR]: Error saving option Brightness: DynamicException[Value 16.0 outside of range [0.0:1.0] Optional[16.0]]
[03:22:23] [Render thread/WARN]: Unable to play empty soundEvent: minecraft:entity.tropical_fish.ambient
[03:24:47] [Render thread/ERROR]: Error saving option Brightness: DynamicException[Value 16.0 outside of range [0.0:1.0] Optional[16.0]]
[03:24:47] [Render thread/WARN]: Pack file/coffee totem declared support for versions [16, 22] but declared main format is 9, defaulting to 9
[03:24:47] [Render thread/WARN]: Failed to load icon from pack file/Identifiable Powdered Snow Minecraft Modder
java.io.IOException: Bad PNG Signature
	at net.minecraft.class_8800.method_54945(class_8800.java:44) ~[client-intermediary.jar:?]
	at net.minecraft.class_1011.method_4303(class_1011.java:135) ~[client-intermediary.jar:?]
	at net.minecraft.class_1011.method_4310(class_1011.java:107) ~[client-intermediary.jar:?]
	at net.minecraft.class_1011.method_4309(class_1011.java:98) ~[client-intermediary.jar:?]
	at net.minecraft.class_5375.method_30289(class_5375.java:289) ~[client-intermediary.jar:?]
	at net.minecraft.class_5375.method_30288(class_5375.java:300) ~[client-intermediary.jar:?]
	at java.util.HashMap.computeIfAbsent(HashMap.java:1220) ~[?:?]
	at net.minecraft.class_5375.method_30287(class_5375.java:300) ~[client-intermediary.jar:?]
	at net.minecraft.class_5369$class_5372.method_30286(class_5369.java:126) ~[client-intermediary.jar:?]
	at net.minecraft.class_521$class_4271.method_25343(class_521.java:137) ~[client-intermediary.jar:?]
	at net.minecraft.class_350.method_44397(class_350.java:411) ~[client-intermediary.jar:?]
	at net.minecraft.class_350.method_25311(class_350.java:396) ~[client-intermediary.jar:?]
	at net.minecraft.class_350.method_48579(class_350.java:184) ~[client-intermediary.jar:?]
	at net.minecraft.class_339.method_25394(class_339.java:66) ~[client-intermediary.jar:?]
	at net.minecraft.class_437.method_25394(class_437.java:121) ~[client-intermediary.jar:?]
	at net.minecraft.class_5375.method_25394(class_5375.java:182) ~[client-intermediary.jar:?]
	at net.minecraft.class_437.method_47413(class_437.java:110) ~[client-intermediary.jar:?]
	at net.minecraft.class_757.mixinextras$bridge$method_47413$201(class_757.java) ~[client-intermediary.jar:?]
	at net.minecraft.class_757.wrapOperation$bgd000$fabric-screen-api-v1$onRenderScreen(class_757.java:2111) ~[client-intermediary.jar:?]
	at net.minecraft.class_757.method_3192(class_757.java:931) ~[client-intermediary.jar:?]
	at net.minecraft.class_310.method_1523(class_310.java:1327) ~[client-intermediary.jar:?]
	at net.minecraft.class_310.method_1514(class_310.java:888) ~[client-intermediary.jar:?]
	at net.minecraft.client.main.Main.main(Main.java:265) ~[fabric-loader-0.15.7-1.20.4.jar:?]
	at net.fabricmc.loader.impl.game.minecraft.MinecraftGameProvider.launch(MinecraftGameProvider.java:470) ~[fabric-loader-0.15.7.jar:?]
	at net.fabricmc.loader.impl.launch.knot.Knot.launch(Knot.java:74) ~[fabric-loader-0.15.7.jar:?]
	at net.fabricmc.loader.impl.launch.knot.KnotClient.main(KnotClient.java:23) ~[fabric-loader-0.15.7.jar:?]
[03:24:52] [Render thread/WARN]: Pack file/coffee totem declared support for versions [16, 22] but declared main format is 9, defaulting to 9
[03:24:52] [Render thread/WARN]: Failed to load icon from pack file/Identifiable Powdered Snow Minecraft Modder
java.io.IOException: Bad PNG Signature
	at net.minecraft.class_8800.method_54945(class_8800.java:44) ~[client-intermediary.jar:?]
	at net.minecraft.class_1011.method_4303(class_1011.java:135) ~[client-intermediary.jar:?]
	at net.minecraft.class_1011.method_4310(class_1011.java:107) ~[client-intermediary.jar:?]
	at net.minecraft.class_1011.method_4309(class_1011.java:98) ~[client-intermediary.jar:?]
	at net.minecraft.class_5375.method_30289(class_5375.java:289) ~[client-intermediary.jar:?]
	at net.minecraft.class_5375.method_30288(class_5375.java:300) ~[client-intermediary.jar:?]
	at java.util.HashMap.computeIfAbsent(HashMap.java:1220) ~[?:?]
	at net.minecraft.class_5375.method_30287(class_5375.java:300) ~[client-intermediary.jar:?]
	at net.minecraft.class_5369$class_5372.method_30286(class_5369.java:126) ~[client-intermediary.jar:?]
	at net.minecraft.class_521$class_4271.method_25343(class_521.java:137) ~[client-intermediary.jar:?]
	at net.minecraft.class_350.method_44397(class_350.java:411) ~[client-intermediary.jar:?]
	at net.minecraft.class_350.method_25311(class_350.java:396) ~[client-intermediary.jar:?]
	at net.minecraft.class_350.method_48579(class_350.java:184) ~[client-intermediary.jar:?]
	at net.minecraft.class_339.method_25394(class_339.java:66) ~[client-intermediary.jar:?]
	at net.minecraft.class_437.method_25394(class_437.java:121) ~[client-intermediary.jar:?]
	at net.minecraft.class_5375.method_25394(class_5375.java:182) ~[client-intermediary.jar:?]
	at net.minecraft.class_437.method_47413(class_437.java:110) ~[client-intermediary.jar:?]
	at net.minecraft.class_757.mixinextras$bridge$method_47413$201(class_757.java) ~[client-intermediary.jar:?]
	at net.minecraft.class_757.wrapOperation$bgd000$fabric-screen-api-v1$onRenderScreen(class_757.java:2111) ~[client-intermediary.jar:?]
	at net.minecraft.class_757.method_3192(class_757.java:931) ~[client-intermediary.jar:?]
	at net.minecraft.class_310.method_1523(class_310.java:1327) ~[client-intermediary.jar:?]
	at net.minecraft.class_310.method_1514(class_310.java:888) ~[client-intermediary.jar:?]
	at net.minecraft.client.main.Main.main(Main.java:265) ~[fabric-loader-0.15.7-1.20.4.jar:?]
	at net.fabricmc.loader.impl.game.minecraft.MinecraftGameProvider.launch(MinecraftGameProvider.java:470) ~[fabric-loader-0.15.7.jar:?]
	at net.fabricmc.loader.impl.launch.knot.Knot.launch(Knot.java:74) ~[fabric-loader-0.15.7.jar:?]
	at net.fabricmc.loader.impl.launch.knot.KnotClient.main(KnotClient.java:23) ~[fabric-loader-0.15.7.jar:?]
[03:24:58] [Render thread/ERROR]: Error saving option Brightness: DynamicException[Value 16.0 outside of range [0.0:1.0] Optional[16.0]]
[03:24:58] [Render thread/WARN]: Pack file/coffee totem declared support for versions [16, 22] but declared main format is 9, defaulting to 9
[03:24:58] [Render thread/INFO]: Reloading ResourceManager: vanilla, fabric, advanced-xray-fabric, appleskin, carpet, citresewn, citresewn-defaults, cloth-config, entityculling, essential, essential-container, essential-loader, fabric-api, fabric-api-base, fabric-api-lookup-api-v1, fabric-biome-api-v1, fabric-block-api-v1, fabric-block-view-api-v2, fabric-blockrenderlayer-v1, fabric-client-tags-api-v1, fabric-command-api-v1, fabric-command-api-v2, fabric-commands-v0, fabric-containers-v0, fabric-content-registries-v0, fabric-convention-tags-v1, fabric-crash-report-info-v1, fabric-data-attachment-api-v1, fabric-data-generation-api-v1, fabric-dimensions-v1, fabric-entity-events-v1, fabric-events-interaction-v0, fabric-events-lifecycle-v0, fabric-game-rule-api-v1, fabric-item-api-v1, fabric-item-group-api-v1, fabric-key-binding-api-v1, fabric-keybindings-v0, fabric-language-kotlin, fabric-lifecycle-events-v1, fabric-loot-api-v2, fabric-message-api-v1, fabric-mining-level-api-v1, fabric-model-loading-api-v1, fabric-models-v0, fabric-networking-api-v1, fabric-object-builder-api-v1, fabric-particles-v1, fabric-recipe-api-v1, fabric-registry-sync-v0, fabric-renderer-api-v1, fabric-renderer-indigo, fabric-renderer-registries-v1, fabric-rendering-data-attachment-v1, fabric-rendering-fluids-v1, fabric-rendering-v0, fabric-rendering-v1, fabric-resource-conditions-api-v1, fabric-resource-loader-v0, fabric-screen-api-v1, fabric-screen-handler-api-v1, fabric-sound-api-v1, fabric-transfer-api-v1, fabric-transitive-access-wideners-v1, fabricloader, itemscroller, litematica, lithium, logical_zoom, malilib, minihud, nvidium, sodium, tweakeroo, file/Faithful 64x - Release 3.zip, file/VanillaTweaks_r501868.zip, essential
[03:24:58] [Worker-Main-5/INFO]: Found unifont_all_no_pua-15.1.04.hex, loading
[03:24:59] [Render thread/WARN]: Missing sound for event: minecraft:item.goat_horn.play
[03:24:59] [Render thread/WARN]: Missing sound for event: minecraft:entity.goat.screaming.horn_break
[03:24:59] [Render thread/WARN]: Missing sound for event: minecraft:entity.generic.wind_burst
[03:25:00] [Render thread/INFO]: OpenAL initialized on device OpenAL Soft on Speakers (Razer Kraken Kitty Edition)
[03:25:00] [Render thread/INFO]: Sound engine started
[03:25:00] [Render thread/INFO]: Created: 4096x2048x4 minecraft:textures/atlas/blocks.png-atlas
[03:25:00] [Render thread/INFO]: Created: 1024x1024x4 minecraft:textures/atlas/signs.png-atlas
[03:25:00] [Render thread/INFO]: Created: 2048x2048x4 minecraft:textures/atlas/shield_patterns.png-atlas
[03:25:00] [Render thread/INFO]: Created: 2048x2048x4 minecraft:textures/atlas/banner_patterns.png-atlas
[03:25:00] [Render thread/INFO]: Created: 4096x4096x4 minecraft:textures/atlas/armor_trims.png-atlas
[03:25:00] [Render thread/INFO]: Created: 512x256x4 minecraft:textures/atlas/decorated_pot.png-atlas
[03:25:00] [Render thread/INFO]: Created: 1024x1024x4 minecraft:textures/atlas/chest.png-atlas
[03:25:00] [Render thread/INFO]: Created: 2048x1024x4 minecraft:textures/atlas/shulker_boxes.png-atlas
[03:25:00] [Render thread/INFO]: Created: 2048x1024x4 minecraft:textures/atlas/beds.png-atlas
[03:25:00] [Render thread/WARN]: Shader rendertype_entity_translucent_emissive could not find sampler named Sampler2 in the specified shader program.
[03:25:00] [Render thread/INFO]: Created: 1024x1024x0 minecraft:textures/atlas/particles.png-atlas
[03:25:00] [Render thread/INFO]: Created: 1024x1024x0 minecraft:textures/atlas/paintings.png-atlas
[03:25:00] [Render thread/INFO]: Created: 512x512x0 minecraft:textures/atlas/mob_effects.png-atlas
[03:25:00] [Render thread/INFO]: Created: 4096x2048x0 minecraft:textures/atlas/gui.png-atlas
[03:25:00] [Render thread/INFO]: Stopping worker threads
[03:25:00] [Render thread/INFO]: Started 6 worker threads
[03:25:03] [Render thread/ERROR]: Error saving option Brightness: DynamicException[Value 16.0 outside of range [0.0:1.0] Optional[16.0]]
[03:39:23] [Render thread/INFO]: Stopping worker threads
[03:39:23] [Render thread/INFO]: Started 6 worker threads
[03:39:23] [Render thread/INFO]: Stopping worker threads
[03:39:24] [Render thread/INFO]: Started 6 worker threads
[03:39:24] [Render thread/WARN]: Received passengers for unknown entity
[03:39:52] [Render thread/WARN]: Received passengers for unknown entity
[03:39:58] [Render thread/INFO]: Stopping worker threads
[03:39:58] [Render thread/INFO]: Started 6 worker threads
[03:39:58] [Render thread/INFO]: Stopping worker threads
[03:39:58] [Render thread/INFO]: Started 6 worker threads
[03:40:00] [Render thread/INFO]: Stopping worker threads
[03:40:01] [Render thread/INFO]: Started 6 worker threads
[03:40:01] [Render thread/INFO]: Stopping worker threads
[03:40:01] [Render thread/INFO]: Started 6 worker threads
[03:40:09] [Render thread/INFO]: Stopping worker threads
[03:40:09] [Render thread/INFO]: Started 6 worker threads
[03:40:10] [Render thread/INFO]: Stopping worker threads
[03:40:10] [Render thread/INFO]: Started 6 worker threads
[03:40:19] [Render thread/INFO]: Stopping worker threads
[03:40:19] [Render thread/INFO]: Started 6 worker threads
[03:40:19] [Render thread/INFO]: Stopping worker threads
[03:40:19] [Render thread/INFO]: Started 6 worker threads
[03:40:35] [Render thread/INFO]: Stopping worker threads
[03:40:35] [Render thread/INFO]: Started 6 worker threads
[03:40:35] [Render thread/INFO]: Stopping worker threads
[03:40:35] [Render thread/INFO]: Started 6 worker threads
[03:41:08] [Server thread/INFO]: [16thGarden: Player bot is already logged on]
[03:41:08] [Render thread/INFO]: [System] [CHAT] Player bot is already logged on
[03:41:13] [Server thread/INFO]: Bot lost connection: Killed
[03:41:13] [Server thread/INFO]: Bot left the game
[03:41:13] [Render thread/INFO]: [System] [CHAT] Bot left the game
[03:41:15] [Worker-Main-1/INFO]: Bot[local] logged in with entity id 530249 at (3.250850825792309, 56.0, 0.4578685055893047)
[03:41:15] [Worker-Main-1/INFO]: Bot joined the game
[03:41:15] [Render thread/INFO]: [System] [CHAT] Bot joined the game
[03:41:30] [Server thread/WARN]: 16thGarden moved wrongly!
[04:05:42] [WebSocketConnectReadThread-1223/WARN]: Connection closed unexpectedly (CloseInfo(code=1006, reason=, remote=true, outdated=false)) after 1h 38m 10.190695800s
[04:05:42] [Render thread/INFO]: Authenticating to Mojang as 16thGarden (dc0548c7-2c22-450e-91f5-2a17cfde2a12)
[04:05:42] [DefaultDispatcher-worker-8/INFO]: Connecting to Essential Connection Manager...
[04:05:45] [WebSocketConnectReadThread-1639/INFO]: Connected to Essential Connection Manager.
[05:46:57] [Essential Thread 17/WARN]: Connection closed unexpectedly (CloseInfo(code=4500, reason=SERVER_KEEP_ALIVE_TIMEOUT, remote=false, outdated=false)) after 1h 41m 12.600985900s
[05:46:57] [Render thread/INFO]: Authenticating to Mojang as 16thGarden (dc0548c7-2c22-450e-91f5-2a17cfde2a12)
[05:46:58] [DefaultDispatcher-worker-12/INFO]: Connecting to Essential Connection Manager...
[05:46:58] [WebSocketConnectReadThread-1673/INFO]: Connected to Essential Connection Manager.
[07:20:46] [Essential Thread 16/WARN]: Connection closed unexpectedly (CloseInfo(code=4500, reason=SERVER_KEEP_ALIVE_TIMEOUT, remote=false, outdated=false)) after 1h 33m 47.250305100s
[07:20:46] [Render thread/INFO]: Authenticating to Mojang as 16thGarden (dc0548c7-2c22-450e-91f5-2a17cfde2a12)
[07:20:46] [DefaultDispatcher-worker-2/INFO]: Connecting to Essential Connection Manager...
[07:20:49] [WebSocketConnectReadThread-1705/INFO]: Connected to Essential Connection Manager.
[07:21:39] [WebSocketConnectReadThread-1705/WARN]: Connection closed unexpectedly (CloseInfo(code=1006, reason=, remote=true, outdated=false)) after 50.817527900s
[07:21:39] [Render thread/INFO]: Authenticating to Mojang as 16thGarden (dc0548c7-2c22-450e-91f5-2a17cfde2a12)
[07:21:40] [DefaultDispatcher-worker-5/INFO]: Connecting to Essential Connection Manager...
[07:21:40] [WebSocketConnectReadThread-1732/INFO]: Connected to Essential Connection Manager.
[09:39:40] [WebSocketConnectReadThread-1732/WARN]: Connection closed unexpectedly (CloseInfo(code=1006, reason=, remote=true, outdated=false)) after 2h 18m 0.133060900s
[09:39:40] [Render thread/INFO]: Authenticating to Mojang as 16thGarden (dc0548c7-2c22-450e-91f5-2a17cfde2a12)
[09:39:41] [DefaultDispatcher-worker-5/INFO]: Connecting to Essential Connection Manager...
[09:39:43] [WebSocketConnectReadThread-1745/INFO]: Connected to Essential Connection Manager.
[11:10:17] [Server thread/INFO]: Bot lost connection: Killed
[11:10:17] [Server thread/INFO]: Bot left the game
[11:10:17] [Render thread/INFO]: [System] [CHAT] Bot left the game
[11:24:03] [Essential Thread 14/WARN]: Connection closed unexpectedly (CloseInfo(code=4500, reason=SERVER_KEEP_ALIVE_TIMEOUT, remote=false, outdated=false)) after 1h 44m 19.780362200s
[11:24:03] [Render thread/INFO]: Authenticating to Mojang as 16thGarden (dc0548c7-2c22-450e-91f5-2a17cfde2a12)
[11:24:03] [DefaultDispatcher-worker-9/INFO]: Connecting to Essential Connection Manager...
[11:24:04] [WebSocketConnectReadThread-1785/INFO]: Connected to Essential Connection Manager.
[11:44:07] [Render thread/INFO]: Stopping worker threads
[11:44:07] [Render thread/INFO]: Started 6 worker threads
[11:44:07] [Render thread/INFO]: Stopping worker threads
[11:44:07] [Render thread/INFO]: Started 6 worker threads
[11:44:55] [Sound engine/ERROR]: Stop: Invalid name parameter.
[11:44:55] [Render thread/INFO]: Stopping worker threads
[11:44:55] [Render thread/INFO]: Started 6 worker threads
[11:44:55] [Render thread/INFO]: Stopping worker threads
[11:44:55] [Render thread/INFO]: Started 6 worker threads
[11:47:48] [Render thread/INFO]: Stopping worker threads
[11:47:48] [Render thread/INFO]: Started 6 worker threads
[11:47:48] [Render thread/INFO]: Stopping worker threads
[11:47:48] [Render thread/INFO]: Started 6 worker threads
[11:48:21] [Server thread/WARN]: Mismatch in destroy block pos: class_2338{x=23, y=118, z=-161} class_2338{x=23, y=120, z=-161}
[11:49:01] [Render thread/WARN]: Received passengers for unknown entity
[11:49:02] [Render thread/WARN]: Received passengers for unknown entity
[11:49:53] [Render thread/WARN]: Received passengers for unknown entity
[11:49:53] [Render thread/WARN]: Received passengers for unknown entity
[11:50:48] [Render thread/WARN]: Received passengers for unknown entity
[11:50:48] [Render thread/WARN]: Received passengers for unknown entity
[11:52:24] [Server thread/WARN]: Mismatch in destroy block pos: class_2338{x=-5, y=118, z=-138} class_2338{x=21, y=117, z=-161}
[11:52:24] [Server thread/WARN]: Mismatch in destroy block pos: class_2338{x=-5, y=118, z=-138} class_2338{x=21, y=117, z=-161}
[11:52:24] [Server thread/WARN]: Mismatch in destroy block pos: class_2338{x=-5, y=118, z=-138} class_2338{x=21, y=117, z=-161}
[11:52:24] [Server thread/WARN]: Mismatch in destroy block pos: class_2338{x=-5, y=118, z=-138} class_2338{x=21, y=117, z=-161}
[11:52:24] [Server thread/WARN]: Mismatch in destroy block pos: class_2338{x=-5, y=118, z=-138} class_2338{x=21, y=117, z=-161}
[11:52:24] [Server thread/WARN]: Mismatch in destroy block pos: class_2338{x=-5, y=118, z=-138} class_2338{x=21, y=117, z=-161}
[11:52:35] [Render thread/WARN]: Received passengers for unknown entity
[11:52:35] [Render thread/WARN]: Received passengers for unknown entity
[11:58:27] [Render thread/INFO]: Stopping worker threads
[11:58:27] [Render thread/INFO]: Started 6 worker threads
[11:58:27] [Render thread/INFO]: Stopping worker threads
[11:58:27] [Render thread/INFO]: Started 6 worker threads
[11:58:52] [Render thread/INFO]: Stopping worker threads
[11:58:52] [Render thread/INFO]: Started 6 worker threads
[11:58:52] [Render thread/INFO]: Stopping worker threads
[11:58:52] [Render thread/INFO]: Started 6 worker threads
[11:58:52] [Render thread/WARN]: Received passengers for unknown entity
[11:59:58] [Render thread/WARN]: Received passengers for unknown entity
[12:00:02] [Render thread/WARN]: Received passengers for unknown entity
[12:00:02] [Render thread/WARN]: Received passengers for unknown entity
[12:01:09] [Render thread/WARN]: Received passengers for unknown entity
[12:01:17] [Render thread/WARN]: Received passengers for unknown entity
[12:01:18] [Render thread/WARN]: Received passengers for unknown entity
[12:01:18] [Render thread/WARN]: Received passengers for unknown entity
[12:01:53] [Render thread/WARN]: Received passengers for unknown entity
[12:01:54] [Render thread/WARN]: Received passengers for unknown entity
[12:01:54] [Render thread/WARN]: Received passengers for unknown entity
[12:02:48] [Render thread/WARN]: Received passengers for unknown entity
[12:02:51] [Render thread/WARN]: Received passengers for unknown entity
[12:02:51] [Render thread/WARN]: Received passengers for unknown entity
[12:02:53] [Render thread/WARN]: Received passengers for unknown entity
[12:02:54] [Render thread/WARN]: Received passengers for unknown entity
[12:04:18] [Render thread/WARN]: Received passengers for unknown entity
[12:04:19] [Render thread/WARN]: Received passengers for unknown entity
[12:04:19] [Render thread/WARN]: Received passengers for unknown entity
[12:05:12] [Render thread/WARN]: Received passengers for unknown entity
[12:05:13] [Render thread/WARN]: Received passengers for unknown entity
[12:05:13] [Render thread/WARN]: Received passengers for unknown entity
[12:05:54] [Render thread/WARN]: Received passengers for unknown entity
[12:05:57] [Render thread/WARN]: Received passengers for unknown entity
[12:05:57] [Render thread/WARN]: Received passengers for unknown entity
[12:13:23] [Render thread/WARN]: Received passengers for unknown entity
[12:13:23] [Render thread/WARN]: Received passengers for unknown entity
[12:16:02] [Server thread/INFO]: 16thGarden lost connection: Disconnected
[12:16:02] [Server thread/INFO]: 16thGarden left the game
[12:16:03] [Server thread/INFO]: Stopping singleplayer server as player logged out
[12:16:03] [Server thread/INFO]: Stopping server
[12:16:03] [Server thread/INFO]: Saving players
[12:16:03] [Server thread/INFO]: Saving worlds
[12:16:03] [Server thread/INFO]: Saving chunks for level 'ServerLevel[Epic survival world]'/minecraft:overworld
[12:16:03] [Server thread/INFO]: Saving chunks for level 'ServerLevel[Epic survival world]'/minecraft:the_end
[12:16:03] [Server thread/INFO]: Saving chunks for level 'ServerLevel[Epic survival world]'/minecraft:the_nether
[12:16:03] [Server thread/INFO]: ThreadedAnvilChunkStorage (Epic survival world): All chunks are saved
[12:16:03] [Server thread/INFO]: ThreadedAnvilChunkStorage (DIM1): All chunks are saved
[12:16:03] [Server thread/INFO]: ThreadedAnvilChunkStorage (DIM-1): All chunks are saved
[12:16:03] [Server thread/INFO]: ThreadedAnvilChunkStorage: All dimensions are saved
[12:16:03] [Render thread/INFO]: Stopping worker threads
[12:16:09] [Render thread/INFO]: Stopping!
[12:16:09] [CullThread/INFO]: [STDOUT]: Shutting down culling task!
