[19:22:23] [main/INFO]: Loading Minecraft 1.20.4 with Fabric Loader 0.15.7
[19:22:24] [main/WARN]: Warnings were found!
 - Mod 'CIT Resewn' (citresewn) 1.1.4+1.20.4 recommends any version of modmenu, which is missing!
	 - You should install any version of modmenu for the optimal experience.
[19:22:24] [main/INFO]: Loading 74 mods:
	- advanced-xray-fabric 84.0.0
	- appleskin 2.5.1+mc1.20.3
	   \-- cloth-config 13.0.114
	        \-- cloth-basic-math 0.6.1
	- carpet 1.4.128+v231205
	- citresewn 1.1.4+1.20.4
	   \-- citresewn-defaults 1.1.4+1.20.4
	- entityculling 1.6.3.1
	- essential-container 1.0.0
	   \-- essential-loader 1.2.1
	- fabric-api 0.96.4+1.20.4
	   |-- fabric-api-base 0.4.36+78d798af4f
	   |-- fabric-api-lookup-api-v1 1.6.49+82b1bb3e4f
	   |-- fabric-biome-api-v1 13.0.16+78d798af4f
	   |-- fabric-block-api-v1 1.0.16+3e2216cb4f
	   |-- fabric-block-view-api-v2 1.0.4+78d798af4f
	   |-- fabric-blockrenderlayer-v1 1.1.46+78d798af4f
	   |-- fabric-client-tags-api-v1 1.1.7+78d798af4f
	   |-- fabric-command-api-v1 1.2.41+f71b366f4f
	   |-- fabric-command-api-v2 2.2.20+78d798af4f
	   |-- fabric-commands-v0 0.2.58+df3654b34f
	   |-- fabric-containers-v0 0.1.86+df3654b34f
	   |-- fabric-content-registries-v0 5.0.14+78d798af4f
	   |-- fabric-convention-tags-v1 1.5.10+78d798af4f
	   |-- fabric-crash-report-info-v1 0.2.23+78d798af4f
	   |-- fabric-data-attachment-api-v1 1.1.3+b90db5744f
	   |-- fabric-data-generation-api-v1 13.2.3+5c0133444f
	   |-- fabric-dimensions-v1 2.1.61+78d798af4f
	   |-- fabric-entity-events-v1 1.6.1+09fc25014f
	   |-- fabric-events-interaction-v0 0.7.1+389931eb4f
	   |-- fabric-events-lifecycle-v0 0.2.74+df3654b34f
	   |-- fabric-game-rule-api-v1 1.0.46+78d798af4f
	   |-- fabric-item-api-v1 2.2.0+d6f2b0844f
	   |-- fabric-item-group-api-v1 4.0.25+58f8c0124f
	   |-- fabric-key-binding-api-v1 1.0.41+78d798af4f
	   |-- fabric-keybindings-v0 0.2.39+df3654b34f
	   |-- fabric-lifecycle-events-v1 2.3.0+a67ffb5d4f
	   |-- fabric-loot-api-v2 2.1.8+78d798af4f
	   |-- fabric-message-api-v1 6.0.5+78d798af4f
	   |-- fabric-mining-level-api-v1 2.1.64+78d798af4f
	   |-- fabric-model-loading-api-v1 1.0.8+78d798af4f
	   |-- fabric-models-v0 0.4.7+9386d8a74f
	   |-- fabric-networking-api-v1 3.1.7+2e5ac5484f
	   |-- fabric-object-builder-api-v1 13.0.13+080016e44f
	   |-- fabric-particles-v1 1.1.7+78d798af4f
	   |-- fabric-recipe-api-v1 2.0.20+78d798af4f
	   |-- fabric-registry-sync-v0 4.0.19+58f8c0124f
	   |-- fabric-renderer-api-v1 3.2.4+78d798af4f
	   |-- fabric-renderer-indigo 1.5.4+78d798af4f
	   |-- fabric-renderer-registries-v1 3.2.53+df3654b34f
	   |-- fabric-rendering-data-attachment-v1 0.3.42+73761d2e4f
	   |-- fabric-rendering-fluids-v1 3.1.1+e761c6694f
	   |-- fabric-rendering-v0 1.1.56+df3654b34f
	   |-- fabric-rendering-v1 3.2.0+6fd945a04f
	   |-- fabric-resource-conditions-api-v1 2.3.14+78d798af4f
	   |-- fabric-resource-loader-v0 0.11.19+58f8c0124f
	   |-- fabric-screen-api-v1 2.0.17+78d798af4f
	   |-- fabric-screen-handler-api-v1 1.3.55+78d798af4f
	   |-- fabric-sound-api-v1 1.0.17+78d798af4f
	   |-- fabric-transfer-api-v1 4.0.11+e84342304f
	   \-- fabric-transitive-access-wideners-v1 5.0.14+78d798af4f
	- fabricloader 0.15.7
	   \-- mixinextras 0.3.5
	- java 17
	- litematica 0.17.0
	- lithium 0.12.1
	- logical_zoom 0.0.22
	- malilib 0.18.1
	- minecraft 1.20.4
	- minihud 0.30.2
	- nvidium 0.2.6-beta
	- rebind_narrator 2.0.2
	- sodium 0.5.8+mc1.20.4
	- tweakeroo 0.19.2
[19:22:24] [main/INFO]: SpongePowered MIXIN Subsystem Version=0.8.5 Source=file:/C:/Users/Miguel%20Leyesa/AppData/Roaming/.minecraft/libraries/net/fabricmc/sponge-mixin/0.12.5+mixin.0.8.5/sponge-mixin-0.12.5+mixin.0.8.5.jar Service=Knot/Fabric Env=CLIENT
[19:22:24] [main/INFO]: Compatibility level set to JAVA_17
[19:22:24] [main/INFO]: Loaded configuration file for Lithium: 129 options available, 0 override(s) found
[19:22:24] [main/INFO]: Loaded configuration file for Sodium: 42 options available, 0 override(s) found
[19:22:28] [main/WARN]: Found newer Essential Loader (stage2) version 1.6.0 [stable], skipping at user request
[19:22:28] [main/INFO]: Starting Essential Loader (stage2) version 1.4.1+fabric-1.20.4 (9cbd42842e1a0f4db9463ba79962010f) [stable]
[19:22:29] [main/INFO]: Starting Essential v1.3.1.3 (#88238d7752) [stable]
[19:22:29] [main/INFO]: Java: OpenJDK 64-Bit Server VM (v17.0.8) by Microsoft (Microsoft)
[19:22:29] [main/INFO]: Java Path: C:\Users\Miguel Leyesa\AppData\Local\Packages\Microsoft.4297127D64EC6_8wekyb3d8bbwe\LocalCache\Local\runtime\java-runtime-gamma\windows-x64\java-runtime-gamma\bin
[19:22:29] [main/INFO]: Java Info: mixed mode
[19:22:29] [main/INFO]: JVM Arguments: 
  - -XX:HeapDumpPath=MojangTricksIntelDriversForPerformance_javaw.exe_minecraft.exe.heapdump
  - -Djava.library.path=C:\Users\Miguel Leyesa\AppData\Roaming\.minecraft\bin\cc9d3839148d498f98557594755fb8ae999dc26b
  - -Djna.tmpdir=C:\Users\Miguel Leyesa\AppData\Roaming\.minecraft\bin\cc9d3839148d498f98557594755fb8ae999dc26b
  - -Dorg.lwjgl.system.SharedLibraryExtractPath=C:\Users\Miguel Leyesa\AppData\Roaming\.minecraft\bin\cc9d3839148d498f98557594755fb8ae999dc26b
  - -Dio.netty.native.workdir=C:\Users\Miguel Leyesa\AppData\Roaming\.minecraft\bin\cc9d3839148d498f98557594755fb8ae999dc26b
  - -Dminecraft.launcher.brand=minecraft-launcher
  - -Dminecraft.launcher.version=2.21.26
  - -DFabricMcEmu= net.minecraft.client.main.Main 
  - -Xmx4G
  - -XX:+UnlockExperimentalVMOptions
  - -XX:+UseG1GC
  - -XX:G1NewSizePercent=20
  - -XX:G1ReservePercent=20
  - -XX:MaxGCPauseMillis=50
  - -XX:G1HeapRegionSize=32M
  - -Dlog4j.configurationFile=C:\Users\Miguel Leyesa\AppData\Roaming\.minecraft\assets\log_configs\client-1.12.xml
[19:22:29] [main/INFO]: OS: Windows 11 (v10.0) (Arch: amd64)
[19:22:29] [main/INFO]: Searching for graphics cards...
[19:22:29] [main/INFO]: Initializing MixinExtras via com.llamalad7.mixinextras.service.MixinExtrasServiceImpl(version=0.3.5).
[19:22:30] [main/INFO]: Found graphics card: GraphicsAdapterInfo[vendor=NVIDIA, name=NVIDIA GeForce RTX 3050 Laptop GPU, version=DriverVersion=31.0.15.4629]
[19:22:30] [main/INFO]: Found graphics card: GraphicsAdapterInfo[vendor=INTEL, name=Intel(R) UHD Graphics, version=DriverVersion=30.0.100.9864]
[19:22:30] [main/WARN]: Sodium has applied one or more workarounds to prevent crashes or other issues on your system: [NVIDIA_THREADED_OPTIMIZATIONS]
[19:22:30] [main/WARN]: This is not necessarily an issue, but it may result in certain features or optimizations being disabled. You can sometimes fix these issues by upgrading your graphics driver.
[19:22:34] [main/WARN]: @ModifyConstant conflict. Skipping mixins.tweakeroo.json:MixinStructureBlockBlockEntity from mod tweakeroo->@ModifyConstant::overrideMaxSize(I)I with priority 999, already redirected by carpet.mixins.json:StructureBlockEntity_limitsMixin from mod carpet->@ModifyConstant::negativeLimit(I)I with priority 1000
[19:22:34] [main/WARN]: @ModifyConstant conflict. Skipping mixins.tweakeroo.json:MixinStructureBlockBlockEntity from mod tweakeroo->@ModifyConstant::overrideMaxSize(I)I with priority 999, already redirected by carpet.mixins.json:StructureBlockEntity_limitsMixin from mod carpet->@ModifyConstant::positiveLimit(I)I with priority 1000
[19:22:34] [main/WARN]: @ModifyConstant conflict. Skipping mixins.tweakeroo.json:MixinStructureBlockBlockEntity from mod tweakeroo->@ModifyConstant::overrideMaxSize(I)I with priority 999, already redirected by carpet.mixins.json:StructureBlockEntity_limitsMixin from mod carpet->@ModifyConstant::negativeLimit(I)I with priority 1000
[19:22:34] [main/WARN]: @ModifyConstant conflict. Skipping mixins.tweakeroo.json:MixinStructureBlockBlockEntity from mod tweakeroo->@ModifyConstant::overrideMaxSize(I)I with priority 999, already redirected by carpet.mixins.json:StructureBlockEntity_limitsMixin from mod carpet->@ModifyConstant::positiveLimit(I)I with priority 1000
[19:22:34] [main/WARN]: @ModifyConstant conflict. Skipping mixins.tweakeroo.json:MixinStructureBlockBlockEntity from mod tweakeroo->@ModifyConstant::overrideMaxSize(I)I with priority 999, already redirected by carpet.mixins.json:StructureBlockEntity_limitsMixin from mod carpet->@ModifyConstant::negativeLimit(I)I with priority 1000
[19:22:34] [main/WARN]: @ModifyConstant conflict. Skipping mixins.tweakeroo.json:MixinStructureBlockBlockEntity from mod tweakeroo->@ModifyConstant::overrideMaxSize(I)I with priority 999, already redirected by carpet.mixins.json:StructureBlockEntity_limitsMixin from mod carpet->@ModifyConstant::positiveLimit(I)I with priority 1000
[19:22:34] [main/WARN]: @ModifyConstant conflict. Skipping mixins.tweakeroo.json:MixinStructureBlockBlockEntity from mod tweakeroo->@ModifyConstant::overrideMaxSize(I)I with priority 999, already redirected by carpet.mixins.json:StructureBlockEntity_limitsMixin from mod carpet->@ModifyConstant::positiveLimit(I)I with priority 1000
[19:22:34] [main/WARN]: @ModifyConstant conflict. Skipping mixins.tweakeroo.json:MixinStructureBlockBlockEntity from mod tweakeroo->@ModifyConstant::overrideMaxSize(I)I with priority 999, already redirected by carpet.mixins.json:StructureBlockEntity_limitsMixin from mod carpet->@ModifyConstant::positiveLimit(I)I with priority 1000
[19:22:34] [main/WARN]: @ModifyConstant conflict. Skipping mixins.tweakeroo.json:MixinStructureBlockBlockEntity from mod tweakeroo->@ModifyConstant::overrideMaxSize(I)I with priority 999, already redirected by carpet.mixins.json:StructureBlockEntity_limitsMixin from mod carpet->@ModifyConstant::positiveLimit(I)I with priority 1000
[19:22:36] [Datafixer Bootstrap/INFO]: 198 Datafixer optimizations took 181 milliseconds
[19:22:39] [Render thread/INFO]: Environment: Environment[sessionHost=https://sessionserver.mojang.com, servicesHost=https://api.minecraftservices.com, name=PROD]
[19:22:39] [Render thread/INFO]: Setting user: 16thGarden
[19:22:40] [Render thread/INFO]: Starting DI!
[19:22:40] [Render thread/INFO]: Authenticating to Mojang as 16thGarden (dc0548c7-2c22-450e-91f5-2a17cfde2a12)
[19:22:40] [DefaultDispatcher-worker-1/INFO]: Connecting to Essential Connection Manager...
[19:22:40] [DefaultDispatcher-worker-1/INFO]: Using Default JreDnsResolver
[19:22:40] [DefaultDispatcher-worker-1/INFO]: Using Default JreSocketFactory
[19:22:40] [Render thread/INFO]: XRay mod has been initialized
[19:22:40] [Render thread/INFO]: [citresewn] Registering CIT Conditions
[19:22:40] [Render thread/INFO]: [citresewn] Registering CIT Types
[19:22:40] [Render thread/INFO]: [Indigo] Different rendering plugin detected; not applying Indigo.
[19:22:41] [WebSocketConnectReadThread-74/INFO]: Connected to Essential Connection Manager.
[19:22:41] [Render thread/INFO]: OptiFine not detected.
[19:22:41] [Render thread/INFO]: Backend library: LWJGL version 3.3.2-snapshot
[19:22:41] [Render thread/WARN]: Applying workaround: Prevent the NVIDIA OpenGL driver from using broken optimizations (NVIDIA_THREADED_OPTIMIZATIONS)
[19:22:41] [Render thread/INFO]: All capabilities met
[19:22:41] [Render thread/INFO]: Enabling Nvidium
[19:22:41] [Render thread/INFO]: OpenGL Vendor: NVIDIA Corporation
[19:22:41] [Render thread/INFO]: OpenGL Renderer: NVIDIA GeForce RTX 3050 Laptop GPU/PCIe/SSE2
[19:22:41] [Render thread/INFO]: OpenGL Version: 3.2.0 NVIDIA 546.29
[19:22:42] [Render thread/WARN]: Pack file/coffee totem declared support for versions [16, 22] but declared main format is 9, defaulting to 9
[19:22:42] [ForkJoinPool.commonPool-worker-1/INFO]: [STDERR]: org.objectweb.asm.tree.analysis.AnalyzerException: Error at instruction 137: Trying to set an inexistant local variable 9
[19:22:42] [ForkJoinPool.commonPool-worker-1/INFO]: [STDERR]: 	at org.objectweb.asm.tree.analysis.Analyzer.analyze(Analyzer.java:279)
[19:22:42] [ForkJoinPool.commonPool-worker-1/INFO]: [STDERR]: 	at org.spongepowered.asm.util.Locals.generateLocalVariableTable(Locals.java:859)
[19:22:42] [ForkJoinPool.commonPool-worker-1/INFO]: [STDERR]: 	at org.spongepowered.asm.util.Locals.getGeneratedLocalVariableTable(Locals.java:828)
[19:22:42] [ForkJoinPool.commonPool-worker-1/INFO]: [STDERR]: 	at org.spongepowered.asm.util.Locals.getLocalVariableAt(Locals.java:782)
[19:22:42] [ForkJoinPool.commonPool-worker-1/INFO]: [STDERR]: 	at org.spongepowered.asm.util.Locals.getLocalVariableAt(Locals.java:752)
[19:22:42] [ForkJoinPool.commonPool-worker-1/INFO]: [STDERR]: 	at org.spongepowered.asm.util.Locals.getLocalsAt(Locals.java:529)
[19:22:42] [ForkJoinPool.commonPool-worker-1/INFO]: [STDERR]: 	at org.spongepowered.asm.util.Locals.getLocalsAt(Locals.java:336)
[19:22:42] [ForkJoinPool.commonPool-worker-1/INFO]: [STDERR]: 	at org.spongepowered.asm.mixin.injection.modify.LocalVariableDiscriminator$Context.initLocals(LocalVariableDiscriminator.java:154)
[19:22:42] [ForkJoinPool.commonPool-worker-1/INFO]: [STDERR]: 	at org.spongepowered.asm.mixin.injection.modify.LocalVariableDiscriminator$Context.<init>(LocalVariableDiscriminator.java:148)
[19:22:42] [ForkJoinPool.commonPool-worker-1/INFO]: [STDERR]: 	at org.spongepowered.asm.mixin.injection.modify.ModifyVariableInjector$Context.<init>(ModifyVariableInjector.java:71)
[19:22:42] [ForkJoinPool.commonPool-worker-1/INFO]: [STDERR]: 	at org.spongepowered.asm.mixin.injection.modify.ModifyVariableInjector.preInject(ModifyVariableInjector.java:159)
[19:22:42] [ForkJoinPool.commonPool-worker-1/INFO]: [STDERR]: 	at org.spongepowered.asm.mixin.injection.code.Injector.preInject(Injector.java:258)
[19:22:42] [ForkJoinPool.commonPool-worker-1/INFO]: [STDERR]: 	at org.spongepowered.asm.mixin.injection.struct.InjectionInfo.preInject(InjectionInfo.java:436)
[19:22:42] [ForkJoinPool.commonPool-worker-1/INFO]: [STDERR]: 	at org.spongepowered.asm.mixin.transformer.MixinTargetContext.applyInjections(MixinTargetContext.java:1370)
[19:22:42] [ForkJoinPool.commonPool-worker-1/INFO]: [STDERR]: 	at org.spongepowered.asm.mixin.transformer.MixinApplicatorStandard.applyInjections(MixinApplicatorStandard.java:1062)
[19:22:42] [ForkJoinPool.commonPool-worker-1/INFO]: [STDERR]: 	at org.spongepowered.asm.mixin.transformer.MixinApplicatorStandard.applyMixin(MixinApplicatorStandard.java:402)
[19:22:42] [ForkJoinPool.commonPool-worker-1/INFO]: [STDERR]: 	at org.spongepowered.asm.mixin.transformer.MixinApplicatorStandard.apply(MixinApplicatorStandard.java:327)
[19:22:42] [ForkJoinPool.commonPool-worker-1/INFO]: [STDERR]: 	at org.spongepowered.asm.mixin.transformer.TargetClassContext.apply(TargetClassContext.java:421)
[19:22:42] [ForkJoinPool.commonPool-worker-1/INFO]: [STDERR]: 	at org.spongepowered.asm.mixin.transformer.TargetClassContext.applyMixins(TargetClassContext.java:403)
[19:22:42] [ForkJoinPool.commonPool-worker-1/INFO]: [STDERR]: 	at org.spongepowered.asm.mixin.transformer.MixinProcessor.applyMixins(MixinProcessor.java:363)
[19:22:42] [ForkJoinPool.commonPool-worker-1/INFO]: [STDERR]: 	at org.spongepowered.asm.mixin.transformer.MixinTransformer.transformClass(MixinTransformer.java:234)
[19:22:42] [ForkJoinPool.commonPool-worker-1/INFO]: [STDERR]: 	at org.spongepowered.asm.mixin.transformer.MixinTransformer.transformClassBytes(MixinTransformer.java:202)
[19:22:42] [ForkJoinPool.commonPool-worker-1/INFO]: [STDERR]: 	at net.fabricmc.loader.impl.launch.knot.KnotClassDelegate.getPostMixinClassByteArray(KnotClassDelegate.java:422)
[19:22:42] [ForkJoinPool.commonPool-worker-1/INFO]: [STDERR]: 	at net.fabricmc.loader.impl.launch.knot.KnotClassDelegate.tryLoadClass(KnotClassDelegate.java:323)
[19:22:42] [ForkJoinPool.commonPool-worker-1/INFO]: [STDERR]: 	at net.fabricmc.loader.impl.launch.knot.KnotClassDelegate.loadClass(KnotClassDelegate.java:218)
[19:22:42] [ForkJoinPool.commonPool-worker-1/INFO]: [STDERR]: 	at net.fabricmc.loader.impl.launch.knot.KnotClassLoader.loadClass(KnotClassLoader.java:119)
[19:22:42] [ForkJoinPool.commonPool-worker-1/INFO]: [STDERR]: 	at java.base/java.lang.ClassLoader.loadClass(ClassLoader.java:525)
[19:22:42] [ForkJoinPool.commonPool-worker-1/INFO]: [STDERR]: 	at gg.essential.universal.UGraphics.<clinit>(UGraphics.java:774)
[19:22:42] [ForkJoinPool.commonPool-worker-1/INFO]: [STDERR]: 	at gg.essential.elementa.components.UIImage._init_$lambda-1(UIImage.kt:60)
[19:22:42] [ForkJoinPool.commonPool-worker-1/INFO]: [STDERR]: 	at java.base/java.util.concurrent.CompletableFuture$UniAccept.tryFire(CompletableFuture.java:718)
[19:22:42] [ForkJoinPool.commonPool-worker-1/INFO]: [STDERR]: 	at java.base/java.util.concurrent.CompletableFuture$Completion.exec(CompletableFuture.java:483)
[19:22:42] [ForkJoinPool.commonPool-worker-1/INFO]: [STDERR]: 	at java.base/java.util.concurrent.ForkJoinTask.doExec(ForkJoinTask.java:373)
[19:22:42] [ForkJoinPool.commonPool-worker-1/INFO]: [STDERR]: 	at java.base/java.util.concurrent.ForkJoinPool$WorkQueue.topLevelExec(ForkJoinPool.java:1182)
[19:22:42] [ForkJoinPool.commonPool-worker-1/INFO]: [STDERR]: 	at java.base/java.util.concurrent.ForkJoinPool.scan(ForkJoinPool.java:1655)
[19:22:42] [ForkJoinPool.commonPool-worker-1/INFO]: [STDERR]: 	at java.base/java.util.concurrent.ForkJoinPool.runWorker(ForkJoinPool.java:1622)
[19:22:42] [ForkJoinPool.commonPool-worker-1/INFO]: [STDERR]: 	at java.base/java.util.concurrent.ForkJoinWorkerThread.run(ForkJoinWorkerThread.java:165)
[19:22:42] [ForkJoinPool.commonPool-worker-1/INFO]: [STDERR]: Caused by: java.lang.IndexOutOfBoundsException: Trying to set an inexistant local variable 9
[19:22:42] [ForkJoinPool.commonPool-worker-1/INFO]: [STDERR]: 	at org.objectweb.asm.tree.analysis.Frame.setLocal(Frame.java:208)
[19:22:42] [ForkJoinPool.commonPool-worker-1/INFO]: [STDERR]: 	at org.objectweb.asm.tree.analysis.Frame.execute(Frame.java:337)
[19:22:42] [ForkJoinPool.commonPool-worker-1/INFO]: [STDERR]: 	at org.objectweb.asm.tree.analysis.Analyzer.analyze(Analyzer.java:171)
[19:22:42] [ForkJoinPool.commonPool-worker-1/INFO]: [STDERR]: 	... 35 more
[19:22:43] [Render thread/INFO]: Reloading ResourceManager: vanilla, fabric, advanced-xray-fabric, appleskin, carpet, citresewn, citresewn-defaults, cloth-config, entityculling, essential, essential-container, essential-loader, fabric-api, fabric-api-base, fabric-api-lookup-api-v1, fabric-biome-api-v1, fabric-block-api-v1, fabric-block-view-api-v2, fabric-blockrenderlayer-v1, fabric-client-tags-api-v1, fabric-command-api-v1, fabric-command-api-v2, fabric-commands-v0, fabric-containers-v0, fabric-content-registries-v0, fabric-convention-tags-v1, fabric-crash-report-info-v1, fabric-data-attachment-api-v1, fabric-data-generation-api-v1, fabric-dimensions-v1, fabric-entity-events-v1, fabric-events-interaction-v0, fabric-events-lifecycle-v0, fabric-game-rule-api-v1, fabric-item-api-v1, fabric-item-group-api-v1, fabric-key-binding-api-v1, fabric-keybindings-v0, fabric-language-kotlin, fabric-lifecycle-events-v1, fabric-loot-api-v2, fabric-message-api-v1, fabric-mining-level-api-v1, fabric-model-loading-api-v1, fabric-models-v0, fabric-networking-api-v1, fabric-object-builder-api-v1, fabric-particles-v1, fabric-recipe-api-v1, fabric-registry-sync-v0, fabric-renderer-api-v1, fabric-renderer-indigo, fabric-renderer-registries-v1, fabric-rendering-data-attachment-v1, fabric-rendering-fluids-v1, fabric-rendering-v0, fabric-rendering-v1, fabric-resource-conditions-api-v1, fabric-resource-loader-v0, fabric-screen-api-v1, fabric-screen-handler-api-v1, fabric-sound-api-v1, fabric-transfer-api-v1, fabric-transitive-access-wideners-v1, fabricloader, litematica, lithium, logical_zoom, malilib, minihud, nvidium, sodium, tweakeroo, file/Bare Bones 1.20.zip, file/KonciPET UI 1.1 default hunger, file/axolotl totem, essential
[19:22:44] [Worker-Main-2/INFO]: Found unifont_all_no_pua-15.1.04.hex, loading
[19:22:44] [Worker-Main-9/WARN]: Invalid frame index on sprite minecraft:block/lava_still frame 10: 10
[19:22:44] [Worker-Main-4/WARN]: Unused frames in sprite minecraft:entity/conduit/wind: [22, 23, 24, 25, 26, 27, 28, 29, 30, 31]
[19:22:44] [Worker-Main-9/WARN]: Unused frames in sprite minecraft:entity/conduit/wind_vertical: [22, 23, 24, 25, 26, 27, 28, 29, 30, 31]
[19:22:44] [Worker-Main-4/WARN]: Texture minecraft:entity/conduit/open_eye with size 8x8 limits mip level from 4 to 3
[19:22:44] [Worker-Main-4/WARN]: minecraft:textures/atlas/blocks.png: dropping miplevel from 4 to 3, because of minimum power of two: 8
[19:22:44] [Render thread/INFO]: Client started, setting up xray store
[19:22:44] [Worker-Main-1/WARN]: Exception loading blockstate definition: 'minecraft:blockstates/stone.json' in resourcepack: 'file/Bare Bones 1.20.zip' for variant: 'normal': Unknown blockstate property: 'normal'
[19:22:44] [Worker-Main-1/WARN]: Exception loading blockstate definition: 'minecraft:blockstates/dirt.json' in resourcepack: 'file/Bare Bones 1.20.zip' for variant: 'normal': Unknown blockstate property: 'normal'
[19:22:44] [Worker-Main-1/WARN]: Exception loading blockstate definition: 'minecraft:blockstates/sand.json' in resourcepack: 'file/Bare Bones 1.20.zip' for variant: 'normal': Unknown blockstate property: 'normal'
[19:22:44] [Worker-Main-1/WARN]: Exception loading blockstate definition: 'minecraft:blockstates/red_sand.json' in resourcepack: 'file/Bare Bones 1.20.zip' for variant: 'normal': Unknown blockstate property: 'normal'
[19:22:45] [Worker-Main-1/WARN]: Exception loading blockstate definition: 'minecraft:blockstates/white_concrete_powder.json' in resourcepack: 'file/Bare Bones 1.20.zip' for variant: 'normal': Unknown blockstate property: 'normal'
[19:22:45] [Worker-Main-1/WARN]: Exception loading blockstate definition: 'minecraft:blockstates/orange_concrete_powder.json' in resourcepack: 'file/Bare Bones 1.20.zip' for variant: 'normal': Unknown blockstate property: 'normal'
[19:22:45] [Worker-Main-1/WARN]: Exception loading blockstate definition: 'minecraft:blockstates/magenta_concrete_powder.json' in resourcepack: 'file/Bare Bones 1.20.zip' for variant: 'normal': Unknown blockstate property: 'normal'
[19:22:45] [Worker-Main-1/WARN]: Exception loading blockstate definition: 'minecraft:blockstates/light_blue_concrete_powder.json' in resourcepack: 'file/Bare Bones 1.20.zip' for variant: 'normal': Unknown blockstate property: 'normal'
[19:22:45] [Worker-Main-1/WARN]: Exception loading blockstate definition: 'minecraft:blockstates/yellow_concrete_powder.json' in resourcepack: 'file/Bare Bones 1.20.zip' for variant: 'normal': Unknown blockstate property: 'normal'
[19:22:45] [Worker-Main-1/WARN]: Exception loading blockstate definition: 'minecraft:blockstates/lime_concrete_powder.json' in resourcepack: 'file/Bare Bones 1.20.zip' for variant: 'normal': Unknown blockstate property: 'normal'
[19:22:45] [Worker-Main-1/WARN]: Exception loading blockstate definition: 'minecraft:blockstates/pink_concrete_powder.json' in resourcepack: 'file/Bare Bones 1.20.zip' for variant: 'normal': Unknown blockstate property: 'normal'
[19:22:45] [Worker-Main-1/WARN]: Exception loading blockstate definition: 'minecraft:blockstates/gray_concrete_powder.json' in resourcepack: 'file/Bare Bones 1.20.zip' for variant: 'normal': Unknown blockstate property: 'normal'
[19:22:45] [Worker-Main-1/WARN]: Exception loading blockstate definition: 'minecraft:blockstates/cyan_concrete_powder.json' in resourcepack: 'file/Bare Bones 1.20.zip' for variant: 'normal': Unknown blockstate property: 'normal'
[19:22:45] [Worker-Main-1/WARN]: Exception loading blockstate definition: 'minecraft:blockstates/purple_concrete_powder.json' in resourcepack: 'file/Bare Bones 1.20.zip' for variant: 'normal': Unknown blockstate property: 'normal'
[19:22:45] [Worker-Main-1/WARN]: Exception loading blockstate definition: 'minecraft:blockstates/blue_concrete_powder.json' in resourcepack: 'file/Bare Bones 1.20.zip' for variant: 'normal': Unknown blockstate property: 'normal'
[19:22:45] [Worker-Main-1/WARN]: Exception loading blockstate definition: 'minecraft:blockstates/brown_concrete_powder.json' in resourcepack: 'file/Bare Bones 1.20.zip' for variant: 'normal': Unknown blockstate property: 'normal'
[19:22:45] [Worker-Main-1/WARN]: Exception loading blockstate definition: 'minecraft:blockstates/green_concrete_powder.json' in resourcepack: 'file/Bare Bones 1.20.zip' for variant: 'normal': Unknown blockstate property: 'normal'
[19:22:45] [Worker-Main-1/WARN]: Exception loading blockstate definition: 'minecraft:blockstates/red_concrete_powder.json' in resourcepack: 'file/Bare Bones 1.20.zip' for variant: 'normal': Unknown blockstate property: 'normal'
[19:22:45] [Worker-Main-1/WARN]: Exception loading blockstate definition: 'minecraft:blockstates/black_concrete_powder.json' in resourcepack: 'file/Bare Bones 1.20.zip' for variant: 'normal': Unknown blockstate property: 'normal'
[19:22:46] [DefaultDispatcher-worker-11/INFO]: Connected to Discord as starbuckslarge
[19:22:46] [Render thread/WARN]: Missing sound for event: minecraft:item.goat_horn.play
[19:22:46] [Render thread/WARN]: Missing sound for event: minecraft:entity.goat.screaming.horn_break
[19:22:46] [Render thread/WARN]: Missing sound for event: minecraft:entity.generic.wind_burst
[19:22:46] [Render thread/INFO]: OpenAL initialized on device OpenAL Soft on Speakers (Razer Kraken Kitty Edition)
[19:22:46] [Render thread/INFO]: Sound engine started
[19:22:46] [Render thread/INFO]: Created: 512x1024x3 minecraft:textures/atlas/blocks.png-atlas
[19:22:47] [Render thread/INFO]: Created: 256x256x4 minecraft:textures/atlas/signs.png-atlas
[19:22:47] [Render thread/INFO]: Created: 512x512x4 minecraft:textures/atlas/shield_patterns.png-atlas
[19:22:47] [Render thread/INFO]: Created: 512x512x4 minecraft:textures/atlas/banner_patterns.png-atlas
[19:22:47] [Render thread/INFO]: Created: 1024x1024x4 minecraft:textures/atlas/armor_trims.png-atlas
[19:22:47] [Render thread/INFO]: Created: 256x256x4 minecraft:textures/atlas/chest.png-atlas
[19:22:47] [Render thread/INFO]: Created: 128x64x4 minecraft:textures/atlas/decorated_pot.png-atlas
[19:22:47] [Render thread/INFO]: Created: 512x256x4 minecraft:textures/atlas/shulker_boxes.png-atlas
[19:22:47] [Render thread/INFO]: Created: 512x256x4 minecraft:textures/atlas/beds.png-atlas
[19:22:47] [Render thread/WARN]: Shader rendertype_entity_translucent_emissive could not find sampler named Sampler2 in the specified shader program.
[19:22:47] [Render thread/INFO]: Created: 512x256x0 minecraft:textures/atlas/particles.png-atlas
[19:22:47] [Render thread/INFO]: Created: 512x256x0 minecraft:textures/atlas/paintings.png-atlas
[19:22:47] [Render thread/INFO]: Created: 128x128x0 minecraft:textures/atlas/mob_effects.png-atlas
[19:22:47] [Render thread/INFO]: Created: 1024x512x0 minecraft:textures/atlas/gui.png-atlas
[19:22:49] [Render thread/WARN]: Shader cabb2374eda405e66b897908637abd1da5deac52 could not find uniform named subpixel_amount in the specified shader program.
[19:23:06] [Render thread/INFO]: Loaded 7 recipes
[19:23:07] [Render thread/INFO]: Loaded 1271 advancements
[19:23:07] [Render thread/INFO]: Applied 0 biome modifications to 0 of 64 new biomes in 2.051 ms
[19:23:07] [Render thread/WARN]: @Redirect conflict. Skipping mixins.tweakeroo.json:MixinServerPlayNetworkHandler from mod tweakeroo->@Redirect::tweakeroo_removeHitPosCheck(Lnet/minecraft/class_243;Lnet/minecraft/class_243;)Lnet/minecraft/class_243; with priority 1005, already redirected by mixins.litematica.json:MixinServerPlayNetworkHandler from mod litematica->@Redirect::litematica_removeHitPosCheck(Lnet/minecraft/class_243;Lnet/minecraft/class_243;)Lnet/minecraft/class_243; with priority 1010
[19:23:07] [Server thread/INFO]: Starting integrated minecraft server version 1.20.4
[19:23:07] [Server thread/INFO]: Generating keypair
[19:23:09] [Server thread/INFO]: Preparing start region for dimension minecraft:overworld
[19:23:11] [Render thread/INFO]: Preparing spawn area: 0%
[19:23:11] [Render thread/INFO]: Preparing spawn area: 0%
[19:23:11] [Render thread/INFO]: Preparing spawn area: 0%
[19:23:11] [Render thread/INFO]: Preparing spawn area: 0%
[19:23:11] [Render thread/INFO]: Preparing spawn area: 0%
[19:23:11] [Render thread/INFO]: Preparing spawn area: 0%
[19:23:12] [Render thread/INFO]: Preparing spawn area: 0%
[19:23:12] [Render thread/INFO]: Preparing spawn area: 21%
[19:23:12] [Render thread/INFO]: Time elapsed: 3885 ms
[19:23:13] [Server thread/INFO]: Changing view distance to 16, from 10
[19:23:13] [Server thread/INFO]: Changing simulation distance to 12, from 0
[19:23:13] [Server thread/INFO]: 16thGarden[local:E:59fe4c6b] logged in with entity id 219 at (-41.17030554239555, 64.0, 6.217482395131155)
[19:23:13] [Server thread/INFO]: 16thGarden joined the game
[19:23:14] [Render thread/INFO]: Started 6 worker threads
[19:23:14] [Render thread/INFO]: Using 3 total BufferBuilder caches
[19:23:14] [Render thread/WARN]: Unable to read property: west with value: false for blockstate: {Name:"minecraft:cobblestone_wall",Properties:{east:"false",north:"false",south:"false",up:"false",west:"false"}}
[19:23:14] [Render thread/WARN]: Unable to read property: east with value: false for blockstate: {Name:"minecraft:cobblestone_wall",Properties:{east:"false",north:"false",south:"false",up:"false",west:"false"}}
[19:23:14] [Render thread/WARN]: Unable to read property: south with value: false for blockstate: {Name:"minecraft:cobblestone_wall",Properties:{east:"false",north:"false",south:"false",up:"false",west:"false"}}
[19:23:14] [Render thread/WARN]: Unable to read property: north with value: false for blockstate: {Name:"minecraft:cobblestone_wall",Properties:{east:"false",north:"false",south:"false",up:"false",west:"false"}}
[19:23:14] [Render thread/WARN]: Unable to read property: west with value: false for blockstate: {Name:"minecraft:mossy_cobblestone_wall",Properties:{east:"false",north:"false",south:"false",up:"false",west:"false"}}
[19:23:14] [Render thread/WARN]: Unable to read property: east with value: false for blockstate: {Name:"minecraft:mossy_cobblestone_wall",Properties:{east:"false",north:"false",south:"false",up:"false",west:"false"}}
[19:23:14] [Render thread/WARN]: Unable to read property: south with value: false for blockstate: {Name:"minecraft:mossy_cobblestone_wall",Properties:{east:"false",north:"false",south:"false",up:"false",west:"false"}}
[19:23:14] [Render thread/WARN]: Unable to read property: north with value: false for blockstate: {Name:"minecraft:mossy_cobblestone_wall",Properties:{east:"false",north:"false",south:"false",up:"false",west:"false"}}
[19:23:14] [Render thread/INFO]: Loaded 971 advancements
[19:23:15] [Render thread/WARN]: Unable to play empty soundEvent: minecraft:entity.puffer_fish.ambient
[19:23:25] [Render thread/INFO]: [System] [CHAT] [Debug]: Chunk borders: shown
[19:23:28] [Render thread/INFO]: [System] [CHAT] [Debug]: Chunk borders: hidden
[19:24:14] [Render thread/INFO]: Stopping worker threads
[19:24:14] [Server thread/INFO]: Saving and pausing game...
[19:24:14] [Render thread/INFO]: Started 6 worker threads
[19:24:14] [Server thread/INFO]: Saving chunks for level 'ServerLevel[Epic survival world]'/minecraft:overworld
[19:24:14] [Render thread/INFO]: Stopping worker threads
[19:24:14] [Server thread/INFO]: Saving chunks for level 'ServerLevel[Epic survival world]'/minecraft:the_end
[19:24:14] [Server thread/INFO]: Saving chunks for level 'ServerLevel[Epic survival world]'/minecraft:the_nether
[19:24:14] [Render thread/INFO]: Started 6 worker threads
[19:24:59] [Server thread/INFO]: Saving and pausing game...
[19:24:59] [Server thread/INFO]: Saving chunks for level 'ServerLevel[Epic survival world]'/minecraft:overworld
[19:24:59] [Server thread/INFO]: Saving chunks for level 'ServerLevel[Epic survival world]'/minecraft:the_end
[19:24:59] [Server thread/INFO]: Saving chunks for level 'ServerLevel[Epic survival world]'/minecraft:the_nether
[19:30:00] [Server thread/INFO]: Saving and pausing game...
[19:30:00] [Server thread/INFO]: Saving chunks for level 'ServerLevel[Epic survival world]'/minecraft:overworld
[19:30:00] [Server thread/INFO]: Saving chunks for level 'ServerLevel[Epic survival world]'/minecraft:the_end
[19:30:00] [Server thread/INFO]: Saving chunks for level 'ServerLevel[Epic survival world]'/minecraft:the_nether
[19:32:35] [CullThread/INFO]: [STDERR]: java.lang.ArrayIndexOutOfBoundsException: Index 716 out of bounds for length 513
[19:32:35] [CullThread/INFO]: [STDERR]: 	at it.unimi.dsi.fastutil.ints.Int2ObjectLinkedOpenHashMap$MapIterator.nextEntry(Int2ObjectLinkedOpenHashMap.java:1183)
[19:32:35] [CullThread/INFO]: [STDERR]: 	at it.unimi.dsi.fastutil.ints.Int2ObjectLinkedOpenHashMap$ValueIterator.next(Int2ObjectLinkedOpenHashMap.java:1689)
[19:32:35] [CullThread/INFO]: [STDERR]: 	at com.google.common.collect.Iterators$1.next(Iterators.java:146)
[19:32:35] [CullThread/INFO]: [STDERR]: 	at dev.tr7zw.entityculling.CullTask.cullEntities(CullTask.java:90)
[19:32:35] [CullThread/INFO]: [STDERR]: 	at dev.tr7zw.entityculling.CullTask.run(CullTask.java:71)
[19:32:35] [CullThread/INFO]: [STDERR]: 	at java.base/java.lang.Thread.run(Thread.java:833)
[19:33:17] [Render thread/WARN]: Received passengers for unknown entity
[19:33:21] [Render thread/WARN]: Received passengers for unknown entity
[19:33:54] [Render thread/INFO]: [System] [CHAT] [Debug]: Hitboxes: shown
[19:42:29] [Render thread/INFO]: [System] [CHAT] [Debug]: Hitboxes: hidden
[19:47:55] [Server thread/INFO]: Saving and pausing game...
[19:47:55] [Server thread/INFO]: Saving chunks for level 'ServerLevel[Epic survival world]'/minecraft:overworld
[19:47:55] [Server thread/INFO]: Saving chunks for level 'ServerLevel[Epic survival world]'/minecraft:the_end
[19:47:55] [Server thread/INFO]: Saving chunks for level 'ServerLevel[Epic survival world]'/minecraft:the_nether
[19:47:57] [Server thread/INFO]: Saving and pausing game...
[19:47:57] [Server thread/INFO]: Saving chunks for level 'ServerLevel[Epic survival world]'/minecraft:overworld
[19:47:57] [Server thread/INFO]: Saving chunks for level 'ServerLevel[Epic survival world]'/minecraft:the_end
[19:47:57] [Server thread/INFO]: Saving chunks for level 'ServerLevel[Epic survival world]'/minecraft:the_nether
[20:34:38] [WebSocketConnectReadThread-74/WARN]: Connection closed unexpectedly (CloseInfo(code=1006, reason=, remote=true, outdated=false)) after 1h 11m 57.674687400s
[20:34:38] [Render thread/INFO]: Authenticating to Mojang as 16thGarden (dc0548c7-2c22-450e-91f5-2a17cfde2a12)
[20:34:39] [DefaultDispatcher-worker-5/INFO]: Connecting to Essential Connection Manager...
[20:34:39] [WebSocketConnectReadThread-254/INFO]: Connected to Essential Connection Manager.
[21:16:51] [Server thread/INFO]: Saving and pausing game...
[21:16:51] [Server thread/INFO]: Saving chunks for level 'ServerLevel[Epic survival world]'/minecraft:overworld
[21:16:51] [Server thread/INFO]: Saving chunks for level 'ServerLevel[Epic survival world]'/minecraft:the_end
[21:16:51] [Server thread/INFO]: Saving chunks for level 'ServerLevel[Epic survival world]'/minecraft:the_nether
[21:18:16] [Render thread/WARN]: Received passengers for unknown entity
[21:18:23] [Render thread/WARN]: Received passengers for unknown entity
[21:18:33] [Render thread/WARN]: Received passengers for unknown entity
[21:18:52] [Render thread/INFO]: Stopping worker threads
[21:18:52] [Server thread/INFO]: Saving and pausing game...
[21:18:52] [Render thread/INFO]: Started 6 worker threads
[21:18:52] [Server thread/INFO]: Saving chunks for level 'ServerLevel[Epic survival world]'/minecraft:overworld
[21:18:52] [Render thread/INFO]: Stopping worker threads
[21:18:52] [Server thread/INFO]: Saving chunks for level 'ServerLevel[Epic survival world]'/minecraft:the_end
[21:18:52] [Server thread/INFO]: Saving chunks for level 'ServerLevel[Epic survival world]'/minecraft:the_nether
[21:18:52] [Render thread/INFO]: Started 6 worker threads
[21:20:10] [Server thread/INFO]: Saving and pausing game...
[21:20:10] [Server thread/INFO]: Saving chunks for level 'ServerLevel[Epic survival world]'/minecraft:overworld
[21:20:10] [Server thread/INFO]: Saving chunks for level 'ServerLevel[Epic survival world]'/minecraft:the_end
[21:20:10] [Server thread/INFO]: Saving chunks for level 'ServerLevel[Epic survival world]'/minecraft:the_nether
[21:22:06] [Server thread/WARN]: 16thGarden moved wrongly!
[21:25:19] [Render thread/WARN]: Unable to play empty soundEvent: minecraft:entity.cod.ambient
[21:30:28] [Server thread/INFO]: Saving and pausing game...
[21:30:28] [Render thread/INFO]: Stopping worker threads
[21:30:28] [Server thread/INFO]: Saving chunks for level 'ServerLevel[Epic survival world]'/minecraft:overworld
[21:30:28] [Render thread/INFO]: Started 6 worker threads
[21:30:28] [Server thread/INFO]: Saving chunks for level 'ServerLevel[Epic survival world]'/minecraft:the_end
[21:30:28] [Server thread/INFO]: Saving chunks for level 'ServerLevel[Epic survival world]'/minecraft:the_nether
[21:30:28] [Render thread/INFO]: Stopping worker threads
[21:30:28] [Render thread/INFO]: Started 6 worker threads
[21:30:54] [Render thread/INFO]: Stopping worker threads
[21:30:54] [Server thread/INFO]: Saving and pausing game...
[21:30:54] [Render thread/INFO]: Started 6 worker threads
[21:30:54] [Server thread/INFO]: Saving chunks for level 'ServerLevel[Epic survival world]'/minecraft:overworld
[21:30:54] [Server thread/INFO]: Saving chunks for level 'ServerLevel[Epic survival world]'/minecraft:the_end
[21:30:54] [Server thread/INFO]: Saving chunks for level 'ServerLevel[Epic survival world]'/minecraft:the_nether
[21:30:54] [Render thread/INFO]: Stopping worker threads
[21:30:54] [Render thread/INFO]: Started 6 worker threads
[21:43:46] [Render thread/INFO]: Stopping worker threads
[21:43:46] [Server thread/INFO]: Saving and pausing game...
[21:43:46] [Server thread/INFO]: Saving chunks for level 'ServerLevel[Epic survival world]'/minecraft:overworld
[21:43:46] [Render thread/INFO]: Started 6 worker threads
[21:43:46] [Server thread/INFO]: Saving chunks for level 'ServerLevel[Epic survival world]'/minecraft:the_end
[21:43:46] [Server thread/INFO]: Saving chunks for level 'ServerLevel[Epic survival world]'/minecraft:the_nether
[21:43:46] [Render thread/INFO]: Stopping worker threads
[21:43:46] [Render thread/INFO]: Started 6 worker threads
[21:44:01] [Render thread/WARN]: Received passengers for unknown entity
[21:44:16] [Render thread/INFO]: Stopping worker threads
[21:44:16] [Server thread/INFO]: Saving and pausing game...
[21:44:16] [Render thread/INFO]: Started 6 worker threads
[21:44:16] [Server thread/INFO]: Saving chunks for level 'ServerLevel[Epic survival world]'/minecraft:overworld
[21:44:16] [Render thread/INFO]: Stopping worker threads
[21:44:16] [Server thread/INFO]: Saving chunks for level 'ServerLevel[Epic survival world]'/minecraft:the_end
[21:44:16] [Server thread/INFO]: Saving chunks for level 'ServerLevel[Epic survival world]'/minecraft:the_nether
[21:44:16] [Render thread/INFO]: Started 6 worker threads
[21:47:03] [Render thread/INFO]: Stopping worker threads
[21:47:03] [Server thread/INFO]: Saving and pausing game...
[21:47:03] [Render thread/INFO]: Started 6 worker threads
[21:47:03] [Render thread/INFO]: Stopping worker threads
[21:47:03] [Server thread/INFO]: Saving chunks for level 'ServerLevel[Epic survival world]'/minecraft:overworld
[21:47:03] [Render thread/INFO]: Started 6 worker threads
[21:47:03] [Server thread/INFO]: Saving chunks for level 'ServerLevel[Epic survival world]'/minecraft:the_end
[21:47:03] [Server thread/INFO]: Saving chunks for level 'ServerLevel[Epic survival world]'/minecraft:the_nether
[21:47:31] [Render thread/INFO]: Stopping worker threads
[21:47:32] [Server thread/INFO]: Saving and pausing game...
[21:47:32] [Server thread/INFO]: Saving chunks for level 'ServerLevel[Epic survival world]'/minecraft:overworld
[21:47:32] [Server thread/INFO]: Saving chunks for level 'ServerLevel[Epic survival world]'/minecraft:the_end
[21:47:32] [Server thread/INFO]: Saving chunks for level 'ServerLevel[Epic survival world]'/minecraft:the_nether
[21:47:32] [Render thread/INFO]: Started 6 worker threads
[21:47:32] [Render thread/INFO]: Stopping worker threads
[21:47:32] [Render thread/INFO]: Started 6 worker threads
[21:47:58] [Render thread/INFO]: Stopping worker threads
[21:47:58] [Server thread/INFO]: Saving and pausing game...
[21:47:58] [Render thread/INFO]: Started 6 worker threads
[21:47:58] [Server thread/INFO]: Saving chunks for level 'ServerLevel[Epic survival world]'/minecraft:overworld
[21:47:58] [Render thread/INFO]: Stopping worker threads
[21:47:58] [Server thread/INFO]: Saving chunks for level 'ServerLevel[Epic survival world]'/minecraft:the_end
[21:47:58] [Server thread/INFO]: Saving chunks for level 'ServerLevel[Epic survival world]'/minecraft:the_nether
[21:47:59] [Render thread/INFO]: Started 6 worker threads
[21:48:56] [Render thread/INFO]: Stopping worker threads
[21:48:56] [Server thread/INFO]: Saving and pausing game...
[21:48:56] [Render thread/INFO]: Started 6 worker threads
[21:48:56] [Server thread/INFO]: Saving chunks for level 'ServerLevel[Epic survival world]'/minecraft:overworld
[21:48:56] [Server thread/INFO]: Saving chunks for level 'ServerLevel[Epic survival world]'/minecraft:the_end
[21:48:56] [Render thread/INFO]: Stopping worker threads
[21:48:56] [Server thread/INFO]: Saving chunks for level 'ServerLevel[Epic survival world]'/minecraft:the_nether
[21:48:56] [Render thread/INFO]: Started 6 worker threads
[21:49:54] [Render thread/INFO]: Loaded 971 advancements
[21:50:07] [Server thread/WARN]: Can't keep up! Is the server overloaded? Running 3487ms or 69 ticks behind
[21:50:10] [Worker-Main-6/ERROR]: Detected setBlock in a far chunk [-15, 95], pos: class_2338{x=-226, y=113, z=1525}, status: minecraft:features, currently generating: ResourceKey[minecraft:worldgen/placed_feature / minecraft:large_dripstone]
[21:50:10] [Worker-Main-6/ERROR]: Detected setBlock in a far chunk [-15, 95], pos: class_2338{x=-225, y=112, z=1523}, status: minecraft:features, currently generating: ResourceKey[minecraft:worldgen/placed_feature / minecraft:large_dripstone]
[21:50:10] [Worker-Main-6/ERROR]: Detected setBlock in a far chunk [-15, 95], pos: class_2338{x=-225, y=112, z=1524}, status: minecraft:features, currently generating: ResourceKey[minecraft:worldgen/placed_feature / minecraft:large_dripstone]
[21:50:10] [Worker-Main-6/ERROR]: Detected setBlock in a far chunk [-15, 95], pos: class_2338{x=-225, y=112, z=1525}, status: minecraft:features, currently generating: ResourceKey[minecraft:worldgen/placed_feature / minecraft:large_dripstone]
[21:50:10] [Worker-Main-6/ERROR]: Detected setBlock in a far chunk [-15, 95], pos: class_2338{x=-225, y=111, z=1525}, status: minecraft:features, currently generating: ResourceKey[minecraft:worldgen/placed_feature / minecraft:large_dripstone]
[21:50:10] [Worker-Main-6/ERROR]: Detected setBlock in a far chunk [-15, 95], pos: class_2338{x=-225, y=112, z=1526}, status: minecraft:features, currently generating: ResourceKey[minecraft:worldgen/placed_feature / minecraft:large_dripstone]
[21:50:10] [Worker-Main-6/ERROR]: Detected setBlock in a far chunk [-15, 95], pos: class_2338{x=-225, y=111, z=1526}, status: minecraft:features, currently generating: ResourceKey[minecraft:worldgen/placed_feature / minecraft:large_dripstone]
[22:11:16] [CullThread/INFO]: [STDERR]: java.lang.ArrayIndexOutOfBoundsException
[22:11:21] [Server thread/WARN]: Can't keep up! Is the server overloaded? Running 2144ms or 42 ticks behind
[22:11:32] [Render thread/INFO]: Loaded 971 advancements
[22:11:33] [Server thread/INFO]: Saving and pausing game...
[22:11:33] [Server thread/INFO]: Saving chunks for level 'ServerLevel[Epic survival world]'/minecraft:overworld
[22:11:33] [Server thread/INFO]: Saving chunks for level 'ServerLevel[Epic survival world]'/minecraft:the_end
[22:11:33] [Server thread/INFO]: Saving chunks for level 'ServerLevel[Epic survival world]'/minecraft:the_nether
[22:11:35] [Render thread/ERROR]: Error saving option Brightness: DynamicException[Value 16.0 outside of range [0.0:1.0] Optional[16.0]]
[22:11:35] [Render thread/WARN]: Pack file/coffee totem declared support for versions [16, 22] but declared main format is 9, defaulting to 9
[22:11:35] [Render thread/WARN]: Failed to load icon from pack file/Identifiable Powdered Snow Minecraft Modder
java.io.IOException: Bad PNG Signature
	at net.minecraft.class_8800.method_54945(class_8800.java:44) ~[client-intermediary.jar:?]
	at net.minecraft.class_1011.method_4303(class_1011.java:135) ~[client-intermediary.jar:?]
	at net.minecraft.class_1011.method_4310(class_1011.java:107) ~[client-intermediary.jar:?]
	at net.minecraft.class_1011.method_4309(class_1011.java:98) ~[client-intermediary.jar:?]
	at net.minecraft.class_5375.method_30289(class_5375.java:289) ~[client-intermediary.jar:?]
	at net.minecraft.class_5375.method_30288(class_5375.java:300) ~[client-intermediary.jar:?]
	at java.util.HashMap.computeIfAbsent(HashMap.java:1220) ~[?:?]
	at net.minecraft.class_5375.method_30287(class_5375.java:300) ~[client-intermediary.jar:?]
	at net.minecraft.class_5369$class_5372.method_30286(class_5369.java:126) ~[client-intermediary.jar:?]
	at net.minecraft.class_521$class_4271.method_25343(class_521.java:137) ~[client-intermediary.jar:?]
	at net.minecraft.class_350.method_44397(class_350.java:411) ~[client-intermediary.jar:?]
	at net.minecraft.class_350.method_25311(class_350.java:396) ~[client-intermediary.jar:?]
	at net.minecraft.class_350.method_48579(class_350.java:184) ~[client-intermediary.jar:?]
	at net.minecraft.class_339.method_25394(class_339.java:66) ~[client-intermediary.jar:?]
	at net.minecraft.class_437.method_25394(class_437.java:121) ~[client-intermediary.jar:?]
	at net.minecraft.class_5375.method_25394(class_5375.java:182) ~[client-intermediary.jar:?]
	at net.minecraft.class_437.method_47413(class_437.java:110) ~[client-intermediary.jar:?]
	at net.minecraft.class_757.mixinextras$bridge$method_47413$201(class_757.java) ~[client-intermediary.jar:?]
	at net.minecraft.class_757.wrapOperation$bgd000$fabric-screen-api-v1$onRenderScreen(class_757.java:2111) ~[client-intermediary.jar:?]
	at net.minecraft.class_757.method_3192(class_757.java:931) ~[client-intermediary.jar:?]
	at net.minecraft.class_310.method_1523(class_310.java:1327) ~[client-intermediary.jar:?]
	at net.minecraft.class_310.method_1514(class_310.java:888) ~[client-intermediary.jar:?]
	at net.minecraft.client.main.Main.main(Main.java:265) ~[fabric-loader-0.15.7-1.20.4.jar:?]
	at net.fabricmc.loader.impl.game.minecraft.MinecraftGameProvider.launch(MinecraftGameProvider.java:470) ~[fabric-loader-0.15.7.jar:?]
	at net.fabricmc.loader.impl.launch.knot.Knot.launch(Knot.java:74) ~[fabric-loader-0.15.7.jar:?]
	at net.fabricmc.loader.impl.launch.knot.KnotClient.main(KnotClient.java:23) ~[fabric-loader-0.15.7.jar:?]
[22:11:38] [Render thread/WARN]: Pack file/coffee totem declared support for versions [16, 22] but declared main format is 9, defaulting to 9
[22:11:38] [Render thread/WARN]: Failed to load icon from pack file/Identifiable Powdered Snow Minecraft Modder
java.io.IOException: Bad PNG Signature
	at net.minecraft.class_8800.method_54945(class_8800.java:44) ~[client-intermediary.jar:?]
	at net.minecraft.class_1011.method_4303(class_1011.java:135) ~[client-intermediary.jar:?]
	at net.minecraft.class_1011.method_4310(class_1011.java:107) ~[client-intermediary.jar:?]
	at net.minecraft.class_1011.method_4309(class_1011.java:98) ~[client-intermediary.jar:?]
	at net.minecraft.class_5375.method_30289(class_5375.java:289) ~[client-intermediary.jar:?]
	at net.minecraft.class_5375.method_30288(class_5375.java:300) ~[client-intermediary.jar:?]
	at java.util.HashMap.computeIfAbsent(HashMap.java:1220) ~[?:?]
	at net.minecraft.class_5375.method_30287(class_5375.java:300) ~[client-intermediary.jar:?]
	at net.minecraft.class_5369$class_5372.method_30286(class_5369.java:126) ~[client-intermediary.jar:?]
	at net.minecraft.class_521$class_4271.method_25343(class_521.java:137) ~[client-intermediary.jar:?]
	at net.minecraft.class_350.method_44397(class_350.java:411) ~[client-intermediary.jar:?]
	at net.minecraft.class_350.method_25311(class_350.java:396) ~[client-intermediary.jar:?]
	at net.minecraft.class_350.method_48579(class_350.java:184) ~[client-intermediary.jar:?]
	at net.minecraft.class_339.method_25394(class_339.java:66) ~[client-intermediary.jar:?]
	at net.minecraft.class_437.method_25394(class_437.java:121) ~[client-intermediary.jar:?]
	at net.minecraft.class_5375.method_25394(class_5375.java:182) ~[client-intermediary.jar:?]
	at net.minecraft.class_437.method_47413(class_437.java:110) ~[client-intermediary.jar:?]
	at net.minecraft.class_757.mixinextras$bridge$method_47413$201(class_757.java) ~[client-intermediary.jar:?]
	at net.minecraft.class_757.wrapOperation$bgd000$fabric-screen-api-v1$onRenderScreen(class_757.java:2111) ~[client-intermediary.jar:?]
	at net.minecraft.class_757.method_3192(class_757.java:931) ~[client-intermediary.jar:?]
	at net.minecraft.class_310.method_1523(class_310.java:1327) ~[client-intermediary.jar:?]
	at net.minecraft.class_310.method_1514(class_310.java:888) ~[client-intermediary.jar:?]
	at net.minecraft.client.main.Main.main(Main.java:265) ~[fabric-loader-0.15.7-1.20.4.jar:?]
	at net.fabricmc.loader.impl.game.minecraft.MinecraftGameProvider.launch(MinecraftGameProvider.java:470) ~[fabric-loader-0.15.7.jar:?]
	at net.fabricmc.loader.impl.launch.knot.Knot.launch(Knot.java:74) ~[fabric-loader-0.15.7.jar:?]
	at net.fabricmc.loader.impl.launch.knot.KnotClient.main(KnotClient.java:23) ~[fabric-loader-0.15.7.jar:?]
[22:11:39] [Render thread/ERROR]: Error saving option Brightness: DynamicException[Value 16.0 outside of range [0.0:1.0] Optional[16.0]]
[22:11:39] [Render thread/WARN]: Pack file/coffee totem declared support for versions [16, 22] but declared main format is 9, defaulting to 9
[22:11:39] [Render thread/INFO]: Reloading ResourceManager: vanilla, fabric, advanced-xray-fabric, appleskin, carpet, citresewn, citresewn-defaults, cloth-config, entityculling, essential, essential-container, essential-loader, fabric-api, fabric-api-base, fabric-api-lookup-api-v1, fabric-biome-api-v1, fabric-block-api-v1, fabric-block-view-api-v2, fabric-blockrenderlayer-v1, fabric-client-tags-api-v1, fabric-command-api-v1, fabric-command-api-v2, fabric-commands-v0, fabric-containers-v0, fabric-content-registries-v0, fabric-convention-tags-v1, fabric-crash-report-info-v1, fabric-data-attachment-api-v1, fabric-data-generation-api-v1, fabric-dimensions-v1, fabric-entity-events-v1, fabric-events-interaction-v0, fabric-events-lifecycle-v0, fabric-game-rule-api-v1, fabric-item-api-v1, fabric-item-group-api-v1, fabric-key-binding-api-v1, fabric-keybindings-v0, fabric-language-kotlin, fabric-lifecycle-events-v1, fabric-loot-api-v2, fabric-message-api-v1, fabric-mining-level-api-v1, fabric-model-loading-api-v1, fabric-models-v0, fabric-networking-api-v1, fabric-object-builder-api-v1, fabric-particles-v1, fabric-recipe-api-v1, fabric-registry-sync-v0, fabric-renderer-api-v1, fabric-renderer-indigo, fabric-renderer-registries-v1, fabric-rendering-data-attachment-v1, fabric-rendering-fluids-v1, fabric-rendering-v0, fabric-rendering-v1, fabric-resource-conditions-api-v1, fabric-resource-loader-v0, fabric-screen-api-v1, fabric-screen-handler-api-v1, fabric-sound-api-v1, fabric-transfer-api-v1, fabric-transitive-access-wideners-v1, fabricloader, litematica, lithium, logical_zoom, malilib, minihud, nvidium, sodium, tweakeroo, file/Bare Bones 1.20.zip, file/KonciPET UI 1.1 default hunger, file/axolotl totem, file/Identifiable Powdered Snow Minecraft Modder, essential
[22:11:39] [Worker-Main-8/INFO]: Found unifont_all_no_pua-15.1.04.hex, loading
[22:11:39] [Worker-Main-3/WARN]: Invalid frame index on sprite minecraft:block/lava_still frame 10: 10
[22:11:39] [Worker-Main-10/WARN]: Unused frames in sprite minecraft:entity/conduit/wind: [22, 23, 24, 25, 26, 27, 28, 29, 30, 31]
[22:11:39] [Worker-Main-6/WARN]: Unused frames in sprite minecraft:entity/conduit/wind_vertical: [22, 23, 24, 25, 26, 27, 28, 29, 30, 31]
[22:11:39] [Worker-Main-6/WARN]: Texture minecraft:entity/conduit/open_eye with size 8x8 limits mip level from 4 to 3
[22:11:39] [Worker-Main-6/WARN]: minecraft:textures/atlas/blocks.png: dropping miplevel from 4 to 3, because of minimum power of two: 8
[22:11:39] [Worker-Main-7/WARN]: Exception loading blockstate definition: 'minecraft:blockstates/stone.json' in resourcepack: 'file/Bare Bones 1.20.zip' for variant: 'normal': Unknown blockstate property: 'normal'
[22:11:39] [Worker-Main-7/WARN]: Exception loading blockstate definition: 'minecraft:blockstates/dirt.json' in resourcepack: 'file/Bare Bones 1.20.zip' for variant: 'normal': Unknown blockstate property: 'normal'
[22:11:39] [Worker-Main-7/WARN]: Exception loading blockstate definition: 'minecraft:blockstates/sand.json' in resourcepack: 'file/Bare Bones 1.20.zip' for variant: 'normal': Unknown blockstate property: 'normal'
[22:11:39] [Worker-Main-7/WARN]: Exception loading blockstate definition: 'minecraft:blockstates/red_sand.json' in resourcepack: 'file/Bare Bones 1.20.zip' for variant: 'normal': Unknown blockstate property: 'normal'
[22:11:39] [Worker-Main-7/WARN]: Exception loading blockstate definition: 'minecraft:blockstates/white_concrete_powder.json' in resourcepack: 'file/Bare Bones 1.20.zip' for variant: 'normal': Unknown blockstate property: 'normal'
[22:11:39] [Worker-Main-7/WARN]: Exception loading blockstate definition: 'minecraft:blockstates/orange_concrete_powder.json' in resourcepack: 'file/Bare Bones 1.20.zip' for variant: 'normal': Unknown blockstate property: 'normal'
[22:11:39] [Worker-Main-7/WARN]: Exception loading blockstate definition: 'minecraft:blockstates/magenta_concrete_powder.json' in resourcepack: 'file/Bare Bones 1.20.zip' for variant: 'normal': Unknown blockstate property: 'normal'
[22:11:39] [Worker-Main-7/WARN]: Exception loading blockstate definition: 'minecraft:blockstates/light_blue_concrete_powder.json' in resourcepack: 'file/Bare Bones 1.20.zip' for variant: 'normal': Unknown blockstate property: 'normal'
[22:11:39] [Worker-Main-7/WARN]: Exception loading blockstate definition: 'minecraft:blockstates/yellow_concrete_powder.json' in resourcepack: 'file/Bare Bones 1.20.zip' for variant: 'normal': Unknown blockstate property: 'normal'
[22:11:39] [Worker-Main-7/WARN]: Exception loading blockstate definition: 'minecraft:blockstates/lime_concrete_powder.json' in resourcepack: 'file/Bare Bones 1.20.zip' for variant: 'normal': Unknown blockstate property: 'normal'
[22:11:39] [Worker-Main-7/WARN]: Exception loading blockstate definition: 'minecraft:blockstates/pink_concrete_powder.json' in resourcepack: 'file/Bare Bones 1.20.zip' for variant: 'normal': Unknown blockstate property: 'normal'
[22:11:39] [Worker-Main-7/WARN]: Exception loading blockstate definition: 'minecraft:blockstates/gray_concrete_powder.json' in resourcepack: 'file/Bare Bones 1.20.zip' for variant: 'normal': Unknown blockstate property: 'normal'
[22:11:39] [Worker-Main-7/WARN]: Exception loading blockstate definition: 'minecraft:blockstates/cyan_concrete_powder.json' in resourcepack: 'file/Bare Bones 1.20.zip' for variant: 'normal': Unknown blockstate property: 'normal'
[22:11:39] [Worker-Main-7/WARN]: Exception loading blockstate definition: 'minecraft:blockstates/purple_concrete_powder.json' in resourcepack: 'file/Bare Bones 1.20.zip' for variant: 'normal': Unknown blockstate property: 'normal'
[22:11:39] [Worker-Main-7/WARN]: Exception loading blockstate definition: 'minecraft:blockstates/blue_concrete_powder.json' in resourcepack: 'file/Bare Bones 1.20.zip' for variant: 'normal': Unknown blockstate property: 'normal'
[22:11:39] [Worker-Main-7/WARN]: Exception loading blockstate definition: 'minecraft:blockstates/brown_concrete_powder.json' in resourcepack: 'file/Bare Bones 1.20.zip' for variant: 'normal': Unknown blockstate property: 'normal'
[22:11:39] [Worker-Main-7/WARN]: Exception loading blockstate definition: 'minecraft:blockstates/green_concrete_powder.json' in resourcepack: 'file/Bare Bones 1.20.zip' for variant: 'normal': Unknown blockstate property: 'normal'
[22:11:39] [Worker-Main-7/WARN]: Exception loading blockstate definition: 'minecraft:blockstates/red_concrete_powder.json' in resourcepack: 'file/Bare Bones 1.20.zip' for variant: 'normal': Unknown blockstate property: 'normal'
[22:11:39] [Worker-Main-7/WARN]: Exception loading blockstate definition: 'minecraft:blockstates/black_concrete_powder.json' in resourcepack: 'file/Bare Bones 1.20.zip' for variant: 'normal': Unknown blockstate property: 'normal'
[22:11:40] [Render thread/WARN]: Missing sound for event: minecraft:item.goat_horn.play
[22:11:40] [Render thread/WARN]: Missing sound for event: minecraft:entity.goat.screaming.horn_break
[22:11:40] [Render thread/WARN]: Missing sound for event: minecraft:entity.generic.wind_burst
[22:11:40] [Render thread/INFO]: OpenAL initialized on device OpenAL Soft on Speakers (Razer Kraken Kitty Edition)
[22:11:40] [Render thread/INFO]: Sound engine started
[22:11:40] [Render thread/INFO]: Created: 512x1024x3 minecraft:textures/atlas/blocks.png-atlas
[22:11:40] [Render thread/INFO]: Created: 256x256x4 minecraft:textures/atlas/signs.png-atlas
[22:11:40] [Render thread/INFO]: Created: 512x512x4 minecraft:textures/atlas/shield_patterns.png-atlas
[22:11:40] [Render thread/INFO]: Created: 512x512x4 minecraft:textures/atlas/banner_patterns.png-atlas
[22:11:40] [Render thread/INFO]: Created: 1024x1024x4 minecraft:textures/atlas/armor_trims.png-atlas
[22:11:40] [Render thread/INFO]: Created: 256x256x4 minecraft:textures/atlas/chest.png-atlas
[22:11:40] [Render thread/INFO]: Created: 128x64x4 minecraft:textures/atlas/decorated_pot.png-atlas
[22:11:40] [Render thread/INFO]: Created: 512x256x4 minecraft:textures/atlas/shulker_boxes.png-atlas
[22:11:40] [Render thread/INFO]: Created: 512x256x4 minecraft:textures/atlas/beds.png-atlas
[22:11:40] [Render thread/WARN]: Shader rendertype_entity_translucent_emissive could not find sampler named Sampler2 in the specified shader program.
[22:11:41] [Render thread/INFO]: Created: 512x256x0 minecraft:textures/atlas/particles.png-atlas
[22:11:41] [Render thread/INFO]: Created: 512x256x0 minecraft:textures/atlas/paintings.png-atlas
[22:11:41] [Render thread/INFO]: Created: 128x128x0 minecraft:textures/atlas/mob_effects.png-atlas
[22:11:41] [Render thread/INFO]: Created: 1024x512x0 minecraft:textures/atlas/gui.png-atlas
[22:11:41] [Render thread/INFO]: Stopping worker threads
[22:11:41] [Render thread/INFO]: Started 6 worker threads
[22:11:43] [Render thread/ERROR]: Error saving option Brightness: DynamicException[Value 16.0 outside of range [0.0:1.0] Optional[16.0]]
[22:15:55] [Render thread/INFO]: Loaded 971 advancements
[22:15:56] [Render thread/INFO]: Loaded 971 advancements
[22:15:59] [Server thread/WARN]: Can't keep up! Is the server overloaded? Running 2272ms or 45 ticks behind
[22:19:49] [Render thread/INFO]: Loaded 971 advancements
[22:20:01] [Server thread/INFO]: 16thGarden has made the advancement [Sneak 100]
[22:20:01] [Render thread/INFO]: [System] [CHAT] 16thGarden has made the advancement [Sneak 100]
[22:20:01] [Render thread/INFO]: Loaded 971 advancements
[22:34:06] [Render thread/INFO]: Loaded 972 advancements
[22:35:42] [Render thread/INFO]: Loaded 974 advancements
[22:36:01] [Render thread/INFO]: Loaded 975 advancements
[22:44:11] [Render thread/INFO]: [System] [CHAT] [Debug]: Hitboxes: shown
[22:55:30] [Server thread/INFO]: Saving and pausing game...
[22:55:30] [Server thread/INFO]: Saving chunks for level 'ServerLevel[Epic survival world]'/minecraft:overworld
[22:55:30] [Server thread/INFO]: Saving chunks for level 'ServerLevel[Epic survival world]'/minecraft:the_end
[22:55:30] [Server thread/INFO]: Saving chunks for level 'ServerLevel[Epic survival world]'/minecraft:the_nether
[22:55:32] [Render thread/INFO]: Using default channel type
[22:55:32] [Render thread/INFO]: Started serving on 54488
[22:55:32] [Render thread/INFO]: [System] [CHAT] Local game hosted on port [54488]
[22:55:46] [Server thread/INFO]: [16thGarden: Gave 128 [White Wool] to 16thGarden]
[22:55:46] [Render thread/INFO]: [System] [CHAT] Gave 128 [White Wool] to 16thGarden
[23:00:42] [Render thread/INFO]: [System] [CHAT] [Debug]: Hitboxes: hidden
[23:17:09] [Render thread/ERROR]: Error saving option Brightness: DynamicException[Value 16.0 outside of range [0.0:1.0] Optional[16.0]]
[23:17:11] [Render thread/INFO]: Stopping worker threads
[23:17:11] [Server thread/INFO]: Changing view distance to 32, from 16
[23:17:11] [Render thread/INFO]: Started 6 worker threads
[23:17:11] [Render thread/ERROR]: Error saving option Brightness: DynamicException[Value 16.0 outside of range [0.0:1.0] Optional[16.0]]
[23:17:11] [Render thread/INFO]: Flushed changes to Minecraft configuration
[23:17:11] [Render thread/INFO]: Stopping worker threads
[23:17:11] [Render thread/INFO]: Started 6 worker threads
[23:17:12] [Render thread/ERROR]: Error saving option Brightness: DynamicException[Value 16.0 outside of range [0.0:1.0] Optional[16.0]]
[23:19:30] [Server thread/WARN]: Can't keep up! Is the server overloaded? Running 3047ms or 60 ticks behind
[23:22:03] [Server thread/WARN]: 16thGarden moved wrongly!
[23:24:26] [Server thread/WARN]: Can't keep up! Is the server overloaded? Running 3098ms or 61 ticks behind
[23:26:46] [Render thread/INFO]: [System] [CHAT] [Debug]: Chunk borders: shown
[23:26:48] [Render thread/INFO]: [System] [CHAT] [Debug]: Chunk borders: hidden
[23:34:44] [Render thread/INFO]: Stopping worker threads
[23:34:44] [Render thread/INFO]: Started 6 worker threads
[23:34:44] [Render thread/INFO]: Stopping worker threads
[23:34:44] [Render thread/INFO]: Started 6 worker threads
[23:35:05] [Render thread/INFO]: Stopping worker threads
[23:35:05] [Render thread/INFO]: Started 6 worker threads
[23:35:05] [Render thread/INFO]: Stopping worker threads
[23:35:05] [Render thread/INFO]: Started 6 worker threads
[23:35:08] [Server thread/WARN]: Can't keep up! Is the server overloaded? Running 2013ms or 40 ticks behind
[23:35:23] [Render thread/INFO]: Stopping worker threads
[23:35:23] [Render thread/INFO]: Started 6 worker threads
[23:35:23] [Render thread/INFO]: Stopping worker threads
[23:35:23] [Render thread/INFO]: Started 6 worker threads
[23:42:02] [Sound engine/ERROR]: Stop: Invalid name parameter.
[23:42:02] [Render thread/INFO]: Stopping worker threads
[23:42:02] [Render thread/INFO]: Started 6 worker threads
[23:42:02] [Render thread/INFO]: Stopping worker threads
[23:42:02] [Render thread/INFO]: Started 6 worker threads
[23:42:39] [Render thread/ERROR]: Error saving option Brightness: DynamicException[Value 16.0 outside of range [0.0:1.0] Optional[16.0]]
[23:42:42] [Render thread/INFO]: Stopping worker threads
[23:42:42] [Server thread/INFO]: Changing view distance to 16, from 32
[23:42:42] [Render thread/INFO]: Started 6 worker threads
[23:42:42] [Render thread/ERROR]: Error saving option Brightness: DynamicException[Value 16.0 outside of range [0.0:1.0] Optional[16.0]]
[23:42:42] [Render thread/INFO]: Flushed changes to Minecraft configuration
[23:42:43] [Render thread/ERROR]: Error saving option Brightness: DynamicException[Value 16.0 outside of range [0.0:1.0] Optional[16.0]]
[23:43:11] [Render thread/INFO]: [System] [CHAT] [Debug]: Hitboxes: shown
[23:46:05] [Render thread/INFO]: Loaded 976 advancements
[23:46:19] [Render thread/ERROR]: Error saving option Brightness: DynamicException[Value 16.0 outside of range [0.0:1.0] Optional[16.0]]
[23:46:20] [Render thread/ERROR]: Error saving option Brightness: DynamicException[Value 16.0 outside of range [0.0:1.0] Optional[16.0]]
[23:46:20] [Render thread/WARN]: Pack file/coffee totem declared support for versions [16, 22] but declared main format is 9, defaulting to 9
[23:46:20] [Render thread/WARN]: Failed to load icon from pack file/Identifiable Powdered Snow Minecraft Modder
java.io.IOException: Bad PNG Signature
	at net.minecraft.class_8800.method_54945(class_8800.java:44) ~[client-intermediary.jar:?]
	at net.minecraft.class_1011.method_4303(class_1011.java:135) ~[client-intermediary.jar:?]
	at net.minecraft.class_1011.method_4310(class_1011.java:107) ~[client-intermediary.jar:?]
	at net.minecraft.class_1011.method_4309(class_1011.java:98) ~[client-intermediary.jar:?]
	at net.minecraft.class_5375.method_30289(class_5375.java:289) ~[client-intermediary.jar:?]
	at net.minecraft.class_5375.method_30288(class_5375.java:300) ~[client-intermediary.jar:?]
	at java.util.HashMap.computeIfAbsent(HashMap.java:1220) ~[?:?]
	at net.minecraft.class_5375.method_30287(class_5375.java:300) ~[client-intermediary.jar:?]
	at net.minecraft.class_5369$class_5372.method_30286(class_5369.java:126) ~[client-intermediary.jar:?]
	at net.minecraft.class_521$class_4271.method_25343(class_521.java:137) ~[client-intermediary.jar:?]
	at net.minecraft.class_350.method_44397(class_350.java:411) ~[client-intermediary.jar:?]
	at net.minecraft.class_350.method_25311(class_350.java:396) ~[client-intermediary.jar:?]
	at net.minecraft.class_350.method_48579(class_350.java:184) ~[client-intermediary.jar:?]
	at net.minecraft.class_339.method_25394(class_339.java:66) ~[client-intermediary.jar:?]
	at net.minecraft.class_437.method_25394(class_437.java:121) ~[client-intermediary.jar:?]
	at net.minecraft.class_5375.method_25394(class_5375.java:182) ~[client-intermediary.jar:?]
	at net.minecraft.class_437.method_47413(class_437.java:110) ~[client-intermediary.jar:?]
	at net.minecraft.class_757.mixinextras$bridge$method_47413$201(class_757.java) ~[client-intermediary.jar:?]
	at net.minecraft.class_757.wrapOperation$bgd000$fabric-screen-api-v1$onRenderScreen(class_757.java:2111) ~[client-intermediary.jar:?]
	at net.minecraft.class_757.method_3192(class_757.java:931) ~[client-intermediary.jar:?]
	at net.minecraft.class_310.method_1523(class_310.java:1327) ~[client-intermediary.jar:?]
	at net.minecraft.class_310.method_1514(class_310.java:888) ~[client-intermediary.jar:?]
	at net.minecraft.client.main.Main.main(Main.java:265) ~[fabric-loader-0.15.7-1.20.4.jar:?]
	at net.fabricmc.loader.impl.game.minecraft.MinecraftGameProvider.launch(MinecraftGameProvider.java:470) ~[fabric-loader-0.15.7.jar:?]
	at net.fabricmc.loader.impl.launch.knot.Knot.launch(Knot.java:74) ~[fabric-loader-0.15.7.jar:?]
	at net.fabricmc.loader.impl.launch.knot.KnotClient.main(KnotClient.java:23) ~[fabric-loader-0.15.7.jar:?]
[23:46:26] [Render thread/WARN]: Pack file/coffee totem declared support for versions [16, 22] but declared main format is 9, defaulting to 9
[23:46:26] [Render thread/WARN]: Failed to load icon from pack file/Identifiable Powdered Snow Minecraft Modder
java.io.IOException: Bad PNG Signature
	at net.minecraft.class_8800.method_54945(class_8800.java:44) ~[client-intermediary.jar:?]
	at net.minecraft.class_1011.method_4303(class_1011.java:135) ~[client-intermediary.jar:?]
	at net.minecraft.class_1011.method_4310(class_1011.java:107) ~[client-intermediary.jar:?]
	at net.minecraft.class_1011.method_4309(class_1011.java:98) ~[client-intermediary.jar:?]
	at net.minecraft.class_5375.method_30289(class_5375.java:289) ~[client-intermediary.jar:?]
	at net.minecraft.class_5375.method_30288(class_5375.java:300) ~[client-intermediary.jar:?]
	at java.util.HashMap.computeIfAbsent(HashMap.java:1220) ~[?:?]
	at net.minecraft.class_5375.method_30287(class_5375.java:300) ~[client-intermediary.jar:?]
	at net.minecraft.class_5369$class_5372.method_30286(class_5369.java:126) ~[client-intermediary.jar:?]
	at net.minecraft.class_521$class_4271.method_25343(class_521.java:137) ~[client-intermediary.jar:?]
	at net.minecraft.class_350.method_44397(class_350.java:411) ~[client-intermediary.jar:?]
	at net.minecraft.class_350.method_25311(class_350.java:396) ~[client-intermediary.jar:?]
	at net.minecraft.class_350.method_48579(class_350.java:184) ~[client-intermediary.jar:?]
	at net.minecraft.class_339.method_25394(class_339.java:66) ~[client-intermediary.jar:?]
	at net.minecraft.class_437.method_25394(class_437.java:121) ~[client-intermediary.jar:?]
	at net.minecraft.class_5375.method_25394(class_5375.java:182) ~[client-intermediary.jar:?]
	at net.minecraft.class_437.method_47413(class_437.java:110) ~[client-intermediary.jar:?]
	at net.minecraft.class_757.mixinextras$bridge$method_47413$201(class_757.java) ~[client-intermediary.jar:?]
	at net.minecraft.class_757.wrapOperation$bgd000$fabric-screen-api-v1$onRenderScreen(class_757.java:2111) ~[client-intermediary.jar:?]
	at net.minecraft.class_757.method_3192(class_757.java:931) ~[client-intermediary.jar:?]
	at net.minecraft.class_310.method_1523(class_310.java:1327) ~[client-intermediary.jar:?]
	at net.minecraft.class_310.method_1514(class_310.java:888) ~[client-intermediary.jar:?]
	at net.minecraft.client.main.Main.main(Main.java:265) ~[fabric-loader-0.15.7-1.20.4.jar:?]
	at net.fabricmc.loader.impl.game.minecraft.MinecraftGameProvider.launch(MinecraftGameProvider.java:470) ~[fabric-loader-0.15.7.jar:?]
	at net.fabricmc.loader.impl.launch.knot.Knot.launch(Knot.java:74) ~[fabric-loader-0.15.7.jar:?]
	at net.fabricmc.loader.impl.launch.knot.KnotClient.main(KnotClient.java:23) ~[fabric-loader-0.15.7.jar:?]
[23:46:27] [Render thread/ERROR]: Error saving option Brightness: DynamicException[Value 16.0 outside of range [0.0:1.0] Optional[16.0]]
[23:46:27] [Render thread/WARN]: Pack file/coffee totem declared support for versions [16, 22] but declared main format is 9, defaulting to 9
[23:46:27] [Render thread/INFO]: Reloading ResourceManager: vanilla, fabric, advanced-xray-fabric, appleskin, carpet, citresewn, citresewn-defaults, cloth-config, entityculling, essential, essential-container, essential-loader, fabric-api, fabric-api-base, fabric-api-lookup-api-v1, fabric-biome-api-v1, fabric-block-api-v1, fabric-block-view-api-v2, fabric-blockrenderlayer-v1, fabric-client-tags-api-v1, fabric-command-api-v1, fabric-command-api-v2, fabric-commands-v0, fabric-containers-v0, fabric-content-registries-v0, fabric-convention-tags-v1, fabric-crash-report-info-v1, fabric-data-attachment-api-v1, fabric-data-generation-api-v1, fabric-dimensions-v1, fabric-entity-events-v1, fabric-events-interaction-v0, fabric-events-lifecycle-v0, fabric-game-rule-api-v1, fabric-item-api-v1, fabric-item-group-api-v1, fabric-key-binding-api-v1, fabric-keybindings-v0, fabric-language-kotlin, fabric-lifecycle-events-v1, fabric-loot-api-v2, fabric-message-api-v1, fabric-mining-level-api-v1, fabric-model-loading-api-v1, fabric-models-v0, fabric-networking-api-v1, fabric-object-builder-api-v1, fabric-particles-v1, fabric-recipe-api-v1, fabric-registry-sync-v0, fabric-renderer-api-v1, fabric-renderer-indigo, fabric-renderer-registries-v1, fabric-rendering-data-attachment-v1, fabric-rendering-fluids-v1, fabric-rendering-v0, fabric-rendering-v1, fabric-resource-conditions-api-v1, fabric-resource-loader-v0, fabric-screen-api-v1, fabric-screen-handler-api-v1, fabric-sound-api-v1, fabric-transfer-api-v1, fabric-transitive-access-wideners-v1, fabricloader, litematica, lithium, logical_zoom, malilib, minihud, nvidium, sodium, tweakeroo, file/KonciPET UI 1.1 default hunger, file/axolotl totem, file/Identifiable Powdered Snow Minecraft Modder, file/VisibleAncientDebris.zip, essential
[23:46:27] [Render thread/WARN]: Non [a-z0-9_.-] character in namespace .DS_Store in pack C:\Users\Miguel Leyesa\AppData\Roaming\.minecraft\resourcepacks\VisibleAncientDebris.zip, ignoring
[23:46:27] [Render thread/WARN]: Non [a-z0-9_.-] character in namespace .DS_Store in pack C:\Users\Miguel Leyesa\AppData\Roaming\.minecraft\resourcepacks\VisibleAncientDebris.zip, ignoring
[23:46:27] [Worker-Main-3/INFO]: Found unifont_all_no_pua-15.1.04.hex, loading
[23:46:27] [Worker-Main-9/WARN]: Invalid path in datapack: minecraft:textures/block/.DS_Store, ignoring
[23:46:27] [Worker-Main-10/WARN]: Non [a-z0-9_.-] character in namespace .DS_Store in pack C:\Users\Miguel Leyesa\AppData\Roaming\.minecraft\resourcepacks\VisibleAncientDebris.zip, ignoring
[23:46:28] [Render thread/WARN]: Missing sound for event: minecraft:item.goat_horn.play
[23:46:28] [Render thread/WARN]: Missing sound for event: minecraft:entity.goat.screaming.horn_break
[23:46:28] [Render thread/WARN]: Missing sound for event: minecraft:entity.generic.wind_burst
[23:46:28] [Render thread/INFO]: OpenAL initialized on device OpenAL Soft on Speakers (Razer Kraken Kitty Edition)
[23:46:28] [Render thread/INFO]: Sound engine started
[23:46:28] [Render thread/INFO]: Created: 1024x1024x4 minecraft:textures/atlas/blocks.png-atlas
[23:46:28] [Render thread/INFO]: Created: 256x256x4 minecraft:textures/atlas/signs.png-atlas
[23:46:28] [Render thread/INFO]: Created: 512x512x4 minecraft:textures/atlas/shield_patterns.png-atlas
[23:46:28] [Render thread/INFO]: Created: 512x512x4 minecraft:textures/atlas/banner_patterns.png-atlas
[23:46:28] [Render thread/INFO]: Created: 1024x1024x4 minecraft:textures/atlas/armor_trims.png-atlas
[23:46:28] [Render thread/INFO]: Created: 256x256x4 minecraft:textures/atlas/chest.png-atlas
[23:46:28] [Render thread/INFO]: Created: 128x64x4 minecraft:textures/atlas/decorated_pot.png-atlas
[23:46:28] [Render thread/INFO]: Created: 512x256x4 minecraft:textures/atlas/shulker_boxes.png-atlas
[23:46:28] [Render thread/INFO]: Created: 512x256x4 minecraft:textures/atlas/beds.png-atlas
[23:46:28] [Render thread/WARN]: Shader rendertype_entity_translucent_emissive could not find sampler named Sampler2 in the specified shader program.
[23:46:28] [Render thread/INFO]: Created: 512x256x0 minecraft:textures/atlas/particles.png-atlas
[23:46:28] [Render thread/INFO]: Created: 512x256x0 minecraft:textures/atlas/paintings.png-atlas
[23:46:28] [Render thread/INFO]: Created: 128x128x0 minecraft:textures/atlas/mob_effects.png-atlas
[23:46:28] [Render thread/INFO]: Created: 1024x512x0 minecraft:textures/atlas/gui.png-atlas
[23:46:28] [Render thread/INFO]: Stopping worker threads
[23:46:28] [Render thread/INFO]: Started 6 worker threads
[23:46:30] [Render thread/ERROR]: Error saving option Brightness: DynamicException[Value 16.0 outside of range [0.0:1.0] Optional[16.0]]
