[22:14:26] [main/INFO]: Loading Minecraft 1.20.4 with Fabric Loader 0.15.7
[22:14:27] [main/WARN]: Warnings were found!
 - Mod 'CIT Resewn' (citresewn) 1.1.4+1.20.4 recommends any version of modmenu, which is missing!
	 - You should install any version of modmenu for the optimal experience.
[22:14:27] [main/INFO]: Loading 75 mods:
	- advanced-xray-fabric 84.0.0
	- appleskin 2.5.1+mc1.20.3
	   \-- cloth-config 13.0.114
	        \-- cloth-basic-math 0.6.1
	- carpet 1.4.128+v231205
	- citresewn 1.1.4+1.20.4
	   \-- citresewn-defaults 1.1.4+1.20.4
	- entityculling 1.6.3.1
	- essential-container 1.0.0
	   \-- essential-loader 1.2.1
	- fabric-api 0.96.4+1.20.4
	   |-- fabric-api-base 0.4.36+78d798af4f
	   |-- fabric-api-lookup-api-v1 1.6.49+82b1bb3e4f
	   |-- fabric-biome-api-v1 13.0.16+78d798af4f
	   |-- fabric-block-api-v1 1.0.16+3e2216cb4f
	   |-- fabric-block-view-api-v2 1.0.4+78d798af4f
	   |-- fabric-blockrenderlayer-v1 1.1.46+78d798af4f
	   |-- fabric-client-tags-api-v1 1.1.7+78d798af4f
	   |-- fabric-command-api-v1 1.2.41+f71b366f4f
	   |-- fabric-command-api-v2 2.2.20+78d798af4f
	   |-- fabric-commands-v0 0.2.58+df3654b34f
	   |-- fabric-containers-v0 0.1.86+df3654b34f
	   |-- fabric-content-registries-v0 5.0.14+78d798af4f
	   |-- fabric-convention-tags-v1 1.5.10+78d798af4f
	   |-- fabric-crash-report-info-v1 0.2.23+78d798af4f
	   |-- fabric-data-attachment-api-v1 1.1.3+b90db5744f
	   |-- fabric-data-generation-api-v1 13.2.3+5c0133444f
	   |-- fabric-dimensions-v1 2.1.61+78d798af4f
	   |-- fabric-entity-events-v1 1.6.1+09fc25014f
	   |-- fabric-events-interaction-v0 0.7.1+389931eb4f
	   |-- fabric-events-lifecycle-v0 0.2.74+df3654b34f
	   |-- fabric-game-rule-api-v1 1.0.46+78d798af4f
	   |-- fabric-item-api-v1 2.2.0+d6f2b0844f
	   |-- fabric-item-group-api-v1 4.0.25+58f8c0124f
	   |-- fabric-key-binding-api-v1 1.0.41+78d798af4f
	   |-- fabric-keybindings-v0 0.2.39+df3654b34f
	   |-- fabric-lifecycle-events-v1 2.3.0+a67ffb5d4f
	   |-- fabric-loot-api-v2 2.1.8+78d798af4f
	   |-- fabric-message-api-v1 6.0.5+78d798af4f
	   |-- fabric-mining-level-api-v1 2.1.64+78d798af4f
	   |-- fabric-model-loading-api-v1 1.0.8+78d798af4f
	   |-- fabric-models-v0 0.4.7+9386d8a74f
	   |-- fabric-networking-api-v1 3.1.7+2e5ac5484f
	   |-- fabric-object-builder-api-v1 13.0.13+080016e44f
	   |-- fabric-particles-v1 1.1.7+78d798af4f
	   |-- fabric-recipe-api-v1 2.0.20+78d798af4f
	   |-- fabric-registry-sync-v0 4.0.19+58f8c0124f
	   |-- fabric-renderer-api-v1 3.2.4+78d798af4f
	   |-- fabric-renderer-indigo 1.5.4+78d798af4f
	   |-- fabric-renderer-registries-v1 3.2.53+df3654b34f
	   |-- fabric-rendering-data-attachment-v1 0.3.42+73761d2e4f
	   |-- fabric-rendering-fluids-v1 3.1.1+e761c6694f
	   |-- fabric-rendering-v0 1.1.56+df3654b34f
	   |-- fabric-rendering-v1 3.2.0+6fd945a04f
	   |-- fabric-resource-conditions-api-v1 2.3.14+78d798af4f
	   |-- fabric-resource-loader-v0 0.11.19+58f8c0124f
	   |-- fabric-screen-api-v1 2.0.17+78d798af4f
	   |-- fabric-screen-handler-api-v1 1.3.55+78d798af4f
	   |-- fabric-sound-api-v1 1.0.17+78d798af4f
	   |-- fabric-transfer-api-v1 4.0.11+e84342304f
	   \-- fabric-transitive-access-wideners-v1 5.0.14+78d798af4f
	- fabricloader 0.15.7
	   \-- mixinextras 0.3.5
	- itemscroller 0.22.0
	- java 17
	- litematica 0.17.0
	- lithium 0.12.1
	- logical_zoom 0.0.22
	- malilib 0.18.1
	- minecraft 1.20.4
	- minihud 0.30.2
	- nvidium 0.2.6-beta
	- rebind_narrator 2.0.2
	- sodium 0.5.8+mc1.20.4
	- tweakeroo 0.19.2
[22:14:27] [main/INFO]: SpongePowered MIXIN Subsystem Version=0.8.5 Source=file:/C:/Users/Miguel%20Leyesa/AppData/Roaming/.minecraft/libraries/net/fabricmc/sponge-mixin/0.12.5+mixin.0.8.5/sponge-mixin-0.12.5+mixin.0.8.5.jar Service=Knot/Fabric Env=CLIENT
[22:14:27] [main/INFO]: Compatibility level set to JAVA_17
[22:14:28] [main/INFO]: Loaded configuration file for Lithium: 129 options available, 0 override(s) found
[22:14:28] [main/INFO]: Loaded configuration file for Sodium: 42 options available, 0 override(s) found
[22:14:31] [main/INFO]: Starting Essential Loader (stage2) version 1.6.0 (0500a9e0db06ef66767fc4dcffb05cd5) [stable]
[22:14:32] [main/INFO]: Starting Essential v1.3.2.4 (#6b55293e12) [stable]
[22:14:32] [main/INFO]: Java: OpenJDK 64-Bit Server VM (v17.0.8) by Microsoft (Microsoft)
[22:14:32] [main/INFO]: Java Path: C:\Users\Miguel Leyesa\AppData\Local\Packages\Microsoft.4297127D64EC6_8wekyb3d8bbwe\LocalCache\Local\runtime\java-runtime-gamma\windows-x64\java-runtime-gamma\bin
[22:14:32] [main/INFO]: Java Info: mixed mode
[22:14:32] [main/INFO]: JVM Arguments: 
  - -XX:HeapDumpPath=MojangTricksIntelDriversForPerformance_javaw.exe_minecraft.exe.heapdump
  - -Xss1M
  - -Djava.library.path=C:\Users\Miguel Leyesa\AppData\Roaming\.minecraft\bin\cc9d3839148d498f98557594755fb8ae999dc26b
  - -Djna.tmpdir=C:\Users\Miguel Leyesa\AppData\Roaming\.minecraft\bin\cc9d3839148d498f98557594755fb8ae999dc26b
  - -Dorg.lwjgl.system.SharedLibraryExtractPath=C:\Users\Miguel Leyesa\AppData\Roaming\.minecraft\bin\cc9d3839148d498f98557594755fb8ae999dc26b
  - -Dio.netty.native.workdir=C:\Users\Miguel Leyesa\AppData\Roaming\.minecraft\bin\cc9d3839148d498f98557594755fb8ae999dc26b
  - -Dminecraft.launcher.brand=minecraft-launcher
  - -Dminecraft.launcher.version=2.24.17
  - -DFabricMcEmu= net.minecraft.client.main.Main 
  - -Xmx4G
  - -XX:+UnlockExperimentalVMOptions
  - -XX:+UseG1GC
  - -XX:G1NewSizePercent=20
  - -XX:G1ReservePercent=20
  - -XX:MaxGCPauseMillis=50
  - -XX:G1HeapRegionSize=32M
  - -Dlog4j.configurationFile=C:\Users\Miguel Leyesa\AppData\Roaming\.minecraft\assets\log_configs\client-1.12.xml
[22:14:32] [main/INFO]: OS: Windows 11 (v10.0) (Arch: amd64)
[22:14:32] [main/INFO]: Searching for graphics cards...
[22:14:32] [main/INFO]: Initializing MixinExtras via com.llamalad7.mixinextras.service.MixinExtrasServiceImpl(version=0.3.5).
[22:14:33] [main/INFO]: Found graphics card: GraphicsAdapterInfo[vendor=NVIDIA, name=NVIDIA GeForce RTX 3050 Laptop GPU, version=DriverVersion=31.0.15.4629]
[22:14:33] [main/INFO]: Found graphics card: GraphicsAdapterInfo[vendor=INTEL, name=Intel(R) UHD Graphics, version=DriverVersion=30.0.100.9864]
[22:14:33] [main/WARN]: Sodium has applied one or more workarounds to prevent crashes or other issues on your system: [NVIDIA_THREADED_OPTIMIZATIONS]
[22:14:33] [main/WARN]: This is not necessarily an issue, but it may result in certain features or optimizations being disabled. You can sometimes fix these issues by upgrading your graphics driver.
[22:14:38] [main/WARN]: @ModifyConstant conflict. Skipping mixins.tweakeroo.json:MixinStructureBlockBlockEntity from mod tweakeroo->@ModifyConstant::overrideMaxSize(I)I with priority 999, already redirected by carpet.mixins.json:StructureBlockEntity_limitsMixin from mod carpet->@ModifyConstant::negativeLimit(I)I with priority 1000
[22:14:38] [main/WARN]: @ModifyConstant conflict. Skipping mixins.tweakeroo.json:MixinStructureBlockBlockEntity from mod tweakeroo->@ModifyConstant::overrideMaxSize(I)I with priority 999, already redirected by carpet.mixins.json:StructureBlockEntity_limitsMixin from mod carpet->@ModifyConstant::positiveLimit(I)I with priority 1000
[22:14:38] [main/WARN]: @ModifyConstant conflict. Skipping mixins.tweakeroo.json:MixinStructureBlockBlockEntity from mod tweakeroo->@ModifyConstant::overrideMaxSize(I)I with priority 999, already redirected by carpet.mixins.json:StructureBlockEntity_limitsMixin from mod carpet->@ModifyConstant::negativeLimit(I)I with priority 1000
[22:14:38] [main/WARN]: @ModifyConstant conflict. Skipping mixins.tweakeroo.json:MixinStructureBlockBlockEntity from mod tweakeroo->@ModifyConstant::overrideMaxSize(I)I with priority 999, already redirected by carpet.mixins.json:StructureBlockEntity_limitsMixin from mod carpet->@ModifyConstant::positiveLimit(I)I with priority 1000
[22:14:38] [main/WARN]: @ModifyConstant conflict. Skipping mixins.tweakeroo.json:MixinStructureBlockBlockEntity from mod tweakeroo->@ModifyConstant::overrideMaxSize(I)I with priority 999, already redirected by carpet.mixins.json:StructureBlockEntity_limitsMixin from mod carpet->@ModifyConstant::negativeLimit(I)I with priority 1000
[22:14:38] [main/WARN]: @ModifyConstant conflict. Skipping mixins.tweakeroo.json:MixinStructureBlockBlockEntity from mod tweakeroo->@ModifyConstant::overrideMaxSize(I)I with priority 999, already redirected by carpet.mixins.json:StructureBlockEntity_limitsMixin from mod carpet->@ModifyConstant::positiveLimit(I)I with priority 1000
[22:14:38] [main/WARN]: @ModifyConstant conflict. Skipping mixins.tweakeroo.json:MixinStructureBlockBlockEntity from mod tweakeroo->@ModifyConstant::overrideMaxSize(I)I with priority 999, already redirected by carpet.mixins.json:StructureBlockEntity_limitsMixin from mod carpet->@ModifyConstant::positiveLimit(I)I with priority 1000
[22:14:38] [main/WARN]: @ModifyConstant conflict. Skipping mixins.tweakeroo.json:MixinStructureBlockBlockEntity from mod tweakeroo->@ModifyConstant::overrideMaxSize(I)I with priority 999, already redirected by carpet.mixins.json:StructureBlockEntity_limitsMixin from mod carpet->@ModifyConstant::positiveLimit(I)I with priority 1000
[22:14:38] [main/WARN]: @ModifyConstant conflict. Skipping mixins.tweakeroo.json:MixinStructureBlockBlockEntity from mod tweakeroo->@ModifyConstant::overrideMaxSize(I)I with priority 999, already redirected by carpet.mixins.json:StructureBlockEntity_limitsMixin from mod carpet->@ModifyConstant::positiveLimit(I)I with priority 1000
[22:14:41] [Datafixer Bootstrap/INFO]: 198 Datafixer optimizations took 263 milliseconds
[22:14:44] [Render thread/INFO]: Environment: Environment[sessionHost=https://sessionserver.mojang.com, servicesHost=https://api.minecraftservices.com, name=PROD]
[22:14:44] [Render thread/INFO]: Setting user: 16thGarden
[22:14:45] [Render thread/INFO]: Starting DI!
[22:14:45] [Render thread/INFO]: Authenticating to Mojang as 16thGarden (dc0548c7-2c22-450e-91f5-2a17cfde2a12)
[22:14:45] [DefaultDispatcher-worker-1/INFO]: Connecting to Essential Connection Manager...
[22:14:45] [DefaultDispatcher-worker-1/INFO]: Using Default JreDnsResolver
[22:14:45] [DefaultDispatcher-worker-1/INFO]: Using Default JreSocketFactory
[22:14:45] [Render thread/INFO]: XRay mod has been initialized
[22:14:46] [Render thread/INFO]: [citresewn] Registering CIT Conditions
[22:14:46] [Render thread/INFO]: [citresewn] Registering CIT Types
[22:14:46] [Render thread/INFO]: [Indigo] Different rendering plugin detected; not applying Indigo.
[22:14:46] [Render thread/INFO]: OptiFine not detected.
[22:14:46] [WebSocketConnectReadThread-74/INFO]: Connected to Essential Connection Manager.
[22:14:46] [Render thread/INFO]: Backend library: LWJGL version 3.3.2-snapshot
[22:14:46] [Render thread/WARN]: Applying workaround: Prevent the NVIDIA OpenGL driver from using broken optimizations (NVIDIA_THREADED_OPTIMIZATIONS)
[22:14:47] [Render thread/INFO]: All capabilities met
[22:14:47] [Render thread/INFO]: Enabling Nvidium
[22:14:47] [Render thread/INFO]: OpenGL Vendor: NVIDIA Corporation
[22:14:47] [Render thread/INFO]: OpenGL Renderer: NVIDIA GeForce RTX 3050 Laptop GPU/PCIe/SSE2
[22:14:47] [Render thread/INFO]: OpenGL Version: 3.2.0 NVIDIA 546.29
[22:14:47] [Render thread/WARN]: Pack file/coffee totem declared support for versions [16, 22] but declared main format is 9, defaulting to 9
[22:14:47] [ForkJoinPool.commonPool-worker-1/INFO]: [STDERR]: org.objectweb.asm.tree.analysis.AnalyzerException: Error at instruction 137: Trying to set an inexistant local variable 9
[22:14:47] [ForkJoinPool.commonPool-worker-1/INFO]: [STDERR]: 	at org.objectweb.asm.tree.analysis.Analyzer.analyze(Analyzer.java:279)
[22:14:47] [ForkJoinPool.commonPool-worker-1/INFO]: [STDERR]: 	at org.spongepowered.asm.util.Locals.generateLocalVariableTable(Locals.java:859)
[22:14:47] [ForkJoinPool.commonPool-worker-1/INFO]: [STDERR]: 	at org.spongepowered.asm.util.Locals.getGeneratedLocalVariableTable(Locals.java:828)
[22:14:47] [ForkJoinPool.commonPool-worker-1/INFO]: [STDERR]: 	at org.spongepowered.asm.util.Locals.getLocalVariableAt(Locals.java:782)
[22:14:47] [ForkJoinPool.commonPool-worker-1/INFO]: [STDERR]: 	at org.spongepowered.asm.util.Locals.getLocalVariableAt(Locals.java:752)
[22:14:47] [ForkJoinPool.commonPool-worker-1/INFO]: [STDERR]: 	at org.spongepowered.asm.util.Locals.getLocalsAt(Locals.java:529)
[22:14:47] [ForkJoinPool.commonPool-worker-1/INFO]: [STDERR]: 	at org.spongepowered.asm.util.Locals.getLocalsAt(Locals.java:336)
[22:14:47] [ForkJoinPool.commonPool-worker-1/INFO]: [STDERR]: 	at org.spongepowered.asm.mixin.injection.modify.LocalVariableDiscriminator$Context.initLocals(LocalVariableDiscriminator.java:154)
[22:14:47] [ForkJoinPool.commonPool-worker-1/INFO]: [STDERR]: 	at org.spongepowered.asm.mixin.injection.modify.LocalVariableDiscriminator$Context.<init>(LocalVariableDiscriminator.java:148)
[22:14:47] [ForkJoinPool.commonPool-worker-1/INFO]: [STDERR]: 	at org.spongepowered.asm.mixin.injection.modify.ModifyVariableInjector$Context.<init>(ModifyVariableInjector.java:71)
[22:14:47] [ForkJoinPool.commonPool-worker-1/INFO]: [STDERR]: 	at org.spongepowered.asm.mixin.injection.modify.ModifyVariableInjector.preInject(ModifyVariableInjector.java:159)
[22:14:47] [ForkJoinPool.commonPool-worker-1/INFO]: [STDERR]: 	at org.spongepowered.asm.mixin.injection.code.Injector.preInject(Injector.java:258)
[22:14:47] [ForkJoinPool.commonPool-worker-1/INFO]: [STDERR]: 	at org.spongepowered.asm.mixin.injection.struct.InjectionInfo.preInject(InjectionInfo.java:436)
[22:14:47] [ForkJoinPool.commonPool-worker-1/INFO]: [STDERR]: 	at org.spongepowered.asm.mixin.transformer.MixinTargetContext.applyInjections(MixinTargetContext.java:1370)
[22:14:47] [ForkJoinPool.commonPool-worker-1/INFO]: [STDERR]: 	at org.spongepowered.asm.mixin.transformer.MixinApplicatorStandard.applyInjections(MixinApplicatorStandard.java:1062)
[22:14:47] [ForkJoinPool.commonPool-worker-1/INFO]: [STDERR]: 	at org.spongepowered.asm.mixin.transformer.MixinApplicatorStandard.applyMixin(MixinApplicatorStandard.java:402)
[22:14:47] [ForkJoinPool.commonPool-worker-1/INFO]: [STDERR]: 	at org.spongepowered.asm.mixin.transformer.MixinApplicatorStandard.apply(MixinApplicatorStandard.java:327)
[22:14:47] [ForkJoinPool.commonPool-worker-1/INFO]: [STDERR]: 	at org.spongepowered.asm.mixin.transformer.TargetClassContext.apply(TargetClassContext.java:421)
[22:14:47] [ForkJoinPool.commonPool-worker-1/INFO]: [STDERR]: 	at org.spongepowered.asm.mixin.transformer.TargetClassContext.applyMixins(TargetClassContext.java:403)
[22:14:47] [ForkJoinPool.commonPool-worker-1/INFO]: [STDERR]: 	at org.spongepowered.asm.mixin.transformer.MixinProcessor.applyMixins(MixinProcessor.java:363)
[22:14:47] [ForkJoinPool.commonPool-worker-1/INFO]: [STDERR]: 	at org.spongepowered.asm.mixin.transformer.MixinTransformer.transformClass(MixinTransformer.java:234)
[22:14:47] [ForkJoinPool.commonPool-worker-1/INFO]: [STDERR]: 	at org.spongepowered.asm.mixin.transformer.MixinTransformer.transformClassBytes(MixinTransformer.java:202)
[22:14:47] [ForkJoinPool.commonPool-worker-1/INFO]: [STDERR]: 	at net.fabricmc.loader.impl.launch.knot.KnotClassDelegate.getPostMixinClassByteArray(KnotClassDelegate.java:422)
[22:14:47] [ForkJoinPool.commonPool-worker-1/INFO]: [STDERR]: 	at net.fabricmc.loader.impl.launch.knot.KnotClassDelegate.tryLoadClass(KnotClassDelegate.java:323)
[22:14:47] [ForkJoinPool.commonPool-worker-1/INFO]: [STDERR]: 	at net.fabricmc.loader.impl.launch.knot.KnotClassDelegate.loadClass(KnotClassDelegate.java:218)
[22:14:47] [ForkJoinPool.commonPool-worker-1/INFO]: [STDERR]: 	at net.fabricmc.loader.impl.launch.knot.KnotClassLoader.loadClass(KnotClassLoader.java:119)
[22:14:47] [ForkJoinPool.commonPool-worker-1/INFO]: [STDERR]: 	at java.base/java.lang.ClassLoader.loadClass(ClassLoader.java:525)
[22:14:47] [ForkJoinPool.commonPool-worker-1/INFO]: [STDERR]: 	at gg.essential.universal.UGraphics.<clinit>(UGraphics.java:788)
[22:14:47] [ForkJoinPool.commonPool-worker-1/INFO]: [STDERR]: 	at gg.essential.elementa.components.UIImage._init_$lambda-1(UIImage.kt:60)
[22:14:47] [ForkJoinPool.commonPool-worker-1/INFO]: [STDERR]: 	at java.base/java.util.concurrent.CompletableFuture$UniAccept.tryFire(CompletableFuture.java:718)
[22:14:47] [ForkJoinPool.commonPool-worker-1/INFO]: [STDERR]: 	at java.base/java.util.concurrent.CompletableFuture$Completion.exec(CompletableFuture.java:483)
[22:14:47] [ForkJoinPool.commonPool-worker-1/INFO]: [STDERR]: 	at java.base/java.util.concurrent.ForkJoinTask.doExec(ForkJoinTask.java:373)
[22:14:47] [ForkJoinPool.commonPool-worker-1/INFO]: [STDERR]: 	at java.base/java.util.concurrent.ForkJoinPool$WorkQueue.topLevelExec(ForkJoinPool.java:1182)
[22:14:47] [ForkJoinPool.commonPool-worker-1/INFO]: [STDERR]: 	at java.base/java.util.concurrent.ForkJoinPool.scan(ForkJoinPool.java:1655)
[22:14:47] [ForkJoinPool.commonPool-worker-1/INFO]: [STDERR]: 	at java.base/java.util.concurrent.ForkJoinPool.runWorker(ForkJoinPool.java:1622)
[22:14:47] [ForkJoinPool.commonPool-worker-1/INFO]: [STDERR]: 	at java.base/java.util.concurrent.ForkJoinWorkerThread.run(ForkJoinWorkerThread.java:165)
[22:14:47] [ForkJoinPool.commonPool-worker-1/INFO]: [STDERR]: Caused by: java.lang.IndexOutOfBoundsException: Trying to set an inexistant local variable 9
[22:14:47] [ForkJoinPool.commonPool-worker-1/INFO]: [STDERR]: 	at org.objectweb.asm.tree.analysis.Frame.setLocal(Frame.java:208)
[22:14:47] [ForkJoinPool.commonPool-worker-1/INFO]: [STDERR]: 	at org.objectweb.asm.tree.analysis.Frame.execute(Frame.java:337)
[22:14:47] [ForkJoinPool.commonPool-worker-1/INFO]: [STDERR]: 	at org.objectweb.asm.tree.analysis.Analyzer.analyze(Analyzer.java:171)
[22:14:47] [ForkJoinPool.commonPool-worker-1/INFO]: [STDERR]: 	... 35 more
[22:14:49] [Render thread/INFO]: Reloading ResourceManager: vanilla, fabric, advanced-xray-fabric, appleskin, carpet, citresewn, citresewn-defaults, cloth-config, entityculling, essential, essential-container, essential-loader, fabric-api, fabric-api-base, fabric-api-lookup-api-v1, fabric-biome-api-v1, fabric-block-api-v1, fabric-block-view-api-v2, fabric-blockrenderlayer-v1, fabric-client-tags-api-v1, fabric-command-api-v1, fabric-command-api-v2, fabric-commands-v0, fabric-containers-v0, fabric-content-registries-v0, fabric-convention-tags-v1, fabric-crash-report-info-v1, fabric-data-attachment-api-v1, fabric-data-generation-api-v1, fabric-dimensions-v1, fabric-entity-events-v1, fabric-events-interaction-v0, fabric-events-lifecycle-v0, fabric-game-rule-api-v1, fabric-item-api-v1, fabric-item-group-api-v1, fabric-key-binding-api-v1, fabric-keybindings-v0, fabric-language-kotlin, fabric-lifecycle-events-v1, fabric-loot-api-v2, fabric-message-api-v1, fabric-mining-level-api-v1, fabric-model-loading-api-v1, fabric-models-v0, fabric-networking-api-v1, fabric-object-builder-api-v1, fabric-particles-v1, fabric-recipe-api-v1, fabric-registry-sync-v0, fabric-renderer-api-v1, fabric-renderer-indigo, fabric-renderer-registries-v1, fabric-rendering-data-attachment-v1, fabric-rendering-fluids-v1, fabric-rendering-v0, fabric-rendering-v1, fabric-resource-conditions-api-v1, fabric-resource-loader-v0, fabric-screen-api-v1, fabric-screen-handler-api-v1, fabric-sound-api-v1, fabric-transfer-api-v1, fabric-transitive-access-wideners-v1, fabricloader, itemscroller, litematica, lithium, logical_zoom, malilib, minihud, nvidium, sodium, tweakeroo, file/VanillaTweaks_r501868.zip, file/VIllager Schedule Clock.zip, essential
[22:14:50] [Worker-Main-9/INFO]: Found unifont_all_no_pua-15.1.04.hex, loading
[22:14:51] [Render thread/INFO]: Client started, setting up xray store
[22:14:52] [DefaultDispatcher-worker-12/INFO]: Connected to Discord as starbuckslarge
[22:14:53] [Render thread/WARN]: Missing sound for event: minecraft:item.goat_horn.play
[22:14:53] [Render thread/WARN]: Missing sound for event: minecraft:entity.goat.screaming.horn_break
[22:14:53] [Render thread/WARN]: Missing sound for event: minecraft:entity.generic.wind_burst
[22:14:53] [Render thread/INFO]: OpenAL initialized on device OpenAL Soft on Speakers (Razer Kraken Kitty Edition)
[22:14:53] [Render thread/INFO]: Sound engine started
[22:14:53] [Render thread/INFO]: Created: 1024x512x4 minecraft:textures/atlas/blocks.png-atlas
[22:14:53] [Render thread/INFO]: Created: 256x256x4 minecraft:textures/atlas/signs.png-atlas
[22:14:53] [Render thread/INFO]: Created: 512x512x4 minecraft:textures/atlas/banner_patterns.png-atlas
[22:14:53] [Render thread/INFO]: Created: 512x512x4 minecraft:textures/atlas/shield_patterns.png-atlas
[22:14:53] [Render thread/INFO]: Created: 1024x1024x4 minecraft:textures/atlas/armor_trims.png-atlas
[22:14:53] [Render thread/INFO]: Created: 256x256x4 minecraft:textures/atlas/chest.png-atlas
[22:14:53] [Render thread/INFO]: Created: 128x64x4 minecraft:textures/atlas/decorated_pot.png-atlas
[22:14:53] [Render thread/INFO]: Created: 512x256x4 minecraft:textures/atlas/beds.png-atlas
[22:14:53] [Render thread/INFO]: Created: 512x256x4 minecraft:textures/atlas/shulker_boxes.png-atlas
[22:14:53] [Render thread/WARN]: Shader rendertype_entity_translucent_emissive could not find sampler named Sampler2 in the specified shader program.
[22:14:53] [Render thread/INFO]: Created: 512x256x0 minecraft:textures/atlas/particles.png-atlas
[22:14:53] [Render thread/INFO]: Created: 256x256x0 minecraft:textures/atlas/paintings.png-atlas
[22:14:53] [Render thread/INFO]: Created: 128x128x0 minecraft:textures/atlas/mob_effects.png-atlas
[22:14:53] [Render thread/INFO]: Created: 1024x512x0 minecraft:textures/atlas/gui.png-atlas
[22:14:53] [Render thread/WARN]: Backend failed to unlock capes (Optional[ResponseActionPacket{successful=false, errorMessage='null'}]):
[22:14:53] [Render thread/WARN]:   - 15th Anniversary:
[22:14:53] [Render thread/WARN]:       Id: ef9e95b6-48a3-4fd7-93d4-7e7d9448d2f1
[22:14:53] [Render thread/WARN]:       Url: http://textures.minecraft.net/texture/cd9d82ab17fd92022dbd4a86cde4c382a7540e117fae7b9a2853658505a80625
[22:14:53] [Render thread/WARN]:       Proof of ownership: ewogICJ0aW1lc3RhbXAiIDogMTcxNjIxNDQ4NDgwNywKICAicHJvZmlsZUlkIiA6ICJkYzA1NDhjNzJjMjI0NTBlOTFmNTJhMTdjZmRlMmExMiIsCiAgInByb2ZpbGVOYW1lIiA6ICIxNnRoR2FyZGVuIiwKICAic2lnbmF0dXJlUmVxdWlyZWQiIDogdHJ1ZSwKICAidGV4dHVyZXMiIDogewogICAgIlNLSU4iIDogewogICAgICAidXJsIiA6ICJodHRwOi8vdGV4dHVyZXMubWluZWNyYWZ0Lm5ldC90ZXh0dXJlLzc2YTU5MTE3ZDAyOWNjNjZhNzU4NzA5ZmU2ODUzYzM5MDM0OGEzNGU3ZThhYjcwZTM3ZjAwOWNkNmIyM2M4YzgiLAogICAgICAibWV0YWRhdGEiIDogewogICAgICAgICJtb2RlbCIgOiAic2xpbSIKICAgICAgfQogICAgfQogIH0KfQ==
[22:14:53] [Render thread/WARN]:       Signature: g16MIg5sKdZief3YxfnWaH3yf66AbhR4rQdLojKUJizenRMeq3ADpTMvZdIqXTXH6iOnLeOTjIRbFX7LaYgIpvhBJeuNaym5eRkvs1CyKXP9tl1NaHK9fgYVHfAZqGueo9S64cxZj52iFdWvGLSvhmM6xuY5rPx8oGRIARGL3wiEQP4afdsDuhrFDXFqD9uTgq6sqYWOFcsa6w0DsbN554FmP+2uP8OfKMun53q7rUqPNdITc1XLGmJSQqTtUHGivnmRtojAFps76tlDepET4YDiwWCi6zogJv54MJHM0FK28avnMMW4nB3K9cPCogee0oHAgTBeP9kKrwFZoViitgXU82ZLE+U+Gj9ptMNHCb3J5sBqvaP2VgZZQRU+7LOTQ1I/JxXValMA9I3eiZYRS0Rf7NTQVgIp4+DNrmlmQ0aY76UsEV0l+TzfumNRJYFnHK34AQ5z4QKxQ9ffqQ4N9RM7D2LPtqMaQNWK5GRPy6AN/K9vcecWV5qgBORZk2P3bFwB7LDRUzKZAXjm5TqQoibZxEEfrB9f+4kmictELx+Wx4koOk2AUdDYxrBtLbZpuw4utFACDy8+ElBUSUJADZCBYqDMTfDgQfustmotGiMPESvijRYXrwXynT2zYXQQUC5sl3osQ2Xs8KYU4o1AiN4sIk1nUP4s8bR+ZaTE3T8=
[22:14:55] [Render thread/WARN]: Shader cabb2374eda405e66b897908637abd1da5deac52 could not find uniform named subpixel_amount in the specified shader program.
[22:15:19] [Render thread/WARN]: Pack file/coffee totem declared support for versions [16, 22] but declared main format is 9, defaulting to 9
[22:15:19] [Render thread/WARN]: Failed to load icon from pack file/Identifiable Powdered Snow Minecraft Modder
java.io.IOException: Bad PNG Signature
	at net.minecraft.class_8800.method_54945(class_8800.java:44) ~[client-intermediary.jar:?]
	at net.minecraft.class_1011.method_4303(class_1011.java:135) ~[client-intermediary.jar:?]
	at net.minecraft.class_1011.method_4310(class_1011.java:107) ~[client-intermediary.jar:?]
	at net.minecraft.class_1011.method_4309(class_1011.java:98) ~[client-intermediary.jar:?]
	at net.minecraft.class_5375.method_30289(class_5375.java:289) ~[client-intermediary.jar:?]
	at net.minecraft.class_5375.method_30288(class_5375.java:300) ~[client-intermediary.jar:?]
	at java.util.HashMap.computeIfAbsent(HashMap.java:1220) ~[?:?]
	at net.minecraft.class_5375.method_30287(class_5375.java:300) ~[client-intermediary.jar:?]
	at net.minecraft.class_5369$class_5372.method_30286(class_5369.java:126) ~[client-intermediary.jar:?]
	at net.minecraft.class_521$class_4271.method_25343(class_521.java:137) ~[client-intermediary.jar:?]
	at net.minecraft.class_350.method_44397(class_350.java:411) ~[client-intermediary.jar:?]
	at net.minecraft.class_350.method_25311(class_350.java:396) ~[client-intermediary.jar:?]
	at net.minecraft.class_350.method_48579(class_350.java:184) ~[client-intermediary.jar:?]
	at net.minecraft.class_339.method_25394(class_339.java:66) ~[client-intermediary.jar:?]
	at net.minecraft.class_437.method_25394(class_437.java:121) ~[client-intermediary.jar:?]
	at net.minecraft.class_5375.method_25394(class_5375.java:182) ~[client-intermediary.jar:?]
	at net.minecraft.class_437.method_47413(class_437.java:110) ~[client-intermediary.jar:?]
	at net.minecraft.class_757.mixinextras$bridge$method_47413$201(class_757.java) ~[client-intermediary.jar:?]
	at net.minecraft.class_757.wrapOperation$bgd000$fabric-screen-api-v1$onRenderScreen(class_757.java:2111) ~[client-intermediary.jar:?]
	at net.minecraft.class_757.method_3192(class_757.java:931) ~[client-intermediary.jar:?]
	at net.minecraft.class_310.method_1523(class_310.java:1327) ~[client-intermediary.jar:?]
	at net.minecraft.class_310.method_1514(class_310.java:888) ~[client-intermediary.jar:?]
	at net.minecraft.client.main.Main.main(Main.java:265) ~[fabric-loader-0.15.7-1.20.4.jar:?]
	at net.fabricmc.loader.impl.game.minecraft.MinecraftGameProvider.launch(MinecraftGameProvider.java:470) ~[fabric-loader-0.15.7.jar:?]
	at net.fabricmc.loader.impl.launch.knot.Knot.launch(Knot.java:74) ~[fabric-loader-0.15.7.jar:?]
	at net.fabricmc.loader.impl.launch.knot.KnotClient.main(KnotClient.java:23) ~[fabric-loader-0.15.7.jar:?]
[22:15:35] [Render thread/WARN]: Pack file/coffee totem declared support for versions [16, 22] but declared main format is 9, defaulting to 9
[22:15:35] [Render thread/WARN]: Failed to load icon from pack file/Identifiable Powdered Snow Minecraft Modder
java.io.IOException: Bad PNG Signature
	at net.minecraft.class_8800.method_54945(class_8800.java:44) ~[client-intermediary.jar:?]
	at net.minecraft.class_1011.method_4303(class_1011.java:135) ~[client-intermediary.jar:?]
	at net.minecraft.class_1011.method_4310(class_1011.java:107) ~[client-intermediary.jar:?]
	at net.minecraft.class_1011.method_4309(class_1011.java:98) ~[client-intermediary.jar:?]
	at net.minecraft.class_5375.method_30289(class_5375.java:289) ~[client-intermediary.jar:?]
	at net.minecraft.class_5375.method_30288(class_5375.java:300) ~[client-intermediary.jar:?]
	at java.util.HashMap.computeIfAbsent(HashMap.java:1220) ~[?:?]
	at net.minecraft.class_5375.method_30287(class_5375.java:300) ~[client-intermediary.jar:?]
	at net.minecraft.class_5369$class_5372.method_30286(class_5369.java:126) ~[client-intermediary.jar:?]
	at net.minecraft.class_521$class_4271.method_25343(class_521.java:137) ~[client-intermediary.jar:?]
	at net.minecraft.class_350.method_44397(class_350.java:411) ~[client-intermediary.jar:?]
	at net.minecraft.class_350.method_25311(class_350.java:396) ~[client-intermediary.jar:?]
	at net.minecraft.class_350.method_48579(class_350.java:184) ~[client-intermediary.jar:?]
	at net.minecraft.class_339.method_25394(class_339.java:66) ~[client-intermediary.jar:?]
	at net.minecraft.class_437.method_25394(class_437.java:121) ~[client-intermediary.jar:?]
	at net.minecraft.class_5375.method_25394(class_5375.java:182) ~[client-intermediary.jar:?]
	at net.minecraft.class_437.method_47413(class_437.java:110) ~[client-intermediary.jar:?]
	at net.minecraft.class_757.mixinextras$bridge$method_47413$201(class_757.java) ~[client-intermediary.jar:?]
	at net.minecraft.class_757.wrapOperation$bgd000$fabric-screen-api-v1$onRenderScreen(class_757.java:2111) ~[client-intermediary.jar:?]
	at net.minecraft.class_757.method_3192(class_757.java:931) ~[client-intermediary.jar:?]
	at net.minecraft.class_310.method_1523(class_310.java:1327) ~[client-intermediary.jar:?]
	at net.minecraft.class_310.method_1514(class_310.java:888) ~[client-intermediary.jar:?]
	at net.minecraft.client.main.Main.main(Main.java:265) ~[fabric-loader-0.15.7-1.20.4.jar:?]
	at net.fabricmc.loader.impl.game.minecraft.MinecraftGameProvider.launch(MinecraftGameProvider.java:470) ~[fabric-loader-0.15.7.jar:?]
	at net.fabricmc.loader.impl.launch.knot.Knot.launch(Knot.java:74) ~[fabric-loader-0.15.7.jar:?]
	at net.fabricmc.loader.impl.launch.knot.KnotClient.main(KnotClient.java:23) ~[fabric-loader-0.15.7.jar:?]
[22:15:37] [Render thread/WARN]: Pack file/coffee totem declared support for versions [16, 22] but declared main format is 9, defaulting to 9
[22:15:37] [Render thread/INFO]: Reloading ResourceManager: vanilla, fabric, advanced-xray-fabric, appleskin, carpet, citresewn, citresewn-defaults, cloth-config, entityculling, essential, essential-container, essential-loader, fabric-api, fabric-api-base, fabric-api-lookup-api-v1, fabric-biome-api-v1, fabric-block-api-v1, fabric-block-view-api-v2, fabric-blockrenderlayer-v1, fabric-client-tags-api-v1, fabric-command-api-v1, fabric-command-api-v2, fabric-commands-v0, fabric-containers-v0, fabric-content-registries-v0, fabric-convention-tags-v1, fabric-crash-report-info-v1, fabric-data-attachment-api-v1, fabric-data-generation-api-v1, fabric-dimensions-v1, fabric-entity-events-v1, fabric-events-interaction-v0, fabric-events-lifecycle-v0, fabric-game-rule-api-v1, fabric-item-api-v1, fabric-item-group-api-v1, fabric-key-binding-api-v1, fabric-keybindings-v0, fabric-language-kotlin, fabric-lifecycle-events-v1, fabric-loot-api-v2, fabric-message-api-v1, fabric-mining-level-api-v1, fabric-model-loading-api-v1, fabric-models-v0, fabric-networking-api-v1, fabric-object-builder-api-v1, fabric-particles-v1, fabric-recipe-api-v1, fabric-registry-sync-v0, fabric-renderer-api-v1, fabric-renderer-indigo, fabric-renderer-registries-v1, fabric-rendering-data-attachment-v1, fabric-rendering-fluids-v1, fabric-rendering-v0, fabric-rendering-v1, fabric-resource-conditions-api-v1, fabric-resource-loader-v0, fabric-screen-api-v1, fabric-screen-handler-api-v1, fabric-sound-api-v1, fabric-transfer-api-v1, fabric-transitive-access-wideners-v1, fabricloader, itemscroller, litematica, lithium, logical_zoom, malilib, minihud, nvidium, sodium, tweakeroo, file/VanillaTweaks_r501868.zip, file/Faithful 64x - Release 3.zip, file/VIllager Schedule Clock.zip, file/axolotl totem, essential
[22:15:37] [Worker-Main-8/INFO]: Found unifont_all_no_pua-15.1.04.hex, loading
[22:15:38] [Render thread/WARN]: Missing sound for event: minecraft:item.goat_horn.play
[22:15:38] [Render thread/WARN]: Missing sound for event: minecraft:entity.goat.screaming.horn_break
[22:15:38] [Render thread/WARN]: Missing sound for event: minecraft:entity.generic.wind_burst
[22:15:38] [Render thread/INFO]: OpenAL initialized on device OpenAL Soft on Speakers (Razer Kraken Kitty Edition)
[22:15:38] [Render thread/INFO]: Sound engine started
[22:15:39] [Render thread/INFO]: Created: 4096x2048x4 minecraft:textures/atlas/blocks.png-atlas
[22:15:39] [Render thread/INFO]: Created: 1024x1024x4 minecraft:textures/atlas/signs.png-atlas
[22:15:39] [Render thread/INFO]: Created: 2048x2048x4 minecraft:textures/atlas/banner_patterns.png-atlas
[22:15:39] [Render thread/INFO]: Created: 2048x2048x4 minecraft:textures/atlas/shield_patterns.png-atlas
[22:15:39] [Render thread/INFO]: Created: 4096x4096x4 minecraft:textures/atlas/armor_trims.png-atlas
[22:15:39] [Render thread/INFO]: Created: 1024x1024x4 minecraft:textures/atlas/chest.png-atlas
[22:15:39] [Render thread/INFO]: Created: 512x256x4 minecraft:textures/atlas/decorated_pot.png-atlas
[22:15:39] [Render thread/INFO]: Created: 2048x1024x4 minecraft:textures/atlas/beds.png-atlas
[22:15:39] [Render thread/INFO]: Created: 2048x1024x4 minecraft:textures/atlas/shulker_boxes.png-atlas
[22:15:39] [Render thread/WARN]: Shader rendertype_entity_translucent_emissive could not find sampler named Sampler2 in the specified shader program.
[22:15:39] [Render thread/INFO]: Created: 1024x1024x0 minecraft:textures/atlas/particles.png-atlas
[22:15:39] [Render thread/INFO]: Created: 1024x1024x0 minecraft:textures/atlas/paintings.png-atlas
[22:15:39] [Render thread/INFO]: Created: 512x512x0 minecraft:textures/atlas/mob_effects.png-atlas
[22:15:39] [Render thread/INFO]: Created: 4096x2048x0 minecraft:textures/atlas/gui.png-atlas
[22:16:27] [Render thread/INFO]: Loaded 7 recipes
[22:16:28] [Render thread/INFO]: Loaded 1271 advancements
[22:16:28] [Render thread/INFO]: Applied 0 biome modifications to 0 of 64 new biomes in 2.076 ms
[22:16:28] [Render thread/WARN]: @Redirect conflict. Skipping mixins.tweakeroo.json:MixinServerPlayNetworkHandler from mod tweakeroo->@Redirect::tweakeroo_removeHitPosCheck(Lnet/minecraft/class_243;Lnet/minecraft/class_243;)Lnet/minecraft/class_243; with priority 1005, already redirected by mixins.litematica.json:MixinServerPlayNetworkHandler from mod litematica->@Redirect::litematica_removeHitPosCheck(Lnet/minecraft/class_243;Lnet/minecraft/class_243;)Lnet/minecraft/class_243; with priority 1010
[22:16:28] [Server thread/INFO]: Starting integrated minecraft server version 1.20.4
[22:16:28] [Server thread/INFO]: Generating keypair
[22:16:30] [Server thread/INFO]: Preparing start region for dimension minecraft:overworld
[22:16:33] [Render thread/INFO]: Preparing spawn area: 0%
[22:16:33] [Render thread/INFO]: Preparing spawn area: 0%
[22:16:33] [Render thread/INFO]: Preparing spawn area: 0%
[22:16:33] [Render thread/INFO]: Preparing spawn area: 0%
[22:16:33] [Render thread/INFO]: Preparing spawn area: 0%
[22:16:33] [Render thread/INFO]: Preparing spawn area: 0%
[22:16:33] [Render thread/INFO]: Preparing spawn area: 0%
[22:16:33] [Render thread/INFO]: Preparing spawn area: 0%
[22:16:34] [Render thread/INFO]: Preparing spawn area: 5%
[22:16:34] [Render thread/INFO]: Preparing spawn area: 88%
[22:16:34] [Render thread/INFO]: Time elapsed: 4543 ms
[22:16:34] [Server thread/INFO]: Changing view distance to 16, from 10
[22:16:34] [Server thread/INFO]: Changing simulation distance to 12, from 0
[22:16:35] [Server thread/INFO]: 16thGarden[local:E:89cdc841] logged in with entity id 323 at (-47.33486350861519, 60.0, -25.732260838716236)
[22:16:35] [Server thread/INFO]: 16thGarden joined the game
[22:16:36] [Render thread/INFO]: Started 6 worker threads
[22:16:36] [Render thread/INFO]: Using 3 total BufferBuilder caches
[22:16:36] [Render thread/WARN]: Unable to read property: west with value: false for blockstate: {Name:"minecraft:cobblestone_wall",Properties:{east:"false",north:"false",south:"false",up:"false",west:"false"}}
[22:16:36] [Render thread/WARN]: Unable to read property: east with value: false for blockstate: {Name:"minecraft:cobblestone_wall",Properties:{east:"false",north:"false",south:"false",up:"false",west:"false"}}
[22:16:36] [Render thread/WARN]: Unable to read property: south with value: false for blockstate: {Name:"minecraft:cobblestone_wall",Properties:{east:"false",north:"false",south:"false",up:"false",west:"false"}}
[22:16:36] [Render thread/WARN]: Unable to read property: north with value: false for blockstate: {Name:"minecraft:cobblestone_wall",Properties:{east:"false",north:"false",south:"false",up:"false",west:"false"}}
[22:16:36] [Render thread/WARN]: Unable to read property: west with value: false for blockstate: {Name:"minecraft:mossy_cobblestone_wall",Properties:{east:"false",north:"false",south:"false",up:"false",west:"false"}}
[22:16:36] [Render thread/WARN]: Unable to read property: east with value: false for blockstate: {Name:"minecraft:mossy_cobblestone_wall",Properties:{east:"false",north:"false",south:"false",up:"false",west:"false"}}
[22:16:36] [Render thread/WARN]: Unable to read property: south with value: false for blockstate: {Name:"minecraft:mossy_cobblestone_wall",Properties:{east:"false",north:"false",south:"false",up:"false",west:"false"}}
[22:16:36] [Render thread/WARN]: Unable to read property: north with value: false for blockstate: {Name:"minecraft:mossy_cobblestone_wall",Properties:{east:"false",north:"false",south:"false",up:"false",west:"false"}}
[22:16:37] [Render thread/INFO]: Loaded 1071 advancements
[22:18:13] [Render thread/INFO]: Stopping worker threads
[22:18:13] [Server thread/INFO]: Saving and pausing game...
[22:18:13] [Render thread/INFO]: Started 6 worker threads
[22:18:13] [Server thread/INFO]: Saving chunks for level 'ServerLevel[Epic survival world]'/minecraft:overworld
[22:18:13] [Render thread/INFO]: Stopping worker threads
[22:18:13] [Render thread/INFO]: Started 6 worker threads
[22:18:13] [Server thread/INFO]: Saving chunks for level 'ServerLevel[Epic survival world]'/minecraft:the_end
[22:18:13] [Server thread/INFO]: Saving chunks for level 'ServerLevel[Epic survival world]'/minecraft:the_nether
[22:18:38] [Render thread/WARN]: Received passengers for unknown entity
[22:18:38] [Render thread/WARN]: Received passengers for unknown entity
[22:18:41] [Render thread/WARN]: Received passengers for unknown entity
[22:18:54] [Render thread/INFO]: Stopping worker threads
[22:18:54] [Server thread/INFO]: Saving and pausing game...
[22:18:54] [Render thread/INFO]: Started 6 worker threads
[22:18:54] [Server thread/INFO]: Saving chunks for level 'ServerLevel[Epic survival world]'/minecraft:overworld
[22:18:54] [Render thread/INFO]: Stopping worker threads
[22:18:54] [Server thread/INFO]: Saving chunks for level 'ServerLevel[Epic survival world]'/minecraft:the_end
[22:18:54] [Server thread/INFO]: Saving chunks for level 'ServerLevel[Epic survival world]'/minecraft:the_nether
[22:18:54] [Render thread/INFO]: Started 6 worker threads
[22:19:34] [Server thread/WARN]: Mismatch in destroy block pos: class_2338{x=2601, y=66, z=-523} class_2338{x=2600, y=63, z=-527}
[22:19:35] [Server thread/WARN]: Mismatch in destroy block pos: class_2338{x=2601, y=66, z=-523} class_2338{x=2600, y=62, z=-528}
[22:19:35] [Server thread/WARN]: Mismatch in destroy block pos: class_2338{x=2601, y=66, z=-523} class_2338{x=2600, y=62, z=-528}
[22:19:35] [Server thread/WARN]: Mismatch in destroy block pos: class_2338{x=2601, y=66, z=-523} class_2338{x=2600, y=62, z=-528}
[22:24:34] [Server thread/WARN]: Mismatch in destroy block pos: class_2338{x=2596, y=22, z=-564} class_2338{x=2596, y=21, z=-565}
[22:26:17] [Render thread/WARN]: Unable to play empty soundEvent: minecraft:ambient.cave
[22:31:35] [Server thread/WARN]: 16thGarden moved wrongly!
[22:59:12] [Server thread/WARN]: Mismatch in destroy block pos: class_2338{x=2600, y=53, z=-533} class_2338{x=2601, y=56, z=-530}
[23:00:59] [Render thread/INFO]: Stopping worker threads
[23:00:59] [Server thread/INFO]: Saving and pausing game...
[23:00:59] [Server thread/INFO]: Saving chunks for level 'ServerLevel[Epic survival world]'/minecraft:overworld
[23:00:59] [Render thread/INFO]: Started 6 worker threads
[23:00:59] [Render thread/INFO]: Stopping worker threads
[23:00:59] [Render thread/INFO]: Started 6 worker threads
[23:01:00] [Server thread/INFO]: Saving chunks for level 'ServerLevel[Epic survival world]'/minecraft:the_end
[23:01:00] [Server thread/INFO]: Saving chunks for level 'ServerLevel[Epic survival world]'/minecraft:the_nether
[23:01:00] [Render thread/WARN]: Received passengers for unknown entity
[23:01:09] [Render thread/WARN]: Received passengers for unknown entity
[23:01:22] [Render thread/INFO]: Stopping worker threads
[23:01:22] [Server thread/INFO]: Saving and pausing game...
[23:01:22] [Render thread/INFO]: Started 6 worker threads
[23:01:22] [Server thread/INFO]: Saving chunks for level 'ServerLevel[Epic survival world]'/minecraft:overworld
[23:01:22] [Render thread/INFO]: Stopping worker threads
[23:01:22] [Server thread/INFO]: Saving chunks for level 'ServerLevel[Epic survival world]'/minecraft:the_end
[23:01:22] [Server thread/INFO]: Saving chunks for level 'ServerLevel[Epic survival world]'/minecraft:the_nether
[23:01:22] [Render thread/INFO]: Started 6 worker threads
[23:04:37] [Render thread/INFO]: Stopping worker threads
[23:04:37] [Server thread/INFO]: Saving and pausing game...
[23:04:37] [Server thread/INFO]: Saving chunks for level 'ServerLevel[Epic survival world]'/minecraft:overworld
[23:04:37] [Render thread/INFO]: Started 6 worker threads
[23:04:37] [Render thread/INFO]: Stopping worker threads
[23:04:37] [Render thread/INFO]: Started 6 worker threads
[23:04:37] [Server thread/INFO]: Saving chunks for level 'ServerLevel[Epic survival world]'/minecraft:the_end
[23:04:37] [Server thread/INFO]: Saving chunks for level 'ServerLevel[Epic survival world]'/minecraft:the_nether
[23:09:40] [Server thread/INFO]: Saving and pausing game...
[23:09:40] [Server thread/INFO]: Saving chunks for level 'ServerLevel[Epic survival world]'/minecraft:overworld
[23:09:40] [Server thread/INFO]: Saving chunks for level 'ServerLevel[Epic survival world]'/minecraft:the_end
[23:09:40] [Server thread/INFO]: Saving chunks for level 'ServerLevel[Epic survival world]'/minecraft:the_nether
[23:12:57] [Render thread/WARN]: Received passengers for unknown entity
[23:13:35] [Render thread/WARN]: Received passengers for unknown entity
[23:13:37] [Render thread/WARN]: Received passengers for unknown entity
[23:13:38] [Render thread/WARN]: Received passengers for unknown entity
[23:13:38] [Render thread/WARN]: Received passengers for unknown entity
[23:13:55] [Server thread/WARN]: Mismatch in destroy block pos: class_2338{x=66, y=118, z=-2} class_2338{x=68, y=119, z=-2}
[23:13:55] [Server thread/WARN]: Mismatch in destroy block pos: class_2338{x=66, y=118, z=-2} class_2338{x=68, y=119, z=-2}
[23:13:55] [Server thread/WARN]: Mismatch in destroy block pos: class_2338{x=66, y=118, z=-2} class_2338{x=68, y=119, z=-2}
[23:13:55] [Server thread/WARN]: Mismatch in destroy block pos: class_2338{x=66, y=118, z=-2} class_2338{x=68, y=119, z=-2}
[23:13:55] [Server thread/WARN]: Mismatch in destroy block pos: class_2338{x=66, y=118, z=-2} class_2338{x=68, y=119, z=-2}
[23:15:05] [Server thread/WARN]: Mismatch in destroy block pos: class_2338{x=51, y=117, z=-2} class_2338{x=244, y=117, z=-2}
[23:15:06] [Server thread/WARN]: Mismatch in destroy block pos: class_2338{x=51, y=117, z=-2} class_2338{x=249, y=117, z=-2}
[23:15:07] [Render thread/WARN]: Received passengers for unknown entity
[23:15:18] [Render thread/WARN]: Received passengers for unknown entity
[23:15:18] [Render thread/WARN]: Received passengers for unknown entity
[23:15:18] [Render thread/WARN]: Received passengers for unknown entity
[23:15:18] [Render thread/WARN]: Received passengers for unknown entity
[23:15:42] [Render thread/INFO]: Stopping worker threads
[23:15:42] [Server thread/INFO]: Saving and pausing game...
[23:15:42] [Render thread/INFO]: Started 6 worker threads
[23:15:42] [Server thread/INFO]: Saving chunks for level 'ServerLevel[Epic survival world]'/minecraft:overworld
[23:15:42] [Server thread/INFO]: Saving chunks for level 'ServerLevel[Epic survival world]'/minecraft:the_end
[23:15:42] [Render thread/INFO]: Stopping worker threads
[23:15:42] [Server thread/INFO]: Saving chunks for level 'ServerLevel[Epic survival world]'/minecraft:the_nether
[23:15:42] [Render thread/INFO]: Started 6 worker threads
[23:17:02] [Render thread/INFO]: Stopping worker threads
[23:17:02] [Render thread/INFO]: Started 6 worker threads
[23:17:02] [Server thread/INFO]: Saving and pausing game...
[23:17:02] [Render thread/INFO]: Stopping worker threads
[23:17:02] [Render thread/INFO]: Started 6 worker threads
[23:17:02] [Server thread/INFO]: Saving chunks for level 'ServerLevel[Epic survival world]'/minecraft:overworld
[23:17:02] [Server thread/INFO]: Saving chunks for level 'ServerLevel[Epic survival world]'/minecraft:the_end
[23:17:02] [Server thread/INFO]: Saving chunks for level 'ServerLevel[Epic survival world]'/minecraft:the_nether
[23:18:29] [Render thread/WARN]: Received passengers for unknown entity
[23:18:29] [Render thread/WARN]: Received passengers for unknown entity
[23:18:50] [Render thread/WARN]: Received passengers for unknown entity
[23:19:24] [Render thread/WARN]: Received passengers for unknown entity
[23:19:25] [Server thread/WARN]: Mismatch in destroy block pos: class_2338{x=164, y=119, z=-1} class_2338{x=159, y=119, z=-1}
[23:19:25] [Server thread/WARN]: Mismatch in destroy block pos: class_2338{x=164, y=119, z=-1} class_2338{x=161, y=120, z=-1}
[23:19:25] [Server thread/WARN]: Mismatch in destroy block pos: class_2338{x=164, y=119, z=-1} class_2338{x=161, y=120, z=-1}
[23:19:25] [Server thread/WARN]: Mismatch in destroy block pos: class_2338{x=164, y=119, z=-1} class_2338{x=161, y=120, z=-1}
[23:19:26] [Render thread/WARN]: Received passengers for unknown entity
[23:19:27] [Render thread/WARN]: Received passengers for unknown entity
[23:19:43] [Server thread/WARN]: Mismatch in destroy block pos: class_2338{x=78, y=120, z=-1} class_2338{x=69, y=120, z=-1}
[23:19:44] [Server thread/WARN]: Mismatch in destroy block pos: class_2338{x=78, y=120, z=-1} class_2338{x=69, y=120, z=-1}
[23:21:02] [Render thread/WARN]: Received passengers for unknown entity
[23:21:02] [Render thread/WARN]: Received passengers for unknown entity
[23:21:13] [Server thread/WARN]: Mismatch in destroy block pos: class_2338{x=240, y=117, z=-1} class_2338{x=249, y=117, z=-1}
[23:21:14] [Render thread/WARN]: Received passengers for unknown entity
[23:21:29] [Server thread/WARN]: Mismatch in destroy block pos: class_2338{x=276, y=116, z=3} class_2338{x=277, y=118, z=-1}
[23:21:53] [Render thread/WARN]: Received passengers for unknown entity
[23:21:53] [Render thread/WARN]: Received passengers for unknown entity
[23:21:53] [Render thread/WARN]: Received passengers for unknown entity
[23:23:27] [Render thread/WARN]: Received passengers for unknown entity
[23:23:47] [Render thread/WARN]: Received passengers for unknown entity
[23:23:47] [Render thread/WARN]: Received passengers for unknown entity
[23:23:48] [Render thread/WARN]: Received passengers for unknown entity
[23:24:05] [Server thread/WARN]: Mismatch in destroy block pos: class_2338{x=243, y=116, z=-1} class_2338{x=245, y=116, z=0}
[23:24:06] [Server thread/WARN]: Mismatch in destroy block pos: class_2338{x=243, y=116, z=-1} class_2338{x=245, y=116, z=0}
[23:24:06] [Server thread/WARN]: Mismatch in destroy block pos: class_2338{x=243, y=116, z=-1} class_2338{x=245, y=116, z=0}
[23:24:06] [Server thread/WARN]: Mismatch in destroy block pos: class_2338{x=243, y=116, z=-1} class_2338{x=245, y=116, z=0}
[23:24:33] [Server thread/WARN]: Mismatch in destroy block pos: class_2338{x=269, y=116, z=0} class_2338{x=268, y=116, z=-1}
[23:24:33] [Server thread/WARN]: Mismatch in destroy block pos: class_2338{x=269, y=116, z=0} class_2338{x=268, y=116, z=-1}
[23:24:33] [Server thread/WARN]: Mismatch in destroy block pos: class_2338{x=269, y=116, z=0} class_2338{x=268, y=116, z=-1}
[23:24:33] [Server thread/WARN]: Mismatch in destroy block pos: class_2338{x=269, y=116, z=0} class_2338{x=268, y=116, z=-1}
[23:25:04] [Render thread/WARN]: Received passengers for unknown entity
[23:25:05] [Render thread/WARN]: Received passengers for unknown entity
[23:25:05] [Render thread/WARN]: Received passengers for unknown entity
[23:26:01] [Render thread/WARN]: Received passengers for unknown entity
[23:26:02] [Render thread/WARN]: Received passengers for unknown entity
[23:26:46] [Render thread/WARN]: Received passengers for unknown entity
[23:26:47] [Render thread/WARN]: Received passengers for unknown entity
[23:26:47] [Render thread/WARN]: Received passengers for unknown entity
[23:27:18] [Server thread/WARN]: Mismatch in destroy block pos: class_2338{x=16, y=119, z=2} class_2338{x=15, y=119, z=2}
[23:27:18] [Server thread/WARN]: Mismatch in destroy block pos: class_2338{x=16, y=119, z=2} class_2338{x=15, y=119, z=2}
[23:28:07] [Render thread/WARN]: Received passengers for unknown entity
[23:28:09] [Render thread/WARN]: Received passengers for unknown entity
[23:28:09] [Render thread/WARN]: Received passengers for unknown entity
[23:28:17] [Render thread/WARN]: Received passengers for unknown entity
[23:29:06] [Render thread/WARN]: Received passengers for unknown entity
[23:29:09] [Render thread/WARN]: Received passengers for unknown entity
[23:29:17] [Render thread/WARN]: Received passengers for unknown entity
[23:29:42] [Render thread/WARN]: Received passengers for unknown entity
[23:29:42] [Render thread/WARN]: Received passengers for unknown entity
[23:29:42] [Render thread/WARN]: Received passengers for unknown entity
[23:30:16] [Render thread/INFO]: Stopping worker threads
[23:30:16] [Server thread/INFO]: Saving and pausing game...
[23:30:16] [Render thread/INFO]: Started 6 worker threads
[23:30:16] [Server thread/INFO]: Saving chunks for level 'ServerLevel[Epic survival world]'/minecraft:overworld
[23:30:16] [Server thread/INFO]: Saving chunks for level 'ServerLevel[Epic survival world]'/minecraft:the_end
[23:30:16] [Server thread/INFO]: Saving chunks for level 'ServerLevel[Epic survival world]'/minecraft:the_nether
[23:30:16] [Render thread/INFO]: Stopping worker threads
[23:30:16] [Render thread/INFO]: Started 6 worker threads
[23:31:01] [Render thread/INFO]: Stopping worker threads
[23:31:01] [Server thread/INFO]: Saving and pausing game...
[23:31:01] [Server thread/INFO]: Saving chunks for level 'ServerLevel[Epic survival world]'/minecraft:overworld
[23:31:01] [Render thread/INFO]: Started 6 worker threads
[23:31:01] [Render thread/INFO]: Stopping worker threads
[23:31:01] [Render thread/INFO]: Started 6 worker threads
[23:31:02] [Server thread/INFO]: Saving chunks for level 'ServerLevel[Epic survival world]'/minecraft:the_end
[23:31:02] [Server thread/INFO]: Saving chunks for level 'ServerLevel[Epic survival world]'/minecraft:the_nether
[23:31:02] [Render thread/WARN]: Received passengers for unknown entity
[23:31:22] [Render thread/WARN]: Received passengers for unknown entity
[23:31:33] [Render thread/WARN]: Received passengers for unknown entity
[23:31:41] [Render thread/WARN]: Received passengers for unknown entity
[23:31:49] [Render thread/WARN]: Received passengers for unknown entity
[23:31:53] [Render thread/WARN]: Received passengers for unknown entity
[23:32:06] [Render thread/WARN]: Received passengers for unknown entity
[23:32:18] [Render thread/WARN]: Received passengers for unknown entity
[23:32:23] [Render thread/WARN]: Received passengers for unknown entity
[23:32:28] [Render thread/WARN]: Received passengers for unknown entity
[23:32:40] [Render thread/WARN]: Received passengers for unknown entity
[23:33:05] [Render thread/WARN]: Received passengers for unknown entity
[23:34:15] [Render thread/WARN]: Received passengers for unknown entity
[23:34:22] [Render thread/WARN]: Received passengers for unknown entity
[23:34:29] [Server thread/WARN]: 16thGarden moved wrongly!
[23:35:53] [Server thread/WARN]: Mismatch in destroy block pos: class_2338{x=261, y=52, z=7} class_2338{x=274, y=64, z=16}
[23:37:22] [Render thread/WARN]: Received passengers for unknown entity
[23:37:40] [Render thread/WARN]: Received passengers for unknown entity
[23:38:39] [Server thread/WARN]: Mismatch in destroy block pos: class_2338{x=-211, y=73, z=-172} class_2338{x=-207, y=75, z=-186}
[23:38:39] [Server thread/WARN]: Mismatch in destroy block pos: class_2338{x=-211, y=73, z=-172} class_2338{x=-207, y=75, z=-186}
[23:38:53] [Render thread/WARN]: Received passengers for unknown entity
[23:39:14] [Render thread/INFO]: Stopping worker threads
[23:39:14] [Server thread/INFO]: Saving and pausing game...
[23:39:14] [Render thread/INFO]: Started 6 worker threads
[23:39:14] [Server thread/INFO]: Saving chunks for level 'ServerLevel[Epic survival world]'/minecraft:overworld
[23:39:14] [Render thread/INFO]: Stopping worker threads
[23:39:14] [Server thread/INFO]: Saving chunks for level 'ServerLevel[Epic survival world]'/minecraft:the_end
[23:39:14] [Server thread/INFO]: Saving chunks for level 'ServerLevel[Epic survival world]'/minecraft:the_nether
[23:39:14] [Render thread/INFO]: Started 6 worker threads
[23:40:26] [Render thread/INFO]: Stopping worker threads
[23:40:26] [Server thread/INFO]: Saving and pausing game...
[23:40:26] [Server thread/INFO]: Saving chunks for level 'ServerLevel[Epic survival world]'/minecraft:overworld
[23:40:26] [Render thread/INFO]: Started 6 worker threads
[23:40:26] [Render thread/INFO]: Stopping worker threads
[23:40:26] [Render thread/INFO]: Started 6 worker threads
[23:40:26] [Server thread/INFO]: Saving chunks for level 'ServerLevel[Epic survival world]'/minecraft:the_end
[23:40:26] [Server thread/INFO]: Saving chunks for level 'ServerLevel[Epic survival world]'/minecraft:the_nether
[23:42:40] [Render thread/WARN]: Received passengers for unknown entity
[23:42:46] [Render thread/WARN]: Received passengers for unknown entity
[23:43:07] [Render thread/WARN]: Received passengers for unknown entity
[23:43:09] [Render thread/WARN]: Received passengers for unknown entity
[23:43:14] [Render thread/WARN]: Received passengers for unknown entity
[23:43:19] [Render thread/WARN]: Received passengers for unknown entity
[23:43:34] [Render thread/WARN]: Received passengers for unknown entity
[23:43:34] [Render thread/WARN]: Received passengers for unknown entity
[23:44:36] [Render thread/WARN]: Received passengers for unknown entity
[23:44:41] [Render thread/WARN]: Received passengers for unknown entity
[23:45:06] [Render thread/WARN]: Received passengers for unknown entity
[23:45:07] [Render thread/WARN]: Received passengers for unknown entity
[23:48:05] [Render thread/WARN]: Received passengers for unknown entity
[23:48:05] [Render thread/WARN]: Received passengers for unknown entity
[23:48:42] [Render thread/WARN]: Received passengers for unknown entity
[23:48:43] [Render thread/WARN]: Received passengers for unknown entity
[23:48:44] [Render thread/WARN]: Received passengers for unknown entity
[23:48:44] [Render thread/WARN]: Received passengers for unknown entity
[23:52:18] [Render thread/WARN]: Received passengers for unknown entity
[23:52:27] [Render thread/WARN]: Received passengers for unknown entity
[23:52:47] [Render thread/WARN]: Received passengers for unknown entity
[23:52:54] [Render thread/WARN]: Received passengers for unknown entity
[23:52:59] [Render thread/WARN]: Received passengers for unknown entity
[23:53:21] [Render thread/WARN]: Received passengers for unknown entity
[23:53:22] [Render thread/WARN]: Received passengers for unknown entity
[23:53:22] [Render thread/WARN]: Received passengers for unknown entity
[23:53:34] [Render thread/WARN]: Received passengers for unknown entity
[23:53:39] [Render thread/WARN]: Received passengers for unknown entity
[23:53:54] [Render thread/WARN]: Received passengers for unknown entity
[23:53:55] [Render thread/WARN]: Received passengers for unknown entity
[23:53:55] [Render thread/WARN]: Received passengers for unknown entity
[23:54:16] [Render thread/WARN]: Received passengers for unknown entity
[23:54:16] [Render thread/WARN]: Received passengers for unknown entity
[23:54:26] [Render thread/WARN]: Received passengers for unknown entity
[23:54:27] [Render thread/WARN]: Received passengers for unknown entity
[23:54:27] [Render thread/WARN]: Received passengers for unknown entity
[23:54:58] [Render thread/WARN]: Received passengers for unknown entity
[23:54:59] [Render thread/WARN]: Received passengers for unknown entity
[23:54:59] [Render thread/WARN]: Received passengers for unknown entity
[23:56:00] [Render thread/WARN]: Received passengers for unknown entity
[23:56:01] [Render thread/WARN]: Received passengers for unknown entity
[23:56:01] [Render thread/WARN]: Received passengers for unknown entity
[23:56:41] [Render thread/WARN]: Received passengers for unknown entity
[23:56:42] [Render thread/WARN]: Received passengers for unknown entity
[23:56:42] [Render thread/WARN]: Received passengers for unknown entity
[23:57:18] [Render thread/WARN]: Received passengers for unknown entity
