[16:46:27] [main/INFO]: Loading Minecraft 1.20.4 with Fabric Loader 0.15.7
[16:46:27] [main/WARN]: Warnings were found!
 - Mod 'CIT Resewn' (citresewn) 1.1.4+1.20.4 recommends any version of modmenu, which is missing!
	 - You should install any version of modmenu for the optimal experience.
[16:46:27] [main/INFO]: Loading 74 mods:
	- advanced-xray-fabric 84.0.0
	- appleskin 2.5.1+mc1.20.3
	   \-- cloth-config 13.0.114
	        \-- cloth-basic-math 0.6.1
	- carpet 1.4.128+v231205
	- citresewn 1.1.4+1.20.4
	   \-- citresewn-defaults 1.1.4+1.20.4
	- entityculling 1.6.3.1
	- essential-container 1.0.0
	   \-- essential-loader 1.2.1
	- fabric-api 0.96.4+1.20.4
	   |-- fabric-api-base 0.4.36+78d798af4f
	   |-- fabric-api-lookup-api-v1 1.6.49+82b1bb3e4f
	   |-- fabric-biome-api-v1 13.0.16+78d798af4f
	   |-- fabric-block-api-v1 1.0.16+3e2216cb4f
	   |-- fabric-block-view-api-v2 1.0.4+78d798af4f
	   |-- fabric-blockrenderlayer-v1 1.1.46+78d798af4f
	   |-- fabric-client-tags-api-v1 1.1.7+78d798af4f
	   |-- fabric-command-api-v1 1.2.41+f71b366f4f
	   |-- fabric-command-api-v2 2.2.20+78d798af4f
	   |-- fabric-commands-v0 0.2.58+df3654b34f
	   |-- fabric-containers-v0 0.1.86+df3654b34f
	   |-- fabric-content-registries-v0 5.0.14+78d798af4f
	   |-- fabric-convention-tags-v1 1.5.10+78d798af4f
	   |-- fabric-crash-report-info-v1 0.2.23+78d798af4f
	   |-- fabric-data-attachment-api-v1 1.1.3+b90db5744f
	   |-- fabric-data-generation-api-v1 13.2.3+5c0133444f
	   |-- fabric-dimensions-v1 2.1.61+78d798af4f
	   |-- fabric-entity-events-v1 1.6.1+09fc25014f
	   |-- fabric-events-interaction-v0 0.7.1+389931eb4f
	   |-- fabric-events-lifecycle-v0 0.2.74+df3654b34f
	   |-- fabric-game-rule-api-v1 1.0.46+78d798af4f
	   |-- fabric-item-api-v1 2.2.0+d6f2b0844f
	   |-- fabric-item-group-api-v1 4.0.25+58f8c0124f
	   |-- fabric-key-binding-api-v1 1.0.41+78d798af4f
	   |-- fabric-keybindings-v0 0.2.39+df3654b34f
	   |-- fabric-lifecycle-events-v1 2.3.0+a67ffb5d4f
	   |-- fabric-loot-api-v2 2.1.8+78d798af4f
	   |-- fabric-message-api-v1 6.0.5+78d798af4f
	   |-- fabric-mining-level-api-v1 2.1.64+78d798af4f
	   |-- fabric-model-loading-api-v1 1.0.8+78d798af4f
	   |-- fabric-models-v0 0.4.7+9386d8a74f
	   |-- fabric-networking-api-v1 3.1.7+2e5ac5484f
	   |-- fabric-object-builder-api-v1 13.0.13+080016e44f
	   |-- fabric-particles-v1 1.1.7+78d798af4f
	   |-- fabric-recipe-api-v1 2.0.20+78d798af4f
	   |-- fabric-registry-sync-v0 4.0.19+58f8c0124f
	   |-- fabric-renderer-api-v1 3.2.4+78d798af4f
	   |-- fabric-renderer-indigo 1.5.4+78d798af4f
	   |-- fabric-renderer-registries-v1 3.2.53+df3654b34f
	   |-- fabric-rendering-data-attachment-v1 0.3.42+73761d2e4f
	   |-- fabric-rendering-fluids-v1 3.1.1+e761c6694f
	   |-- fabric-rendering-v0 1.1.56+df3654b34f
	   |-- fabric-rendering-v1 3.2.0+6fd945a04f
	   |-- fabric-resource-conditions-api-v1 2.3.14+78d798af4f
	   |-- fabric-resource-loader-v0 0.11.19+58f8c0124f
	   |-- fabric-screen-api-v1 2.0.17+78d798af4f
	   |-- fabric-screen-handler-api-v1 1.3.55+78d798af4f
	   |-- fabric-sound-api-v1 1.0.17+78d798af4f
	   |-- fabric-transfer-api-v1 4.0.11+e84342304f
	   \-- fabric-transitive-access-wideners-v1 5.0.14+78d798af4f
	- fabricloader 0.15.7
	   \-- mixinextras 0.3.5
	- java 17
	- litematica 0.17.0
	- lithium 0.12.1
	- logical_zoom 0.0.22
	- malilib 0.18.1
	- minecraft 1.20.4
	- minihud 0.30.2
	- nvidium 0.2.6-beta
	- rebind_narrator 2.0.2
	- sodium 0.5.8+mc1.20.4
	- tweakeroo 0.19.2
[16:46:28] [main/INFO]: SpongePowered MIXIN Subsystem Version=0.8.5 Source=file:/C:/Users/Miguel%20Leyesa/AppData/Roaming/.minecraft/libraries/net/fabricmc/sponge-mixin/0.12.5+mixin.0.8.5/sponge-mixin-0.12.5+mixin.0.8.5.jar Service=Knot/Fabric Env=CLIENT
[16:46:28] [main/INFO]: Compatibility level set to JAVA_17
[16:46:28] [main/INFO]: Loaded configuration file for Lithium: 129 options available, 0 override(s) found
[16:46:28] [main/INFO]: Loaded configuration file for Sodium: 42 options available, 0 override(s) found
[16:46:30] [main/WARN]: Found newer Essential Loader (stage2) version 1.6.0 [stable], skipping at user request
[16:46:30] [main/INFO]: Starting Essential Loader (stage2) version 1.4.1+fabric-1.20.4 (9cbd42842e1a0f4db9463ba79962010f) [stable]
[16:46:31] [main/INFO]: Starting Essential v1.3.1.3 (#88238d7752) [stable]
[16:46:31] [main/INFO]: Java: OpenJDK 64-Bit Server VM (v17.0.8) by Microsoft (Microsoft)
[16:46:31] [main/INFO]: Java Path: C:\Users\Miguel Leyesa\AppData\Local\Packages\Microsoft.4297127D64EC6_8wekyb3d8bbwe\LocalCache\Local\runtime\java-runtime-gamma\windows-x64\java-runtime-gamma\bin
[16:46:31] [main/INFO]: Java Info: mixed mode
[16:46:31] [main/INFO]: JVM Arguments: 
  - -XX:HeapDumpPath=MojangTricksIntelDriversForPerformance_javaw.exe_minecraft.exe.heapdump
  - -Djava.library.path=C:\Users\Miguel Leyesa\AppData\Roaming\.minecraft\bin\cc9d3839148d498f98557594755fb8ae999dc26b
  - -Djna.tmpdir=C:\Users\Miguel Leyesa\AppData\Roaming\.minecraft\bin\cc9d3839148d498f98557594755fb8ae999dc26b
  - -Dorg.lwjgl.system.SharedLibraryExtractPath=C:\Users\Miguel Leyesa\AppData\Roaming\.minecraft\bin\cc9d3839148d498f98557594755fb8ae999dc26b
  - -Dio.netty.native.workdir=C:\Users\Miguel Leyesa\AppData\Roaming\.minecraft\bin\cc9d3839148d498f98557594755fb8ae999dc26b
  - -Dminecraft.launcher.brand=minecraft-launcher
  - -Dminecraft.launcher.version=2.21.26
  - -DFabricMcEmu= net.minecraft.client.main.Main 
  - -Xmx4G
  - -XX:+UnlockExperimentalVMOptions
  - -XX:+UseG1GC
  - -XX:G1NewSizePercent=20
  - -XX:G1ReservePercent=20
  - -XX:MaxGCPauseMillis=50
  - -XX:G1HeapRegionSize=32M
  - -Dlog4j.configurationFile=C:\Users\Miguel Leyesa\AppData\Roaming\.minecraft\assets\log_configs\client-1.12.xml
[16:46:31] [main/INFO]: OS: Windows 11 (v10.0) (Arch: amd64)
[16:46:31] [main/INFO]: Searching for graphics cards...
[16:46:31] [main/INFO]: Initializing MixinExtras via com.llamalad7.mixinextras.service.MixinExtrasServiceImpl(version=0.3.5).
[16:46:32] [main/INFO]: Found graphics card: GraphicsAdapterInfo[vendor=NVIDIA, name=NVIDIA GeForce RTX 3050 Laptop GPU, version=DriverVersion=31.0.15.4629]
[16:46:32] [main/INFO]: Found graphics card: GraphicsAdapterInfo[vendor=INTEL, name=Intel(R) UHD Graphics, version=DriverVersion=30.0.100.9864]
[16:46:32] [main/WARN]: Sodium has applied one or more workarounds to prevent crashes or other issues on your system: [NVIDIA_THREADED_OPTIMIZATIONS]
[16:46:32] [main/WARN]: This is not necessarily an issue, but it may result in certain features or optimizations being disabled. You can sometimes fix these issues by upgrading your graphics driver.
[16:46:37] [main/WARN]: @ModifyConstant conflict. Skipping mixins.tweakeroo.json:MixinStructureBlockBlockEntity from mod tweakeroo->@ModifyConstant::overrideMaxSize(I)I with priority 999, already redirected by carpet.mixins.json:StructureBlockEntity_limitsMixin from mod carpet->@ModifyConstant::negativeLimit(I)I with priority 1000
[16:46:37] [main/WARN]: @ModifyConstant conflict. Skipping mixins.tweakeroo.json:MixinStructureBlockBlockEntity from mod tweakeroo->@ModifyConstant::overrideMaxSize(I)I with priority 999, already redirected by carpet.mixins.json:StructureBlockEntity_limitsMixin from mod carpet->@ModifyConstant::positiveLimit(I)I with priority 1000
[16:46:37] [main/WARN]: @ModifyConstant conflict. Skipping mixins.tweakeroo.json:MixinStructureBlockBlockEntity from mod tweakeroo->@ModifyConstant::overrideMaxSize(I)I with priority 999, already redirected by carpet.mixins.json:StructureBlockEntity_limitsMixin from mod carpet->@ModifyConstant::negativeLimit(I)I with priority 1000
[16:46:37] [main/WARN]: @ModifyConstant conflict. Skipping mixins.tweakeroo.json:MixinStructureBlockBlockEntity from mod tweakeroo->@ModifyConstant::overrideMaxSize(I)I with priority 999, already redirected by carpet.mixins.json:StructureBlockEntity_limitsMixin from mod carpet->@ModifyConstant::positiveLimit(I)I with priority 1000
[16:46:37] [main/WARN]: @ModifyConstant conflict. Skipping mixins.tweakeroo.json:MixinStructureBlockBlockEntity from mod tweakeroo->@ModifyConstant::overrideMaxSize(I)I with priority 999, already redirected by carpet.mixins.json:StructureBlockEntity_limitsMixin from mod carpet->@ModifyConstant::negativeLimit(I)I with priority 1000
[16:46:37] [main/WARN]: @ModifyConstant conflict. Skipping mixins.tweakeroo.json:MixinStructureBlockBlockEntity from mod tweakeroo->@ModifyConstant::overrideMaxSize(I)I with priority 999, already redirected by carpet.mixins.json:StructureBlockEntity_limitsMixin from mod carpet->@ModifyConstant::positiveLimit(I)I with priority 1000
[16:46:37] [main/WARN]: @ModifyConstant conflict. Skipping mixins.tweakeroo.json:MixinStructureBlockBlockEntity from mod tweakeroo->@ModifyConstant::overrideMaxSize(I)I with priority 999, already redirected by carpet.mixins.json:StructureBlockEntity_limitsMixin from mod carpet->@ModifyConstant::positiveLimit(I)I with priority 1000
[16:46:37] [main/WARN]: @ModifyConstant conflict. Skipping mixins.tweakeroo.json:MixinStructureBlockBlockEntity from mod tweakeroo->@ModifyConstant::overrideMaxSize(I)I with priority 999, already redirected by carpet.mixins.json:StructureBlockEntity_limitsMixin from mod carpet->@ModifyConstant::positiveLimit(I)I with priority 1000
[16:46:37] [main/WARN]: @ModifyConstant conflict. Skipping mixins.tweakeroo.json:MixinStructureBlockBlockEntity from mod tweakeroo->@ModifyConstant::overrideMaxSize(I)I with priority 999, already redirected by carpet.mixins.json:StructureBlockEntity_limitsMixin from mod carpet->@ModifyConstant::positiveLimit(I)I with priority 1000
[16:46:39] [Datafixer Bootstrap/INFO]: 198 Datafixer optimizations took 248 milliseconds
[16:46:43] [Render thread/INFO]: Environment: Environment[sessionHost=https://sessionserver.mojang.com, servicesHost=https://api.minecraftservices.com, name=PROD]
[16:46:43] [Render thread/INFO]: Setting user: 16thGarden
[16:46:44] [Render thread/INFO]: Starting DI!
[16:46:44] [Render thread/INFO]: Authenticating to Mojang as 16thGarden (dc0548c7-2c22-450e-91f5-2a17cfde2a12)
[16:46:45] [DefaultDispatcher-worker-1/INFO]: Connecting to Essential Connection Manager...
[16:46:45] [Render thread/INFO]: XRay mod has been initialized
[16:46:45] [DefaultDispatcher-worker-1/INFO]: Using Default JreDnsResolver
[16:46:45] [DefaultDispatcher-worker-1/INFO]: Using Default JreSocketFactory
[16:46:45] [Render thread/INFO]: [citresewn] Registering CIT Conditions
[16:46:45] [Render thread/INFO]: [citresewn] Registering CIT Types
[16:46:45] [Render thread/INFO]: [Indigo] Different rendering plugin detected; not applying Indigo.
[16:46:45] [WebSocketConnectReadThread-74/INFO]: Connected to Essential Connection Manager.
[16:46:46] [Render thread/INFO]: OptiFine not detected.
[16:46:46] [Render thread/INFO]: Backend library: LWJGL version 3.3.2-snapshot
[16:46:46] [Render thread/WARN]: Applying workaround: Prevent the NVIDIA OpenGL driver from using broken optimizations (NVIDIA_THREADED_OPTIMIZATIONS)
[16:46:46] [Render thread/INFO]: All capabilities met
[16:46:46] [Render thread/INFO]: Enabling Nvidium
[16:46:47] [Render thread/INFO]: OpenGL Vendor: NVIDIA Corporation
[16:46:47] [Render thread/INFO]: OpenGL Renderer: NVIDIA GeForce RTX 3050 Laptop GPU/PCIe/SSE2
[16:46:47] [Render thread/INFO]: OpenGL Version: 3.2.0 NVIDIA 546.29
[16:46:47] [Render thread/WARN]: Pack file/coffee totem declared support for versions [16, 22] but declared main format is 9, defaulting to 9
[16:46:47] [ForkJoinPool.commonPool-worker-1/INFO]: [STDERR]: org.objectweb.asm.tree.analysis.AnalyzerException: Error at instruction 137: Trying to set an inexistant local variable 9
[16:46:47] [ForkJoinPool.commonPool-worker-1/INFO]: [STDERR]: 	at org.objectweb.asm.tree.analysis.Analyzer.analyze(Analyzer.java:279)
[16:46:47] [ForkJoinPool.commonPool-worker-1/INFO]: [STDERR]: 	at org.spongepowered.asm.util.Locals.generateLocalVariableTable(Locals.java:859)
[16:46:47] [ForkJoinPool.commonPool-worker-1/INFO]: [STDERR]: 	at org.spongepowered.asm.util.Locals.getGeneratedLocalVariableTable(Locals.java:828)
[16:46:47] [ForkJoinPool.commonPool-worker-1/INFO]: [STDERR]: 	at org.spongepowered.asm.util.Locals.getLocalVariableAt(Locals.java:782)
[16:46:47] [ForkJoinPool.commonPool-worker-1/INFO]: [STDERR]: 	at org.spongepowered.asm.util.Locals.getLocalVariableAt(Locals.java:752)
[16:46:47] [ForkJoinPool.commonPool-worker-1/INFO]: [STDERR]: 	at org.spongepowered.asm.util.Locals.getLocalsAt(Locals.java:529)
[16:46:47] [ForkJoinPool.commonPool-worker-1/INFO]: [STDERR]: 	at org.spongepowered.asm.util.Locals.getLocalsAt(Locals.java:336)
[16:46:47] [ForkJoinPool.commonPool-worker-1/INFO]: [STDERR]: 	at org.spongepowered.asm.mixin.injection.modify.LocalVariableDiscriminator$Context.initLocals(LocalVariableDiscriminator.java:154)
[16:46:47] [ForkJoinPool.commonPool-worker-1/INFO]: [STDERR]: 	at org.spongepowered.asm.mixin.injection.modify.LocalVariableDiscriminator$Context.<init>(LocalVariableDiscriminator.java:148)
[16:46:47] [ForkJoinPool.commonPool-worker-1/INFO]: [STDERR]: 	at org.spongepowered.asm.mixin.injection.modify.ModifyVariableInjector$Context.<init>(ModifyVariableInjector.java:71)
[16:46:47] [ForkJoinPool.commonPool-worker-1/INFO]: [STDERR]: 	at org.spongepowered.asm.mixin.injection.modify.ModifyVariableInjector.preInject(ModifyVariableInjector.java:159)
[16:46:47] [ForkJoinPool.commonPool-worker-1/INFO]: [STDERR]: 	at org.spongepowered.asm.mixin.injection.code.Injector.preInject(Injector.java:258)
[16:46:47] [ForkJoinPool.commonPool-worker-1/INFO]: [STDERR]: 	at org.spongepowered.asm.mixin.injection.struct.InjectionInfo.preInject(InjectionInfo.java:436)
[16:46:47] [ForkJoinPool.commonPool-worker-1/INFO]: [STDERR]: 	at org.spongepowered.asm.mixin.transformer.MixinTargetContext.applyInjections(MixinTargetContext.java:1370)
[16:46:47] [ForkJoinPool.commonPool-worker-1/INFO]: [STDERR]: 	at org.spongepowered.asm.mixin.transformer.MixinApplicatorStandard.applyInjections(MixinApplicatorStandard.java:1062)
[16:46:47] [ForkJoinPool.commonPool-worker-1/INFO]: [STDERR]: 	at org.spongepowered.asm.mixin.transformer.MixinApplicatorStandard.applyMixin(MixinApplicatorStandard.java:402)
[16:46:47] [ForkJoinPool.commonPool-worker-1/INFO]: [STDERR]: 	at org.spongepowered.asm.mixin.transformer.MixinApplicatorStandard.apply(MixinApplicatorStandard.java:327)
[16:46:47] [ForkJoinPool.commonPool-worker-1/INFO]: [STDERR]: 	at org.spongepowered.asm.mixin.transformer.TargetClassContext.apply(TargetClassContext.java:421)
[16:46:47] [ForkJoinPool.commonPool-worker-1/INFO]: [STDERR]: 	at org.spongepowered.asm.mixin.transformer.TargetClassContext.applyMixins(TargetClassContext.java:403)
[16:46:47] [ForkJoinPool.commonPool-worker-1/INFO]: [STDERR]: 	at org.spongepowered.asm.mixin.transformer.MixinProcessor.applyMixins(MixinProcessor.java:363)
[16:46:47] [ForkJoinPool.commonPool-worker-1/INFO]: [STDERR]: 	at org.spongepowered.asm.mixin.transformer.MixinTransformer.transformClass(MixinTransformer.java:234)
[16:46:47] [ForkJoinPool.commonPool-worker-1/INFO]: [STDERR]: 	at org.spongepowered.asm.mixin.transformer.MixinTransformer.transformClassBytes(MixinTransformer.java:202)
[16:46:47] [ForkJoinPool.commonPool-worker-1/INFO]: [STDERR]: 	at net.fabricmc.loader.impl.launch.knot.KnotClassDelegate.getPostMixinClassByteArray(KnotClassDelegate.java:422)
[16:46:47] [ForkJoinPool.commonPool-worker-1/INFO]: [STDERR]: 	at net.fabricmc.loader.impl.launch.knot.KnotClassDelegate.tryLoadClass(KnotClassDelegate.java:323)
[16:46:47] [ForkJoinPool.commonPool-worker-1/INFO]: [STDERR]: 	at net.fabricmc.loader.impl.launch.knot.KnotClassDelegate.loadClass(KnotClassDelegate.java:218)
[16:46:47] [ForkJoinPool.commonPool-worker-1/INFO]: [STDERR]: 	at net.fabricmc.loader.impl.launch.knot.KnotClassLoader.loadClass(KnotClassLoader.java:119)
[16:46:47] [ForkJoinPool.commonPool-worker-1/INFO]: [STDERR]: 	at java.base/java.lang.ClassLoader.loadClass(ClassLoader.java:525)
[16:46:47] [ForkJoinPool.commonPool-worker-1/INFO]: [STDERR]: 	at gg.essential.universal.UGraphics.<clinit>(UGraphics.java:774)
[16:46:47] [ForkJoinPool.commonPool-worker-1/INFO]: [STDERR]: 	at gg.essential.elementa.components.UIImage._init_$lambda-1(UIImage.kt:60)
[16:46:47] [ForkJoinPool.commonPool-worker-1/INFO]: [STDERR]: 	at java.base/java.util.concurrent.CompletableFuture$UniAccept.tryFire(CompletableFuture.java:718)
[16:46:47] [ForkJoinPool.commonPool-worker-1/INFO]: [STDERR]: 	at java.base/java.util.concurrent.CompletableFuture$Completion.exec(CompletableFuture.java:483)
[16:46:47] [ForkJoinPool.commonPool-worker-1/INFO]: [STDERR]: 	at java.base/java.util.concurrent.ForkJoinTask.doExec(ForkJoinTask.java:373)
[16:46:47] [ForkJoinPool.commonPool-worker-1/INFO]: [STDERR]: 	at java.base/java.util.concurrent.ForkJoinPool$WorkQueue.topLevelExec(ForkJoinPool.java:1182)
[16:46:47] [ForkJoinPool.commonPool-worker-1/INFO]: [STDERR]: 	at java.base/java.util.concurrent.ForkJoinPool.scan(ForkJoinPool.java:1655)
[16:46:47] [ForkJoinPool.commonPool-worker-1/INFO]: [STDERR]: 	at java.base/java.util.concurrent.ForkJoinPool.runWorker(ForkJoinPool.java:1622)
[16:46:47] [ForkJoinPool.commonPool-worker-1/INFO]: [STDERR]: 	at java.base/java.util.concurrent.ForkJoinWorkerThread.run(ForkJoinWorkerThread.java:165)
[16:46:47] [ForkJoinPool.commonPool-worker-1/INFO]: [STDERR]: Caused by: java.lang.IndexOutOfBoundsException: Trying to set an inexistant local variable 9
[16:46:47] [ForkJoinPool.commonPool-worker-1/INFO]: [STDERR]: 	at org.objectweb.asm.tree.analysis.Frame.setLocal(Frame.java:208)
[16:46:47] [ForkJoinPool.commonPool-worker-1/INFO]: [STDERR]: 	at org.objectweb.asm.tree.analysis.Frame.execute(Frame.java:337)
[16:46:47] [ForkJoinPool.commonPool-worker-1/INFO]: [STDERR]: 	at org.objectweb.asm.tree.analysis.Analyzer.analyze(Analyzer.java:171)
[16:46:47] [ForkJoinPool.commonPool-worker-1/INFO]: [STDERR]: 	... 35 more
[16:46:49] [Render thread/INFO]: Reloading ResourceManager: vanilla, fabric, advanced-xray-fabric, appleskin, carpet, citresewn, citresewn-defaults, cloth-config, entityculling, essential, essential-container, essential-loader, fabric-api, fabric-api-base, fabric-api-lookup-api-v1, fabric-biome-api-v1, fabric-block-api-v1, fabric-block-view-api-v2, fabric-blockrenderlayer-v1, fabric-client-tags-api-v1, fabric-command-api-v1, fabric-command-api-v2, fabric-commands-v0, fabric-containers-v0, fabric-content-registries-v0, fabric-convention-tags-v1, fabric-crash-report-info-v1, fabric-data-attachment-api-v1, fabric-data-generation-api-v1, fabric-dimensions-v1, fabric-entity-events-v1, fabric-events-interaction-v0, fabric-events-lifecycle-v0, fabric-game-rule-api-v1, fabric-item-api-v1, fabric-item-group-api-v1, fabric-key-binding-api-v1, fabric-keybindings-v0, fabric-language-kotlin, fabric-lifecycle-events-v1, fabric-loot-api-v2, fabric-message-api-v1, fabric-mining-level-api-v1, fabric-model-loading-api-v1, fabric-models-v0, fabric-networking-api-v1, fabric-object-builder-api-v1, fabric-particles-v1, fabric-recipe-api-v1, fabric-registry-sync-v0, fabric-renderer-api-v1, fabric-renderer-indigo, fabric-renderer-registries-v1, fabric-rendering-data-attachment-v1, fabric-rendering-fluids-v1, fabric-rendering-v0, fabric-rendering-v1, fabric-resource-conditions-api-v1, fabric-resource-loader-v0, fabric-screen-api-v1, fabric-screen-handler-api-v1, fabric-sound-api-v1, fabric-transfer-api-v1, fabric-transitive-access-wideners-v1, fabricloader, litematica, lithium, logical_zoom, malilib, minihud, nvidium, sodium, tweakeroo, file/! §ddefrosted §8[§f16x§8] 1.16.zip, file/VisibleAncientDebris.zip, file/Identifiable Powdered Snow Minecraft Modder, file/KonciPET UI 1.1 default hunger, file/axolotl totem, essential
[16:46:49] [Render thread/WARN]: Non [a-z0-9_.-] character in namespace .DS_Store in pack C:\Users\Miguel Leyesa\AppData\Roaming\.minecraft\resourcepacks\VisibleAncientDebris.zip, ignoring
[16:46:49] [Render thread/WARN]: Non [a-z0-9_.-] character in namespace .DS_Store in pack C:\Users\Miguel Leyesa\AppData\Roaming\.minecraft\resourcepacks\VisibleAncientDebris.zip, ignoring
[16:46:50] [Worker-Main-1/INFO]: Found unifont_all_no_pua-15.1.04.hex, loading
[16:46:50] [Worker-Main-6/WARN]: Invalid path in datapack: minecraft:textures/block/.DS_Store, ignoring
[16:46:50] [Render thread/INFO]: Client started, setting up xray store
[16:46:50] [Worker-Main-7/WARN]: Non [a-z0-9_.-] character in namespace .DS_Store in pack C:\Users\Miguel Leyesa\AppData\Roaming\.minecraft\resourcepacks\VisibleAncientDebris.zip, ignoring
[16:46:51] [DefaultDispatcher-worker-11/INFO]: Connected to Discord as starbuckslarge
[16:46:52] [Render thread/WARN]: Skipped language file: minecraft:lang/en_us.json (com.google.gson.JsonSyntaxException: com.google.gson.stream.MalformedJsonException: Unterminated object at line 1707 column 45 path $.item.minecraft.debug_stick.update)
[16:46:52] [Render thread/WARN]: Missing sound for event: minecraft:item.goat_horn.play
[16:46:52] [Render thread/WARN]: Missing sound for event: minecraft:entity.goat.screaming.horn_break
[16:46:52] [Render thread/WARN]: Missing sound for event: minecraft:entity.generic.wind_burst
[16:46:52] [Render thread/INFO]: OpenAL initialized on device OpenAL Soft on Speakers (Razer Kraken Kitty Edition)
[16:46:52] [Render thread/INFO]: Sound engine started
[16:46:52] [Render thread/INFO]: Created: 1024x512x4 minecraft:textures/atlas/blocks.png-atlas
[16:46:52] [Render thread/INFO]: Created: 256x256x4 minecraft:textures/atlas/signs.png-atlas
[16:46:52] [Render thread/INFO]: Created: 512x512x4 minecraft:textures/atlas/banner_patterns.png-atlas
[16:46:52] [Render thread/INFO]: Created: 512x512x4 minecraft:textures/atlas/shield_patterns.png-atlas
[16:46:52] [Render thread/INFO]: Created: 1024x1024x4 minecraft:textures/atlas/armor_trims.png-atlas
[16:46:52] [Render thread/INFO]: Created: 256x256x4 minecraft:textures/atlas/chest.png-atlas
[16:46:52] [Render thread/INFO]: Created: 128x64x4 minecraft:textures/atlas/decorated_pot.png-atlas
[16:46:52] [Render thread/INFO]: Created: 512x256x4 minecraft:textures/atlas/shulker_boxes.png-atlas
[16:46:52] [Render thread/INFO]: Created: 512x256x4 minecraft:textures/atlas/beds.png-atlas
[16:46:53] [Render thread/WARN]: Shader rendertype_entity_translucent_emissive could not find sampler named Sampler2 in the specified shader program.
[16:46:53] [Render thread/INFO]: Created: 512x256x0 minecraft:textures/atlas/particles.png-atlas
[16:46:53] [Render thread/INFO]: Created: 512x256x0 minecraft:textures/atlas/paintings.png-atlas
[16:46:53] [Render thread/INFO]: Created: 128x128x0 minecraft:textures/atlas/mob_effects.png-atlas
[16:46:53] [Render thread/INFO]: Created: 1024x512x0 minecraft:textures/atlas/gui.png-atlas
[16:46:56] [Render thread/WARN]: Shader cabb2374eda405e66b897908637abd1da5deac52 could not find uniform named subpixel_amount in the specified shader program.
[16:47:00] [Render thread/INFO]: Loaded 7 recipes
[16:47:00] [Render thread/INFO]: Loaded 1271 advancements
[16:47:01] [Render thread/INFO]: Applied 0 biome modifications to 0 of 64 new biomes in 2.988 ms
[16:47:01] [Render thread/WARN]: @Redirect conflict. Skipping mixins.tweakeroo.json:MixinServerPlayNetworkHandler from mod tweakeroo->@Redirect::tweakeroo_removeHitPosCheck(Lnet/minecraft/class_243;Lnet/minecraft/class_243;)Lnet/minecraft/class_243; with priority 1005, already redirected by mixins.litematica.json:MixinServerPlayNetworkHandler from mod litematica->@Redirect::litematica_removeHitPosCheck(Lnet/minecraft/class_243;Lnet/minecraft/class_243;)Lnet/minecraft/class_243; with priority 1010
[16:47:01] [Server thread/INFO]: Starting integrated minecraft server version 1.20.4
[16:47:01] [Server thread/INFO]: Generating keypair
[16:47:03] [Server thread/INFO]: Preparing start region for dimension minecraft:overworld
[16:47:05] [Render thread/INFO]: Preparing spawn area: 0%
[16:47:05] [Render thread/INFO]: Preparing spawn area: 0%
[16:47:05] [Render thread/INFO]: Preparing spawn area: 0%
[16:47:05] [Render thread/INFO]: Preparing spawn area: 0%
[16:47:05] [Render thread/INFO]: Preparing spawn area: 0%
[16:47:05] [Render thread/INFO]: Preparing spawn area: 0%
[16:47:06] [Render thread/INFO]: Preparing spawn area: 0%
[16:47:06] [Render thread/INFO]: Preparing spawn area: 0%
[16:47:07] [Render thread/INFO]: Preparing spawn area: 17%
[16:47:07] [Render thread/INFO]: Preparing spawn area: 93%
[16:47:07] [Render thread/INFO]: Time elapsed: 4538 ms
[16:47:07] [Server thread/INFO]: Changing view distance to 16, from 10
[16:47:07] [Server thread/INFO]: Changing simulation distance to 12, from 0
[16:47:08] [Server thread/INFO]: 16thGarden[local:E:00a69c9b] logged in with entity id 71 at (440.9586407059835, 60.0, -667.5689642155095)
[16:47:08] [Server thread/INFO]: 16thGarden joined the game
[16:47:09] [Render thread/INFO]: Started 6 worker threads
[16:47:09] [Render thread/INFO]: Using 3 total BufferBuilder caches
[16:47:09] [Render thread/WARN]: Unable to read property: west with value: false for blockstate: {Name:"minecraft:cobblestone_wall",Properties:{east:"false",north:"false",south:"false",up:"false",west:"false"}}
[16:47:09] [Render thread/WARN]: Unable to read property: east with value: false for blockstate: {Name:"minecraft:cobblestone_wall",Properties:{east:"false",north:"false",south:"false",up:"false",west:"false"}}
[16:47:09] [Render thread/WARN]: Unable to read property: south with value: false for blockstate: {Name:"minecraft:cobblestone_wall",Properties:{east:"false",north:"false",south:"false",up:"false",west:"false"}}
[16:47:09] [Render thread/WARN]: Unable to read property: north with value: false for blockstate: {Name:"minecraft:cobblestone_wall",Properties:{east:"false",north:"false",south:"false",up:"false",west:"false"}}
[16:47:09] [Render thread/WARN]: Unable to read property: west with value: false for blockstate: {Name:"minecraft:mossy_cobblestone_wall",Properties:{east:"false",north:"false",south:"false",up:"false",west:"false"}}
[16:47:09] [Render thread/WARN]: Unable to read property: east with value: false for blockstate: {Name:"minecraft:mossy_cobblestone_wall",Properties:{east:"false",north:"false",south:"false",up:"false",west:"false"}}
[16:47:09] [Render thread/WARN]: Unable to read property: south with value: false for blockstate: {Name:"minecraft:mossy_cobblestone_wall",Properties:{east:"false",north:"false",south:"false",up:"false",west:"false"}}
[16:47:09] [Render thread/WARN]: Unable to read property: north with value: false for blockstate: {Name:"minecraft:mossy_cobblestone_wall",Properties:{east:"false",north:"false",south:"false",up:"false",west:"false"}}
[16:47:10] [Render thread/INFO]: Loaded 964 advancements
[16:51:00] [Render thread/WARN]: Unable to play empty soundEvent: minecraft:entity.cod.ambient
[17:14:12] [Render thread/INFO]: Stopping worker threads
[17:14:12] [Render thread/INFO]: Started 6 worker threads
[17:14:12] [Server thread/INFO]: Saving and pausing game...
[17:14:12] [Render thread/INFO]: Stopping worker threads
[17:14:12] [Server thread/INFO]: Saving chunks for level 'ServerLevel[Epic survival world]'/minecraft:overworld
[17:14:12] [Render thread/INFO]: Started 6 worker threads
[17:14:12] [Server thread/INFO]: Saving chunks for level 'ServerLevel[Epic survival world]'/minecraft:the_nether
[17:14:12] [Server thread/INFO]: Saving chunks for level 'ServerLevel[Epic survival world]'/minecraft:the_end
[17:15:13] [Render thread/INFO]: Stopping worker threads
[17:15:13] [Server thread/INFO]: Saving and pausing game...
[17:15:13] [Render thread/INFO]: Started 6 worker threads
[17:15:13] [Server thread/INFO]: Saving chunks for level 'ServerLevel[Epic survival world]'/minecraft:overworld
[17:15:13] [Render thread/INFO]: Stopping worker threads
[17:15:13] [Server thread/INFO]: Saving chunks for level 'ServerLevel[Epic survival world]'/minecraft:the_nether
[17:15:13] [Server thread/INFO]: Saving chunks for level 'ServerLevel[Epic survival world]'/minecraft:the_end
[17:15:13] [Render thread/INFO]: Started 6 worker threads
[17:16:12] [Render thread/WARN]: Unable to play empty soundEvent: minecraft:entity.salmon.ambient
[17:16:33] [Render thread/INFO]: Stopping worker threads
[17:16:33] [Server thread/INFO]: Saving and pausing game...
[17:16:33] [Server thread/INFO]: Saving chunks for level 'ServerLevel[Epic survival world]'/minecraft:overworld
[17:16:33] [Render thread/INFO]: Started 6 worker threads
[17:16:33] [Server thread/INFO]: Saving chunks for level 'ServerLevel[Epic survival world]'/minecraft:the_nether
[17:16:33] [Server thread/INFO]: Saving chunks for level 'ServerLevel[Epic survival world]'/minecraft:the_end
[17:16:33] [Render thread/INFO]: Stopping worker threads
[17:16:33] [Render thread/INFO]: Started 6 worker threads
[17:17:30] [Render thread/WARN]: Received passengers for unknown entity
[17:17:34] [Render thread/WARN]: Received passengers for unknown entity
[17:20:00] [Render thread/WARN]: Received passengers for unknown entity
[17:20:00] [Render thread/WARN]: Received passengers for unknown entity
[17:20:27] [Render thread/INFO]: Stopping worker threads
[17:20:27] [Server thread/INFO]: Saving and pausing game...
[17:20:27] [Render thread/INFO]: Started 6 worker threads
[17:20:27] [Render thread/INFO]: Stopping worker threads
[17:20:27] [Render thread/INFO]: Started 6 worker threads
[17:20:27] [Server thread/INFO]: Saving chunks for level 'ServerLevel[Epic survival world]'/minecraft:overworld
[17:20:27] [Server thread/INFO]: Saving chunks for level 'ServerLevel[Epic survival world]'/minecraft:the_nether
[17:20:28] [Server thread/INFO]: Saving chunks for level 'ServerLevel[Epic survival world]'/minecraft:the_end
[17:20:52] [Render thread/INFO]: Stopping worker threads
[17:20:52] [Server thread/INFO]: Saving and pausing game...
[17:20:52] [Server thread/INFO]: Saving chunks for level 'ServerLevel[Epic survival world]'/minecraft:overworld
[17:20:52] [Render thread/INFO]: Started 6 worker threads
[17:20:52] [Server thread/INFO]: Saving chunks for level 'ServerLevel[Epic survival world]'/minecraft:the_nether
[17:20:52] [Server thread/INFO]: Saving chunks for level 'ServerLevel[Epic survival world]'/minecraft:the_end
[17:20:52] [Render thread/INFO]: Stopping worker threads
[17:20:52] [Render thread/INFO]: Started 6 worker threads
[17:21:23] [Render thread/WARN]: Received passengers for unknown entity
[17:21:26] [Render thread/WARN]: Received passengers for unknown entity
[17:24:39] [Render thread/INFO]: [System] [CHAT] [Debug]: Hitboxes: shown
[17:24:41] [Render thread/INFO]: [System] [CHAT] [Debug]: Hitboxes: hidden
[17:25:37] [Render thread/INFO]: [System] [CHAT] [Debug]: Hitboxes: shown
[17:26:04] [WebSocketConnectReadThread-74/WARN]: Connection closed unexpectedly (CloseInfo(code=1006, reason=, remote=true, outdated=false)) after 39m 18.083433900s
[17:26:04] [Render thread/INFO]: Authenticating to Mojang as 16thGarden (dc0548c7-2c22-450e-91f5-2a17cfde2a12)
[17:26:04] [DefaultDispatcher-worker-4/INFO]: Connecting to Essential Connection Manager...
[17:26:07] [WebSocketConnectReadThread-275/INFO]: Connected to Essential Connection Manager.
[17:27:27] [Render thread/INFO]: [System] [CHAT] [Debug]: Hitboxes: hidden
[17:27:35] [Render thread/WARN]: Received passengers for unknown entity
[17:27:50] [Render thread/WARN]: Received passengers for unknown entity
[17:28:21] [Render thread/INFO]: Stopping worker threads
[17:28:21] [Render thread/INFO]: Started 6 worker threads
[17:28:21] [Server thread/INFO]: Saving and pausing game...
[17:28:21] [Render thread/INFO]: Stopping worker threads
[17:28:21] [Server thread/INFO]: Saving chunks for level 'ServerLevel[Epic survival world]'/minecraft:overworld
[17:28:21] [Render thread/INFO]: Started 6 worker threads
[17:28:21] [Server thread/INFO]: Saving chunks for level 'ServerLevel[Epic survival world]'/minecraft:the_nether
[17:28:21] [Server thread/INFO]: Saving chunks for level 'ServerLevel[Epic survival world]'/minecraft:the_end
[17:28:45] [Render thread/WARN]: Unable to play empty soundEvent: minecraft:entity.puffer_fish.ambient
[17:29:29] [Server thread/WARN]: Can't keep up! Is the server overloaded? Running 2035ms or 40 ticks behind
[17:29:43] [Render thread/INFO]: Loaded 964 advancements
[17:32:31] [Render thread/INFO]: Stopping worker threads
[17:32:31] [Server thread/INFO]: Saving and pausing game...
[17:32:31] [Server thread/INFO]: Saving chunks for level 'ServerLevel[Epic survival world]'/minecraft:overworld
[17:32:31] [Render thread/INFO]: Started 6 worker threads
[17:32:31] [Server thread/INFO]: Saving chunks for level 'ServerLevel[Epic survival world]'/minecraft:the_nether
[17:32:31] [Server thread/INFO]: Saving chunks for level 'ServerLevel[Epic survival world]'/minecraft:the_end
[17:32:31] [Render thread/INFO]: Stopping worker threads
[17:32:31] [Render thread/INFO]: Started 6 worker threads
[17:33:12] [Render thread/INFO]: Stopping worker threads
[17:33:12] [Server thread/INFO]: Saving and pausing game...
[17:33:12] [Render thread/INFO]: Started 6 worker threads
[17:33:12] [Server thread/INFO]: Saving chunks for level 'ServerLevel[Epic survival world]'/minecraft:overworld
[17:33:12] [Server thread/INFO]: Saving chunks for level 'ServerLevel[Epic survival world]'/minecraft:the_nether
[17:33:12] [Render thread/INFO]: Stopping worker threads
[17:33:12] [Server thread/INFO]: Saving chunks for level 'ServerLevel[Epic survival world]'/minecraft:the_end
[17:33:12] [Render thread/INFO]: Started 6 worker threads
[17:33:16] [Server thread/INFO]: 16thGarden was slain by Wither Skeleton
[17:33:16] [Render thread/INFO]: [System] [CHAT] 16thGarden was slain by Wither Skeleton
[17:34:08] [Render thread/INFO]: Stopping worker threads
[17:34:08] [Server thread/INFO]: Saving and pausing game...
[17:34:08] [Server thread/INFO]: Saving chunks for level 'ServerLevel[Epic survival world]'/minecraft:overworld
[17:34:08] [Render thread/INFO]: Started 6 worker threads
[17:34:08] [Render thread/INFO]: Stopping worker threads
[17:34:08] [Server thread/INFO]: Saving chunks for level 'ServerLevel[Epic survival world]'/minecraft:the_nether
[17:34:08] [Server thread/INFO]: Saving chunks for level 'ServerLevel[Epic survival world]'/minecraft:the_end
[17:34:08] [Render thread/INFO]: Started 6 worker threads
[17:34:28] [Render thread/WARN]: Received passengers for unknown entity
[17:35:13] [Server thread/INFO]: 16thGarden was slain by Wither Skeleton using [Sharpness Sword]
[17:35:13] [Render thread/INFO]: [System] [CHAT] 16thGarden was slain by Wither Skeleton using [Sharpness Sword]
[17:35:19] [Render thread/INFO]: Stopping worker threads
[17:35:19] [Server thread/INFO]: Saving and pausing game...
[17:35:19] [Render thread/INFO]: Started 6 worker threads
[17:35:19] [Server thread/INFO]: Saving chunks for level 'ServerLevel[Epic survival world]'/minecraft:overworld
[17:35:19] [Server thread/INFO]: Saving chunks for level 'ServerLevel[Epic survival world]'/minecraft:the_nether
[17:35:19] [Server thread/INFO]: Saving chunks for level 'ServerLevel[Epic survival world]'/minecraft:the_end
[17:35:19] [Render thread/INFO]: Stopping worker threads
[17:35:19] [Render thread/INFO]: Started 6 worker threads
[17:35:23] [Server thread/INFO]: Saving and pausing game...
[17:35:23] [Server thread/INFO]: Saving chunks for level 'ServerLevel[Epic survival world]'/minecraft:overworld
[17:35:23] [Server thread/INFO]: Saving chunks for level 'ServerLevel[Epic survival world]'/minecraft:the_nether
[17:35:23] [Server thread/INFO]: Saving chunks for level 'ServerLevel[Epic survival world]'/minecraft:the_end
[17:35:25] [Render thread/INFO]: Using default channel type
[17:35:25] [Render thread/INFO]: Started serving on 60737
[17:35:25] [Render thread/INFO]: [System] [CHAT] Local game hosted on port [60737]
[17:35:28] [Server thread/INFO]: [16thGarden: Set own game mode to Creative Mode]
[17:35:28] [Render thread/INFO]: [System] [CHAT] Set own game mode to Creative Mode
[17:35:30] [Render thread/INFO]: Stopping worker threads
[17:35:30] [Render thread/INFO]: Started 6 worker threads
[17:35:30] [Render thread/INFO]: Stopping worker threads
[17:35:30] [Render thread/INFO]: Started 6 worker threads
[17:35:46] [Render thread/WARN]: Received passengers for unknown entity
[17:37:04] [Render thread/INFO]: Stopping worker threads
[17:37:04] [Render thread/INFO]: Started 6 worker threads
[17:37:04] [Render thread/INFO]: Stopping worker threads
[17:37:04] [Render thread/INFO]: Started 6 worker threads
[17:37:36] [Render thread/INFO]: Stopping worker threads
[17:37:36] [Render thread/INFO]: Started 6 worker threads
[17:37:36] [Render thread/INFO]: Stopping worker threads
[17:37:36] [Render thread/INFO]: Started 6 worker threads
[17:37:43] [Render thread/INFO]: Stopping worker threads
[17:37:43] [Render thread/INFO]: Started 6 worker threads
[17:37:43] [Render thread/INFO]: Stopping worker threads
[17:37:43] [Render thread/INFO]: Started 6 worker threads
[17:38:03] [Render thread/INFO]: Stopping worker threads
[17:38:03] [Render thread/INFO]: Started 6 worker threads
[17:38:03] [Render thread/INFO]: Stopping worker threads
[17:38:03] [Render thread/INFO]: Started 6 worker threads
[17:39:01] [Server thread/INFO]: [16thGarden: Set own game mode to Survival Mode]
[17:39:01] [Render thread/INFO]: [System] [CHAT] Set own game mode to Survival Mode
[17:39:20] [Server thread/INFO]: [16thGarden: Set own game mode to Creative Mode]
[17:39:20] [Render thread/INFO]: [System] [CHAT] Set own game mode to Creative Mode
[17:39:27] [Render thread/INFO]: Stopping worker threads
[17:39:27] [Render thread/INFO]: Started 6 worker threads
[17:39:27] [Render thread/INFO]: Stopping worker threads
[17:39:27] [Render thread/INFO]: Started 6 worker threads
[17:39:33] [Render thread/INFO]: [System] [CHAT] [Debug]: Hitboxes: shown
[17:39:36] [Render thread/WARN]: Unable to play empty soundEvent: minecraft:entity.tropical_fish.ambient
[17:40:47] [Render thread/INFO]: Stopping worker threads
[17:40:47] [Render thread/INFO]: Started 6 worker threads
[17:40:47] [Render thread/INFO]: Stopping worker threads
[17:40:47] [Render thread/INFO]: Started 6 worker threads
[17:40:54] [Server thread/INFO]: [16thGarden: Set own game mode to Spectator Mode]
[17:40:54] [Render thread/INFO]: [System] [CHAT] Set own game mode to Spectator Mode
[17:41:06] [Server thread/INFO]: [16thGarden: Set own game mode to Survival Mode]
[17:41:06] [Render thread/INFO]: [System] [CHAT] Set own game mode to Survival Mode
[17:42:09] [Server thread/INFO]: [16thGarden: Gave 1302847 experience points to 16thGarden]
[17:42:09] [Render thread/INFO]: [System] [CHAT] Gave 1302847 experience points to 16thGarden
[17:44:13] [Render thread/INFO]: [System] [CHAT] [Debug]: Hitboxes: hidden
[17:44:37] [Render thread/WARN]: Received passengers for unknown entity
[17:45:17] [Render thread/WARN]: Received passengers for unknown entity
[17:45:21] [Render thread/WARN]: Received passengers for unknown entity
[17:47:07] [Render thread/INFO]: Stopping worker threads
[17:47:07] [Render thread/INFO]: Started 6 worker threads
[17:47:07] [Render thread/INFO]: Stopping worker threads
[17:47:07] [Render thread/INFO]: Started 6 worker threads
[17:47:07] [Render thread/WARN]: Received passengers for unknown entity
[17:47:07] [Render thread/WARN]: Received passengers for unknown entity
[17:47:07] [Render thread/WARN]: Received passengers for unknown entity
[17:47:07] [Render thread/WARN]: Received passengers for unknown entity
[17:47:07] [Render thread/WARN]: Received passengers for unknown entity
[17:47:07] [Render thread/WARN]: Received passengers for unknown entity
[17:47:07] [Render thread/WARN]: Received passengers for unknown entity
[17:47:07] [Render thread/WARN]: Received passengers for unknown entity
[17:47:07] [Render thread/WARN]: Received passengers for unknown entity
[17:47:07] [Render thread/WARN]: Received passengers for unknown entity
[17:47:07] [Render thread/WARN]: Received passengers for unknown entity
[17:47:07] [Render thread/WARN]: Received passengers for unknown entity
[17:47:07] [Render thread/WARN]: Received passengers for unknown entity
[17:47:07] [Render thread/WARN]: Received passengers for unknown entity
[17:47:07] [Render thread/WARN]: Received passengers for unknown entity
[17:47:46] [Render thread/INFO]: Stopping worker threads
[17:47:46] [Render thread/INFO]: Started 6 worker threads
[17:47:46] [Render thread/INFO]: Stopping worker threads
[17:47:47] [Render thread/INFO]: Started 6 worker threads
[17:48:11] [Render thread/INFO]: Stopping worker threads
[17:48:11] [Render thread/INFO]: Started 6 worker threads
[17:48:11] [Render thread/INFO]: Stopping worker threads
[17:48:11] [Render thread/INFO]: Started 6 worker threads
[17:49:04] [Render thread/INFO]: Stopping worker threads
[17:49:04] [Render thread/INFO]: Started 6 worker threads
[17:49:04] [Render thread/INFO]: Stopping worker threads
[17:49:04] [Render thread/INFO]: Started 6 worker threads
[17:49:11] [Render thread/WARN]: Received passengers for unknown entity
[17:51:18] [Render thread/ERROR]: Error saving option Brightness: DynamicException[Value 16.0 outside of range [0.0:1.0] Optional[16.0]]
[17:51:19] [Render thread/ERROR]: Error saving option Brightness: DynamicException[Value 16.0 outside of range [0.0:1.0] Optional[16.0]]
[17:51:19] [Render thread/ERROR]: Error saving option Brightness: DynamicException[Value 16.0 outside of range [0.0:1.0] Optional[16.0]]
[17:51:19] [Render thread/ERROR]: Error saving option Brightness: DynamicException[Value 16.0 outside of range [0.0:1.0] Optional[16.0]]
[17:51:19] [Render thread/ERROR]: Error saving option Brightness: DynamicException[Value 16.0 outside of range [0.0:1.0] Optional[16.0]]
[17:51:19] [Render thread/ERROR]: Error saving option Brightness: DynamicException[Value 16.0 outside of range [0.0:1.0] Optional[16.0]]
[17:51:19] [Render thread/ERROR]: Error saving option Brightness: DynamicException[Value 16.0 outside of range [0.0:1.0] Optional[16.0]]
[17:51:19] [Render thread/ERROR]: Error saving option Brightness: DynamicException[Value 16.0 outside of range [0.0:1.0] Optional[16.0]]
[17:51:19] [Render thread/ERROR]: Error saving option Brightness: DynamicException[Value 16.0 outside of range [0.0:1.0] Optional[16.0]]
[17:51:19] [Render thread/ERROR]: Error saving option Brightness: DynamicException[Value 16.0 outside of range [0.0:1.0] Optional[16.0]]
[17:51:19] [Render thread/ERROR]: Error saving option Brightness: DynamicException[Value 16.0 outside of range [0.0:1.0] Optional[16.0]]
[17:51:19] [Render thread/ERROR]: Error saving option Brightness: DynamicException[Value 16.0 outside of range [0.0:1.0] Optional[16.0]]
[17:51:19] [Render thread/ERROR]: Error saving option Brightness: DynamicException[Value 16.0 outside of range [0.0:1.0] Optional[16.0]]
[17:51:19] [Render thread/ERROR]: Error saving option Brightness: DynamicException[Value 16.0 outside of range [0.0:1.0] Optional[16.0]]
[17:51:19] [Render thread/ERROR]: Error saving option Brightness: DynamicException[Value 16.0 outside of range [0.0:1.0] Optional[16.0]]
[17:51:19] [Render thread/ERROR]: Error saving option Brightness: DynamicException[Value 16.0 outside of range [0.0:1.0] Optional[16.0]]
[17:51:19] [Render thread/ERROR]: Error saving option Brightness: DynamicException[Value 16.0 outside of range [0.0:1.0] Optional[16.0]]
[17:51:19] [Render thread/ERROR]: Error saving option Brightness: DynamicException[Value 16.0 outside of range [0.0:1.0] Optional[16.0]]
[17:51:19] [Render thread/ERROR]: Error saving option Brightness: DynamicException[Value 16.0 outside of range [0.0:1.0] Optional[16.0]]
[17:51:19] [Render thread/ERROR]: Error saving option Brightness: DynamicException[Value 16.0 outside of range [0.0:1.0] Optional[16.0]]
[17:51:19] [Render thread/ERROR]: Error saving option Brightness: DynamicException[Value 16.0 outside of range [0.0:1.0] Optional[16.0]]
[17:51:19] [Render thread/ERROR]: Error saving option Brightness: DynamicException[Value 16.0 outside of range [0.0:1.0] Optional[16.0]]
[17:51:19] [Render thread/ERROR]: Error saving option Brightness: DynamicException[Value 16.0 outside of range [0.0:1.0] Optional[16.0]]
[17:51:19] [Render thread/ERROR]: Error saving option Brightness: DynamicException[Value 16.0 outside of range [0.0:1.0] Optional[16.0]]
[17:51:19] [Render thread/ERROR]: Error saving option Brightness: DynamicException[Value 16.0 outside of range [0.0:1.0] Optional[16.0]]
[17:51:19] [Render thread/ERROR]: Error saving option Brightness: DynamicException[Value 16.0 outside of range [0.0:1.0] Optional[16.0]]
[17:51:19] [Render thread/ERROR]: Error saving option Brightness: DynamicException[Value 16.0 outside of range [0.0:1.0] Optional[16.0]]
[17:51:19] [Render thread/ERROR]: Error saving option Brightness: DynamicException[Value 16.0 outside of range [0.0:1.0] Optional[16.0]]
[17:51:19] [Render thread/ERROR]: Error saving option Brightness: DynamicException[Value 16.0 outside of range [0.0:1.0] Optional[16.0]]
[17:51:19] [Render thread/ERROR]: Error saving option Brightness: DynamicException[Value 16.0 outside of range [0.0:1.0] Optional[16.0]]
[17:51:19] [Render thread/ERROR]: Error saving option Brightness: DynamicException[Value 16.0 outside of range [0.0:1.0] Optional[16.0]]
[17:51:19] [Render thread/ERROR]: Error saving option Brightness: DynamicException[Value 16.0 outside of range [0.0:1.0] Optional[16.0]]
[17:51:19] [Render thread/ERROR]: Error saving option Brightness: DynamicException[Value 16.0 outside of range [0.0:1.0] Optional[16.0]]
[17:51:19] [Render thread/ERROR]: Error saving option Brightness: DynamicException[Value 16.0 outside of range [0.0:1.0] Optional[16.0]]
[17:51:19] [Render thread/ERROR]: Error saving option Brightness: DynamicException[Value 16.0 outside of range [0.0:1.0] Optional[16.0]]
[17:51:19] [Render thread/ERROR]: Error saving option Brightness: DynamicException[Value 16.0 outside of range [0.0:1.0] Optional[16.0]]
[17:51:19] [Render thread/ERROR]: Error saving option Brightness: DynamicException[Value 16.0 outside of range [0.0:1.0] Optional[16.0]]
[17:51:19] [Render thread/ERROR]: Error saving option Brightness: DynamicException[Value 16.0 outside of range [0.0:1.0] Optional[16.0]]
[17:51:19] [Render thread/ERROR]: Error saving option Brightness: DynamicException[Value 16.0 outside of range [0.0:1.0] Optional[16.0]]
[17:51:19] [Render thread/ERROR]: Error saving option Brightness: DynamicException[Value 16.0 outside of range [0.0:1.0] Optional[16.0]]
[17:51:19] [Render thread/ERROR]: Error saving option Brightness: DynamicException[Value 16.0 outside of range [0.0:1.0] Optional[16.0]]
[17:51:19] [Render thread/ERROR]: Error saving option Brightness: DynamicException[Value 16.0 outside of range [0.0:1.0] Optional[16.0]]
[17:51:19] [Render thread/ERROR]: Error saving option Brightness: DynamicException[Value 16.0 outside of range [0.0:1.0] Optional[16.0]]
[17:51:19] [Render thread/ERROR]: Error saving option Brightness: DynamicException[Value 16.0 outside of range [0.0:1.0] Optional[16.0]]
[17:51:19] [Render thread/ERROR]: Error saving option Brightness: DynamicException[Value 16.0 outside of range [0.0:1.0] Optional[16.0]]
[17:51:19] [Render thread/ERROR]: Error saving option Brightness: DynamicException[Value 16.0 outside of range [0.0:1.0] Optional[16.0]]
[17:51:19] [Sound engine/ERROR]: Stop: Invalid name parameter.
[17:51:19] [Render thread/ERROR]: Error saving option Brightness: DynamicException[Value 16.0 outside of range [0.0:1.0] Optional[16.0]]
[17:51:19] [Render thread/ERROR]: Error saving option Brightness: DynamicException[Value 16.0 outside of range [0.0:1.0] Optional[16.0]]
[17:51:20] [Render thread/ERROR]: Error saving option Brightness: DynamicException[Value 16.0 outside of range [0.0:1.0] Optional[16.0]]
[17:51:29] [Render thread/ERROR]: Error saving option Brightness: DynamicException[Value 16.0 outside of range [0.0:1.0] Optional[16.0]]
[17:51:30] [Render thread/ERROR]: Error saving option Brightness: DynamicException[Value 16.0 outside of range [0.0:1.0] Optional[16.0]]
[17:51:30] [Render thread/ERROR]: Error saving option Brightness: DynamicException[Value 16.0 outside of range [0.0:1.0] Optional[16.0]]
[17:51:30] [Render thread/ERROR]: Error saving option Brightness: DynamicException[Value 16.0 outside of range [0.0:1.0] Optional[16.0]]
[17:51:30] [Render thread/ERROR]: Error saving option Brightness: DynamicException[Value 16.0 outside of range [0.0:1.0] Optional[16.0]]
[17:51:30] [Render thread/ERROR]: Error saving option Brightness: DynamicException[Value 16.0 outside of range [0.0:1.0] Optional[16.0]]
[17:51:30] [Render thread/ERROR]: Error saving option Brightness: DynamicException[Value 16.0 outside of range [0.0:1.0] Optional[16.0]]
[17:51:30] [Render thread/ERROR]: Error saving option Brightness: DynamicException[Value 16.0 outside of range [0.0:1.0] Optional[16.0]]
[17:51:30] [Render thread/ERROR]: Error saving option Brightness: DynamicException[Value 16.0 outside of range [0.0:1.0] Optional[16.0]]
[17:51:30] [Render thread/ERROR]: Error saving option Brightness: DynamicException[Value 16.0 outside of range [0.0:1.0] Optional[16.0]]
[17:51:30] [Render thread/ERROR]: Error saving option Brightness: DynamicException[Value 16.0 outside of range [0.0:1.0] Optional[16.0]]
[17:51:31] [Render thread/ERROR]: Error saving option Brightness: DynamicException[Value 16.0 outside of range [0.0:1.0] Optional[16.0]]
[17:51:31] [Render thread/ERROR]: Error saving option Brightness: DynamicException[Value 16.0 outside of range [0.0:1.0] Optional[16.0]]
[17:51:35] [Render thread/ERROR]: Error saving option Brightness: DynamicException[Value 16.0 outside of range [0.0:1.0] Optional[16.0]]
[17:51:35] [Render thread/ERROR]: Error saving option Brightness: DynamicException[Value 16.0 outside of range [0.0:1.0] Optional[16.0]]
[17:51:35] [Render thread/ERROR]: Error saving option Brightness: DynamicException[Value 16.0 outside of range [0.0:1.0] Optional[16.0]]
[17:51:35] [Render thread/ERROR]: Error saving option Brightness: DynamicException[Value 16.0 outside of range [0.0:1.0] Optional[16.0]]
[17:51:35] [Render thread/ERROR]: Error saving option Brightness: DynamicException[Value 16.0 outside of range [0.0:1.0] Optional[16.0]]
[17:51:35] [Render thread/ERROR]: Error saving option Brightness: DynamicException[Value 16.0 outside of range [0.0:1.0] Optional[16.0]]
[17:51:35] [Render thread/ERROR]: Error saving option Brightness: DynamicException[Value 16.0 outside of range [0.0:1.0] Optional[16.0]]
[17:51:35] [Render thread/ERROR]: Error saving option Brightness: DynamicException[Value 16.0 outside of range [0.0:1.0] Optional[16.0]]
[17:51:35] [Render thread/ERROR]: Error saving option Brightness: DynamicException[Value 16.0 outside of range [0.0:1.0] Optional[16.0]]
[17:51:35] [Render thread/ERROR]: Error saving option Brightness: DynamicException[Value 16.0 outside of range [0.0:1.0] Optional[16.0]]
[17:51:35] [Render thread/ERROR]: Error saving option Brightness: DynamicException[Value 16.0 outside of range [0.0:1.0] Optional[16.0]]
[17:51:35] [Render thread/ERROR]: Error saving option Brightness: DynamicException[Value 16.0 outside of range [0.0:1.0] Optional[16.0]]
[17:51:35] [Render thread/ERROR]: Error saving option Brightness: DynamicException[Value 16.0 outside of range [0.0:1.0] Optional[16.0]]
[17:51:35] [Render thread/ERROR]: Error saving option Brightness: DynamicException[Value 16.0 outside of range [0.0:1.0] Optional[16.0]]
[17:51:35] [Render thread/ERROR]: Error saving option Brightness: DynamicException[Value 16.0 outside of range [0.0:1.0] Optional[16.0]]
[17:51:35] [Render thread/ERROR]: Error saving option Brightness: DynamicException[Value 16.0 outside of range [0.0:1.0] Optional[16.0]]
[17:51:35] [Render thread/ERROR]: Error saving option Brightness: DynamicException[Value 16.0 outside of range [0.0:1.0] Optional[16.0]]
[17:51:35] [Render thread/ERROR]: Error saving option Brightness: DynamicException[Value 16.0 outside of range [0.0:1.0] Optional[16.0]]
[17:51:35] [Render thread/ERROR]: Error saving option Brightness: DynamicException[Value 16.0 outside of range [0.0:1.0] Optional[16.0]]
[17:51:35] [Render thread/ERROR]: Error saving option Brightness: DynamicException[Value 16.0 outside of range [0.0:1.0] Optional[16.0]]
[17:51:35] [Render thread/ERROR]: Error saving option Brightness: DynamicException[Value 16.0 outside of range [0.0:1.0] Optional[16.0]]
[17:51:35] [Render thread/ERROR]: Error saving option Brightness: DynamicException[Value 16.0 outside of range [0.0:1.0] Optional[16.0]]
[17:51:35] [Render thread/ERROR]: Error saving option Brightness: DynamicException[Value 16.0 outside of range [0.0:1.0] Optional[16.0]]
[17:51:35] [Render thread/ERROR]: Error saving option Brightness: DynamicException[Value 16.0 outside of range [0.0:1.0] Optional[16.0]]
[17:51:35] [Render thread/ERROR]: Error saving option Brightness: DynamicException[Value 16.0 outside of range [0.0:1.0] Optional[16.0]]
[17:51:35] [Render thread/ERROR]: Error saving option Brightness: DynamicException[Value 16.0 outside of range [0.0:1.0] Optional[16.0]]
[17:51:35] [Render thread/ERROR]: Error saving option Brightness: DynamicException[Value 16.0 outside of range [0.0:1.0] Optional[16.0]]
[17:51:35] [Render thread/ERROR]: Error saving option Brightness: DynamicException[Value 16.0 outside of range [0.0:1.0] Optional[16.0]]
[17:51:35] [Render thread/ERROR]: Error saving option Brightness: DynamicException[Value 16.0 outside of range [0.0:1.0] Optional[16.0]]
[17:51:35] [Render thread/ERROR]: Error saving option Brightness: DynamicException[Value 16.0 outside of range [0.0:1.0] Optional[16.0]]
[17:51:35] [Render thread/ERROR]: Error saving option Brightness: DynamicException[Value 16.0 outside of range [0.0:1.0] Optional[16.0]]
[17:51:35] [Render thread/ERROR]: Error saving option Brightness: DynamicException[Value 16.0 outside of range [0.0:1.0] Optional[16.0]]
[17:51:35] [Render thread/ERROR]: Error saving option Brightness: DynamicException[Value 16.0 outside of range [0.0:1.0] Optional[16.0]]
[17:51:36] [Render thread/ERROR]: Error saving option Brightness: DynamicException[Value 16.0 outside of range [0.0:1.0] Optional[16.0]]
[17:51:36] [Render thread/ERROR]: Error saving option Brightness: DynamicException[Value 16.0 outside of range [0.0:1.0] Optional[16.0]]
[17:51:36] [Render thread/ERROR]: Error saving option Brightness: DynamicException[Value 16.0 outside of range [0.0:1.0] Optional[16.0]]
[17:51:36] [Render thread/ERROR]: Error saving option Brightness: DynamicException[Value 16.0 outside of range [0.0:1.0] Optional[16.0]]
[17:51:36] [Render thread/ERROR]: Error saving option Brightness: DynamicException[Value 16.0 outside of range [0.0:1.0] Optional[16.0]]
[17:51:36] [Render thread/ERROR]: Error saving option Brightness: DynamicException[Value 16.0 outside of range [0.0:1.0] Optional[16.0]]
[17:51:36] [Render thread/ERROR]: Error saving option Brightness: DynamicException[Value 16.0 outside of range [0.0:1.0] Optional[16.0]]
[17:51:36] [Render thread/ERROR]: Error saving option Brightness: DynamicException[Value 16.0 outside of range [0.0:1.0] Optional[16.0]]
[17:51:36] [Render thread/ERROR]: Error saving option Brightness: DynamicException[Value 16.0 outside of range [0.0:1.0] Optional[16.0]]
[17:51:36] [Render thread/ERROR]: Error saving option Brightness: DynamicException[Value 16.0 outside of range [0.0:1.0] Optional[16.0]]
[17:51:36] [Render thread/ERROR]: Error saving option Brightness: DynamicException[Value 16.0 outside of range [0.0:1.0] Optional[16.0]]
[17:51:36] [Render thread/ERROR]: Error saving option Brightness: DynamicException[Value 16.0 outside of range [0.0:1.0] Optional[16.0]]
[17:51:36] [Render thread/ERROR]: Error saving option Brightness: DynamicException[Value 16.0 outside of range [0.0:1.0] Optional[16.0]]
[17:51:36] [Render thread/ERROR]: Error saving option Brightness: DynamicException[Value 16.0 outside of range [0.0:1.0] Optional[16.0]]
[17:51:36] [Render thread/ERROR]: Error saving option Brightness: DynamicException[Value 16.0 outside of range [0.0:1.0] Optional[16.0]]
[17:51:36] [Render thread/ERROR]: Error saving option Brightness: DynamicException[Value 16.0 outside of range [0.0:1.0] Optional[16.0]]
[17:51:36] [Render thread/ERROR]: Error saving option Brightness: DynamicException[Value 16.0 outside of range [0.0:1.0] Optional[16.0]]
[17:51:36] [Render thread/ERROR]: Error saving option Brightness: DynamicException[Value 16.0 outside of range [0.0:1.0] Optional[16.0]]
[17:51:36] [Render thread/ERROR]: Error saving option Brightness: DynamicException[Value 16.0 outside of range [0.0:1.0] Optional[16.0]]
[17:51:36] [Render thread/ERROR]: Error saving option Brightness: DynamicException[Value 16.0 outside of range [0.0:1.0] Optional[16.0]]
[17:51:36] [Render thread/ERROR]: Error saving option Brightness: DynamicException[Value 16.0 outside of range [0.0:1.0] Optional[16.0]]
[17:51:36] [Render thread/ERROR]: Error saving option Brightness: DynamicException[Value 16.0 outside of range [0.0:1.0] Optional[16.0]]
[17:51:36] [Render thread/ERROR]: Error saving option Brightness: DynamicException[Value 16.0 outside of range [0.0:1.0] Optional[16.0]]
[17:51:36] [Render thread/ERROR]: Error saving option Brightness: DynamicException[Value 16.0 outside of range [0.0:1.0] Optional[16.0]]
[17:51:36] [Render thread/ERROR]: Error saving option Brightness: DynamicException[Value 16.0 outside of range [0.0:1.0] Optional[16.0]]
[17:51:36] [Render thread/ERROR]: Error saving option Brightness: DynamicException[Value 16.0 outside of range [0.0:1.0] Optional[16.0]]
[17:51:36] [Render thread/ERROR]: Error saving option Brightness: DynamicException[Value 16.0 outside of range [0.0:1.0] Optional[16.0]]
[17:51:36] [Render thread/ERROR]: Error saving option Brightness: DynamicException[Value 16.0 outside of range [0.0:1.0] Optional[16.0]]
[17:51:36] [Render thread/ERROR]: Error saving option Brightness: DynamicException[Value 16.0 outside of range [0.0:1.0] Optional[16.0]]
[17:51:36] [Render thread/ERROR]: Error saving option Brightness: DynamicException[Value 16.0 outside of range [0.0:1.0] Optional[16.0]]
[17:51:36] [Render thread/ERROR]: Error saving option Brightness: DynamicException[Value 16.0 outside of range [0.0:1.0] Optional[16.0]]
[17:51:36] [Render thread/ERROR]: Error saving option Brightness: DynamicException[Value 16.0 outside of range [0.0:1.0] Optional[16.0]]
[17:51:36] [Render thread/ERROR]: Error saving option Brightness: DynamicException[Value 16.0 outside of range [0.0:1.0] Optional[16.0]]
[17:51:36] [Render thread/ERROR]: Error saving option Brightness: DynamicException[Value 16.0 outside of range [0.0:1.0] Optional[16.0]]
[17:51:36] [Render thread/ERROR]: Error saving option Brightness: DynamicException[Value 16.0 outside of range [0.0:1.0] Optional[16.0]]
[17:51:36] [Render thread/ERROR]: Error saving option Brightness: DynamicException[Value 16.0 outside of range [0.0:1.0] Optional[16.0]]
[17:51:36] [Render thread/ERROR]: Error saving option Brightness: DynamicException[Value 16.0 outside of range [0.0:1.0] Optional[16.0]]
[17:51:36] [Render thread/ERROR]: Error saving option Brightness: DynamicException[Value 16.0 outside of range [0.0:1.0] Optional[16.0]]
[17:51:36] [Render thread/ERROR]: Error saving option Brightness: DynamicException[Value 16.0 outside of range [0.0:1.0] Optional[16.0]]
[17:51:36] [Render thread/ERROR]: Error saving option Brightness: DynamicException[Value 16.0 outside of range [0.0:1.0] Optional[16.0]]
[17:51:36] [Render thread/ERROR]: Error saving option Brightness: DynamicException[Value 16.0 outside of range [0.0:1.0] Optional[16.0]]
[17:51:36] [Render thread/ERROR]: Error saving option Brightness: DynamicException[Value 16.0 outside of range [0.0:1.0] Optional[16.0]]
[17:51:36] [Render thread/ERROR]: Error saving option Brightness: DynamicException[Value 16.0 outside of range [0.0:1.0] Optional[16.0]]
[17:51:36] [Render thread/ERROR]: Error saving option Brightness: DynamicException[Value 16.0 outside of range [0.0:1.0] Optional[16.0]]
[17:51:36] [Render thread/ERROR]: Error saving option Brightness: DynamicException[Value 16.0 outside of range [0.0:1.0] Optional[16.0]]
[17:51:36] [Render thread/ERROR]: Error saving option Brightness: DynamicException[Value 16.0 outside of range [0.0:1.0] Optional[16.0]]
[17:51:36] [Render thread/ERROR]: Error saving option Brightness: DynamicException[Value 16.0 outside of range [0.0:1.0] Optional[16.0]]
[17:51:36] [Render thread/ERROR]: Error saving option Brightness: DynamicException[Value 16.0 outside of range [0.0:1.0] Optional[16.0]]
[17:51:36] [Render thread/ERROR]: Error saving option Brightness: DynamicException[Value 16.0 outside of range [0.0:1.0] Optional[16.0]]
[17:51:36] [Render thread/ERROR]: Error saving option Brightness: DynamicException[Value 16.0 outside of range [0.0:1.0] Optional[16.0]]
[17:51:36] [Render thread/ERROR]: Error saving option Brightness: DynamicException[Value 16.0 outside of range [0.0:1.0] Optional[16.0]]
[17:51:36] [Render thread/ERROR]: Error saving option Brightness: DynamicException[Value 16.0 outside of range [0.0:1.0] Optional[16.0]]
[17:51:36] [Render thread/ERROR]: Error saving option Brightness: DynamicException[Value 16.0 outside of range [0.0:1.0] Optional[16.0]]
[17:51:36] [Render thread/ERROR]: Error saving option Brightness: DynamicException[Value 16.0 outside of range [0.0:1.0] Optional[16.0]]
[17:51:36] [Render thread/ERROR]: Error saving option Brightness: DynamicException[Value 16.0 outside of range [0.0:1.0] Optional[16.0]]
[17:51:36] [Render thread/ERROR]: Error saving option Brightness: DynamicException[Value 16.0 outside of range [0.0:1.0] Optional[16.0]]
[17:51:36] [Render thread/ERROR]: Error saving option Brightness: DynamicException[Value 16.0 outside of range [0.0:1.0] Optional[16.0]]
[17:51:36] [Render thread/ERROR]: Error saving option Brightness: DynamicException[Value 16.0 outside of range [0.0:1.0] Optional[16.0]]
[17:51:36] [Render thread/ERROR]: Error saving option Brightness: DynamicException[Value 16.0 outside of range [0.0:1.0] Optional[16.0]]
[17:51:36] [Render thread/ERROR]: Error saving option Brightness: DynamicException[Value 16.0 outside of range [0.0:1.0] Optional[16.0]]
[17:51:36] [Render thread/ERROR]: Error saving option Brightness: DynamicException[Value 16.0 outside of range [0.0:1.0] Optional[16.0]]
[17:51:36] [Render thread/ERROR]: Error saving option Brightness: DynamicException[Value 16.0 outside of range [0.0:1.0] Optional[16.0]]
[17:51:36] [Render thread/ERROR]: Error saving option Brightness: DynamicException[Value 16.0 outside of range [0.0:1.0] Optional[16.0]]
[17:51:36] [Render thread/ERROR]: Error saving option Brightness: DynamicException[Value 16.0 outside of range [0.0:1.0] Optional[16.0]]
[17:51:37] [Render thread/ERROR]: Error saving option Brightness: DynamicException[Value 16.0 outside of range [0.0:1.0] Optional[16.0]]
[17:51:37] [Render thread/ERROR]: Error saving option Brightness: DynamicException[Value 16.0 outside of range [0.0:1.0] Optional[16.0]]
[17:51:37] [Render thread/ERROR]: Error saving option Brightness: DynamicException[Value 16.0 outside of range [0.0:1.0] Optional[16.0]]
[17:51:37] [Render thread/ERROR]: Error saving option Brightness: DynamicException[Value 16.0 outside of range [0.0:1.0] Optional[16.0]]
[17:51:37] [Render thread/ERROR]: Error saving option Brightness: DynamicException[Value 16.0 outside of range [0.0:1.0] Optional[16.0]]
[17:51:37] [Render thread/ERROR]: Error saving option Brightness: DynamicException[Value 16.0 outside of range [0.0:1.0] Optional[16.0]]
[17:51:37] [Render thread/ERROR]: Error saving option Brightness: DynamicException[Value 16.0 outside of range [0.0:1.0] Optional[16.0]]
[17:51:37] [Render thread/ERROR]: Error saving option Brightness: DynamicException[Value 16.0 outside of range [0.0:1.0] Optional[16.0]]
[17:51:37] [Render thread/ERROR]: Error saving option Brightness: DynamicException[Value 16.0 outside of range [0.0:1.0] Optional[16.0]]
[17:51:37] [Render thread/ERROR]: Error saving option Brightness: DynamicException[Value 16.0 outside of range [0.0:1.0] Optional[16.0]]
[17:51:37] [Render thread/ERROR]: Error saving option Brightness: DynamicException[Value 16.0 outside of range [0.0:1.0] Optional[16.0]]
[17:51:38] [Render thread/ERROR]: Error saving option Brightness: DynamicException[Value 16.0 outside of range [0.0:1.0] Optional[16.0]]
[17:51:38] [Render thread/ERROR]: Error saving option Brightness: DynamicException[Value 16.0 outside of range [0.0:1.0] Optional[16.0]]
[17:51:38] [Render thread/ERROR]: Error saving option Brightness: DynamicException[Value 16.0 outside of range [0.0:1.0] Optional[16.0]]
[17:51:38] [Render thread/ERROR]: Error saving option Brightness: DynamicException[Value 16.0 outside of range [0.0:1.0] Optional[16.0]]
[17:51:40] [Render thread/WARN]: Missing sound for event: minecraft:item.goat_horn.play
[17:51:40] [Render thread/WARN]: Missing sound for event: minecraft:entity.goat.screaming.horn_break
[17:51:40] [Render thread/WARN]: Missing sound for event: minecraft:entity.generic.wind_burst
[17:51:40] [Render thread/INFO]: OpenAL initialized on device OpenAL Soft on Speakers (Razer Kraken Kitty Edition)
[17:51:40] [Render thread/INFO]: Sound engine started
[17:51:40] [Render thread/ERROR]: Error saving option Brightness: DynamicException[Value 16.0 outside of range [0.0:1.0] Optional[16.0]]
[17:51:41] [Render thread/WARN]: Missing sound for event: minecraft:item.goat_horn.play
[17:51:41] [Render thread/WARN]: Missing sound for event: minecraft:entity.goat.screaming.horn_break
[17:51:41] [Render thread/WARN]: Missing sound for event: minecraft:entity.generic.wind_burst
[17:51:41] [Render thread/INFO]: OpenAL initialized on device OpenAL Soft on 24G2W1G3- (NVIDIA High Definition Audio)
[17:51:41] [Render thread/INFO]: Sound engine started
[17:51:41] [Render thread/ERROR]: Error saving option Brightness: DynamicException[Value 16.0 outside of range [0.0:1.0] Optional[16.0]]
[17:51:42] [Render thread/WARN]: Missing sound for event: minecraft:item.goat_horn.play
[17:51:42] [Render thread/WARN]: Missing sound for event: minecraft:entity.goat.screaming.horn_break
[17:51:42] [Render thread/WARN]: Missing sound for event: minecraft:entity.generic.wind_burst
[17:51:42] [Render thread/WARN]: Failed to reset device: Invalid Device
[17:51:42] [Render thread/ERROR]: Create context (2635975651104): Invalid device.
[17:51:42] [Render thread/ERROR]: Error starting SoundSystem. Turning off sounds & music
java.lang.IllegalStateException: Unable to create OpenAL context
	at net.minecraft.class_4225.method_19661(class_4225.java:178) ~[client-intermediary.jar:?]
	at net.minecraft.class_1140.method_4846(class_1140.java:116) ~[client-intermediary.jar:?]
	at net.minecraft.class_1140.method_4837(class_1140.java:106) ~[client-intermediary.jar:?]
	at net.minecraft.class_1144.method_38566(class_1144.java:321) ~[client-intermediary.jar:?]
	at net.minecraft.class_315.method_42509(class_315.java:1205) ~[client-intermediary.jar:?]
	at net.minecraft.class_7172.method_41748(class_7172.java:149) ~[client-intermediary.jar:?]
	at net.minecraft.class_7172$class_7305.method_42724(class_7172.java:194) ~[client-intermediary.jar:?]
	at net.minecraft.class_5676.method_32612(class_5676.java:71) ~[client-intermediary.jar:?]
	at net.minecraft.class_5676.method_25306(class_5676.java:61) ~[client-intermediary.jar:?]
	at net.minecraft.class_4264.method_25348(class_4264.java:48) ~[client-intermediary.jar:?]
	at net.minecraft.class_339.method_25402(class_339.java:145) ~[client-intermediary.jar:?]
	at net.minecraft.class_4069.method_25402(class_4069.java:38) ~[client-intermediary.jar:?]
	at net.minecraft.class_4265$class_4266.method_25402(class_4265.java:135) ~[client-intermediary.jar:?]
	at net.minecraft.class_350.method_25402(class_350.java:279) ~[client-intermediary.jar:?]
	at net.minecraft.class_4069.method_25402(class_4069.java:38) ~[client-intermediary.jar:?]
	at net.minecraft.class_312.method_1611(class_312.java:99) ~[client-intermediary.jar:?]
	at net.minecraft.class_437.method_25412(class_437.java:414) ~[client-intermediary.jar:?]
	at net.minecraft.class_312.method_1601(class_312.java:99) ~[client-intermediary.jar:?]
	at net.minecraft.class_312.method_22686(class_312.java:180) ~[client-intermediary.jar:?]
	at net.minecraft.class_1255.execute(class_1255.java:102) ~[client-intermediary.jar:?]
	at net.minecraft.class_312.method_22684(class_312.java:180) ~[client-intermediary.jar:?]
	at org.lwjgl.glfw.GLFWMouseButtonCallbackI.callback(GLFWMouseButtonCallbackI.java:43) ~[lwjgl-glfw-3.3.2.jar:?]
	at org.lwjgl.system.JNI.invokeV(Native Method) ~[lwjgl-3.3.2.jar:?]
	at org.lwjgl.glfw.GLFW.glfwPollEvents(GLFW.java:3438) ~[lwjgl-glfw-3.3.2.jar:?]
	at com.mojang.blaze3d.systems.RenderSystem.pollEvents(RenderSystem.java:202) ~[client-intermediary.jar:?]
	at com.mojang.blaze3d.systems.RenderSystem.flipFrame(RenderSystem.java:220) ~[client-intermediary.jar:?]
	at net.minecraft.class_1041.method_15998(class_1041.java:287) ~[client-intermediary.jar:?]
	at net.minecraft.class_310.method_1523(class_310.java:1349) ~[client-intermediary.jar:?]
	at net.minecraft.class_310.method_1514(class_310.java:888) ~[client-intermediary.jar:?]
	at net.minecraft.client.main.Main.main(Main.java:265) ~[fabric-loader-0.15.7-1.20.4.jar:?]
	at net.fabricmc.loader.impl.game.minecraft.MinecraftGameProvider.launch(MinecraftGameProvider.java:470) ~[fabric-loader-0.15.7.jar:?]
	at net.fabricmc.loader.impl.launch.knot.Knot.launch(Knot.java:74) ~[fabric-loader-0.15.7.jar:?]
	at net.fabricmc.loader.impl.launch.knot.KnotClient.main(KnotClient.java:23) ~[fabric-loader-0.15.7.jar:?]
[17:51:42] [Render thread/ERROR]: Error saving option Brightness: DynamicException[Value 16.0 outside of range [0.0:1.0] Optional[16.0]]
[17:51:43] [Render thread/WARN]: Missing sound for event: minecraft:item.goat_horn.play
[17:51:43] [Render thread/WARN]: Missing sound for event: minecraft:entity.goat.screaming.horn_break
[17:51:43] [Render thread/WARN]: Missing sound for event: minecraft:entity.generic.wind_burst
[17:51:43] [Render thread/INFO]: OpenAL initialized on device OpenAL Soft on Speakers (Razer Kraken Kitty Edition)
[17:51:43] [Render thread/INFO]: Sound engine started
[17:51:43] [Render thread/ERROR]: Error saving option Brightness: DynamicException[Value 16.0 outside of range [0.0:1.0] Optional[16.0]]
[17:51:43] [Render thread/WARN]: Missing sound for event: minecraft:item.goat_horn.play
[17:51:43] [Render thread/WARN]: Missing sound for event: minecraft:entity.goat.screaming.horn_break
[17:51:43] [Render thread/WARN]: Missing sound for event: minecraft:entity.generic.wind_burst
[17:51:43] [Render thread/INFO]: OpenAL initialized on device OpenAL Soft on Speakers (Razer Kraken Kitty Edition)
[17:51:43] [Render thread/INFO]: Sound engine started
[17:51:43] [Render thread/ERROR]: Error saving option Brightness: DynamicException[Value 16.0 outside of range [0.0:1.0] Optional[16.0]]
[17:51:44] [Render thread/WARN]: Missing sound for event: minecraft:item.goat_horn.play
[17:51:44] [Render thread/WARN]: Missing sound for event: minecraft:entity.goat.screaming.horn_break
[17:51:44] [Render thread/WARN]: Missing sound for event: minecraft:entity.generic.wind_burst
[17:51:44] [Render thread/INFO]: OpenAL initialized on device OpenAL Soft on 24G2W1G3- (NVIDIA High Definition Audio)
[17:51:44] [Render thread/INFO]: Sound engine started
[17:51:44] [Render thread/ERROR]: Error saving option Brightness: DynamicException[Value 16.0 outside of range [0.0:1.0] Optional[16.0]]
[17:51:45] [Render thread/WARN]: Missing sound for event: minecraft:item.goat_horn.play
[17:51:45] [Render thread/WARN]: Missing sound for event: minecraft:entity.goat.screaming.horn_break
[17:51:45] [Render thread/WARN]: Missing sound for event: minecraft:entity.generic.wind_burst
[17:51:45] [Render thread/WARN]: Failed to reset device: Invalid Device
[17:51:45] [Render thread/ERROR]: Create context (2638397505568): Invalid device.
[17:51:45] [Render thread/ERROR]: Error starting SoundSystem. Turning off sounds & music
java.lang.IllegalStateException: Unable to create OpenAL context
	at net.minecraft.class_4225.method_19661(class_4225.java:178) ~[client-intermediary.jar:?]
	at net.minecraft.class_1140.method_4846(class_1140.java:116) ~[client-intermediary.jar:?]
	at net.minecraft.class_1140.method_4837(class_1140.java:106) ~[client-intermediary.jar:?]
	at net.minecraft.class_1144.method_38566(class_1144.java:321) ~[client-intermediary.jar:?]
	at net.minecraft.class_315.method_42509(class_315.java:1205) ~[client-intermediary.jar:?]
	at net.minecraft.class_7172.method_41748(class_7172.java:149) ~[client-intermediary.jar:?]
	at net.minecraft.class_7172$class_7305.method_42724(class_7172.java:194) ~[client-intermediary.jar:?]
	at net.minecraft.class_5676.method_32612(class_5676.java:71) ~[client-intermediary.jar:?]
	at net.minecraft.class_5676.method_25306(class_5676.java:61) ~[client-intermediary.jar:?]
	at net.minecraft.class_4264.method_25348(class_4264.java:48) ~[client-intermediary.jar:?]
	at net.minecraft.class_339.method_25402(class_339.java:145) ~[client-intermediary.jar:?]
	at net.minecraft.class_4069.method_25402(class_4069.java:38) ~[client-intermediary.jar:?]
	at net.minecraft.class_4265$class_4266.method_25402(class_4265.java:135) ~[client-intermediary.jar:?]
	at net.minecraft.class_350.method_25402(class_350.java:279) ~[client-intermediary.jar:?]
	at net.minecraft.class_4069.method_25402(class_4069.java:38) ~[client-intermediary.jar:?]
	at net.minecraft.class_312.method_1611(class_312.java:99) ~[client-intermediary.jar:?]
	at net.minecraft.class_437.method_25412(class_437.java:414) ~[client-intermediary.jar:?]
	at net.minecraft.class_312.method_1601(class_312.java:99) ~[client-intermediary.jar:?]
	at net.minecraft.class_312.method_22686(class_312.java:180) ~[client-intermediary.jar:?]
	at net.minecraft.class_1255.execute(class_1255.java:102) ~[client-intermediary.jar:?]
	at net.minecraft.class_312.method_22684(class_312.java:180) ~[client-intermediary.jar:?]
	at org.lwjgl.glfw.GLFWMouseButtonCallbackI.callback(GLFWMouseButtonCallbackI.java:43) ~[lwjgl-glfw-3.3.2.jar:?]
	at org.lwjgl.system.JNI.invokeV(Native Method) ~[lwjgl-3.3.2.jar:?]
	at org.lwjgl.glfw.GLFW.glfwPollEvents(GLFW.java:3438) ~[lwjgl-glfw-3.3.2.jar:?]
	at com.mojang.blaze3d.systems.RenderSystem.pollEvents(RenderSystem.java:202) ~[client-intermediary.jar:?]
	at com.mojang.blaze3d.systems.RenderSystem.flipFrame(RenderSystem.java:220) ~[client-intermediary.jar:?]
	at net.minecraft.class_1041.method_15998(class_1041.java:287) ~[client-intermediary.jar:?]
	at net.minecraft.class_310.method_1523(class_310.java:1349) ~[client-intermediary.jar:?]
	at net.minecraft.class_310.method_1514(class_310.java:888) ~[client-intermediary.jar:?]
	at net.minecraft.client.main.Main.main(Main.java:265) ~[fabric-loader-0.15.7-1.20.4.jar:?]
	at net.fabricmc.loader.impl.game.minecraft.MinecraftGameProvider.launch(MinecraftGameProvider.java:470) ~[fabric-loader-0.15.7.jar:?]
	at net.fabricmc.loader.impl.launch.knot.Knot.launch(Knot.java:74) ~[fabric-loader-0.15.7.jar:?]
	at net.fabricmc.loader.impl.launch.knot.KnotClient.main(KnotClient.java:23) ~[fabric-loader-0.15.7.jar:?]
[17:51:45] [Render thread/ERROR]: Error saving option Brightness: DynamicException[Value 16.0 outside of range [0.0:1.0] Optional[16.0]]
[17:51:45] [Render thread/WARN]: Missing sound for event: minecraft:item.goat_horn.play
[17:51:45] [Render thread/WARN]: Missing sound for event: minecraft:entity.goat.screaming.horn_break
[17:51:45] [Render thread/WARN]: Missing sound for event: minecraft:entity.generic.wind_burst
[17:51:45] [Render thread/INFO]: OpenAL initialized on device OpenAL Soft on Speakers (Razer Kraken Kitty Edition)
[17:51:45] [Render thread/INFO]: Sound engine started
[17:51:45] [Render thread/ERROR]: Error saving option Brightness: DynamicException[Value 16.0 outside of range [0.0:1.0] Optional[16.0]]
[17:51:46] [Render thread/WARN]: Missing sound for event: minecraft:item.goat_horn.play
[17:51:46] [Render thread/WARN]: Missing sound for event: minecraft:entity.goat.screaming.horn_break
[17:51:46] [Render thread/WARN]: Missing sound for event: minecraft:entity.generic.wind_burst
[17:51:47] [Render thread/INFO]: OpenAL initialized on device OpenAL Soft on Speakers (Razer Kraken Kitty Edition)
[17:51:47] [Render thread/INFO]: Sound engine started
[17:51:47] [Render thread/ERROR]: Error saving option Brightness: DynamicException[Value 16.0 outside of range [0.0:1.0] Optional[16.0]]
[17:51:53] [Render thread/ERROR]: Error saving option Brightness: DynamicException[Value 16.0 outside of range [0.0:1.0] Optional[16.0]]
[17:51:53] [Render thread/ERROR]: Error saving option Brightness: DynamicException[Value 16.0 outside of range [0.0:1.0] Optional[16.0]]
[17:51:53] [Render thread/ERROR]: Error saving option Brightness: DynamicException[Value 16.0 outside of range [0.0:1.0] Optional[16.0]]
[17:51:54] [Render thread/ERROR]: Error saving option Brightness: DynamicException[Value 16.0 outside of range [0.0:1.0] Optional[16.0]]
[17:52:04] [Render thread/ERROR]: Error saving option Brightness: DynamicException[Value 16.0 outside of range [0.0:1.0] Optional[16.0]]
[17:52:04] [Render thread/ERROR]: Error saving option Brightness: DynamicException[Value 16.0 outside of range [0.0:1.0] Optional[16.0]]
[17:52:05] [Render thread/ERROR]: Error saving option Brightness: DynamicException[Value 16.0 outside of range [0.0:1.0] Optional[16.0]]
[17:52:06] [Render thread/ERROR]: Error saving option Brightness: DynamicException[Value 16.0 outside of range [0.0:1.0] Optional[16.0]]
[17:52:10] [Render thread/ERROR]: Error saving option Brightness: DynamicException[Value 16.0 outside of range [0.0:1.0] Optional[16.0]]
[17:52:13] [Render thread/ERROR]: Error saving option Brightness: DynamicException[Value 16.0 outside of range [0.0:1.0] Optional[16.0]]
[17:52:14] [Render thread/ERROR]: Error saving option Brightness: DynamicException[Value 16.0 outside of range [0.0:1.0] Optional[16.0]]
[17:52:14] [Render thread/ERROR]: Error saving option Brightness: DynamicException[Value 16.0 outside of range [0.0:1.0] Optional[16.0]]
[17:52:14] [Render thread/ERROR]: Error saving option Brightness: DynamicException[Value 16.0 outside of range [0.0:1.0] Optional[16.0]]
[17:52:14] [Render thread/ERROR]: Error saving option Brightness: DynamicException[Value 16.0 outside of range [0.0:1.0] Optional[16.0]]
[17:52:14] [Render thread/ERROR]: Error saving option Brightness: DynamicException[Value 16.0 outside of range [0.0:1.0] Optional[16.0]]
[17:52:14] [Render thread/ERROR]: Error saving option Brightness: DynamicException[Value 16.0 outside of range [0.0:1.0] Optional[16.0]]
[17:52:14] [Render thread/ERROR]: Error saving option Brightness: DynamicException[Value 16.0 outside of range [0.0:1.0] Optional[16.0]]
[17:52:14] [Render thread/ERROR]: Error saving option Brightness: DynamicException[Value 16.0 outside of range [0.0:1.0] Optional[16.0]]
[17:52:14] [Render thread/ERROR]: Error saving option Brightness: DynamicException[Value 16.0 outside of range [0.0:1.0] Optional[16.0]]
[17:52:14] [Render thread/ERROR]: Error saving option Brightness: DynamicException[Value 16.0 outside of range [0.0:1.0] Optional[16.0]]
[17:52:14] [Render thread/ERROR]: Error saving option Brightness: DynamicException[Value 16.0 outside of range [0.0:1.0] Optional[16.0]]
[17:52:14] [Render thread/ERROR]: Error saving option Brightness: DynamicException[Value 16.0 outside of range [0.0:1.0] Optional[16.0]]
[17:52:14] [Render thread/ERROR]: Error saving option Brightness: DynamicException[Value 16.0 outside of range [0.0:1.0] Optional[16.0]]
[17:52:14] [Render thread/ERROR]: Error saving option Brightness: DynamicException[Value 16.0 outside of range [0.0:1.0] Optional[16.0]]
[17:52:14] [Render thread/ERROR]: Error saving option Brightness: DynamicException[Value 16.0 outside of range [0.0:1.0] Optional[16.0]]
[17:52:14] [Render thread/ERROR]: Error saving option Brightness: DynamicException[Value 16.0 outside of range [0.0:1.0] Optional[16.0]]
[17:52:14] [Render thread/ERROR]: Error saving option Brightness: DynamicException[Value 16.0 outside of range [0.0:1.0] Optional[16.0]]
[17:52:14] [Render thread/ERROR]: Error saving option Brightness: DynamicException[Value 16.0 outside of range [0.0:1.0] Optional[16.0]]
[17:52:14] [Render thread/ERROR]: Error saving option Brightness: DynamicException[Value 16.0 outside of range [0.0:1.0] Optional[16.0]]
[17:52:14] [Render thread/ERROR]: Error saving option Brightness: DynamicException[Value 16.0 outside of range [0.0:1.0] Optional[16.0]]
[17:52:14] [Render thread/ERROR]: Error saving option Brightness: DynamicException[Value 16.0 outside of range [0.0:1.0] Optional[16.0]]
[17:52:14] [Render thread/ERROR]: Error saving option Brightness: DynamicException[Value 16.0 outside of range [0.0:1.0] Optional[16.0]]
[17:52:14] [Render thread/ERROR]: Error saving option Brightness: DynamicException[Value 16.0 outside of range [0.0:1.0] Optional[16.0]]
[17:52:14] [Render thread/ERROR]: Error saving option Brightness: DynamicException[Value 16.0 outside of range [0.0:1.0] Optional[16.0]]
[17:52:14] [Render thread/ERROR]: Error saving option Brightness: DynamicException[Value 16.0 outside of range [0.0:1.0] Optional[16.0]]
[17:52:14] [Render thread/ERROR]: Error saving option Brightness: DynamicException[Value 16.0 outside of range [0.0:1.0] Optional[16.0]]
[17:52:14] [Render thread/ERROR]: Error saving option Brightness: DynamicException[Value 16.0 outside of range [0.0:1.0] Optional[16.0]]
[17:52:14] [Render thread/ERROR]: Error saving option Brightness: DynamicException[Value 16.0 outside of range [0.0:1.0] Optional[16.0]]
[17:52:15] [Render thread/ERROR]: Error saving option Brightness: DynamicException[Value 16.0 outside of range [0.0:1.0] Optional[16.0]]
[17:52:15] [Render thread/ERROR]: Error saving option Brightness: DynamicException[Value 16.0 outside of range [0.0:1.0] Optional[16.0]]
[17:52:15] [Render thread/ERROR]: Error saving option Brightness: DynamicException[Value 16.0 outside of range [0.0:1.0] Optional[16.0]]
[17:54:11] [Render thread/WARN]: Received passengers for unknown entity
[18:06:23] [Render thread/ERROR]: Error saving option Brightness: DynamicException[Value 16.0 outside of range [0.0:1.0] Optional[16.0]]
[18:06:24] [Render thread/ERROR]: Error saving option Brightness: DynamicException[Value 16.0 outside of range [0.0:1.0] Optional[16.0]]
[18:06:24] [Render thread/ERROR]: Error saving option Brightness: DynamicException[Value 16.0 outside of range [0.0:1.0] Optional[16.0]]
[18:06:24] [Render thread/ERROR]: Error saving option Brightness: DynamicException[Value 16.0 outside of range [0.0:1.0] Optional[16.0]]
[18:06:24] [Render thread/ERROR]: Error saving option Brightness: DynamicException[Value 16.0 outside of range [0.0:1.0] Optional[16.0]]
[18:06:24] [Render thread/ERROR]: Error saving option Brightness: DynamicException[Value 16.0 outside of range [0.0:1.0] Optional[16.0]]
[18:06:24] [Render thread/ERROR]: Error saving option Brightness: DynamicException[Value 16.0 outside of range [0.0:1.0] Optional[16.0]]
[18:06:24] [Render thread/ERROR]: Error saving option Brightness: DynamicException[Value 16.0 outside of range [0.0:1.0] Optional[16.0]]
[18:06:24] [Render thread/ERROR]: Error saving option Brightness: DynamicException[Value 16.0 outside of range [0.0:1.0] Optional[16.0]]
[18:06:24] [Render thread/ERROR]: Error saving option Brightness: DynamicException[Value 16.0 outside of range [0.0:1.0] Optional[16.0]]
[18:06:25] [Render thread/ERROR]: Error saving option Brightness: DynamicException[Value 16.0 outside of range [0.0:1.0] Optional[16.0]]
[18:06:25] [Render thread/ERROR]: Error saving option Brightness: DynamicException[Value 16.0 outside of range [0.0:1.0] Optional[16.0]]
[18:06:25] [Render thread/ERROR]: Error saving option Brightness: DynamicException[Value 16.0 outside of range [0.0:1.0] Optional[16.0]]
[18:06:25] [Render thread/ERROR]: Error saving option Brightness: DynamicException[Value 16.0 outside of range [0.0:1.0] Optional[16.0]]
[18:06:25] [Render thread/ERROR]: Error saving option Brightness: DynamicException[Value 16.0 outside of range [0.0:1.0] Optional[16.0]]
[18:07:00] [Render thread/WARN]: Received passengers for unknown entity
[18:07:46] [Render thread/WARN]: Received passengers for unknown entity
[18:08:20] [Render thread/INFO]: Stopping worker threads
[18:08:20] [Render thread/INFO]: Started 6 worker threads
[18:08:21] [Render thread/INFO]: Stopping worker threads
[18:08:21] [Render thread/INFO]: Started 6 worker threads
[18:23:10] [Render thread/ERROR]: Error saving option Brightness: DynamicException[Value 16.0 outside of range [0.0:1.0] Optional[16.0]]
[18:23:10] [Render thread/WARN]: Pack file/coffee totem declared support for versions [16, 22] but declared main format is 9, defaulting to 9
[18:23:11] [Render thread/WARN]: Failed to load icon from pack file/Identifiable Powdered Snow Minecraft Modder
java.io.IOException: Bad PNG Signature
	at net.minecraft.class_8800.method_54945(class_8800.java:44) ~[client-intermediary.jar:?]
	at net.minecraft.class_1011.method_4303(class_1011.java:135) ~[client-intermediary.jar:?]
	at net.minecraft.class_1011.method_4310(class_1011.java:107) ~[client-intermediary.jar:?]
	at net.minecraft.class_1011.method_4309(class_1011.java:98) ~[client-intermediary.jar:?]
	at net.minecraft.class_5375.method_30289(class_5375.java:289) ~[client-intermediary.jar:?]
	at net.minecraft.class_5375.method_30288(class_5375.java:300) ~[client-intermediary.jar:?]
	at java.util.HashMap.computeIfAbsent(HashMap.java:1220) ~[?:?]
	at net.minecraft.class_5375.method_30287(class_5375.java:300) ~[client-intermediary.jar:?]
	at net.minecraft.class_5369$class_5372.method_30286(class_5369.java:126) ~[client-intermediary.jar:?]
	at net.minecraft.class_521$class_4271.method_25343(class_521.java:137) ~[client-intermediary.jar:?]
	at net.minecraft.class_350.method_44397(class_350.java:411) ~[client-intermediary.jar:?]
	at net.minecraft.class_350.method_25311(class_350.java:396) ~[client-intermediary.jar:?]
	at net.minecraft.class_350.method_48579(class_350.java:184) ~[client-intermediary.jar:?]
	at net.minecraft.class_339.method_25394(class_339.java:66) ~[client-intermediary.jar:?]
	at net.minecraft.class_437.method_25394(class_437.java:121) ~[client-intermediary.jar:?]
	at net.minecraft.class_5375.method_25394(class_5375.java:182) ~[client-intermediary.jar:?]
	at net.minecraft.class_437.method_47413(class_437.java:110) ~[client-intermediary.jar:?]
	at net.minecraft.class_757.mixinextras$bridge$method_47413$201(class_757.java) ~[client-intermediary.jar:?]
	at net.minecraft.class_757.wrapOperation$bgd000$fabric-screen-api-v1$onRenderScreen(class_757.java:2111) ~[client-intermediary.jar:?]
	at net.minecraft.class_757.method_3192(class_757.java:931) ~[client-intermediary.jar:?]
	at net.minecraft.class_310.method_1523(class_310.java:1327) ~[client-intermediary.jar:?]
	at net.minecraft.class_310.method_1514(class_310.java:888) ~[client-intermediary.jar:?]
	at net.minecraft.client.main.Main.main(Main.java:265) ~[fabric-loader-0.15.7-1.20.4.jar:?]
	at net.fabricmc.loader.impl.game.minecraft.MinecraftGameProvider.launch(MinecraftGameProvider.java:470) ~[fabric-loader-0.15.7.jar:?]
	at net.fabricmc.loader.impl.launch.knot.Knot.launch(Knot.java:74) ~[fabric-loader-0.15.7.jar:?]
	at net.fabricmc.loader.impl.launch.knot.KnotClient.main(KnotClient.java:23) ~[fabric-loader-0.15.7.jar:?]
[18:23:19] [Render thread/ERROR]: Error saving option Brightness: DynamicException[Value 16.0 outside of range [0.0:1.0] Optional[16.0]]
[18:23:19] [Render thread/WARN]: Pack file/coffee totem declared support for versions [16, 22] but declared main format is 9, defaulting to 9
[18:23:19] [Render thread/INFO]: Reloading ResourceManager: vanilla, fabric, advanced-xray-fabric, appleskin, carpet, citresewn, citresewn-defaults, cloth-config, entityculling, essential, essential-container, essential-loader, fabric-api, fabric-api-base, fabric-api-lookup-api-v1, fabric-biome-api-v1, fabric-block-api-v1, fabric-block-view-api-v2, fabric-blockrenderlayer-v1, fabric-client-tags-api-v1, fabric-command-api-v1, fabric-command-api-v2, fabric-commands-v0, fabric-containers-v0, fabric-content-registries-v0, fabric-convention-tags-v1, fabric-crash-report-info-v1, fabric-data-attachment-api-v1, fabric-data-generation-api-v1, fabric-dimensions-v1, fabric-entity-events-v1, fabric-events-interaction-v0, fabric-events-lifecycle-v0, fabric-game-rule-api-v1, fabric-item-api-v1, fabric-item-group-api-v1, fabric-key-binding-api-v1, fabric-keybindings-v0, fabric-language-kotlin, fabric-lifecycle-events-v1, fabric-loot-api-v2, fabric-message-api-v1, fabric-mining-level-api-v1, fabric-model-loading-api-v1, fabric-models-v0, fabric-networking-api-v1, fabric-object-builder-api-v1, fabric-particles-v1, fabric-recipe-api-v1, fabric-registry-sync-v0, fabric-renderer-api-v1, fabric-renderer-indigo, fabric-renderer-registries-v1, fabric-rendering-data-attachment-v1, fabric-rendering-fluids-v1, fabric-rendering-v0, fabric-rendering-v1, fabric-resource-conditions-api-v1, fabric-resource-loader-v0, fabric-screen-api-v1, fabric-screen-handler-api-v1, fabric-sound-api-v1, fabric-transfer-api-v1, fabric-transitive-access-wideners-v1, fabricloader, litematica, lithium, logical_zoom, malilib, minihud, nvidium, sodium, tweakeroo, file/Identifiable Powdered Snow Minecraft Modder, file/VisibleAncientDebris.zip, file/! §ddefrosted §8[§f16x§8] 1.16.zip, file/KonciPET UI 1.1 default hunger, file/axolotl totem, essential
[18:23:19] [Render thread/WARN]: Non [a-z0-9_.-] character in namespace .DS_Store in pack C:\Users\Miguel Leyesa\AppData\Roaming\.minecraft\resourcepacks\VisibleAncientDebris.zip, ignoring
[18:23:19] [Render thread/WARN]: Non [a-z0-9_.-] character in namespace .DS_Store in pack C:\Users\Miguel Leyesa\AppData\Roaming\.minecraft\resourcepacks\VisibleAncientDebris.zip, ignoring
[18:23:19] [Worker-Main-19/INFO]: Found unifont_all_no_pua-15.1.04.hex, loading
[18:23:19] [Worker-Main-22/WARN]: Invalid path in datapack: minecraft:textures/block/.DS_Store, ignoring
[18:23:19] [Worker-Main-13/WARN]: Non [a-z0-9_.-] character in namespace .DS_Store in pack C:\Users\Miguel Leyesa\AppData\Roaming\.minecraft\resourcepacks\VisibleAncientDebris.zip, ignoring
[18:23:20] [Render thread/WARN]: Skipped language file: minecraft:lang/en_us.json (com.google.gson.JsonSyntaxException: com.google.gson.stream.MalformedJsonException: Unterminated object at line 1707 column 45 path $.item.minecraft.debug_stick.update)
[18:23:20] [Render thread/WARN]: Missing sound for event: minecraft:item.goat_horn.play
[18:23:20] [Render thread/WARN]: Missing sound for event: minecraft:entity.goat.screaming.horn_break
[18:23:20] [Render thread/WARN]: Missing sound for event: minecraft:entity.generic.wind_burst
[18:23:20] [Render thread/INFO]: OpenAL initialized on device OpenAL Soft on Speakers (Razer Kraken Kitty Edition)
[18:23:20] [Render thread/INFO]: Sound engine started
[18:23:20] [Render thread/INFO]: Created: 1024x512x4 minecraft:textures/atlas/blocks.png-atlas
[18:23:20] [Render thread/INFO]: Created: 256x256x4 minecraft:textures/atlas/signs.png-atlas
[18:23:20] [Render thread/INFO]: Created: 512x512x4 minecraft:textures/atlas/banner_patterns.png-atlas
[18:23:20] [Render thread/INFO]: Created: 512x512x4 minecraft:textures/atlas/shield_patterns.png-atlas
[18:23:20] [Render thread/INFO]: Created: 1024x1024x4 minecraft:textures/atlas/armor_trims.png-atlas
[18:23:20] [Render thread/INFO]: Created: 256x256x4 minecraft:textures/atlas/chest.png-atlas
[18:23:20] [Render thread/INFO]: Created: 128x64x4 minecraft:textures/atlas/decorated_pot.png-atlas
[18:23:20] [Render thread/INFO]: Created: 512x256x4 minecraft:textures/atlas/shulker_boxes.png-atlas
[18:23:20] [Render thread/INFO]: Created: 512x256x4 minecraft:textures/atlas/beds.png-atlas
[18:23:20] [Render thread/WARN]: Shader rendertype_entity_translucent_emissive could not find sampler named Sampler2 in the specified shader program.
[18:23:20] [Render thread/INFO]: Created: 512x256x0 minecraft:textures/atlas/particles.png-atlas
[18:23:20] [Render thread/INFO]: Created: 512x256x0 minecraft:textures/atlas/paintings.png-atlas
[18:23:20] [Render thread/INFO]: Created: 128x128x0 minecraft:textures/atlas/mob_effects.png-atlas
[18:23:20] [Render thread/INFO]: Created: 1024x512x0 minecraft:textures/atlas/gui.png-atlas
[18:23:20] [Render thread/INFO]: Stopping worker threads
[18:23:20] [Render thread/INFO]: Started 6 worker threads
[18:23:23] [Render thread/ERROR]: Error saving option Brightness: DynamicException[Value 16.0 outside of range [0.0:1.0] Optional[16.0]]
[18:55:02] [Essential Thread 14/WARN]: Connection closed unexpectedly (CloseInfo(code=4500, reason=SERVER_KEEP_ALIVE_TIMEOUT, remote=false, outdated=false)) after 1h 28m 54.979731300s
[18:55:02] [Render thread/INFO]: Authenticating to Mojang as 16thGarden (dc0548c7-2c22-450e-91f5-2a17cfde2a12)
[18:55:03] [DefaultDispatcher-worker-6/INFO]: Connecting to Essential Connection Manager...
[18:55:04] [WebSocketConnectReadThread-645/INFO]: Connected to Essential Connection Manager.
[20:36:51] [Render thread/INFO]: Stopping worker threads
[20:36:51] [Render thread/INFO]: Started 6 worker threads
[20:36:51] [Render thread/INFO]: Stopping worker threads
[20:36:51] [Render thread/INFO]: Started 6 worker threads
[20:37:00] [Render thread/ERROR]: Error saving option Brightness: DynamicException[Value 16.0 outside of range [0.0:1.0] Optional[16.0]]
[20:37:01] [Render thread/ERROR]: Error saving option Brightness: DynamicException[Value 16.0 outside of range [0.0:1.0] Optional[16.0]]
[20:37:01] [Render thread/ERROR]: Error saving option Brightness: DynamicException[Value 16.0 outside of range [0.0:1.0] Optional[16.0]]
[20:37:33] [Render thread/INFO]: Stopping worker threads
[20:37:33] [Render thread/INFO]: Started 6 worker threads
[20:37:33] [Render thread/INFO]: Stopping worker threads
[20:37:34] [Render thread/INFO]: Started 6 worker threads
[20:37:57] [Render thread/WARN]: Unable to play empty soundEvent: minecraft:entity.puffer_fish.ambient
[20:38:17] [Server thread/INFO]: 16thGarden lost connection: Disconnected
[20:38:17] [Server thread/INFO]: 16thGarden left the game
[20:38:17] [Server thread/INFO]: Stopping singleplayer server as player logged out
[20:38:18] [Server thread/INFO]: Stopping server
[20:38:18] [Server thread/INFO]: Saving players
[20:38:18] [Server thread/INFO]: Saving worlds
[20:38:18] [Server thread/INFO]: Saving chunks for level 'ServerLevel[Epic survival world]'/minecraft:overworld
[20:38:18] [Server thread/INFO]: Saving chunks for level 'ServerLevel[Epic survival world]'/minecraft:the_nether
[20:38:18] [Server thread/INFO]: Saving chunks for level 'ServerLevel[Epic survival world]'/minecraft:the_end
[20:38:18] [Server thread/INFO]: ThreadedAnvilChunkStorage (Epic survival world): All chunks are saved
[20:38:18] [Server thread/INFO]: ThreadedAnvilChunkStorage (DIM-1): All chunks are saved
[20:38:18] [Server thread/INFO]: ThreadedAnvilChunkStorage (DIM1): All chunks are saved
[20:38:18] [Server thread/INFO]: ThreadedAnvilChunkStorage: All dimensions are saved
[20:38:18] [Render thread/INFO]: Stopping worker threads
[20:38:19] [Render thread/INFO]: Stopping!
[20:38:19] [CullThread/INFO]: [STDOUT]: Shutting down culling task!
