[20:07:54] [main/INFO]: Loading Minecraft 1.20.4 with Fabric Loader 0.15.7
[20:07:54] [main/INFO]: Loading 67 mods:
	- appleskin 2.5.1+mc1.20.3
	   \-- cloth-config 13.0.114
	        \-- cloth-basic-math 0.6.1
	- entityculling 1.6.3.1
	- essential-container 1.0.0
	   \-- essential-loader 1.2.1
	- fabric-api 0.96.4+1.20.4
	   |-- fabric-api-base 0.4.36+78d798af4f
	   |-- fabric-api-lookup-api-v1 1.6.49+82b1bb3e4f
	   |-- fabric-biome-api-v1 13.0.16+78d798af4f
	   |-- fabric-block-api-v1 1.0.16+3e2216cb4f
	   |-- fabric-block-view-api-v2 1.0.4+78d798af4f
	   |-- fabric-blockrenderlayer-v1 1.1.46+78d798af4f
	   |-- fabric-client-tags-api-v1 1.1.7+78d798af4f
	   |-- fabric-command-api-v1 1.2.41+f71b366f4f
	   |-- fabric-command-api-v2 2.2.20+78d798af4f
	   |-- fabric-commands-v0 0.2.58+df3654b34f
	   |-- fabric-containers-v0 0.1.86+df3654b34f
	   |-- fabric-content-registries-v0 5.0.14+78d798af4f
	   |-- fabric-convention-tags-v1 1.5.10+78d798af4f
	   |-- fabric-crash-report-info-v1 0.2.23+78d798af4f
	   |-- fabric-data-attachment-api-v1 1.1.3+b90db5744f
	   |-- fabric-data-generation-api-v1 13.2.3+5c0133444f
	   |-- fabric-dimensions-v1 2.1.61+78d798af4f
	   |-- fabric-entity-events-v1 1.6.1+09fc25014f
	   |-- fabric-events-interaction-v0 0.7.1+389931eb4f
	   |-- fabric-events-lifecycle-v0 0.2.74+df3654b34f
	   |-- fabric-game-rule-api-v1 1.0.46+78d798af4f
	   |-- fabric-item-api-v1 2.2.0+d6f2b0844f
	   |-- fabric-item-group-api-v1 4.0.25+58f8c0124f
	   |-- fabric-key-binding-api-v1 1.0.41+78d798af4f
	   |-- fabric-keybindings-v0 0.2.39+df3654b34f
	   |-- fabric-lifecycle-events-v1 2.3.0+a67ffb5d4f
	   |-- fabric-loot-api-v2 2.1.8+78d798af4f
	   |-- fabric-message-api-v1 6.0.5+78d798af4f
	   |-- fabric-mining-level-api-v1 2.1.64+78d798af4f
	   |-- fabric-model-loading-api-v1 1.0.8+78d798af4f
	   |-- fabric-models-v0 0.4.7+9386d8a74f
	   |-- fabric-networking-api-v1 3.1.7+2e5ac5484f
	   |-- fabric-object-builder-api-v1 13.0.13+080016e44f
	   |-- fabric-particles-v1 1.1.7+78d798af4f
	   |-- fabric-recipe-api-v1 2.0.20+78d798af4f
	   |-- fabric-registry-sync-v0 4.0.19+58f8c0124f
	   |-- fabric-renderer-api-v1 3.2.4+78d798af4f
	   |-- fabric-renderer-indigo 1.5.4+78d798af4f
	   |-- fabric-renderer-registries-v1 3.2.53+df3654b34f
	   |-- fabric-rendering-data-attachment-v1 0.3.42+73761d2e4f
	   |-- fabric-rendering-fluids-v1 3.1.1+e761c6694f
	   |-- fabric-rendering-v0 1.1.56+df3654b34f
	   |-- fabric-rendering-v1 3.2.0+6fd945a04f
	   |-- fabric-resource-conditions-api-v1 2.3.14+78d798af4f
	   |-- fabric-resource-loader-v0 0.11.19+58f8c0124f
	   |-- fabric-screen-api-v1 2.0.17+78d798af4f
	   |-- fabric-screen-handler-api-v1 1.3.55+78d798af4f
	   |-- fabric-sound-api-v1 1.0.17+78d798af4f
	   |-- fabric-transfer-api-v1 4.0.11+e84342304f
	   \-- fabric-transitive-access-wideners-v1 5.0.14+78d798af4f
	- fabricloader 0.15.7
	   \-- mixinextras 0.3.5
	- java 17
	- litematica 0.17.0
	- lithium 0.12.1
	- logical_zoom 0.0.22
	- malilib 0.18.1
	- minecraft 1.20.4
	- minihud 0.30.2
	- sodium 0.5.8+mc1.20.4
[20:07:54] [main/INFO]: SpongePowered MIXIN Subsystem Version=0.8.5 Source=file:/C:/Users/Miguel%20Leyesa/AppData/Roaming/.minecraft/libraries/net/fabricmc/sponge-mixin/0.12.5+mixin.0.8.5/sponge-mixin-0.12.5+mixin.0.8.5.jar Service=Knot/Fabric Env=CLIENT
[20:07:54] [main/INFO]: Compatibility level set to JAVA_17
[20:07:55] [main/INFO]: Loaded configuration file for Lithium: 129 options available, 0 override(s) found
[20:07:55] [main/INFO]: Loaded configuration file for Sodium: 42 options available, 0 override(s) found
[20:07:57] [main/INFO]: Starting Essential Loader (stage2) version 1.4.1+fabric-1.20.4 (9cbd42842e1a0f4db9463ba79962010f) [stable]
[20:07:58] [main/INFO]: Starting Essential v1.3.1.1 (#3a090c5c88) [stable]
[20:07:58] [main/INFO]: Java: OpenJDK 64-Bit Server VM (v17.0.8) by Microsoft (Microsoft)
[20:07:58] [main/INFO]: Java Path: C:\Users\Miguel Leyesa\AppData\Local\Packages\Microsoft.4297127D64EC6_8wekyb3d8bbwe\LocalCache\Local\runtime\java-runtime-gamma\windows-x64\java-runtime-gamma\bin
[20:07:58] [main/INFO]: Java Info: mixed mode
[20:07:58] [main/INFO]: JVM Arguments: 
  - -XX:HeapDumpPath=MojangTricksIntelDriversForPerformance_javaw.exe_minecraft.exe.heapdump
  - -Xss1M
  - -Djava.library.path=C:\Users\Miguel Leyesa\AppData\Roaming\.minecraft\bin\31e4d71e29d74ea71037886e1b9b318386334dc5
  - -Djna.tmpdir=C:\Users\Miguel Leyesa\AppData\Roaming\.minecraft\bin\31e4d71e29d74ea71037886e1b9b318386334dc5
  - -Dorg.lwjgl.system.SharedLibraryExtractPath=C:\Users\Miguel Leyesa\AppData\Roaming\.minecraft\bin\31e4d71e29d74ea71037886e1b9b318386334dc5
  - -Dio.netty.native.workdir=C:\Users\Miguel Leyesa\AppData\Roaming\.minecraft\bin\31e4d71e29d74ea71037886e1b9b318386334dc5
  - -Dminecraft.launcher.brand=minecraft-launcher
  - -Dminecraft.launcher.version=2.18.2
  - -DFabricMcEmu= net.minecraft.client.main.Main 
  - -Xmx2G
  - -XX:+UnlockExperimentalVMOptions
  - -XX:+UseG1GC
  - -XX:G1NewSizePercent=20
  - -XX:G1ReservePercent=20
  - -XX:MaxGCPauseMillis=50
  - -XX:G1HeapRegionSize=32M
  - -Dlog4j.configurationFile=C:\Users\Miguel Leyesa\AppData\Roaming\.minecraft\assets\log_configs\client-1.12.xml
[20:07:58] [main/INFO]: OS: Windows 11 (v10.0) (Arch: amd64)
[20:07:58] [main/INFO]: Searching for graphics cards...
[20:07:58] [main/INFO]: Initializing MixinExtras via com.llamalad7.mixinextras.service.MixinExtrasServiceImpl(version=0.3.5).
[20:07:59] [main/INFO]: Found graphics card: GraphicsAdapterInfo[vendor=NVIDIA, name=NVIDIA GeForce RTX 3050 Laptop GPU, version=DriverVersion=31.0.15.4629]
[20:07:59] [main/INFO]: Found graphics card: GraphicsAdapterInfo[vendor=INTEL, name=Intel(R) UHD Graphics, version=DriverVersion=30.0.100.9864]
[20:07:59] [main/WARN]: Sodium has applied one or more workarounds to prevent crashes or other issues on your system: [NVIDIA_THREADED_OPTIMIZATIONS]
[20:07:59] [main/WARN]: This is not necessarily an issue, but it may result in certain features or optimizations being disabled. You can sometimes fix these issues by upgrading your graphics driver.
[20:08:06] [Datafixer Bootstrap/INFO]: 198 Datafixer optimizations took 202 milliseconds
[20:08:09] [Render thread/INFO]: Environment: Environment[sessionHost=https://sessionserver.mojang.com, servicesHost=https://api.minecraftservices.com, name=PROD]
[20:08:09] [Render thread/INFO]: Setting user: 16thGarden
[20:08:09] [Render thread/INFO]: Using Default JreDnsResolver
[20:08:10] [Render thread/INFO]: Starting DI!
[20:08:10] [Thread 4/INFO]: Connecting to Essential Connection Manager...
[20:08:11] [Essential Thread 1/INFO]: Using Default JreSocketFactory
[20:08:11] [Render thread/INFO]: [Indigo] Different rendering plugin detected; not applying Indigo.
[20:08:11] [Render thread/INFO]: OptiFine not detected.
[20:08:11] [WebSocketConnectReadThread-76/INFO]: Opened connection to Essential ConnectionManager (code=101, message=Switching Protocols)
[20:08:11] [Essential Thread 1/INFO]: Essential Connection Manager connection established.
[20:08:12] [Render thread/INFO]: Backend library: LWJGL version 3.3.2-snapshot
[20:08:12] [Render thread/WARN]: Applying workaround: Prevent the NVIDIA OpenGL driver from using broken optimizations (NVIDIA_THREADED_OPTIMIZATIONS)
[20:08:12] [Render thread/INFO]: OpenGL Vendor: NVIDIA Corporation
[20:08:12] [Render thread/INFO]: OpenGL Renderer: NVIDIA GeForce RTX 3050 Laptop GPU/PCIe/SSE2
[20:08:12] [Render thread/INFO]: OpenGL Version: 3.2.0 NVIDIA 546.29
[20:08:13] [ForkJoinPool.commonPool-worker-1/INFO]: [STDERR]: org.objectweb.asm.tree.analysis.AnalyzerException: Error at instruction 137: Trying to set an inexistant local variable 9
[20:08:13] [ForkJoinPool.commonPool-worker-1/INFO]: [STDERR]: 	at org.objectweb.asm.tree.analysis.Analyzer.analyze(Analyzer.java:279)
[20:08:13] [ForkJoinPool.commonPool-worker-1/INFO]: [STDERR]: 	at org.spongepowered.asm.util.Locals.generateLocalVariableTable(Locals.java:859)
[20:08:13] [ForkJoinPool.commonPool-worker-1/INFO]: [STDERR]: 	at org.spongepowered.asm.util.Locals.getGeneratedLocalVariableTable(Locals.java:828)
[20:08:13] [ForkJoinPool.commonPool-worker-1/INFO]: [STDERR]: 	at org.spongepowered.asm.util.Locals.getLocalVariableAt(Locals.java:782)
[20:08:13] [ForkJoinPool.commonPool-worker-1/INFO]: [STDERR]: 	at org.spongepowered.asm.util.Locals.getLocalVariableAt(Locals.java:752)
[20:08:13] [ForkJoinPool.commonPool-worker-1/INFO]: [STDERR]: 	at org.spongepowered.asm.util.Locals.getLocalsAt(Locals.java:529)
[20:08:13] [ForkJoinPool.commonPool-worker-1/INFO]: [STDERR]: 	at org.spongepowered.asm.util.Locals.getLocalsAt(Locals.java:336)
[20:08:13] [ForkJoinPool.commonPool-worker-1/INFO]: [STDERR]: 	at org.spongepowered.asm.mixin.injection.modify.LocalVariableDiscriminator$Context.initLocals(LocalVariableDiscriminator.java:154)
[20:08:13] [ForkJoinPool.commonPool-worker-1/INFO]: [STDERR]: 	at org.spongepowered.asm.mixin.injection.modify.LocalVariableDiscriminator$Context.<init>(LocalVariableDiscriminator.java:148)
[20:08:13] [ForkJoinPool.commonPool-worker-1/INFO]: [STDERR]: 	at org.spongepowered.asm.mixin.injection.modify.ModifyVariableInjector$Context.<init>(ModifyVariableInjector.java:71)
[20:08:13] [ForkJoinPool.commonPool-worker-1/INFO]: [STDERR]: 	at org.spongepowered.asm.mixin.injection.modify.ModifyVariableInjector.preInject(ModifyVariableInjector.java:159)
[20:08:13] [ForkJoinPool.commonPool-worker-1/INFO]: [STDERR]: 	at org.spongepowered.asm.mixin.injection.code.Injector.preInject(Injector.java:258)
[20:08:13] [ForkJoinPool.commonPool-worker-1/INFO]: [STDERR]: 	at org.spongepowered.asm.mixin.injection.struct.InjectionInfo.preInject(InjectionInfo.java:436)
[20:08:13] [ForkJoinPool.commonPool-worker-1/INFO]: [STDERR]: 	at org.spongepowered.asm.mixin.transformer.MixinTargetContext.applyInjections(MixinTargetContext.java:1370)
[20:08:13] [ForkJoinPool.commonPool-worker-1/INFO]: [STDERR]: 	at org.spongepowered.asm.mixin.transformer.MixinApplicatorStandard.applyInjections(MixinApplicatorStandard.java:1062)
[20:08:13] [ForkJoinPool.commonPool-worker-1/INFO]: [STDERR]: 	at org.spongepowered.asm.mixin.transformer.MixinApplicatorStandard.applyMixin(MixinApplicatorStandard.java:402)
[20:08:13] [ForkJoinPool.commonPool-worker-1/INFO]: [STDERR]: 	at org.spongepowered.asm.mixin.transformer.MixinApplicatorStandard.apply(MixinApplicatorStandard.java:327)
[20:08:13] [ForkJoinPool.commonPool-worker-1/INFO]: [STDERR]: 	at org.spongepowered.asm.mixin.transformer.TargetClassContext.apply(TargetClassContext.java:421)
[20:08:13] [ForkJoinPool.commonPool-worker-1/INFO]: [STDERR]: 	at org.spongepowered.asm.mixin.transformer.TargetClassContext.applyMixins(TargetClassContext.java:403)
[20:08:13] [ForkJoinPool.commonPool-worker-1/INFO]: [STDERR]: 	at org.spongepowered.asm.mixin.transformer.MixinProcessor.applyMixins(MixinProcessor.java:363)
[20:08:13] [ForkJoinPool.commonPool-worker-1/INFO]: [STDERR]: 	at org.spongepowered.asm.mixin.transformer.MixinTransformer.transformClass(MixinTransformer.java:234)
[20:08:13] [ForkJoinPool.commonPool-worker-1/INFO]: [STDERR]: 	at org.spongepowered.asm.mixin.transformer.MixinTransformer.transformClassBytes(MixinTransformer.java:202)
[20:08:13] [ForkJoinPool.commonPool-worker-1/INFO]: [STDERR]: 	at net.fabricmc.loader.impl.launch.knot.KnotClassDelegate.getPostMixinClassByteArray(KnotClassDelegate.java:422)
[20:08:13] [ForkJoinPool.commonPool-worker-1/INFO]: [STDERR]: 	at net.fabricmc.loader.impl.launch.knot.KnotClassDelegate.tryLoadClass(KnotClassDelegate.java:323)
[20:08:13] [ForkJoinPool.commonPool-worker-1/INFO]: [STDERR]: 	at net.fabricmc.loader.impl.launch.knot.KnotClassDelegate.loadClass(KnotClassDelegate.java:218)
[20:08:13] [ForkJoinPool.commonPool-worker-1/INFO]: [STDERR]: 	at net.fabricmc.loader.impl.launch.knot.KnotClassLoader.loadClass(KnotClassLoader.java:119)
[20:08:13] [ForkJoinPool.commonPool-worker-1/INFO]: [STDERR]: 	at java.base/java.lang.ClassLoader.loadClass(ClassLoader.java:525)
[20:08:13] [ForkJoinPool.commonPool-worker-1/INFO]: [STDERR]: 	at gg.essential.universal.UGraphics.<clinit>(UGraphics.java:774)
[20:08:13] [ForkJoinPool.commonPool-worker-1/INFO]: [STDERR]: 	at gg.essential.elementa.components.UIImage._init_$lambda-1(UIImage.kt:60)
[20:08:13] [ForkJoinPool.commonPool-worker-1/INFO]: [STDERR]: 	at java.base/java.util.concurrent.CompletableFuture$UniAccept.tryFire(CompletableFuture.java:718)
[20:08:13] [ForkJoinPool.commonPool-worker-1/INFO]: [STDERR]: 	at java.base/java.util.concurrent.CompletableFuture$Completion.exec(CompletableFuture.java:483)
[20:08:13] [ForkJoinPool.commonPool-worker-1/INFO]: [STDERR]: 	at java.base/java.util.concurrent.ForkJoinTask.doExec(ForkJoinTask.java:373)
[20:08:13] [ForkJoinPool.commonPool-worker-1/INFO]: [STDERR]: 	at java.base/java.util.concurrent.ForkJoinPool$WorkQueue.topLevelExec(ForkJoinPool.java:1182)
[20:08:13] [ForkJoinPool.commonPool-worker-1/INFO]: [STDERR]: 	at java.base/java.util.concurrent.ForkJoinPool.scan(ForkJoinPool.java:1655)
[20:08:13] [ForkJoinPool.commonPool-worker-1/INFO]: [STDERR]: 	at java.base/java.util.concurrent.ForkJoinPool.runWorker(ForkJoinPool.java:1622)
[20:08:13] [ForkJoinPool.commonPool-worker-1/INFO]: [STDERR]: 	at java.base/java.util.concurrent.ForkJoinWorkerThread.run(ForkJoinWorkerThread.java:165)
[20:08:13] [ForkJoinPool.commonPool-worker-1/INFO]: [STDERR]: Caused by: java.lang.IndexOutOfBoundsException: Trying to set an inexistant local variable 9
[20:08:13] [ForkJoinPool.commonPool-worker-1/INFO]: [STDERR]: 	at org.objectweb.asm.tree.analysis.Frame.setLocal(Frame.java:208)
[20:08:13] [ForkJoinPool.commonPool-worker-1/INFO]: [STDERR]: 	at org.objectweb.asm.tree.analysis.Frame.execute(Frame.java:337)
[20:08:13] [ForkJoinPool.commonPool-worker-1/INFO]: [STDERR]: 	at org.objectweb.asm.tree.analysis.Analyzer.analyze(Analyzer.java:171)
[20:08:13] [ForkJoinPool.commonPool-worker-1/INFO]: [STDERR]: 	... 35 more
[20:08:15] [Render thread/INFO]: Reloading ResourceManager: vanilla, fabric, appleskin, cloth-config, entityculling, essential, essential-container, essential-loader, fabric-api, fabric-api-base, fabric-api-lookup-api-v1, fabric-biome-api-v1, fabric-block-api-v1, fabric-block-view-api-v2, fabric-blockrenderlayer-v1, fabric-client-tags-api-v1, fabric-command-api-v1, fabric-command-api-v2, fabric-commands-v0, fabric-containers-v0, fabric-content-registries-v0, fabric-convention-tags-v1, fabric-crash-report-info-v1, fabric-data-attachment-api-v1, fabric-data-generation-api-v1, fabric-dimensions-v1, fabric-entity-events-v1, fabric-events-interaction-v0, fabric-events-lifecycle-v0, fabric-game-rule-api-v1, fabric-item-api-v1, fabric-item-group-api-v1, fabric-key-binding-api-v1, fabric-keybindings-v0, fabric-language-kotlin, fabric-lifecycle-events-v1, fabric-loot-api-v2, fabric-message-api-v1, fabric-mining-level-api-v1, fabric-model-loading-api-v1, fabric-models-v0, fabric-networking-api-v1, fabric-object-builder-api-v1, fabric-particles-v1, fabric-recipe-api-v1, fabric-registry-sync-v0, fabric-renderer-api-v1, fabric-renderer-indigo, fabric-renderer-registries-v1, fabric-rendering-data-attachment-v1, fabric-rendering-fluids-v1, fabric-rendering-v0, fabric-rendering-v1, fabric-resource-conditions-api-v1, fabric-resource-loader-v0, fabric-screen-api-v1, fabric-screen-handler-api-v1, fabric-sound-api-v1, fabric-transfer-api-v1, fabric-transitive-access-wideners-v1, fabricloader, litematica, lithium, logical_zoom, malilib, minihud, sodium, file/Faithful 64x.zip, file/LowerFire [1.18.x].zip, file/Redstone Utilities-v2.1 [1.19.x].zip, file/OreBorders64x_1.19.3.zip, essential
[20:08:16] [Worker-Main-11/INFO]: Found unifont_all_no_pua-15.1.04.hex, loading
[20:08:17] [Worker-Main-1/WARN]: Unused frames in sprite minecraft:entity/conduit/wind: [22, 23, 24, 25, 26, 27, 28, 29, 30, 31, 32, 33, 34, 35, 36, 37, 38, 39, 40, 41, 42, 43, 44, 45, 46, 47, 48, 49, 50, 51, 52, 53, 54, 55, 56, 57, 58, 59, 60, 61, 62, 63, 64, 65, 66, 67, 68, 69, 70, 71, 72, 73, 74, 75, 76, 77, 78, 79, 80, 81, 82, 83, 84, 85, 86, 87]
[20:08:17] [Worker-Main-6/WARN]: Unused frames in sprite minecraft:entity/conduit/wind_vertical: [22, 23, 24, 25, 26, 27, 28, 29, 30, 31, 32, 33, 34, 35, 36, 37, 38, 39, 40, 41, 42, 43, 44, 45, 46, 47, 48, 49, 50, 51, 52, 53, 54, 55, 56, 57, 58, 59, 60, 61, 62, 63, 64, 65, 66, 67, 68, 69, 70, 71, 72, 73, 74, 75, 76, 77, 78, 79, 80, 81, 82, 83, 84, 85, 86, 87]
[20:08:17] [DefaultDispatcher-worker-2/INFO]: Connected to Discord as starbuckslarge
[20:08:19] [Render thread/WARN]: Missing sound for event: minecraft:item.goat_horn.play
[20:08:19] [Render thread/WARN]: Missing sound for event: minecraft:entity.goat.screaming.horn_break
[20:08:19] [Render thread/WARN]: Missing sound for event: minecraft:entity.generic.wind_burst
[20:08:19] [Render thread/INFO]: OpenAL initialized on device OpenAL Soft on Speakers (Razer Kraken Kitty Edition)
[20:08:19] [Render thread/INFO]: Sound engine started
[20:08:19] [Render thread/INFO]: Created: 4096x4096x4 minecraft:textures/atlas/blocks.png-atlas
[20:08:19] [Render thread/INFO]: Created: 1024x1024x4 minecraft:textures/atlas/signs.png-atlas
[20:08:19] [Render thread/INFO]: Created: 2048x2048x4 minecraft:textures/atlas/shield_patterns.png-atlas
[20:08:19] [Render thread/INFO]: Created: 2048x2048x4 minecraft:textures/atlas/banner_patterns.png-atlas
[20:08:19] [Render thread/INFO]: Created: 4096x4096x4 minecraft:textures/atlas/armor_trims.png-atlas
[20:08:19] [Render thread/INFO]: Created: 512x256x4 minecraft:textures/atlas/decorated_pot.png-atlas
[20:08:19] [Render thread/INFO]: Created: 1024x1024x4 minecraft:textures/atlas/chest.png-atlas
[20:08:19] [Render thread/INFO]: Created: 2048x1024x4 minecraft:textures/atlas/shulker_boxes.png-atlas
[20:08:19] [Render thread/INFO]: Created: 2048x1024x4 minecraft:textures/atlas/beds.png-atlas
[20:08:20] [Render thread/WARN]: Shader rendertype_entity_translucent_emissive could not find sampler named Sampler2 in the specified shader program.
[20:08:20] [Render thread/INFO]: Created: 1024x1024x0 minecraft:textures/atlas/particles.png-atlas
[20:08:20] [Render thread/INFO]: Created: 1024x1024x0 minecraft:textures/atlas/paintings.png-atlas
[20:08:20] [Render thread/INFO]: Created: 512x512x0 minecraft:textures/atlas/mob_effects.png-atlas
[20:08:20] [Render thread/INFO]: Created: 4096x2048x0 minecraft:textures/atlas/gui.png-atlas
[20:08:22] [Render thread/WARN]: Shader cabb2374eda405e66b897908637abd1da5deac52 could not find uniform named subpixel_amount in the specified shader program.
[20:11:39] [Render thread/INFO]: Reloading ResourceManager: vanilla, fabric, appleskin, cloth-config, entityculling, essential, essential-container, essential-loader, fabric-api, fabric-api-base, fabric-api-lookup-api-v1, fabric-biome-api-v1, fabric-block-api-v1, fabric-block-view-api-v2, fabric-blockrenderlayer-v1, fabric-client-tags-api-v1, fabric-command-api-v1, fabric-command-api-v2, fabric-commands-v0, fabric-containers-v0, fabric-content-registries-v0, fabric-convention-tags-v1, fabric-crash-report-info-v1, fabric-data-attachment-api-v1, fabric-data-generation-api-v1, fabric-dimensions-v1, fabric-entity-events-v1, fabric-events-interaction-v0, fabric-events-lifecycle-v0, fabric-game-rule-api-v1, fabric-item-api-v1, fabric-item-group-api-v1, fabric-key-binding-api-v1, fabric-keybindings-v0, fabric-language-kotlin, fabric-lifecycle-events-v1, fabric-loot-api-v2, fabric-message-api-v1, fabric-mining-level-api-v1, fabric-model-loading-api-v1, fabric-models-v0, fabric-networking-api-v1, fabric-object-builder-api-v1, fabric-particles-v1, fabric-recipe-api-v1, fabric-registry-sync-v0, fabric-renderer-api-v1, fabric-renderer-indigo, fabric-renderer-registries-v1, fabric-rendering-data-attachment-v1, fabric-rendering-fluids-v1, fabric-rendering-v0, fabric-rendering-v1, fabric-resource-conditions-api-v1, fabric-resource-loader-v0, fabric-screen-api-v1, fabric-screen-handler-api-v1, fabric-sound-api-v1, fabric-transfer-api-v1, fabric-transitive-access-wideners-v1, fabricloader, litematica, lithium, logical_zoom, malilib, minihud, sodium, essential
[20:11:39] [Worker-Main-6/INFO]: Found unifont_all_no_pua-15.1.04.hex, loading
[20:11:40] [Render thread/WARN]: Missing sound for event: minecraft:item.goat_horn.play
[20:11:40] [Render thread/WARN]: Missing sound for event: minecraft:entity.goat.screaming.horn_break
[20:11:40] [Render thread/WARN]: Missing sound for event: minecraft:entity.generic.wind_burst
[20:11:40] [Render thread/INFO]: OpenAL initialized on device OpenAL Soft on Speakers (Razer Kraken Kitty Edition)
[20:11:40] [Render thread/INFO]: Sound engine started
[20:11:40] [Render thread/INFO]: Created: 4096x4096x4 minecraft:textures/atlas/blocks.png-atlas
[20:11:40] [Render thread/INFO]: Created: 1024x1024x4 minecraft:textures/atlas/signs.png-atlas
[20:11:40] [Render thread/INFO]: Created: 2048x2048x4 minecraft:textures/atlas/shield_patterns.png-atlas
[20:11:40] [Render thread/INFO]: Created: 2048x2048x4 minecraft:textures/atlas/banner_patterns.png-atlas
[20:11:40] [Render thread/INFO]: Created: 4096x4096x4 minecraft:textures/atlas/armor_trims.png-atlas
[20:11:40] [Render thread/INFO]: Created: 512x256x4 minecraft:textures/atlas/decorated_pot.png-atlas
[20:11:40] [Render thread/INFO]: Created: 1024x1024x4 minecraft:textures/atlas/chest.png-atlas
[20:11:40] [Render thread/INFO]: Created: 2048x1024x4 minecraft:textures/atlas/shulker_boxes.png-atlas
[20:11:40] [Render thread/INFO]: Created: 2048x1024x4 minecraft:textures/atlas/beds.png-atlas
[20:11:40] [Render thread/WARN]: Shader rendertype_entity_translucent_emissive could not find sampler named Sampler2 in the specified shader program.
[20:11:40] [Render thread/INFO]: Created: 1024x1024x0 minecraft:textures/atlas/particles.png-atlas
[20:11:40] [Render thread/INFO]: Created: 1024x1024x0 minecraft:textures/atlas/paintings.png-atlas
[20:11:40] [Render thread/INFO]: Created: 512x512x0 minecraft:textures/atlas/mob_effects.png-atlas
[20:11:40] [Render thread/INFO]: Created: 4096x2048x0 minecraft:textures/atlas/gui.png-atlas
[20:18:01] [Render thread/INFO]: Reloading ResourceManager: vanilla, fabric, appleskin, cloth-config, entityculling, essential, essential-container, essential-loader, fabric-api, fabric-api-base, fabric-api-lookup-api-v1, fabric-biome-api-v1, fabric-block-api-v1, fabric-block-view-api-v2, fabric-blockrenderlayer-v1, fabric-client-tags-api-v1, fabric-command-api-v1, fabric-command-api-v2, fabric-commands-v0, fabric-containers-v0, fabric-content-registries-v0, fabric-convention-tags-v1, fabric-crash-report-info-v1, fabric-data-attachment-api-v1, fabric-data-generation-api-v1, fabric-dimensions-v1, fabric-entity-events-v1, fabric-events-interaction-v0, fabric-events-lifecycle-v0, fabric-game-rule-api-v1, fabric-item-api-v1, fabric-item-group-api-v1, fabric-key-binding-api-v1, fabric-keybindings-v0, fabric-language-kotlin, fabric-lifecycle-events-v1, fabric-loot-api-v2, fabric-message-api-v1, fabric-mining-level-api-v1, fabric-model-loading-api-v1, fabric-models-v0, fabric-networking-api-v1, fabric-object-builder-api-v1, fabric-particles-v1, fabric-recipe-api-v1, fabric-registry-sync-v0, fabric-renderer-api-v1, fabric-renderer-indigo, fabric-renderer-registries-v1, fabric-rendering-data-attachment-v1, fabric-rendering-fluids-v1, fabric-rendering-v0, fabric-rendering-v1, fabric-resource-conditions-api-v1, fabric-resource-loader-v0, fabric-screen-api-v1, fabric-screen-handler-api-v1, fabric-sound-api-v1, fabric-transfer-api-v1, fabric-transitive-access-wideners-v1, fabricloader, litematica, lithium, logical_zoom, malilib, minihud, sodium, file/! §ddefrosted §8[§f16x§8] 1.16.zip, essential
[20:18:01] [Worker-Main-15/INFO]: Found unifont_all_no_pua-15.1.04.hex, loading
[20:18:02] [Render thread/WARN]: Skipped language file: minecraft:lang/en_us.json (com.google.gson.JsonSyntaxException: com.google.gson.stream.MalformedJsonException: Unterminated object at line 1707 column 45 path $.item.minecraft.debug_stick.update)
[20:18:02] [Render thread/WARN]: Missing sound for event: minecraft:item.goat_horn.play
[20:18:02] [Render thread/WARN]: Missing sound for event: minecraft:entity.goat.screaming.horn_break
[20:18:02] [Render thread/WARN]: Missing sound for event: minecraft:entity.generic.wind_burst
[20:18:02] [Render thread/INFO]: OpenAL initialized on device OpenAL Soft on Speakers (Razer Kraken Kitty Edition)
[20:18:02] [Render thread/INFO]: Sound engine started
[20:18:02] [Render thread/INFO]: Created: 4096x4096x4 minecraft:textures/atlas/blocks.png-atlas
[20:18:02] [Render thread/INFO]: Created: 1024x1024x4 minecraft:textures/atlas/signs.png-atlas
[20:18:02] [Render thread/INFO]: Created: 2048x2048x4 minecraft:textures/atlas/shield_patterns.png-atlas
[20:18:02] [Render thread/INFO]: Created: 2048x2048x4 minecraft:textures/atlas/banner_patterns.png-atlas
[20:18:02] [Render thread/INFO]: Created: 4096x4096x4 minecraft:textures/atlas/armor_trims.png-atlas
[20:18:02] [Render thread/INFO]: Created: 512x256x4 minecraft:textures/atlas/decorated_pot.png-atlas
[20:18:02] [Render thread/INFO]: Created: 1024x1024x4 minecraft:textures/atlas/chest.png-atlas
[20:18:02] [Render thread/INFO]: Created: 2048x1024x4 minecraft:textures/atlas/shulker_boxes.png-atlas
[20:18:02] [Render thread/INFO]: Created: 2048x1024x4 minecraft:textures/atlas/beds.png-atlas
[20:18:02] [Render thread/WARN]: Shader rendertype_entity_translucent_emissive could not find sampler named Sampler2 in the specified shader program.
[20:18:02] [Render thread/INFO]: Created: 1024x1024x0 minecraft:textures/atlas/particles.png-atlas
[20:18:02] [Render thread/INFO]: Created: 1024x1024x0 minecraft:textures/atlas/paintings.png-atlas
[20:18:02] [Render thread/INFO]: Created: 512x512x0 minecraft:textures/atlas/mob_effects.png-atlas
[20:18:02] [Render thread/INFO]: Created: 4096x2048x0 minecraft:textures/atlas/gui.png-atlas
[20:18:12] [Render thread/INFO]: Loaded 7 recipes
[20:18:12] [Render thread/INFO]: Loaded 1271 advancements
[20:18:13] [Render thread/INFO]: Applied 0 biome modifications to 0 of 64 new biomes in 4.250 ms
[20:18:13] [Server thread/INFO]: Starting integrated minecraft server version 1.20.4
[20:18:13] [Server thread/INFO]: Generating keypair
[20:18:16] [Server thread/INFO]: Preparing start region for dimension minecraft:overworld
[20:18:19] [Render thread/INFO]: Preparing spawn area: 0%
[20:18:19] [Render thread/INFO]: Preparing spawn area: 0%
[20:18:19] [Render thread/INFO]: Preparing spawn area: 0%
[20:18:19] [Render thread/INFO]: Preparing spawn area: 0%
[20:18:19] [Render thread/INFO]: Preparing spawn area: 0%
[20:18:19] [Render thread/INFO]: Preparing spawn area: 0%
[20:18:19] [Render thread/INFO]: Preparing spawn area: 0%
[20:18:19] [Render thread/INFO]: Preparing spawn area: 0%
[20:18:20] [Render thread/INFO]: Preparing spawn area: 0%
[20:18:20] [Render thread/INFO]: Preparing spawn area: 0%
[20:18:21] [Render thread/INFO]: Preparing spawn area: 4%
[20:18:21] [Render thread/INFO]: Preparing spawn area: 37%
[20:18:22] [Render thread/INFO]: Preparing spawn area: 75%
[20:18:22] [Render thread/INFO]: Time elapsed: 6387 ms
[20:18:22] [Server thread/INFO]: Changing view distance to 16, from 10
[20:18:22] [Server thread/INFO]: Changing simulation distance to 12, from 0
[20:18:23] [Server thread/INFO]: 16thGarden[local:E:fc516007] logged in with entity id 175 at (-41.70280435881516, 64.0, -0.7653831344689188)
[20:18:24] [Server thread/INFO]: 16thGarden joined the game
[20:18:24] [Render thread/INFO]: Started 6 worker threads
[20:18:24] [Render thread/INFO]: Using 3 total BufferBuilder caches
[20:18:24] [Render thread/WARN]: Unable to read property: west with value: false for blockstate: {Name:"minecraft:cobblestone_wall",Properties:{east:"false",north:"false",south:"false",up:"false",west:"false"}}
[20:18:24] [Render thread/WARN]: Unable to read property: east with value: false for blockstate: {Name:"minecraft:cobblestone_wall",Properties:{east:"false",north:"false",south:"false",up:"false",west:"false"}}
[20:18:24] [Render thread/WARN]: Unable to read property: south with value: false for blockstate: {Name:"minecraft:cobblestone_wall",Properties:{east:"false",north:"false",south:"false",up:"false",west:"false"}}
[20:18:24] [Render thread/WARN]: Unable to read property: north with value: false for blockstate: {Name:"minecraft:cobblestone_wall",Properties:{east:"false",north:"false",south:"false",up:"false",west:"false"}}
[20:18:24] [Render thread/WARN]: Unable to read property: west with value: false for blockstate: {Name:"minecraft:mossy_cobblestone_wall",Properties:{east:"false",north:"false",south:"false",up:"false",west:"false"}}
[20:18:24] [Render thread/WARN]: Unable to read property: east with value: false for blockstate: {Name:"minecraft:mossy_cobblestone_wall",Properties:{east:"false",north:"false",south:"false",up:"false",west:"false"}}
[20:18:24] [Render thread/WARN]: Unable to read property: south with value: false for blockstate: {Name:"minecraft:mossy_cobblestone_wall",Properties:{east:"false",north:"false",south:"false",up:"false",west:"false"}}
[20:18:24] [Render thread/WARN]: Unable to read property: north with value: false for blockstate: {Name:"minecraft:mossy_cobblestone_wall",Properties:{east:"false",north:"false",south:"false",up:"false",west:"false"}}
[20:18:25] [Render thread/INFO]: Loaded 443 advancements
[20:19:03] [Server thread/INFO]: Saving and pausing game...
[20:19:03] [Server thread/INFO]: Saving chunks for level 'ServerLevel[Epic survival world]'/minecraft:overworld
[20:19:03] [Server thread/INFO]: Saving chunks for level 'ServerLevel[Epic survival world]'/minecraft:the_nether
[20:19:03] [Server thread/INFO]: Saving chunks for level 'ServerLevel[Epic survival world]'/minecraft:the_end
[20:19:08] [Render thread/INFO]: Reloading ResourceManager: vanilla, fabric, appleskin, cloth-config, entityculling, essential, essential-container, essential-loader, fabric-api, fabric-api-base, fabric-api-lookup-api-v1, fabric-biome-api-v1, fabric-block-api-v1, fabric-block-view-api-v2, fabric-blockrenderlayer-v1, fabric-client-tags-api-v1, fabric-command-api-v1, fabric-command-api-v2, fabric-commands-v0, fabric-containers-v0, fabric-content-registries-v0, fabric-convention-tags-v1, fabric-crash-report-info-v1, fabric-data-attachment-api-v1, fabric-data-generation-api-v1, fabric-dimensions-v1, fabric-entity-events-v1, fabric-events-interaction-v0, fabric-events-lifecycle-v0, fabric-game-rule-api-v1, fabric-item-api-v1, fabric-item-group-api-v1, fabric-key-binding-api-v1, fabric-keybindings-v0, fabric-language-kotlin, fabric-lifecycle-events-v1, fabric-loot-api-v2, fabric-message-api-v1, fabric-mining-level-api-v1, fabric-model-loading-api-v1, fabric-models-v0, fabric-networking-api-v1, fabric-object-builder-api-v1, fabric-particles-v1, fabric-recipe-api-v1, fabric-registry-sync-v0, fabric-renderer-api-v1, fabric-renderer-indigo, fabric-renderer-registries-v1, fabric-rendering-data-attachment-v1, fabric-rendering-fluids-v1, fabric-rendering-v0, fabric-rendering-v1, fabric-resource-conditions-api-v1, fabric-resource-loader-v0, fabric-screen-api-v1, fabric-screen-handler-api-v1, fabric-sound-api-v1, fabric-transfer-api-v1, fabric-transitive-access-wideners-v1, fabricloader, litematica, lithium, logical_zoom, malilib, minihud, sodium, file/! §bsimply §f32§3x.zip, essential
[20:19:08] [Worker-Main-18/INFO]: Found unifont_all_no_pua-15.1.04.hex, loading
[20:19:10] [Worker-Main-19/WARN]: Missing textures in model minecraft:ladder#facing=south,waterlogged=false:
    minecraft:textures/atlas/blocks.png:minecraft:blocks/ladder
    minecraft:textures/atlas/blocks.png:minecraft:blocks/planks_oak
[20:19:10] [Worker-Main-19/WARN]: Missing textures in model minecraft:ladder#facing=west,waterlogged=true:
    minecraft:textures/atlas/blocks.png:minecraft:blocks/ladder
    minecraft:textures/atlas/blocks.png:minecraft:blocks/planks_oak
[20:19:10] [Worker-Main-19/WARN]: Missing textures in model minecraft:ladder#facing=north,waterlogged=true:
    minecraft:textures/atlas/blocks.png:minecraft:blocks/ladder
    minecraft:textures/atlas/blocks.png:minecraft:blocks/planks_oak
[20:19:10] [Worker-Main-19/WARN]: Missing textures in model minecraft:ladder#facing=east,waterlogged=true:
    minecraft:textures/atlas/blocks.png:minecraft:blocks/ladder
    minecraft:textures/atlas/blocks.png:minecraft:blocks/planks_oak
[20:19:10] [Render thread/WARN]: Missing sound for event: minecraft:item.goat_horn.play
[20:19:10] [Render thread/WARN]: Missing sound for event: minecraft:entity.goat.screaming.horn_break
[20:19:10] [Render thread/WARN]: Missing sound for event: minecraft:entity.generic.wind_burst
[20:19:10] [Render thread/INFO]: OpenAL initialized on device OpenAL Soft on Speakers (Razer Kraken Kitty Edition)
[20:19:10] [Render thread/INFO]: Sound engine started
[20:19:11] [Render thread/INFO]: Created: 4096x4096x4 minecraft:textures/atlas/blocks.png-atlas
[20:19:11] [Render thread/INFO]: Created: 1024x1024x4 minecraft:textures/atlas/signs.png-atlas
[20:19:11] [Render thread/INFO]: Created: 2048x2048x4 minecraft:textures/atlas/shield_patterns.png-atlas
[20:19:11] [Render thread/INFO]: Created: 2048x2048x4 minecraft:textures/atlas/banner_patterns.png-atlas
[20:19:11] [Render thread/INFO]: Created: 4096x4096x4 minecraft:textures/atlas/armor_trims.png-atlas
[20:19:11] [Render thread/INFO]: Created: 512x256x4 minecraft:textures/atlas/decorated_pot.png-atlas
[20:19:11] [Render thread/INFO]: Created: 1024x1024x4 minecraft:textures/atlas/chest.png-atlas
[20:19:11] [Render thread/INFO]: Created: 2048x1024x4 minecraft:textures/atlas/shulker_boxes.png-atlas
[20:19:11] [Render thread/INFO]: Created: 2048x1024x4 minecraft:textures/atlas/beds.png-atlas
[20:19:11] [Render thread/WARN]: Shader rendertype_entity_translucent_emissive could not find sampler named Sampler2 in the specified shader program.
[20:19:11] [Render thread/INFO]: Created: 1024x1024x0 minecraft:textures/atlas/particles.png-atlas
[20:19:11] [Render thread/INFO]: Created: 1024x1024x0 minecraft:textures/atlas/paintings.png-atlas
[20:19:11] [Render thread/INFO]: Created: 512x512x0 minecraft:textures/atlas/mob_effects.png-atlas
[20:19:11] [Render thread/INFO]: Created: 4096x2048x0 minecraft:textures/atlas/gui.png-atlas
[20:19:11] [Render thread/INFO]: Stopping worker threads
[20:19:11] [Render thread/INFO]: Started 6 worker threads
[20:19:19] [Server thread/INFO]: Saving and pausing game...
[20:19:19] [Server thread/INFO]: Saving chunks for level 'ServerLevel[Epic survival world]'/minecraft:overworld
[20:19:19] [Server thread/INFO]: Saving chunks for level 'ServerLevel[Epic survival world]'/minecraft:the_nether
[20:19:19] [Server thread/INFO]: Saving chunks for level 'ServerLevel[Epic survival world]'/minecraft:the_end
[20:19:20] [Server thread/INFO]: Saving and pausing game...
[20:19:20] [Server thread/INFO]: Saving chunks for level 'ServerLevel[Epic survival world]'/minecraft:overworld
[20:19:20] [Server thread/INFO]: Saving chunks for level 'ServerLevel[Epic survival world]'/minecraft:the_nether
[20:19:20] [Server thread/INFO]: Saving chunks for level 'ServerLevel[Epic survival world]'/minecraft:the_end
[20:19:23] [Render thread/INFO]: Reloading ResourceManager: vanilla, fabric, appleskin, cloth-config, entityculling, essential, essential-container, essential-loader, fabric-api, fabric-api-base, fabric-api-lookup-api-v1, fabric-biome-api-v1, fabric-block-api-v1, fabric-block-view-api-v2, fabric-blockrenderlayer-v1, fabric-client-tags-api-v1, fabric-command-api-v1, fabric-command-api-v2, fabric-commands-v0, fabric-containers-v0, fabric-content-registries-v0, fabric-convention-tags-v1, fabric-crash-report-info-v1, fabric-data-attachment-api-v1, fabric-data-generation-api-v1, fabric-dimensions-v1, fabric-entity-events-v1, fabric-events-interaction-v0, fabric-events-lifecycle-v0, fabric-game-rule-api-v1, fabric-item-api-v1, fabric-item-group-api-v1, fabric-key-binding-api-v1, fabric-keybindings-v0, fabric-language-kotlin, fabric-lifecycle-events-v1, fabric-loot-api-v2, fabric-message-api-v1, fabric-mining-level-api-v1, fabric-model-loading-api-v1, fabric-models-v0, fabric-networking-api-v1, fabric-object-builder-api-v1, fabric-particles-v1, fabric-recipe-api-v1, fabric-registry-sync-v0, fabric-renderer-api-v1, fabric-renderer-indigo, fabric-renderer-registries-v1, fabric-rendering-data-attachment-v1, fabric-rendering-fluids-v1, fabric-rendering-v0, fabric-rendering-v1, fabric-resource-conditions-api-v1, fabric-resource-loader-v0, fabric-screen-api-v1, fabric-screen-handler-api-v1, fabric-sound-api-v1, fabric-transfer-api-v1, fabric-transitive-access-wideners-v1, fabricloader, litematica, lithium, logical_zoom, malilib, minihud, sodium, essential
[20:19:23] [Worker-Main-7/INFO]: Found unifont_all_no_pua-15.1.04.hex, loading
[20:19:23] [Render thread/WARN]: Missing sound for event: minecraft:item.goat_horn.play
[20:19:23] [Render thread/WARN]: Missing sound for event: minecraft:entity.goat.screaming.horn_break
[20:19:23] [Render thread/WARN]: Missing sound for event: minecraft:entity.generic.wind_burst
[20:19:24] [Render thread/INFO]: OpenAL initialized on device OpenAL Soft on Speakers (Razer Kraken Kitty Edition)
[20:19:24] [Render thread/INFO]: Sound engine started
[20:19:24] [Render thread/INFO]: Created: 4096x4096x4 minecraft:textures/atlas/blocks.png-atlas
[20:19:24] [Render thread/INFO]: Created: 1024x1024x4 minecraft:textures/atlas/signs.png-atlas
[20:19:24] [Render thread/INFO]: Created: 2048x2048x4 minecraft:textures/atlas/shield_patterns.png-atlas
[20:19:24] [Render thread/INFO]: Created: 2048x2048x4 minecraft:textures/atlas/banner_patterns.png-atlas
[20:19:24] [Render thread/INFO]: Created: 4096x4096x4 minecraft:textures/atlas/armor_trims.png-atlas
[20:19:24] [Render thread/INFO]: Created: 512x256x4 minecraft:textures/atlas/decorated_pot.png-atlas
[20:19:24] [Render thread/INFO]: Created: 1024x1024x4 minecraft:textures/atlas/chest.png-atlas
[20:19:24] [Render thread/INFO]: Created: 2048x1024x4 minecraft:textures/atlas/shulker_boxes.png-atlas
[20:19:24] [Render thread/INFO]: Created: 2048x1024x4 minecraft:textures/atlas/beds.png-atlas
[20:19:24] [Render thread/WARN]: Shader rendertype_entity_translucent_emissive could not find sampler named Sampler2 in the specified shader program.
[20:19:24] [Render thread/INFO]: Created: 1024x1024x0 minecraft:textures/atlas/particles.png-atlas
[20:19:24] [Render thread/INFO]: Created: 1024x1024x0 minecraft:textures/atlas/paintings.png-atlas
[20:19:24] [Render thread/INFO]: Created: 512x512x0 minecraft:textures/atlas/mob_effects.png-atlas
[20:19:24] [Render thread/INFO]: Created: 4096x2048x0 minecraft:textures/atlas/gui.png-atlas
[20:19:24] [Render thread/INFO]: Stopping worker threads
[20:19:24] [Render thread/INFO]: Started 6 worker threads
[20:19:26] [Server thread/INFO]: 16thGarden lost connection: Disconnected
[20:19:26] [Server thread/INFO]: 16thGarden left the game
[20:19:26] [Server thread/INFO]: Stopping singleplayer server as player logged out
[20:19:26] [Server thread/INFO]: Stopping server
[20:19:26] [Server thread/INFO]: Saving players
[20:19:26] [Server thread/INFO]: Saving worlds
[20:19:26] [Server thread/INFO]: Saving chunks for level 'ServerLevel[Epic survival world]'/minecraft:overworld
[20:19:26] [Server thread/INFO]: Saving chunks for level 'ServerLevel[Epic survival world]'/minecraft:the_nether
[20:19:26] [Server thread/INFO]: Saving chunks for level 'ServerLevel[Epic survival world]'/minecraft:the_end
[20:19:26] [Server thread/INFO]: ThreadedAnvilChunkStorage (Epic survival world): All chunks are saved
[20:19:26] [Server thread/INFO]: ThreadedAnvilChunkStorage (DIM-1): All chunks are saved
[20:19:26] [Server thread/INFO]: ThreadedAnvilChunkStorage (DIM1): All chunks are saved
[20:19:26] [Server thread/INFO]: ThreadedAnvilChunkStorage: All dimensions are saved
[20:19:26] [Render thread/INFO]: Stopping worker threads
[20:22:23] [IO-Worker-8/ERROR]: Could not parse RealmsError
com.google.gson.JsonSyntaxException: com.google.gson.stream.MalformedJsonException: Use JsonReader.setLenient(true) to accept malformed JSON at line 1 column 12 path $
	at com.google.gson.JsonParser.parseReader(JsonParser.java:76) ~[gson-2.10.1.jar:?]
	at com.google.gson.JsonParser.parseString(JsonParser.java:51) ~[gson-2.10.1.jar:?]
	at net.minecraft.class_4345.method_30162(class_4345.java:150) ~[client-intermediary.jar:?]
	at net.minecraft.class_4341.method_20998(class_4341.java:450) ~[client-intermediary.jar:?]
	at net.minecraft.class_4341.method_21030(class_4341.java:356) ~[client-intermediary.jar:?]
	at net.minecraft.class_4341.method_21029(class_4341.java:351) ~[client-intermediary.jar:?]
	at net.minecraft.class_7581$class_7586.method_44642(class_7581.java:94) ~[client-intermediary.jar:?]
	at java.util.concurrent.CompletableFuture$AsyncSupply.run(CompletableFuture.java:1768) ~[?:?]
	at java.util.concurrent.ThreadPoolExecutor.runWorker(ThreadPoolExecutor.java:1136) ~[?:?]
	at java.util.concurrent.ThreadPoolExecutor$Worker.run(ThreadPoolExecutor.java:635) ~[?:?]
	at java.lang.Thread.run(Thread.java:833) ~[?:?]
Caused by: com.google.gson.stream.MalformedJsonException: Use JsonReader.setLenient(true) to accept malformed JSON at line 1 column 12 path $
	at com.google.gson.stream.JsonReader.syntaxError(JsonReader.java:1659) ~[gson-2.10.1.jar:?]
	at com.google.gson.stream.JsonReader.checkLenient(JsonReader.java:1465) ~[gson-2.10.1.jar:?]
	at com.google.gson.stream.JsonReader.doPeek(JsonReader.java:551) ~[gson-2.10.1.jar:?]
	at com.google.gson.stream.JsonReader.peek(JsonReader.java:433) ~[gson-2.10.1.jar:?]
	at com.google.gson.JsonParser.parseReader(JsonParser.java:71) ~[gson-2.10.1.jar:?]
	... 10 more
[20:22:23] [Render thread/WARN]: Failed to process task pending invite count, will repeat after 2 cycles
net.minecraft.class_4355: Realms service error (502) with raw payload '<!DOCTYPE html PUBLIC '-//W3C//DTD XHTML 1.0 Transitional//EN' 'http://www.w3.org/TR/xhtml1/DTD/xhtml1-transitional.dtd'>
<html xmlns='http://www.w3.org/1999/xhtml'>

<head>
    <meta content='text/html; charset=utf-8' http-equiv='content-type' />
    <style type='text/css'>
        body {
            font-family: Arial;
            margin-left: 40px;
        }

        img {
            border: 0 none;
        }

        #content {
            margin-left: auto;
            margin-right: auto
        }

        #message h2 {
            font-size: 20px;
            font-weight: normal;
            color: #000000;
            margin: 34px 0px 0px 0px
        }

        #message p {
            font-size: 13px;
            color: #000000;
            margin: 7px 0px 0px0px
        }

        #errorref {
            font-size: 11px;
            color: #737373;
            margin-top: 41px
        }
    </style>
    <title>Service unavailable</title>
</head>

<body>
    <div id='content'>
        <div id='message'>
            <h2>Our services aren't available right now</h2>
            <p>We're working to restore all services as soon as possible. Please check back soon.</p>
        </div>
        <div id='errorref'>
            <span>20240307T122224Z-dh0maydztp1dm25gtr1hv9ug58000000061g0000000077mk            </span>
        </div>
    </div>
</body>
</html>
'
	at net.minecraft.class_4341.method_20998(class_4341.java:451) ~[client-intermediary.jar:?]
	at net.minecraft.class_4341.method_21030(class_4341.java:356) ~[client-intermediary.jar:?]
	at net.minecraft.class_4341.method_21029(class_4341.java:351) ~[client-intermediary.jar:?]
	at net.minecraft.class_7581$class_7586.method_44642(class_7581.java:94) ~[client-intermediary.jar:?]
	at java.util.concurrent.CompletableFuture$AsyncSupply.run(CompletableFuture.java:1768) ~[?:?]
	at java.util.concurrent.ThreadPoolExecutor.runWorker(ThreadPoolExecutor.java:1136) ~[?:?]
	at java.util.concurrent.ThreadPoolExecutor$Worker.run(ThreadPoolExecutor.java:635) ~[?:?]
	at java.lang.Thread.run(Thread.java:833) ~[?:?]
[21:33:51] [Render thread/INFO]: Loaded 7 recipes
[21:33:51] [Render thread/INFO]: Loaded 1271 advancements
[21:33:52] [Render thread/INFO]: Applied 0 biome modifications to 0 of 64 new biomes in 177.8 ?s
[21:33:52] [Server thread/INFO]: Starting integrated minecraft server version 1.20.4
[21:33:52] [Server thread/INFO]: Generating keypair
[21:33:52] [Server thread/INFO]: Preparing start region for dimension minecraft:overworld
[21:33:53] [Render thread/INFO]: Preparing spawn area: 0%
[21:33:53] [Render thread/INFO]: Preparing spawn area: 0%
[21:33:53] [Render thread/INFO]: Preparing spawn area: 0%
[21:33:54] [Render thread/INFO]: Preparing spawn area: 0%
[21:33:54] [Render thread/INFO]: Preparing spawn area: 6%
[21:33:55] [Server thread/INFO]: Changing view distance to 16, from 10
[21:33:55] [Server thread/INFO]: Changing simulation distance to 12, from 0
[21:33:55] [Render thread/INFO]: Time elapsed: 2421 ms
[21:33:55] [Server thread/INFO]: 16thGarden[local:E:aa2cb6ae] logged in with entity id 719 at (-45.457068701524484, 64.0, -1.5920929093926255)
[21:33:55] [Server thread/INFO]: 16thGarden joined the game
[21:33:55] [Render thread/INFO]: Started 6 worker threads
[21:33:55] [Render thread/INFO]: Using 3 total BufferBuilder caches
[21:33:55] [Render thread/INFO]: Loaded 443 advancements
[21:33:56] [Server thread/INFO]: Saving and pausing game...
[21:33:56] [Server thread/INFO]: Saving chunks for level 'ServerLevel[Epic survival world]'/minecraft:overworld
[21:33:57] [Server thread/INFO]: Saving chunks for level 'ServerLevel[Epic survival world]'/minecraft:the_nether
[21:33:57] [Server thread/INFO]: Saving chunks for level 'ServerLevel[Epic survival world]'/minecraft:the_end
[21:33:58] [Thread 5/INFO]: Using default channel type
[21:33:58] [Thread 5/INFO]: Started serving on 55524
[21:35:08] [Server thread/INFO]: 16thGarden lost connection: Disconnected
[21:35:08] [Server thread/INFO]: 16thGarden left the game
[21:35:08] [Server thread/INFO]: Stopping singleplayer server as player logged out
[21:35:08] [Server thread/INFO]: Stopping server
[21:35:08] [Server thread/INFO]: Saving players
[21:35:08] [Server thread/INFO]: Saving worlds
[21:35:08] [Server thread/INFO]: Saving chunks for level 'ServerLevel[Epic survival world]'/minecraft:overworld
[21:35:08] [Server thread/INFO]: Saving chunks for level 'ServerLevel[Epic survival world]'/minecraft:the_nether
[21:35:08] [Server thread/INFO]: Saving chunks for level 'ServerLevel[Epic survival world]'/minecraft:the_end
[21:35:08] [Server thread/INFO]: ThreadedAnvilChunkStorage (Epic survival world): All chunks are saved
[21:35:08] [Server thread/INFO]: ThreadedAnvilChunkStorage (DIM-1): All chunks are saved
[21:35:08] [Server thread/INFO]: ThreadedAnvilChunkStorage (DIM1): All chunks are saved
[21:35:08] [Server thread/INFO]: ThreadedAnvilChunkStorage: All dimensions are saved
[21:35:08] [Render thread/INFO]: Stopping worker threads
[21:35:09] [Render thread/INFO]: Stopping!
[21:35:09] [CullThread/INFO]: [STDOUT]: Shutting down culling task!
