[21:43:14] [main/INFO]: Loading Minecraft 1.20.4 with Fabric Loader 0.15.7
[21:43:15] [main/WARN]: Warnings were found!
 - Mod 'CIT Resewn' (citresewn) 1.1.4+1.20.4 recommends any version of modmenu, which is missing!
	 - You should install any version of modmenu for the optimal experience.
[21:43:15] [main/INFO]: Loading 75 mods:
	- advanced-xray-fabric 84.0.0
	- appleskin 2.5.1+mc1.20.3
	   \-- cloth-config 13.0.114
	        \-- cloth-basic-math 0.6.1
	- carpet 1.4.128+v231205
	- citresewn 1.1.4+1.20.4
	   \-- citresewn-defaults 1.1.4+1.20.4
	- entityculling 1.6.3.1
	- essential-container 1.0.0
	   \-- essential-loader 1.2.1
	- fabric-api 0.96.4+1.20.4
	   |-- fabric-api-base 0.4.36+78d798af4f
	   |-- fabric-api-lookup-api-v1 1.6.49+82b1bb3e4f
	   |-- fabric-biome-api-v1 13.0.16+78d798af4f
	   |-- fabric-block-api-v1 1.0.16+3e2216cb4f
	   |-- fabric-block-view-api-v2 1.0.4+78d798af4f
	   |-- fabric-blockrenderlayer-v1 1.1.46+78d798af4f
	   |-- fabric-client-tags-api-v1 1.1.7+78d798af4f
	   |-- fabric-command-api-v1 1.2.41+f71b366f4f
	   |-- fabric-command-api-v2 2.2.20+78d798af4f
	   |-- fabric-commands-v0 0.2.58+df3654b34f
	   |-- fabric-containers-v0 0.1.86+df3654b34f
	   |-- fabric-content-registries-v0 5.0.14+78d798af4f
	   |-- fabric-convention-tags-v1 1.5.10+78d798af4f
	   |-- fabric-crash-report-info-v1 0.2.23+78d798af4f
	   |-- fabric-data-attachment-api-v1 1.1.3+b90db5744f
	   |-- fabric-data-generation-api-v1 13.2.3+5c0133444f
	   |-- fabric-dimensions-v1 2.1.61+78d798af4f
	   |-- fabric-entity-events-v1 1.6.1+09fc25014f
	   |-- fabric-events-interaction-v0 0.7.1+389931eb4f
	   |-- fabric-events-lifecycle-v0 0.2.74+df3654b34f
	   |-- fabric-game-rule-api-v1 1.0.46+78d798af4f
	   |-- fabric-item-api-v1 2.2.0+d6f2b0844f
	   |-- fabric-item-group-api-v1 4.0.25+58f8c0124f
	   |-- fabric-key-binding-api-v1 1.0.41+78d798af4f
	   |-- fabric-keybindings-v0 0.2.39+df3654b34f
	   |-- fabric-lifecycle-events-v1 2.3.0+a67ffb5d4f
	   |-- fabric-loot-api-v2 2.1.8+78d798af4f
	   |-- fabric-message-api-v1 6.0.5+78d798af4f
	   |-- fabric-mining-level-api-v1 2.1.64+78d798af4f
	   |-- fabric-model-loading-api-v1 1.0.8+78d798af4f
	   |-- fabric-models-v0 0.4.7+9386d8a74f
	   |-- fabric-networking-api-v1 3.1.7+2e5ac5484f
	   |-- fabric-object-builder-api-v1 13.0.13+080016e44f
	   |-- fabric-particles-v1 1.1.7+78d798af4f
	   |-- fabric-recipe-api-v1 2.0.20+78d798af4f
	   |-- fabric-registry-sync-v0 4.0.19+58f8c0124f
	   |-- fabric-renderer-api-v1 3.2.4+78d798af4f
	   |-- fabric-renderer-indigo 1.5.4+78d798af4f
	   |-- fabric-renderer-registries-v1 3.2.53+df3654b34f
	   |-- fabric-rendering-data-attachment-v1 0.3.42+73761d2e4f
	   |-- fabric-rendering-fluids-v1 3.1.1+e761c6694f
	   |-- fabric-rendering-v0 1.1.56+df3654b34f
	   |-- fabric-rendering-v1 3.2.0+6fd945a04f
	   |-- fabric-resource-conditions-api-v1 2.3.14+78d798af4f
	   |-- fabric-resource-loader-v0 0.11.19+58f8c0124f
	   |-- fabric-screen-api-v1 2.0.17+78d798af4f
	   |-- fabric-screen-handler-api-v1 1.3.55+78d798af4f
	   |-- fabric-sound-api-v1 1.0.17+78d798af4f
	   |-- fabric-transfer-api-v1 4.0.11+e84342304f
	   \-- fabric-transitive-access-wideners-v1 5.0.14+78d798af4f
	- fabricloader 0.15.7
	   \-- mixinextras 0.3.5
	- itemscroller 0.22.0
	- java 17
	- litematica 0.17.0
	- lithium 0.12.1
	- logical_zoom 0.0.22
	- malilib 0.18.1
	- minecraft 1.20.4
	- minihud 0.30.2
	- nvidium 0.2.6-beta
	- rebind_narrator 2.0.2
	- sodium 0.5.8+mc1.20.4
	- tweakeroo 0.19.2
[21:43:15] [main/INFO]: SpongePowered MIXIN Subsystem Version=0.8.5 Source=file:/C:/Users/Miguel%20Leyesa/AppData/Roaming/.minecraft/libraries/net/fabricmc/sponge-mixin/0.12.5+mixin.0.8.5/sponge-mixin-0.12.5+mixin.0.8.5.jar Service=Knot/Fabric Env=CLIENT
[21:43:15] [main/INFO]: Compatibility level set to JAVA_17
[21:43:16] [main/INFO]: Loaded configuration file for Lithium: 129 options available, 0 override(s) found
[21:43:16] [main/INFO]: Loaded configuration file for Sodium: 42 options available, 0 override(s) found
[21:43:21] [main/INFO]: Starting Essential Loader (stage2) version 1.6.0 (0500a9e0db06ef66767fc4dcffb05cd5) [stable]
[21:43:21] [main/INFO]: Found newer Essential version 1.3.2.2 [stable]
[21:43:21] [main/INFO]: Starting Essential v1.3.1.3 (#88238d7752) [stable]
[21:43:21] [main/INFO]: Java: OpenJDK 64-Bit Server VM (v17.0.8) by Microsoft (Microsoft)
[21:43:21] [main/INFO]: Java Path: C:\Users\Miguel Leyesa\AppData\Local\Packages\Microsoft.4297127D64EC6_8wekyb3d8bbwe\LocalCache\Local\runtime\java-runtime-gamma\windows-x64\java-runtime-gamma\bin
[21:43:21] [main/INFO]: Java Info: mixed mode
[21:43:21] [main/INFO]: JVM Arguments: 
  - -XX:HeapDumpPath=MojangTricksIntelDriversForPerformance_javaw.exe_minecraft.exe.heapdump
  - -Xss1M
  - -Djava.library.path=C:\Users\Miguel Leyesa\AppData\Roaming\.minecraft\bin\cc9d3839148d498f98557594755fb8ae999dc26b
  - -Djna.tmpdir=C:\Users\Miguel Leyesa\AppData\Roaming\.minecraft\bin\cc9d3839148d498f98557594755fb8ae999dc26b
  - -Dorg.lwjgl.system.SharedLibraryExtractPath=C:\Users\Miguel Leyesa\AppData\Roaming\.minecraft\bin\cc9d3839148d498f98557594755fb8ae999dc26b
  - -Dio.netty.native.workdir=C:\Users\Miguel Leyesa\AppData\Roaming\.minecraft\bin\cc9d3839148d498f98557594755fb8ae999dc26b
  - -Dminecraft.launcher.brand=minecraft-launcher
  - -Dminecraft.launcher.version=2.23.7
  - -DFabricMcEmu= net.minecraft.client.main.Main 
  - -Xmx4G
  - -XX:+UnlockExperimentalVMOptions
  - -XX:+UseG1GC
  - -XX:G1NewSizePercent=20
  - -XX:G1ReservePercent=20
  - -XX:MaxGCPauseMillis=50
  - -XX:G1HeapRegionSize=32M
  - -Dlog4j.configurationFile=C:\Users\Miguel Leyesa\AppData\Roaming\.minecraft\assets\log_configs\client-1.12.xml
[21:43:21] [main/INFO]: OS: Windows 11 (v10.0) (Arch: amd64)
[21:43:22] [main/INFO]: Searching for graphics cards...
[21:43:22] [main/INFO]: Initializing MixinExtras via com.llamalad7.mixinextras.service.MixinExtrasServiceImpl(version=0.3.5).
[21:43:22] [main/INFO]: Found graphics card: GraphicsAdapterInfo[vendor=NVIDIA, name=NVIDIA GeForce RTX 3050 Laptop GPU, version=DriverVersion=31.0.15.4629]
[21:43:22] [main/INFO]: Found graphics card: GraphicsAdapterInfo[vendor=INTEL, name=Intel(R) UHD Graphics, version=DriverVersion=30.0.100.9864]
[21:43:22] [main/WARN]: Sodium has applied one or more workarounds to prevent crashes or other issues on your system: [NVIDIA_THREADED_OPTIMIZATIONS]
[21:43:22] [main/WARN]: This is not necessarily an issue, but it may result in certain features or optimizations being disabled. You can sometimes fix these issues by upgrading your graphics driver.
[21:43:28] [main/WARN]: @ModifyConstant conflict. Skipping mixins.tweakeroo.json:MixinStructureBlockBlockEntity from mod tweakeroo->@ModifyConstant::overrideMaxSize(I)I with priority 999, already redirected by carpet.mixins.json:StructureBlockEntity_limitsMixin from mod carpet->@ModifyConstant::negativeLimit(I)I with priority 1000
[21:43:28] [main/WARN]: @ModifyConstant conflict. Skipping mixins.tweakeroo.json:MixinStructureBlockBlockEntity from mod tweakeroo->@ModifyConstant::overrideMaxSize(I)I with priority 999, already redirected by carpet.mixins.json:StructureBlockEntity_limitsMixin from mod carpet->@ModifyConstant::positiveLimit(I)I with priority 1000
[21:43:28] [main/WARN]: @ModifyConstant conflict. Skipping mixins.tweakeroo.json:MixinStructureBlockBlockEntity from mod tweakeroo->@ModifyConstant::overrideMaxSize(I)I with priority 999, already redirected by carpet.mixins.json:StructureBlockEntity_limitsMixin from mod carpet->@ModifyConstant::negativeLimit(I)I with priority 1000
[21:43:28] [main/WARN]: @ModifyConstant conflict. Skipping mixins.tweakeroo.json:MixinStructureBlockBlockEntity from mod tweakeroo->@ModifyConstant::overrideMaxSize(I)I with priority 999, already redirected by carpet.mixins.json:StructureBlockEntity_limitsMixin from mod carpet->@ModifyConstant::positiveLimit(I)I with priority 1000
[21:43:28] [main/WARN]: @ModifyConstant conflict. Skipping mixins.tweakeroo.json:MixinStructureBlockBlockEntity from mod tweakeroo->@ModifyConstant::overrideMaxSize(I)I with priority 999, already redirected by carpet.mixins.json:StructureBlockEntity_limitsMixin from mod carpet->@ModifyConstant::negativeLimit(I)I with priority 1000
[21:43:28] [main/WARN]: @ModifyConstant conflict. Skipping mixins.tweakeroo.json:MixinStructureBlockBlockEntity from mod tweakeroo->@ModifyConstant::overrideMaxSize(I)I with priority 999, already redirected by carpet.mixins.json:StructureBlockEntity_limitsMixin from mod carpet->@ModifyConstant::positiveLimit(I)I with priority 1000
[21:43:28] [main/WARN]: @ModifyConstant conflict. Skipping mixins.tweakeroo.json:MixinStructureBlockBlockEntity from mod tweakeroo->@ModifyConstant::overrideMaxSize(I)I with priority 999, already redirected by carpet.mixins.json:StructureBlockEntity_limitsMixin from mod carpet->@ModifyConstant::positiveLimit(I)I with priority 1000
[21:43:28] [main/WARN]: @ModifyConstant conflict. Skipping mixins.tweakeroo.json:MixinStructureBlockBlockEntity from mod tweakeroo->@ModifyConstant::overrideMaxSize(I)I with priority 999, already redirected by carpet.mixins.json:StructureBlockEntity_limitsMixin from mod carpet->@ModifyConstant::positiveLimit(I)I with priority 1000
[21:43:28] [main/WARN]: @ModifyConstant conflict. Skipping mixins.tweakeroo.json:MixinStructureBlockBlockEntity from mod tweakeroo->@ModifyConstant::overrideMaxSize(I)I with priority 999, already redirected by carpet.mixins.json:StructureBlockEntity_limitsMixin from mod carpet->@ModifyConstant::positiveLimit(I)I with priority 1000
[21:43:31] [Datafixer Bootstrap/INFO]: 198 Datafixer optimizations took 249 milliseconds
[21:43:35] [Render thread/INFO]: Environment: Environment[sessionHost=https://sessionserver.mojang.com, servicesHost=https://api.minecraftservices.com, name=PROD]
[21:43:35] [Render thread/INFO]: Setting user: 16thGarden
[21:43:36] [Render thread/INFO]: Starting DI!
[21:43:36] [Render thread/INFO]: Authenticating to Mojang as 16thGarden (dc0548c7-2c22-450e-91f5-2a17cfde2a12)
[21:43:36] [DefaultDispatcher-worker-1/INFO]: Connecting to Essential Connection Manager...
[21:43:36] [DefaultDispatcher-worker-1/INFO]: Using Default JreDnsResolver
[21:43:36] [DefaultDispatcher-worker-1/INFO]: Using Default JreSocketFactory
[21:43:36] [Render thread/INFO]: XRay mod has been initialized
[21:43:37] [Render thread/INFO]: [citresewn] Registering CIT Conditions
[21:43:37] [Render thread/INFO]: [citresewn] Registering CIT Types
[21:43:37] [Render thread/INFO]: [Indigo] Different rendering plugin detected; not applying Indigo.
[21:43:37] [WebSocketConnectReadThread-74/INFO]: Connected to Essential Connection Manager.
[21:43:37] [Render thread/INFO]: OptiFine not detected.
[21:43:37] [Render thread/INFO]: Backend library: LWJGL version 3.3.2-snapshot
[21:43:38] [Render thread/WARN]: Applying workaround: Prevent the NVIDIA OpenGL driver from using broken optimizations (NVIDIA_THREADED_OPTIMIZATIONS)
[21:43:38] [Render thread/INFO]: All capabilities met
[21:43:38] [Render thread/INFO]: Enabling Nvidium
[21:43:38] [Render thread/INFO]: OpenGL Vendor: NVIDIA Corporation
[21:43:38] [Render thread/INFO]: OpenGL Renderer: NVIDIA GeForce RTX 3050 Laptop GPU/PCIe/SSE2
[21:43:38] [Render thread/INFO]: OpenGL Version: 3.2.0 NVIDIA 546.29
[21:43:39] [Render thread/WARN]: Pack file/coffee totem declared support for versions [16, 22] but declared main format is 9, defaulting to 9
[21:43:39] [ForkJoinPool.commonPool-worker-8/INFO]: [STDERR]: org.objectweb.asm.tree.analysis.AnalyzerException: Error at instruction 137: Trying to set an inexistant local variable 9
[21:43:39] [ForkJoinPool.commonPool-worker-8/INFO]: [STDERR]: 	at org.objectweb.asm.tree.analysis.Analyzer.analyze(Analyzer.java:279)
[21:43:39] [ForkJoinPool.commonPool-worker-8/INFO]: [STDERR]: 	at org.spongepowered.asm.util.Locals.generateLocalVariableTable(Locals.java:859)
[21:43:39] [ForkJoinPool.commonPool-worker-8/INFO]: [STDERR]: 	at org.spongepowered.asm.util.Locals.getGeneratedLocalVariableTable(Locals.java:828)
[21:43:39] [ForkJoinPool.commonPool-worker-8/INFO]: [STDERR]: 	at org.spongepowered.asm.util.Locals.getLocalVariableAt(Locals.java:782)
[21:43:39] [ForkJoinPool.commonPool-worker-8/INFO]: [STDERR]: 	at org.spongepowered.asm.util.Locals.getLocalVariableAt(Locals.java:752)
[21:43:39] [ForkJoinPool.commonPool-worker-8/INFO]: [STDERR]: 	at org.spongepowered.asm.util.Locals.getLocalsAt(Locals.java:529)
[21:43:39] [ForkJoinPool.commonPool-worker-8/INFO]: [STDERR]: 	at org.spongepowered.asm.util.Locals.getLocalsAt(Locals.java:336)
[21:43:39] [ForkJoinPool.commonPool-worker-8/INFO]: [STDERR]: 	at org.spongepowered.asm.mixin.injection.modify.LocalVariableDiscriminator$Context.initLocals(LocalVariableDiscriminator.java:154)
[21:43:39] [ForkJoinPool.commonPool-worker-8/INFO]: [STDERR]: 	at org.spongepowered.asm.mixin.injection.modify.LocalVariableDiscriminator$Context.<init>(LocalVariableDiscriminator.java:148)
[21:43:39] [ForkJoinPool.commonPool-worker-8/INFO]: [STDERR]: 	at org.spongepowered.asm.mixin.injection.modify.ModifyVariableInjector$Context.<init>(ModifyVariableInjector.java:71)
[21:43:39] [ForkJoinPool.commonPool-worker-8/INFO]: [STDERR]: 	at org.spongepowered.asm.mixin.injection.modify.ModifyVariableInjector.preInject(ModifyVariableInjector.java:159)
[21:43:39] [ForkJoinPool.commonPool-worker-8/INFO]: [STDERR]: 	at org.spongepowered.asm.mixin.injection.code.Injector.preInject(Injector.java:258)
[21:43:39] [ForkJoinPool.commonPool-worker-8/INFO]: [STDERR]: 	at org.spongepowered.asm.mixin.injection.struct.InjectionInfo.preInject(InjectionInfo.java:436)
[21:43:39] [ForkJoinPool.commonPool-worker-8/INFO]: [STDERR]: 	at org.spongepowered.asm.mixin.transformer.MixinTargetContext.applyInjections(MixinTargetContext.java:1370)
[21:43:39] [ForkJoinPool.commonPool-worker-8/INFO]: [STDERR]: 	at org.spongepowered.asm.mixin.transformer.MixinApplicatorStandard.applyInjections(MixinApplicatorStandard.java:1062)
[21:43:39] [ForkJoinPool.commonPool-worker-8/INFO]: [STDERR]: 	at org.spongepowered.asm.mixin.transformer.MixinApplicatorStandard.applyMixin(MixinApplicatorStandard.java:402)
[21:43:39] [ForkJoinPool.commonPool-worker-8/INFO]: [STDERR]: 	at org.spongepowered.asm.mixin.transformer.MixinApplicatorStandard.apply(MixinApplicatorStandard.java:327)
[21:43:39] [ForkJoinPool.commonPool-worker-8/INFO]: [STDERR]: 	at org.spongepowered.asm.mixin.transformer.TargetClassContext.apply(TargetClassContext.java:421)
[21:43:39] [ForkJoinPool.commonPool-worker-8/INFO]: [STDERR]: 	at org.spongepowered.asm.mixin.transformer.TargetClassContext.applyMixins(TargetClassContext.java:403)
[21:43:39] [ForkJoinPool.commonPool-worker-8/INFO]: [STDERR]: 	at org.spongepowered.asm.mixin.transformer.MixinProcessor.applyMixins(MixinProcessor.java:363)
[21:43:39] [ForkJoinPool.commonPool-worker-8/INFO]: [STDERR]: 	at org.spongepowered.asm.mixin.transformer.MixinTransformer.transformClass(MixinTransformer.java:234)
[21:43:39] [ForkJoinPool.commonPool-worker-8/INFO]: [STDERR]: 	at org.spongepowered.asm.mixin.transformer.MixinTransformer.transformClassBytes(MixinTransformer.java:202)
[21:43:39] [ForkJoinPool.commonPool-worker-8/INFO]: [STDERR]: 	at net.fabricmc.loader.impl.launch.knot.KnotClassDelegate.getPostMixinClassByteArray(KnotClassDelegate.java:422)
[21:43:39] [ForkJoinPool.commonPool-worker-8/INFO]: [STDERR]: 	at net.fabricmc.loader.impl.launch.knot.KnotClassDelegate.tryLoadClass(KnotClassDelegate.java:323)
[21:43:39] [ForkJoinPool.commonPool-worker-8/INFO]: [STDERR]: 	at net.fabricmc.loader.impl.launch.knot.KnotClassDelegate.loadClass(KnotClassDelegate.java:218)
[21:43:39] [ForkJoinPool.commonPool-worker-8/INFO]: [STDERR]: 	at net.fabricmc.loader.impl.launch.knot.KnotClassLoader.loadClass(KnotClassLoader.java:119)
[21:43:39] [ForkJoinPool.commonPool-worker-8/INFO]: [STDERR]: 	at java.base/java.lang.ClassLoader.loadClass(ClassLoader.java:525)
[21:43:39] [ForkJoinPool.commonPool-worker-8/INFO]: [STDERR]: 	at gg.essential.universal.UGraphics.<clinit>(UGraphics.java:774)
[21:43:39] [ForkJoinPool.commonPool-worker-8/INFO]: [STDERR]: 	at gg.essential.elementa.components.UIImage._init_$lambda-1(UIImage.kt:60)
[21:43:39] [ForkJoinPool.commonPool-worker-8/INFO]: [STDERR]: 	at java.base/java.util.concurrent.CompletableFuture$UniAccept.tryFire(CompletableFuture.java:718)
[21:43:39] [ForkJoinPool.commonPool-worker-8/INFO]: [STDERR]: 	at java.base/java.util.concurrent.CompletableFuture$Completion.exec(CompletableFuture.java:483)
[21:43:39] [ForkJoinPool.commonPool-worker-8/INFO]: [STDERR]: 	at java.base/java.util.concurrent.ForkJoinTask.doExec(ForkJoinTask.java:373)
[21:43:39] [ForkJoinPool.commonPool-worker-8/INFO]: [STDERR]: 	at java.base/java.util.concurrent.ForkJoinPool$WorkQueue.topLevelExec(ForkJoinPool.java:1182)
[21:43:39] [ForkJoinPool.commonPool-worker-8/INFO]: [STDERR]: 	at java.base/java.util.concurrent.ForkJoinPool.scan(ForkJoinPool.java:1655)
[21:43:39] [ForkJoinPool.commonPool-worker-8/INFO]: [STDERR]: 	at java.base/java.util.concurrent.ForkJoinPool.runWorker(ForkJoinPool.java:1622)
[21:43:39] [ForkJoinPool.commonPool-worker-8/INFO]: [STDERR]: 	at java.base/java.util.concurrent.ForkJoinWorkerThread.run(ForkJoinWorkerThread.java:165)
[21:43:39] [ForkJoinPool.commonPool-worker-8/INFO]: [STDERR]: Caused by: java.lang.IndexOutOfBoundsException: Trying to set an inexistant local variable 9
[21:43:39] [ForkJoinPool.commonPool-worker-8/INFO]: [STDERR]: 	at org.objectweb.asm.tree.analysis.Frame.setLocal(Frame.java:208)
[21:43:39] [ForkJoinPool.commonPool-worker-8/INFO]: [STDERR]: 	at org.objectweb.asm.tree.analysis.Frame.execute(Frame.java:337)
[21:43:39] [ForkJoinPool.commonPool-worker-8/INFO]: [STDERR]: 	at org.objectweb.asm.tree.analysis.Analyzer.analyze(Analyzer.java:171)
[21:43:39] [ForkJoinPool.commonPool-worker-8/INFO]: [STDERR]: 	... 35 more
[21:43:41] [Render thread/INFO]: Reloading ResourceManager: vanilla, fabric, advanced-xray-fabric, appleskin, carpet, citresewn, citresewn-defaults, cloth-config, entityculling, essential, essential-container, essential-loader, fabric-api, fabric-api-base, fabric-api-lookup-api-v1, fabric-biome-api-v1, fabric-block-api-v1, fabric-block-view-api-v2, fabric-blockrenderlayer-v1, fabric-client-tags-api-v1, fabric-command-api-v1, fabric-command-api-v2, fabric-commands-v0, fabric-containers-v0, fabric-content-registries-v0, fabric-convention-tags-v1, fabric-crash-report-info-v1, fabric-data-attachment-api-v1, fabric-data-generation-api-v1, fabric-dimensions-v1, fabric-entity-events-v1, fabric-events-interaction-v0, fabric-events-lifecycle-v0, fabric-game-rule-api-v1, fabric-item-api-v1, fabric-item-group-api-v1, fabric-key-binding-api-v1, fabric-keybindings-v0, fabric-language-kotlin, fabric-lifecycle-events-v1, fabric-loot-api-v2, fabric-message-api-v1, fabric-mining-level-api-v1, fabric-model-loading-api-v1, fabric-models-v0, fabric-networking-api-v1, fabric-object-builder-api-v1, fabric-particles-v1, fabric-recipe-api-v1, fabric-registry-sync-v0, fabric-renderer-api-v1, fabric-renderer-indigo, fabric-renderer-registries-v1, fabric-rendering-data-attachment-v1, fabric-rendering-fluids-v1, fabric-rendering-v0, fabric-rendering-v1, fabric-resource-conditions-api-v1, fabric-resource-loader-v0, fabric-screen-api-v1, fabric-screen-handler-api-v1, fabric-sound-api-v1, fabric-transfer-api-v1, fabric-transitive-access-wideners-v1, fabricloader, itemscroller, litematica, lithium, logical_zoom, malilib, minihud, nvidium, sodium, tweakeroo, file/Faithful 32x - 1.20.4.zip, file/axolotl totem, file/VanillaTweaks_r501868.zip, essential
[21:43:42] [Worker-Main-11/INFO]: Found unifont_all_no_pua-15.1.04.hex, loading
[21:43:42] [Render thread/INFO]: Client started, setting up xray store
[21:43:43] [DefaultDispatcher-worker-12/INFO]: Connected to Discord as starbuckslarge
[21:43:45] [Render thread/WARN]: Missing sound for event: minecraft:item.goat_horn.play
[21:43:45] [Render thread/WARN]: Missing sound for event: minecraft:entity.goat.screaming.horn_break
[21:43:45] [Render thread/WARN]: Missing sound for event: minecraft:entity.generic.wind_burst
[21:43:45] [Render thread/INFO]: OpenAL initialized on device OpenAL Soft on Speakers (Razer Kraken Kitty Edition)
[21:43:45] [Render thread/INFO]: Sound engine started
[21:43:45] [Render thread/INFO]: Created: 2048x1024x4 minecraft:textures/atlas/blocks.png-atlas
[21:43:45] [Render thread/INFO]: Created: 512x512x4 minecraft:textures/atlas/signs.png-atlas
[21:43:45] [Render thread/INFO]: Created: 1024x1024x4 minecraft:textures/atlas/banner_patterns.png-atlas
[21:43:45] [Render thread/INFO]: Created: 1024x1024x4 minecraft:textures/atlas/shield_patterns.png-atlas
[21:43:45] [Render thread/INFO]: Created: 2048x2048x4 minecraft:textures/atlas/armor_trims.png-atlas
[21:43:45] [Render thread/INFO]: Created: 512x512x4 minecraft:textures/atlas/chest.png-atlas
[21:43:45] [Render thread/INFO]: Created: 256x128x4 minecraft:textures/atlas/decorated_pot.png-atlas
[21:43:45] [Render thread/INFO]: Created: 1024x512x4 minecraft:textures/atlas/beds.png-atlas
[21:43:45] [Render thread/INFO]: Created: 1024x512x4 minecraft:textures/atlas/shulker_boxes.png-atlas
[21:43:46] [Render thread/WARN]: Shader rendertype_entity_translucent_emissive could not find sampler named Sampler2 in the specified shader program.
[21:43:46] [Render thread/INFO]: Created: 1024x512x0 minecraft:textures/atlas/particles.png-atlas
[21:43:46] [Render thread/INFO]: Created: 512x512x0 minecraft:textures/atlas/paintings.png-atlas
[21:43:46] [Render thread/INFO]: Created: 256x256x0 minecraft:textures/atlas/mob_effects.png-atlas
[21:43:46] [Render thread/INFO]: Created: 2048x1024x0 minecraft:textures/atlas/gui.png-atlas
[21:43:48] [Render thread/WARN]: Shader cabb2374eda405e66b897908637abd1da5deac52 could not find uniform named subpixel_amount in the specified shader program.
[21:43:55] [Render thread/INFO]: Loaded 7 recipes
[21:43:55] [Render thread/INFO]: Loaded 1271 advancements
[21:43:56] [Render thread/INFO]: Applied 0 biome modifications to 0 of 64 new biomes in 3.433 ms
[21:43:56] [Render thread/WARN]: @Redirect conflict. Skipping mixins.tweakeroo.json:MixinServerPlayNetworkHandler from mod tweakeroo->@Redirect::tweakeroo_removeHitPosCheck(Lnet/minecraft/class_243;Lnet/minecraft/class_243;)Lnet/minecraft/class_243; with priority 1005, already redirected by mixins.litematica.json:MixinServerPlayNetworkHandler from mod litematica->@Redirect::litematica_removeHitPosCheck(Lnet/minecraft/class_243;Lnet/minecraft/class_243;)Lnet/minecraft/class_243; with priority 1010
[21:43:56] [Server thread/INFO]: Starting integrated minecraft server version 1.20.4
[21:43:56] [Server thread/INFO]: Generating keypair
[21:43:58] [Server thread/INFO]: Preparing start region for dimension minecraft:overworld
[21:44:01] [Render thread/INFO]: Preparing spawn area: 0%
[21:44:01] [Render thread/INFO]: Preparing spawn area: 0%
[21:44:01] [Render thread/INFO]: Preparing spawn area: 0%
[21:44:01] [Render thread/INFO]: Preparing spawn area: 0%
[21:44:01] [Render thread/INFO]: Preparing spawn area: 0%
[21:44:01] [Render thread/INFO]: Preparing spawn area: 0%
[21:44:01] [Render thread/INFO]: Preparing spawn area: 0%
[21:44:02] [Render thread/INFO]: Preparing spawn area: 0%
[21:44:02] [Render thread/INFO]: Preparing spawn area: 0%
[21:44:03] [Render thread/INFO]: Preparing spawn area: 4%
[21:44:03] [Render thread/INFO]: Preparing spawn area: 76%
[21:44:03] [Render thread/INFO]: Time elapsed: 5147 ms
[21:44:03] [Server thread/INFO]: Changing view distance to 16, from 10
[21:44:03] [Server thread/INFO]: Changing simulation distance to 12, from 0
[21:44:05] [Server thread/INFO]: 16thGarden[local:E:c61c0593] logged in with entity id 81 at (181.98883063843343, 106.0, -1290.947443650626)
[21:44:05] [Server thread/INFO]: 16thGarden joined the game
[21:44:05] [Render thread/INFO]: Started 6 worker threads
[21:44:05] [Render thread/INFO]: Using 3 total BufferBuilder caches
[21:44:06] [Render thread/WARN]: Unable to read property: west with value: false for blockstate: {Name:"minecraft:cobblestone_wall",Properties:{east:"false",north:"false",south:"false",up:"false",west:"false"}}
[21:44:06] [Render thread/WARN]: Unable to read property: east with value: false for blockstate: {Name:"minecraft:cobblestone_wall",Properties:{east:"false",north:"false",south:"false",up:"false",west:"false"}}
[21:44:06] [Render thread/WARN]: Unable to read property: south with value: false for blockstate: {Name:"minecraft:cobblestone_wall",Properties:{east:"false",north:"false",south:"false",up:"false",west:"false"}}
[21:44:06] [Render thread/WARN]: Unable to read property: north with value: false for blockstate: {Name:"minecraft:cobblestone_wall",Properties:{east:"false",north:"false",south:"false",up:"false",west:"false"}}
[21:44:06] [Render thread/WARN]: Unable to read property: west with value: false for blockstate: {Name:"minecraft:mossy_cobblestone_wall",Properties:{east:"false",north:"false",south:"false",up:"false",west:"false"}}
[21:44:06] [Render thread/WARN]: Unable to read property: east with value: false for blockstate: {Name:"minecraft:mossy_cobblestone_wall",Properties:{east:"false",north:"false",south:"false",up:"false",west:"false"}}
[21:44:06] [Render thread/WARN]: Unable to read property: south with value: false for blockstate: {Name:"minecraft:mossy_cobblestone_wall",Properties:{east:"false",north:"false",south:"false",up:"false",west:"false"}}
[21:44:06] [Render thread/WARN]: Unable to read property: north with value: false for blockstate: {Name:"minecraft:mossy_cobblestone_wall",Properties:{east:"false",north:"false",south:"false",up:"false",west:"false"}}
[21:44:06] [Render thread/INFO]: Loaded 1067 advancements
[21:44:41] [Server thread/INFO]: Saving and pausing game...
[21:44:41] [Server thread/INFO]: Saving chunks for level 'ServerLevel[Epic survival world]'/minecraft:overworld
[21:44:41] [Server thread/INFO]: Saving chunks for level 'ServerLevel[Epic survival world]'/minecraft:the_end
[21:44:41] [Server thread/INFO]: Saving chunks for level 'ServerLevel[Epic survival world]'/minecraft:the_nether
[21:45:11] [Render thread/INFO]: Stopping worker threads
[21:45:11] [Server thread/INFO]: Saving and pausing game...
[21:45:11] [Render thread/INFO]: Started 6 worker threads
[21:45:11] [Server thread/INFO]: Saving chunks for level 'ServerLevel[Epic survival world]'/minecraft:overworld
[21:45:11] [Render thread/INFO]: Stopping worker threads
[21:45:11] [Render thread/INFO]: Started 6 worker threads
[21:45:11] [Server thread/INFO]: Saving chunks for level 'ServerLevel[Epic survival world]'/minecraft:the_end
[21:45:11] [Server thread/INFO]: Saving chunks for level 'ServerLevel[Epic survival world]'/minecraft:the_nether
[21:45:18] [Render thread/WARN]: Received passengers for unknown entity
[21:45:18] [Render thread/WARN]: Received passengers for unknown entity
[21:45:32] [Render thread/INFO]: Stopping worker threads
[21:45:32] [Server thread/INFO]: Saving and pausing game...
[21:45:32] [Render thread/INFO]: Started 6 worker threads
[21:45:32] [Render thread/INFO]: Stopping worker threads
[21:45:32] [Server thread/INFO]: Saving chunks for level 'ServerLevel[Epic survival world]'/minecraft:overworld
[21:45:32] [Server thread/INFO]: Saving chunks for level 'ServerLevel[Epic survival world]'/minecraft:the_end
[21:45:32] [Server thread/INFO]: Saving chunks for level 'ServerLevel[Epic survival world]'/minecraft:the_nether
[21:45:32] [Render thread/INFO]: Started 6 worker threads
[21:45:54] [Render thread/WARN]: Unable to play empty soundEvent: minecraft:entity.tropical_fish.ambient
[21:54:07] [Render thread/WARN]: Unable to play empty soundEvent: minecraft:ambient.cave
[22:08:14] [Server thread/INFO]: Saving and pausing game...
[22:08:14] [Server thread/INFO]: Saving chunks for level 'ServerLevel[Epic survival world]'/minecraft:overworld
[22:08:14] [Server thread/INFO]: Saving chunks for level 'ServerLevel[Epic survival world]'/minecraft:the_end
[22:08:14] [Server thread/INFO]: Saving chunks for level 'ServerLevel[Epic survival world]'/minecraft:the_nether
[22:08:15] [Render thread/ERROR]: Error saving option Brightness: DynamicException[Value 16.0 outside of range [0.0:1.0] Optional[16.0]]
[22:08:16] [Render thread/ERROR]: Error saving option Brightness: DynamicException[Value 16.0 outside of range [0.0:1.0] Optional[16.0]]
[22:08:16] [Render thread/ERROR]: Error saving option Brightness: DynamicException[Value 16.0 outside of range [0.0:1.0] Optional[16.0]]
[22:08:16] [Render thread/ERROR]: Error saving option Brightness: DynamicException[Value 16.0 outside of range [0.0:1.0] Optional[16.0]]
[22:08:16] [Render thread/ERROR]: Error saving option Brightness: DynamicException[Value 16.0 outside of range [0.0:1.0] Optional[16.0]]
[22:08:16] [Render thread/ERROR]: Error saving option Brightness: DynamicException[Value 16.0 outside of range [0.0:1.0] Optional[16.0]]
[22:08:16] [Render thread/ERROR]: Error saving option Brightness: DynamicException[Value 16.0 outside of range [0.0:1.0] Optional[16.0]]
[22:08:16] [Render thread/ERROR]: Error saving option Brightness: DynamicException[Value 16.0 outside of range [0.0:1.0] Optional[16.0]]
[22:08:16] [Render thread/ERROR]: Error saving option Brightness: DynamicException[Value 16.0 outside of range [0.0:1.0] Optional[16.0]]
[22:08:16] [Render thread/ERROR]: Error saving option Brightness: DynamicException[Value 16.0 outside of range [0.0:1.0] Optional[16.0]]
[22:08:16] [Render thread/ERROR]: Error saving option Brightness: DynamicException[Value 16.0 outside of range [0.0:1.0] Optional[16.0]]
[22:08:16] [Render thread/ERROR]: Error saving option Brightness: DynamicException[Value 16.0 outside of range [0.0:1.0] Optional[16.0]]
[22:08:16] [Render thread/ERROR]: Error saving option Brightness: DynamicException[Value 16.0 outside of range [0.0:1.0] Optional[16.0]]
[22:08:16] [Render thread/ERROR]: Error saving option Brightness: DynamicException[Value 16.0 outside of range [0.0:1.0] Optional[16.0]]
[22:08:16] [Render thread/ERROR]: Error saving option Brightness: DynamicException[Value 16.0 outside of range [0.0:1.0] Optional[16.0]]
[22:08:16] [Render thread/ERROR]: Error saving option Brightness: DynamicException[Value 16.0 outside of range [0.0:1.0] Optional[16.0]]
[22:08:16] [Render thread/ERROR]: Error saving option Brightness: DynamicException[Value 16.0 outside of range [0.0:1.0] Optional[16.0]]
[22:08:16] [Render thread/ERROR]: Error saving option Brightness: DynamicException[Value 16.0 outside of range [0.0:1.0] Optional[16.0]]
[22:08:16] [Render thread/ERROR]: Error saving option Brightness: DynamicException[Value 16.0 outside of range [0.0:1.0] Optional[16.0]]
[22:08:16] [Render thread/ERROR]: Error saving option Brightness: DynamicException[Value 16.0 outside of range [0.0:1.0] Optional[16.0]]
[22:08:16] [Render thread/ERROR]: Error saving option Brightness: DynamicException[Value 16.0 outside of range [0.0:1.0] Optional[16.0]]
[22:08:16] [Render thread/ERROR]: Error saving option Brightness: DynamicException[Value 16.0 outside of range [0.0:1.0] Optional[16.0]]
[22:08:16] [Render thread/ERROR]: Error saving option Brightness: DynamicException[Value 16.0 outside of range [0.0:1.0] Optional[16.0]]
[22:08:16] [Render thread/ERROR]: Error saving option Brightness: DynamicException[Value 16.0 outside of range [0.0:1.0] Optional[16.0]]
[22:08:16] [Render thread/ERROR]: Error saving option Brightness: DynamicException[Value 16.0 outside of range [0.0:1.0] Optional[16.0]]
[22:08:16] [Render thread/ERROR]: Error saving option Brightness: DynamicException[Value 16.0 outside of range [0.0:1.0] Optional[16.0]]
[22:08:16] [Render thread/ERROR]: Error saving option Brightness: DynamicException[Value 16.0 outside of range [0.0:1.0] Optional[16.0]]
[22:08:16] [Render thread/ERROR]: Error saving option Brightness: DynamicException[Value 16.0 outside of range [0.0:1.0] Optional[16.0]]
[22:08:16] [Render thread/ERROR]: Error saving option Brightness: DynamicException[Value 16.0 outside of range [0.0:1.0] Optional[16.0]]
[22:08:16] [Render thread/ERROR]: Error saving option Brightness: DynamicException[Value 16.0 outside of range [0.0:1.0] Optional[16.0]]
[22:08:16] [Render thread/ERROR]: Error saving option Brightness: DynamicException[Value 16.0 outside of range [0.0:1.0] Optional[16.0]]
[22:08:16] [Render thread/ERROR]: Error saving option Brightness: DynamicException[Value 16.0 outside of range [0.0:1.0] Optional[16.0]]
[22:08:16] [Render thread/ERROR]: Error saving option Brightness: DynamicException[Value 16.0 outside of range [0.0:1.0] Optional[16.0]]
[22:08:16] [Render thread/ERROR]: Error saving option Brightness: DynamicException[Value 16.0 outside of range [0.0:1.0] Optional[16.0]]
[22:08:16] [Render thread/ERROR]: Error saving option Brightness: DynamicException[Value 16.0 outside of range [0.0:1.0] Optional[16.0]]
[22:08:16] [Render thread/ERROR]: Error saving option Brightness: DynamicException[Value 16.0 outside of range [0.0:1.0] Optional[16.0]]
[22:08:16] [Render thread/ERROR]: Error saving option Brightness: DynamicException[Value 16.0 outside of range [0.0:1.0] Optional[16.0]]
[22:08:16] [Render thread/ERROR]: Error saving option Brightness: DynamicException[Value 16.0 outside of range [0.0:1.0] Optional[16.0]]
[22:08:16] [Render thread/ERROR]: Error saving option Brightness: DynamicException[Value 16.0 outside of range [0.0:1.0] Optional[16.0]]
[22:08:16] [Render thread/ERROR]: Error saving option Brightness: DynamicException[Value 16.0 outside of range [0.0:1.0] Optional[16.0]]
[22:08:16] [Render thread/ERROR]: Error saving option Brightness: DynamicException[Value 16.0 outside of range [0.0:1.0] Optional[16.0]]
[22:08:16] [Render thread/ERROR]: Error saving option Brightness: DynamicException[Value 16.0 outside of range [0.0:1.0] Optional[16.0]]
[22:08:16] [Render thread/ERROR]: Error saving option Brightness: DynamicException[Value 16.0 outside of range [0.0:1.0] Optional[16.0]]
[22:08:16] [Render thread/ERROR]: Error saving option Brightness: DynamicException[Value 16.0 outside of range [0.0:1.0] Optional[16.0]]
[22:08:16] [Render thread/ERROR]: Error saving option Brightness: DynamicException[Value 16.0 outside of range [0.0:1.0] Optional[16.0]]
[22:08:16] [Render thread/ERROR]: Error saving option Brightness: DynamicException[Value 16.0 outside of range [0.0:1.0] Optional[16.0]]
[22:08:16] [Render thread/ERROR]: Error saving option Brightness: DynamicException[Value 16.0 outside of range [0.0:1.0] Optional[16.0]]
[22:08:16] [Render thread/ERROR]: Error saving option Brightness: DynamicException[Value 16.0 outside of range [0.0:1.0] Optional[16.0]]
[22:08:16] [Render thread/ERROR]: Error saving option Brightness: DynamicException[Value 16.0 outside of range [0.0:1.0] Optional[16.0]]
[22:08:16] [Render thread/ERROR]: Error saving option Brightness: DynamicException[Value 16.0 outside of range [0.0:1.0] Optional[16.0]]
[22:08:16] [Render thread/ERROR]: Error saving option Brightness: DynamicException[Value 16.0 outside of range [0.0:1.0] Optional[16.0]]
[22:25:05] [Server thread/WARN]: 16thGarden moved wrongly!
[23:12:43] [Render thread/INFO]: [System] [CHAT] [Debug]: Hitboxes: shown
[23:16:06] [Render thread/INFO]: [System] [CHAT] [Debug]: Hitboxes: hidden
[23:16:45] [Render thread/INFO]: Stopping worker threads
[23:16:45] [Render thread/INFO]: Started 6 worker threads
[23:16:45] [Server thread/INFO]: Saving and pausing game...
[23:16:45] [Render thread/INFO]: Stopping worker threads
[23:16:45] [Server thread/INFO]: Saving chunks for level 'ServerLevel[Epic survival world]'/minecraft:overworld
[23:16:45] [Render thread/INFO]: Started 6 worker threads
[23:16:45] [Server thread/INFO]: Saving chunks for level 'ServerLevel[Epic survival world]'/minecraft:the_end
[23:16:45] [Server thread/INFO]: Saving chunks for level 'ServerLevel[Epic survival world]'/minecraft:the_nether
[23:16:46] [Render thread/WARN]: Received passengers for unknown entity
[23:17:00] [Render thread/WARN]: Received passengers for unknown entity
[23:17:06] [Server thread/INFO]: Saving and pausing game...
[23:17:06] [Render thread/INFO]: Stopping worker threads
[23:17:06] [Server thread/INFO]: Saving chunks for level 'ServerLevel[Epic survival world]'/minecraft:overworld
[23:17:06] [Server thread/INFO]: Saving chunks for level 'ServerLevel[Epic survival world]'/minecraft:the_end
[23:17:06] [Server thread/INFO]: Saving chunks for level 'ServerLevel[Epic survival world]'/minecraft:the_nether
[23:17:06] [Render thread/INFO]: Started 6 worker threads
[23:17:06] [Render thread/INFO]: Stopping worker threads
[23:17:06] [Render thread/INFO]: Started 6 worker threads
[23:17:08] [Render thread/INFO]: Stopping worker threads
[23:17:08] [Server thread/INFO]: Saving and pausing game...
[23:17:08] [Render thread/INFO]: Started 6 worker threads
[23:17:08] [Server thread/INFO]: Saving chunks for level 'ServerLevel[Epic survival world]'/minecraft:overworld
[23:17:08] [Render thread/INFO]: Stopping worker threads
[23:17:09] [Render thread/INFO]: Started 6 worker threads
[23:17:09] [Server thread/INFO]: Saving chunks for level 'ServerLevel[Epic survival world]'/minecraft:the_end
[23:17:09] [Server thread/INFO]: Saving chunks for level 'ServerLevel[Epic survival world]'/minecraft:the_nether
[23:17:29] [Server thread/INFO]: Saving and pausing game...
[23:17:29] [Server thread/INFO]: Saving chunks for level 'ServerLevel[Epic survival world]'/minecraft:overworld
[23:17:29] [Server thread/INFO]: Saving chunks for level 'ServerLevel[Epic survival world]'/minecraft:the_end
[23:17:29] [Server thread/INFO]: Saving chunks for level 'ServerLevel[Epic survival world]'/minecraft:the_nether
[23:17:30] [Render thread/INFO]: Using default channel type
[23:17:30] [Render thread/INFO]: Started serving on 62973
[23:17:30] [Render thread/INFO]: [System] [CHAT] Local game hosted on port [62973]
[23:17:36] [Worker-Main-10/INFO]: Bot[local] logged in with entity id 188072 at (181.30000001192093, 105.0, -1295.542550379346)
[23:17:36] [Worker-Main-10/INFO]: Bot joined the game
[23:17:36] [Render thread/INFO]: [System] [CHAT] Bot joined the game
[23:17:36] [Worker-Main-10/INFO]: Bot has made the advancement [The End?]
[23:17:36] [Render thread/INFO]: [System] [CHAT] Bot has made the advancement [The End?]
[23:17:47] [Render thread/INFO]: [System] [CHAT] You have no home bed or charged respawn anchor, or it was obstructed
[23:17:47] [Render thread/INFO]: Stopping worker threads
[23:17:47] [Render thread/INFO]: Started 6 worker threads
[23:17:47] [Render thread/INFO]: Stopping worker threads
[23:17:47] [Render thread/INFO]: Started 6 worker threads
[23:18:08] [Render thread/INFO]: [System] [CHAT] Respawn point set
[23:19:21] [Render thread/WARN]: Unable to play empty soundEvent: minecraft:entity.puffer_fish.ambient
[23:22:09] [Render thread/INFO]: Stopping worker threads
[23:22:09] [Render thread/INFO]: Started 6 worker threads
[23:22:09] [Render thread/INFO]: Stopping worker threads
[23:22:09] [Render thread/INFO]: Started 6 worker threads
[23:22:22] [Render thread/INFO]: Stopping worker threads
[23:22:22] [Render thread/INFO]: Started 6 worker threads
[23:22:22] [Render thread/INFO]: Stopping worker threads
[23:22:22] [Render thread/INFO]: Started 6 worker threads
[23:22:47] [Render thread/INFO]: Stopping worker threads
[23:22:47] [Render thread/INFO]: Started 6 worker threads
[23:22:47] [Render thread/INFO]: Stopping worker threads
[23:22:47] [Render thread/INFO]: Started 6 worker threads
[23:23:04] [Render thread/INFO]: Stopping worker threads
[23:23:04] [Render thread/INFO]: Started 6 worker threads
[23:23:04] [Render thread/INFO]: Stopping worker threads
[23:23:04] [Render thread/INFO]: Started 6 worker threads
[23:25:32] [Render thread/INFO]: Stopping worker threads
[23:25:32] [Render thread/INFO]: Started 6 worker threads
[23:25:32] [Render thread/INFO]: Stopping worker threads
[23:25:32] [Render thread/INFO]: Started 6 worker threads
[23:25:42] [Render thread/WARN]: Received passengers for unknown entity
[23:25:48] [Render thread/INFO]: Stopping worker threads
[23:25:48] [Render thread/INFO]: Started 6 worker threads
[23:25:48] [Render thread/INFO]: Stopping worker threads
[23:25:48] [Render thread/INFO]: Started 6 worker threads
[23:25:51] [Render thread/INFO]: Stopping worker threads
[23:25:51] [Render thread/INFO]: Started 6 worker threads
[23:25:51] [Render thread/INFO]: Stopping worker threads
[23:25:51] [Render thread/INFO]: Started 6 worker threads
[23:26:12] [Render thread/INFO]: Stopping worker threads
[23:26:12] [Render thread/INFO]: Started 6 worker threads
[23:26:12] [Render thread/INFO]: Stopping worker threads
[23:26:12] [Render thread/INFO]: Started 6 worker threads
[23:27:01] [Render thread/INFO]: Stopping worker threads
[23:27:01] [Render thread/INFO]: Started 6 worker threads
[23:27:01] [Render thread/INFO]: Stopping worker threads
[23:27:01] [Render thread/INFO]: Started 6 worker threads
[23:27:12] [Render thread/WARN]: Received passengers for unknown entity
[23:27:18] [Render thread/INFO]: Stopping worker threads
[23:27:18] [Render thread/INFO]: Started 6 worker threads
[23:27:18] [Render thread/INFO]: Stopping worker threads
[23:27:18] [Render thread/INFO]: Started 6 worker threads
[23:27:21] [Render thread/INFO]: Stopping worker threads
[23:27:21] [Render thread/INFO]: Started 6 worker threads
[23:27:21] [Render thread/INFO]: Stopping worker threads
[23:27:21] [Render thread/INFO]: Started 6 worker threads
[23:27:31] [Server thread/INFO]: Bot lost connection: Killed
[23:27:31] [Server thread/INFO]: Bot left the game
[23:27:31] [Render thread/INFO]: [System] [CHAT] Bot left the game
[23:27:32] [CullThread/INFO]: [STDERR]: java.lang.ArrayIndexOutOfBoundsException: Index 133 out of bounds for length 129
[23:27:32] [CullThread/INFO]: [STDERR]: 	at it.unimi.dsi.fastutil.ints.Int2ObjectLinkedOpenHashMap$MapIterator.nextEntry(Int2ObjectLinkedOpenHashMap.java:1183)
[23:27:32] [CullThread/INFO]: [STDERR]: 	at it.unimi.dsi.fastutil.ints.Int2ObjectLinkedOpenHashMap$ValueIterator.next(Int2ObjectLinkedOpenHashMap.java:1689)
[23:27:32] [CullThread/INFO]: [STDERR]: 	at com.google.common.collect.Iterators$1.next(Iterators.java:146)
[23:27:32] [CullThread/INFO]: [STDERR]: 	at dev.tr7zw.entityculling.CullTask.cullEntities(CullTask.java:90)
[23:27:32] [CullThread/INFO]: [STDERR]: 	at dev.tr7zw.entityculling.CullTask.run(CullTask.java:71)
[23:27:32] [CullThread/INFO]: [STDERR]: 	at java.base/java.lang.Thread.run(Thread.java:833)
[23:27:32] [Render thread/INFO]: Stopping worker threads
[23:27:32] [Render thread/INFO]: Started 6 worker threads
[23:27:32] [Render thread/INFO]: Stopping worker threads
[23:27:32] [Render thread/INFO]: Started 6 worker threads
[23:27:53] [Render thread/INFO]: Stopping worker threads
[23:27:53] [Render thread/INFO]: Started 6 worker threads
[23:27:53] [Render thread/INFO]: Stopping worker threads
[23:27:53] [Render thread/INFO]: Started 6 worker threads
[23:28:10] [Render thread/INFO]: Stopping worker threads
[23:28:10] [Render thread/INFO]: Started 6 worker threads
[23:28:10] [Render thread/INFO]: Stopping worker threads
[23:28:10] [Render thread/INFO]: Started 6 worker threads
[23:28:29] [Worker-Main-5/INFO]: Bot[local] logged in with entity id 232496 at (3.2538806614722584, 56.0, 0.42297245783429654)
[23:28:29] [Worker-Main-5/INFO]: Bot joined the game
[23:28:29] [Render thread/INFO]: [System] [CHAT] Bot joined the game
[23:28:53] [Render thread/INFO]: [System] [CHAT] Gave 35 [Acacia Boat] to Bot
[23:28:53] [Server thread/INFO]: [16thGarden: Gave 35 [Acacia Boat] to Bot]
[23:29:26] [Server thread/INFO]: Bot lost connection: Killed
[23:29:26] [Server thread/INFO]: Bot left the game
[23:29:26] [Render thread/INFO]: [System] [CHAT] Bot left the game
[23:29:37] [Server thread/INFO]: Bot[local] logged in with entity id 232963 at (181.30000001192093, 105.0, -1295.9156032770793)
[23:29:37] [Server thread/INFO]: Bot joined the game
[23:29:37] [Render thread/INFO]: [System] [CHAT] Bot joined the game
[23:30:01] [Server thread/INFO]: Bot lost connection: Killed
[23:30:01] [Server thread/INFO]: Bot left the game
[23:30:01] [Render thread/INFO]: [System] [CHAT] Bot left the game
[23:30:09] [Server thread/INFO]: Bot[local] logged in with entity id 233029 at (179.8546436674657, 105.0, -1292.803882996984)
[23:30:09] [Server thread/INFO]: Bot joined the game
[23:30:09] [Render thread/INFO]: [System] [CHAT] Bot joined the game
[23:48:37] [Render thread/ERROR]: Error saving option Brightness: DynamicException[Value 16.0 outside of range [0.0:1.0] Optional[16.0]]
[23:48:37] [Render thread/ERROR]: Error saving option Brightness: DynamicException[Value 16.0 outside of range [0.0:1.0] Optional[16.0]]
[23:48:37] [Render thread/ERROR]: Error saving option Brightness: DynamicException[Value 16.0 outside of range [0.0:1.0] Optional[16.0]]
[23:48:37] [Render thread/ERROR]: Error saving option Brightness: DynamicException[Value 16.0 outside of range [0.0:1.0] Optional[16.0]]
[23:48:37] [Render thread/ERROR]: Error saving option Brightness: DynamicException[Value 16.0 outside of range [0.0:1.0] Optional[16.0]]
[23:48:37] [Render thread/ERROR]: Error saving option Brightness: DynamicException[Value 16.0 outside of range [0.0:1.0] Optional[16.0]]
[23:48:37] [Render thread/ERROR]: Error saving option Brightness: DynamicException[Value 16.0 outside of range [0.0:1.0] Optional[16.0]]
[23:48:37] [Render thread/ERROR]: Error saving option Brightness: DynamicException[Value 16.0 outside of range [0.0:1.0] Optional[16.0]]
[23:48:37] [Render thread/ERROR]: Error saving option Brightness: DynamicException[Value 16.0 outside of range [0.0:1.0] Optional[16.0]]
[23:48:37] [Render thread/ERROR]: Error saving option Brightness: DynamicException[Value 16.0 outside of range [0.0:1.0] Optional[16.0]]
[23:48:37] [Render thread/ERROR]: Error saving option Brightness: DynamicException[Value 16.0 outside of range [0.0:1.0] Optional[16.0]]
[23:48:37] [Render thread/ERROR]: Error saving option Brightness: DynamicException[Value 16.0 outside of range [0.0:1.0] Optional[16.0]]
[23:48:37] [Render thread/ERROR]: Error saving option Brightness: DynamicException[Value 16.0 outside of range [0.0:1.0] Optional[16.0]]
[23:48:37] [Render thread/ERROR]: Error saving option Brightness: DynamicException[Value 16.0 outside of range [0.0:1.0] Optional[16.0]]
[23:48:37] [Render thread/ERROR]: Error saving option Brightness: DynamicException[Value 16.0 outside of range [0.0:1.0] Optional[16.0]]
[23:48:37] [Render thread/ERROR]: Error saving option Brightness: DynamicException[Value 16.0 outside of range [0.0:1.0] Optional[16.0]]
[23:48:37] [Render thread/ERROR]: Error saving option Brightness: DynamicException[Value 16.0 outside of range [0.0:1.0] Optional[16.0]]
[23:48:37] [Render thread/ERROR]: Error saving option Brightness: DynamicException[Value 16.0 outside of range [0.0:1.0] Optional[16.0]]
[23:48:37] [Render thread/ERROR]: Error saving option Brightness: DynamicException[Value 16.0 outside of range [0.0:1.0] Optional[16.0]]
[23:48:37] [Render thread/ERROR]: Error saving option Brightness: DynamicException[Value 16.0 outside of range [0.0:1.0] Optional[16.0]]
[23:48:37] [Render thread/ERROR]: Error saving option Brightness: DynamicException[Value 16.0 outside of range [0.0:1.0] Optional[16.0]]
[23:48:37] [Render thread/ERROR]: Error saving option Brightness: DynamicException[Value 16.0 outside of range [0.0:1.0] Optional[16.0]]
[23:48:37] [Render thread/ERROR]: Error saving option Brightness: DynamicException[Value 16.0 outside of range [0.0:1.0] Optional[16.0]]
[23:48:37] [Render thread/ERROR]: Error saving option Brightness: DynamicException[Value 16.0 outside of range [0.0:1.0] Optional[16.0]]
[23:48:37] [Render thread/ERROR]: Error saving option Brightness: DynamicException[Value 16.0 outside of range [0.0:1.0] Optional[16.0]]
[23:48:37] [Render thread/ERROR]: Error saving option Brightness: DynamicException[Value 16.0 outside of range [0.0:1.0] Optional[16.0]]
[23:48:37] [Render thread/ERROR]: Error saving option Brightness: DynamicException[Value 16.0 outside of range [0.0:1.0] Optional[16.0]]
[23:48:37] [Render thread/ERROR]: Error saving option Brightness: DynamicException[Value 16.0 outside of range [0.0:1.0] Optional[16.0]]
[23:48:37] [Render thread/ERROR]: Error saving option Brightness: DynamicException[Value 16.0 outside of range [0.0:1.0] Optional[16.0]]
[23:48:37] [Render thread/ERROR]: Error saving option Brightness: DynamicException[Value 16.0 outside of range [0.0:1.0] Optional[16.0]]
[23:48:37] [Render thread/ERROR]: Error saving option Brightness: DynamicException[Value 16.0 outside of range [0.0:1.0] Optional[16.0]]
[23:48:37] [Render thread/ERROR]: Error saving option Brightness: DynamicException[Value 16.0 outside of range [0.0:1.0] Optional[16.0]]
[23:48:37] [Render thread/ERROR]: Error saving option Brightness: DynamicException[Value 16.0 outside of range [0.0:1.0] Optional[16.0]]
[23:48:37] [Render thread/ERROR]: Error saving option Brightness: DynamicException[Value 16.0 outside of range [0.0:1.0] Optional[16.0]]
[23:48:37] [Render thread/ERROR]: Error saving option Brightness: DynamicException[Value 16.0 outside of range [0.0:1.0] Optional[16.0]]
[23:48:38] [Render thread/ERROR]: Error saving option Brightness: DynamicException[Value 16.0 outside of range [0.0:1.0] Optional[16.0]]
[23:48:38] [Render thread/ERROR]: Error saving option Brightness: DynamicException[Value 16.0 outside of range [0.0:1.0] Optional[16.0]]
[23:48:38] [Render thread/ERROR]: Error saving option Brightness: DynamicException[Value 16.0 outside of range [0.0:1.0] Optional[16.0]]
[23:48:38] [Render thread/ERROR]: Error saving option Brightness: DynamicException[Value 16.0 outside of range [0.0:1.0] Optional[16.0]]
[23:48:38] [Render thread/ERROR]: Error saving option Brightness: DynamicException[Value 16.0 outside of range [0.0:1.0] Optional[16.0]]
[23:48:38] [Render thread/ERROR]: Error saving option Brightness: DynamicException[Value 16.0 outside of range [0.0:1.0] Optional[16.0]]
[23:48:38] [Render thread/ERROR]: Error saving option Brightness: DynamicException[Value 16.0 outside of range [0.0:1.0] Optional[16.0]]
[23:48:38] [Render thread/ERROR]: Error saving option Brightness: DynamicException[Value 16.0 outside of range [0.0:1.0] Optional[16.0]]
[23:48:38] [Render thread/ERROR]: Error saving option Brightness: DynamicException[Value 16.0 outside of range [0.0:1.0] Optional[16.0]]
[23:48:38] [Render thread/ERROR]: Error saving option Brightness: DynamicException[Value 16.0 outside of range [0.0:1.0] Optional[16.0]]
[23:48:38] [Render thread/ERROR]: Error saving option Brightness: DynamicException[Value 16.0 outside of range [0.0:1.0] Optional[16.0]]
[23:48:38] [Render thread/ERROR]: Error saving option Brightness: DynamicException[Value 16.0 outside of range [0.0:1.0] Optional[16.0]]
[23:48:38] [Render thread/ERROR]: Error saving option Brightness: DynamicException[Value 16.0 outside of range [0.0:1.0] Optional[16.0]]
[23:48:38] [Render thread/ERROR]: Error saving option Brightness: DynamicException[Value 16.0 outside of range [0.0:1.0] Optional[16.0]]
[23:48:38] [Render thread/ERROR]: Error saving option Brightness: DynamicException[Value 16.0 outside of range [0.0:1.0] Optional[16.0]]
[23:48:38] [Render thread/ERROR]: Error saving option Brightness: DynamicException[Value 16.0 outside of range [0.0:1.0] Optional[16.0]]
[23:48:38] [Render thread/ERROR]: Error saving option Brightness: DynamicException[Value 16.0 outside of range [0.0:1.0] Optional[16.0]]
[23:48:38] [Render thread/ERROR]: Error saving option Brightness: DynamicException[Value 16.0 outside of range [0.0:1.0] Optional[16.0]]
[23:48:38] [Render thread/ERROR]: Error saving option Brightness: DynamicException[Value 16.0 outside of range [0.0:1.0] Optional[16.0]]
[23:48:38] [Render thread/ERROR]: Error saving option Brightness: DynamicException[Value 16.0 outside of range [0.0:1.0] Optional[16.0]]
[23:48:38] [Render thread/ERROR]: Error saving option Brightness: DynamicException[Value 16.0 outside of range [0.0:1.0] Optional[16.0]]
[23:48:38] [Render thread/ERROR]: Error saving option Brightness: DynamicException[Value 16.0 outside of range [0.0:1.0] Optional[16.0]]
[23:48:38] [Render thread/ERROR]: Error saving option Brightness: DynamicException[Value 16.0 outside of range [0.0:1.0] Optional[16.0]]
[23:48:38] [Render thread/ERROR]: Error saving option Brightness: DynamicException[Value 16.0 outside of range [0.0:1.0] Optional[16.0]]
[23:48:38] [Render thread/ERROR]: Error saving option Brightness: DynamicException[Value 16.0 outside of range [0.0:1.0] Optional[16.0]]
[23:48:38] [Render thread/ERROR]: Error saving option Brightness: DynamicException[Value 16.0 outside of range [0.0:1.0] Optional[16.0]]
[23:48:38] [Render thread/ERROR]: Error saving option Brightness: DynamicException[Value 16.0 outside of range [0.0:1.0] Optional[16.0]]
[23:48:38] [Render thread/ERROR]: Error saving option Brightness: DynamicException[Value 16.0 outside of range [0.0:1.0] Optional[16.0]]
[23:48:38] [Render thread/ERROR]: Error saving option Brightness: DynamicException[Value 16.0 outside of range [0.0:1.0] Optional[16.0]]
[23:48:38] [Render thread/ERROR]: Error saving option Brightness: DynamicException[Value 16.0 outside of range [0.0:1.0] Optional[16.0]]
[23:48:38] [Render thread/ERROR]: Error saving option Brightness: DynamicException[Value 16.0 outside of range [0.0:1.0] Optional[16.0]]
[23:48:38] [Render thread/ERROR]: Error saving option Brightness: DynamicException[Value 16.0 outside of range [0.0:1.0] Optional[16.0]]
[23:48:38] [Render thread/ERROR]: Error saving option Brightness: DynamicException[Value 16.0 outside of range [0.0:1.0] Optional[16.0]]
[23:48:38] [Render thread/ERROR]: Error saving option Brightness: DynamicException[Value 16.0 outside of range [0.0:1.0] Optional[16.0]]
[23:48:38] [Render thread/ERROR]: Error saving option Brightness: DynamicException[Value 16.0 outside of range [0.0:1.0] Optional[16.0]]
[23:48:38] [Render thread/ERROR]: Error saving option Brightness: DynamicException[Value 16.0 outside of range [0.0:1.0] Optional[16.0]]
[23:48:38] [Render thread/ERROR]: Error saving option Brightness: DynamicException[Value 16.0 outside of range [0.0:1.0] Optional[16.0]]
[23:48:38] [Render thread/ERROR]: Error saving option Brightness: DynamicException[Value 16.0 outside of range [0.0:1.0] Optional[16.0]]
[23:48:38] [Render thread/ERROR]: Error saving option Brightness: DynamicException[Value 16.0 outside of range [0.0:1.0] Optional[16.0]]
[23:48:38] [Render thread/ERROR]: Error saving option Brightness: DynamicException[Value 16.0 outside of range [0.0:1.0] Optional[16.0]]
[23:48:38] [Render thread/ERROR]: Error saving option Brightness: DynamicException[Value 16.0 outside of range [0.0:1.0] Optional[16.0]]
[23:48:38] [Render thread/ERROR]: Error saving option Brightness: DynamicException[Value 16.0 outside of range [0.0:1.0] Optional[16.0]]
[23:48:38] [Render thread/ERROR]: Error saving option Brightness: DynamicException[Value 16.0 outside of range [0.0:1.0] Optional[16.0]]
[23:48:38] [Render thread/ERROR]: Error saving option Brightness: DynamicException[Value 16.0 outside of range [0.0:1.0] Optional[16.0]]
[23:48:38] [Render thread/ERROR]: Error saving option Brightness: DynamicException[Value 16.0 outside of range [0.0:1.0] Optional[16.0]]
[23:48:38] [Render thread/ERROR]: Error saving option Brightness: DynamicException[Value 16.0 outside of range [0.0:1.0] Optional[16.0]]
[23:48:38] [Render thread/ERROR]: Error saving option Brightness: DynamicException[Value 16.0 outside of range [0.0:1.0] Optional[16.0]]
[23:48:38] [Render thread/ERROR]: Error saving option Brightness: DynamicException[Value 16.0 outside of range [0.0:1.0] Optional[16.0]]
[23:48:38] [Render thread/ERROR]: Error saving option Brightness: DynamicException[Value 16.0 outside of range [0.0:1.0] Optional[16.0]]
[23:48:38] [Render thread/ERROR]: Error saving option Brightness: DynamicException[Value 16.0 outside of range [0.0:1.0] Optional[16.0]]
[23:48:38] [Render thread/ERROR]: Error saving option Brightness: DynamicException[Value 16.0 outside of range [0.0:1.0] Optional[16.0]]
[23:48:38] [Render thread/ERROR]: Error saving option Brightness: DynamicException[Value 16.0 outside of range [0.0:1.0] Optional[16.0]]
[23:48:38] [Render thread/ERROR]: Error saving option Brightness: DynamicException[Value 16.0 outside of range [0.0:1.0] Optional[16.0]]
[23:48:38] [Render thread/ERROR]: Error saving option Brightness: DynamicException[Value 16.0 outside of range [0.0:1.0] Optional[16.0]]
[23:48:38] [Render thread/ERROR]: Error saving option Brightness: DynamicException[Value 16.0 outside of range [0.0:1.0] Optional[16.0]]
[23:48:38] [Render thread/ERROR]: Error saving option Brightness: DynamicException[Value 16.0 outside of range [0.0:1.0] Optional[16.0]]
[23:48:38] [Render thread/ERROR]: Error saving option Brightness: DynamicException[Value 16.0 outside of range [0.0:1.0] Optional[16.0]]
[23:48:39] [Render thread/ERROR]: Error saving option Brightness: DynamicException[Value 16.0 outside of range [0.0:1.0] Optional[16.0]]
[23:48:39] [Render thread/ERROR]: Error saving option Brightness: DynamicException[Value 16.0 outside of range [0.0:1.0] Optional[16.0]]
[23:48:39] [Render thread/ERROR]: Error saving option Brightness: DynamicException[Value 16.0 outside of range [0.0:1.0] Optional[16.0]]
[23:48:39] [Render thread/ERROR]: Error saving option Brightness: DynamicException[Value 16.0 outside of range [0.0:1.0] Optional[16.0]]
[23:48:39] [Render thread/ERROR]: Error saving option Brightness: DynamicException[Value 16.0 outside of range [0.0:1.0] Optional[16.0]]
[23:48:39] [Render thread/ERROR]: Error saving option Brightness: DynamicException[Value 16.0 outside of range [0.0:1.0] Optional[16.0]]
[23:48:39] [Render thread/ERROR]: Error saving option Brightness: DynamicException[Value 16.0 outside of range [0.0:1.0] Optional[16.0]]
[23:48:39] [Render thread/ERROR]: Error saving option Brightness: DynamicException[Value 16.0 outside of range [0.0:1.0] Optional[16.0]]
[23:48:39] [Render thread/ERROR]: Error saving option Brightness: DynamicException[Value 16.0 outside of range [0.0:1.0] Optional[16.0]]
[23:53:54] [Server thread/INFO]: Bot lost connection: Killed
[23:53:54] [Server thread/INFO]: Bot left the game
[23:53:54] [Render thread/INFO]: [System] [CHAT] Bot left the game
[23:54:51] [Render thread/INFO]: Stopping worker threads
[23:54:52] [Render thread/INFO]: Started 6 worker threads
[23:54:52] [Render thread/INFO]: Stopping worker threads
[23:54:52] [Render thread/INFO]: Started 6 worker threads
[23:54:53] [Render thread/WARN]: Received passengers for unknown entity
[23:54:57] [Render thread/WARN]: Received passengers for unknown entity
[23:54:57] [Render thread/WARN]: Received passengers for unknown entity
[23:55:08] [Render thread/INFO]: Stopping worker threads
[23:55:08] [Render thread/INFO]: Started 6 worker threads
[23:55:09] [Render thread/INFO]: Stopping worker threads
[23:55:09] [Render thread/INFO]: Started 6 worker threads
[23:58:24] [Render thread/INFO]: Stopping worker threads
[23:58:24] [Render thread/INFO]: Started 6 worker threads
[23:58:24] [Render thread/INFO]: Stopping worker threads
[23:58:24] [Render thread/INFO]: Started 6 worker threads
[23:58:41] [Render thread/INFO]: Stopping worker threads
[23:58:41] [Render thread/INFO]: Started 6 worker threads
[23:58:41] [Render thread/INFO]: Stopping worker threads
[23:58:41] [Render thread/INFO]: Started 6 worker threads
[23:59:27] [Render thread/INFO]: Stopping worker threads
[23:59:27] [Render thread/INFO]: Started 6 worker threads
[23:59:27] [Render thread/INFO]: Stopping worker threads
[23:59:27] [Render thread/INFO]: Started 6 worker threads
[23:59:31] [Render thread/WARN]: Received passengers for unknown entity
[23:59:31] [Render thread/WARN]: Received passengers for unknown entity
[23:59:40] [Render thread/INFO]: Stopping worker threads
[23:59:40] [Render thread/INFO]: Started 6 worker threads
[23:59:40] [Render thread/INFO]: Stopping worker threads
[23:59:40] [Render thread/INFO]: Started 6 worker threads
