[00:02:53] [WebSocketConnectReadThread-2044/WARN]: Connection closed unexpectedly (CloseInfo(code=1006, reason=, remote=true, outdated=false)) after 1h 30m 54.718685400s
[00:02:53] [Render thread/INFO]: Authenticating to Mojang as 16thGarden (dc0548c7-2c22-450e-91f5-2a17cfde2a12)
[00:02:54] [DefaultDispatcher-worker-8/INFO]: Connecting to Essential Connection Manager...
[00:02:54] [WebSocketConnectReadThread-2108/INFO]: Connected to Essential Connection Manager.
[00:27:51] [Server thread/INFO]: 16thGarden has made the advancement [Best Friends Forever]
[00:27:51] [Render thread/INFO]: [System] [CHAT] 16thGarden has made the advancement [Best Friends Forever]
[00:27:51] [Render thread/INFO]: Loaded 1002 advancements
[00:30:22] [Render thread/INFO]: Stopping worker threads
[00:30:22] [Render thread/INFO]: Started 6 worker threads
[00:30:22] [Render thread/INFO]: Stopping worker threads
[00:30:22] [Render thread/INFO]: Started 6 worker threads
[00:30:54] [Render thread/INFO]: Stopping worker threads
[00:30:54] [Render thread/INFO]: Started 6 worker threads
[00:30:54] [Render thread/INFO]: Stopping worker threads
[00:30:54] [Render thread/INFO]: Started 6 worker threads
[00:31:15] [Render thread/INFO]: Stopping worker threads
[00:31:15] [Render thread/INFO]: Started 6 worker threads
[00:31:15] [Render thread/INFO]: Stopping worker threads
[00:31:15] [Render thread/INFO]: Started 6 worker threads
[00:31:17] [Render thread/WARN]: Received passengers for unknown entity
[00:31:20] [Render thread/WARN]: Received passengers for unknown entity
[00:31:34] [Render thread/INFO]: Stopping worker threads
[00:31:34] [Render thread/INFO]: Started 6 worker threads
[00:31:34] [Render thread/INFO]: Stopping worker threads
[00:31:34] [Render thread/INFO]: Started 6 worker threads
[00:34:44] [netty<-quic (61018961-61e4-4419-bf8b-17044e487000)/INFO]: Closing.
[00:34:44] [Netty Server IO ICE #13/INFO]: 61018961-61e4-4419-bf8b-17044e487000 channel inactive, closing.
[00:34:44] [netty->quic (61018961-61e4-4419-bf8b-17044e487000)/INFO]: Closing.
[00:34:44] [Netty Server IO ICE #13/INFO]: 61018961-61e4-4419-bf8b-17044e487000 closing QUIC.
[00:34:44] [Netty Server IO ICE #13/INFO]: 61018961-61e4-4419-bf8b-17044e487000 closed.
[00:34:44] [Server thread/INFO]: JPGomdol lost connection: Disconnected
[00:34:44] [Server thread/INFO]: JPGomdol left the game
[00:34:44] [Render thread/INFO]: [System] [CHAT] JPGomdol left the game
[00:34:49] [Essential Thread 20/INFO]: Closing.
[00:36:58] [Server thread/INFO]: 16thGarden lost connection: Disconnected
[00:36:58] [Server thread/INFO]: 16thGarden left the game
[00:36:58] [Server thread/INFO]: Stopping singleplayer server as player logged out
[00:36:58] [Server thread/INFO]: Stopping server
[00:36:58] [Server thread/INFO]: Saving players
[00:36:58] [Server thread/INFO]: Saving worlds
[00:36:59] [Server thread/INFO]: Saving chunks for level 'ServerLevel[Epic survival world]'/minecraft:overworld
[00:36:59] [Server thread/INFO]: Saving chunks for level 'ServerLevel[Epic survival world]'/minecraft:the_nether
[00:36:59] [Server thread/INFO]: Saving chunks for level 'ServerLevel[Epic survival world]'/minecraft:the_end
[00:36:59] [Server thread/INFO]: ThreadedAnvilChunkStorage (Epic survival world): All chunks are saved
[00:36:59] [Server thread/INFO]: ThreadedAnvilChunkStorage (DIM-1): All chunks are saved
[00:36:59] [Server thread/INFO]: ThreadedAnvilChunkStorage (DIM1): All chunks are saved
[00:36:59] [Server thread/INFO]: ThreadedAnvilChunkStorage: All dimensions are saved
[00:36:59] [Render thread/INFO]: Stopping worker threads
[00:37:01] [Render thread/INFO]: Loaded 7 recipes
[00:37:01] [Render thread/INFO]: Loaded 1271 advancements
[00:37:02] [Render thread/INFO]: Applied 0 biome modifications to 0 of 64 new biomes in 235.7 ?s
[00:37:02] [Server thread/INFO]: Starting integrated minecraft server version 1.20.4
[00:37:02] [Server thread/INFO]: Generating keypair
[00:37:02] [Server thread/INFO]: Preparing start region for dimension minecraft:overworld
[00:37:02] [Render thread/INFO]: Preparing spawn area: 0%
[00:37:02] [Render thread/INFO]: Preparing spawn area: 0%
[00:37:03] [Render thread/INFO]: Preparing spawn area: 0%
[00:37:03] [Render thread/INFO]: Preparing spawn area: 1%
[00:37:04] [Render thread/INFO]: Preparing spawn area: 41%
[00:37:04] [Server thread/INFO]: Changing view distance to 16, from 10
[00:37:04] [Server thread/INFO]: Changing simulation distance to 12, from 0
[00:37:04] [Render thread/INFO]: Time elapsed: 2379 ms
[00:37:04] [Server thread/INFO]: 16thGarden[local:E:10069171] logged in with entity id 295959 at (27.163106263707505, 193.0625, 2.29987392459359)
[00:37:04] [Server thread/INFO]: 16thGarden joined the game
[00:37:04] [Render thread/INFO]: Started 6 worker threads
[00:37:04] [Render thread/INFO]: Using 3 total BufferBuilder caches
[00:37:04] [Render thread/INFO]: Loaded 373 advancements
[00:39:02] [Server thread/INFO]: Saving and pausing game...
[00:39:02] [Server thread/INFO]: Saving chunks for level 'ServerLevel[super epic house]'/minecraft:overworld
[00:39:02] [Server thread/INFO]: Saving chunks for level 'ServerLevel[super epic house]'/minecraft:the_nether
[00:39:02] [Server thread/INFO]: Saving chunks for level 'ServerLevel[super epic house]'/minecraft:the_end
[00:39:02] [Server thread/INFO]: 16thGarden lost connection: Disconnected
[00:39:02] [Server thread/INFO]: 16thGarden left the game
[00:39:02] [Server thread/INFO]: Stopping singleplayer server as player logged out
[00:39:02] [Server thread/INFO]: Stopping server
[00:39:02] [Server thread/INFO]: Saving players
[00:39:02] [Server thread/INFO]: Saving worlds
[00:39:02] [Server thread/INFO]: Saving chunks for level 'ServerLevel[super epic house]'/minecraft:overworld
[00:39:02] [Server thread/INFO]: Saving chunks for level 'ServerLevel[super epic house]'/minecraft:the_nether
[00:39:02] [Server thread/INFO]: Saving chunks for level 'ServerLevel[super epic house]'/minecraft:the_end
[00:39:02] [Server thread/INFO]: ThreadedAnvilChunkStorage (super epic house): All chunks are saved
[00:39:02] [Server thread/INFO]: ThreadedAnvilChunkStorage (DIM-1): All chunks are saved
[00:39:02] [Server thread/INFO]: ThreadedAnvilChunkStorage (DIM1): All chunks are saved
[00:39:02] [Server thread/INFO]: ThreadedAnvilChunkStorage: All dimensions are saved
[00:39:02] [Render thread/INFO]: Stopping worker threads
[00:39:10] [Render thread/INFO]: Stopping!
[00:39:10] [CullThread/INFO]: [STDOUT]: Shutting down culling task!
