[00:00:09] [Client thread/INFO]: [CHAT] §2Guild > §6[MVP§d++§6] IMainHydras §3[HYDRA]§f: does blc have garden qol?
[00:00:13] [Client thread/INFO]: [CHAT] §2Guild > §b[MVP§5+§b] SoutifDeLuxe §3[MOD]§f: ye
[00:00:15] [Client thread/INFO]: [CHAT] §2Guild > §b[MVP§9+§b] RachieCutie §3[MOD]§f: yes
[00:00:21] [Client thread/INFO]: [CHAT] §2Guild > §b[MVP§5+§b] SoutifDeLuxe §3[MOD]§f: not as good as sh but ye
[00:00:21] [Client thread/INFO]: [CHAT] §2Guild > §6[MVP§d++§6] IMainHydras §3[HYDRA]§f: like for pests
[00:00:22] [Client thread/INFO]: [CHAT] 
[00:00:22] [Client thread/INFO]: [CHAT] [WATCHDOG ANNOUNCEMENT]
[00:00:22] [Client thread/INFO]: [CHAT] Watchdog has banned 16,172 players in the last 7 days.
[00:00:22] [Client thread/INFO]: [CHAT] Staff have banned an additional 15,554 in the last 7 days.
[00:00:22] [Client thread/INFO]: [CHAT] Blacklisted modifications are a bannable offense!
[00:00:22] [Client thread/INFO]: [CHAT] 
[00:00:33] [Client thread/INFO]: [CHAT] §2Guild > §6[MVP§d++§6] IMainHydras §3[HYDRA]§f: bc im not seeing it
[00:00:46] [Client thread/INFO]: [CHAT] §2Guild > §b[MVP§a+§b] nwaw §3[EGG]§f: have you updated
[00:00:50] [Client thread/INFO]: [CHAT] HOPPITY'S HUNT A Chocolate Breakfast Egg has appeared!
[00:00:51] [Client thread/INFO]: [CHAT] Guild > FarmingHypeARK left.
[00:00:52] [Client thread/INFO]: [CHAT] JPGomdol joined SkyBlock.
[00:00:59] [Client thread/INFO]: [CHAT] §2Guild > §6[MVP§d++§6] IMainHydras §3[HYDRA]§f: yea
[00:01:05] [Client thread/INFO]: [CHAT] §2Guild > §b[MVP§a+§b] nwaw §3[EGG]§f: try relloging
[00:01:06] [Client thread/INFO]: [CHAT] §2Guild > §6[MVP§d++§6] IMainHydras §3[HYDRA]§f: maybe ill redownload
[00:01:16] [Client thread/INFO]: [CHAT] §2Guild > §b[MVP§a+§b] nwaw §3[EGG]§f: try restarting maybe
[00:02:03] [Client thread/INFO]: [CHAT] Rabbit Granny has been promoted to [149] Manager!
[00:02:04] [Client thread/INFO]: [CHAT] Rabbit Daddy has been promoted to [154] Manager!
[00:02:05] [Client thread/INFO]: [CHAT] Rabbit Sis has been promoted to [160] Manager!
[00:02:32] [Client thread/INFO]: [CHAT] You earned 5 GEXP + 236 Event EXP from playing SkyBlock!
[00:02:33] [Client thread/INFO]: [SkyblockAddons/ContainerPreviewManager] Refreshed cache for container BackpackStorage3.
[00:02:33] [SkyblockAddons - #24/INFO]: [SkyblockAddons/PersistentValuesManager] Saving persistent values
[00:02:33] [SkyblockAddons - #24/INFO]: [SkyblockAddons/PersistentValuesManager] Persistent Values Saved
[00:03:40] [Client thread/INFO]: [CHAT]  §b§l» §7JPGomdol §eis traveling to §aDwarven Mines §e§lFOLLOW
[00:04:07] [Client thread/INFO]: [CHAT] ????????????????????????????????????????????????????????????????
[00:04:07] [Client thread/INFO]: [CHAT]                            2X POWDER ENDED!
[00:04:07] [Client thread/INFO]: [CHAT]                            Passive Active Event
[00:04:07] [Client thread/INFO]: [CHAT] 
[00:04:07] [Client thread/INFO]: [CHAT]    Powder amount is back to normal, but there will be another
[00:04:07] [Client thread/INFO]: [CHAT]                                  event soon!
[00:04:07] [Client thread/INFO]: [CHAT] ????????????????????????????????????????????????????????????????
[00:04:22] [Client thread/INFO]: [SkyblockAddons/ContainerPreviewManager] Refreshed cache for container BackpackStorage2.
[00:04:22] [SkyblockAddons - #25/INFO]: [SkyblockAddons/PersistentValuesManager] Saving persistent values
[00:04:22] [SkyblockAddons - #25/INFO]: [SkyblockAddons/PersistentValuesManager] Persistent Values Saved
[00:04:28] [Client thread/INFO]: [CHAT] §2Guild > §b[MVP§c+§b] TastiestPizza §3[MANIAC]§f:  ? sobfestivities was killed by Sea Witch. (11)
[00:04:31] [Client thread/INFO]: [CHAT] §2Guild > §b[MVP§a+§b] nwaw §3[EGG]§f: has anyone heard from nayo at all
[00:04:34] [Client thread/INFO]: [CHAT] §2Guild > §b[MVP§3+§b] Gnasez §3[MOD]§f: F
[00:04:37] [Client thread/INFO]: [CHAT] §2Guild > §b[MVP§a+§b] nwaw §3[EGG]§f: or has she fully quit
[00:04:42] [Client thread/INFO]: [CHAT] §2Guild > §b[MVP§9+§b] RachieCutie §3[MOD]§f: she plays housing
[00:04:45] [Client thread/INFO]: [CHAT] §2Guild > §a[VIP] WhoTookIchiko §3[BABY]§f: any diana parties?
[00:04:45] [Client thread/INFO]: [CHAT] Guild > IMainHydras left.
[00:04:49] [Client thread/INFO]: [CHAT] Guild > yRogerS_ joined.
[00:04:53] [Client thread/INFO]: [CHAT] §2Guild > §b[MVP§a+§b] nwaw §3[EGG]§f: what is that
[00:04:55] [Client thread/INFO]: [CHAT] §2Guild > §b[MVP§3+§b] Gnasez §3[MOD]§f: nayo fulltimes wynn
[00:05:05] [Client thread/INFO]: [CHAT] §2Guild > §b[MVP§a+§b] nwaw §3[EGG]§f: tbh i was as well
[00:05:07] [Client thread/INFO]: [CHAT] §2Guild > §b[MVP§9+§b] RachieCutie §3[MOD]§f: when i see her online shes on housing
[00:05:28] [Client thread/INFO]: [CHAT]  §b§l» §7JPGomdol §eis traveling to §aHub §e§lFOLLOW
[00:05:54] [Client thread/INFO]: [CHAT] Guild > Deentr0x left.
[00:06:41] [Client thread/INFO]: [CHAT] HOPPITY'S HUNT A Chocolate Lunch Egg has appeared!
[00:07:36] [Client thread/INFO]: [CHAT] You earned 15 GEXP + 603 Event EXP from playing SkyBlock!
[00:08:26] [Client thread/INFO]: [CHAT]  §c? §eThe §cGoblin Raid §eevent starts in §a20 §eseconds!
 §aClick here §eto teleport to §bGarry §eand prepare!
[00:08:31] [Client thread/INFO]: [CHAT] Guild > CrashDeluxe left.
[00:08:39] [Client thread/INFO]: [CHAT] [231] §a[VIP§6+§a] Saltyking641§f: i found a vanguard
[00:08:45] [Client thread/INFO]: [CHAT]  §b§l» §7JPGomdol §eis traveling to §aDwarven Mines §e§lFOLLOW
[00:08:46] [Client thread/INFO]: [CHAT] ????????????????????????????????????????????????????????????????
[00:08:46] [Client thread/INFO]: [CHAT]                         GOBLIN RAID STARTED!
[00:08:46] [Client thread/INFO]: [CHAT]                              Active Mining Event
[00:08:46] [Client thread/INFO]: [CHAT]                                         
[00:08:46] [Client thread/INFO]: [CHAT]                         Kill all 1,000 goblins to win!
[00:08:46] [Client thread/INFO]: [CHAT]        Earn extra rewards by slaying at least 25 yourself!
[00:08:46] [Client thread/INFO]: [CHAT]                                         
[00:08:46] [Client thread/INFO]: [CHAT]                   Go to The Forge (or talk to Garry)
[00:08:46] [Client thread/INFO]: [CHAT] ????????????????????????????????????????????????????????????????
[00:08:50] [Client thread/INFO]: [CHAT] [311] ? §b[MVP§9+§b] Sarvundor§f: cool
[00:09:20] [Client thread/INFO]: [CHAT]  ? Ghoshen was killed by Treasure Hoarder.
[00:10:10] [Client thread/INFO]: [CHAT]  ? Gip_Frostik was killed by Glacite Walker.
[00:10:14] [Client thread/INFO]: [CHAT] Guild > Funguy12345678 joined.
[00:11:01] [Client thread/INFO]: [CHAT] The sound of pickaxes clashing against the rock has attracted the attention of the POWDER GHAST!
[00:11:01] [Client thread/INFO]: [CHAT] Find the Powder Ghast near the Cliffside Veins!
[00:11:26] [Client thread/INFO]: [CHAT] Guild > nwaw left.
[00:11:27] [Client thread/INFO]: [CHAT]  ? Ghoshen was killed by Fireslinger.
[00:11:51] [Client thread/INFO]: [CHAT] Warping you to your SkyBlock island...
[00:11:52] [Client thread/INFO]: [CHAT] Sending to server mini1023A...
[00:11:52] [Netty Client IO #3/INFO]: [gg.skytils.skytilsmod.listeners.ServerPayloadInterceptor:onReceivePacket:58]: Received Hypixel packet hyevent:location
[00:11:52] [Client thread/INFO]: [gg.skytils.skytilsmod.utils.SBInfo$onHypixelPacket$1:invoke:94]: ClientboundLocationEventPacket{serverName='mini1023A', serverType='SKYBLOCK', lobbyName='null', mode='dynamic', map='Private Island'} VersionedPacket{version=1}
[00:11:52] [Client thread/INFO]: [CHAT]        
[00:11:55] [Client thread/INFO]: [CHAT] §aYou are playing on profile: §eRaspberry§b (Co-op)
[00:11:55] [Client thread/INFO]: [CHAT] Profile ID: 1c82351a-b767-494b-af85-f39ec5d6df89
[00:12:32] [Client thread/INFO]: [CHAT] -----------------------------------------------------
                           §6Friends (Page 1 of 1) 
§7JPGomdol §eis in SkyBlock - Dwarven Mines
§7inN0sense §cis currently offline
§7mktutu §cis currently offline
§bPukolz §cis currently offline
§7SetsunaTrip §cis currently offline
§aWheatFarm §cis currently offline
§6xLyds §cis currently offline
§bYukimiko §cis currently offline
-----------------------------------------------------
[00:12:51] [Client thread/INFO]: [CHAT] Guild > IMainHydras joined.
[00:12:52] [Client thread/INFO]: [CHAT] Mining Speed Boost is now available!
[00:13:20] [Client thread/INFO]: [CHAT] §2Guild > §6[MVP§d++§6] IMainHydras §3[HYDRA]§f: still dont see the garden qol
[00:14:12] [Client thread/INFO]: [CHAT] Guild > Ritter_desRechts joined.
[00:15:56] [Client thread/INFO]: [CHAT] §2Guild > §6[MVP§d++§6] IMainHydras §3[HYDRA]§f: blc is bugging
[00:16:00] [Client thread/INFO]: [CHAT] §2Guild > §a[VIP§6+§a] fadedmythfm §3[HYDRA]§f: dont use blc
[00:16:07] [Client thread/INFO]: [CHAT] §2Guild > §a[VIP] TheDonLover §3[HYDRA]§f: use it its best
[00:16:13] [Client thread/INFO]: [CHAT]  §b§l» §7JPGomdol §eis traveling to §aHub §e§lFOLLOW
[00:16:15] [Client thread/INFO]: [CHAT] §2Guild > §a[VIP] TheDonLover §3[HYDRA]§f: it has everything
[00:16:19] [Client thread/INFO]: [CHAT] §2Guild > §6[MVP§d++§6] IMainHydras §3[HYDRA]§f: my cape isnt loading garden qol isnt showing and my backpacks are gone like wtf
[00:16:19] [Client thread/INFO]: [CHAT] §2Guild > §a[VIP] TheDonLover §3[HYDRA]§f: absolutely
[00:16:23] [Client thread/INFO]: [CHAT] Guild > shrijanx34d5 left.
[00:16:27] [Client thread/INFO]: [CHAT] §2Guild > §a[VIP] TheDonLover §3[HYDRA]§f: will fix
[00:16:31] [Client thread/INFO]: [CHAT] §2Guild > §b[MVP§f+§b] Flizyy §3[BABY]§f: skill issue
[00:16:31] [Client thread/INFO]: [CHAT] §2Guild > §a[VIP] WhoTookIchiko §3[BABY]§f: unironically blc has some rly good features ngl
[00:16:37] [Client thread/INFO]: [CHAT] §2Guild > §a[VIP] WhoTookIchiko §3[BABY]§f: but its ass overall
[00:16:42] [Client thread/INFO]: [CHAT] §2Guild > §a[VIP] TheDonLover §3[HYDRA]§f: not really
[00:16:44] [Client thread/INFO]: [CHAT] §2Guild > §6[MVP§d++§6] IMainHydras §3[HYDRA]§f: back to forge
[00:16:46] [Client thread/INFO]: [CHAT] §2Guild > §b[MVP§2+§b] FlamingBears §3[HYDRA]§f: never used any client
[00:16:47] [Client thread/INFO]: [CHAT] Guild > IMainHydras left.
[00:16:47] [Client thread/INFO]: [CHAT] §2Guild > §b[MVP§9+§b] RachieCutie §3[MOD]§f: Overfluxes are 125m and Wheels are 60k consider Sven trading with me
[00:16:47] [Client thread/INFO]: [CHAT] §2Guild > §a[VIP§6+§a] fadedmythfm §3[HYDRA]§f: yes really
[00:16:50] [Client thread/INFO]: [CHAT] §2Guild > §a[VIP] TheDonLover §3[HYDRA]§f: it has absolutely everything u need
[00:16:52] [Client thread/INFO]: [CHAT] You earned 4 GEXP + 200 Event EXP from playing SkyBlock!
[00:16:56] [Client thread/INFO]: [CHAT] §2Guild > §a[VIP] TheDonLover §3[HYDRA]§f: and all in one
[00:17:02] [Client thread/INFO]: [CHAT] §2Guild > §a[VIP§6+§a] fadedmythfm §3[HYDRA]§f: rachie wanna trade
[00:17:03] [Client thread/INFO]: [CHAT] §2Guild > §a[VIP] TheDonLover §3[HYDRA]§f: plus very good fps boost
[00:17:04] [Client thread/INFO]: [CHAT] §2Guild > §a[VIP] WhoTookIchiko §3[BABY]§f: not rly everything
[00:17:06] [Client thread/INFO]: [CHAT] §2Guild > §a[VIP] WhoTookIchiko §3[BABY]§f: but a lot
[00:17:11] [Client thread/INFO]: [CHAT] Guild > Funguy12345678 left.
[00:17:15] [Client thread/INFO]: [CHAT] §2Guild > §a[VIP§6+§a] fadedmythfm §3[HYDRA]§f: you get the same fps on forge you do blc
[00:17:16] [Client thread/INFO]: [CHAT] You have reached the maximum number of Slimes allowed on your island.
[00:17:16] [Client thread/INFO]: [CHAT] §2Guild > §b[MVP§9+§b] RachieCutie §3[MOD]§f: u dont got vet armor tho
[00:17:17] [Client thread/INFO]: [CHAT] You have reached the maximum number of Slimes allowed on your island.§7 (2)
[00:17:18] [Client thread/INFO]: [CHAT] You have reached the maximum number of Slimes allowed on your island.§7 (3)
[00:17:19] [Client thread/INFO]: [CHAT] You have reached the maximum number of Slimes allowed on your island.§7 (4)
[00:17:19] [Client thread/INFO]: [CHAT] §2Guild > §a[VIP] WhoTookIchiko §3[BABY]§f: i have more fps with patcher than on blc
[00:17:25] [Client thread/INFO]: [CHAT] §2Guild > §a[VIP§6+§a] fadedmythfm §3[HYDRA]§f: bro
[00:17:35] [Client thread/INFO]: [CHAT] -----------------------------------------------------
[00:17:35] [Client thread/INFO]: [CHAT] 16thGarden invited JPGomdol to the party! They have 60 seconds to accept.
[00:17:35] [Client thread/INFO]: [CHAT] -----------------------------------------------------
[00:17:36] [Client thread/INFO]: [CHAT] -----------------------------------------------------
[00:17:36] [Client thread/INFO]: [CHAT] JPGomdol created a BIN auction for Egglocator at 199,000 coins!
[00:17:36] [Client thread/INFO]: [CHAT] -----------------------------------------------------
[00:17:39] [Client thread/INFO]: [CHAT] -----------------------------------------------------
[00:17:39] [Client thread/INFO]: [CHAT] JPGomdol joined the party.
[00:17:39] [Client thread/INFO]: [CHAT] -----------------------------------------------------
[00:17:40] [Client thread/INFO]: [CHAT] Warping...
[00:17:40] [Client thread/INFO]: [CHAT] Sending to server mini95AQ...
[00:17:41] [Client thread/INFO]: [CHAT]        
[00:17:41] [Netty Client IO #3/INFO]: [gg.skytils.skytilsmod.listeners.ServerPayloadInterceptor:onReceivePacket:58]: Received Hypixel packet hyevent:location
[00:17:41] [Client thread/INFO]: [gg.skytils.skytilsmod.utils.SBInfo$onHypixelPacket$1:invoke:94]: ClientboundLocationEventPacket{serverName='mini95AQ', serverType='SKYBLOCK', lobbyName='null', mode='hub', map='Hub'} VersionedPacket{version=1}
[00:17:44] [Client thread/INFO]: [CHAT] §aYou are playing on profile: §eRaspberry§b (Co-op)
[00:17:44] [Client thread/INFO]: [CHAT] Profile ID: 1c82351a-b767-494b-af85-f39ec5d6df89
[00:17:44] [Client thread/INFO]: [CHAT]  §9§l» §7JPGomdol §eis traveling to §aHub §e§lFOLLOW
[00:17:45] [Client thread/INFO]: [CHAT] Guild > Wakain joined.
[00:17:49] [Client thread/INFO]: [CHAT] §2Guild > §a[VIP§6+§a] fadedmythfm §3[HYDRA]§f: how do i even get veteran
[00:17:54] [Client thread/INFO]: [CHAT] §2Guild > §b[MVP§f+§b] Flizyy §3[BABY]§f: ah
[00:17:57] [Client thread/INFO]: [CHAT] [74] ? §a[VIP] Trunks4167§f: and spent all of it on a set of not even maxed glacite armor, and an aurora staff...
[00:17:57] [Client thread/INFO]: [CHAT] §2Guild > §b[MVP§9+§b] RachieCutie §3[MOD]§f: ./ah
[00:17:58] [Client thread/INFO]: [CHAT] §2Guild > §b[MVP§f+§b] Flizyy §3[BABY]§f: or kuudra
[00:18:00] [Client thread/INFO]: [CHAT] §2Guild > §b[MVP§a+§b] Ikea_Fish §3[EGG]§f: veteran?
[00:18:00] [Client thread/INFO]: [CHAT] [112] ? §b[MVP§a+§b] MilanBuster§f: lucky mf
[00:18:00] [Client thread/INFO]: [CHAT] §2Guild > §b[MVP§9+§b] RachieCutie §3[MOD]§f: or kuudra
[00:18:06] [Client thread/INFO]: [CHAT] [112] ? §b[MVP§a+§b] MilanBuster§f: what the hell
[00:18:06] [Client thread/INFO]: [CHAT] §2Guild > §b[MVP§8+§b] TheDividedOne §3[BABY]§f: yes ikea
[00:18:07] [Client thread/INFO]: [CHAT] §2Guild > §b[MVP§8+§b] TheDividedOne §3[BABY]§f: attribute
[00:18:10] [Client thread/INFO]: [CHAT] [74] ? §a[VIP] Trunks4167§f: yeah...
[00:18:13] [Client thread/INFO]: [CHAT] [74] ? §a[VIP] Trunks4167§f: it sucks
[00:18:16] [Client thread/INFO]: [CHAT] Guild > IMainHydras joined.
[00:18:31] [Client thread/INFO]: [CHAT] §2Guild > §6[MVP§d++§6] IMainHydras §3[HYDRA]§f: so much better
[00:18:35] [Client thread/INFO]: [CHAT] -----------------------------------------------------
[00:18:35] [Client thread/INFO]: [CHAT] JPGomdol has disconnected, they have 5 minutes to rejoin before they are removed from the party.
[00:18:35] [Client thread/INFO]: [CHAT] -----------------------------------------------------
[00:18:35] [Client thread/INFO]: [CHAT] Friend > JPGomdol left.
[00:18:37] [Client thread/INFO]: [CHAT] Guild > FadiU joined.
[00:18:42] [Client thread/INFO]: [CHAT] Mining Speed Boost is now available!
[00:18:47] [Client thread/INFO]: [CHAT] [74] ? §a[VIP] Trunks4167§f: but i mean, what can ya do :/
[00:18:51] [Client thread/INFO]: [CHAT] You summoned your Mooshroom Cow!
[00:18:55] [Client thread/INFO]: [CHAT] Warping...
[00:18:56] [Client thread/INFO]: [CHAT] Sending to server mini100C...
[00:18:56] [Netty Client IO #3/INFO]: [gg.skytils.skytilsmod.listeners.ServerPayloadInterceptor:onReceivePacket:58]: Received Hypixel packet hyevent:location
[00:18:56] [Client thread/INFO]: [gg.skytils.skytilsmod.utils.SBInfo$onHypixelPacket$1:invoke:94]: ClientboundLocationEventPacket{serverName='mini100C', serverType='SKYBLOCK', lobbyName='null', mode='garden', map='Garden'} VersionedPacket{version=1}
[00:18:57] [Client thread/INFO]: [CHAT]        
[00:18:58] [Client thread/INFO]: [CHAT] §6§lGROSS! §7A §6Pest §7has appeared in §aPlot §7- §bR1§7!
[00:18:58] [Client thread/INFO]: [CHAT]   §e§lCLICK HERE §eto teleport to the plot!
[00:18:59] [Client thread/INFO]: [CHAT] §aYou are playing on profile: §eRaspberry§b (Co-op)
[00:18:59] [Client thread/INFO]: [CHAT] Profile ID: 1c82351a-b767-494b-af85-f39ec5d6df89
[00:19:00] [Client thread/INFO]: [CHAT] Teleported you to The Barn!
[00:19:01] [Client thread/INFO]: [CHAT] §e[NPC] §aJacob§f: §fHowdy! Fine barn ye got there eh? Good lad, you think ye could get me some wheat, eh?
[00:19:03] [Client thread/INFO]: [CHAT] §e[NPC] §9Dalbrek§f: §fI saw some weird guy in a mask go into a tiny hole inside the Dwarven Mines, maybe he's part of the Cult of the Fallen Star?
[00:19:04] [Client thread/INFO]: [CHAT] §e[NPC] §aEmissary Carlton§f: §fThe King has sent me to go shopping for I am his favorite emissary!
[00:19:05] [Client thread/INFO]: [CHAT] §e[NPC] §aJotraeline Greatforge§f: §fI heard you have a composter in your barn, it happens to run on the same fuel drills run on! Could I check it out?
[00:19:06] [Client thread/INFO]: [CHAT] §e[NPC] §aOdawa§f: §fI'm supposed to collect some food for the village, the Kalhuiki people have been through a tough time recently.
[00:19:11] [Client thread/INFO]: [CHAT] [Bazaar] Executing instant buy...
[00:19:11] [Client thread/INFO]: [CHAT] [Bazaar] Bought 21x Enchanted Hay Bale for 166,089 coins!
[00:19:15] [Client thread/INFO]: [CHAT] [Bazaar] Executing instant buy...§7 (2)
[00:19:16] [Client thread/INFO]: [CHAT] [Bazaar] Bought 8x Enchanted Baked Potato for 708,322 coins!
[00:19:21] [Client thread/INFO]: [CHAT] [Bazaar] Executing instant buy...§7 (3)
[00:19:21] [Client thread/INFO]: [CHAT] [Bazaar] Bought 4x Enchanted Cookie for 381,983 coins!
[00:19:24] [Client thread/INFO]: [CHAT] [Bazaar] Executing instant buy...§7 (4)
[00:19:25] [Client thread/INFO]: [CHAT] [Bazaar] Bought 1x Compost for 16,168 coins!
[00:19:25] [Client thread/INFO]: [CHAT] [Bazaar] Executing instant buy...§7 (5)
[00:19:25] [Client thread/INFO]: [CHAT] [Bazaar] Bought 1x Compost for 16,168 coins!§7 (2)
[00:19:28] [Client thread/INFO]: [CHAT] [Bazaar] Executing instant buy...§7 (6)
[00:19:28] [Client thread/INFO]: [CHAT] [Bazaar] Bought 1x Enchanted Sugar Cane for 105,512 coins!
[00:19:28] [Client thread/INFO]: [CHAT] [Bazaar] Executing instant buy...§7 (7)
[00:19:28] [Client thread/INFO]: [CHAT] [Bazaar] Bought 1x Enchanted Sugar Cane for 105,512 coins!§7 (2)
[00:19:56] [Client thread/INFO]: [CHAT] Mining Speed Boost is now available!
[00:20:12] [Client thread/INFO]: [CHAT] Guild > FadiU left.
[00:20:21] [Client thread/INFO]: [CHAT] Guild > FadiU joined.
[00:20:22] [Client thread/INFO]: [CHAT] Guild > FadiU left.§7 (2)
[00:20:23] [Client thread/INFO]: [CHAT] Guild > FadiU joined.§7 (2)
[00:20:26] [Client thread/INFO]: [CHAT] Guild > FadiU left.§7 (3)
[00:20:30] [Client thread/INFO]: [CHAT] Guild > IMainHydras left.
[00:20:37] [Client thread/INFO]: [CHAT] Guild > FadiU joined.§7 (3)
[00:20:59] [Client thread/INFO]: [CHAT] §2Guild > §a[VIP] WhoTookIchiko §3[BABY]§f: [217] ? [VIP] WhoTookIchiko is holding [Jake's Plushie]
[00:21:06] [Client thread/INFO]: [CHAT] §2Guild > §b[MVP§5+§b] SoutifDeLuxe §3[MOD]§f: pro
[00:21:06] [Client thread/INFO]: [CHAT] §2Guild > §b[MVP§9+§b] RachieCutie §3[MOD]§f: very early
[00:21:08] [Client thread/INFO]: [CHAT] Guild > Wakain left.
[00:21:08] [Client thread/INFO]: [CHAT] §2Guild > §b[MVP§f+§b] FadiU §3[BABY]§f: whats that
[00:21:25] [Client thread/INFO]: [CHAT] Guild > IMainHydras joined.
[00:22:01] [Client thread/INFO]: [CHAT] Guild > Wakain joined.
[00:22:12] [Client thread/INFO]: [CHAT] §2Guild > §a[VIP] WhoTookIchiko §3[BABY]§f: accessory bag upgrades are now 12m for me
[00:22:13] [Client thread/INFO]: [CHAT] §2Guild > §a[VIP] WhoTookIchiko §3[BABY]§f: why liv
[00:22:14] [Client thread/INFO]: [CHAT] §2Guild > §a[VIP] WhoTookIchiko §3[BABY]§f: e\
[00:22:18] [Client thread/INFO]: [CHAT] §2Guild > §b[MVP§f+§b] Flizyy §3[BABY]§f: 20m ....
[00:22:26] [Client thread/INFO]: [CHAT] §2Guild > §b[MVP§3+§b] Gnasez §3[MOD]§f: soutif how much is yorus?
[00:22:29] [Client thread/INFO]: [CHAT] §2Guild > §b[MVP§f+§b] Flizyy §3[BABY]§f: 20 is max
[00:22:48] [Client thread/INFO]: [SkyblockAddons/ContainerPreviewManager] Refreshed cache for container BackpackStorage2.
[00:22:48] [SkyblockAddons - #26/INFO]: [SkyblockAddons/PersistentValuesManager] Saving persistent values
[00:22:48] [SkyblockAddons - #26/INFO]: [SkyblockAddons/PersistentValuesManager] Persistent Values Saved
[00:22:52] [Client thread/INFO]: [CHAT] §2Guild > §b[MVP§9+§b] RachieCutie §3[MOD]§f: surley soutif is maxed
[00:22:53] [Client thread/INFO]: [SkyblockAddons/ContainerPreviewManager] Refreshed cache for container BackpackStorage3.
[00:22:53] [SkyblockAddons - #26/INFO]: [SkyblockAddons/PersistentValuesManager] Saving persistent values
[00:22:53] [SkyblockAddons - #26/INFO]: [SkyblockAddons/PersistentValuesManager] Persistent Values Saved
[00:22:55] [Client thread/INFO]: [CHAT] §2Guild > §b[MVP§3+§b] Gnasez §3[MOD]§f: he is lol
[00:22:56] [Client thread/INFO]: [CHAT] You summoned your Rabbit!
[00:22:57] [Client thread/INFO]: [CHAT] OFFER ACCEPTED with Odawa (UNCOMMON)
[00:22:57] [Client thread/INFO]: [CHAT] 
[00:22:57] [Client thread/INFO]: [CHAT]   REWARDS
[00:22:57] [Client thread/INFO]: [CHAT]     +15 Garden Experience
[00:22:57] [Client thread/INFO]: [CHAT]     +5.3k Farming XP
[00:22:57] [Client thread/INFO]: [CHAT]     +19 Copper
[00:22:57] [Client thread/INFO]: [CHAT]     +10 Bits
[00:22:57] [Client thread/INFO]: [CHAT]     §7§5Jungle Key
[00:22:57] [Client thread/INFO]: [CHAT]     §7§aFine Flour
[00:22:57] [Client thread/INFO]: [CHAT] 
[00:22:57] [Client thread/INFO]: [CHAT] §e[NPC] §aOdawa§f: §fPerfect! I'll share the good news with my village!
[00:22:59] [Client thread/INFO]: [CHAT] OFFER ACCEPTED with Jotraeline Greatforge (UNCOMMON)
[00:22:59] [Client thread/INFO]: [CHAT] 
[00:22:59] [Client thread/INFO]: [CHAT]   REWARDS§7 (2)
[00:22:59] [Client thread/INFO]: [CHAT]     +15 Garden Experience§7 (2)
[00:22:59] [Client thread/INFO]: [CHAT]     +15k Farming XP
[00:22:59] [Client thread/INFO]: [CHAT]     +33 Copper
[00:22:59] [Client thread/INFO]: [CHAT]     +10 Bits§7 (2)
[00:22:59] [Client thread/INFO]: [CHAT]     §7§9Biofuel
[00:22:59] [Client thread/INFO]: [CHAT]     §7§aFine Flour§7 (2)
[00:22:59] [Client thread/INFO]: [CHAT] 
[00:22:59] [Client thread/INFO]: [CHAT] §e[NPC] §aJotraeline Greatforge§f: §fQuite fascinating technology you have there, I'm sure with this machinery we could create even better appliances in the future!
[00:22:59] [Client thread/INFO]: [CHAT] §2Guild > §b[MVP§3+§b] Gnasez §3[MOD]§f: that was the joke
[00:23:01] [Client thread/INFO]: [CHAT] OFFER ACCEPTED with Emissary Carlton (UNCOMMON)
[00:23:01] [Client thread/INFO]: [CHAT] 
[00:23:01] [Client thread/INFO]: [CHAT]   REWARDS§7 (3)
[00:23:01] [Client thread/INFO]: [CHAT]     +15 Garden Experience§7 (3)
[00:23:01] [Client thread/INFO]: [CHAT]     +15k Farming XP§7 (2)
[00:23:01] [Client thread/INFO]: [CHAT]     +28 Copper
[00:23:01] [Client thread/INFO]: [CHAT]     +10 Bits§7 (3)
[00:23:01] [Client thread/INFO]: [CHAT]     §7§8+§21,031 Mithril Powder
[00:23:01] [Client thread/INFO]: [CHAT]     §7§aFine Flour§7 (3)
[00:23:01] [Client thread/INFO]: [CHAT] 
[00:23:01] [Client thread/INFO]: [CHAT] §e[NPC] §aEmissary Carlton§f: §fThis will make me gain even more favor with the King!
[00:23:02] [Client thread/INFO]: [CHAT] §2Guild > §b[MVP§9+§b] RachieCutie §3[MOD]§f: aha
[00:23:02] [Client thread/INFO]: [CHAT] OFFER ACCEPTED with Dalbrek (RARE)
[00:23:02] [Client thread/INFO]: [CHAT] 
[00:23:02] [Client thread/INFO]: [CHAT]   REWARDS§7 (4)
[00:23:02] [Client thread/INFO]: [CHAT]     +30 Garden Experience
[00:23:02] [Client thread/INFO]: [CHAT]     +50k Farming XP
[00:23:02] [Client thread/INFO]: [CHAT]     +101 Copper
[00:23:02] [Client thread/INFO]: [CHAT]     +10 Bits§7 (4)
[00:23:02] [Client thread/INFO]: [CHAT]     §7§aFine Flour §8x3
[00:23:02] [Client thread/INFO]: [CHAT] 
[00:23:02] [Client thread/INFO]: [CHAT] §e[NPC] §9Dalbrek§f: §fThese guys... are scaring me. I'm not quite sure what they are planning in there, but I'd also rather not want to know.
[00:23:03] [Client thread/INFO]: [CHAT] OFFER ACCEPTED with Jacob (UNCOMMON)
[00:23:03] [Client thread/INFO]: [CHAT] 
[00:23:03] [Client thread/INFO]: [CHAT]   REWARDS§7 (5)
[00:23:03] [Client thread/INFO]: [CHAT]     +15 Garden Experience§7 (4)
[00:23:03] [Client thread/INFO]: [CHAT]     +5.5k Farming XP
[00:23:03] [Client thread/INFO]: [CHAT]     +20 Copper
[00:23:03] [Client thread/INFO]: [CHAT]     +10 Bits§7 (5)
[00:23:03] [Client thread/INFO]: [CHAT]     §7§aJacob's Ticket
[00:23:03] [Client thread/INFO]: [CHAT]     §7§aFine Flour§7 (4)
[00:23:03] [Client thread/INFO]: [CHAT] 
[00:23:03] [Client thread/INFO]: [CHAT] §e[NPC] §aJacob§f: §fThanks a lot matey. That'll help ye prepare my next farming contest eh?
[00:23:04] [Client thread/INFO]: [CHAT] §2Guild > §b[MVP§9+§b] RachieCutie §3[MOD]§f: -2b
[00:23:18] [Client thread/INFO]: [CHAT] Guild > FarmingHypeARK joined.
[00:23:35] [Client thread/INFO]: [CHAT] -----------------------------------------------------
[00:23:35] [Client thread/INFO]: [CHAT] JPGomdol was removed from your party because they disconnected.
[00:23:35] [Client thread/INFO]: [CHAT] -----------------------------------------------------
[00:23:35] [Client thread/INFO]: [CHAT] -----------------------------------------------------
[00:23:35] [Client thread/INFO]: [CHAT] The party was disbanded because all invites expired and the party was empty.
[00:23:35] [Client thread/INFO]: [CHAT] -----------------------------------------------------
[00:23:38] [Client thread/INFO]: [CHAT] §2Guild > §b[MVP§f+§b] Flizyy §3[BABY]§f: max is 198 slots
[00:23:59] [Client thread/INFO]: [CHAT] You earned 4 GEXP + 186 Event EXP from playing SkyBlock!
[00:24:27] [Client thread/INFO]: [CHAT] §2Guild > §a[VIP] WhoTookIchiko §3[BABY]§f: lets do diamna
[00:24:29] [Client thread/INFO]: [CHAT] §6[Auction] §aGreeningSiren §ebought §fEgglocator §efor §6199,000 coins §lCLICK
[00:24:30] [Client thread/INFO]: [CHAT] §2Guild > §a[VIP] WhoTookIchiko §3[BABY]§f: wc
[00:24:50] [Client thread/INFO]: [CHAT] You summoned your Mooshroom Cow!
[00:25:02] [Client thread/INFO]: [CHAT] §2Guild > §a[VIP] WhoTookIchiko §3[BABY]§f: [NPC] Beth: Maybe I was wrong to trust you...
[00:25:04] [Client thread/INFO]: [CHAT] §2Guild > §a[VIP] WhoTookIchiko §3[BABY]§f: NOOOOOOOOOOOOOOO
[00:25:14] [Client thread/INFO]: [CHAT] §2Guild > §b[MVP§9+§b] RachieCutie §3[MOD]§f: does beth never visit after quest
[00:25:14] [Client thread/INFO]: [CHAT] §2Guild > §b[MVP§a+§b] Ikea_Fish §3[EGG]§f: bro got betrayed
[00:25:22] [Client thread/INFO]: [CHAT] §2Guild > §b[MVP§9+§b] RachieCutie §3[MOD]§f: i havent seen her in years
[00:25:42] [Client thread/INFO]: [CHAT] §2Guild > §b[MVP§a+§b] Ikea_Fish §3[EGG]§f: that doesnt sound like you're talking about an npc...
[00:25:47] [Client thread/INFO]: [SkyblockAddons/ContainerPreviewManager] Refreshed cache for container BackpackStorage3.
[00:25:47] [SkyblockAddons - #27/INFO]: [SkyblockAddons/PersistentValuesManager] Saving persistent values
[00:25:47] [SkyblockAddons - #27/INFO]: [SkyblockAddons/PersistentValuesManager] Persistent Values Saved
[00:25:49] [Client thread/INFO]: [CHAT] Teleported you to Plot - R1!
[00:25:50] [Client thread/INFO]: [CHAT] §2Guild > §b[MVP§9+§b] RachieCutie §3[MOD]§f: funny
[00:25:53] [Client thread/INFO]: [CHAT] Guild > donavin855 left.
[00:25:58] [Client thread/INFO]: [CHAT] §eYou received §a13x Enchanted Nether Wart §efor killing a §6Beetle§e!
[00:25:58] [Client thread/INFO]: [CHAT] §6§lRARE DROP! §9Pesterminator I Book §6(§6+1,205?)
[00:26:00] [Client thread/INFO]: [CHAT] §2Guild > §b[MVP§f+§b] FadiU §3[BABY]§f: the new dye that just dropped
[00:26:02] [Client thread/INFO]: [CHAT] Teleported you to Plot - L3!
[00:26:02] [Client thread/INFO]: [CHAT] §2Guild > §b[MVP§f+§b] FadiU §3[BABY]§f: wc
[00:26:08] [Client thread/INFO]: [CHAT] §eYou received §a13x Enchanted Carrot §efor killing a §6Cricket§e!
[00:26:13] [Client thread/INFO]: [CHAT] [Bazaar] Executing instant sell...
[00:26:13] [Client thread/INFO]: [CHAT] [Bazaar] Sold 1x Pesterminator I for 961,155 coins!
[00:26:38] [Client thread/INFO]: [CHAT] §2Guild > §b[MVP§9+§b] RachieCutie §3[MOD]§f: CRAZY RARE DROP! (Grizzly Salmon) (+280% ? Magic Find)
[00:26:40] [Client thread/INFO]: [CHAT] §2Guild > §b[MVP§9+§b] RachieCutie §3[MOD]§f: mmmm yesss
[00:27:06] [Client thread/INFO]: [CHAT] §2Guild > §a[VIP§6+§a] fadedmythfm §3[HYDRA]§f: is fs still bugged after all this time
[00:27:12] [Client thread/INFO]: [CHAT] §2Guild > §b[MVP§5+§b] SoutifDeLuxe §3[MOD]§f: it got patched
[00:27:17] [Client thread/INFO]: [CHAT] §2Guild > §a[VIP§6+§a] fadedmythfm §3[HYDRA]§f: im getting 7s between catches
[00:27:19] [Client thread/INFO]: [CHAT] §2Guild > §a[VIP§6+§a] fadedmythfm §3[HYDRA]§f: at 280
[00:27:41] [Client thread/INFO]: [CHAT] §2Guild > §b[MVP§3+§b] Gnasez §3[MOD]§f: Wow, you caught a Knockback Slimeball! So this is where it's been all this time?
[00:27:42] [Client thread/INFO]: [CHAT] §2Guild > §b[MVP§5+§b] SoutifDeLuxe §3[MOD]§f: when u swap items is there a pet rule that prokes
[00:27:47] [Client thread/INFO]: [CHAT] §2Guild > §a[VIP§6+§a] fadedmythfm §3[HYDRA]§f: no
[00:27:51] [Client thread/INFO]: [CHAT] §2Guild > §b[MVP§9+§b] RachieCutie §3[MOD]§f: lol
[00:27:57] [Client thread/INFO]: [CHAT] Andrew has arrived on your Garden!
[00:27:59] [Client thread/INFO]: [CHAT] §2Guild > §b[MVP§5+§b] SoutifDeLuxe §3[MOD]§f: a petrule will update ur fishing speed and void that issue
[00:28:06] [Client thread/INFO]: [CHAT] Guild > FlippyKid2K joined.
[00:28:10] [Client thread/INFO]: [CHAT] §2Guild > §b[MVP§5+§b] SoutifDeLuxe §3[MOD]§f: thats how i fix it
[00:28:17] [Client thread/INFO]: [CHAT] §2Guild > §a[VIP§6+§a] fadedmythfm §3[HYDRA]§f: meh ill just farm
[00:28:21] [Client thread/INFO]: [CHAT] §2Guild > §b[MVP§5+§b] SoutifDeLuxe §3[MOD]§f: or that
[00:28:22] [Client thread/INFO]: [CHAT] §2Guild > §b[MVP§8+§b] TheDividedOne §3[BABY]§f: ew
[00:28:23] [Client thread/INFO]: [SkyblockAddons/ContainerPreviewManager] Refreshed cache for container BackpackStorage10.
[00:28:23] [SkyblockAddons - #28/INFO]: [SkyblockAddons/PersistentValuesManager] Saving persistent values
[00:28:23] [SkyblockAddons - #28/INFO]: [SkyblockAddons/PersistentValuesManager] Persistent Values Saved
[00:28:26] [Client thread/INFO]: [CHAT] [Bazaar] Executing instant sell...
[00:28:26] [Client thread/INFO]: [CHAT] [Bazaar] Sold 1x Recombobulator 3000 for 8,381,630 coins!
[00:28:27] [Client thread/INFO]: [CHAT] §2Guild > §a[VIP] WhoTookIchiko §3[BABY]§f: imagine farming
[00:28:40] [Client thread/INFO]: [CHAT] §e[NPC] §aAndrew§f: Did you know that SkyBlock has been running for §b4335 §fin-game months already? Time flies.
[00:28:44] [Client thread/INFO]: [CHAT] [Bazaar] Executing instant buy...
[00:28:44] [Client thread/INFO]: [CHAT] [Bazaar] Bought 1x Enchanted Baked Potato for 88,540 coins!
[00:28:45] [Client thread/INFO]: [CHAT] [Bazaar] Executing instant buy...§7 (2)
[00:28:45] [Client thread/INFO]: [CHAT] [Bazaar] Bought 1x Enchanted Baked Potato for 88,540 coins!§7 (2)
[00:28:46] [Client thread/INFO]: [CHAT] [Bazaar] Executing instant buy...§7 (3)
[00:28:46] [Client thread/INFO]: [CHAT] [Bazaar] Bought 1x Enchanted Baked Potato for 88,540 coins!§7 (3)
[00:28:48] [Client thread/INFO]: [CHAT] You summoned your Rabbit!
[00:28:50] [Client thread/INFO]: [CHAT] OFFER ACCEPTED with Andrew (UNCOMMON)
[00:28:50] [Client thread/INFO]: [CHAT] 
[00:28:50] [Client thread/INFO]: [CHAT]   REWARDS
[00:28:50] [Client thread/INFO]: [CHAT]     +15 Garden Experience
[00:28:50] [Client thread/INFO]: [CHAT]     +15k Farming XP
[00:28:50] [Client thread/INFO]: [CHAT]     +19 Copper
[00:28:50] [Client thread/INFO]: [CHAT]     +10 Bits
[00:28:50] [Client thread/INFO]: [CHAT]     §7§aFine Flour
[00:28:50] [Client thread/INFO]: [CHAT] 
[00:28:50] [Client thread/INFO]: [CHAT] §e[NPC] §aAndrew§f: §fSee you around!
[00:28:51] [Client thread/INFO]: [CHAT] §2Guild > §b[MVP§8+§b] TheDividedOne §3[BABY]§f: farming was alr bad
[00:28:57] [Client thread/INFO]: [CHAT] §2Guild > §b[MVP§8+§b] TheDividedOne §3[BABY]§f: they made it horrible when they disabled tp pads
[00:29:00] [Client thread/INFO]: [CHAT] You earned 18 GEXP + 688 Event EXP from playing SkyBlock!
[00:29:13] [Client thread/INFO]: [CHAT] §2Guild > §b[MVP§9+§b] RachieCutie §3[MOD]§f: just make a farm with a spawn and /warp garden
[00:29:21] [Client thread/INFO]: [CHAT] §2Guild > §b[MVP§8+§b] TheDividedOne §3[BABY]§f: meh
[00:29:38] [Client thread/INFO]: [CHAT] §2Guild > §b[MVP§9+§b] RachieCutie §3[MOD]§f: im pretty sure u didnt enojy 15m recombs
[00:29:45] [Client thread/INFO]: [CHAT] §2Guild > §b[MVP§a+§b] Ikea_Fish §3[EGG]§f: I have 150m in my purse for spoon
[00:29:52] [Client thread/INFO]: [CHAT] §2Guild > §b[MVP§9+§b] RachieCutie §3[MOD]§f: that is not enough
[00:29:56] [Client thread/INFO]: [CHAT] §2Guild > §b[MVP§8+§b] TheDividedOne §3[BABY]§f: it might be
[00:29:58] [Client thread/INFO]: [CHAT] §2Guild > §b[MVP§a+§b] Ikea_Fish §3[EGG]§f: ik im grinding
[00:30:08] [Client thread/INFO]: [CHAT] §2Guild > §b[MVP§a+§b] Ikea_Fish §3[EGG]§f: by the end of today I'll have 225m
[00:30:20] [Client thread/INFO]: [CHAT] §2Guild > §a[VIP§6+§a] fadedmythfm §3[HYDRA]§f: by doing what lmao
[00:30:21] [Client thread/INFO]: [CHAT] §2Guild > §b[MVP§a+§b] Ikea_Fish §3[EGG]§f: and by tomorrow Ill have 300m, which might be enough depending on my luck
[00:30:24] [Client thread/INFO]: [CHAT] §2Guild > §b[MVP§8+§b] TheDividedOne §3[BABY]§f: rachie i doubt that there's going to be someone going for 500m spoon in every da
[00:30:27] [Client thread/INFO]: [CHAT] §2Guild > §a[VIP§6+§a] fadedmythfm §3[HYDRA]§f: 6:30 hours for 75m
[00:30:29] [Client thread/INFO]: [CHAT] §2Guild > §a[VIP§6+§a] fadedmythfm §3[HYDRA]§f: wtf
[00:30:36] [Client thread/INFO]: [CHAT] §2Guild > §b[MVP§5+§b] SoutifDeLuxe §3[MOD]§f: divided u would be surprised
[00:30:36] [Client thread/INFO]: [CHAT] §2Guild > §b[MVP§9+§b] RachieCutie §3[MOD]§f: at least 300m
[00:30:39] [Client thread/INFO]: [CHAT] §2Guild > §b[MVP§9+§b] RachieCutie §3[MOD]§f: and that
[00:30:58] [Client thread/INFO]: [CHAT] §2Guild > §b[MVP§a+§b] Ikea_Fish §3[EGG]§f: I make about 75m a day
[00:31:03] [Client thread/INFO]: [CHAT] §2Guild > §b[MVP§a+§b] Ikea_Fish §3[EGG]§f: that should be enough in given time
[00:31:05] [Client thread/INFO]: [CHAT] §2Guild > §a[VIP§6+§a] fadedmythfm §3[HYDRA]§f: i make that farming
[00:31:07] [Client thread/INFO]: [CHAT] §2Guild > §a[VIP§6+§a] fadedmythfm §3[HYDRA]§f: :sob:
[00:31:17] [Client thread/INFO]: [CHAT] §2Guild > §b[MVP§a+§b] Ikea_Fish §3[EGG]§f: I am farming rn
[00:31:32] [Client thread/INFO]: [CHAT] §2Guild > §b[MVP§a+§b] Ikea_Fish §3[EGG]§f: farming is such a good early game money making method
[00:31:32] [Client thread/INFO]: [CHAT] §2Guild > §b[MVP§c+§b] TastiestPizza §3[MANIAC]§f: BESTIARY Agarimoo 14 ? 15
[00:31:34] [Client thread/INFO]: [SkyblockAddons/ContainerPreviewManager] Refreshed cache for container BackpackStorage9.
[00:31:34] [SkyblockAddons - #29/INFO]: [SkyblockAddons/PersistentValuesManager] Saving persistent values
[00:31:34] [SkyblockAddons - #29/INFO]: [SkyblockAddons/PersistentValuesManager] Persistent Values Saved
[00:31:35] [Client thread/INFO]: [CHAT] §2Guild > §b[MVP§c+§b] TastiestPizza §3[MANIAC]§f: late ik
[00:31:36] [Client thread/INFO]: [CHAT] §2Guild > §a[VIP] WhoTookIchiko §3[BABY]§f: GG
[00:31:36] [Client thread/INFO]: [CHAT] §2Guild > §a[VIP] FlippyKid2K §3[EGG]§f: gg
[00:31:37] [Client thread/INFO]: [SkyblockAddons/ContainerPreviewManager] Refreshed cache for container EnderChest3.
[00:31:37] [SkyblockAddons - #29/INFO]: [SkyblockAddons/PersistentValuesManager] Saving persistent values
[00:31:37] [SkyblockAddons - #29/INFO]: [SkyblockAddons/PersistentValuesManager] Persistent Values Saved
[00:31:39] [Client thread/INFO]: [CHAT] §2Guild > §b[MVP§5+§b] SoutifDeLuxe §3[MOD]§f: gg
[00:31:44] [Client thread/INFO]: [CHAT] §2Guild > §b[MVP§a+§b] Ikea_Fish §3[EGG]§f: farming is really good for its afkability and accessability
[00:31:44] [Client thread/INFO]: [CHAT] §2Guild > §b[MVP§3+§b] Gnasez §3[MOD]§f: pro
[00:31:44] [Client thread/INFO]: [SkyblockAddons/ContainerPreviewManager] Refreshed cache for container EnderChest2.
[00:31:44] [SkyblockAddons - #29/INFO]: [SkyblockAddons/PersistentValuesManager] Saving persistent values
[00:31:44] [SkyblockAddons - #29/INFO]: [SkyblockAddons/PersistentValuesManager] Persistent Values Saved
[00:31:48] [Client thread/INFO]: [CHAT] Guild > IMainHydras left.
[00:31:50] [Client thread/INFO]: [SkyblockAddons/ContainerPreviewManager] Refreshed cache for container BackpackStorage9.
[00:31:50] [SkyblockAddons - #29/INFO]: [SkyblockAddons/PersistentValuesManager] Saving persistent values
[00:31:50] [SkyblockAddons - #29/INFO]: [SkyblockAddons/PersistentValuesManager] Persistent Values Saved
[00:32:00] [Client thread/INFO]: [CHAT] §2Guild > §b[MVP§9+§b] RachieCutie §3[MOD]§f: gnas you should get sven 9 :3
[00:32:14] [Client thread/INFO]: [CHAT] §2Guild > §b[MVP§3+§b] Gnasez §3[MOD]§f: no
[00:32:15] [Client thread/INFO]: [CHAT] Guild > Killerbee120 left.
[00:32:23] [Client thread/INFO]: [CHAT] §2Guild > §b[MVP§8+§b] TheDividedOne §3[BABY]§f: it'd be funny though
[00:32:28] [Client thread/INFO]: [SkyblockAddons/ContainerPreviewManager] Refreshed cache for container EnderChest2.
[00:32:28] [SkyblockAddons - #29/INFO]: [SkyblockAddons/PersistentValuesManager] Saving persistent values
[00:32:28] [SkyblockAddons - #29/INFO]: [SkyblockAddons/PersistentValuesManager] Persistent Values Saved
[00:32:32] [Client thread/INFO]: [CHAT] §2Guild > §b[MVP§8+§b] TheDividedOne §3[BABY]§f: do it fr
[00:32:38] [Client thread/INFO]: [CHAT] §2Guild > §b[MVP§c+§b] julithelol §3[EGG]§f: should i get divans before i grind for gauntlet?
[00:32:58] [Client thread/INFO]: [CHAT] §2Guild > §b[MVP§a+§b] Ikea_Fish §3[EGG]§f: powder grind first
[00:33:01] [Client thread/INFO]: [CHAT] §2Guild > §7Adidani §3[BABY]§f: No, gauntlet is cheaper and more important imo
[00:33:06] [Client thread/INFO]: [CHAT] Guild > IMainHydras joined.
[00:33:17] [Client thread/INFO]: [CHAT] §2Guild > §6[MVP§d++§6] IMainHydras §3[HYDRA]§f: [SkyHanni] Ravenous Rhino is visiting your garden!
[00:33:21] [Client thread/INFO]: [CHAT] §2Guild > §a[VIP§6+§a] fadedmythfm §3[HYDRA]§f: GG
[00:33:22] [Client thread/INFO]: [CHAT] §2Guild > §b[MVP§9+§b] RachieCutie §3[MOD]§f: niice
[00:33:25] [Client thread/INFO]: [CHAT] §2Guild > §b[MVP§3+§b] 1zez §3[MOD]§f: gg
[00:33:26] [Client thread/INFO]: [CHAT] §2Guild > §6[MVP§d++§6] IMainHydras §3[HYDRA]§f: is that good?
[00:33:30] [Client thread/INFO]: [CHAT] §2Guild > §b[MVP§9+§b] RachieCutie §3[MOD]§f: ded 4
[00:33:31] [Client thread/INFO]: [CHAT] §2Guild > §a[VIP§6+§a] fadedmythfm §3[HYDRA]§f: yes
[00:33:32] [Client thread/INFO]: [CHAT] §2Guild > §b[MVP§a+§b] Ikea_Fish §3[EGG]§f: ded 4 book
[00:33:35] [Client thread/INFO]: [CHAT] §2Guild > §b[MVP§5+§b] SoutifDeLuxe §3[MOD]§f: free money
[00:33:40] [Client thread/INFO]: [CHAT] §2Guild > §b[MVP§a+§b] Ikea_Fish §3[EGG]§f: I would use it
[00:33:48] [Client thread/INFO]: [CHAT] Guild > Adidani left.
[00:33:50] [Client thread/INFO]: [CHAT] §2Guild > §b[MVP§f+§b] Flizyy §3[BABY]§f: RARE DROP! Enchanted Book
[00:33:51] [Client thread/INFO]: [SkyblockAddons/ContainerPreviewManager] Refreshed cache for container BackpackStorage9.
[00:33:51] [SkyblockAddons - #30/INFO]: [SkyblockAddons/PersistentValuesManager] Saving persistent values
[00:33:51] [SkyblockAddons - #30/INFO]: [SkyblockAddons/PersistentValuesManager] Persistent Values Saved
[00:33:59] [Client thread/INFO]: [CHAT] §2Guild > §b[MVP§8+§b] TheDividedOne §3[BABY]§f: a friend got rhino on stranded ;-;
[00:34:00] [Client thread/INFO]: [CHAT] You earned 7 GEXP + 343 Event EXP from playing SkyBlock!
[00:34:09] [Client thread/INFO]: [CHAT] §2Guild > §6[MVP§d++§6] IMainHydras §3[HYDRA]§f: Dedication IV Book
[00:34:11] [Client thread/INFO]: [CHAT] §2Guild > §b[MVP§9+§b] RachieCutie §3[MOD]§f: they can get rhino all the time
[00:34:14] [Client thread/INFO]: [CHAT] §2Guild > §a[VIP] WhoTookIchiko §3[BABY]§f: flizyy u got space for 2?
[00:34:16] [Client thread/INFO]: [CHAT] §2Guild > §b[MVP§5+§b] SoutifDeLuxe §3[MOD]§f: strandeds can get rhino even when its not finne
[00:34:21] [Client thread/INFO]: [CHAT] §2Guild > §b[MVP§8+§b] TheDividedOne §3[BABY]§f: why?
[00:34:24] [Client thread/INFO]: [CHAT] §2Guild > §b[MVP§f+§b] Flizyy §3[BABY]§f: nope
[00:34:26] [Client thread/INFO]: [CHAT] §2Guild > §b[MVP§9+§b] RachieCutie §3[MOD]§f: idk thats how it is
[00:34:28] [Client thread/INFO]: [CHAT] §2Guild > §b[MVP§5+§b] SoutifDeLuxe §3[MOD]§f: they got all visitors unlocked
[00:34:32] [Client thread/INFO]: [CHAT] §2Guild > §b[MVP§8+§b] TheDividedOne §3[BABY]§f: wild
[00:34:39] [Client thread/INFO]: [CHAT] §2Guild > §b[MVP§9+§b] RachieCutie §3[MOD]§f: they cant talk to them so its fair
[00:34:40] [Client thread/INFO]: [CHAT] §2Guild > §b[MVP§f+§b] Flizyy §3[BABY]§f: if some1 will leave ill lyk
[00:34:44] [Client thread/INFO]: [CHAT] §2Guild > §a[VIP] WhoTookIchiko §3[BABY]§f: k
[00:35:36] [Client thread/INFO]: [CHAT] §2Guild > §b[MVP§a+§b] Ikea_Fish §3[EGG]§f: what is ravenous rhino chanc
[00:35:44] [Client thread/INFO]: [CHAT] §2Guild > §b[MVP§9+§b] RachieCutie §3[MOD]§f: wikiiiii
[00:36:10] [Client thread/INFO]: [CHAT] §2Guild > §b[MVP§a+§b] Ikea_Fish §3[EGG]§f: can somebody just tell me
[00:36:19] [Client thread/INFO]: [CHAT] §2Guild > §a[VIP§6+§a] fadedmythfm §3[HYDRA]§f: wiki
[00:36:57] [Client thread/INFO]: [CHAT] Emissary Sisko has arrived on your Garden!
[00:37:02] [Client thread/INFO]: [CHAT] §e[NPC] §9Emissary Sisko§f: §fI've heard I can find the best mushrooms here, and as the King's favorite emissary I will bring them to him!
[00:37:09] [Client thread/INFO]: [CHAT] [Bazaar] Executing instant buy...
[00:37:09] [Client thread/INFO]: [CHAT] [Bazaar] Bought 11x Enchanted Red Mushroom Block for 560,744 coins!
[00:37:10] [Client thread/INFO]: [CHAT] OFFER ACCEPTED with Emissary Sisko (RARE)
[00:37:10] [Client thread/INFO]: [CHAT] 
[00:37:10] [Client thread/INFO]: [CHAT]   REWARDS
[00:37:10] [Client thread/INFO]: [CHAT]     +30 Garden Experience
[00:37:10] [Client thread/INFO]: [CHAT]     +20k Farming XP
[00:37:10] [Client thread/INFO]: [CHAT]     +84 Copper
[00:37:10] [Client thread/INFO]: [CHAT]     +10 Bits
[00:37:10] [Client thread/INFO]: [CHAT]     §7§8+§21,345 Mithril Powder
[00:37:10] [Client thread/INFO]: [CHAT]     §7§aFine Flour §8x3
[00:37:10] [Client thread/INFO]: [CHAT] 
[00:37:10] [Client thread/INFO]: [CHAT] §e[NPC] §9Emissary Sisko§f: §fMy standing as the King's favorite emissary is secured as soon as I bring these back home!
[00:37:37] [Client thread/INFO]: [CHAT] §2Guild > §b[MVP§8+§b] TheDividedOne §3[BABY]§f: SKILL LEVEL UP Fishing XXXVII?XXXVIII
[00:37:40] [Client thread/INFO]: [CHAT] §2Guild > §b[MVP§f+§b] Flizyy §3[BABY]§f: gg
[00:37:43] [Client thread/INFO]: [CHAT] §2Guild > §b[MVP§8+§b] TheDividedOne §3[BABY]§f: :D
[00:39:01] [Client thread/INFO]: [CHAT] You earned 14 GEXP + 528 Event EXP from playing SkyBlock!
[00:39:33] [Client thread/INFO]: [CHAT] §2Guild > §b[MVP§5+§b] SoutifDeLuxe §3[MOD]§f: You bought Fish Chocolat à la Vapeur!
[00:39:36] [Client thread/INFO]: [CHAT] §2Guild > §b[MVP§9+§b] RachieCutie §3[MOD]§f: GG
[00:39:38] [Client thread/INFO]: [CHAT] §2Guild > §b[MVP§3+§b] Gnasez §3[MOD]§f: OLALA
[00:39:47] [Client thread/INFO]: [CHAT] §2Guild > §b[MVP§a+§b] Ikea_Fish §3[EGG]§f: what is that
[00:39:49] [Client thread/INFO]: [CHAT] §2Guild > §b[MVP§9+§b] RachieCutie §3[MOD]§f: french reference
[00:39:50] [Client thread/INFO]: [CHAT] §2Guild > §b[MVP§c+§b] TastiestPizza §3[MANIAC]§f: le fish au choloat
[00:39:56] [Client thread/INFO]: [CHAT] §2Guild > §b[MVP§3+§b] Gnasez §3[MOD]§f: xd
[00:40:08] [Client thread/INFO]: [CHAT] §2Guild > §b[MVP§9+§b] RachieCutie §3[MOD]§f: do they go on ah?
[00:40:12] [Client thread/INFO]: [CHAT] §2Guild > §b[MVP§5+§b] SoutifDeLuxe §3[MOD]§f: map mp again gg
[00:40:13] [Client thread/INFO]: [CHAT] §2Guild > §b[MVP§3+§b] Gnasez §3[MOD]§f: what is vapeur
[00:40:13] [Client thread/INFO]: [CHAT] §2Guild > §b[MVP§9+§b] RachieCutie §3[MOD]§f: or are there none
[00:40:22] [Client thread/INFO]: [CHAT] §2Guild > §b[MVP§5+§b] SoutifDeLuxe §3[MOD]§f: vapeur is steam
[00:40:26] [Client thread/INFO]: [CHAT] §2Guild > §b[MVP§9+§b] RachieCutie §3[MOD]§f: xd
[00:40:31] [Client thread/INFO]: [CHAT] §2Guild > §b[MVP§3+§b] Gnasez §3[MOD]§f: chocolate fish on the steam?
[00:40:36] [Client thread/INFO]: [CHAT] §2Guild > §b[MVP§5+§b] SoutifDeLuxe §3[MOD]§f: ye
[00:40:42] [Client thread/INFO]: [CHAT] §2Guild > §b[MVP§3+§b] Gnasez §3[MOD]§f: steamed chocolate fish?
[00:40:56] [Client thread/INFO]: [CHAT] §2Guild > §a[VIP] WhoTookIchiko §3[BABY]§f: average brittish food
[00:41:06] [Client thread/INFO]: [CHAT] §2Guild > §b[MVP§9+§b] RachieCutie §3[MOD]§f: hahah that sounds gross
[00:41:25] [Client thread/INFO]: [CHAT] §2Guild > §b[MVP§c+§b] TastiestPizza §3[MANIAC]§f: HOPPITY'S HUNT You found Storm (LEGENDARY)!
[00:41:29] [Client thread/INFO]: [CHAT] §2Guild > §b[MVP§5+§b] SoutifDeLuxe §3[MOD]§f: gnas they just put random french shit so it looks like in restaurants
[00:41:30] [Client thread/INFO]: [CHAT] §2Guild > §b[MVP§3+§b] 1zez §3[MOD]§f: gg
[00:41:30] [Client thread/INFO]: [CHAT] §2Guild > §b[MVP§3+§b] Gnasez §3[MOD]§f: pro
[00:41:34] [Client thread/INFO]: [CHAT] §2Guild > §b[MVP§3+§b] Gnasez §3[MOD]§f: no
[00:41:42] [Client thread/INFO]: [CHAT] §2Guild > §b[MVP§5+§b] SoutifDeLuxe §3[MOD]§f: doesnt really mean anything
[00:42:11] [Client thread/INFO]: [CHAT] Warping...
[00:42:11] [Client thread/INFO]: [CHAT] Sending to server mini148AF...
[00:42:12] [Netty Client IO #3/INFO]: [gg.skytils.skytilsmod.listeners.ServerPayloadInterceptor:onReceivePacket:58]: Received Hypixel packet hyevent:location
[00:42:13] [Client thread/INFO]: [CHAT]        
[00:42:13] [Client thread/INFO]: [gg.skytils.skytilsmod.utils.SBInfo$onHypixelPacket$1:invoke:94]: ClientboundLocationEventPacket{serverName='mini148AF', serverType='SKYBLOCK', lobbyName='null', mode='mining_3', map='Dwarven Mines'} VersionedPacket{version=1}
[00:42:15] [Client thread/INFO]: [CHAT] §aYou are playing on profile: §eRaspberry§b (Co-op)
[00:42:15] [Client thread/INFO]: [CHAT] Profile ID: 1c82351a-b767-494b-af85-f39ec5d6df89
[00:42:41] [Client thread/INFO]: [CHAT] Guild > TheDonLover left.
[00:43:05] [Client thread/INFO]: [CHAT] §2Guild > §b[MVP§a+§b] Ikea_Fish §3[EGG]§f: rhinos stay even after finnegan ends right
[00:43:10] [Client thread/INFO]: [CHAT] §2Guild > §b[MVP§f+§b] Flizyy §3[BABY]§f: nope
[00:43:13] [Client thread/INFO]: [CHAT] Mining Speed Boost is now available!
[00:43:15] [Thread-110/ERROR]: Error in class 'SourceLWJGL OpenAL'
[00:43:15] [Thread-110/ERROR]: Channel null in method 'stop'
[00:43:18] [Client thread/INFO]: [CHAT] §2Guild > §b[MVP§9+§b] RachieCutie §3[MOD]§f: if he in queue probably
[00:43:40] [Client thread/INFO]: [CHAT] Guild > pipapolalala left.
[00:43:52] [Client thread/INFO]: [CHAT] Guild > pipapolalala joined.
[00:43:54] [Client thread/INFO]: [CHAT] Guild > pipapolalala left.§7 (2)
[00:44:01] [Thread-110/ERROR]: Error in class 'SourceLWJGL OpenAL'
[00:44:01] [Thread-110/ERROR]: Channel null in method 'stop'
[00:44:15] [Client thread/INFO]: [CHAT] RAFFLE CLOSING! in 10 seconds
[00:44:28] [Client thread/INFO]: [CHAT] The sound of pickaxes clashing against the rock has attracted the attention of the POWDER GHAST!
[00:44:28] [Client thread/INFO]: [CHAT] Find the Powder Ghast near the Divan's Gateway!
[00:44:33] [Client thread/INFO]: [CHAT] [51] §b[MVP§c+§b] MrDieALot §7?§f: 25%
[00:44:45] [Client thread/INFO]: [CHAT] ????????????????????????????????????????????????????????????????
[00:44:45] [Client thread/INFO]: [CHAT]                               RAFFLE ENDED!
[00:44:45] [Client thread/INFO]: [CHAT]                              Active Mining Event
[00:44:45] [Client thread/INFO]: [CHAT]                           You didn't participate...
[00:44:45] [Client thread/INFO]: [CHAT] ????????????????????????????????????????????????????????????????
[00:44:46] [Client thread/INFO]: [CHAT] You earned 6 GEXP + 216 Event EXP from playing SkyBlock!
[00:44:47] [Client thread/INFO]: [CHAT] [117] ? §7Ace0fSpades01§7: gg
[00:44:48] [Client thread/INFO]: [CHAT] [Bazaar] Executing instant buy...
[00:44:48] [Client thread/INFO]: [CHAT] [Bazaar] Bought 1x Enchanted Diamond Block for 205,478 coins!
[00:44:49] [Client thread/INFO]: [CHAT] [Bazaar] Executing instant buy...§7 (2)
[00:44:49] [Client thread/INFO]: [CHAT] [Bazaar] Bought 1x Enchanted Diamond Block for 205,478 coins!§7 (2)
[00:44:49] [Client thread/INFO]: [CHAT] ? A Fallen Star has crashed at Rampart's Quarry! Nearby ore and Powder drops are amplified!
[00:44:50] [Client thread/INFO]: [CHAT] [51] §b[MVP§c+§b] MrDieALot §7?§f: gg
[00:45:14] [Client thread/INFO]: [CHAT] [Bazaar] Executing instant buy...§7 (3)
[00:45:14] [Client thread/INFO]: [CHAT] [Bazaar] Bought 160x Enchanted Mithril for 293,840 coins!
[00:45:32] [Client thread/INFO]: [CHAT] [Bazaar] Executing instant buy...§7 (4)
[00:45:32] [Client thread/INFO]: [CHAT] [Bazaar] Bought 1x Enchanted Diamond Block for 205,478 coins!§7 (3)
[00:45:33] [Client thread/INFO]: [CHAT] [Bazaar] Executing instant buy...§7 (5)
[00:45:33] [Client thread/INFO]: [CHAT] [Bazaar] Bought 1x Enchanted Diamond Block for 205,478 coins!§7 (4)
[00:45:33] [Client thread/INFO]: [CHAT] §2Guild > §b[MVP§3+§b] 1zez §3[MOD]§f:   GARDEN MILESTONE Visitor Offers Accepted 21?22
[00:45:41] [Client thread/INFO]: [CHAT] §2Guild > §b[MVP§c+§b] GodOfHades §3[EGG]§f: question guys whats best reforge for farming in garden
[00:45:48] [Client thread/INFO]: [CHAT] §2Guild > §b[MVP§f+§b] Flizyy §3[BABY]§f: on what
[00:45:49] [Client thread/INFO]: [CHAT] §2Guild > §a[VIP§6+§a] fadedmythfm §3[HYDRA]§f: blessed
[00:45:51] [Client thread/INFO]: [CHAT] §2Guild > §b[MVP§8+§b] TheDividedOne §3[BABY]§f: mossy
[00:45:52] [Client thread/INFO]: [CHAT] §2Guild > §a[VIP§6+§a] fadedmythfm §3[HYDRA]§f: bussing
[00:45:54] [Client thread/INFO]: [CHAT] §2Guild > §b[MVP§a+§b] Ikea_Fish §3[EGG]§f: bountiful
[00:46:01] [Client thread/INFO]: [CHAT] §2Guild > §b[MVP§3+§b] 1zez §3[MOD]§f: blessed on hoe mossy on armour rooted on eq
[00:46:21] [Client thread/INFO]: [CHAT] §2Guild > §b[MVP§c+§b] julithelol §3[EGG]§f: bountiful on hoe
[00:46:22] [Client thread/INFO]: [CHAT] §2Guild > §b[MVP§9+§b] MooMoo5261 §3[EGG]§f: u gotta be kidding
[00:46:27] [Client thread/INFO]: [CHAT] §2Guild > §b[MVP§8+§b] TheDividedOne §3[BABY]§f: ?
[00:46:28] [Client thread/INFO]: [CHAT] §2Guild > §b[MVP§9+§b] MooMoo5261 §3[EGG]§f: bountiful is so much better
[00:46:37] [Client thread/INFO]: [CHAT] §2Guild > §b[MVP§a+§b] Ikea_Fish §3[EGG]§f: ^^^^^^
[00:46:41] [Client thread/INFO]: [CHAT] HOPPITY'S HUNT A Chocolate Lunch Egg has appeared!
[00:46:58] [Client thread/INFO]: [CHAT]  ? RBK_OG was killed by Goblin.
[00:47:10] [Client thread/INFO]: [CHAT] §2Guild > §b[MVP§9+§b] MooMoo5261 §3[EGG]§f: its like 12 or 13x as good
[00:47:13] [Client thread/INFO]: [CHAT] §2Guild > §b[MVP§9+§b] MooMoo5261 §3[EGG]§f: cant remember which
[00:47:39] [Client thread/INFO]: [CHAT] Guild > Kayotogon left.
[00:47:40] [Client thread/INFO]: [CHAT] §2Guild > §b[MVP§c+§b] Wakain §3[EGG]§f: what is the best way to get fishing xp
[00:47:43] [Client thread/INFO]: [CHAT] Guild > Adidani joined.
[00:47:48] [Client thread/INFO]: [CHAT] Guild > FarmingHypeARK left.
[00:47:48] [Client thread/INFO]: [CHAT] Guild > TechnoDeluxe joined.
[00:47:49] [Client thread/INFO]: [CHAT] Guild > TechnoDeluxe left.
[00:47:49] [Client thread/INFO]: [CHAT] §2Guild > §b[MVP§9+§b] RachieCutie §3[MOD]§f: Crimson Isle fish
[00:47:51] [Client thread/INFO]: [CHAT] Guild > TechnoDeluxe joined.§7 (2)
[00:48:04] [Client thread/INFO]: [CHAT] §2Guild > §b[MVP§9+§b] RachieCutie §3[MOD]§f: techno im down for sven btw
[00:48:05] [Client thread/INFO]: [CHAT] §2Guild > §a[VIP§6+§a] fadedmythfm §3[HYDRA]§f: [SkyHanni] Madame Eleanor Q. Goldsworth III is visiting your garden!
[00:48:06] [Client thread/INFO]: [CHAT] §2Guild > §b[MVP§c+§b] Wakain §3[EGG]§f: who wants to crimson fish
[00:48:07] [Client thread/INFO]: [CHAT] §2Guild > §b[MVP§c+§b] julithelol §3[EGG]§f: i just realized bal also influences breaking power
[00:48:18] [Client thread/INFO]: [CHAT] §2Guild > §b[MVP§c+§b] julithelol §3[EGG]§f: it is
[00:48:18] [Client thread/INFO]: [CHAT]  ? Hacksolotl was killed by Knifethrower.
[00:48:21] [Client thread/INFO]: [CHAT] §2Guild > §a[VIP] FlippyKid2K §3[EGG]§f: does bal actually do that
[00:48:25] [Client thread/INFO]: [CHAT] §2Guild > §b[MVP§c+§b] julithelol §3[EGG]§f: its so weird
[00:48:26] [Client thread/INFO]: [CHAT] §2Guild > §b[MVP§c+§b] julithelol §3[EGG]§f: yeah
[00:48:32] [Client thread/INFO]: [CHAT] Warping...
[00:48:33] [Client thread/INFO]: [CHAT] Sending to server mini12CP...
[00:48:33] [Netty Client IO #3/INFO]: [gg.skytils.skytilsmod.listeners.ServerPayloadInterceptor:onReceivePacket:58]: Received Hypixel packet hyevent:location
[00:48:33] [Client thread/INFO]: [CHAT]        
[00:48:33] [Client thread/INFO]: [gg.skytils.skytilsmod.utils.SBInfo$onHypixelPacket$1:invoke:94]: ClientboundLocationEventPacket{serverName='mini12CP', serverType='SKYBLOCK', lobbyName='null', mode='crimson_isle', map='Crimson Isle'} VersionedPacket{version=1}
[00:48:36] [Client thread/INFO]: [CHAT] §aYou are playing on profile: §eRaspberry§b (Co-op)
[00:48:36] [Client thread/INFO]: [CHAT] Profile ID: 1c82351a-b767-494b-af85-f39ec5d6df89
[00:48:37] [Client thread/INFO]: [CHAT] Guild > RachieCutie left.
[00:48:39] [Client thread/INFO]: [CHAT] Guild > RachieCutie joined.
[00:48:56] [Client thread/INFO]: [CHAT] You summoned your Mooshroom Cow!
[00:49:08] [Client thread/INFO]: [CHAT] Warping...§7 (2)
[00:49:08] [Client thread/INFO]: [CHAT] Sending to server mini230V...
[00:49:08] [Netty Client IO #3/INFO]: [gg.skytils.skytilsmod.listeners.ServerPayloadInterceptor:onReceivePacket:58]: Received Hypixel packet hyevent:location
[00:49:09] [Client thread/INFO]: [gg.skytils.skytilsmod.utils.SBInfo$onHypixelPacket$1:invoke:94]: ClientboundLocationEventPacket{serverName='mini230V', serverType='SKYBLOCK', lobbyName='null', mode='garden', map='Garden'} VersionedPacket{version=1}
[00:49:09] [Client thread/INFO]: [CHAT]        
[00:49:09] [Client thread/INFO]: [CHAT] Bartender has arrived on your Garden!
[00:49:12] [Client thread/INFO]: [CHAT] §aYou are playing on profile: §eRaspberry§b (Co-op)§7 (2)
[00:49:12] [Client thread/INFO]: [CHAT] Profile ID: 1c82351a-b767-494b-af85-f39ec5d6df89§7 (2)
[00:49:15] [Client thread/INFO]: [CHAT] Teleported you to The Barn!
[00:49:17] [Client thread/INFO]: [CHAT] §e[NPC] §9Bartender§f: §fI want to make some new brews, do you think you can give me some ingredients to work with?
[00:49:24] [Client thread/INFO]: [CHAT] §2Guild > §b[MVP§c+§b] julithelol §3[EGG]§f: i got 8.89
[00:49:29] [Client thread/INFO]: [CHAT] [Bazaar] Executing instant buy...
[00:49:29] [Client thread/INFO]: [CHAT] [Bazaar] Bought 551x Enchanted Sugar for 381,292 coins!
[00:49:33] [Client thread/INFO]: [CHAT] [Bazaar] Executing instant buy...§7 (2)
[00:49:33] [Client thread/INFO]: [CHAT] [Bazaar] Bought 10x Enchanted Melon Block for 510,595 coins!
[00:49:35] [Client thread/INFO]: [CHAT] OFFER ACCEPTED with Bartender (RARE)
[00:49:35] [Client thread/INFO]: [CHAT] 
[00:49:35] [Client thread/INFO]: [CHAT]   REWARDS
[00:49:35] [Client thread/INFO]: [CHAT]     +30 Garden Experience
[00:49:35] [Client thread/INFO]: [CHAT]     +17k Farming XP
[00:49:35] [Client thread/INFO]: [CHAT]     +156 Copper
[00:49:35] [Client thread/INFO]: [CHAT]     +10 Bits
[00:49:35] [Client thread/INFO]: [CHAT]     §7§aFine Flour §8x3
[00:49:35] [Client thread/INFO]: [CHAT] 
[00:49:35] [Client thread/INFO]: [CHAT] §e[NPC] §9Bartender§f: §fMany Thanks! I'll be sure to let you have the first taste as soon as it's done... at a discounted price of course.
[00:49:37] [Client thread/INFO]: [CHAT] §2Guild > §b[MVP§c+§b] Wakain §3[EGG]§f: who wanna crimson isle fish with me
[00:49:47] [Client thread/INFO]: [CHAT] Rabbit Dog has been promoted to [143] Manager!
[00:50:08] [Client thread/INFO]: [CHAT] Mining Speed Boost is now available!
[00:50:11] [Client thread/INFO]: [CHAT] You sold Brown Mushroom x1 for 10 Coins!
[00:50:17] [Client thread/INFO]: [CHAT] [Bazaar] Executing instant sell...
[00:50:17] [Client thread/INFO]: [CHAT] [Bazaar] Sold 2x Decoy for 2.8 coins!
[00:50:17] [Client thread/INFO]: [CHAT] [Bazaar] Sold 105x Netherrack for 42.0 coins!
[00:50:17] [Client thread/INFO]: [CHAT] [Bazaar] Sold 11x Enchanted Cactus Green for 10,877 coins!
[00:50:17] [Client thread/INFO]: [CHAT] [Bazaar] Sold 5x Prismarine Crystals for 20.0 coins!
[00:50:17] [Client thread/INFO]: [CHAT] [Bazaar] Sold 1x Gunpowder for 25.9 coins!
[00:50:17] [Client thread/INFO]: [CHAT] [Bazaar] Sold 20,160x Melon for 24,192 coins!
[00:50:17] [Client thread/INFO]: [CHAT] [Bazaar] Sold 45x Cocoa Beans for 139.5 coins!
[00:50:17] [Client thread/INFO]: [CHAT] [Bazaar] Sold 20,160x Enchanted Melon for 6,277,824 coins!
[00:50:17] [Client thread/INFO]: [CHAT] [Bazaar] Sold 5x Spirit Leap for 397.5 coins!
[00:50:17] [Client thread/INFO]: [CHAT] [Bazaar] Sold 23x Enchanted Cocoa Beans for 15,635 coins!
[00:50:17] [Client thread/INFO]: [CHAT] [Bazaar] Sold 2x Enchanted Rotten Flesh for 1,376.6 coins!
[00:50:17] [Client thread/INFO]: [CHAT] [Bazaar] Sold 1x Carrot for 2.2 coins!
[00:50:17] [Client thread/INFO]: [CHAT] [Bazaar] Sold 20,160x Red Mushroom for 127,008 coins!
[00:50:17] [Client thread/INFO]: [CHAT] [Bazaar] Sold 1x Jacob's Ticket for 12,344 coins!
[00:50:17] [Client thread/INFO]: [CHAT] [Bazaar] Sold 13x Enchanted Potato for 6,804.2 coins!
[00:50:17] [Client thread/INFO]: [CHAT] [Bazaar] Sold 33x Enchanted Pumpkin for 51,285 coins!
[00:50:17] [Client thread/INFO]: [CHAT] [Bazaar] Sold 2x Enchanted Feather for 856.2 coins!
[00:50:17] [Client thread/INFO]: [CHAT] [Bazaar] Sold 20,160x Brown Mushroom for 143,136 coins!
[00:50:17] [Client thread/INFO]: [CHAT] [Bazaar] Sold 1x Jungle Key for 121,186 coins!
[00:50:17] [Client thread/INFO]: [CHAT] [Bazaar] Sold 4x Inflatable Jerry for 1.2 coins!
[00:50:17] [Client thread/INFO]: [CHAT] [Bazaar] Sold 11x Squash for 799,246 coins!
[00:50:17] [Client thread/INFO]: [CHAT] [Bazaar] Sold 1x Tasty Cheese for 6,890.2 coins!
[00:50:17] [Client thread/INFO]: [CHAT] [Bazaar] Sold 4x Young Dragon Fragment for 25,456 coins!
[00:50:17] [Client thread/INFO]: [CHAT] [Bazaar] Sold 20x Lily Pad for 78.0 coins!
[00:50:17] [Client thread/INFO]: [CHAT] [Bazaar] Sold 6x Raw Salmon for 36.0 coins!
[00:50:17] [Client thread/INFO]: [CHAT] [Bazaar] Sold 5x Ink Sac for 6,552.5 coins!
[00:50:17] [Client thread/INFO]: [CHAT] [Bazaar] Sold 13x Enchanted Hay Bale for 99,670 coins!
[00:50:17] [Client thread/INFO]: [CHAT] [Bazaar] Sold 28x Rotten Flesh for 86.8 coins!
[00:50:17] [Client thread/INFO]: [CHAT] [Bazaar] Sold 13x Enchanted Carrot for 7,833.8 coins!
[00:50:17] [Client thread/INFO]: [CHAT] [Bazaar] Sold 8x Raw Fish for 244.8 coins!
[00:50:17] [Client thread/INFO]: [CHAT] [Bazaar] Sold 40x Enchanted Nether Wart for 24,884 coins!
[00:50:17] [Client thread/INFO]: [CHAT] [Bazaar] Sold 18x Enchanted Red Mushroom for 27,733 coins!
[00:50:17] [Client thread/INFO]: [CHAT] [Bazaar] Sold 6x Superboom TNT for 25.8 coins!
[00:50:17] [Client thread/INFO]: [CHAT] [Bazaar] Sold 1x Clownfish for 13.3 coins!
[00:50:17] [Client thread/INFO]: [CHAT] [Bazaar] Sold 2x Prismarine Shard for 2.8 coins!
[00:50:17] [Client thread/INFO]: [CHAT] [Bazaar] Sold 3x Enchanted Bone for 3,459 coins!
[00:50:17] [Client thread/INFO]: [CHAT] [Bazaar] Sold 120x Fine Flour for 2,400,096 coins!
[00:50:17] [Client thread/INFO]: [CHAT] [Bazaar] Sold 18x Enchanted Brown Mushroom for 27,776 coins!
[00:50:17] [Client thread/INFO]: [CHAT] [Bazaar] Sold 1x Trap for 0.1 coins!
[00:50:17] [Client thread/INFO]: [CHAT] [Bazaar] Sold 33x Enchanted Melon Block for 1,627,134 coins!
[00:50:17] [Client thread/INFO]: [CHAT] [Bazaar] Sold 34x Bone for 156.4 coins!
[00:50:17] [Client thread/INFO]: [CHAT] [Bazaar] Sold 15x Sulphur for 64.5 coins!
[00:50:54] [Client thread/INFO]: [CHAT] Teleported you to The Barn!
[00:51:02] [Client thread/INFO]: [CHAT] §2Guild > §b[MVP§c+§b] Wakain §3[EGG]§f: why isnt my rod working?
[00:51:05] [Client thread/INFO]: [CHAT] §2Guild > §b[MVP§c+§b] Wakain §3[EGG]§f: :(
[00:51:06] [Client thread/INFO]: [CHAT] Guild > FarmingHypeARK joined.
[00:51:15] [Client thread/INFO]: [CHAT] §2Guild > §b[MVP§9+§b] RachieCutie §3[MOD]§f: water rod
[00:51:19] [Client thread/INFO]: [CHAT] §2Guild > §716thGarden §3[EGG]§f: you have ed
[00:51:24] [Client thread/INFO]: [CHAT] §2Guild > §b[MVP§a+§b] Ikea_Fish §3[EGG]§f: I do
[00:51:28] [Client thread/INFO]: [CHAT] §2Guild > §b[MVP§a+§b] Ikea_Fish §3[EGG]§f: I mean
[00:51:29] [Client thread/INFO]: [CHAT] §2Guild > §b[MVP§a+§b] Ikea_Fish §3[EGG]§f: I do?
[00:51:40] [Client thread/INFO]: [CHAT] §2Guild > §b[MVP§d+§b] TechnoDeluxe §3[MANIAC]§f: you do.
[00:51:41] [Client thread/INFO]: [CHAT] Guild > TechnoDeluxe left.
[00:51:43] [Client thread/INFO]: [CHAT] §2Guild > §b[MVP§a+§b] Ikea_Fish §3[EGG]§f: oh
[00:51:48] [Client thread/INFO]: [CHAT] §2Guild > §b[MVP§a+§b] Ikea_Fish §3[EGG]§f: wait no I dont
[00:51:56] [Client thread/INFO]: [CHAT] §2Guild > §b[MVP§c+§b] Wakain §3[EGG]§f: second best way to get fishing xp?
[00:52:34] [Client thread/ERROR]: Signature is missing from textures payload
[00:53:27] [Client thread/INFO]: [CHAT] §2Guild > §b[MVP§a+§b] Ikea_Fish §3[EGG]§f: if a finnegan visitor visits your garden they stay even after hes not mayor right?
[00:54:09] [Client thread/INFO]: [CHAT] You earned 10 GEXP + 396 Event EXP from playing SkyBlock!
[00:54:26] [Client thread/INFO]: [SkyblockAddons/ContainerPreviewManager] Refreshed cache for container BackpackStorage2.
[00:54:26] [SkyblockAddons - #31/INFO]: [SkyblockAddons/PersistentValuesManager] Saving persistent values
[00:54:26] [SkyblockAddons - #31/INFO]: [SkyblockAddons/PersistentValuesManager] Persistent Values Saved
[00:54:28] [Client thread/INFO]: [SkyblockAddons/ContainerPreviewManager] Refreshed cache for container BackpackStorage1.
[00:54:28] [SkyblockAddons - #31/INFO]: [SkyblockAddons/PersistentValuesManager] Saving persistent values
[00:54:28] [SkyblockAddons - #31/INFO]: [SkyblockAddons/PersistentValuesManager] Persistent Values Saved
[00:54:28] [Client thread/INFO]: [SkyblockAddons/ContainerPreviewManager] Refreshed cache for container BackpackStorage2.
[00:54:28] [SkyblockAddons - #31/INFO]: [SkyblockAddons/PersistentValuesManager] Saving persistent values
[00:54:28] [SkyblockAddons - #31/INFO]: [SkyblockAddons/PersistentValuesManager] Persistent Values Saved
[00:54:33] [Client thread/INFO]: [SkyblockAddons/ContainerPreviewManager] Refreshed cache for container BackpackStorage3.
[00:54:33] [SkyblockAddons - #31/INFO]: [SkyblockAddons/PersistentValuesManager] Saving persistent values
[00:54:33] [SkyblockAddons - #31/INFO]: [SkyblockAddons/PersistentValuesManager] Persistent Values Saved
[00:55:21] [Client thread/INFO]: [CHAT] Guild > Wakain left.
[00:57:37] [Client thread/INFO]: [CHAT] Finding player...
[00:57:39] [Client thread/INFO]: [CHAT] Sending a visit request...
[00:57:39] [Client thread/INFO]: [CHAT] Sending to server mini146AW...
[00:57:40] [Client thread/INFO]: [CHAT]        
[00:57:40] [Netty Client IO #3/INFO]: [gg.skytils.skytilsmod.listeners.ServerPayloadInterceptor:onReceivePacket:58]: Received Hypixel packet hyevent:location
[00:57:40] [Client thread/INFO]: [gg.skytils.skytilsmod.utils.SBInfo$onHypixelPacket$1:invoke:94]: ClientboundLocationEventPacket{serverName='mini146AW', serverType='SKYBLOCK', lobbyName='null', mode='dynamic', map='Private Island'} VersionedPacket{version=1}
[00:57:41] [Client thread/INFO]: [CHAT] -----------------------------------------------------
You should NEVER enter your Microsoft account details anywhere but on official Microsoft services!

External links from untrusted sources should be avoided.
-----------------------------------------------------
[00:57:41] [Client thread/INFO]: [CHAT] You may only use this command after 4s on the server!
[00:57:43] [Client thread/INFO]: [CHAT] §aYou are playing on profile: §eRaspberry§b (Co-op)
[00:57:43] [Client thread/INFO]: [CHAT] Profile ID: 1c82351a-b767-494b-af85-f39ec5d6df89
[00:57:47] [Client thread/INFO]: [SkyblockAddons/ContainerPreviewManager] Refreshed cache for container BackpackStorage4.
[00:57:47] [SkyblockAddons - #32/INFO]: [SkyblockAddons/PersistentValuesManager] Saving persistent values
[00:57:47] [SkyblockAddons - #32/INFO]: [SkyblockAddons/PersistentValuesManager] Persistent Values Saved
[00:57:49] [Client thread/INFO]: [CHAT] Sending to server mini200AF...
[00:57:49] [Netty Client IO #3/INFO]: [gg.skytils.skytilsmod.listeners.ServerPayloadInterceptor:onReceivePacket:58]: Received Hypixel packet hyevent:location
[00:57:49] [DefaultDispatcher-worker-7/INFO]: [java.lang.ThreadGroup:uncaughtException:1052]: java.lang.IllegalStateException: Tried to send packet but session was null
[00:57:49] [DefaultDispatcher-worker-7/INFO]: [java.lang.ThreadGroup:uncaughtException:1052]: 	at gg.skytils.skytilsws.client.WSClient.sendPacket(WSClient.kt:95)
[00:57:49] [DefaultDispatcher-worker-7/INFO]: [java.lang.ThreadGroup:uncaughtException:1052]: 	at gg.skytils.skytilsmod.features.impl.mining.CHWaypoints$onHypixelPacket$1.invokeSuspend(CHWaypoints.kt:80)
[00:57:49] [DefaultDispatcher-worker-7/INFO]: [java.lang.ThreadGroup:uncaughtException:1052]: 	at kotlin.coroutines.jvm.internal.BaseContinuationImpl.resumeWith(ContinuationImpl.kt:33)
[00:57:49] [DefaultDispatcher-worker-7/INFO]: [java.lang.ThreadGroup:uncaughtException:1052]: 	at gg.skytils.ktx-coroutines.DispatchedTask.run(DispatchedTask.kt:106)
[00:57:49] [DefaultDispatcher-worker-7/INFO]: [java.lang.ThreadGroup:uncaughtException:1052]: 	at gg.skytils.ktx-coroutines.internal.LimitedDispatcher$Worker.run(LimitedDispatcher.kt:115)
[00:57:49] [DefaultDispatcher-worker-7/INFO]: [java.lang.ThreadGroup:uncaughtException:1052]: 	at gg.skytils.ktx-coroutines.scheduling.TaskImpl.run(Tasks.kt:100)
[00:57:49] [DefaultDispatcher-worker-7/INFO]: [java.lang.ThreadGroup:uncaughtException:1052]: 	at gg.skytils.ktx-coroutines.scheduling.CoroutineScheduler.runSafely(CoroutineScheduler.kt:584)
[00:57:49] [DefaultDispatcher-worker-7/INFO]: [java.lang.ThreadGroup:uncaughtException:1052]: 	at gg.skytils.ktx-coroutines.scheduling.CoroutineScheduler$Worker.executeTask(CoroutineScheduler.kt:793)
[00:57:49] [DefaultDispatcher-worker-7/INFO]: [java.lang.ThreadGroup:uncaughtException:1052]: 	at gg.skytils.ktx-coroutines.scheduling.CoroutineScheduler$Worker.runWorker(CoroutineScheduler.kt:697)
[00:57:49] [DefaultDispatcher-worker-7/INFO]: [java.lang.ThreadGroup:uncaughtException:1052]: 	at gg.skytils.ktx-coroutines.scheduling.CoroutineScheduler$Worker.run(CoroutineScheduler.kt:684)
[00:57:49] [DefaultDispatcher-worker-7/INFO]: [java.lang.ThreadGroup:uncaughtException:1061]: 	Suppressed: gg.skytils.ktx-coroutines.internal.DiagnosticCoroutineContextException: [CoroutineName(Skytils IO), StandaloneCoroutine{Cancelling}@5b480741, Dispatchers.IO]
[00:57:50] [Client thread/INFO]: [gg.skytils.skytilsmod.utils.SBInfo$onHypixelPacket$1:invoke:94]: ClientboundLocationEventPacket{serverName='mini200AF', serverType='SKYBLOCK', lobbyName='null', mode='crystal_hollows', map='Crystal Hollows'} VersionedPacket{version=1}
[00:57:50] [Client thread/INFO]: [CHAT]        
[00:57:52] [Client thread/INFO]: [CHAT] §aYou are playing on profile: §eRaspberry§b (Co-op)§7 (2)
[00:57:52] [Client thread/INFO]: [CHAT] Profile ID: 1c82351a-b767-494b-af85-f39ec5d6df89§7 (2)
[00:57:56] [Client thread/INFO]: [CHAT] HOPPITY'S HUNT You found a Chocolate Dinner Egg in the middle of the Crystal Nucleus!
[00:57:56] [Client thread/INFO]: [CHAT] §D§LHOPPITY'S HUNT §7You found §fBibsy §7(§F§LCOMMON§7)!
[00:57:56] [Client thread/INFO]: [CHAT] §d§lNEW RABBIT! §6+1 Chocolate §7and §6+0.002x Chocolate §7per second!
[00:57:56] [Client thread/INFO]: [CHAT] §e[SkyHanni] Click here to share the location of this chocolate egg with the server!
[00:58:02] [Client thread/INFO]: [CHAT] HOPPITY'S HUNT You found a Chocolate Lunch Egg on top of some Gold Ore!
[00:58:02] [Client thread/INFO]: [CHAT] §D§LHOPPITY'S HUNT §7You found §fMiles §7(§F§LCOMMON§7)!
[00:58:02] [Client thread/INFO]: [CHAT] §d§lNEW RABBIT! §6+1 Chocolate §7and §6+0.002x Chocolate §7per second!
[00:58:03] [Client thread/INFO]: [CHAT] §e[SkyHanni] Click here to share the location of this chocolate egg with the server!
[00:58:12] [Client thread/INFO]: [CHAT] HOPPITY'S HUNT You found a Chocolate Breakfast Egg on the arms of the Amethyst statue!
[00:58:13] [Client thread/INFO]: [CHAT] §D§LHOPPITY'S HUNT §7You found §6Shadow §7(§6§LLEGENDARY§7)!
[00:58:13] [Client thread/INFO]: [CHAT] §d§lNEW RABBIT! §6+0.02x Chocolate §7per second!
[00:58:13] [Client thread/INFO]: [CHAT] §e[SkyHanni] Click here to share the location of this chocolate egg with the server!
[00:58:24] [Client thread/INFO]: [CHAT] §e[SkyHanni] §eNext egg available in §b2m 25s§e.
[00:58:46] [Client thread/INFO]: [CHAT] Rabbit Cousin has been promoted to [169] Manager!
[00:58:47] [Client thread/INFO]: [CHAT] Rabbit Bro has been promoted to [184] Director!
[00:58:51] [Client thread/INFO]: [CHAT] Mining Speed Boost is now available!
[00:59:01] [Client thread/INFO]: [CHAT] The wind has changed direction!
[00:59:04] [Client thread/INFO]: [at.hannibal2.skyhanni.utils.SoundUtils:playSound$lambda$1:34]: SkyHanni Sound error: value already present: at.hannibal2.skyhanni.utils.SoundUtils$createSound$sound$1@75a80fdc
[00:59:23] [Client thread/INFO]: [CHAT] §2Guild > §b[MVP§8+§b] TheDividedOne §3[BABY]§f: COLLECTION LEVEL UP Magmafish X?XI
[00:59:25] [Client thread/INFO]: [CHAT] §2Guild > §b[MVP§8+§b] TheDividedOne §3[BABY]§f: halfway ;-;
[00:59:41] [Client thread/INFO]: [CHAT] The wind has changed direction!§7 (2)
[00:59:42] [Client thread/INFO]: [CHAT] §e[SkyHanni] §eNext egg available in §b1m 7s§e.
[00:59:49] [Client thread/ERROR]: Signature is missing from textures payload
[00:59:49] [Client thread/ERROR]: Signature is missing from textures payload
[00:59:50] [Netty Client IO #3/INFO]: [SkyblockAddons/NetworkListener] Detected leaving skyblock!
[00:59:50] [Client thread/INFO]: Applying holder lookups
[00:59:50] [Client thread/INFO]: Holder lookups applied
[00:59:50] [Client thread/ERROR]: Signature is missing from textures payload
[00:59:50] [Client thread/ERROR]: Signature is missing from textures payload
[00:59:51] [Client thread/INFO]: Stopping!
[00:59:51] [Client thread/INFO]: SoundSystem shutting down...
[00:59:51] [Client thread/WARN]: Author: Paul Lamb, www.paulscode.com
