[18:44:41] [main/INFO]: Loading Minecraft 1.20.4 with Fabric Loader 0.15.7
[18:44:41] [main/INFO]: Loading 71 mods:
	- advanced-xray-fabric 84.0.0
	- appleskin 2.5.1+mc1.20.3
	   \-- cloth-config 13.0.114
	        \-- cloth-basic-math 0.6.1
	- carpet 1.4.128+v231205
	- entityculling 1.6.3.1
	- essential-container 1.0.0
	   \-- essential-loader 1.2.1
	- fabric-api 0.96.4+1.20.4
	   |-- fabric-api-base 0.4.36+78d798af4f
	   |-- fabric-api-lookup-api-v1 1.6.49+82b1bb3e4f
	   |-- fabric-biome-api-v1 13.0.16+78d798af4f
	   |-- fabric-block-api-v1 1.0.16+3e2216cb4f
	   |-- fabric-block-view-api-v2 1.0.4+78d798af4f
	   |-- fabric-blockrenderlayer-v1 1.1.46+78d798af4f
	   |-- fabric-client-tags-api-v1 1.1.7+78d798af4f
	   |-- fabric-command-api-v1 1.2.41+f71b366f4f
	   |-- fabric-command-api-v2 2.2.20+78d798af4f
	   |-- fabric-commands-v0 0.2.58+df3654b34f
	   |-- fabric-containers-v0 0.1.86+df3654b34f
	   |-- fabric-content-registries-v0 5.0.14+78d798af4f
	   |-- fabric-convention-tags-v1 1.5.10+78d798af4f
	   |-- fabric-crash-report-info-v1 0.2.23+78d798af4f
	   |-- fabric-data-attachment-api-v1 1.1.3+b90db5744f
	   |-- fabric-data-generation-api-v1 13.2.3+5c0133444f
	   |-- fabric-dimensions-v1 2.1.61+78d798af4f
	   |-- fabric-entity-events-v1 1.6.1+09fc25014f
	   |-- fabric-events-interaction-v0 0.7.1+389931eb4f
	   |-- fabric-events-lifecycle-v0 0.2.74+df3654b34f
	   |-- fabric-game-rule-api-v1 1.0.46+78d798af4f
	   |-- fabric-item-api-v1 2.2.0+d6f2b0844f
	   |-- fabric-item-group-api-v1 4.0.25+58f8c0124f
	   |-- fabric-key-binding-api-v1 1.0.41+78d798af4f
	   |-- fabric-keybindings-v0 0.2.39+df3654b34f
	   |-- fabric-lifecycle-events-v1 2.3.0+a67ffb5d4f
	   |-- fabric-loot-api-v2 2.1.8+78d798af4f
	   |-- fabric-message-api-v1 6.0.5+78d798af4f
	   |-- fabric-mining-level-api-v1 2.1.64+78d798af4f
	   |-- fabric-model-loading-api-v1 1.0.8+78d798af4f
	   |-- fabric-models-v0 0.4.7+9386d8a74f
	   |-- fabric-networking-api-v1 3.1.7+2e5ac5484f
	   |-- fabric-object-builder-api-v1 13.0.13+080016e44f
	   |-- fabric-particles-v1 1.1.7+78d798af4f
	   |-- fabric-recipe-api-v1 2.0.20+78d798af4f
	   |-- fabric-registry-sync-v0 4.0.19+58f8c0124f
	   |-- fabric-renderer-api-v1 3.2.4+78d798af4f
	   |-- fabric-renderer-indigo 1.5.4+78d798af4f
	   |-- fabric-renderer-registries-v1 3.2.53+df3654b34f
	   |-- fabric-rendering-data-attachment-v1 0.3.42+73761d2e4f
	   |-- fabric-rendering-fluids-v1 3.1.1+e761c6694f
	   |-- fabric-rendering-v0 1.1.56+df3654b34f
	   |-- fabric-rendering-v1 3.2.0+6fd945a04f
	   |-- fabric-resource-conditions-api-v1 2.3.14+78d798af4f
	   |-- fabric-resource-loader-v0 0.11.19+58f8c0124f
	   |-- fabric-screen-api-v1 2.0.17+78d798af4f
	   |-- fabric-screen-handler-api-v1 1.3.55+78d798af4f
	   |-- fabric-sound-api-v1 1.0.17+78d798af4f
	   |-- fabric-transfer-api-v1 4.0.11+e84342304f
	   \-- fabric-transitive-access-wideners-v1 5.0.14+78d798af4f
	- fabricloader 0.15.7
	   \-- mixinextras 0.3.5
	- java 17
	- litematica 0.17.0
	- lithium 0.12.1
	- logical_zoom 0.0.22
	- malilib 0.18.1
	- minecraft 1.20.4
	- minihud 0.30.2
	- rebind_narrator 2.0.2
	- sodium 0.5.8+mc1.20.4
	- tweakeroo 0.19.2
[18:44:41] [main/INFO]: SpongePowered MIXIN Subsystem Version=0.8.5 Source=file:/C:/Users/Miguel%20Leyesa/AppData/Roaming/.minecraft/libraries/net/fabricmc/sponge-mixin/0.12.5+mixin.0.8.5/sponge-mixin-0.12.5+mixin.0.8.5.jar Service=Knot/Fabric Env=CLIENT
[18:44:41] [main/INFO]: Compatibility level set to JAVA_17
[18:44:42] [main/INFO]: Loaded configuration file for Lithium: 129 options available, 0 override(s) found
[18:44:42] [main/INFO]: Loaded configuration file for Sodium: 42 options available, 0 override(s) found
[18:44:44] [main/INFO]: Starting Essential Loader (stage2) version 1.4.1+fabric-1.20.4 (9cbd42842e1a0f4db9463ba79962010f) [stable]
[18:44:44] [main/INFO]: Starting Essential v1.3.1.2 (#7ed10f42d2) [stable]
[18:44:44] [main/INFO]: Java: OpenJDK 64-Bit Server VM (v17.0.8) by Microsoft (Microsoft)
[18:44:44] [main/INFO]: Java Path: C:\Users\Miguel Leyesa\AppData\Local\Packages\Microsoft.4297127D64EC6_8wekyb3d8bbwe\LocalCache\Local\runtime\java-runtime-gamma\windows-x64\java-runtime-gamma\bin
[18:44:44] [main/INFO]: Java Info: mixed mode
[18:44:44] [main/INFO]: JVM Arguments: 
  - -XX:HeapDumpPath=MojangTricksIntelDriversForPerformance_javaw.exe_minecraft.exe.heapdump
  - -Djava.library.path=C:\Users\Miguel Leyesa\AppData\Roaming\.minecraft\bin\cc9d3839148d498f98557594755fb8ae999dc26b
  - -Djna.tmpdir=C:\Users\Miguel Leyesa\AppData\Roaming\.minecraft\bin\cc9d3839148d498f98557594755fb8ae999dc26b
  - -Dorg.lwjgl.system.SharedLibraryExtractPath=C:\Users\Miguel Leyesa\AppData\Roaming\.minecraft\bin\cc9d3839148d498f98557594755fb8ae999dc26b
  - -Dio.netty.native.workdir=C:\Users\Miguel Leyesa\AppData\Roaming\.minecraft\bin\cc9d3839148d498f98557594755fb8ae999dc26b
  - -Dminecraft.launcher.brand=minecraft-launcher
  - -Dminecraft.launcher.version=2.20.2
  - -DFabricMcEmu= net.minecraft.client.main.Main 
  - -Xmx4G
  - -XX:+UnlockExperimentalVMOptions
  - -XX:+UseG1GC
  - -XX:G1NewSizePercent=20
  - -XX:G1ReservePercent=20
  - -XX:MaxGCPauseMillis=50
  - -XX:G1HeapRegionSize=32M
  - -Dlog4j.configurationFile=C:\Users\Miguel Leyesa\AppData\Roaming\.minecraft\assets\log_configs\client-1.12.xml
[18:44:44] [main/INFO]: OS: Windows 11 (v10.0) (Arch: amd64)
[18:44:45] [main/INFO]: Searching for graphics cards...
[18:44:45] [main/INFO]: Initializing MixinExtras via com.llamalad7.mixinextras.service.MixinExtrasServiceImpl(version=0.3.5).
[18:44:45] [main/INFO]: Found graphics card: GraphicsAdapterInfo[vendor=NVIDIA, name=NVIDIA GeForce RTX 3050 Laptop GPU, version=DriverVersion=31.0.15.4629]
[18:44:45] [main/INFO]: Found graphics card: GraphicsAdapterInfo[vendor=INTEL, name=Intel(R) UHD Graphics, version=DriverVersion=30.0.100.9864]
[18:44:45] [main/WARN]: Sodium has applied one or more workarounds to prevent crashes or other issues on your system: [NVIDIA_THREADED_OPTIMIZATIONS]
[18:44:45] [main/WARN]: This is not necessarily an issue, but it may result in certain features or optimizations being disabled. You can sometimes fix these issues by upgrading your graphics driver.
[18:44:49] [main/WARN]: @ModifyConstant conflict. Skipping mixins.tweakeroo.json:MixinStructureBlockBlockEntity from mod tweakeroo->@ModifyConstant::overrideMaxSize(I)I with priority 999, already redirected by carpet.mixins.json:StructureBlockEntity_limitsMixin from mod carpet->@ModifyConstant::negativeLimit(I)I with priority 1000
[18:44:49] [main/WARN]: @ModifyConstant conflict. Skipping mixins.tweakeroo.json:MixinStructureBlockBlockEntity from mod tweakeroo->@ModifyConstant::overrideMaxSize(I)I with priority 999, already redirected by carpet.mixins.json:StructureBlockEntity_limitsMixin from mod carpet->@ModifyConstant::positiveLimit(I)I with priority 1000
[18:44:49] [main/WARN]: @ModifyConstant conflict. Skipping mixins.tweakeroo.json:MixinStructureBlockBlockEntity from mod tweakeroo->@ModifyConstant::overrideMaxSize(I)I with priority 999, already redirected by carpet.mixins.json:StructureBlockEntity_limitsMixin from mod carpet->@ModifyConstant::negativeLimit(I)I with priority 1000
[18:44:49] [main/WARN]: @ModifyConstant conflict. Skipping mixins.tweakeroo.json:MixinStructureBlockBlockEntity from mod tweakeroo->@ModifyConstant::overrideMaxSize(I)I with priority 999, already redirected by carpet.mixins.json:StructureBlockEntity_limitsMixin from mod carpet->@ModifyConstant::positiveLimit(I)I with priority 1000
[18:44:49] [main/WARN]: @ModifyConstant conflict. Skipping mixins.tweakeroo.json:MixinStructureBlockBlockEntity from mod tweakeroo->@ModifyConstant::overrideMaxSize(I)I with priority 999, already redirected by carpet.mixins.json:StructureBlockEntity_limitsMixin from mod carpet->@ModifyConstant::negativeLimit(I)I with priority 1000
[18:44:49] [main/WARN]: @ModifyConstant conflict. Skipping mixins.tweakeroo.json:MixinStructureBlockBlockEntity from mod tweakeroo->@ModifyConstant::overrideMaxSize(I)I with priority 999, already redirected by carpet.mixins.json:StructureBlockEntity_limitsMixin from mod carpet->@ModifyConstant::positiveLimit(I)I with priority 1000
[18:44:49] [main/WARN]: @ModifyConstant conflict. Skipping mixins.tweakeroo.json:MixinStructureBlockBlockEntity from mod tweakeroo->@ModifyConstant::overrideMaxSize(I)I with priority 999, already redirected by carpet.mixins.json:StructureBlockEntity_limitsMixin from mod carpet->@ModifyConstant::positiveLimit(I)I with priority 1000
[18:44:49] [main/WARN]: @ModifyConstant conflict. Skipping mixins.tweakeroo.json:MixinStructureBlockBlockEntity from mod tweakeroo->@ModifyConstant::overrideMaxSize(I)I with priority 999, already redirected by carpet.mixins.json:StructureBlockEntity_limitsMixin from mod carpet->@ModifyConstant::positiveLimit(I)I with priority 1000
[18:44:49] [main/WARN]: @ModifyConstant conflict. Skipping mixins.tweakeroo.json:MixinStructureBlockBlockEntity from mod tweakeroo->@ModifyConstant::overrideMaxSize(I)I with priority 999, already redirected by carpet.mixins.json:StructureBlockEntity_limitsMixin from mod carpet->@ModifyConstant::positiveLimit(I)I with priority 1000
[18:44:51] [Datafixer Bootstrap/INFO]: 198 Datafixer optimizations took 190 milliseconds
[18:44:53] [Render thread/INFO]: Environment: Environment[sessionHost=https://sessionserver.mojang.com, servicesHost=https://api.minecraftservices.com, name=PROD]
[18:44:53] [Render thread/INFO]: Setting user: 16thGarden
[18:44:54] [Render thread/INFO]: Starting DI!
[18:44:54] [Render thread/INFO]: Authenticating to Mojang as 16thGarden (dc0548c7-2c22-450e-91f5-2a17cfde2a12)
[18:44:55] [DefaultDispatcher-worker-1/INFO]: Connecting to Essential Connection Manager...
[18:44:55] [DefaultDispatcher-worker-1/INFO]: Using Default JreDnsResolver
[18:44:55] [DefaultDispatcher-worker-1/INFO]: Using Default JreSocketFactory
[18:44:55] [Render thread/INFO]: XRay mod has been initialized
[18:44:55] [Render thread/INFO]: [Indigo] Different rendering plugin detected; not applying Indigo.
[18:44:55] [Render thread/INFO]: OptiFine not detected.
[18:44:55] [Render thread/INFO]: Backend library: LWJGL version 3.3.2-snapshot
[18:44:55] [WebSocketConnectReadThread-73/INFO]: Connected to Essential Connection Manager.
[18:44:55] [Render thread/WARN]: Applying workaround: Prevent the NVIDIA OpenGL driver from using broken optimizations (NVIDIA_THREADED_OPTIMIZATIONS)
[18:44:56] [Render thread/INFO]: OpenGL Vendor: NVIDIA Corporation
[18:44:56] [Render thread/INFO]: OpenGL Renderer: NVIDIA GeForce RTX 3050 Laptop GPU/PCIe/SSE2
[18:44:56] [Render thread/INFO]: OpenGL Version: 3.2.0 NVIDIA 546.29
[18:44:56] [Render thread/WARN]: Pack file/coffee totem declared support for versions [16, 22] but declared main format is 9, defaulting to 9
[18:44:57] [ForkJoinPool.commonPool-worker-1/INFO]: [STDERR]: org.objectweb.asm.tree.analysis.AnalyzerException: Error at instruction 137: Trying to set an inexistant local variable 9
[18:44:57] [ForkJoinPool.commonPool-worker-1/INFO]: [STDERR]: 	at org.objectweb.asm.tree.analysis.Analyzer.analyze(Analyzer.java:279)
[18:44:57] [ForkJoinPool.commonPool-worker-1/INFO]: [STDERR]: 	at org.spongepowered.asm.util.Locals.generateLocalVariableTable(Locals.java:859)
[18:44:57] [ForkJoinPool.commonPool-worker-1/INFO]: [STDERR]: 	at org.spongepowered.asm.util.Locals.getGeneratedLocalVariableTable(Locals.java:828)
[18:44:57] [ForkJoinPool.commonPool-worker-1/INFO]: [STDERR]: 	at org.spongepowered.asm.util.Locals.getLocalVariableAt(Locals.java:782)
[18:44:57] [ForkJoinPool.commonPool-worker-1/INFO]: [STDERR]: 	at org.spongepowered.asm.util.Locals.getLocalVariableAt(Locals.java:752)
[18:44:57] [ForkJoinPool.commonPool-worker-1/INFO]: [STDERR]: 	at org.spongepowered.asm.util.Locals.getLocalsAt(Locals.java:529)
[18:44:57] [ForkJoinPool.commonPool-worker-1/INFO]: [STDERR]: 	at org.spongepowered.asm.util.Locals.getLocalsAt(Locals.java:336)
[18:44:57] [ForkJoinPool.commonPool-worker-1/INFO]: [STDERR]: 	at org.spongepowered.asm.mixin.injection.modify.LocalVariableDiscriminator$Context.initLocals(LocalVariableDiscriminator.java:154)
[18:44:57] [ForkJoinPool.commonPool-worker-1/INFO]: [STDERR]: 	at org.spongepowered.asm.mixin.injection.modify.LocalVariableDiscriminator$Context.<init>(LocalVariableDiscriminator.java:148)
[18:44:57] [ForkJoinPool.commonPool-worker-1/INFO]: [STDERR]: 	at org.spongepowered.asm.mixin.injection.modify.ModifyVariableInjector$Context.<init>(ModifyVariableInjector.java:71)
[18:44:57] [ForkJoinPool.commonPool-worker-1/INFO]: [STDERR]: 	at org.spongepowered.asm.mixin.injection.modify.ModifyVariableInjector.preInject(ModifyVariableInjector.java:159)
[18:44:57] [ForkJoinPool.commonPool-worker-1/INFO]: [STDERR]: 	at org.spongepowered.asm.mixin.injection.code.Injector.preInject(Injector.java:258)
[18:44:57] [ForkJoinPool.commonPool-worker-1/INFO]: [STDERR]: 	at org.spongepowered.asm.mixin.injection.struct.InjectionInfo.preInject(InjectionInfo.java:436)
[18:44:57] [ForkJoinPool.commonPool-worker-1/INFO]: [STDERR]: 	at org.spongepowered.asm.mixin.transformer.MixinTargetContext.applyInjections(MixinTargetContext.java:1370)
[18:44:57] [ForkJoinPool.commonPool-worker-1/INFO]: [STDERR]: 	at org.spongepowered.asm.mixin.transformer.MixinApplicatorStandard.applyInjections(MixinApplicatorStandard.java:1062)
[18:44:57] [ForkJoinPool.commonPool-worker-1/INFO]: [STDERR]: 	at org.spongepowered.asm.mixin.transformer.MixinApplicatorStandard.applyMixin(MixinApplicatorStandard.java:402)
[18:44:57] [ForkJoinPool.commonPool-worker-1/INFO]: [STDERR]: 	at org.spongepowered.asm.mixin.transformer.MixinApplicatorStandard.apply(MixinApplicatorStandard.java:327)
[18:44:57] [ForkJoinPool.commonPool-worker-1/INFO]: [STDERR]: 	at org.spongepowered.asm.mixin.transformer.TargetClassContext.apply(TargetClassContext.java:421)
[18:44:57] [ForkJoinPool.commonPool-worker-1/INFO]: [STDERR]: 	at org.spongepowered.asm.mixin.transformer.TargetClassContext.applyMixins(TargetClassContext.java:403)
[18:44:57] [ForkJoinPool.commonPool-worker-1/INFO]: [STDERR]: 	at org.spongepowered.asm.mixin.transformer.MixinProcessor.applyMixins(MixinProcessor.java:363)
[18:44:57] [ForkJoinPool.commonPool-worker-1/INFO]: [STDERR]: 	at org.spongepowered.asm.mixin.transformer.MixinTransformer.transformClass(MixinTransformer.java:234)
[18:44:57] [ForkJoinPool.commonPool-worker-1/INFO]: [STDERR]: 	at org.spongepowered.asm.mixin.transformer.MixinTransformer.transformClassBytes(MixinTransformer.java:202)
[18:44:57] [ForkJoinPool.commonPool-worker-1/INFO]: [STDERR]: 	at net.fabricmc.loader.impl.launch.knot.KnotClassDelegate.getPostMixinClassByteArray(KnotClassDelegate.java:422)
[18:44:57] [ForkJoinPool.commonPool-worker-1/INFO]: [STDERR]: 	at net.fabricmc.loader.impl.launch.knot.KnotClassDelegate.tryLoadClass(KnotClassDelegate.java:323)
[18:44:57] [ForkJoinPool.commonPool-worker-1/INFO]: [STDERR]: 	at net.fabricmc.loader.impl.launch.knot.KnotClassDelegate.loadClass(KnotClassDelegate.java:218)
[18:44:57] [ForkJoinPool.commonPool-worker-1/INFO]: [STDERR]: 	at net.fabricmc.loader.impl.launch.knot.KnotClassLoader.loadClass(KnotClassLoader.java:119)
[18:44:57] [ForkJoinPool.commonPool-worker-1/INFO]: [STDERR]: 	at java.base/java.lang.ClassLoader.loadClass(ClassLoader.java:525)
[18:44:57] [ForkJoinPool.commonPool-worker-1/INFO]: [STDERR]: 	at gg.essential.universal.UGraphics.<clinit>(UGraphics.java:774)
[18:44:57] [ForkJoinPool.commonPool-worker-1/INFO]: [STDERR]: 	at gg.essential.elementa.components.UIImage._init_$lambda-1(UIImage.kt:60)
[18:44:57] [ForkJoinPool.commonPool-worker-1/INFO]: [STDERR]: 	at java.base/java.util.concurrent.CompletableFuture$UniAccept.tryFire(CompletableFuture.java:718)
[18:44:57] [ForkJoinPool.commonPool-worker-1/INFO]: [STDERR]: 	at java.base/java.util.concurrent.CompletableFuture$Completion.exec(CompletableFuture.java:483)
[18:44:57] [ForkJoinPool.commonPool-worker-1/INFO]: [STDERR]: 	at java.base/java.util.concurrent.ForkJoinTask.doExec(ForkJoinTask.java:373)
[18:44:57] [ForkJoinPool.commonPool-worker-1/INFO]: [STDERR]: 	at java.base/java.util.concurrent.ForkJoinPool$WorkQueue.topLevelExec(ForkJoinPool.java:1182)
[18:44:57] [ForkJoinPool.commonPool-worker-1/INFO]: [STDERR]: 	at java.base/java.util.concurrent.ForkJoinPool.scan(ForkJoinPool.java:1655)
[18:44:57] [ForkJoinPool.commonPool-worker-1/INFO]: [STDERR]: 	at java.base/java.util.concurrent.ForkJoinPool.runWorker(ForkJoinPool.java:1622)
[18:44:57] [ForkJoinPool.commonPool-worker-1/INFO]: [STDERR]: 	at java.base/java.util.concurrent.ForkJoinWorkerThread.run(ForkJoinWorkerThread.java:165)
[18:44:57] [ForkJoinPool.commonPool-worker-1/INFO]: [STDERR]: Caused by: java.lang.IndexOutOfBoundsException: Trying to set an inexistant local variable 9
[18:44:57] [ForkJoinPool.commonPool-worker-1/INFO]: [STDERR]: 	at org.objectweb.asm.tree.analysis.Frame.setLocal(Frame.java:208)
[18:44:57] [ForkJoinPool.commonPool-worker-1/INFO]: [STDERR]: 	at org.objectweb.asm.tree.analysis.Frame.execute(Frame.java:337)
[18:44:57] [ForkJoinPool.commonPool-worker-1/INFO]: [STDERR]: 	at org.objectweb.asm.tree.analysis.Analyzer.analyze(Analyzer.java:171)
[18:44:57] [ForkJoinPool.commonPool-worker-1/INFO]: [STDERR]: 	... 35 more
[18:44:58] [Render thread/INFO]: Reloading ResourceManager: vanilla, fabric, advanced-xray-fabric, appleskin, carpet, cloth-config, entityculling, essential, essential-container, essential-loader, fabric-api, fabric-api-base, fabric-api-lookup-api-v1, fabric-biome-api-v1, fabric-block-api-v1, fabric-block-view-api-v2, fabric-blockrenderlayer-v1, fabric-client-tags-api-v1, fabric-command-api-v1, fabric-command-api-v2, fabric-commands-v0, fabric-containers-v0, fabric-content-registries-v0, fabric-convention-tags-v1, fabric-crash-report-info-v1, fabric-data-attachment-api-v1, fabric-data-generation-api-v1, fabric-dimensions-v1, fabric-entity-events-v1, fabric-events-interaction-v0, fabric-events-lifecycle-v0, fabric-game-rule-api-v1, fabric-item-api-v1, fabric-item-group-api-v1, fabric-key-binding-api-v1, fabric-keybindings-v0, fabric-language-kotlin, fabric-lifecycle-events-v1, fabric-loot-api-v2, fabric-message-api-v1, fabric-mining-level-api-v1, fabric-model-loading-api-v1, fabric-models-v0, fabric-networking-api-v1, fabric-object-builder-api-v1, fabric-particles-v1, fabric-recipe-api-v1, fabric-registry-sync-v0, fabric-renderer-api-v1, fabric-renderer-indigo, fabric-renderer-registries-v1, fabric-rendering-data-attachment-v1, fabric-rendering-fluids-v1, fabric-rendering-v0, fabric-rendering-v1, fabric-resource-conditions-api-v1, fabric-resource-loader-v0, fabric-screen-api-v1, fabric-screen-handler-api-v1, fabric-sound-api-v1, fabric-transfer-api-v1, fabric-transitive-access-wideners-v1, fabricloader, litematica, lithium, logical_zoom, malilib, minihud, sodium, tweakeroo, file/Faithful 64x.zip, file/LowerFire [1.18.x].zip, file/OreBorders64x_1.19.3.zip, file/Redstone Utilities-v2.1 [1.19.x].zip, file/coffee totem, essential
[18:44:59] [Worker-Main-11/INFO]: Found unifont_all_no_pua-15.1.04.hex, loading
[18:44:59] [Render thread/INFO]: Client started, setting up xray store
[18:44:59] [Worker-Main-7/WARN]: Unused frames in sprite minecraft:entity/conduit/wind: [22, 23, 24, 25, 26, 27, 28, 29, 30, 31, 32, 33, 34, 35, 36, 37, 38, 39, 40, 41, 42, 43, 44, 45, 46, 47, 48, 49, 50, 51, 52, 53, 54, 55, 56, 57, 58, 59, 60, 61, 62, 63, 64, 65, 66, 67, 68, 69, 70, 71, 72, 73, 74, 75, 76, 77, 78, 79, 80, 81, 82, 83, 84, 85, 86, 87]
[18:44:59] [Worker-Main-2/WARN]: Unused frames in sprite minecraft:entity/conduit/wind_vertical: [22, 23, 24, 25, 26, 27, 28, 29, 30, 31, 32, 33, 34, 35, 36, 37, 38, 39, 40, 41, 42, 43, 44, 45, 46, 47, 48, 49, 50, 51, 52, 53, 54, 55, 56, 57, 58, 59, 60, 61, 62, 63, 64, 65, 66, 67, 68, 69, 70, 71, 72, 73, 74, 75, 76, 77, 78, 79, 80, 81, 82, 83, 84, 85, 86, 87]
[18:45:00] [DefaultDispatcher-worker-3/INFO]: Connected to Discord as starbuckslarge
[18:45:01] [Render thread/WARN]: Missing sound for event: minecraft:item.goat_horn.play
[18:45:01] [Render thread/WARN]: Missing sound for event: minecraft:entity.goat.screaming.horn_break
[18:45:01] [Render thread/WARN]: Missing sound for event: minecraft:entity.generic.wind_burst
[18:45:01] [Render thread/INFO]: OpenAL initialized on device OpenAL Soft on Speakers (Razer Kraken Kitty Edition)
[18:45:01] [Render thread/INFO]: Sound engine started
[18:45:01] [Render thread/INFO]: Created: 4096x4096x4 minecraft:textures/atlas/blocks.png-atlas
[18:45:02] [Render thread/INFO]: Created: 1024x1024x4 minecraft:textures/atlas/signs.png-atlas
[18:45:02] [Render thread/INFO]: Created: 2048x2048x4 minecraft:textures/atlas/banner_patterns.png-atlas
[18:45:02] [Render thread/INFO]: Created: 2048x2048x4 minecraft:textures/atlas/shield_patterns.png-atlas
[18:45:02] [Render thread/INFO]: Created: 4096x4096x4 minecraft:textures/atlas/armor_trims.png-atlas
[18:45:02] [Render thread/INFO]: Created: 1024x1024x4 minecraft:textures/atlas/chest.png-atlas
[18:45:02] [Render thread/INFO]: Created: 512x256x4 minecraft:textures/atlas/decorated_pot.png-atlas
[18:45:02] [Render thread/INFO]: Created: 2048x1024x4 minecraft:textures/atlas/beds.png-atlas
[18:45:02] [Render thread/INFO]: Created: 2048x1024x4 minecraft:textures/atlas/shulker_boxes.png-atlas
[18:45:02] [Render thread/WARN]: Shader rendertype_entity_translucent_emissive could not find sampler named Sampler2 in the specified shader program.
[18:45:02] [Render thread/INFO]: Created: 1024x1024x0 minecraft:textures/atlas/particles.png-atlas
[18:45:02] [Render thread/INFO]: Created: 1024x1024x0 minecraft:textures/atlas/paintings.png-atlas
[18:45:02] [Render thread/INFO]: Created: 512x512x0 minecraft:textures/atlas/mob_effects.png-atlas
[18:45:02] [Render thread/INFO]: Created: 4096x2048x0 minecraft:textures/atlas/gui.png-atlas
[18:45:04] [Render thread/WARN]: Shader cabb2374eda405e66b897908637abd1da5deac52 could not find uniform named subpixel_amount in the specified shader program.
[18:45:09] [Render thread/INFO]: Loaded 7 recipes
[18:45:09] [Render thread/INFO]: Loaded 1271 advancements
[18:45:10] [Render thread/INFO]: Applied 0 biome modifications to 0 of 64 new biomes in 2.667 ms
[18:45:10] [Render thread/WARN]: @Redirect conflict. Skipping mixins.tweakeroo.json:MixinServerPlayNetworkHandler from mod tweakeroo->@Redirect::tweakeroo_removeHitPosCheck(Lnet/minecraft/class_243;Lnet/minecraft/class_243;)Lnet/minecraft/class_243; with priority 1005, already redirected by mixins.litematica.json:MixinServerPlayNetworkHandler from mod litematica->@Redirect::litematica_removeHitPosCheck(Lnet/minecraft/class_243;Lnet/minecraft/class_243;)Lnet/minecraft/class_243; with priority 1010
[18:45:10] [Server thread/INFO]: Starting integrated minecraft server version 1.20.4
[18:45:10] [Server thread/INFO]: Generating keypair
[18:45:12] [Server thread/INFO]: Preparing start region for dimension minecraft:overworld
[18:45:14] [Render thread/INFO]: Preparing spawn area: 0%
[18:45:14] [Render thread/INFO]: Preparing spawn area: 0%
[18:45:14] [Render thread/INFO]: Preparing spawn area: 0%
[18:45:14] [Render thread/INFO]: Preparing spawn area: 0%
[18:45:14] [Render thread/INFO]: Preparing spawn area: 0%
[18:45:14] [Render thread/INFO]: Preparing spawn area: 0%
[18:45:15] [Render thread/INFO]: Preparing spawn area: 0%
[18:45:15] [Render thread/INFO]: Preparing spawn area: 0%
[18:45:16] [Render thread/INFO]: Preparing spawn area: 40%
[18:45:16] [Render thread/INFO]: Time elapsed: 4411 ms
[18:45:16] [Server thread/INFO]: Changing view distance to 16, from 10
[18:45:16] [Server thread/INFO]: Changing simulation distance to 12, from 0
[18:45:17] [Server thread/INFO]: 16thGarden[local:E:9b0794b8] logged in with entity id 184 at (-54.50077302326088, 64.0, -19.153388435757474)
[18:45:17] [Server thread/INFO]: 16thGarden joined the game
[18:45:17] [Render thread/INFO]: Started 6 worker threads
[18:45:17] [Render thread/INFO]: Using 3 total BufferBuilder caches
[18:45:18] [Render thread/WARN]: Unable to read property: west with value: false for blockstate: {Name:"minecraft:cobblestone_wall",Properties:{east:"false",north:"false",south:"false",up:"false",west:"false"}}
[18:45:18] [Render thread/WARN]: Unable to read property: east with value: false for blockstate: {Name:"minecraft:cobblestone_wall",Properties:{east:"false",north:"false",south:"false",up:"false",west:"false"}}
[18:45:18] [Render thread/WARN]: Unable to read property: south with value: false for blockstate: {Name:"minecraft:cobblestone_wall",Properties:{east:"false",north:"false",south:"false",up:"false",west:"false"}}
[18:45:18] [Render thread/WARN]: Unable to read property: north with value: false for blockstate: {Name:"minecraft:cobblestone_wall",Properties:{east:"false",north:"false",south:"false",up:"false",west:"false"}}
[18:45:18] [Render thread/WARN]: Unable to read property: west with value: false for blockstate: {Name:"minecraft:mossy_cobblestone_wall",Properties:{east:"false",north:"false",south:"false",up:"false",west:"false"}}
[18:45:18] [Render thread/WARN]: Unable to read property: east with value: false for blockstate: {Name:"minecraft:mossy_cobblestone_wall",Properties:{east:"false",north:"false",south:"false",up:"false",west:"false"}}
[18:45:18] [Render thread/WARN]: Unable to read property: south with value: false for blockstate: {Name:"minecraft:mossy_cobblestone_wall",Properties:{east:"false",north:"false",south:"false",up:"false",west:"false"}}
[18:45:18] [Render thread/WARN]: Unable to read property: north with value: false for blockstate: {Name:"minecraft:mossy_cobblestone_wall",Properties:{east:"false",north:"false",south:"false",up:"false",west:"false"}}
[18:45:18] [Render thread/INFO]: Loaded 932 advancements
[18:46:18] [Render thread/WARN]: Unable to play empty soundEvent: minecraft:entity.puffer_fish.ambient
[18:49:27] [Server thread/WARN]: 16thGarden moved wrongly!
[18:56:24] [Render thread/INFO]: Stopping worker threads
[18:56:24] [Server thread/INFO]: Saving and pausing game...
[18:56:24] [Render thread/INFO]: Started 6 worker threads
[18:56:24] [Render thread/INFO]: Stopping worker threads
[18:56:24] [Server thread/INFO]: Saving chunks for level 'ServerLevel[Epic survival world]'/minecraft:overworld
[18:56:24] [Render thread/INFO]: Started 6 worker threads
[18:56:24] [Server thread/INFO]: Saving chunks for level 'ServerLevel[Epic survival world]'/minecraft:the_end
[18:56:24] [Server thread/INFO]: Saving chunks for level 'ServerLevel[Epic survival world]'/minecraft:the_nether
[18:56:40] [Render thread/INFO]: Stopping worker threads
[18:56:40] [Server thread/INFO]: Saving and pausing game...
[18:56:40] [Render thread/INFO]: Started 6 worker threads
[18:56:40] [Render thread/INFO]: Stopping worker threads
[18:56:40] [Render thread/INFO]: Started 6 worker threads
[18:56:40] [Server thread/INFO]: Saving chunks for level 'ServerLevel[Epic survival world]'/minecraft:overworld
[18:56:40] [Server thread/INFO]: Saving chunks for level 'ServerLevel[Epic survival world]'/minecraft:the_end
[18:56:40] [Server thread/INFO]: Saving chunks for level 'ServerLevel[Epic survival world]'/minecraft:the_nether
[18:57:18] [Render thread/INFO]: Stopping worker threads
[18:57:18] [Render thread/INFO]: Started 6 worker threads
[18:57:18] [Server thread/INFO]: Saving and pausing game...
[18:57:18] [Render thread/INFO]: Stopping worker threads
[18:57:18] [Render thread/INFO]: Started 6 worker threads
[18:57:18] [Server thread/INFO]: Saving chunks for level 'ServerLevel[Epic survival world]'/minecraft:overworld
[18:57:18] [Server thread/INFO]: Saving chunks for level 'ServerLevel[Epic survival world]'/minecraft:the_end
[18:57:18] [Server thread/INFO]: Saving chunks for level 'ServerLevel[Epic survival world]'/minecraft:the_nether
[18:57:48] [Render thread/INFO]: Stopping worker threads
[18:57:48] [Render thread/INFO]: Started 6 worker threads
[18:57:48] [Render thread/INFO]: Stopping worker threads
[18:57:48] [Render thread/INFO]: Started 6 worker threads
[18:57:48] [Server thread/INFO]: Saving and pausing game...
[18:57:48] [Server thread/INFO]: Saving chunks for level 'ServerLevel[Epic survival world]'/minecraft:overworld
[18:57:48] [Server thread/INFO]: Saving chunks for level 'ServerLevel[Epic survival world]'/minecraft:the_end
[18:57:48] [Server thread/INFO]: Saving chunks for level 'ServerLevel[Epic survival world]'/minecraft:the_nether
[19:05:44] [Render thread/INFO]: Stopping worker threads
[19:05:44] [Server thread/INFO]: Saving and pausing game...
[19:05:44] [Render thread/INFO]: Started 6 worker threads
[19:05:44] [Render thread/INFO]: Stopping worker threads
[19:05:44] [Server thread/INFO]: Saving chunks for level 'ServerLevel[Epic survival world]'/minecraft:overworld
[19:05:44] [Render thread/INFO]: Started 6 worker threads
[19:05:44] [Server thread/INFO]: Saving chunks for level 'ServerLevel[Epic survival world]'/minecraft:the_end
[19:05:44] [Server thread/INFO]: Saving chunks for level 'ServerLevel[Epic survival world]'/minecraft:the_nether
[19:06:16] [Render thread/INFO]: Stopping worker threads
[19:06:16] [Server thread/INFO]: Saving and pausing game...
[19:06:16] [Render thread/INFO]: Started 6 worker threads
[19:06:16] [Render thread/INFO]: Stopping worker threads
[19:06:16] [Render thread/INFO]: Started 6 worker threads
[19:06:16] [Server thread/INFO]: Saving chunks for level 'ServerLevel[Epic survival world]'/minecraft:overworld
[19:06:16] [Server thread/INFO]: Saving chunks for level 'ServerLevel[Epic survival world]'/minecraft:the_end
[19:06:16] [Server thread/INFO]: Saving chunks for level 'ServerLevel[Epic survival world]'/minecraft:the_nether
[19:06:23] [Render thread/INFO]: Loaded 934 advancements
[19:07:01] [Server thread/WARN]: Mismatch in destroy block pos: class_2338{x=-48, y=64, z=1} class_2338{x=-3863, y=63, z=-56}
[19:07:36] [Render thread/INFO]: Stopping worker threads
[19:07:36] [Render thread/INFO]: Started 6 worker threads
[19:07:36] [Server thread/INFO]: Saving and pausing game...
[19:07:36] [Render thread/INFO]: Stopping worker threads
[19:07:36] [Render thread/INFO]: Started 6 worker threads
[19:07:36] [Server thread/INFO]: Saving chunks for level 'ServerLevel[Epic survival world]'/minecraft:overworld
[19:07:36] [Server thread/INFO]: Saving chunks for level 'ServerLevel[Epic survival world]'/minecraft:the_end
[19:07:36] [Server thread/INFO]: Saving chunks for level 'ServerLevel[Epic survival world]'/minecraft:the_nether
[19:08:01] [Render thread/INFO]: Stopping worker threads
[19:08:01] [Render thread/INFO]: Started 6 worker threads
[19:08:01] [Render thread/INFO]: Stopping worker threads
[19:08:01] [Render thread/INFO]: Started 6 worker threads
[19:08:01] [Server thread/INFO]: Saving and pausing game...
[19:08:01] [Server thread/INFO]: Saving chunks for level 'ServerLevel[Epic survival world]'/minecraft:overworld
[19:08:01] [Server thread/INFO]: Saving chunks for level 'ServerLevel[Epic survival world]'/minecraft:the_end
[19:08:01] [Server thread/INFO]: Saving chunks for level 'ServerLevel[Epic survival world]'/minecraft:the_nether
[19:08:39] [Server thread/WARN]: Mismatch in destroy block pos: class_2338{x=-55, y=121, z=0} class_2338{x=-498, y=64, z=-182}
[19:09:22] [Render thread/INFO]: Loaded 935 advancements
[19:09:54] [Render thread/INFO]: Stopping worker threads
[19:09:54] [Server thread/INFO]: Saving and pausing game...
[19:09:54] [Render thread/INFO]: Started 6 worker threads
[19:09:54] [Render thread/INFO]: Stopping worker threads
[19:09:54] [Server thread/INFO]: Saving chunks for level 'ServerLevel[Epic survival world]'/minecraft:overworld
[19:09:54] [Render thread/INFO]: Started 6 worker threads
[19:09:54] [Server thread/INFO]: Saving chunks for level 'ServerLevel[Epic survival world]'/minecraft:the_end
[19:09:54] [Server thread/INFO]: Saving chunks for level 'ServerLevel[Epic survival world]'/minecraft:the_nether
[19:10:08] [Render thread/WARN]: Received passengers for unknown entity
[19:10:16] [Render thread/INFO]: Stopping worker threads
[19:10:16] [Server thread/INFO]: Saving and pausing game...
[19:10:16] [Render thread/INFO]: Started 6 worker threads
[19:10:16] [Render thread/INFO]: Stopping worker threads
[19:10:16] [Render thread/INFO]: Started 6 worker threads
[19:10:16] [Server thread/INFO]: Saving chunks for level 'ServerLevel[Epic survival world]'/minecraft:overworld
[19:10:16] [Server thread/INFO]: Saving chunks for level 'ServerLevel[Epic survival world]'/minecraft:the_end
[19:10:16] [Server thread/INFO]: Saving chunks for level 'ServerLevel[Epic survival world]'/minecraft:the_nether
[19:10:20] [Render thread/INFO]: Stopping worker threads
[19:10:20] [Render thread/INFO]: Started 6 worker threads
[19:10:20] [Server thread/INFO]: Saving and pausing game...
[19:10:20] [Render thread/INFO]: Stopping worker threads
[19:10:20] [Render thread/INFO]: Started 6 worker threads
[19:10:20] [Server thread/INFO]: Saving chunks for level 'ServerLevel[Epic survival world]'/minecraft:overworld
[19:10:20] [Server thread/INFO]: Saving chunks for level 'ServerLevel[Epic survival world]'/minecraft:the_end
[19:10:20] [Server thread/INFO]: Saving chunks for level 'ServerLevel[Epic survival world]'/minecraft:the_nether
[19:19:26] [Render thread/WARN]: Unable to play empty soundEvent: minecraft:entity.snow_golem.ambient
[19:30:39] [Render thread/INFO]: [System] [CHAT] [Debug]: Hitboxes: shown
[19:35:21] [Render thread/INFO]: [System] [CHAT] [Debug]: Hitboxes: hidden
[20:23:47] [Server thread/WARN]: Mismatch in destroy block pos: class_2338{x=-204, y=65, z=1025} class_2338{x=-205, y=64, z=1025}
[20:23:47] [Server thread/WARN]: Mismatch in destroy block pos: class_2338{x=-204, y=65, z=1025} class_2338{x=-205, y=64, z=1025}
[20:33:39] [WebSocketConnectReadThread-73/WARN]: Connection closed unexpectedly (CloseInfo(code=1006, reason=, remote=true, outdated=false)) after 1h 48m 43.610437800s
[20:33:39] [Render thread/INFO]: Authenticating to Mojang as 16thGarden (dc0548c7-2c22-450e-91f5-2a17cfde2a12)
[20:33:40] [DefaultDispatcher-worker-6/INFO]: Connecting to Essential Connection Manager...
[20:33:40] [WebSocketConnectReadThread-385/INFO]: Connected to Essential Connection Manager.
[21:05:52] [Render thread/INFO]: [System] [CHAT] [Debug]: Hitboxes: shown
[21:06:38] [Server thread/WARN]: 16thGarden moved wrongly!
[21:14:04] [Server thread/WARN]: Mismatch in destroy block pos: class_2338{x=-221, y=63, z=1025} class_2338{x=-221, y=62, z=1026}
[21:14:04] [Server thread/WARN]: Mismatch in destroy block pos: class_2338{x=-221, y=63, z=1025} class_2338{x=-221, y=62, z=1026}
[22:04:23] [Render thread/INFO]: [System] [CHAT] [Debug]: Hitboxes: hidden
[22:05:51] [Render thread/INFO]: Stopping worker threads
[22:05:51] [Render thread/INFO]: Started 6 worker threads
[22:05:51] [Render thread/INFO]: Stopping worker threads
[22:05:51] [Render thread/INFO]: Started 6 worker threads
[22:05:51] [Server thread/INFO]: Saving and pausing game...
[22:05:51] [Server thread/INFO]: Saving chunks for level 'ServerLevel[Epic survival world]'/minecraft:overworld
[22:05:51] [Server thread/INFO]: Saving chunks for level 'ServerLevel[Epic survival world]'/minecraft:the_end
[22:05:51] [Server thread/INFO]: Saving chunks for level 'ServerLevel[Epic survival world]'/minecraft:the_nether
[22:15:38] [Render thread/INFO]: Loaded 936 advancements
[22:24:52] [Server thread/INFO]: Saving and pausing game...
[22:24:52] [Render thread/INFO]: Stopping worker threads
[22:24:52] [Render thread/INFO]: Started 6 worker threads
[22:24:52] [Server thread/INFO]: Saving chunks for level 'ServerLevel[Epic survival world]'/minecraft:overworld
[22:24:52] [Render thread/INFO]: Stopping worker threads
[22:24:52] [Render thread/INFO]: Started 6 worker threads
[22:24:52] [Server thread/INFO]: Saving chunks for level 'ServerLevel[Epic survival world]'/minecraft:the_end
[22:24:52] [Server thread/INFO]: Saving chunks for level 'ServerLevel[Epic survival world]'/minecraft:the_nether
[22:25:12] [Render thread/INFO]: Stopping worker threads
[22:25:12] [Server thread/INFO]: Saving and pausing game...
[22:25:12] [Render thread/INFO]: Started 6 worker threads
[22:25:12] [Render thread/INFO]: Stopping worker threads
[22:25:12] [Render thread/INFO]: Started 6 worker threads
[22:25:12] [Server thread/INFO]: Saving chunks for level 'ServerLevel[Epic survival world]'/minecraft:overworld
[22:25:12] [Server thread/INFO]: Saving chunks for level 'ServerLevel[Epic survival world]'/minecraft:the_end
[22:25:12] [Server thread/INFO]: Saving chunks for level 'ServerLevel[Epic survival world]'/minecraft:the_nether
[22:25:12] [Render thread/WARN]: Received passengers for unknown entity
[22:25:12] [Render thread/WARN]: Received passengers for unknown entity
[22:25:12] [Render thread/WARN]: Received passengers for unknown entity
[22:25:12] [Render thread/WARN]: Received passengers for unknown entity
[22:25:12] [Render thread/WARN]: Received passengers for unknown entity
[22:25:12] [Render thread/WARN]: Received passengers for unknown entity
[22:25:12] [Render thread/WARN]: Received passengers for unknown entity
[22:25:12] [Render thread/WARN]: Received passengers for unknown entity
[22:25:12] [Render thread/WARN]: Received passengers for unknown entity
[22:26:14] [Render thread/INFO]: Stopping worker threads
[22:26:14] [Render thread/INFO]: Started 6 worker threads
[22:26:14] [Server thread/INFO]: Saving and pausing game...
[22:26:14] [Render thread/INFO]: Stopping worker threads
[22:26:14] [Render thread/INFO]: Started 6 worker threads
[22:26:14] [Server thread/INFO]: Saving chunks for level 'ServerLevel[Epic survival world]'/minecraft:overworld
[22:26:14] [Server thread/INFO]: Saving chunks for level 'ServerLevel[Epic survival world]'/minecraft:the_end
[22:26:14] [Server thread/INFO]: Saving chunks for level 'ServerLevel[Epic survival world]'/minecraft:the_nether
[22:26:34] [Render thread/WARN]: Received passengers for unknown entity
[22:26:40] [Render thread/INFO]: Stopping worker threads
[22:26:40] [Render thread/INFO]: Started 6 worker threads
[22:26:40] [Render thread/INFO]: Stopping worker threads
[22:26:40] [Render thread/INFO]: Started 6 worker threads
[22:26:43] [Render thread/INFO]: Stopping worker threads
[22:26:43] [Render thread/INFO]: Started 6 worker threads
[22:26:43] [Server thread/INFO]: Saving and pausing game...
[22:26:43] [Render thread/INFO]: Stopping worker threads
[22:26:43] [Render thread/INFO]: Started 6 worker threads
[22:26:43] [Server thread/INFO]: Saving chunks for level 'ServerLevel[Epic survival world]'/minecraft:overworld
[22:26:43] [Server thread/INFO]: Saving chunks for level 'ServerLevel[Epic survival world]'/minecraft:the_end
[22:26:43] [Server thread/INFO]: Saving chunks for level 'ServerLevel[Epic survival world]'/minecraft:the_nether
[22:29:43] [Render thread/INFO]: Stopping worker threads
[22:29:43] [Render thread/INFO]: Started 6 worker threads
[22:29:43] [Render thread/INFO]: Stopping worker threads
[22:29:43] [Render thread/INFO]: Started 6 worker threads
[22:29:43] [Server thread/INFO]: Saving and pausing game...
[22:29:43] [Server thread/INFO]: Saving chunks for level 'ServerLevel[Epic survival world]'/minecraft:overworld
[22:29:43] [Server thread/INFO]: Saving chunks for level 'ServerLevel[Epic survival world]'/minecraft:the_end
[22:29:43] [Server thread/INFO]: Saving chunks for level 'ServerLevel[Epic survival world]'/minecraft:the_nether
[22:30:21] [Render thread/INFO]: Stopping worker threads
[22:30:21] [Server thread/INFO]: Saving and pausing game...
[22:30:21] [Render thread/INFO]: Started 6 worker threads
[22:30:21] [Render thread/INFO]: Stopping worker threads
[22:30:21] [Render thread/INFO]: Started 6 worker threads
[22:30:21] [Server thread/INFO]: Saving chunks for level 'ServerLevel[Epic survival world]'/minecraft:overworld
[22:30:21] [Server thread/INFO]: Saving chunks for level 'ServerLevel[Epic survival world]'/minecraft:the_end
[22:30:21] [Server thread/INFO]: Saving chunks for level 'ServerLevel[Epic survival world]'/minecraft:the_nether
[22:51:50] [Render thread/INFO]: Stopping worker threads
[22:51:50] [Render thread/INFO]: Started 6 worker threads
[22:51:50] [Render thread/INFO]: Stopping worker threads
[22:51:50] [Render thread/INFO]: Started 6 worker threads
[22:51:50] [Server thread/INFO]: Saving and pausing game...
[22:51:50] [Server thread/INFO]: Saving chunks for level 'ServerLevel[Epic survival world]'/minecraft:overworld
[22:51:50] [Server thread/INFO]: Saving chunks for level 'ServerLevel[Epic survival world]'/minecraft:the_end
[22:51:50] [Server thread/INFO]: Saving chunks for level 'ServerLevel[Epic survival world]'/minecraft:the_nether
[22:53:15] [Render thread/INFO]: Stopping worker threads
[22:53:15] [Render thread/INFO]: Started 6 worker threads
[22:53:15] [Render thread/INFO]: Stopping worker threads
[22:53:15] [Render thread/INFO]: Started 6 worker threads
[22:53:28] [Render thread/WARN]: Received passengers for unknown entity
[22:53:38] [Render thread/INFO]: Stopping worker threads
[22:53:38] [Render thread/INFO]: Started 6 worker threads
[22:53:38] [Render thread/INFO]: Stopping worker threads
[22:53:38] [Render thread/INFO]: Started 6 worker threads
[22:53:38] [Server thread/INFO]: Saving and pausing game...
[22:53:38] [Server thread/INFO]: Saving chunks for level 'ServerLevel[Epic survival world]'/minecraft:overworld
[22:53:38] [Server thread/INFO]: Saving chunks for level 'ServerLevel[Epic survival world]'/minecraft:the_end
[22:53:38] [Server thread/INFO]: Saving chunks for level 'ServerLevel[Epic survival world]'/minecraft:the_nether
[22:53:56] [CullThread/INFO]: [STDERR]: java.lang.ArrayIndexOutOfBoundsException: Index 807 out of bounds for length 513
[22:53:56] [CullThread/INFO]: [STDERR]: 	at it.unimi.dsi.fastutil.ints.Int2ObjectLinkedOpenHashMap$ValueIterator.next(Int2ObjectLinkedOpenHashMap.java:1689)
[22:53:56] [CullThread/INFO]: [STDERR]: 	at com.google.common.collect.Iterators$1.next(Iterators.java:146)
[22:53:56] [CullThread/INFO]: [STDERR]: 	at dev.tr7zw.entityculling.CullTask.cullEntities(CullTask.java:90)
[22:53:56] [CullThread/INFO]: [STDERR]: 	at dev.tr7zw.entityculling.CullTask.run(CullTask.java:71)
[22:53:56] [CullThread/INFO]: [STDERR]: 	at java.base/java.lang.Thread.run(Thread.java:833)
[22:55:33] [Server thread/INFO]: Saving and pausing game...
[22:55:33] [Render thread/INFO]: Stopping worker threads
[22:55:33] [Render thread/INFO]: Started 6 worker threads
[22:55:33] [Render thread/INFO]: Stopping worker threads
[22:55:33] [Server thread/INFO]: Saving chunks for level 'ServerLevel[Epic survival world]'/minecraft:overworld
[22:55:33] [Render thread/INFO]: Started 6 worker threads
[22:55:33] [Server thread/INFO]: Saving chunks for level 'ServerLevel[Epic survival world]'/minecraft:the_end
[22:55:33] [Server thread/INFO]: Saving chunks for level 'ServerLevel[Epic survival world]'/minecraft:the_nether
[22:55:46] [Render thread/WARN]: Received passengers for unknown entity
[22:56:06] [Render thread/WARN]: Received passengers for unknown entity
[22:56:11] [Render thread/INFO]: Stopping worker threads
[22:56:11] [Server thread/INFO]: Saving and pausing game...
[22:56:11] [Render thread/INFO]: Started 6 worker threads
[22:56:11] [Render thread/INFO]: Stopping worker threads
[22:56:11] [Render thread/INFO]: Started 6 worker threads
[22:56:11] [Server thread/INFO]: Saving chunks for level 'ServerLevel[Epic survival world]'/minecraft:overworld
[22:56:11] [Server thread/INFO]: Saving chunks for level 'ServerLevel[Epic survival world]'/minecraft:the_end
[22:56:11] [Server thread/INFO]: Saving chunks for level 'ServerLevel[Epic survival world]'/minecraft:the_nether
[22:56:14] [Render thread/INFO]: Stopping worker threads
[22:56:14] [Render thread/INFO]: Started 6 worker threads
[22:56:14] [Render thread/INFO]: Stopping worker threads
[22:56:14] [Server thread/INFO]: Saving and pausing game...
[22:56:14] [Render thread/INFO]: Started 6 worker threads
[22:56:14] [Server thread/INFO]: Saving chunks for level 'ServerLevel[Epic survival world]'/minecraft:overworld
[22:56:14] [Server thread/INFO]: Saving chunks for level 'ServerLevel[Epic survival world]'/minecraft:the_end
[22:56:14] [Server thread/INFO]: Saving chunks for level 'ServerLevel[Epic survival world]'/minecraft:the_nether
[23:02:35] [Render thread/INFO]: Stopping worker threads
[23:02:35] [Render thread/INFO]: Started 6 worker threads
[23:02:35] [Render thread/INFO]: Stopping worker threads
[23:02:35] [Render thread/INFO]: Started 6 worker threads
[23:02:35] [Server thread/INFO]: Saving and pausing game...
[23:02:35] [Server thread/INFO]: Saving chunks for level 'ServerLevel[Epic survival world]'/minecraft:overworld
[23:02:35] [Server thread/INFO]: Saving chunks for level 'ServerLevel[Epic survival world]'/minecraft:the_end
[23:02:35] [Server thread/INFO]: Saving chunks for level 'ServerLevel[Epic survival world]'/minecraft:the_nether
[23:06:02] [Render thread/INFO]: Stopping worker threads
[23:06:02] [Server thread/INFO]: Saving and pausing game...
[23:06:02] [Render thread/INFO]: Started 6 worker threads
[23:06:02] [Server thread/INFO]: Saving chunks for level 'ServerLevel[Epic survival world]'/minecraft:overworld
[23:06:02] [Render thread/INFO]: Stopping worker threads
[23:06:02] [Render thread/INFO]: Started 6 worker threads
[23:06:02] [Server thread/INFO]: Saving chunks for level 'ServerLevel[Epic survival world]'/minecraft:the_end
[23:06:02] [Server thread/INFO]: Saving chunks for level 'ServerLevel[Epic survival world]'/minecraft:the_nether
[23:06:31] [Render thread/INFO]: Stopping worker threads
[23:06:31] [Render thread/INFO]: Started 6 worker threads
[23:06:31] [Render thread/INFO]: Stopping worker threads
[23:06:31] [Render thread/INFO]: Started 6 worker threads
[23:06:31] [Server thread/INFO]: Saving and pausing game...
[23:06:31] [Server thread/INFO]: Saving chunks for level 'ServerLevel[Epic survival world]'/minecraft:overworld
[23:06:31] [Server thread/INFO]: Saving chunks for level 'ServerLevel[Epic survival world]'/minecraft:the_end
[23:06:31] [Server thread/INFO]: Saving chunks for level 'ServerLevel[Epic survival world]'/minecraft:the_nether
[23:06:41] [Render thread/INFO]: Stopping worker threads
[23:06:41] [Render thread/INFO]: Started 6 worker threads
[23:06:41] [Server thread/INFO]: Saving and pausing game...
[23:06:41] [Render thread/INFO]: Stopping worker threads
[23:06:41] [Render thread/INFO]: Started 6 worker threads
[23:06:41] [Server thread/INFO]: Saving chunks for level 'ServerLevel[Epic survival world]'/minecraft:overworld
[23:06:41] [Server thread/INFO]: Saving chunks for level 'ServerLevel[Epic survival world]'/minecraft:the_end
[23:06:41] [Server thread/INFO]: Saving chunks for level 'ServerLevel[Epic survival world]'/minecraft:the_nether
[23:06:55] [Render thread/WARN]: Received passengers for unknown entity
[23:07:22] [WebSocketConnectReadThread-385/WARN]: Connection closed unexpectedly (CloseInfo(code=1006, reason=, remote=true, outdated=false)) after 2h 33m 41.956602500s
[23:07:22] [Render thread/INFO]: Authenticating to Mojang as 16thGarden (dc0548c7-2c22-450e-91f5-2a17cfde2a12)
[23:07:23] [DefaultDispatcher-worker-1/INFO]: Connecting to Essential Connection Manager...
[23:07:24] [WebSocketConnectReadThread-734/INFO]: Connected to Essential Connection Manager.
[23:07:26] [Render thread/INFO]: Stopping worker threads
[23:07:26] [Server thread/INFO]: Saving and pausing game...
[23:07:26] [Render thread/INFO]: Started 6 worker threads
[23:07:26] [Render thread/INFO]: Stopping worker threads
[23:07:26] [Render thread/INFO]: Started 6 worker threads
[23:07:26] [Server thread/INFO]: Saving chunks for level 'ServerLevel[Epic survival world]'/minecraft:overworld
[23:07:26] [Server thread/INFO]: Saving chunks for level 'ServerLevel[Epic survival world]'/minecraft:the_end
[23:07:26] [Server thread/INFO]: Saving chunks for level 'ServerLevel[Epic survival world]'/minecraft:the_nether
[23:07:27] [Render thread/WARN]: Received passengers for unknown entity
[23:07:27] [Render thread/WARN]: Received passengers for unknown entity
[23:07:27] [Render thread/WARN]: Received passengers for unknown entity
[23:07:27] [Render thread/WARN]: Received passengers for unknown entity
[23:07:27] [Render thread/WARN]: Received passengers for unknown entity
[23:07:27] [Render thread/WARN]: Received passengers for unknown entity
[23:07:27] [Render thread/WARN]: Received passengers for unknown entity
[23:07:27] [Render thread/WARN]: Received passengers for unknown entity
[23:07:27] [Render thread/WARN]: Received passengers for unknown entity
[23:07:27] [Render thread/WARN]: Received passengers for unknown entity
[23:07:27] [Render thread/WARN]: Received passengers for unknown entity
[23:07:27] [Render thread/WARN]: Received passengers for unknown entity
[23:07:27] [Render thread/WARN]: Received passengers for unknown entity
[23:07:27] [Render thread/WARN]: Received passengers for unknown entity
[23:07:27] [Render thread/WARN]: Received passengers for unknown entity
[23:07:58] [Render thread/INFO]: Stopping worker threads
[23:07:58] [Server thread/INFO]: Saving and pausing game...
[23:07:58] [Render thread/INFO]: Started 6 worker threads
[23:07:58] [Render thread/INFO]: Stopping worker threads
[23:07:58] [Render thread/INFO]: Started 6 worker threads
[23:07:58] [Server thread/INFO]: Saving chunks for level 'ServerLevel[Epic survival world]'/minecraft:overworld
[23:07:58] [Server thread/INFO]: Saving chunks for level 'ServerLevel[Epic survival world]'/minecraft:the_end
[23:07:58] [Server thread/INFO]: Saving chunks for level 'ServerLevel[Epic survival world]'/minecraft:the_nether
[23:08:13] [Render thread/INFO]: Stopping worker threads
[23:08:13] [Render thread/INFO]: Started 6 worker threads
[23:08:13] [Render thread/INFO]: Stopping worker threads
[23:08:13] [Render thread/INFO]: Started 6 worker threads
[23:08:13] [Server thread/INFO]: Saving and pausing game...
[23:08:13] [Server thread/INFO]: Saving chunks for level 'ServerLevel[Epic survival world]'/minecraft:overworld
[23:08:13] [Server thread/INFO]: Saving chunks for level 'ServerLevel[Epic survival world]'/minecraft:the_end
[23:08:13] [Server thread/INFO]: Saving chunks for level 'ServerLevel[Epic survival world]'/minecraft:the_nether
[23:28:14] [Render thread/WARN]: Unable to play empty soundEvent: minecraft:entity.cod.ambient
[23:28:15] [Render thread/WARN]: Unable to play empty soundEvent: minecraft:entity.salmon.ambient
[23:47:38] [Server thread/WARN]: Mismatch in destroy block pos: class_2338{x=-56, y=59, z=-26} class_2338{x=-59, y=60, z=-27}
[23:49:21] [Server thread/WARN]: Mismatch in destroy block pos: class_2338{x=-73, y=60, z=-66} class_2338{x=-73, y=60, z=-69}
[23:57:30] [Essential Thread 1/WARN]: Connection closed unexpectedly (CloseInfo(code=4500, reason=SERVER_KEEP_ALIVE_TIMEOUT, remote=false, outdated=false)) after 50m 6.122022600s
[23:57:30] [Render thread/INFO]: Authenticating to Mojang as 16thGarden (dc0548c7-2c22-450e-91f5-2a17cfde2a12)
[23:57:32] [DefaultDispatcher-worker-1/INFO]: Connecting to Essential Connection Manager...
[23:57:50] [WebSocketConnectReadThread-807/INFO]: Connected to Essential Connection Manager.
