[00:01:17] [Server thread/INFO]: <jakelookalike> how to use note block
[00:01:17] [Render thread/INFO]: [CHAT] <jakelookalike> how to use note block
[00:19:04] [Server thread/INFO]: <jakelookalike> LOOK AT THE FAN IN FAMILY ROOM
[00:19:04] [Render thread/INFO]: [CHAT] <jakelookalike> LOOK AT THE FAN IN FAMILY ROOM
[00:19:12] [Server thread/INFO]: <jakelookalike> it looks like a fan with cobweb rotated
[00:19:12] [Render thread/INFO]: [CHAT] <jakelookalike> it looks like a fan with cobweb rotated
[00:19:28] [Server thread/INFO]: <jakelookalike> wth'
[00:19:28] [Render thread/INFO]: [CHAT] <jakelookalike> wth'
[00:19:40] [Server thread/INFO]: <jakelookalike> oh
[00:19:40] [Render thread/INFO]: [CHAT] <jakelookalike> oh
[00:20:20] [Server thread/INFO]: <jakelookalike> roof is 3 blocks tall?
[00:20:20] [Render thread/INFO]: [CHAT] <jakelookalike> roof is 3 blocks tall?
[00:20:29] [Server thread/INFO]: <16thGarden> make outline
[00:20:29] [Render thread/INFO]: [CHAT] <16thGarden> make outline
[00:20:36] [Server thread/INFO]: <jakelookalike> ok
[00:20:36] [Render thread/INFO]: [CHAT] <jakelookalike> ok
[00:20:54] [Server thread/INFO]: <jakelookalike> ill fill in the bloicks
[00:20:54] [Render thread/INFO]: [CHAT] <jakelookalike> ill fill in the bloicks
[00:25:28] [Server thread/INFO]: <jakelookalike> dads office isnt in the bkueprint
[00:25:28] [Render thread/INFO]: [CHAT] <jakelookalike> dads office isnt in the bkueprint
[00:25:33] [Server thread/INFO]: <jakelookalike> layout print
[00:25:33] [Render thread/INFO]: [CHAT] <jakelookalike> layout print
[00:33:26] [Server thread/INFO]: <jakelookalike> is it done
[00:33:26] [Render thread/INFO]: [CHAT] <jakelookalike> is it done
[00:34:25] [Server thread/INFO]: [16thGarden: Teleported jakelookalike to 16thGarden]
[00:34:25] [Render thread/INFO]: [System] [CHAT] Teleported jakelookalike to 16thGarden
[00:34:25] [Server thread/WARN]: jakelookalike moved too quickly! 62.62962939899407,-38.51295023443686,70.26342182002021
[00:34:25] [Server thread/WARN]: jakelookalike moved too quickly! 62.62962939899407,-38.51295023443686,70.26342182002021
[00:34:35] [Server thread/INFO]: <16thGarden> magic
[00:34:35] [Render thread/INFO]: [CHAT] <16thGarden> magic
[00:34:41] [Server thread/INFO]: <jakelookalike> i was looking at my phone
[00:34:41] [Render thread/INFO]: [CHAT] <jakelookalike> i was looking at my phone
[00:34:43] [Server thread/INFO]: <jakelookalike> :3
[00:34:43] [Render thread/INFO]: [CHAT] <jakelookalike> :3
[00:37:27] [Server thread/INFO]: <jakelookalike> wait it can be the drain
[00:37:27] [Render thread/INFO]: [CHAT] <jakelookalike> wait it can be the drain
[00:41:31] [Render thread/INFO]: Loaded 348 advancements
[00:54:23] [Server thread/INFO]: 16thGarden has made the advancement [Suit Up]
[00:54:23] [Render thread/INFO]: [System] [CHAT] 16thGarden has made the advancement [Suit Up]
[00:54:24] [Render thread/INFO]: Loaded 352 advancements
[00:57:36] [Server thread/INFO]: <jakelookalike> its straight ceiluing in the staircase
[00:57:36] [Render thread/INFO]: [CHAT] <jakelookalike> its straight ceiluing in the staircase
[00:58:34] [Server thread/INFO]: <jakelookalike> woah
[00:58:34] [Render thread/INFO]: [CHAT] <jakelookalike> woah
[00:58:35] [Server thread/INFO]: <16thGarden> magic
[00:58:35] [Render thread/INFO]: [CHAT] <16thGarden> magic
[01:07:27] [Server thread/INFO]: <jakelookalike> ew sound
[01:07:27] [Render thread/INFO]: [CHAT] <jakelookalike> ew sound
[01:07:49] [Server thread/INFO]: <jakelookalike> is there an office chair in the dads office
[01:07:49] [Render thread/INFO]: [CHAT] <jakelookalike> is there an office chair in the dads office
[01:07:52] [Server thread/INFO]: <jakelookalike> or wooden
[01:07:52] [Render thread/INFO]: [CHAT] <jakelookalike> or wooden
[01:07:53] [Server thread/INFO]: <16thGarden> yes
[01:07:53] [Render thread/INFO]: [CHAT] <16thGarden> yes
[01:07:55] [Server thread/INFO]: <jakelookalike> ok
[01:07:55] [Render thread/INFO]: [CHAT] <jakelookalike> ok
[01:21:56] [Server thread/INFO]: [jakelookalike: Set the time to 13000]
[01:21:56] [Render thread/INFO]: [System] [CHAT] [jakelookalike: Set the time to 13000]
[01:22:04] [Server thread/INFO]: [jakelookalike: Set the time to 18000]
[01:22:04] [Render thread/INFO]: [System] [CHAT] [jakelookalike: Set the time to 18000]
[01:23:56] [Netty Server IO ICE #22/INFO]: f00c7eb3-663a-46f0-a7a5-64c91a203312 channel inactive, closing.
[01:23:56] [netty->quic (f00c7eb3-663a-46f0-a7a5-64c91a203312)/INFO]: Closing.
[01:23:56] [Netty Server IO ICE #22/INFO]: f00c7eb3-663a-46f0-a7a5-64c91a203312 closing QUIC.
[01:23:56] [Netty Server IO ICE #22/INFO]: f00c7eb3-663a-46f0-a7a5-64c91a203312 closed.
[01:23:56] [Server thread/INFO]: jakelookalike lost connection: Timed out
[01:23:56] [Server thread/INFO]: jakelookalike left the game
[01:23:56] [Render thread/INFO]: [System] [CHAT] jakelookalike left the game
[01:23:59] [Essential Thread 16/ERROR]: io.netty.channel.StacklessClosedChannelException
[01:23:59] [Essential Thread 16/ERROR]: 	at io.netty.channel.AbstractChannel$AbstractUnsafe.write(Object, ChannelPromise)(Unknown Source)
[01:23:59] [Essential Thread 16/ERROR]: io.netty.channel.StacklessClosedChannelException
[01:23:59] [Essential Thread 16/ERROR]: 	at io.netty.channel.AbstractChannel$AbstractUnsafe.write(Object, ChannelPromise)(Unknown Source)
[01:23:59] [Essential Thread 16/ERROR]: io.netty.channel.StacklessClosedChannelException
[01:23:59] [Essential Thread 16/ERROR]: 	at io.netty.channel.AbstractChannel$AbstractUnsafe.write(Object, ChannelPromise)(Unknown Source)
[01:23:59] [Essential Thread 16/ERROR]: io.netty.channel.StacklessClosedChannelException
[01:23:59] [Essential Thread 16/ERROR]: 	at io.netty.channel.AbstractChannel$AbstractUnsafe.write(Object, ChannelPromise)(Unknown Source)
[01:23:59] [Essential Thread 16/ERROR]: io.netty.channel.StacklessClosedChannelException
[01:23:59] [Essential Thread 16/ERROR]: 	at io.netty.channel.AbstractChannel$AbstractUnsafe.write(Object, ChannelPromise)(Unknown Source)
[01:23:59] [Essential Thread 16/ERROR]: io.netty.channel.StacklessClosedChannelException
[01:23:59] [Essential Thread 16/ERROR]: 	at io.netty.channel.AbstractChannel$AbstractUnsafe.write(Object, ChannelPromise)(Unknown Source)
[01:23:59] [Essential Thread 16/ERROR]: io.netty.channel.StacklessClosedChannelException
[01:23:59] [Essential Thread 16/ERROR]: 	at io.netty.channel.AbstractChannel$AbstractUnsafe.write(Object, ChannelPromise)(Unknown Source)
[01:23:59] [Essential Thread 16/ERROR]: io.netty.channel.StacklessClosedChannelException
[01:23:59] [Essential Thread 16/ERROR]: 	at io.netty.channel.AbstractChannel$AbstractUnsafe.write(Object, ChannelPromise)(Unknown Source)
[01:23:59] [Essential Thread 16/ERROR]: io.netty.channel.StacklessClosedChannelException
[01:23:59] [Essential Thread 16/ERROR]: 	at io.netty.channel.AbstractChannel$AbstractUnsafe.write(Object, ChannelPromise)(Unknown Source)
[01:23:59] [Essential Thread 16/ERROR]: io.netty.channel.StacklessClosedChannelException
[01:23:59] [Essential Thread 16/ERROR]: 	at io.netty.channel.AbstractChannel$AbstractUnsafe.write(Object, ChannelPromise)(Unknown Source)
[01:23:59] [Essential Thread 16/ERROR]: io.netty.channel.StacklessClosedChannelException
[01:23:59] [Essential Thread 16/ERROR]: 	at io.netty.channel.AbstractChannel$AbstractUnsafe.write(Object, ChannelPromise)(Unknown Source)
[01:23:59] [Essential Thread 16/ERROR]: io.netty.channel.StacklessClosedChannelException
[01:23:59] [Essential Thread 16/ERROR]: 	at io.netty.channel.AbstractChannel$AbstractUnsafe.write(Object, ChannelPromise)(Unknown Source)
[01:23:59] [Essential Thread 16/ERROR]: io.netty.channel.StacklessClosedChannelException
[01:23:59] [Essential Thread 16/ERROR]: 	at io.netty.channel.AbstractChannel$AbstractUnsafe.write(Object, ChannelPromise)(Unknown Source)
[01:23:59] [Essential Thread 16/ERROR]: io.netty.channel.StacklessClosedChannelException
[01:23:59] [Essential Thread 16/ERROR]: 	at io.netty.channel.AbstractChannel$AbstractUnsafe.write(Object, ChannelPromise)(Unknown Source)
[01:24:01] [Essential Thread 1/INFO]: Closing.
[01:24:07] [Essential 10/INFO]: Update remote candidate for minecraft.RTP: 192.168.50.161:61620/udp
[01:24:07] [Essential 2/INFO]: Update remote candidate for minecraft.RTP: [fe80:0:0:0:2ad8:3c4:deb6:2601]:61621/udp
[01:24:07] [Render thread/INFO]: Changing agent ICE Agent (stream-count=0 ice-pwd:7u8t8qdlkfq77vjdiu5q8nsnd4 ice-ufrag:essential-qv60710-7dco81hpra84le tie-breaker:1352809371935809547):
 role from controlling = true to controlling = false
[01:24:08] [Render thread/INFO]: Gathering candidates for component minecraft.RTP.
[01:24:08] [MergingDatagramSocket reader thread for: /192.168.50.170:61352 -> null/INFO]: Failed to receive: java.net.SocketException: Socket closed
[01:24:08] [Essential 12/INFO]: Update remote candidate for minecraft.RTP: 49.144.39.51:52747/udp
[01:24:08] [Essential Thread 15/INFO]: Start ICE connectivity establishment.
[01:24:08] [Essential 5/INFO]: Update remote candidate for minecraft.RTP: 143.198.17.69:51818/udp
[01:24:08] [Essential 12/INFO]: new Pair added: 192.168.50.170:61976/udp/host -> 49.144.39.51:52747/udp/srflx (minecraft.RTP).
[01:24:08] [Essential Thread 15/INFO]: Init checklist for stream minecraft
[01:24:08] [Essential 12/INFO]: new Pair added: 192.168.112.1:61978/udp/host -> 49.144.39.51:52747/udp/srflx (minecraft.RTP).
[01:24:08] [Essential Thread 15/INFO]: ICE state changed from Waiting to Running.
[01:24:08] [Essential 5/INFO]: existing Pair updated: 192.168.50.170:61976/udp/host -> 143.198.17.69:51818/udp/relay (minecraft.RTP) to 192.168.50.170:61976/udp/host -> 143.198.17.69:51818/udp/relay (minecraft.RTP).
[01:24:08] [Essential 5/INFO]: existing Pair updated: 192.168.112.1:61978/udp/host -> 143.198.17.69:51818/udp/relay (minecraft.RTP) to 192.168.112.1:61978/udp/host -> 143.198.17.69:51818/udp/relay (minecraft.RTP).
[01:24:08] [Essential Thread 15/INFO]: Start connectivity checks.
[01:24:08] [pool-15-thread-44/INFO]: Failed to send ALLOCATE-REQUEST(0x3)[attrib.count=4 len=40 tranID=0x8D14A4768E01968F98DCD4BE] through 192.168.112.1:61978/udp to 45.55.123.41:3478/udp
java.net.SocketException: Network is unreachable: no further information
	at sun.nio.ch.DatagramChannelImpl.send0(Native Method) ~[?:?]
	at sun.nio.ch.DatagramChannelImpl.sendFromNativeBuffer(DatagramChannelImpl.java:901) ~[?:?]
	at sun.nio.ch.DatagramChannelImpl.send(DatagramChannelImpl.java:863) ~[?:?]
	at sun.nio.ch.DatagramChannelImpl.send(DatagramChannelImpl.java:821) ~[?:?]
	at sun.nio.ch.DatagramChannelImpl.blockingSend(DatagramChannelImpl.java:853) ~[?:?]
	at sun.nio.ch.DatagramSocketAdaptor.send(DatagramSocketAdaptor.java:218) ~[?:?]
	at java.net.DatagramSocket.send(DatagramSocket.java:664) ~[?:?]
	at gg.essential.lib.ice4j.socket.DelegatingDatagramSocket.send(DelegatingDatagramSocket.java:732) ~[Essential%20(fabric_1.20.4).jar:?]
	at gg.essential.lib.ice4j.socket.DelegatingDatagramSocket.send(DelegatingDatagramSocket.java:777) ~[Essential%20(fabric_1.20.4).jar:?]
	at gg.essential.lib.ice4j.socket.IceUdpSocketWrapper.send(IceUdpSocketWrapper.java:53) ~[Essential%20(fabric_1.20.4).jar:?]
	at gg.essential.lib.ice4j.stack.Connector.sendMessage(Connector.java:329) ~[Essential%20(fabric_1.20.4).jar:?]
	at gg.essential.lib.ice4j.stack.NetAccessManager.sendMessage(NetAccessManager.java:635) ~[Essential%20(fabric_1.20.4).jar:?]
	at gg.essential.lib.ice4j.stack.NetAccessManager.sendMessage(NetAccessManager.java:581) ~[Essential%20(fabric_1.20.4).jar:?]
	at gg.essential.lib.ice4j.stack.StunClientTransaction.sendRequest0(StunClientTransaction.java:267) ~[Essential%20(fabric_1.20.4).jar:?]
	at gg.essential.lib.ice4j.stack.StunClientTransaction.sendRequest(StunClientTransaction.java:245) ~[Essential%20(fabric_1.20.4).jar:?]
	at gg.essential.lib.ice4j.stack.StunStack.sendRequest(StunStack.java:680) ~[Essential%20(fabric_1.20.4).jar:?]
	at gg.essential.lib.ice4j.stack.StunStack.sendRequest(StunStack.java:618) ~[Essential%20(fabric_1.20.4).jar:?]
	at gg.essential.lib.ice4j.ice.harvest.StunCandidateHarvest.sendRequest(StunCandidateHarvest.java:1300) ~[Essential%20(fabric_1.20.4).jar:?]
	at gg.essential.lib.ice4j.ice.harvest.StunCandidateHarvest.startResolvingCandidate(StunCandidateHarvest.java:1405) ~[Essential%20(fabric_1.20.4).jar:?]
	at gg.essential.lib.ice4j.ice.harvest.StunCandidateHarvester.startResolvingCandidate(StunCandidateHarvester.java:340) ~[Essential%20(fabric_1.20.4).jar:?]
	at gg.essential.lib.ice4j.ice.harvest.StunCandidateHarvester.harvest(StunCandidateHarvester.java:252) ~[Essential%20(fabric_1.20.4).jar:?]
	at gg.essential.lib.ice4j.ice.harvest.CandidateHarvesterSetElement.harvest(CandidateHarvesterSetElement.java:86) ~[Essential%20(fabric_1.20.4).jar:?]
	at gg.essential.lib.ice4j.ice.harvest.CandidateHarvesterSetTask.run(CandidateHarvesterSetTask.java:107) ~[Essential%20(fabric_1.20.4).jar:?]
	at java.util.concurrent.Executors$RunnableAdapter.call(Executors.java:539) ~[?:?]
	at java.util.concurrent.FutureTask.run(FutureTask.java:264) ~[?:?]
	at java.util.concurrent.ThreadPoolExecutor.runWorker(ThreadPoolExecutor.java:1136) ~[?:?]
	at java.util.concurrent.ThreadPoolExecutor$Worker.run(ThreadPoolExecutor.java:635) ~[?:?]
	at java.lang.Thread.run(Thread.java:833) ~[?:?]
[01:24:08] [pool-15-thread-45/INFO]: Failed to send ALLOCATE-REQUEST(0x3)[attrib.count=4 len=40 tranID=0x8D14A4768E010FA72F221BF8] through 192.168.112.1:61978/udp to 167.99.212.155:3478/udp
java.net.SocketException: Network is unreachable: no further information
	at sun.nio.ch.DatagramChannelImpl.send0(Native Method) ~[?:?]
	at sun.nio.ch.DatagramChannelImpl.sendFromNativeBuffer(DatagramChannelImpl.java:901) ~[?:?]
	at sun.nio.ch.DatagramChannelImpl.send(DatagramChannelImpl.java:863) ~[?:?]
	at sun.nio.ch.DatagramChannelImpl.send(DatagramChannelImpl.java:821) ~[?:?]
	at sun.nio.ch.DatagramChannelImpl.blockingSend(DatagramChannelImpl.java:853) ~[?:?]
	at sun.nio.ch.DatagramSocketAdaptor.send(DatagramSocketAdaptor.java:218) ~[?:?]
	at java.net.DatagramSocket.send(DatagramSocket.java:664) ~[?:?]
	at gg.essential.lib.ice4j.socket.DelegatingDatagramSocket.send(DelegatingDatagramSocket.java:732) ~[Essential%20(fabric_1.20.4).jar:?]
	at gg.essential.lib.ice4j.socket.DelegatingDatagramSocket.send(DelegatingDatagramSocket.java:777) ~[Essential%20(fabric_1.20.4).jar:?]
	at gg.essential.lib.ice4j.socket.IceUdpSocketWrapper.send(IceUdpSocketWrapper.java:53) ~[Essential%20(fabric_1.20.4).jar:?]
	at gg.essential.lib.ice4j.stack.Connector.sendMessage(Connector.java:329) ~[Essential%20(fabric_1.20.4).jar:?]
	at gg.essential.lib.ice4j.stack.NetAccessManager.sendMessage(NetAccessManager.java:635) ~[Essential%20(fabric_1.20.4).jar:?]
	at gg.essential.lib.ice4j.stack.NetAccessManager.sendMessage(NetAccessManager.java:581) ~[Essential%20(fabric_1.20.4).jar:?]
	at gg.essential.lib.ice4j.stack.StunClientTransaction.sendRequest0(StunClientTransaction.java:267) ~[Essential%20(fabric_1.20.4).jar:?]
	at gg.essential.lib.ice4j.stack.StunClientTransaction.sendRequest(StunClientTransaction.java:245) ~[Essential%20(fabric_1.20.4).jar:?]
	at gg.essential.lib.ice4j.stack.StunStack.sendRequest(StunStack.java:680) ~[Essential%20(fabric_1.20.4).jar:?]
	at gg.essential.lib.ice4j.stack.StunStack.sendRequest(StunStack.java:618) ~[Essential%20(fabric_1.20.4).jar:?]
	at gg.essential.lib.ice4j.ice.harvest.StunCandidateHarvest.sendRequest(StunCandidateHarvest.java:1300) ~[Essential%20(fabric_1.20.4).jar:?]
	at gg.essential.lib.ice4j.ice.harvest.StunCandidateHarvest.startResolvingCandidate(StunCandidateHarvest.java:1405) ~[Essential%20(fabric_1.20.4).jar:?]
	at gg.essential.lib.ice4j.ice.harvest.StunCandidateHarvester.startResolvingCandidate(StunCandidateHarvester.java:340) ~[Essential%20(fabric_1.20.4).jar:?]
	at gg.essential.lib.ice4j.ice.harvest.StunCandidateHarvester.harvest(StunCandidateHarvester.java:252) ~[Essential%20(fabric_1.20.4).jar:?]
	at gg.essential.lib.ice4j.ice.harvest.CandidateHarvesterSetElement.harvest(CandidateHarvesterSetElement.java:86) ~[Essential%20(fabric_1.20.4).jar:?]
	at gg.essential.lib.ice4j.ice.harvest.CandidateHarvesterSetTask.run(CandidateHarvesterSetTask.java:107) ~[Essential%20(fabric_1.20.4).jar:?]
	at java.util.concurrent.Executors$RunnableAdapter.call(Executors.java:539) ~[?:?]
	at java.util.concurrent.FutureTask.run(FutureTask.java:264) ~[?:?]
	at java.util.concurrent.ThreadPoolExecutor.runWorker(ThreadPoolExecutor.java:1136) ~[?:?]
	at java.util.concurrent.ThreadPoolExecutor$Worker.run(ThreadPoolExecutor.java:635) ~[?:?]
	at java.lang.Thread.run(Thread.java:833) ~[?:?]
[01:24:08] [pool-15-thread-42/INFO]: Failed to send BINDING-REQUEST(0x1)[attrib.count=3 len=32 tranID=0x8D14A4768E01A3CC560AC3A4] through 192.168.112.1:61978/udp to 167.99.212.155:3478/udp
java.net.SocketException: Network is unreachable: no further information
	at sun.nio.ch.DatagramChannelImpl.send0(Native Method) ~[?:?]
	at sun.nio.ch.DatagramChannelImpl.sendFromNativeBuffer(DatagramChannelImpl.java:901) ~[?:?]
	at sun.nio.ch.DatagramChannelImpl.send(DatagramChannelImpl.java:863) ~[?:?]
	at sun.nio.ch.DatagramChannelImpl.send(DatagramChannelImpl.java:821) ~[?:?]
	at sun.nio.ch.DatagramChannelImpl.blockingSend(DatagramChannelImpl.java:853) ~[?:?]
	at sun.nio.ch.DatagramSocketAdaptor.send(DatagramSocketAdaptor.java:218) ~[?:?]
	at java.net.DatagramSocket.send(DatagramSocket.java:664) ~[?:?]
	at gg.essential.lib.ice4j.socket.DelegatingDatagramSocket.send(DelegatingDatagramSocket.java:732) ~[Essential%20(fabric_1.20.4).jar:?]
	at gg.essential.lib.ice4j.socket.DelegatingDatagramSocket.send(DelegatingDatagramSocket.java:777) ~[Essential%20(fabric_1.20.4).jar:?]
	at gg.essential.lib.ice4j.socket.IceUdpSocketWrapper.send(IceUdpSocketWrapper.java:53) ~[Essential%20(fabric_1.20.4).jar:?]
	at gg.essential.lib.ice4j.stack.Connector.sendMessage(Connector.java:329) ~[Essential%20(fabric_1.20.4).jar:?]
	at gg.essential.lib.ice4j.stack.NetAccessManager.sendMessage(NetAccessManager.java:635) ~[Essential%20(fabric_1.20.4).jar:?]
	at gg.essential.lib.ice4j.stack.NetAccessManager.sendMessage(NetAccessManager.java:581) ~[Essential%20(fabric_1.20.4).jar:?]
	at gg.essential.lib.ice4j.stack.StunClientTransaction.sendRequest0(StunClientTransaction.java:267) ~[Essential%20(fabric_1.20.4).jar:?]
	at gg.essential.lib.ice4j.stack.StunClientTransaction.sendRequest(StunClientTransaction.java:245) ~[Essential%20(fabric_1.20.4).jar:?]
	at gg.essential.lib.ice4j.stack.StunStack.sendRequest(StunStack.java:680) ~[Essential%20(fabric_1.20.4).jar:?]
	at gg.essential.lib.ice4j.stack.StunStack.sendRequest(StunStack.java:618) ~[Essential%20(fabric_1.20.4).jar:?]
	at gg.essential.lib.ice4j.ice.harvest.StunCandidateHarvest.sendRequest(StunCandidateHarvest.java:1300) ~[Essential%20(fabric_1.20.4).jar:?]
	at gg.essential.lib.ice4j.ice.harvest.StunCandidateHarvest.startResolvingCandidate(StunCandidateHarvest.java:1405) ~[Essential%20(fabric_1.20.4).jar:?]
	at gg.essential.lib.ice4j.ice.harvest.StunCandidateHarvester.startResolvingCandidate(StunCandidateHarvester.java:340) ~[Essential%20(fabric_1.20.4).jar:?]
	at gg.essential.lib.ice4j.ice.harvest.StunCandidateHarvester.harvest(StunCandidateHarvester.java:252) ~[Essential%20(fabric_1.20.4).jar:?]
	at gg.essential.lib.ice4j.ice.harvest.CandidateHarvesterSetElement.harvest(CandidateHarvesterSetElement.java:86) ~[Essential%20(fabric_1.20.4).jar:?]
	at gg.essential.lib.ice4j.ice.harvest.CandidateHarvesterSetTask.run(CandidateHarvesterSetTask.java:107) ~[Essential%20(fabric_1.20.4).jar:?]
	at java.util.concurrent.Executors$RunnableAdapter.call(Executors.java:539) ~[?:?]
	at java.util.concurrent.FutureTask.run(FutureTask.java:264) ~[?:?]
	at java.util.concurrent.ThreadPoolExecutor.runWorker(ThreadPoolExecutor.java:1136) ~[?:?]
	at java.util.concurrent.ThreadPoolExecutor$Worker.run(ThreadPoolExecutor.java:635) ~[?:?]
	at java.lang.Thread.run(Thread.java:833) ~[?:?]
[01:24:08] [pool-15-thread-41/INFO]: Failed to send BINDING-REQUEST(0x1)[attrib.count=3 len=32 tranID=0x8D14A4768E01B3E54E9FE330] through 192.168.112.1:61978/udp to 45.55.123.41:3478/udp
java.net.SocketException: Network is unreachable: no further information
	at sun.nio.ch.DatagramChannelImpl.send0(Native Method) ~[?:?]
	at sun.nio.ch.DatagramChannelImpl.sendFromNativeBuffer(DatagramChannelImpl.java:901) ~[?:?]
	at sun.nio.ch.DatagramChannelImpl.send(DatagramChannelImpl.java:863) ~[?:?]
	at sun.nio.ch.DatagramChannelImpl.send(DatagramChannelImpl.java:821) ~[?:?]
	at sun.nio.ch.DatagramChannelImpl.blockingSend(DatagramChannelImpl.java:853) ~[?:?]
	at sun.nio.ch.DatagramSocketAdaptor.send(DatagramSocketAdaptor.java:218) ~[?:?]
	at java.net.DatagramSocket.send(DatagramSocket.java:664) ~[?:?]
	at gg.essential.lib.ice4j.socket.DelegatingDatagramSocket.send(DelegatingDatagramSocket.java:732) ~[Essential%20(fabric_1.20.4).jar:?]
	at gg.essential.lib.ice4j.socket.DelegatingDatagramSocket.send(DelegatingDatagramSocket.java:777) ~[Essential%20(fabric_1.20.4).jar:?]
	at gg.essential.lib.ice4j.socket.IceUdpSocketWrapper.send(IceUdpSocketWrapper.java:53) ~[Essential%20(fabric_1.20.4).jar:?]
	at gg.essential.lib.ice4j.stack.Connector.sendMessage(Connector.java:329) ~[Essential%20(fabric_1.20.4).jar:?]
	at gg.essential.lib.ice4j.stack.NetAccessManager.sendMessage(NetAccessManager.java:635) ~[Essential%20(fabric_1.20.4).jar:?]
	at gg.essential.lib.ice4j.stack.NetAccessManager.sendMessage(NetAccessManager.java:581) ~[Essential%20(fabric_1.20.4).jar:?]
	at gg.essential.lib.ice4j.stack.StunClientTransaction.sendRequest0(StunClientTransaction.java:267) ~[Essential%20(fabric_1.20.4).jar:?]
	at gg.essential.lib.ice4j.stack.StunClientTransaction.sendRequest(StunClientTransaction.java:245) ~[Essential%20(fabric_1.20.4).jar:?]
	at gg.essential.lib.ice4j.stack.StunStack.sendRequest(StunStack.java:680) ~[Essential%20(fabric_1.20.4).jar:?]
	at gg.essential.lib.ice4j.stack.StunStack.sendRequest(StunStack.java:618) ~[Essential%20(fabric_1.20.4).jar:?]
	at gg.essential.lib.ice4j.ice.harvest.StunCandidateHarvest.sendRequest(StunCandidateHarvest.java:1300) ~[Essential%20(fabric_1.20.4).jar:?]
	at gg.essential.lib.ice4j.ice.harvest.StunCandidateHarvest.startResolvingCandidate(StunCandidateHarvest.java:1405) ~[Essential%20(fabric_1.20.4).jar:?]
	at gg.essential.lib.ice4j.ice.harvest.StunCandidateHarvester.startResolvingCandidate(StunCandidateHarvester.java:340) ~[Essential%20(fabric_1.20.4).jar:?]
	at gg.essential.lib.ice4j.ice.harvest.StunCandidateHarvester.harvest(StunCandidateHarvester.java:252) ~[Essential%20(fabric_1.20.4).jar:?]
	at gg.essential.lib.ice4j.ice.harvest.CandidateHarvesterSetElement.harvest(CandidateHarvesterSetElement.java:86) ~[Essential%20(fabric_1.20.4).jar:?]
	at gg.essential.lib.ice4j.ice.harvest.CandidateHarvesterSetTask.run(CandidateHarvesterSetTask.java:107) ~[Essential%20(fabric_1.20.4).jar:?]
	at java.util.concurrent.Executors$RunnableAdapter.call(Executors.java:539) ~[?:?]
	at java.util.concurrent.FutureTask.run(FutureTask.java:264) ~[?:?]
	at java.util.concurrent.ThreadPoolExecutor.runWorker(ThreadPoolExecutor.java:1136) ~[?:?]
	at java.util.concurrent.ThreadPoolExecutor$Worker.run(ThreadPoolExecutor.java:635) ~[?:?]
	at java.lang.Thread.run(Thread.java:833) ~[?:?]
[01:24:08] [pool-15-thread-44/INFO]: Failed to start resolving host candidate candidate:3 1 udp 2113932031 192.168.112.1 61978 typ host
gg.essential.lib.ice4j.StunException: Network is unreachable: no further information
	at gg.essential.lib.ice4j.ice.harvest.StunCandidateHarvest.sendRequest(StunCandidateHarvest.java:1338) ~[Essential%20(fabric_1.20.4).jar:?]
	at gg.essential.lib.ice4j.ice.harvest.StunCandidateHarvest.startResolvingCandidate(StunCandidateHarvest.java:1405) ~[Essential%20(fabric_1.20.4).jar:?]
	at gg.essential.lib.ice4j.ice.harvest.StunCandidateHarvester.startResolvingCandidate(StunCandidateHarvester.java:340) ~[Essential%20(fabric_1.20.4).jar:?]
	at gg.essential.lib.ice4j.ice.harvest.StunCandidateHarvester.harvest(StunCandidateHarvester.java:252) ~[Essential%20(fabric_1.20.4).jar:?]
	at gg.essential.lib.ice4j.ice.harvest.CandidateHarvesterSetElement.harvest(CandidateHarvesterSetElement.java:86) ~[Essential%20(fabric_1.20.4).jar:?]
	at gg.essential.lib.ice4j.ice.harvest.CandidateHarvesterSetTask.run(CandidateHarvesterSetTask.java:107) ~[Essential%20(fabric_1.20.4).jar:?]
	at java.util.concurrent.Executors$RunnableAdapter.call(Executors.java:539) ~[?:?]
	at java.util.concurrent.FutureTask.run(FutureTask.java:264) ~[?:?]
	at java.util.concurrent.ThreadPoolExecutor.runWorker(ThreadPoolExecutor.java:1136) ~[?:?]
	at java.util.concurrent.ThreadPoolExecutor$Worker.run(ThreadPoolExecutor.java:635) ~[?:?]
	at java.lang.Thread.run(Thread.java:833) ~[?:?]
Caused by: java.net.SocketException: Network is unreachable: no further information
	at sun.nio.ch.DatagramChannelImpl.send0(Native Method) ~[?:?]
	at sun.nio.ch.DatagramChannelImpl.sendFromNativeBuffer(DatagramChannelImpl.java:901) ~[?:?]
	at sun.nio.ch.DatagramChannelImpl.send(DatagramChannelImpl.java:863) ~[?:?]
	at sun.nio.ch.DatagramChannelImpl.send(DatagramChannelImpl.java:821) ~[?:?]
	at sun.nio.ch.DatagramChannelImpl.blockingSend(DatagramChannelImpl.java:853) ~[?:?]
	at sun.nio.ch.DatagramSocketAdaptor.send(DatagramSocketAdaptor.java:218) ~[?:?]
	at java.net.DatagramSocket.send(DatagramSocket.java:664) ~[?:?]
	at gg.essential.lib.ice4j.socket.DelegatingDatagramSocket.send(DelegatingDatagramSocket.java:732) ~[Essential%20(fabric_1.20.4).jar:?]
	at gg.essential.lib.ice4j.socket.DelegatingDatagramSocket.send(DelegatingDatagramSocket.java:777) ~[Essential%20(fabric_1.20.4).jar:?]
	at gg.essential.lib.ice4j.socket.IceUdpSocketWrapper.send(IceUdpSocketWrapper.java:53) ~[Essential%20(fabric_1.20.4).jar:?]
	at gg.essential.lib.ice4j.stack.Connector.sendMessage(Connector.java:329) ~[Essential%20(fabric_1.20.4).jar:?]
	at gg.essential.lib.ice4j.stack.NetAccessManager.sendMessage(NetAccessManager.java:635) ~[Essential%20(fabric_1.20.4).jar:?]
	at gg.essential.lib.ice4j.stack.NetAccessManager.sendMessage(NetAccessManager.java:581) ~[Essential%20(fabric_1.20.4).jar:?]
	at gg.essential.lib.ice4j.stack.StunClientTransaction.sendRequest0(StunClientTransaction.java:267) ~[Essential%20(fabric_1.20.4).jar:?]
	at gg.essential.lib.ice4j.stack.StunClientTransaction.sendRequest(StunClientTransaction.java:245) ~[Essential%20(fabric_1.20.4).jar:?]
	at gg.essential.lib.ice4j.stack.StunStack.sendRequest(StunStack.java:680) ~[Essential%20(fabric_1.20.4).jar:?]
	at gg.essential.lib.ice4j.stack.StunStack.sendRequest(StunStack.java:618) ~[Essential%20(fabric_1.20.4).jar:?]
	at gg.essential.lib.ice4j.ice.harvest.StunCandidateHarvest.sendRequest(StunCandidateHarvest.java:1300) ~[Essential%20(fabric_1.20.4).jar:?]
	... 10 more
[01:24:08] [pool-15-thread-42/INFO]: Failed to start resolving host candidate candidate:3 1 udp 2113932031 192.168.112.1 61978 typ host
gg.essential.lib.ice4j.StunException: Network is unreachable: no further information
	at gg.essential.lib.ice4j.ice.harvest.StunCandidateHarvest.sendRequest(StunCandidateHarvest.java:1338) ~[Essential%20(fabric_1.20.4).jar:?]
	at gg.essential.lib.ice4j.ice.harvest.StunCandidateHarvest.startResolvingCandidate(StunCandidateHarvest.java:1405) ~[Essential%20(fabric_1.20.4).jar:?]
	at gg.essential.lib.ice4j.ice.harvest.StunCandidateHarvester.startResolvingCandidate(StunCandidateHarvester.java:340) ~[Essential%20(fabric_1.20.4).jar:?]
	at gg.essential.lib.ice4j.ice.harvest.StunCandidateHarvester.harvest(StunCandidateHarvester.java:252) ~[Essential%20(fabric_1.20.4).jar:?]
	at gg.essential.lib.ice4j.ice.harvest.CandidateHarvesterSetElement.harvest(CandidateHarvesterSetElement.java:86) ~[Essential%20(fabric_1.20.4).jar:?]
	at gg.essential.lib.ice4j.ice.harvest.CandidateHarvesterSetTask.run(CandidateHarvesterSetTask.java:107) ~[Essential%20(fabric_1.20.4).jar:?]
	at java.util.concurrent.Executors$RunnableAdapter.call(Executors.java:539) ~[?:?]
	at java.util.concurrent.FutureTask.run(FutureTask.java:264) ~[?:?]
	at java.util.concurrent.ThreadPoolExecutor.runWorker(ThreadPoolExecutor.java:1136) ~[?:?]
	at java.util.concurrent.ThreadPoolExecutor$Worker.run(ThreadPoolExecutor.java:635) ~[?:?]
	at java.lang.Thread.run(Thread.java:833) ~[?:?]
Caused by: java.net.SocketException: Network is unreachable: no further information
	at sun.nio.ch.DatagramChannelImpl.send0(Native Method) ~[?:?]
	at sun.nio.ch.DatagramChannelImpl.sendFromNativeBuffer(DatagramChannelImpl.java:901) ~[?:?]
	at sun.nio.ch.DatagramChannelImpl.send(DatagramChannelImpl.java:863) ~[?:?]
	at sun.nio.ch.DatagramChannelImpl.send(DatagramChannelImpl.java:821) ~[?:?]
	at sun.nio.ch.DatagramChannelImpl.blockingSend(DatagramChannelImpl.java:853) ~[?:?]
	at sun.nio.ch.DatagramSocketAdaptor.send(DatagramSocketAdaptor.java:218) ~[?:?]
	at java.net.DatagramSocket.send(DatagramSocket.java:664) ~[?:?]
	at gg.essential.lib.ice4j.socket.DelegatingDatagramSocket.send(DelegatingDatagramSocket.java:732) ~[Essential%20(fabric_1.20.4).jar:?]
	at gg.essential.lib.ice4j.socket.DelegatingDatagramSocket.send(DelegatingDatagramSocket.java:777) ~[Essential%20(fabric_1.20.4).jar:?]
	at gg.essential.lib.ice4j.socket.IceUdpSocketWrapper.send(IceUdpSocketWrapper.java:53) ~[Essential%20(fabric_1.20.4).jar:?]
	at gg.essential.lib.ice4j.stack.Connector.sendMessage(Connector.java:329) ~[Essential%20(fabric_1.20.4).jar:?]
	at gg.essential.lib.ice4j.stack.NetAccessManager.sendMessage(NetAccessManager.java:635) ~[Essential%20(fabric_1.20.4).jar:?]
	at gg.essential.lib.ice4j.stack.NetAccessManager.sendMessage(NetAccessManager.java:581) ~[Essential%20(fabric_1.20.4).jar:?]
	at gg.essential.lib.ice4j.stack.StunClientTransaction.sendRequest0(StunClientTransaction.java:267) ~[Essential%20(fabric_1.20.4).jar:?]
	at gg.essential.lib.ice4j.stack.StunClientTransaction.sendRequest(StunClientTransaction.java:245) ~[Essential%20(fabric_1.20.4).jar:?]
	at gg.essential.lib.ice4j.stack.StunStack.sendRequest(StunStack.java:680) ~[Essential%20(fabric_1.20.4).jar:?]
	at gg.essential.lib.ice4j.stack.StunStack.sendRequest(StunStack.java:618) ~[Essential%20(fabric_1.20.4).jar:?]
	at gg.essential.lib.ice4j.ice.harvest.StunCandidateHarvest.sendRequest(StunCandidateHarvest.java:1300) ~[Essential%20(fabric_1.20.4).jar:?]
	... 10 more
[01:24:08] [pool-15-thread-42/WARN]: harvest did not start, removed: gg.essential.lib.ice4j.ice.harvest.StunCandidateHarvest@71c4e15b
[01:24:08] [pool-15-thread-44/WARN]: harvest did not start, removed: gg.essential.lib.ice4j.ice.harvest.TurnCandidateHarvest@74b2afe7
[01:24:08] [pool-15-thread-41/INFO]: Failed to start resolving host candidate candidate:3 1 udp 2113932031 192.168.112.1 61978 typ host
gg.essential.lib.ice4j.StunException: Network is unreachable: no further information
	at gg.essential.lib.ice4j.ice.harvest.StunCandidateHarvest.sendRequest(StunCandidateHarvest.java:1338) ~[Essential%20(fabric_1.20.4).jar:?]
	at gg.essential.lib.ice4j.ice.harvest.StunCandidateHarvest.startResolvingCandidate(StunCandidateHarvest.java:1405) ~[Essential%20(fabric_1.20.4).jar:?]
	at gg.essential.lib.ice4j.ice.harvest.StunCandidateHarvester.startResolvingCandidate(StunCandidateHarvester.java:340) ~[Essential%20(fabric_1.20.4).jar:?]
	at gg.essential.lib.ice4j.ice.harvest.StunCandidateHarvester.harvest(StunCandidateHarvester.java:252) ~[Essential%20(fabric_1.20.4).jar:?]
	at gg.essential.lib.ice4j.ice.harvest.CandidateHarvesterSetElement.harvest(CandidateHarvesterSetElement.java:86) ~[Essential%20(fabric_1.20.4).jar:?]
	at gg.essential.lib.ice4j.ice.harvest.CandidateHarvesterSetTask.run(CandidateHarvesterSetTask.java:107) ~[Essential%20(fabric_1.20.4).jar:?]
	at java.util.concurrent.Executors$RunnableAdapter.call(Executors.java:539) ~[?:?]
	at java.util.concurrent.FutureTask.run(FutureTask.java:264) ~[?:?]
	at java.util.concurrent.ThreadPoolExecutor.runWorker(ThreadPoolExecutor.java:1136) ~[?:?]
	at java.util.concurrent.ThreadPoolExecutor$Worker.run(ThreadPoolExecutor.java:635) ~[?:?]
	at java.lang.Thread.run(Thread.java:833) ~[?:?]
Caused by: java.net.SocketException: Network is unreachable: no further information
	at sun.nio.ch.DatagramChannelImpl.send0(Native Method) ~[?:?]
	at sun.nio.ch.DatagramChannelImpl.sendFromNativeBuffer(DatagramChannelImpl.java:901) ~[?:?]
	at sun.nio.ch.DatagramChannelImpl.send(DatagramChannelImpl.java:863) ~[?:?]
	at sun.nio.ch.DatagramChannelImpl.send(DatagramChannelImpl.java:821) ~[?:?]
	at sun.nio.ch.DatagramChannelImpl.blockingSend(DatagramChannelImpl.java:853) ~[?:?]
	at sun.nio.ch.DatagramSocketAdaptor.send(DatagramSocketAdaptor.java:218) ~[?:?]
	at java.net.DatagramSocket.send(DatagramSocket.java:664) ~[?:?]
	at gg.essential.lib.ice4j.socket.DelegatingDatagramSocket.send(DelegatingDatagramSocket.java:732) ~[Essential%20(fabric_1.20.4).jar:?]
	at gg.essential.lib.ice4j.socket.DelegatingDatagramSocket.send(DelegatingDatagramSocket.java:777) ~[Essential%20(fabric_1.20.4).jar:?]
	at gg.essential.lib.ice4j.socket.IceUdpSocketWrapper.send(IceUdpSocketWrapper.java:53) ~[Essential%20(fabric_1.20.4).jar:?]
	at gg.essential.lib.ice4j.stack.Connector.sendMessage(Connector.java:329) ~[Essential%20(fabric_1.20.4).jar:?]
	at gg.essential.lib.ice4j.stack.NetAccessManager.sendMessage(NetAccessManager.java:635) ~[Essential%20(fabric_1.20.4).jar:?]
	at gg.essential.lib.ice4j.stack.NetAccessManager.sendMessage(NetAccessManager.java:581) ~[Essential%20(fabric_1.20.4).jar:?]
	at gg.essential.lib.ice4j.stack.StunClientTransaction.sendRequest0(StunClientTransaction.java:267) ~[Essential%20(fabric_1.20.4).jar:?]
	at gg.essential.lib.ice4j.stack.StunClientTransaction.sendRequest(StunClientTransaction.java:245) ~[Essential%20(fabric_1.20.4).jar:?]
	at gg.essential.lib.ice4j.stack.StunStack.sendRequest(StunStack.java:680) ~[Essential%20(fabric_1.20.4).jar:?]
	at gg.essential.lib.ice4j.stack.StunStack.sendRequest(StunStack.java:618) ~[Essential%20(fabric_1.20.4).jar:?]
	at gg.essential.lib.ice4j.ice.harvest.StunCandidateHarvest.sendRequest(StunCandidateHarvest.java:1300) ~[Essential%20(fabric_1.20.4).jar:?]
	... 10 more
[01:24:08] [pool-15-thread-41/WARN]: harvest did not start, removed: gg.essential.lib.ice4j.ice.harvest.StunCandidateHarvest@6d712cf5
[01:24:08] [pool-15-thread-45/INFO]: Failed to start resolving host candidate candidate:3 1 udp 2113932031 192.168.112.1 61978 typ host
gg.essential.lib.ice4j.StunException: Network is unreachable: no further information
	at gg.essential.lib.ice4j.ice.harvest.StunCandidateHarvest.sendRequest(StunCandidateHarvest.java:1338) ~[Essential%20(fabric_1.20.4).jar:?]
	at gg.essential.lib.ice4j.ice.harvest.StunCandidateHarvest.startResolvingCandidate(StunCandidateHarvest.java:1405) ~[Essential%20(fabric_1.20.4).jar:?]
	at gg.essential.lib.ice4j.ice.harvest.StunCandidateHarvester.startResolvingCandidate(StunCandidateHarvester.java:340) ~[Essential%20(fabric_1.20.4).jar:?]
	at gg.essential.lib.ice4j.ice.harvest.StunCandidateHarvester.harvest(StunCandidateHarvester.java:252) ~[Essential%20(fabric_1.20.4).jar:?]
	at gg.essential.lib.ice4j.ice.harvest.CandidateHarvesterSetElement.harvest(CandidateHarvesterSetElement.java:86) ~[Essential%20(fabric_1.20.4).jar:?]
	at gg.essential.lib.ice4j.ice.harvest.CandidateHarvesterSetTask.run(CandidateHarvesterSetTask.java:107) ~[Essential%20(fabric_1.20.4).jar:?]
	at java.util.concurrent.Executors$RunnableAdapter.call(Executors.java:539) ~[?:?]
	at java.util.concurrent.FutureTask.run(FutureTask.java:264) ~[?:?]
	at java.util.concurrent.ThreadPoolExecutor.runWorker(ThreadPoolExecutor.java:1136) ~[?:?]
	at java.util.concurrent.ThreadPoolExecutor$Worker.run(ThreadPoolExecutor.java:635) ~[?:?]
	at java.lang.Thread.run(Thread.java:833) ~[?:?]
Caused by: java.net.SocketException: Network is unreachable: no further information
	at sun.nio.ch.DatagramChannelImpl.send0(Native Method) ~[?:?]
	at sun.nio.ch.DatagramChannelImpl.sendFromNativeBuffer(DatagramChannelImpl.java:901) ~[?:?]
	at sun.nio.ch.DatagramChannelImpl.send(DatagramChannelImpl.java:863) ~[?:?]
	at sun.nio.ch.DatagramChannelImpl.send(DatagramChannelImpl.java:821) ~[?:?]
	at sun.nio.ch.DatagramChannelImpl.blockingSend(DatagramChannelImpl.java:853) ~[?:?]
	at sun.nio.ch.DatagramSocketAdaptor.send(DatagramSocketAdaptor.java:218) ~[?:?]
	at java.net.DatagramSocket.send(DatagramSocket.java:664) ~[?:?]
	at gg.essential.lib.ice4j.socket.DelegatingDatagramSocket.send(DelegatingDatagramSocket.java:732) ~[Essential%20(fabric_1.20.4).jar:?]
	at gg.essential.lib.ice4j.socket.DelegatingDatagramSocket.send(DelegatingDatagramSocket.java:777) ~[Essential%20(fabric_1.20.4).jar:?]
	at gg.essential.lib.ice4j.socket.IceUdpSocketWrapper.send(IceUdpSocketWrapper.java:53) ~[Essential%20(fabric_1.20.4).jar:?]
	at gg.essential.lib.ice4j.stack.Connector.sendMessage(Connector.java:329) ~[Essential%20(fabric_1.20.4).jar:?]
	at gg.essential.lib.ice4j.stack.NetAccessManager.sendMessage(NetAccessManager.java:635) ~[Essential%20(fabric_1.20.4).jar:?]
	at gg.essential.lib.ice4j.stack.NetAccessManager.sendMessage(NetAccessManager.java:581) ~[Essential%20(fabric_1.20.4).jar:?]
	at gg.essential.lib.ice4j.stack.StunClientTransaction.sendRequest0(StunClientTransaction.java:267) ~[Essential%20(fabric_1.20.4).jar:?]
	at gg.essential.lib.ice4j.stack.StunClientTransaction.sendRequest(StunClientTransaction.java:245) ~[Essential%20(fabric_1.20.4).jar:?]
	at gg.essential.lib.ice4j.stack.StunStack.sendRequest(StunStack.java:680) ~[Essential%20(fabric_1.20.4).jar:?]
	at gg.essential.lib.ice4j.stack.StunStack.sendRequest(StunStack.java:618) ~[Essential%20(fabric_1.20.4).jar:?]
	at gg.essential.lib.ice4j.ice.harvest.StunCandidateHarvest.sendRequest(StunCandidateHarvest.java:1300) ~[Essential%20(fabric_1.20.4).jar:?]
	... 10 more
[01:24:08] [pool-15-thread-45/WARN]: harvest did not start, removed: gg.essential.lib.ice4j.ice.harvest.TurnCandidateHarvest@15da97d8
[01:24:08] [ice4j.Agent-executor-pool-14-thread-1/INFO]: Failed to send BINDING-REQUEST(0x1)[attrib.count=7 len=140 tranID=0xB714A4768E01536A7296FE6B] through /192.168.112.1:61978.
java.net.SocketException: Network is unreachable: no further information
[01:24:08] [ice4j.Agent-executor-pool-14-thread-1/INFO]: Pair failed: 192.168.112.1:61978/udp/host -> 49.144.39.51:52747/udp/srflx (minecraft.RTP)
[01:24:08] [ice4j.Agent-executor-pool-14-thread-1/INFO]: Failed to send BINDING-REQUEST(0x1)[attrib.count=7 len=140 tranID=0xE214A4768E017BBC04DE691D] through /192.168.112.1:61978.
java.net.SocketException: Network is unreachable: no further information
[01:24:08] [ice4j.Agent-executor-pool-14-thread-1/INFO]: Pair failed: 192.168.112.1:61978/udp/host -> 143.198.17.69:51818/udp/relay (minecraft.RTP)
[01:24:08] [ice4j.NetAccessManager-pool-17-thread-21/INFO]: new Pair added: 192.168.50.170:61976/udp/host -> 49.144.39.51:52747/udp/srflx (minecraft.RTP).
[01:24:08] [ice4j.NetAccessManager-pool-17-thread-21/INFO]: new Pair added: 192.168.50.170:61976/udp/host -> 143.198.17.69:51818/udp/relay (minecraft.RTP).
[01:24:08] [ice4j.NetAccessManager-pool-17-thread-22/INFO]: new Pair added: 68.183.157.16:53079/udp/relay -> 49.144.39.51:52747/udp/srflx (minecraft.RTP).
[01:24:08] [ice4j.NetAccessManager-pool-17-thread-22/INFO]: new Pair added: 68.183.157.16:53079/udp/relay -> 143.198.17.69:51818/udp/relay (minecraft.RTP).
[01:24:08] [Essential 9/INFO]: Update remote candidate for minecraft.RTP: 192.168.1.2:61624/udp
[01:24:08] [Essential 7/INFO]: Update remote candidate for minecraft.RTP: 192.168.50.161:61624/udp
[01:24:08] [Essential 9/INFO]: new Pair added: 192.168.50.170:61976/udp/host -> 192.168.50.161:61624/udp/host (minecraft.RTP).
[01:24:08] [Essential 9/INFO]: new Pair added: 192.168.112.1:61978/udp/host -> 192.168.50.161:61624/udp/host (minecraft.RTP).
[01:24:08] [Essential 9/INFO]: new Pair added: 192.168.50.170:61976/udp/host -> 192.168.1.2:61624/udp/srflx (minecraft.RTP).
[01:24:08] [Essential 9/INFO]: new Pair added: 192.168.112.1:61978/udp/host -> 192.168.1.2:61624/udp/srflx (minecraft.RTP).
[01:24:08] [Essential 9/INFO]: new Pair added: 68.183.157.16:53079/udp/relay -> 192.168.50.161:61624/udp/host (minecraft.RTP).
[01:24:08] [Essential 9/INFO]: new Pair added: 68.183.157.16:53079/udp/relay -> 192.168.1.2:61624/udp/srflx (minecraft.RTP).
[01:24:08] [ice4j.NetAccessManager-pool-17-thread-22/INFO]: Add peer CandidatePair with new reflexive address to checkList: CandidatePair (State=Frozen Priority=7926347438766424062):
	LocalCandidate=candidate:1 1 udp 2130706431 192.168.50.170 61976 typ host
	RemoteCandidate=candidate:10000 1 udp 1845496575 192.168.50.161 61620 typ prflx
[01:24:08] [ice4j.NetAccessManager-pool-17-thread-22/INFO]: Pair succeeded: 192.168.50.170:61976/udp/host -> 192.168.50.161:61624/udp/host (minecraft.RTP).
[01:24:08] [ice4j.NetAccessManager-pool-17-thread-22/INFO]: Adding allowed address: 192.168.50.161:61624/udp
[01:24:08] [ice4j.NetAccessManager-pool-17-thread-22/INFO]: Pair validated: 192.168.50.170:61976/udp/host -> 192.168.50.161:61624/udp/host (minecraft.RTP).
[01:24:08] [ice4j.NetAccessManager-pool-17-thread-22/INFO]: IsControlling: false USE-CANDIDATE:false.
[01:24:08] [ice4j.NetAccessManager-pool-17-thread-22/INFO]: Pair succeeded: 192.168.50.170:61976/udp/host -> 192.168.50.161:61620/udp/prflx (minecraft.RTP).
[01:24:08] [ice4j.NetAccessManager-pool-17-thread-22/INFO]: Adding allowed address: 192.168.50.161:61620/udp
[01:24:08] [ice4j.NetAccessManager-pool-17-thread-22/INFO]: Pair validated: 192.168.50.170:61976/udp/host -> 192.168.50.161:61620/udp/prflx (minecraft.RTP).
[01:24:08] [ice4j.NetAccessManager-pool-17-thread-22/INFO]: IsControlling: false USE-CANDIDATE:false.
[01:24:08] [ice4j.Agent-executor-pool-14-thread-1/INFO]: Failed to send BINDING-REQUEST(0x1)[attrib.count=7 len=140 tranID=0xF415A4768E016F9D146D4F94] through /192.168.112.1:61978.
java.net.SocketException: Network is unreachable: no further information
[01:24:08] [ice4j.Agent-executor-pool-14-thread-1/INFO]: Pair failed: 192.168.112.1:61978/udp/host -> 192.168.50.161:61624/udp/host (minecraft.RTP)
[01:24:08] [ice4j.NetAccessManager-pool-17-thread-21/INFO]: new Pair added: 192.168.50.1:61976/udp/prflx -> 192.168.50.161:61624/udp/host (minecraft.RTP).
[01:24:08] [ice4j.NetAccessManager-pool-17-thread-21/INFO]: new Pair added: 192.168.50.1:61976/udp/prflx -> 49.144.39.51:52747/udp/srflx (minecraft.RTP).
[01:24:08] [ice4j.NetAccessManager-pool-17-thread-21/INFO]: new Pair added: 192.168.50.1:61976/udp/prflx -> 192.168.1.2:61624/udp/srflx (minecraft.RTP).
[01:24:08] [ice4j.NetAccessManager-pool-17-thread-21/INFO]: new Pair added: 192.168.50.1:61976/udp/prflx -> 143.198.17.69:51818/udp/relay (minecraft.RTP).
[01:24:08] [ice4j.NetAccessManager-pool-17-thread-21/INFO]: Receive a peer-reflexive candidate: 192.168.50.1:61976/udp.
[01:24:08] [ice4j.NetAccessManager-pool-17-thread-21/INFO]: Pair succeeded: 192.168.50.170:61976/udp/host -> 192.168.1.2:61624/udp/srflx (minecraft.RTP).
[01:24:08] [ice4j.NetAccessManager-pool-17-thread-21/INFO]: Adding allowed address: 192.168.1.2:61624/udp
[01:24:08] [ice4j.NetAccessManager-pool-17-thread-21/INFO]: Pair validated: 192.168.50.1:61976/udp/prflx -> 192.168.1.2:61624/udp/srflx (minecraft.RTP).
[01:24:08] [ice4j.NetAccessManager-pool-17-thread-21/INFO]: IsControlling: false USE-CANDIDATE:false.
[01:24:08] [ice4j.NetAccessManager-pool-17-thread-21/INFO]: Pair succeeded: 192.168.50.1:61976/udp/prflx -> 192.168.50.161:61624/udp/host (minecraft.RTP).
[01:24:08] [ice4j.NetAccessManager-pool-17-thread-21/INFO]: IsControlling: false USE-CANDIDATE:false.
[01:24:08] [ice4j.Agent-executor-pool-14-thread-1/INFO]: Failed to send BINDING-REQUEST(0x1)[attrib.count=7 len=140 tranID=0x4816A4768E01FC6879FFAE93] through /192.168.112.1:61978.
java.net.SocketException: Network is unreachable: no further information
[01:24:08] [ice4j.Agent-executor-pool-14-thread-1/INFO]: Pair failed: 192.168.112.1:61978/udp/host -> 192.168.1.2:61624/udp/srflx (minecraft.RTP)
[01:24:08] [ice4j.NetAccessManager-pool-17-thread-22/INFO]: new Pair added: 167.99.212.155:63594/udp/relay -> 192.168.50.161:61624/udp/host (minecraft.RTP).
[01:24:08] [ice4j.NetAccessManager-pool-17-thread-22/INFO]: new Pair added: 167.99.212.155:63594/udp/relay -> 49.144.39.51:52747/udp/srflx (minecraft.RTP).
[01:24:08] [ice4j.NetAccessManager-pool-17-thread-22/INFO]: new Pair added: 167.99.212.155:63594/udp/relay -> 192.168.1.2:61624/udp/srflx (minecraft.RTP).
[01:24:08] [ice4j.NetAccessManager-pool-17-thread-22/INFO]: new Pair added: 167.99.212.155:63594/udp/relay -> 143.198.17.69:51818/udp/relay (minecraft.RTP).
[01:24:08] [ice4j.NetAccessManager-pool-17-thread-22/INFO]: Add peer CandidatePair with new reflexive address to checkList: CandidatePair (State=Frozen Priority=7926369428998979582):
	LocalCandidate=candidate:2 1 udp 2130706431 fe80:0:0:0:8c08:dc66:482d:6860 61977 typ host
	RemoteCandidate=candidate:10003 1 udp 1845501695 fe80:0:0:0:2ad8:3c4:deb6:2601 61621 typ prflx
[01:24:08] [ice4j.NetAccessManager-pool-17-thread-22/INFO]: Pair succeeded: [fe80:0:0:0:8c08:dc66:482d:6860]:61977/udp/host -> [fe80:0:0:0:2ad8:3c4:deb6:2601]:61621/udp/prflx (minecraft.RTP).
[01:24:08] [ice4j.NetAccessManager-pool-17-thread-22/INFO]: Adding allowed address: [fe80:0:0:0:2ad8:3c4:deb6:2601]:61621/udp
[01:24:08] [ice4j.NetAccessManager-pool-17-thread-22/INFO]: Pair validated: [fe80:0:0:0:8c08:dc66:482d:6860]:61977/udp/host -> [fe80:0:0:0:2ad8:3c4:deb6:2601]:61621/udp/prflx (minecraft.RTP).
[01:24:08] [ice4j.NetAccessManager-pool-17-thread-22/INFO]: IsControlling: false USE-CANDIDATE:false.
[01:24:09] [ice4j.NetAccessManager-pool-17-thread-22/INFO]: Pair succeeded: 192.168.50.1:61976/udp/prflx -> 192.168.1.2:61624/udp/srflx (minecraft.RTP).
[01:24:09] [ice4j.NetAccessManager-pool-17-thread-22/INFO]: IsControlling: false USE-CANDIDATE:false.
[01:24:09] [ice4j.NetAccessManager-pool-17-thread-21/INFO]: Add peer CandidatePair with new reflexive address to checkList: CandidatePair (State=Frozen Priority=12094023931391):
	LocalCandidate=candidate:6 1 udp 2815 68.183.157.16 53079 typ relay raddr 49.144.39.51 rport 52753
	RemoteCandidate=candidate:10004 1 udp 1845496575 49.144.39.51 52756 typ prflx
[01:24:09] [ice4j.NetAccessManager-pool-17-thread-21/INFO]: Add peer CandidatePair with new reflexive address to checkList: CandidatePair (State=Frozen Priority=12094023931391):
	LocalCandidate=candidate:6 1 udp 2815 68.183.157.16 53079 typ relay raddr 49.144.39.51 rport 52753
	RemoteCandidate=candidate:10005 1 udp 1845496575 49.144.39.51 52755 typ prflx
[01:24:09] [MergingDatagramSocket reader thread for: /192.168.50.170:61362 -> /192.168.50.161:65137/INFO]: Failed to receive: java.net.SocketException: Socket closed
[01:24:09] [MergingDatagramSocket reader thread for: /[fe80:0:0:0:8c08:dc66:482d:6860%6]:61353 -> null/INFO]: Failed to receive: java.net.SocketException: Socket closed
[01:24:09] [MergingDatagramSocket reader thread for: /192.168.112.1:61354 -> null/INFO]: Failed to receive: java.net.SocketException: Socket closed
[01:24:09] [MergingDatagramSocket reader thread for: /[fe80:0:0:0:a826:c1dc:4f9b:836d%46]:61355 -> null/INFO]: Failed to receive: java.net.SocketException: Socket closed
[01:24:09] [ice4j.NetAccessManager-pool-17-thread-23/INFO]: Add peer CandidatePair with new reflexive address to checkList: CandidatePair (State=Frozen Priority=12094023931391):
	LocalCandidate=candidate:9 1 udp 2815 167.99.212.155 63594 typ relay raddr 49.144.39.51 rport 52753
	RemoteCandidate=candidate:10007 1 udp 1845496575 49.144.39.51 52755 typ prflx
[01:24:09] [ice4j.NetAccessManager-pool-17-thread-23/INFO]: Add peer CandidatePair with new reflexive address to checkList: CandidatePair (State=Frozen Priority=12094023931391):
	LocalCandidate=candidate:9 1 udp 2815 167.99.212.155 63594 typ relay raddr 49.144.39.51 rport 52753
	RemoteCandidate=candidate:10008 1 udp 1845496575 49.144.39.51 52756 typ prflx
[01:24:09] [ice4j.NetAccessManager-pool-17-thread-22/INFO]: Pair succeeded: 68.183.157.16:53079/udp/relay -> 143.198.17.69:51818/udp/relay (minecraft.RTP).
[01:24:09] [ice4j.NetAccessManager-pool-17-thread-22/INFO]: Adding allowed address: 143.198.17.69:51818/udp
[01:24:09] [ice4j.NetAccessManager-pool-17-thread-22/INFO]: Pair validated: 68.183.157.16:53079/udp/relay -> 143.198.17.69:51818/udp/relay (minecraft.RTP).
[01:24:09] [ice4j.NetAccessManager-pool-17-thread-22/INFO]: IsControlling: false USE-CANDIDATE:false.
[01:24:10] [ice4j.NetAccessManager-pool-17-thread-22/INFO]: Pair succeeded: 68.183.157.16:53079/udp/relay -> 49.144.39.51:52756/udp/prflx (minecraft.RTP).
[01:24:10] [ice4j.NetAccessManager-pool-17-thread-22/INFO]: Adding allowed address: 49.144.39.51:52756/udp
[01:24:10] [ice4j.NetAccessManager-pool-17-thread-22/INFO]: Pair validated: 68.183.157.16:53079/udp/relay -> 49.144.39.51:52756/udp/prflx (minecraft.RTP).
[01:24:10] [ice4j.NetAccessManager-pool-17-thread-22/INFO]: IsControlling: false USE-CANDIDATE:false.
[01:24:10] [ice4j.NetAccessManager-pool-17-thread-21/INFO]: Pair succeeded: 68.183.157.16:53079/udp/relay -> 143.198.17.69:51818/udp/relay (minecraft.RTP).
[01:24:10] [ice4j.NetAccessManager-pool-17-thread-21/INFO]: IsControlling: false USE-CANDIDATE:false.
[01:24:10] [ice4j.NetAccessManager-pool-17-thread-22/INFO]: Pair succeeded: 167.99.212.155:63594/udp/relay -> 143.198.17.69:51818/udp/relay (minecraft.RTP).
[01:24:10] [ice4j.NetAccessManager-pool-17-thread-22/INFO]: Pair validated: 167.99.212.155:63594/udp/relay -> 143.198.17.69:51818/udp/relay (minecraft.RTP).
[01:24:10] [ice4j.NetAccessManager-pool-17-thread-22/INFO]: IsControlling: false USE-CANDIDATE:false.
[01:24:10] [ice4j.NetAccessManager-pool-17-thread-23/INFO]: Pair succeeded: 167.99.212.155:63594/udp/relay -> 49.144.39.51:52755/udp/prflx (minecraft.RTP).
[01:24:10] [ice4j.NetAccessManager-pool-17-thread-23/INFO]: Adding allowed address: 49.144.39.51:52755/udp
[01:24:10] [ice4j.NetAccessManager-pool-17-thread-23/INFO]: Pair validated: 167.99.212.155:63594/udp/relay -> 49.144.39.51:52755/udp/prflx (minecraft.RTP).
[01:24:10] [ice4j.NetAccessManager-pool-17-thread-23/INFO]: IsControlling: false USE-CANDIDATE:false.
[01:24:10] [ice4j.NetAccessManager-pool-17-thread-22/INFO]: Pair succeeded: 167.99.212.155:63594/udp/relay -> 143.198.17.69:51818/udp/relay (minecraft.RTP).
[01:24:10] [ice4j.NetAccessManager-pool-17-thread-22/INFO]: IsControlling: false USE-CANDIDATE:false.
[01:24:10] [ice4j.NetAccessManager-pool-17-thread-23/INFO]: Pair succeeded: 167.99.212.155:63594/udp/relay -> 49.144.39.51:52756/udp/prflx (minecraft.RTP).
[01:24:10] [ice4j.NetAccessManager-pool-17-thread-23/INFO]: Pair validated: 167.99.212.155:63594/udp/relay -> 49.144.39.51:52756/udp/prflx (minecraft.RTP).
[01:24:10] [ice4j.NetAccessManager-pool-17-thread-23/INFO]: IsControlling: false USE-CANDIDATE:false.
[01:24:11] [ice4j.NetAccessManager-pool-17-thread-23/INFO]: Pair succeeded: 167.99.212.155:63594/udp/relay -> 49.144.39.51:52756/udp/prflx (minecraft.RTP).
[01:24:11] [ice4j.NetAccessManager-pool-17-thread-23/INFO]: IsControlling: false USE-CANDIDATE:false.
[01:24:11] [ice4j.NetAccessManager-pool-17-thread-22/INFO]: Pair succeeded: 167.99.212.155:63594/udp/relay -> 49.144.39.51:52755/udp/prflx (minecraft.RTP).
[01:24:11] [ice4j.NetAccessManager-pool-17-thread-22/INFO]: IsControlling: false USE-CANDIDATE:false.
[01:24:11] [ice4j.NetAccessManager-pool-17-thread-23/INFO]: Pair succeeded: 167.99.212.155:63594/udp/relay -> 49.144.39.51:52755/udp/prflx (minecraft.RTP).
[01:24:11] [ice4j.NetAccessManager-pool-17-thread-23/INFO]: IsControlling: false USE-CANDIDATE:false.
[01:24:11] [ice4j.NetAccessManager-pool-17-thread-23/INFO]: Selected pair for stream minecraft.RTP: 192.168.50.170:61976/udp/host -> 192.168.50.161:61620/udp/prflx (minecraft.RTP)
[01:24:11] [ice4j.NetAccessManager-pool-17-thread-23/INFO]: CheckList of stream minecraft is COMPLETED
[01:24:11] [ice4j.NetAccessManager-pool-17-thread-23/INFO]: ICE state changed from Running to Completed.
[01:24:11] [ice4j.NetAccessManager-pool-17-thread-23/INFO]: Harvester used for selected pair for minecraft.RTP: host
[01:24:11] [Netty Server IO ICE #3/INFO]: Using QUIC because both parties support it.
[01:24:11] [pool-15-thread-43/INFO]: Add UPnP port mapping: 192.168.1.2 49424
[01:24:11] [pool-15-thread-43/INFO]: new Pair added: 192.168.50.170:49424/udp/host -> 192.168.50.161:61624/udp/host (minecraft.RTP).
[01:24:11] [pool-15-thread-43/INFO]: new Pair added: 192.168.50.170:49424/udp/host -> 49.144.39.51:52747/udp/srflx (minecraft.RTP).
[01:24:11] [pool-15-thread-43/INFO]: new Pair added: 192.168.50.170:49424/udp/host -> 192.168.1.2:61624/udp/srflx (minecraft.RTP).
[01:24:11] [pool-15-thread-43/INFO]: new Pair added: 192.168.50.170:49424/udp/host -> 143.198.17.69:51818/udp/relay (minecraft.RTP).
[01:24:11] [MergingDatagramSocket reader thread for: 167.99.212.155:63594/udp -> null/INFO]: Failed to receive: java.net.SocketException: RelayedCandidateDatagramSocket has been closed.
[01:24:12] [MergingDatagramSocket reader thread for: 68.183.157.16:53079/udp -> null/INFO]: Failed to receive: java.net.SocketException: RelayedCandidateDatagramSocket has been closed.
[01:24:14] [User Authenticator #9/INFO]: UUID of player jakelookalike is f00c7eb3-663a-46f0-a7a5-64c91a203312
[01:24:14] [Server thread/INFO]: jakelookalike[local:E:4c057c67] logged in with entity id 16188 at (12.849957328121985, 200.0625, -7.230311719624807)
[01:24:14] [Server thread/INFO]: jakelookalike joined the game
[01:24:14] [Render thread/INFO]: [System] [CHAT] jakelookalike joined the game
[01:24:14] [ice4j.Agent-timer-pool-13-thread-1/INFO]: ICE state changed from Completed to Terminated.
[01:24:14] [ice4j.StunClientTransaction-executor-pool-20-thread-35/INFO]: timeout for pair: 192.168.50.170:61976/udp/host -> 49.144.39.51:52747/udp/srflx (minecraft.RTP), failing.
[01:24:15] [ice4j.StunClientTransaction-executor-pool-20-thread-35/INFO]: timeout for pair: 192.168.50.170:61976/udp/host -> 49.144.39.51:52747/udp/srflx (minecraft.RTP), failing.
[01:24:15] [ice4j.StunClientTransaction-executor-pool-20-thread-35/INFO]: timeout for pair: 192.168.50.170:61976/udp/host -> 143.198.17.69:51818/udp/relay (minecraft.RTP), failing.
[01:24:15] [ice4j.StunClientTransaction-executor-pool-20-thread-35/INFO]: timeout for pair: 192.168.50.1:61976/udp/prflx -> 49.144.39.51:52747/udp/srflx (minecraft.RTP), failing.
[01:24:15] [ice4j.StunClientTransaction-executor-pool-20-thread-35/INFO]: timeout for pair: 192.168.50.1:61976/udp/prflx -> 143.198.17.69:51818/udp/relay (minecraft.RTP), failing.
[01:24:15] [ice4j.StunClientTransaction-executor-pool-20-thread-35/INFO]: timeout for pair: 192.168.50.170:61976/udp/host -> 143.198.17.69:51818/udp/relay (minecraft.RTP), failing.
[01:24:38] [Render thread/INFO]: [System] [CHAT] Respawn point set
[01:24:56] [Render thread/INFO]: [System] [CHAT] Respawn point set
[01:25:02] [Server thread/INFO]: <jakelookalike> pillow open better
[01:25:02] [Render thread/INFO]: [CHAT] <jakelookalike> pillow open better
[01:25:05] [Server thread/INFO]: <jakelookalike> can see room
[01:25:05] [Render thread/INFO]: [CHAT] <jakelookalike> can see room
[01:25:31] [Render thread/INFO]: [System] [CHAT] Respawn point set
[01:25:57] [Server thread/INFO]: <jakelookalike> no button :(
[01:25:57] [Render thread/INFO]: [CHAT] <jakelookalike> no button :(
[01:26:55] [Render thread/INFO]: [System] [CHAT] Respawn point set
[01:27:15] [Render thread/INFO]: [System] [CHAT] Respawn point set
[01:27:56] [Render thread/INFO]: [System] [CHAT] Respawn point set
[01:28:06] [Server thread/INFO]: <jakelookalike> peak desiugn
[01:28:06] [Render thread/INFO]: [CHAT] <jakelookalike> peak desiugn
[01:28:16] [Server thread/INFO]: <jakelookalike> okwill sleep fr
[01:28:16] [Render thread/INFO]: [CHAT] <jakelookalike> okwill sleep fr
[01:28:16] [Server thread/INFO]: <16thGarden> attic bed
[01:28:16] [Render thread/INFO]: [CHAT] <16thGarden> attic bed
[01:28:21] [Server thread/INFO]: <jakelookalike> aigo ok
[01:28:21] [Render thread/INFO]: [CHAT] <jakelookalike> aigo ok
[01:28:54] [Render thread/INFO]: [System] [CHAT] Respawn point set
[01:29:11] [Render thread/INFO]: [System] [CHAT] Respawn point set
[01:30:52] [Server thread/INFO]: [jakelookalike: Set the time to 1000]
[01:30:52] [Render thread/INFO]: [System] [CHAT] [jakelookalike: Set the time to 1000]
[01:31:02] [Server thread/INFO]: [jakelookalike: Set the time to 18000]
[01:31:02] [Render thread/INFO]: [System] [CHAT] [jakelookalike: Set the time to 18000]
[01:39:25] [Server thread/INFO]: <jakelookalike> gnight
[01:39:25] [Render thread/INFO]: [CHAT] <jakelookalike> gnight
[01:39:30] [netty<-quic (f00c7eb3-663a-46f0-a7a5-64c91a203312)/INFO]: Closing.
[01:39:30] [Netty Server IO ICE #4/INFO]: f00c7eb3-663a-46f0-a7a5-64c91a203312 channel inactive, closing.
[01:39:30] [netty->quic (f00c7eb3-663a-46f0-a7a5-64c91a203312)/INFO]: Closing.
[01:39:30] [Netty Server IO ICE #4/INFO]: f00c7eb3-663a-46f0-a7a5-64c91a203312 closing QUIC.
[01:39:30] [Netty Server IO ICE #4/INFO]: f00c7eb3-663a-46f0-a7a5-64c91a203312 closed.
[01:39:30] [Server thread/INFO]: jakelookalike lost connection: Disconnected
[01:39:30] [Server thread/INFO]: jakelookalike left the game
[01:39:30] [Render thread/INFO]: [System] [CHAT] jakelookalike left the game
[01:39:35] [Essential Thread 13/INFO]: Closing.
[01:41:00] [Server thread/INFO]: 16thGarden lost connection: Disconnected
[01:41:00] [Server thread/INFO]: 16thGarden left the game
[01:41:00] [Server thread/INFO]: Stopping singleplayer server as player logged out
[01:41:00] [Server thread/INFO]: Stopping server
[01:41:00] [Server thread/INFO]: Saving players
[01:41:00] [Server thread/INFO]: Saving worlds
[01:41:00] [Server thread/INFO]: Saving chunks for level 'ServerLevel[super epic house]'/minecraft:overworld
[01:41:01] [Server thread/INFO]: Saving chunks for level 'ServerLevel[super epic house]'/minecraft:the_end
[01:41:01] [Server thread/INFO]: Saving chunks for level 'ServerLevel[super epic house]'/minecraft:the_nether
[01:41:01] [Server thread/INFO]: ThreadedAnvilChunkStorage (super epic house): All chunks are saved
[01:41:01] [Server thread/INFO]: ThreadedAnvilChunkStorage (DIM1): All chunks are saved
[01:41:01] [Server thread/INFO]: ThreadedAnvilChunkStorage (DIM-1): All chunks are saved
[01:41:01] [Server thread/INFO]: ThreadedAnvilChunkStorage: All dimensions are saved
[01:41:01] [Render thread/INFO]: Stopping worker threads
[01:41:08] [Render thread/INFO]: Stopping!
[01:41:08] [CullThread/INFO]: [STDOUT]: Shutting down culling task!
