[00:00:13] [Render thread/INFO]: Stopping worker threads
[00:00:13] [Server thread/INFO]: Saving and pausing game...
[00:00:13] [Render thread/INFO]: Started 6 worker threads
[00:00:13] [Render thread/INFO]: Stopping worker threads
[00:00:13] [Render thread/INFO]: Started 6 worker threads
[00:00:13] [Server thread/INFO]: Saving chunks for level 'ServerLevel[Epic survival world]'/minecraft:overworld
[00:00:13] [Server thread/INFO]: Saving chunks for level 'ServerLevel[Epic survival world]'/minecraft:the_end
[00:00:13] [Server thread/INFO]: Saving chunks for level 'ServerLevel[Epic survival world]'/minecraft:the_nether
[00:00:38] [Render thread/INFO]: Stopping worker threads
[00:00:38] [Render thread/INFO]: Started 6 worker threads
[00:00:38] [Render thread/INFO]: Stopping worker threads
[00:00:38] [Render thread/INFO]: Started 6 worker threads
[00:00:38] [Server thread/INFO]: Saving and pausing game...
[00:00:38] [Server thread/INFO]: Saving chunks for level 'ServerLevel[Epic survival world]'/minecraft:overworld
[00:00:38] [Server thread/INFO]: Saving chunks for level 'ServerLevel[Epic survival world]'/minecraft:the_end
[00:00:38] [Server thread/INFO]: Saving chunks for level 'ServerLevel[Epic survival world]'/minecraft:the_nether
[00:01:33] [Server thread/INFO]: Saving and pausing game...
[00:01:33] [Render thread/INFO]: Stopping worker threads
[00:01:33] [Render thread/INFO]: Started 6 worker threads
[00:01:33] [Render thread/INFO]: Stopping worker threads
[00:01:33] [Server thread/INFO]: Saving chunks for level 'ServerLevel[Epic survival world]'/minecraft:overworld
[00:01:33] [Render thread/INFO]: Started 6 worker threads
[00:01:33] [Server thread/INFO]: Saving chunks for level 'ServerLevel[Epic survival world]'/minecraft:the_end
[00:01:33] [Server thread/INFO]: Saving chunks for level 'ServerLevel[Epic survival world]'/minecraft:the_nether
[00:01:51] [Render thread/INFO]: Stopping worker threads
[00:01:51] [Server thread/INFO]: Saving and pausing game...
[00:01:51] [Render thread/INFO]: Started 6 worker threads
[00:01:51] [Render thread/INFO]: Stopping worker threads
[00:01:51] [Render thread/INFO]: Started 6 worker threads
[00:01:51] [Server thread/INFO]: Saving chunks for level 'ServerLevel[Epic survival world]'/minecraft:overworld
[00:01:51] [Server thread/INFO]: Saving chunks for level 'ServerLevel[Epic survival world]'/minecraft:the_end
[00:01:51] [Server thread/INFO]: Saving chunks for level 'ServerLevel[Epic survival world]'/minecraft:the_nether
[00:01:55] [Render thread/INFO]: Stopping worker threads
[00:01:55] [Render thread/INFO]: Started 6 worker threads
[00:01:55] [Render thread/INFO]: Stopping worker threads
[00:01:55] [Render thread/INFO]: Started 6 worker threads
[00:01:55] [Server thread/INFO]: Saving and pausing game...
[00:01:55] [Server thread/INFO]: Saving chunks for level 'ServerLevel[Epic survival world]'/minecraft:overworld
[00:01:55] [Server thread/INFO]: Saving chunks for level 'ServerLevel[Epic survival world]'/minecraft:the_end
[00:01:55] [Server thread/INFO]: Saving chunks for level 'ServerLevel[Epic survival world]'/minecraft:the_nether
[00:02:38] [Server thread/INFO]: 16thGarden has reached the goal [The End... Again...]
[00:02:38] [Render thread/INFO]: [System] [CHAT] 16thGarden has reached the goal [The End... Again...]
[00:02:38] [Render thread/INFO]: Loaded 846 advancements
[00:06:03] [Server thread/INFO]: 16thGarden has made the advancement [Free the End]
[00:06:03] [Render thread/INFO]: [System] [CHAT] 16thGarden has made the advancement [Free the End]
[00:06:03] [Render thread/INFO]: Loaded 846 advancements
[00:06:10] [Server thread/INFO]: Saving and pausing game...
[00:06:10] [Server thread/INFO]: Saving chunks for level 'ServerLevel[Epic survival world]'/minecraft:overworld
[00:06:10] [Server thread/INFO]: Saving chunks for level 'ServerLevel[Epic survival world]'/minecraft:the_end
[00:06:10] [Server thread/INFO]: Saving chunks for level 'ServerLevel[Epic survival world]'/minecraft:the_nether
[00:06:55] [Render thread/INFO]: Stopping worker threads
[00:06:55] [Render thread/INFO]: Started 6 worker threads
[00:06:55] [Render thread/INFO]: Stopping worker threads
[00:06:55] [Render thread/INFO]: Started 6 worker threads
[00:07:12] [Render thread/INFO]: Stopping worker threads
[00:07:12] [Server thread/INFO]: Saving and pausing game...
[00:07:12] [Render thread/INFO]: Started 6 worker threads
[00:07:12] [Render thread/INFO]: Stopping worker threads
[00:07:12] [Render thread/INFO]: Started 6 worker threads
[00:07:12] [Server thread/INFO]: Saving chunks for level 'ServerLevel[Epic survival world]'/minecraft:overworld
[00:07:12] [Server thread/INFO]: Saving chunks for level 'ServerLevel[Epic survival world]'/minecraft:the_end
[00:07:12] [Server thread/INFO]: Saving chunks for level 'ServerLevel[Epic survival world]'/minecraft:the_nether
[00:07:24] [Render thread/WARN]: Received passengers for unknown entity
[00:07:30] [Render thread/INFO]: Stopping worker threads
[00:07:30] [Render thread/INFO]: Started 6 worker threads
[00:07:30] [Render thread/INFO]: Stopping worker threads
[00:07:30] [Render thread/INFO]: Started 6 worker threads
[00:07:37] [Render thread/INFO]: Stopping worker threads
[00:07:37] [Render thread/INFO]: Started 6 worker threads
[00:07:37] [Server thread/INFO]: Saving and pausing game...
[00:07:37] [Render thread/INFO]: Stopping worker threads
[00:07:37] [Render thread/INFO]: Started 6 worker threads
[00:07:37] [Server thread/INFO]: Saving chunks for level 'ServerLevel[Epic survival world]'/minecraft:overworld
[00:07:37] [Server thread/INFO]: Saving chunks for level 'ServerLevel[Epic survival world]'/minecraft:the_end
[00:07:37] [Server thread/INFO]: Saving chunks for level 'ServerLevel[Epic survival world]'/minecraft:the_nether
[00:09:24] [Server thread/WARN]: 16thGarden moved wrongly!
[00:10:36] [Server thread/INFO]: 16thGarden has reached the goal [You Need a Mint]
[00:10:36] [Render thread/INFO]: [System] [CHAT] 16thGarden has reached the goal [You Need a Mint]
[00:10:36] [Render thread/INFO]: Loaded 846 advancements
[00:13:25] [Render thread/INFO]: Stopping worker threads
[00:13:25] [Render thread/INFO]: Started 6 worker threads
[00:13:25] [Render thread/INFO]: Stopping worker threads
[00:13:25] [Render thread/INFO]: Started 6 worker threads
[00:13:25] [Server thread/INFO]: Saving and pausing game...
[00:13:25] [Server thread/INFO]: Saving chunks for level 'ServerLevel[Epic survival world]'/minecraft:overworld
[00:13:25] [Server thread/INFO]: Saving chunks for level 'ServerLevel[Epic survival world]'/minecraft:the_end
[00:13:25] [Server thread/INFO]: Saving chunks for level 'ServerLevel[Epic survival world]'/minecraft:the_nether
[00:13:54] [Render thread/INFO]: [System] [CHAT] Respawn point set
[00:17:23] [Server thread/INFO]: Saving and pausing game...
[00:17:23] [Server thread/INFO]: Saving chunks for level 'ServerLevel[Epic survival world]'/minecraft:overworld
[00:17:23] [Server thread/INFO]: Saving chunks for level 'ServerLevel[Epic survival world]'/minecraft:the_end
[00:17:23] [Server thread/INFO]: Saving chunks for level 'ServerLevel[Epic survival world]'/minecraft:the_nether
[00:17:23] [Server thread/INFO]: 16thGarden lost connection: Disconnected
[00:17:23] [Server thread/INFO]: 16thGarden left the game
[00:17:23] [Server thread/INFO]: Stopping singleplayer server as player logged out
[00:17:23] [Server thread/INFO]: Stopping server
[00:17:23] [Server thread/INFO]: Saving players
[00:17:23] [Server thread/INFO]: Saving worlds
[00:17:23] [Server thread/INFO]: Saving chunks for level 'ServerLevel[Epic survival world]'/minecraft:overworld
[00:17:23] [Server thread/INFO]: Saving chunks for level 'ServerLevel[Epic survival world]'/minecraft:the_end
[00:17:23] [Server thread/INFO]: Saving chunks for level 'ServerLevel[Epic survival world]'/minecraft:the_nether
[00:17:23] [Server thread/INFO]: ThreadedAnvilChunkStorage (Epic survival world): All chunks are saved
[00:17:23] [Server thread/INFO]: ThreadedAnvilChunkStorage (DIM1): All chunks are saved
[00:17:23] [Server thread/INFO]: ThreadedAnvilChunkStorage (DIM-1): All chunks are saved
[00:17:23] [Server thread/INFO]: ThreadedAnvilChunkStorage: All dimensions are saved
[00:17:23] [Render thread/INFO]: Stopping worker threads
[00:17:24] [Render thread/INFO]: Stopping!
