[00:04:59] [WebSocketConnectReadThread-690/INFO]: Closed connection to Essential Connection Manager (code=1006, reason=, remote=true), connection was open for 1904142ms
[00:05:30] [WebSocketConnectReadThread-735/INFO]: Opened connection to Essential ConnectionManager (code=101, message=Switching Protocols)
[00:05:30] [Essential Thread 19/INFO]: Essential Connection Manager connection established.
[00:05:48] [Server thread/WARN]: Can't keep up! Is the server overloaded? Running 3001ms or 60 ticks behind
[00:05:48] [Render thread/INFO]: Stopping worker threads
[00:05:48] [Render thread/INFO]: Started 6 worker threads
[00:05:48] [Render thread/INFO]: Stopping worker threads
[00:05:48] [Render thread/INFO]: Started 6 worker threads
[00:05:48] [Render thread/INFO]: Loaded 817 advancements
[00:09:42] [Render thread/INFO]: Loaded 818 advancements
[00:12:02] [Render thread/INFO]: Loaded 819 advancements
[00:14:29] [Server thread/WARN]: Mismatch in destroy block pos: class_2338{x=-3980, y=67, z=-59} class_2338{x=-3981, y=66, z=-59}
[00:17:33] [Render thread/INFO]: Loaded 819 advancements
[00:17:38] [Render thread/INFO]: Loaded 822 advancements
[00:18:02] [Render thread/INFO]: Stopping worker threads
[00:18:02] [Render thread/INFO]: Started 6 worker threads
[00:18:02] [Render thread/INFO]: Stopping worker threads
[00:18:02] [Render thread/INFO]: Started 6 worker threads
[00:18:17] [Render thread/WARN]: Received passengers for unknown entity
[00:18:32] [Render thread/INFO]: Stopping worker threads
[00:18:32] [Render thread/INFO]: Started 6 worker threads
[00:18:32] [Render thread/INFO]: Stopping worker threads
[00:18:32] [Render thread/INFO]: Started 6 worker threads
[00:19:01] [Render thread/INFO]: Stopping worker threads
[00:19:01] [Render thread/INFO]: Started 6 worker threads
[00:19:01] [Render thread/INFO]: Stopping worker threads
[00:19:01] [Render thread/INFO]: Started 6 worker threads
[00:19:43] [Render thread/INFO]: Stopping worker threads
[00:19:43] [Render thread/INFO]: Started 6 worker threads
[00:19:43] [Render thread/INFO]: Stopping worker threads
[00:19:43] [Render thread/INFO]: Started 6 worker threads
[00:35:57] [Render thread/INFO]: Stopping worker threads
[00:35:57] [Render thread/INFO]: Started 6 worker threads
[00:35:57] [Render thread/INFO]: Stopping worker threads
[00:35:57] [Render thread/INFO]: Started 6 worker threads
[00:38:20] [Render thread/INFO]: Stopping worker threads
[00:38:20] [Render thread/INFO]: Started 6 worker threads
[00:38:20] [Render thread/INFO]: Stopping worker threads
[00:38:20] [Render thread/INFO]: Started 6 worker threads
[00:38:20] [Render thread/WARN]: Received passengers for unknown entity
[00:53:25] [Render thread/INFO]: Stopping worker threads
[00:53:25] [Render thread/INFO]: Started 6 worker threads
[00:53:25] [Render thread/INFO]: Stopping worker threads
[00:53:25] [Render thread/INFO]: Started 6 worker threads
[00:54:09] [Render thread/INFO]: Stopping worker threads
[00:54:09] [Render thread/INFO]: Started 6 worker threads
[00:54:09] [Render thread/INFO]: Stopping worker threads
[00:54:09] [Render thread/INFO]: Started 6 worker threads
[01:09:49] [Render thread/INFO]: Stopping worker threads
[01:09:49] [Render thread/INFO]: Started 6 worker threads
[01:09:49] [Render thread/INFO]: Stopping worker threads
[01:09:49] [Render thread/INFO]: Started 6 worker threads
[01:10:06] [Render thread/INFO]: Stopping worker threads
[01:10:06] [Render thread/INFO]: Started 6 worker threads
[01:10:06] [Render thread/INFO]: Stopping worker threads
[01:10:06] [Render thread/INFO]: Started 6 worker threads
[01:10:06] [Render thread/WARN]: Received passengers for unknown entity
[01:10:06] [Render thread/WARN]: Received passengers for unknown entity
[01:10:06] [Render thread/WARN]: Received passengers for unknown entity
[01:10:06] [Render thread/WARN]: Received passengers for unknown entity
[01:10:06] [Render thread/WARN]: Received passengers for unknown entity
[01:10:06] [Render thread/WARN]: Received passengers for unknown entity
[01:10:06] [Render thread/WARN]: Received passengers for unknown entity
[01:10:06] [Render thread/WARN]: Received passengers for unknown entity
[01:10:07] [Render thread/WARN]: Received passengers for unknown entity
[01:10:07] [Render thread/WARN]: Received passengers for unknown entity
[01:10:07] [Render thread/WARN]: Received passengers for unknown entity
[01:15:57] [Render thread/INFO]: Stopping worker threads
[01:15:57] [Render thread/INFO]: Started 6 worker threads
[01:15:57] [Render thread/INFO]: Stopping worker threads
[01:15:57] [Render thread/INFO]: Started 6 worker threads
[01:24:12] [Render thread/WARN]: Received passengers for unknown entity
[01:25:00] [Render thread/WARN]: Received passengers for unknown entity
[01:25:40] [Render thread/WARN]: Received passengers for unknown entity
[01:25:46] [Render thread/INFO]: Stopping worker threads
[01:25:46] [Render thread/INFO]: Started 6 worker threads
[01:25:46] [Render thread/INFO]: Stopping worker threads
[01:25:46] [Render thread/INFO]: Started 6 worker threads
[01:25:50] [Render thread/INFO]: Stopping worker threads
[01:25:50] [Render thread/INFO]: Started 6 worker threads
[01:25:50] [Render thread/INFO]: Stopping worker threads
[01:25:50] [Render thread/INFO]: Started 6 worker threads
[01:27:54] [Render thread/INFO]: Stopping worker threads
[01:27:54] [Render thread/INFO]: Started 6 worker threads
[01:27:54] [Render thread/INFO]: Stopping worker threads
[01:27:54] [Render thread/INFO]: Started 6 worker threads
[01:28:06] [Render thread/INFO]: Stopping worker threads
[01:28:06] [Render thread/INFO]: Started 6 worker threads
[01:28:06] [Render thread/INFO]: Stopping worker threads
[01:28:06] [Render thread/INFO]: Started 6 worker threads
[01:28:58] [Render thread/WARN]: Received passengers for unknown entity
[01:36:16] [Render thread/INFO]: Stopping worker threads
[01:36:16] [Render thread/INFO]: Started 6 worker threads
[01:36:16] [Render thread/INFO]: Stopping worker threads
[01:36:16] [Render thread/INFO]: Started 6 worker threads
[01:36:16] [Server thread/WARN]: Can't keep up! Is the server overloaded? Running 2509ms or 50 ticks behind
[01:38:18] [Render thread/INFO]: Stopping worker threads
[01:38:18] [Render thread/INFO]: Started 6 worker threads
[01:38:18] [Render thread/INFO]: Stopping worker threads
[01:38:18] [Render thread/INFO]: Started 6 worker threads
[01:38:26] [Render thread/INFO]: Stopping worker threads
[01:38:26] [Render thread/INFO]: Started 6 worker threads
[01:38:26] [Render thread/INFO]: Stopping worker threads
[01:38:26] [Render thread/INFO]: Started 6 worker threads
[01:42:36] [Render thread/INFO]: [System] [CHAT] [Debug]: Chunk borders: shown
[01:44:15] [Render thread/WARN]: Unable to play empty soundEvent: minecraft:entity.tropical_fish.ambient
[01:44:32] [Render thread/WARN]: Unable to play empty soundEvent: minecraft:entity.puffer_fish.ambient
[01:47:19] [Render thread/INFO]: Stopping worker threads
[01:47:19] [Server thread/INFO]: Changing view distance to 6, from 16
[01:47:19] [Render thread/INFO]: Started 6 worker threads
[01:47:19] [Render thread/INFO]: Flushed changes to Minecraft configuration
[01:47:30] [Render thread/INFO]: Stopping worker threads
[01:47:30] [Render thread/INFO]: Started 6 worker threads
[01:47:30] [Render thread/INFO]: Flushed changes to Minecraft configuration
[01:47:30] [Server thread/INFO]: Changing view distance to 16, from 6
[01:47:30] [Render thread/INFO]: Stopping worker threads
[01:47:30] [Render thread/INFO]: Started 6 worker threads
[01:48:06] [Server thread/INFO]: 16thGarden lost connection: Disconnected
[01:48:06] [Server thread/INFO]: 16thGarden left the game
[01:48:06] [Server thread/INFO]: Stopping singleplayer server as player logged out
[01:48:06] [Server thread/INFO]: Stopping server
[01:48:06] [Server thread/INFO]: Saving players
[01:48:06] [Server thread/INFO]: Saving worlds
[01:48:06] [Server thread/INFO]: Saving chunks for level 'ServerLevel[Epic survival world]'/minecraft:overworld
[01:48:07] [Server thread/INFO]: Saving chunks for level 'ServerLevel[Epic survival world]'/minecraft:the_end
[01:48:07] [Server thread/INFO]: Saving chunks for level 'ServerLevel[Epic survival world]'/minecraft:the_nether
[01:48:07] [Server thread/INFO]: ThreadedAnvilChunkStorage (Epic survival world): All chunks are saved
[01:48:07] [Server thread/INFO]: ThreadedAnvilChunkStorage (DIM1): All chunks are saved
[01:48:07] [Server thread/INFO]: ThreadedAnvilChunkStorage (DIM-1): All chunks are saved
[01:48:07] [Server thread/INFO]: ThreadedAnvilChunkStorage: All dimensions are saved
[01:48:07] [Render thread/INFO]: Stopping worker threads
[02:02:19] [Render thread/INFO]: Loaded 7 recipes
[02:02:19] [Render thread/INFO]: Loaded 1271 advancements
[02:02:19] [Render thread/INFO]: Applied 0 biome modifications to 0 of 64 new biomes in 251.8 ?s
[02:02:19] [Server thread/INFO]: Starting integrated minecraft server version 1.20.4
[02:02:19] [Server thread/INFO]: Generating keypair
[02:02:20] [Server thread/INFO]: Preparing start region for dimension minecraft:overworld
[02:02:21] [Render thread/INFO]: Preparing spawn area: 0%
[02:02:21] [Render thread/INFO]: Preparing spawn area: 0%
[02:02:21] [Render thread/INFO]: Preparing spawn area: 4%
[02:02:21] [Render thread/INFO]: Preparing spawn area: 35%
[02:02:22] [Server thread/INFO]: Changing view distance to 16, from 10
[02:02:22] [Server thread/INFO]: Changing simulation distance to 12, from 0
[02:02:22] [Render thread/INFO]: Time elapsed: 1695 ms
[02:02:22] [Server thread/INFO]: 16thGarden[local:E:78a72db7] logged in with entity id 335297 at (2606.5451138284425, 62.875, -1.5854983437124044)
[02:02:22] [Server thread/INFO]: 16thGarden joined the game
[02:02:22] [Render thread/INFO]: Started 6 worker threads
[02:02:22] [Render thread/INFO]: Using 3 total BufferBuilder caches
[02:02:22] [Render thread/INFO]: Loaded 822 advancements
[02:07:20] [Render thread/INFO]: [System] [CHAT] Respawn point set
[02:07:26] [Server thread/INFO]: Saving and pausing game...
[02:07:26] [Server thread/INFO]: Saving chunks for level 'ServerLevel[Epic survival world]'/minecraft:overworld
[02:07:26] [Server thread/INFO]: Saving chunks for level 'ServerLevel[Epic survival world]'/minecraft:the_end
[02:07:26] [Server thread/INFO]: Saving chunks for level 'ServerLevel[Epic survival world]'/minecraft:the_nether
[02:07:28] [Render thread/INFO]: [System] [CHAT] [Debug]: Chunk borders: hidden
[02:11:51] [Render thread/INFO]: [System] [CHAT] [Debug]: Chunk borders: shown
[02:11:52] [Render thread/INFO]: [System] [CHAT] [Debug]: Chunk borders: hidden
[02:12:18] [Server thread/WARN]: Mismatch in destroy block pos: class_2338{x=2606, y=62, z=-2} class_2338{x=2606, y=62, z=-4}
[02:14:33] [CullThread/INFO]: [STDERR]: java.lang.ArrayIndexOutOfBoundsException: Index 249 out of bounds for length 129
[02:14:33] [CullThread/INFO]: [STDERR]: 	at it.unimi.dsi.fastutil.ints.Int2ObjectLinkedOpenHashMap$MapIterator.nextEntry(Int2ObjectLinkedOpenHashMap.java:1183)
[02:14:33] [CullThread/INFO]: [STDERR]: 	at it.unimi.dsi.fastutil.ints.Int2ObjectLinkedOpenHashMap$ValueIterator.next(Int2ObjectLinkedOpenHashMap.java:1689)
[02:14:33] [CullThread/INFO]: [STDERR]: 	at com.google.common.collect.Iterators$1.next(Iterators.java:146)
[02:14:33] [CullThread/INFO]: [STDERR]: 	at dev.tr7zw.entityculling.CullTask.cullEntities(CullTask.java:90)
[02:14:33] [CullThread/INFO]: [STDERR]: 	at dev.tr7zw.entityculling.CullTask.run(CullTask.java:71)
[02:14:33] [CullThread/INFO]: [STDERR]: 	at java.base/java.lang.Thread.run(Thread.java:833)
[02:16:46] [Render thread/INFO]: Stopping worker threads
[02:16:46] [Render thread/INFO]: Started 6 worker threads
[02:16:46] [Render thread/INFO]: Stopping worker threads
[02:16:46] [Render thread/INFO]: Started 6 worker threads
[02:17:07] [Render thread/WARN]: Received passengers for unknown entity
[02:17:23] [Render thread/WARN]: Received passengers for unknown entity
[02:17:45] [Render thread/INFO]: Stopping worker threads
[02:17:45] [Render thread/INFO]: Started 6 worker threads
[02:17:45] [Server thread/INFO]: Saving and pausing game...
[02:17:45] [Render thread/INFO]: Stopping worker threads
[02:17:45] [Render thread/INFO]: Started 6 worker threads
[02:17:45] [Server thread/INFO]: Saving chunks for level 'ServerLevel[Epic survival world]'/minecraft:overworld
[02:17:45] [Server thread/INFO]: Saving chunks for level 'ServerLevel[Epic survival world]'/minecraft:the_end
[02:17:45] [Server thread/INFO]: Saving chunks for level 'ServerLevel[Epic survival world]'/minecraft:the_nether
[02:27:05] [Render thread/INFO]: Stopping worker threads
[02:27:05] [Render thread/INFO]: Started 6 worker threads
[02:27:05] [Render thread/INFO]: Stopping worker threads
[02:27:05] [Render thread/INFO]: Started 6 worker threads
[02:27:05] [Server thread/INFO]: Saving and pausing game...
[02:27:05] [Server thread/INFO]: Saving chunks for level 'ServerLevel[Epic survival world]'/minecraft:overworld
[02:27:05] [Server thread/INFO]: Saving chunks for level 'ServerLevel[Epic survival world]'/minecraft:the_end
[02:27:05] [Server thread/INFO]: Saving chunks for level 'ServerLevel[Epic survival world]'/minecraft:the_nether
[02:27:27] [Render thread/INFO]: Stopping worker threads
[02:27:27] [Render thread/INFO]: Started 6 worker threads
[02:27:27] [Render thread/INFO]: Stopping worker threads
[02:27:27] [Render thread/INFO]: Started 6 worker threads
[02:27:27] [Server thread/INFO]: Saving and pausing game...
[02:27:27] [Server thread/INFO]: Saving chunks for level 'ServerLevel[Epic survival world]'/minecraft:overworld
[02:27:27] [Server thread/INFO]: Saving chunks for level 'ServerLevel[Epic survival world]'/minecraft:the_end
[02:27:27] [Server thread/INFO]: Saving chunks for level 'ServerLevel[Epic survival world]'/minecraft:the_nether
[02:28:13] [Render thread/INFO]: Stopping worker threads
[02:28:13] [Render thread/INFO]: Started 6 worker threads
[02:28:13] [Render thread/INFO]: Stopping worker threads
[02:28:13] [Render thread/INFO]: Started 6 worker threads
[02:28:38] [Render thread/INFO]: Stopping worker threads
[02:28:38] [Render thread/INFO]: Started 6 worker threads
[02:28:38] [Server thread/INFO]: Saving and pausing game...
[02:28:38] [Render thread/INFO]: Stopping worker threads
[02:28:38] [Render thread/INFO]: Started 6 worker threads
[02:28:38] [Server thread/INFO]: Saving chunks for level 'ServerLevel[Epic survival world]'/minecraft:overworld
[02:28:38] [Server thread/INFO]: Saving chunks for level 'ServerLevel[Epic survival world]'/minecraft:the_end
[02:28:38] [Server thread/INFO]: Saving chunks for level 'ServerLevel[Epic survival world]'/minecraft:the_nether
[02:33:04] [Render thread/INFO]: Loaded 823 advancements
[02:33:20] [Render thread/INFO]: Stopping worker threads
[02:33:20] [Render thread/INFO]: Started 6 worker threads
[02:33:20] [Server thread/INFO]: Saving and pausing game...
[02:33:20] [Render thread/INFO]: Stopping worker threads
[02:33:20] [Render thread/INFO]: Started 6 worker threads
[02:33:20] [Server thread/INFO]: Saving chunks for level 'ServerLevel[Epic survival world]'/minecraft:overworld
[02:33:20] [Server thread/INFO]: Saving chunks for level 'ServerLevel[Epic survival world]'/minecraft:the_end
[02:33:20] [Server thread/INFO]: Saving chunks for level 'ServerLevel[Epic survival world]'/minecraft:the_nether
[02:34:06] [Render thread/INFO]: Stopping worker threads
[02:34:06] [Render thread/INFO]: Started 6 worker threads
[02:34:06] [Render thread/INFO]: Stopping worker threads
[02:34:06] [Render thread/INFO]: Started 6 worker threads
[02:34:07] [Server thread/INFO]: Saving and pausing game...
[02:34:07] [Server thread/INFO]: Saving chunks for level 'ServerLevel[Epic survival world]'/minecraft:overworld
[02:34:07] [Server thread/INFO]: Saving chunks for level 'ServerLevel[Epic survival world]'/minecraft:the_end
[02:34:07] [Server thread/INFO]: Saving chunks for level 'ServerLevel[Epic survival world]'/minecraft:the_nether
[02:35:51] [Server thread/WARN]: Mismatch in destroy block pos: class_2338{x=440, y=194, z=-675} class_2338{x=2602, y=68, z=-10}
[03:15:42] [Render thread/INFO]: Stopping worker threads
[03:15:42] [Render thread/INFO]: Started 6 worker threads
[03:15:42] [Server thread/INFO]: Saving and pausing game...
[03:15:42] [Render thread/INFO]: Stopping worker threads
[03:15:42] [Render thread/INFO]: Started 6 worker threads
[03:15:42] [Server thread/INFO]: Saving chunks for level 'ServerLevel[Epic survival world]'/minecraft:overworld
[03:15:42] [Server thread/INFO]: Saving chunks for level 'ServerLevel[Epic survival world]'/minecraft:the_end
[03:15:42] [Server thread/INFO]: Saving chunks for level 'ServerLevel[Epic survival world]'/minecraft:the_nether
[03:16:11] [Render thread/INFO]: Stopping worker threads
[03:16:11] [Render thread/INFO]: Started 6 worker threads
[03:16:11] [Server thread/INFO]: Saving and pausing game...
[03:16:11] [Render thread/INFO]: Stopping worker threads
[03:16:11] [Render thread/INFO]: Started 6 worker threads
[03:16:11] [Server thread/INFO]: Saving chunks for level 'ServerLevel[Epic survival world]'/minecraft:overworld
[03:16:11] [Server thread/INFO]: Saving chunks for level 'ServerLevel[Epic survival world]'/minecraft:the_end
[03:16:11] [Server thread/INFO]: Saving chunks for level 'ServerLevel[Epic survival world]'/minecraft:the_nether
[03:16:19] [Render thread/INFO]: Stopping worker threads
[03:16:19] [Render thread/INFO]: Started 6 worker threads
[03:16:19] [Server thread/INFO]: Saving and pausing game...
[03:16:19] [Render thread/INFO]: Stopping worker threads
[03:16:19] [Render thread/INFO]: Started 6 worker threads
[03:16:19] [Server thread/INFO]: Saving chunks for level 'ServerLevel[Epic survival world]'/minecraft:overworld
[03:16:20] [Server thread/INFO]: Saving chunks for level 'ServerLevel[Epic survival world]'/minecraft:the_end
[03:16:20] [Server thread/INFO]: Saving chunks for level 'ServerLevel[Epic survival world]'/minecraft:the_nether
[03:16:45] [Render thread/INFO]: Stopping worker threads
[03:16:45] [Render thread/INFO]: Started 6 worker threads
[03:16:45] [Render thread/INFO]: Stopping worker threads
[03:16:45] [Render thread/INFO]: Started 6 worker threads
[03:21:56] [Server thread/INFO]: Saving and pausing game...
[03:21:56] [Server thread/INFO]: Saving chunks for level 'ServerLevel[Epic survival world]'/minecraft:overworld
[03:21:56] [Server thread/INFO]: Saving chunks for level 'ServerLevel[Epic survival world]'/minecraft:the_end
[03:21:56] [Server thread/INFO]: Saving chunks for level 'ServerLevel[Epic survival world]'/minecraft:the_nether
[03:21:56] [Server thread/INFO]: 16thGarden lost connection: Disconnected
[03:21:56] [Server thread/INFO]: 16thGarden left the game
[03:21:56] [Server thread/INFO]: Stopping singleplayer server as player logged out
[03:21:56] [Server thread/INFO]: Stopping server
[03:21:56] [Server thread/INFO]: Saving players
[03:21:56] [Server thread/INFO]: Saving worlds
[03:21:57] [Server thread/INFO]: Saving chunks for level 'ServerLevel[Epic survival world]'/minecraft:overworld
[03:21:57] [Server thread/INFO]: Saving chunks for level 'ServerLevel[Epic survival world]'/minecraft:the_end
[03:21:57] [Server thread/INFO]: Saving chunks for level 'ServerLevel[Epic survival world]'/minecraft:the_nether
[03:21:57] [Server thread/INFO]: ThreadedAnvilChunkStorage (Epic survival world): All chunks are saved
[03:21:57] [Server thread/INFO]: ThreadedAnvilChunkStorage (DIM1): All chunks are saved
[03:21:57] [Server thread/INFO]: ThreadedAnvilChunkStorage (DIM-1): All chunks are saved
[03:21:57] [Server thread/INFO]: ThreadedAnvilChunkStorage: All dimensions are saved
[03:21:57] [Render thread/INFO]: Stopping worker threads
[03:21:58] [Render thread/INFO]: Stopping!
[03:21:58] [CullThread/INFO]: [STDOUT]: Shutting down culling task!
