[19:15:48] [main/INFO]: Loading Minecraft 1.20.4 with Fabric Loader 0.15.7
[19:15:49] [main/INFO]: Loading 69 mods:
	- advanced-xray-fabric 84.0.0
	- appleskin 2.5.1+mc1.20.3
	   \-- cloth-config 13.0.114
	        \-- cloth-basic-math 0.6.1
	- entityculling 1.6.3.1
	- essential-container 1.0.0
	   \-- essential-loader 1.2.1
	- fabric-api 0.96.4+1.20.4
	   |-- fabric-api-base 0.4.36+78d798af4f
	   |-- fabric-api-lookup-api-v1 1.6.49+82b1bb3e4f
	   |-- fabric-biome-api-v1 13.0.16+78d798af4f
	   |-- fabric-block-api-v1 1.0.16+3e2216cb4f
	   |-- fabric-block-view-api-v2 1.0.4+78d798af4f
	   |-- fabric-blockrenderlayer-v1 1.1.46+78d798af4f
	   |-- fabric-client-tags-api-v1 1.1.7+78d798af4f
	   |-- fabric-command-api-v1 1.2.41+f71b366f4f
	   |-- fabric-command-api-v2 2.2.20+78d798af4f
	   |-- fabric-commands-v0 0.2.58+df3654b34f
	   |-- fabric-containers-v0 0.1.86+df3654b34f
	   |-- fabric-content-registries-v0 5.0.14+78d798af4f
	   |-- fabric-convention-tags-v1 1.5.10+78d798af4f
	   |-- fabric-crash-report-info-v1 0.2.23+78d798af4f
	   |-- fabric-data-attachment-api-v1 1.1.3+b90db5744f
	   |-- fabric-data-generation-api-v1 13.2.3+5c0133444f
	   |-- fabric-dimensions-v1 2.1.61+78d798af4f
	   |-- fabric-entity-events-v1 1.6.1+09fc25014f
	   |-- fabric-events-interaction-v0 0.7.1+389931eb4f
	   |-- fabric-events-lifecycle-v0 0.2.74+df3654b34f
	   |-- fabric-game-rule-api-v1 1.0.46+78d798af4f
	   |-- fabric-item-api-v1 2.2.0+d6f2b0844f
	   |-- fabric-item-group-api-v1 4.0.25+58f8c0124f
	   |-- fabric-key-binding-api-v1 1.0.41+78d798af4f
	   |-- fabric-keybindings-v0 0.2.39+df3654b34f
	   |-- fabric-lifecycle-events-v1 2.3.0+a67ffb5d4f
	   |-- fabric-loot-api-v2 2.1.8+78d798af4f
	   |-- fabric-message-api-v1 6.0.5+78d798af4f
	   |-- fabric-mining-level-api-v1 2.1.64+78d798af4f
	   |-- fabric-model-loading-api-v1 1.0.8+78d798af4f
	   |-- fabric-models-v0 0.4.7+9386d8a74f
	   |-- fabric-networking-api-v1 3.1.7+2e5ac5484f
	   |-- fabric-object-builder-api-v1 13.0.13+080016e44f
	   |-- fabric-particles-v1 1.1.7+78d798af4f
	   |-- fabric-recipe-api-v1 2.0.20+78d798af4f
	   |-- fabric-registry-sync-v0 4.0.19+58f8c0124f
	   |-- fabric-renderer-api-v1 3.2.4+78d798af4f
	   |-- fabric-renderer-indigo 1.5.4+78d798af4f
	   |-- fabric-renderer-registries-v1 3.2.53+df3654b34f
	   |-- fabric-rendering-data-attachment-v1 0.3.42+73761d2e4f
	   |-- fabric-rendering-fluids-v1 3.1.1+e761c6694f
	   |-- fabric-rendering-v0 1.1.56+df3654b34f
	   |-- fabric-rendering-v1 3.2.0+6fd945a04f
	   |-- fabric-resource-conditions-api-v1 2.3.14+78d798af4f
	   |-- fabric-resource-loader-v0 0.11.19+58f8c0124f
	   |-- fabric-screen-api-v1 2.0.17+78d798af4f
	   |-- fabric-screen-handler-api-v1 1.3.55+78d798af4f
	   |-- fabric-sound-api-v1 1.0.17+78d798af4f
	   |-- fabric-transfer-api-v1 4.0.11+e84342304f
	   \-- fabric-transitive-access-wideners-v1 5.0.14+78d798af4f
	- fabricloader 0.15.7
	   \-- mixinextras 0.3.5
	- java 17
	- litematica 0.17.0
	- lithium 0.12.1
	- logical_zoom 0.0.22
	- malilib 0.18.1
	- minecraft 1.20.4
	- minihud 0.30.2
	- sodium 0.5.8+mc1.20.4
	- tweakeroo 0.19.2
[19:15:49] [main/INFO]: SpongePowered MIXIN Subsystem Version=0.8.5 Source=file:/C:/Users/Miguel%20Leyesa/AppData/Roaming/.minecraft/libraries/net/fabricmc/sponge-mixin/0.12.5+mixin.0.8.5/sponge-mixin-0.12.5+mixin.0.8.5.jar Service=Knot/Fabric Env=CLIENT
[19:15:49] [main/INFO]: Compatibility level set to JAVA_17
[19:15:49] [main/INFO]: Loaded configuration file for Lithium: 129 options available, 0 override(s) found
[19:15:50] [main/INFO]: Loaded configuration file for Sodium: 42 options available, 0 override(s) found
[19:15:51] [main/INFO]: Starting Essential Loader (stage2) version 1.4.1+fabric-1.20.4 (9cbd42842e1a0f4db9463ba79962010f) [stable]
[19:15:52] [main/INFO]: Starting Essential v1.3.1.1 (#3a090c5c88) [stable]
[19:15:52] [main/INFO]: Java: OpenJDK 64-Bit Server VM (v17.0.8) by Microsoft (Microsoft)
[19:15:52] [main/INFO]: Java Path: C:\Users\Miguel Leyesa\AppData\Local\Packages\Microsoft.4297127D64EC6_8wekyb3d8bbwe\LocalCache\Local\runtime\java-runtime-gamma\windows-x64\java-runtime-gamma\bin
[19:15:52] [main/INFO]: Java Info: mixed mode
[19:15:52] [main/INFO]: JVM Arguments: 
  - -XX:HeapDumpPath=MojangTricksIntelDriversForPerformance_javaw.exe_minecraft.exe.heapdump
  - -Xss1M
  - -Djava.library.path=C:\Users\Miguel Leyesa\AppData\Roaming\.minecraft\bin\f2e342bf2348672ee9b93bf020ce8b6279af9b64
  - -Djna.tmpdir=C:\Users\Miguel Leyesa\AppData\Roaming\.minecraft\bin\f2e342bf2348672ee9b93bf020ce8b6279af9b64
  - -Dorg.lwjgl.system.SharedLibraryExtractPath=C:\Users\Miguel Leyesa\AppData\Roaming\.minecraft\bin\f2e342bf2348672ee9b93bf020ce8b6279af9b64
  - -Dio.netty.native.workdir=C:\Users\Miguel Leyesa\AppData\Roaming\.minecraft\bin\f2e342bf2348672ee9b93bf020ce8b6279af9b64
  - -Dminecraft.launcher.brand=minecraft-launcher
  - -Dminecraft.launcher.version=2.19.10
  - -DFabricMcEmu= net.minecraft.client.main.Main 
  - -Xmx8G
  - -XX:+UnlockExperimentalVMOptions
  - -XX:+UseG1GC
  - -XX:G1NewSizePercent=20
  - -XX:G1ReservePercent=20
  - -XX:MaxGCPauseMillis=50
  - -XX:G1HeapRegionSize=32M
  - -Dlog4j.configurationFile=C:\Users\Miguel Leyesa\AppData\Roaming\.minecraft\assets\log_configs\client-1.12.xml
[19:15:52] [main/INFO]: OS: Windows 11 (v10.0) (Arch: amd64)
[19:15:52] [main/INFO]: Searching for graphics cards...
[19:15:52] [main/INFO]: Initializing MixinExtras via com.llamalad7.mixinextras.service.MixinExtrasServiceImpl(version=0.3.5).
[19:15:53] [main/INFO]: Found graphics card: GraphicsAdapterInfo[vendor=NVIDIA, name=NVIDIA GeForce RTX 3050 Laptop GPU, version=DriverVersion=31.0.15.4629]
[19:15:53] [main/INFO]: Found graphics card: GraphicsAdapterInfo[vendor=INTEL, name=Intel(R) UHD Graphics, version=DriverVersion=30.0.100.9864]
[19:15:53] [main/WARN]: Sodium has applied one or more workarounds to prevent crashes or other issues on your system: [NVIDIA_THREADED_OPTIMIZATIONS]
[19:15:53] [main/WARN]: This is not necessarily an issue, but it may result in certain features or optimizations being disabled. You can sometimes fix these issues by upgrading your graphics driver.
[19:16:00] [Datafixer Bootstrap/INFO]: 198 Datafixer optimizations took 208 milliseconds
[19:16:03] [Render thread/INFO]: Environment: Environment[sessionHost=https://sessionserver.mojang.com, servicesHost=https://api.minecraftservices.com, name=PROD]
[19:16:03] [Render thread/INFO]: Setting user: 16thGarden
[19:16:04] [Render thread/INFO]: Using Default JreDnsResolver
[19:16:04] [Render thread/INFO]: Starting DI!
[19:16:04] [Thread 4/INFO]: Connecting to Essential Connection Manager...
[19:16:05] [Essential Thread 1/INFO]: Using Default JreSocketFactory
[19:16:05] [Render thread/INFO]: XRay mod has been initialized
[19:16:05] [Render thread/INFO]: [Indigo] Different rendering plugin detected; not applying Indigo.
[19:16:05] [WebSocketConnectReadThread-78/INFO]: Opened connection to Essential ConnectionManager (code=101, message=Switching Protocols)
[19:16:05] [Essential Thread 1/INFO]: Essential Connection Manager connection established.
[19:16:05] [Render thread/INFO]: OptiFine not detected.
[19:16:06] [Render thread/INFO]: Backend library: LWJGL version 3.3.2-snapshot
[19:16:06] [Render thread/WARN]: Applying workaround: Prevent the NVIDIA OpenGL driver from using broken optimizations (NVIDIA_THREADED_OPTIMIZATIONS)
[19:16:06] [Render thread/INFO]: OpenGL Vendor: NVIDIA Corporation
[19:16:06] [Render thread/INFO]: OpenGL Renderer: NVIDIA GeForce RTX 3050 Laptop GPU/PCIe/SSE2
[19:16:06] [Render thread/INFO]: OpenGL Version: 3.2.0 NVIDIA 546.29
[19:16:07] [ForkJoinPool.commonPool-worker-1/INFO]: [STDERR]: org.objectweb.asm.tree.analysis.AnalyzerException: Error at instruction 137: Trying to set an inexistant local variable 9
[19:16:07] [ForkJoinPool.commonPool-worker-1/INFO]: [STDERR]: 	at org.objectweb.asm.tree.analysis.Analyzer.analyze(Analyzer.java:279)
[19:16:07] [ForkJoinPool.commonPool-worker-1/INFO]: [STDERR]: 	at org.spongepowered.asm.util.Locals.generateLocalVariableTable(Locals.java:859)
[19:16:07] [ForkJoinPool.commonPool-worker-1/INFO]: [STDERR]: 	at org.spongepowered.asm.util.Locals.getGeneratedLocalVariableTable(Locals.java:828)
[19:16:07] [ForkJoinPool.commonPool-worker-1/INFO]: [STDERR]: 	at org.spongepowered.asm.util.Locals.getLocalVariableAt(Locals.java:782)
[19:16:07] [ForkJoinPool.commonPool-worker-1/INFO]: [STDERR]: 	at org.spongepowered.asm.util.Locals.getLocalVariableAt(Locals.java:752)
[19:16:07] [ForkJoinPool.commonPool-worker-1/INFO]: [STDERR]: 	at org.spongepowered.asm.util.Locals.getLocalsAt(Locals.java:529)
[19:16:07] [ForkJoinPool.commonPool-worker-1/INFO]: [STDERR]: 	at org.spongepowered.asm.util.Locals.getLocalsAt(Locals.java:336)
[19:16:07] [ForkJoinPool.commonPool-worker-1/INFO]: [STDERR]: 	at org.spongepowered.asm.mixin.injection.modify.LocalVariableDiscriminator$Context.initLocals(LocalVariableDiscriminator.java:154)
[19:16:07] [ForkJoinPool.commonPool-worker-1/INFO]: [STDERR]: 	at org.spongepowered.asm.mixin.injection.modify.LocalVariableDiscriminator$Context.<init>(LocalVariableDiscriminator.java:148)
[19:16:07] [ForkJoinPool.commonPool-worker-1/INFO]: [STDERR]: 	at org.spongepowered.asm.mixin.injection.modify.ModifyVariableInjector$Context.<init>(ModifyVariableInjector.java:71)
[19:16:07] [ForkJoinPool.commonPool-worker-1/INFO]: [STDERR]: 	at org.spongepowered.asm.mixin.injection.modify.ModifyVariableInjector.preInject(ModifyVariableInjector.java:159)
[19:16:07] [ForkJoinPool.commonPool-worker-1/INFO]: [STDERR]: 	at org.spongepowered.asm.mixin.injection.code.Injector.preInject(Injector.java:258)
[19:16:07] [ForkJoinPool.commonPool-worker-1/INFO]: [STDERR]: 	at org.spongepowered.asm.mixin.injection.struct.InjectionInfo.preInject(InjectionInfo.java:436)
[19:16:07] [ForkJoinPool.commonPool-worker-1/INFO]: [STDERR]: 	at org.spongepowered.asm.mixin.transformer.MixinTargetContext.applyInjections(MixinTargetContext.java:1370)
[19:16:07] [ForkJoinPool.commonPool-worker-1/INFO]: [STDERR]: 	at org.spongepowered.asm.mixin.transformer.MixinApplicatorStandard.applyInjections(MixinApplicatorStandard.java:1062)
[19:16:07] [ForkJoinPool.commonPool-worker-1/INFO]: [STDERR]: 	at org.spongepowered.asm.mixin.transformer.MixinApplicatorStandard.applyMixin(MixinApplicatorStandard.java:402)
[19:16:07] [ForkJoinPool.commonPool-worker-1/INFO]: [STDERR]: 	at org.spongepowered.asm.mixin.transformer.MixinApplicatorStandard.apply(MixinApplicatorStandard.java:327)
[19:16:07] [ForkJoinPool.commonPool-worker-1/INFO]: [STDERR]: 	at org.spongepowered.asm.mixin.transformer.TargetClassContext.apply(TargetClassContext.java:421)
[19:16:07] [ForkJoinPool.commonPool-worker-1/INFO]: [STDERR]: 	at org.spongepowered.asm.mixin.transformer.TargetClassContext.applyMixins(TargetClassContext.java:403)
[19:16:07] [ForkJoinPool.commonPool-worker-1/INFO]: [STDERR]: 	at org.spongepowered.asm.mixin.transformer.MixinProcessor.applyMixins(MixinProcessor.java:363)
[19:16:07] [ForkJoinPool.commonPool-worker-1/INFO]: [STDERR]: 	at org.spongepowered.asm.mixin.transformer.MixinTransformer.transformClass(MixinTransformer.java:234)
[19:16:07] [ForkJoinPool.commonPool-worker-1/INFO]: [STDERR]: 	at org.spongepowered.asm.mixin.transformer.MixinTransformer.transformClassBytes(MixinTransformer.java:202)
[19:16:07] [ForkJoinPool.commonPool-worker-1/INFO]: [STDERR]: 	at net.fabricmc.loader.impl.launch.knot.KnotClassDelegate.getPostMixinClassByteArray(KnotClassDelegate.java:422)
[19:16:07] [ForkJoinPool.commonPool-worker-1/INFO]: [STDERR]: 	at net.fabricmc.loader.impl.launch.knot.KnotClassDelegate.tryLoadClass(KnotClassDelegate.java:323)
[19:16:07] [ForkJoinPool.commonPool-worker-1/INFO]: [STDERR]: 	at net.fabricmc.loader.impl.launch.knot.KnotClassDelegate.loadClass(KnotClassDelegate.java:218)
[19:16:07] [ForkJoinPool.commonPool-worker-1/INFO]: [STDERR]: 	at net.fabricmc.loader.impl.launch.knot.KnotClassLoader.loadClass(KnotClassLoader.java:119)
[19:16:07] [ForkJoinPool.commonPool-worker-1/INFO]: [STDERR]: 	at java.base/java.lang.ClassLoader.loadClass(ClassLoader.java:525)
[19:16:07] [ForkJoinPool.commonPool-worker-1/INFO]: [STDERR]: 	at gg.essential.universal.UGraphics.<clinit>(UGraphics.java:774)
[19:16:07] [ForkJoinPool.commonPool-worker-1/INFO]: [STDERR]: 	at gg.essential.elementa.components.UIImage._init_$lambda-1(UIImage.kt:60)
[19:16:07] [ForkJoinPool.commonPool-worker-1/INFO]: [STDERR]: 	at java.base/java.util.concurrent.CompletableFuture$UniAccept.tryFire(CompletableFuture.java:718)
[19:16:07] [ForkJoinPool.commonPool-worker-1/INFO]: [STDERR]: 	at java.base/java.util.concurrent.CompletableFuture$Completion.exec(CompletableFuture.java:483)
[19:16:07] [ForkJoinPool.commonPool-worker-1/INFO]: [STDERR]: 	at java.base/java.util.concurrent.ForkJoinTask.doExec(ForkJoinTask.java:373)
[19:16:07] [ForkJoinPool.commonPool-worker-1/INFO]: [STDERR]: 	at java.base/java.util.concurrent.ForkJoinPool$WorkQueue.topLevelExec(ForkJoinPool.java:1182)
[19:16:07] [ForkJoinPool.commonPool-worker-1/INFO]: [STDERR]: 	at java.base/java.util.concurrent.ForkJoinPool.scan(ForkJoinPool.java:1655)
[19:16:07] [ForkJoinPool.commonPool-worker-1/INFO]: [STDERR]: 	at java.base/java.util.concurrent.ForkJoinPool.runWorker(ForkJoinPool.java:1622)
[19:16:07] [ForkJoinPool.commonPool-worker-1/INFO]: [STDERR]: 	at java.base/java.util.concurrent.ForkJoinWorkerThread.run(ForkJoinWorkerThread.java:165)
[19:16:07] [ForkJoinPool.commonPool-worker-1/INFO]: [STDERR]: Caused by: java.lang.IndexOutOfBoundsException: Trying to set an inexistant local variable 9
[19:16:07] [ForkJoinPool.commonPool-worker-1/INFO]: [STDERR]: 	at org.objectweb.asm.tree.analysis.Frame.setLocal(Frame.java:208)
[19:16:07] [ForkJoinPool.commonPool-worker-1/INFO]: [STDERR]: 	at org.objectweb.asm.tree.analysis.Frame.execute(Frame.java:337)
[19:16:07] [ForkJoinPool.commonPool-worker-1/INFO]: [STDERR]: 	at org.objectweb.asm.tree.analysis.Analyzer.analyze(Analyzer.java:171)
[19:16:07] [ForkJoinPool.commonPool-worker-1/INFO]: [STDERR]: 	... 35 more
[19:16:09] [Render thread/INFO]: Reloading ResourceManager: vanilla, fabric, advanced-xray-fabric, appleskin, cloth-config, entityculling, essential, essential-container, essential-loader, fabric-api, fabric-api-base, fabric-api-lookup-api-v1, fabric-biome-api-v1, fabric-block-api-v1, fabric-block-view-api-v2, fabric-blockrenderlayer-v1, fabric-client-tags-api-v1, fabric-command-api-v1, fabric-command-api-v2, fabric-commands-v0, fabric-containers-v0, fabric-content-registries-v0, fabric-convention-tags-v1, fabric-crash-report-info-v1, fabric-data-attachment-api-v1, fabric-data-generation-api-v1, fabric-dimensions-v1, fabric-entity-events-v1, fabric-events-interaction-v0, fabric-events-lifecycle-v0, fabric-game-rule-api-v1, fabric-item-api-v1, fabric-item-group-api-v1, fabric-key-binding-api-v1, fabric-keybindings-v0, fabric-language-kotlin, fabric-lifecycle-events-v1, fabric-loot-api-v2, fabric-message-api-v1, fabric-mining-level-api-v1, fabric-model-loading-api-v1, fabric-models-v0, fabric-networking-api-v1, fabric-object-builder-api-v1, fabric-particles-v1, fabric-recipe-api-v1, fabric-registry-sync-v0, fabric-renderer-api-v1, fabric-renderer-indigo, fabric-renderer-registries-v1, fabric-rendering-data-attachment-v1, fabric-rendering-fluids-v1, fabric-rendering-v0, fabric-rendering-v1, fabric-resource-conditions-api-v1, fabric-resource-loader-v0, fabric-screen-api-v1, fabric-screen-handler-api-v1, fabric-sound-api-v1, fabric-transfer-api-v1, fabric-transitive-access-wideners-v1, fabricloader, litematica, lithium, logical_zoom, malilib, minihud, sodium, tweakeroo, file/Low Fire 32x.zip, file/VisibleAncientDebris.zip, essential
[19:16:09] [Render thread/WARN]: Non [a-z0-9_.-] character in namespace .DS_Store in pack C:\Users\Miguel Leyesa\AppData\Roaming\.minecraft\resourcepacks\VisibleAncientDebris.zip, ignoring
[19:16:09] [Render thread/WARN]: Non [a-z0-9_.-] character in namespace .DS_Store in pack C:\Users\Miguel Leyesa\AppData\Roaming\.minecraft\resourcepacks\VisibleAncientDebris.zip, ignoring
[19:16:10] [Worker-Main-5/INFO]: Found unifont_all_no_pua-15.1.04.hex, loading
[19:16:10] [Worker-Main-2/WARN]: Invalid path in datapack: minecraft:textures/block/.DS_Store, ignoring
[19:16:10] [Render thread/INFO]: Client started, setting up xray store
[19:16:11] [DefaultDispatcher-worker-1/INFO]: Connected to Discord as starbuckslarge
[19:16:12] [Render thread/WARN]: Missing sound for event: minecraft:item.goat_horn.play
[19:16:12] [Render thread/WARN]: Missing sound for event: minecraft:entity.goat.screaming.horn_break
[19:16:12] [Render thread/WARN]: Missing sound for event: minecraft:entity.generic.wind_burst
[19:16:12] [Render thread/INFO]: OpenAL initialized on device OpenAL Soft on Speakers (Razer Kraken Kitty Edition)
[19:16:12] [Render thread/INFO]: Sound engine started
[19:16:12] [Render thread/INFO]: Created: 1024x512x4 minecraft:textures/atlas/blocks.png-atlas
[19:16:12] [Render thread/INFO]: Created: 256x256x4 minecraft:textures/atlas/signs.png-atlas
[19:16:12] [Render thread/INFO]: Created: 512x512x4 minecraft:textures/atlas/banner_patterns.png-atlas
[19:16:12] [Render thread/INFO]: Created: 512x512x4 minecraft:textures/atlas/shield_patterns.png-atlas
[19:16:12] [Render thread/INFO]: Created: 1024x1024x4 minecraft:textures/atlas/armor_trims.png-atlas
[19:16:12] [Render thread/INFO]: Created: 256x256x4 minecraft:textures/atlas/chest.png-atlas
[19:16:12] [Render thread/INFO]: Created: 128x64x4 minecraft:textures/atlas/decorated_pot.png-atlas
[19:16:12] [Render thread/INFO]: Created: 512x256x4 minecraft:textures/atlas/beds.png-atlas
[19:16:12] [Render thread/INFO]: Created: 512x256x4 minecraft:textures/atlas/shulker_boxes.png-atlas
[19:16:13] [Render thread/WARN]: Shader rendertype_entity_translucent_emissive could not find sampler named Sampler2 in the specified shader program.
[19:16:13] [Render thread/INFO]: Created: 512x256x0 minecraft:textures/atlas/particles.png-atlas
[19:16:13] [Render thread/INFO]: Created: 256x256x0 minecraft:textures/atlas/paintings.png-atlas
[19:16:13] [Render thread/INFO]: Created: 128x128x0 minecraft:textures/atlas/mob_effects.png-atlas
[19:16:13] [Render thread/INFO]: Created: 1024x512x0 minecraft:textures/atlas/gui.png-atlas
[19:16:15] [Render thread/WARN]: Shader cabb2374eda405e66b897908637abd1da5deac52 could not find uniform named subpixel_amount in the specified shader program.
[19:16:30] [Render thread/INFO]: Loaded 7 recipes
[19:16:30] [Render thread/INFO]: Loaded 1271 advancements
[19:16:31] [Render thread/INFO]: Applied 0 biome modifications to 0 of 64 new biomes in 2.612 ms
[19:16:31] [Server thread/INFO]: Starting integrated minecraft server version 1.20.4
[19:16:31] [Server thread/INFO]: Generating keypair
[19:16:32] [Server thread/INFO]: Preparing start region for dimension minecraft:overworld
[19:16:36] [Render thread/INFO]: Preparing spawn area: 0%
[19:16:36] [Render thread/INFO]: Preparing spawn area: 0%
[19:16:36] [Render thread/INFO]: Preparing spawn area: 0%
[19:16:36] [Render thread/INFO]: Preparing spawn area: 0%
[19:16:36] [Render thread/INFO]: Preparing spawn area: 0%
[19:16:36] [Render thread/INFO]: Preparing spawn area: 0%
[19:16:36] [Render thread/INFO]: Preparing spawn area: 0%
[19:16:36] [Render thread/INFO]: Preparing spawn area: 0%
[19:16:36] [Render thread/INFO]: Preparing spawn area: 24%
[19:16:37] [Render thread/INFO]: Preparing spawn area: 82%
[19:16:37] [Render thread/INFO]: Time elapsed: 4704 ms
[19:16:37] [Server thread/INFO]: Changing view distance to 16, from 10
[19:16:37] [Server thread/INFO]: Changing simulation distance to 12, from 0
[19:16:38] [Server thread/WARN]: @Redirect conflict. Skipping mixins.tweakeroo.json:MixinServerPlayNetworkHandler from mod tweakeroo->@Redirect::tweakeroo_removeHitPosCheck(Lnet/minecraft/class_243;Lnet/minecraft/class_243;)Lnet/minecraft/class_243; with priority 1005, already redirected by mixins.litematica.json:MixinServerPlayNetworkHandler from mod litematica->@Redirect::litematica_removeHitPosCheck(Lnet/minecraft/class_243;Lnet/minecraft/class_243;)Lnet/minecraft/class_243; with priority 1010
[19:16:38] [Server thread/INFO]: 16thGarden[local:E:21c11d40] logged in with entity id 178 at (375.98099150455835, 16.0, -387.7591475101834)
[19:16:38] [Server thread/INFO]: 16thGarden joined the game
[19:16:38] [Render thread/INFO]: Started 6 worker threads
[19:16:38] [Render thread/INFO]: Using 3 total BufferBuilder caches
[19:16:39] [Render thread/WARN]: Unable to read property: west with value: false for blockstate: {Name:"minecraft:cobblestone_wall",Properties:{east:"false",north:"false",south:"false",up:"false",west:"false"}}
[19:16:39] [Render thread/WARN]: Unable to read property: east with value: false for blockstate: {Name:"minecraft:cobblestone_wall",Properties:{east:"false",north:"false",south:"false",up:"false",west:"false"}}
[19:16:39] [Render thread/WARN]: Unable to read property: south with value: false for blockstate: {Name:"minecraft:cobblestone_wall",Properties:{east:"false",north:"false",south:"false",up:"false",west:"false"}}
[19:16:39] [Render thread/WARN]: Unable to read property: north with value: false for blockstate: {Name:"minecraft:cobblestone_wall",Properties:{east:"false",north:"false",south:"false",up:"false",west:"false"}}
[19:16:39] [Render thread/WARN]: Unable to read property: west with value: false for blockstate: {Name:"minecraft:mossy_cobblestone_wall",Properties:{east:"false",north:"false",south:"false",up:"false",west:"false"}}
[19:16:39] [Render thread/WARN]: Unable to read property: east with value: false for blockstate: {Name:"minecraft:mossy_cobblestone_wall",Properties:{east:"false",north:"false",south:"false",up:"false",west:"false"}}
[19:16:39] [Render thread/WARN]: Unable to read property: south with value: false for blockstate: {Name:"minecraft:mossy_cobblestone_wall",Properties:{east:"false",north:"false",south:"false",up:"false",west:"false"}}
[19:16:39] [Render thread/WARN]: Unable to read property: north with value: false for blockstate: {Name:"minecraft:mossy_cobblestone_wall",Properties:{east:"false",north:"false",south:"false",up:"false",west:"false"}}
[19:16:39] [Render thread/INFO]: Loaded 714 advancements
[19:16:40] [Render thread/WARN]: Received passengers for unknown entity
[19:16:50] [Server thread/INFO]: Saving and pausing game...
[19:16:50] [Server thread/INFO]: Saving chunks for level 'ServerLevel[Epic survival world]'/minecraft:overworld
[19:16:50] [Server thread/INFO]: Saving chunks for level 'ServerLevel[Epic survival world]'/minecraft:the_nether
[19:16:51] [Server thread/INFO]: Saving chunks for level 'ServerLevel[Epic survival world]'/minecraft:the_end
[19:29:51] [Server thread/WARN]: Mismatch in destroy block pos: class_2338{x=146, y=33, z=-354} class_2338{x=146, y=34, z=-354}
[19:32:32] [Render thread/INFO]: Stopping worker threads
[19:32:32] [Server thread/INFO]: Saving and pausing game...
[19:32:32] [Render thread/INFO]: Started 6 worker threads
[19:32:32] [Render thread/INFO]: Stopping worker threads
[19:32:32] [Render thread/INFO]: Started 6 worker threads
[19:32:32] [Server thread/INFO]: Saving chunks for level 'ServerLevel[Epic survival world]'/minecraft:overworld
[19:32:32] [Server thread/INFO]: Saving chunks for level 'ServerLevel[Epic survival world]'/minecraft:the_nether
[19:32:32] [Server thread/INFO]: Saving chunks for level 'ServerLevel[Epic survival world]'/minecraft:the_end
[19:32:36] [Render thread/INFO]: Stopping worker threads
[19:32:36] [Render thread/INFO]: Started 6 worker threads
[19:32:36] [Render thread/INFO]: Stopping worker threads
[19:32:36] [Render thread/INFO]: Started 6 worker threads
[19:32:36] [Server thread/INFO]: Saving and pausing game...
[19:32:36] [Server thread/INFO]: Saving chunks for level 'ServerLevel[Epic survival world]'/minecraft:overworld
[19:32:36] [Server thread/INFO]: Saving chunks for level 'ServerLevel[Epic survival world]'/minecraft:the_nether
[19:32:36] [Server thread/INFO]: Saving chunks for level 'ServerLevel[Epic survival world]'/minecraft:the_end
[19:34:15] [Render thread/INFO]: Stopping worker threads
[19:34:15] [Render thread/INFO]: Started 6 worker threads
[19:34:15] [Render thread/INFO]: Stopping worker threads
[19:34:15] [Render thread/INFO]: Started 6 worker threads
[19:34:30] [Render thread/INFO]: Stopping worker threads
[19:34:30] [Server thread/INFO]: Saving and pausing game...
[19:34:30] [Render thread/INFO]: Started 6 worker threads
[19:34:30] [Render thread/INFO]: Stopping worker threads
[19:34:30] [Render thread/INFO]: Started 6 worker threads
[19:34:30] [Server thread/INFO]: Saving chunks for level 'ServerLevel[Epic survival world]'/minecraft:overworld
[19:34:30] [Server thread/INFO]: Saving chunks for level 'ServerLevel[Epic survival world]'/minecraft:the_nether
[19:34:30] [Server thread/INFO]: Saving chunks for level 'ServerLevel[Epic survival world]'/minecraft:the_end
[19:35:15] [Render thread/INFO]: Stopping worker threads
[19:35:15] [Render thread/INFO]: Started 6 worker threads
[19:35:15] [Render thread/INFO]: Stopping worker threads
[19:35:15] [Render thread/INFO]: Started 6 worker threads
[19:35:15] [Server thread/INFO]: Saving and pausing game...
[19:35:15] [Server thread/INFO]: Saving chunks for level 'ServerLevel[Epic survival world]'/minecraft:overworld
[19:35:15] [Server thread/INFO]: Saving chunks for level 'ServerLevel[Epic survival world]'/minecraft:the_nether
[19:35:15] [Server thread/INFO]: Saving chunks for level 'ServerLevel[Epic survival world]'/minecraft:the_end
[19:35:53] [Render thread/WARN]: Unable to play empty soundEvent: minecraft:entity.salmon.ambient
[19:37:05] [Server thread/INFO]: 16thGarden has completed the challenge [Cover Me in Debris]
[19:37:05] [Render thread/INFO]: [System] [CHAT] 16thGarden has completed the challenge [Cover Me in Debris]
[19:37:05] [Render thread/INFO]: Loaded 714 advancements
[20:04:54] [Render thread/INFO]: Loaded 718 advancements
[20:49:51] [Render thread/INFO]: [System] [CHAT] Respawn point set
[20:51:54] [Render thread/INFO]: Loaded 719 advancements
[21:01:33] [Server thread/INFO]: Saving and pausing game...
[21:01:33] [Server thread/INFO]: Saving chunks for level 'ServerLevel[Epic survival world]'/minecraft:overworld
[21:01:33] [Server thread/INFO]: Saving chunks for level 'ServerLevel[Epic survival world]'/minecraft:the_nether
[21:01:33] [Server thread/INFO]: Saving chunks for level 'ServerLevel[Epic survival world]'/minecraft:the_end
[21:05:21] [Server thread/INFO]: Saving and pausing game...
[21:05:21] [Server thread/INFO]: Saving chunks for level 'ServerLevel[Epic survival world]'/minecraft:overworld
[21:05:21] [Server thread/INFO]: Saving chunks for level 'ServerLevel[Epic survival world]'/minecraft:the_nether
[21:05:21] [Server thread/INFO]: Saving chunks for level 'ServerLevel[Epic survival world]'/minecraft:the_end
[21:05:22] [Server thread/INFO]: 16thGarden lost connection: Disconnected
[21:05:22] [Server thread/INFO]: 16thGarden left the game
[21:05:22] [Server thread/INFO]: Stopping singleplayer server as player logged out
[21:05:22] [Server thread/INFO]: Stopping server
[21:05:22] [Server thread/INFO]: Saving players
[21:05:22] [Server thread/INFO]: Saving worlds
[21:05:22] [Server thread/INFO]: Saving chunks for level 'ServerLevel[Epic survival world]'/minecraft:overworld
[21:05:22] [Server thread/INFO]: Saving chunks for level 'ServerLevel[Epic survival world]'/minecraft:the_nether
[21:05:22] [Server thread/INFO]: Saving chunks for level 'ServerLevel[Epic survival world]'/minecraft:the_end
[21:05:22] [Server thread/INFO]: ThreadedAnvilChunkStorage (Epic survival world): All chunks are saved
[21:05:22] [Server thread/INFO]: ThreadedAnvilChunkStorage (DIM-1): All chunks are saved
[21:05:22] [Server thread/INFO]: ThreadedAnvilChunkStorage (DIM1): All chunks are saved
[21:05:22] [Server thread/INFO]: ThreadedAnvilChunkStorage: All dimensions are saved
[21:05:22] [Render thread/INFO]: Stopping worker threads
[21:05:24] [Render thread/INFO]: Loaded 7 recipes
[21:05:24] [Render thread/INFO]: Loaded 1271 advancements
[21:05:25] [Render thread/INFO]: Applied 0 biome modifications to 0 of 64 new biomes in 341.4 ?s
[21:05:25] [Server thread/INFO]: Starting integrated minecraft server version 1.20.4
[21:05:25] [Server thread/INFO]: Generating keypair
[21:05:27] [Server thread/INFO]: Preparing start region for dimension minecraft:overworld
[21:05:28] [Render thread/INFO]: Preparing spawn area: 0%
[21:05:28] [Render thread/INFO]: Preparing spawn area: 0%
[21:05:28] [Render thread/INFO]: Preparing spawn area: 0%
[21:05:28] [Render thread/INFO]: Preparing spawn area: 0%
[21:05:29] [Render thread/INFO]: Preparing spawn area: 0%
[21:05:29] [Render thread/INFO]: Preparing spawn area: 0%
[21:05:30] [Render thread/INFO]: Preparing spawn area: 1%
[21:05:30] [Render thread/INFO]: Preparing spawn area: 52%
[21:05:30] [Server thread/INFO]: Changing view distance to 16, from 10
[21:05:30] [Server thread/INFO]: Changing simulation distance to 12, from 0
[21:05:30] [Render thread/INFO]: Time elapsed: 3793 ms
[21:05:30] [Server thread/INFO]: 16thGarden[local:E:fc2fa97b] logged in with entity id 60049 at (-0.29868829943258457, 106.0, 457.0008837709277)
[21:05:30] [Render thread/INFO]: Started 6 worker threads
[21:05:30] [Render thread/INFO]: Using 3 total BufferBuilder caches
[21:05:31] [Server thread/INFO]: 16thGarden joined the game
[21:05:31] [Render thread/INFO]: Loaded 373 advancements
[21:06:34] [Render thread/WARN]: Unable to play empty soundEvent: minecraft:entity.cod.ambient
[21:14:06] [Render thread/INFO]: Loaded 382 advancements
[21:26:04] [Server thread/INFO]: Saving and pausing game...
[21:26:04] [Server thread/INFO]: Saving chunks for level 'ServerLevel[world]'/minecraft:overworld
[21:26:04] [Server thread/INFO]: Saving chunks for level 'ServerLevel[world]'/minecraft:the_nether
[21:26:04] [Server thread/INFO]: Saving chunks for level 'ServerLevel[world]'/minecraft:the_end
[21:26:04] [Server thread/INFO]: 16thGarden lost connection: Disconnected
[21:26:04] [Server thread/INFO]: 16thGarden left the game
[21:26:04] [Server thread/INFO]: Stopping singleplayer server as player logged out
[21:26:04] [Server thread/INFO]: Stopping server
[21:26:04] [Server thread/INFO]: Saving players
[21:26:04] [Server thread/INFO]: Saving worlds
[21:26:04] [Server thread/INFO]: Saving chunks for level 'ServerLevel[world]'/minecraft:overworld
[21:26:04] [Server thread/INFO]: Saving chunks for level 'ServerLevel[world]'/minecraft:the_nether
[21:26:04] [Server thread/INFO]: Saving chunks for level 'ServerLevel[world]'/minecraft:the_end
[21:26:04] [Server thread/INFO]: ThreadedAnvilChunkStorage (300 days 6): All chunks are saved
[21:26:04] [Server thread/INFO]: ThreadedAnvilChunkStorage (DIM-1): All chunks are saved
[21:26:04] [Server thread/INFO]: ThreadedAnvilChunkStorage (DIM1): All chunks are saved
[21:26:04] [Server thread/INFO]: ThreadedAnvilChunkStorage: All dimensions are saved
[21:26:04] [Render thread/INFO]: Stopping worker threads
[21:26:09] [Render thread/INFO]: Loaded 7 recipes
[21:26:09] [Render thread/INFO]: Loaded 1271 advancements
[21:26:10] [Render thread/INFO]: Applied 0 biome modifications to 0 of 64 new biomes in 219.9 ?s
[21:26:10] [Server thread/INFO]: Starting integrated minecraft server version 1.20.4
[21:26:10] [Server thread/INFO]: Generating keypair
[21:26:11] [Server thread/INFO]: Preparing start region for dimension minecraft:overworld
[21:26:12] [Render thread/INFO]: Preparing spawn area: 0%
[21:26:12] [Render thread/INFO]: Preparing spawn area: 0%
[21:26:12] [Render thread/INFO]: Preparing spawn area: 0%
[21:26:13] [Render thread/INFO]: Preparing spawn area: 0%
[21:26:13] [Render thread/INFO]: Preparing spawn area: 8%
[21:26:14] [Render thread/INFO]: Preparing spawn area: 77%
[21:26:14] [Server thread/INFO]: Changing view distance to 16, from 10
[21:26:14] [Server thread/INFO]: Changing simulation distance to 12, from 0
[21:26:14] [Render thread/INFO]: Time elapsed: 2788 ms
[21:26:14] [Server thread/INFO]: 16thGarden[local:E:9705d353] logged in with entity id 60485 at (-45.34193804193945, 64.0, -1.221299077713198)
[21:26:14] [Server thread/INFO]: 16thGarden joined the game
[21:26:14] [Render thread/INFO]: Started 6 worker threads
[21:26:14] [Render thread/INFO]: Using 3 total BufferBuilder caches
[21:26:14] [Render thread/INFO]: Loaded 719 advancements
[21:27:16] [Server thread/INFO]: Saving and pausing game...
[21:27:16] [Server thread/INFO]: Saving chunks for level 'ServerLevel[Epic survival world]'/minecraft:overworld
[21:27:16] [Server thread/INFO]: Saving chunks for level 'ServerLevel[Epic survival world]'/minecraft:the_nether
[21:27:16] [Server thread/INFO]: Saving chunks for level 'ServerLevel[Epic survival world]'/minecraft:the_end
[21:27:54] [Render thread/INFO]: [System] [CHAT] [Debug]: Hitboxes: shown
[21:28:30] [Render thread/INFO]: [System] [CHAT] [Debug]: Chunk borders: shown
[21:28:32] [Render thread/INFO]: [System] [CHAT] [Debug]: Hitboxes: hidden
[21:31:44] [Render thread/INFO]: [System] [CHAT] [Debug]: Chunk borders: hidden
[21:41:58] [Server thread/INFO]: Saving and pausing game...
[21:41:58] [Server thread/INFO]: Saving chunks for level 'ServerLevel[Epic survival world]'/minecraft:overworld
[21:41:58] [Server thread/INFO]: Saving chunks for level 'ServerLevel[Epic survival world]'/minecraft:the_nether
[21:41:58] [Server thread/INFO]: Saving chunks for level 'ServerLevel[Epic survival world]'/minecraft:the_end
[22:07:23] [Server thread/WARN]: Mismatch in destroy block pos: class_2338{x=-77, y=66, z=-66} class_2338{x=-77, y=65, z=-66}
[22:07:23] [Server thread/WARN]: Mismatch in destroy block pos: class_2338{x=-77, y=66, z=-66} class_2338{x=-77, y=65, z=-66}
[22:07:23] [Server thread/WARN]: Mismatch in destroy block pos: class_2338{x=-77, y=66, z=-66} class_2338{x=-77, y=65, z=-66}
[22:07:24] [Server thread/WARN]: Mismatch in destroy block pos: class_2338{x=-77, y=66, z=-66} class_2338{x=-77, y=65, z=-66}
[22:07:24] [Server thread/WARN]: Mismatch in destroy block pos: class_2338{x=-77, y=66, z=-66} class_2338{x=-77, y=65, z=-66}
[22:07:24] [Server thread/WARN]: Mismatch in destroy block pos: class_2338{x=-77, y=66, z=-66} class_2338{x=-77, y=65, z=-66}
[22:07:56] [Render thread/INFO]: Loaded 720 advancements
[22:08:55] [Server thread/WARN]: Mismatch in destroy block pos: class_2338{x=-60, y=64, z=-14} class_2338{x=-47, y=67, z=-52}
[22:08:55] [Server thread/WARN]: Mismatch in destroy block pos: class_2338{x=-60, y=64, z=-14} class_2338{x=-47, y=67, z=-52}
[22:08:55] [Server thread/WARN]: Mismatch in destroy block pos: class_2338{x=-60, y=64, z=-14} class_2338{x=-47, y=67, z=-52}
[22:08:56] [Server thread/WARN]: Mismatch in destroy block pos: class_2338{x=-60, y=64, z=-14} class_2338{x=-47, y=67, z=-52}
[22:08:56] [Server thread/WARN]: Mismatch in destroy block pos: class_2338{x=-60, y=64, z=-14} class_2338{x=-47, y=67, z=-52}
[22:09:01] [Server thread/INFO]: Saving and pausing game...
[22:09:01] [Server thread/INFO]: Saving chunks for level 'ServerLevel[Epic survival world]'/minecraft:overworld
[22:09:01] [Server thread/INFO]: Saving chunks for level 'ServerLevel[Epic survival world]'/minecraft:the_nether
[22:09:01] [Server thread/INFO]: Saving chunks for level 'ServerLevel[Epic survival world]'/minecraft:the_end
[22:12:27] [Server thread/WARN]: Mismatch in destroy block pos: class_2338{x=-73, y=65, z=-46} class_2338{x=-68, y=64, z=-37}
[22:12:27] [Server thread/WARN]: Mismatch in destroy block pos: class_2338{x=-73, y=65, z=-46} class_2338{x=-68, y=64, z=-37}
[22:12:27] [Server thread/WARN]: Mismatch in destroy block pos: class_2338{x=-73, y=65, z=-46} class_2338{x=-68, y=64, z=-37}
[22:12:27] [Server thread/WARN]: Mismatch in destroy block pos: class_2338{x=-73, y=65, z=-46} class_2338{x=-68, y=64, z=-37}
[22:13:46] [Server thread/WARN]: Mismatch in destroy block pos: class_2338{x=-62, y=64, z=-74} class_2338{x=-62, y=66, z=-74}
[22:13:46] [Server thread/WARN]: Mismatch in destroy block pos: class_2338{x=-62, y=64, z=-74} class_2338{x=-62, y=66, z=-74}
[22:14:12] [Server thread/WARN]: Mismatch in destroy block pos: class_2338{x=-60, y=62, z=-80} class_2338{x=-60, y=62, z=-79}
[22:14:12] [Server thread/WARN]: Mismatch in destroy block pos: class_2338{x=-60, y=62, z=-80} class_2338{x=-60, y=62, z=-79}
[22:14:12] [Server thread/WARN]: Mismatch in destroy block pos: class_2338{x=-60, y=62, z=-80} class_2338{x=-60, y=62, z=-79}
[22:14:32] [Server thread/WARN]: Mismatch in destroy block pos: class_2338{x=-57, y=66, z=-64} class_2338{x=-57, y=66, z=-65}
[22:14:32] [Server thread/WARN]: Mismatch in destroy block pos: class_2338{x=-57, y=66, z=-64} class_2338{x=-57, y=66, z=-65}
[22:14:32] [Server thread/WARN]: Mismatch in destroy block pos: class_2338{x=-57, y=66, z=-64} class_2338{x=-57, y=66, z=-65}
[22:14:32] [Server thread/WARN]: Mismatch in destroy block pos: class_2338{x=-57, y=66, z=-64} class_2338{x=-57, y=66, z=-65}
[22:14:32] [Server thread/WARN]: Mismatch in destroy block pos: class_2338{x=-57, y=66, z=-64} class_2338{x=-57, y=66, z=-65}
[22:14:32] [Server thread/WARN]: Mismatch in destroy block pos: class_2338{x=-57, y=66, z=-64} class_2338{x=-57, y=66, z=-65}
[22:14:32] [Server thread/WARN]: Mismatch in destroy block pos: class_2338{x=-57, y=66, z=-64} class_2338{x=-57, y=66, z=-65}
[22:14:32] [Server thread/WARN]: Mismatch in destroy block pos: class_2338{x=-57, y=66, z=-64} class_2338{x=-57, y=66, z=-65}
[22:17:58] [Server thread/WARN]: Mismatch in destroy block pos: class_2338{x=-40, y=63, z=-44} class_2338{x=-41, y=64, z=-49}
[22:17:58] [Server thread/WARN]: Mismatch in destroy block pos: class_2338{x=-40, y=63, z=-44} class_2338{x=-41, y=64, z=-49}
[22:17:58] [Server thread/WARN]: Mismatch in destroy block pos: class_2338{x=-40, y=63, z=-44} class_2338{x=-41, y=64, z=-49}
[22:17:58] [Server thread/WARN]: Mismatch in destroy block pos: class_2338{x=-40, y=63, z=-44} class_2338{x=-41, y=64, z=-49}
[22:17:58] [Server thread/WARN]: Mismatch in destroy block pos: class_2338{x=-40, y=63, z=-44} class_2338{x=-41, y=64, z=-49}
[22:17:58] [Server thread/WARN]: Mismatch in destroy block pos: class_2338{x=-40, y=63, z=-44} class_2338{x=-41, y=64, z=-49}
[22:17:58] [Server thread/WARN]: Mismatch in destroy block pos: class_2338{x=-40, y=63, z=-44} class_2338{x=-41, y=64, z=-49}
[22:17:58] [Server thread/WARN]: Mismatch in destroy block pos: class_2338{x=-40, y=63, z=-44} class_2338{x=-41, y=64, z=-49}
[22:17:58] [Server thread/WARN]: Mismatch in destroy block pos: class_2338{x=-40, y=63, z=-44} class_2338{x=-41, y=64, z=-49}
[22:21:04] [Server thread/INFO]: Saving and pausing game...
[22:21:04] [Server thread/INFO]: Saving chunks for level 'ServerLevel[Epic survival world]'/minecraft:overworld
[22:21:04] [Render thread/INFO]: Stopping worker threads
[22:21:04] [Server thread/INFO]: Saving chunks for level 'ServerLevel[Epic survival world]'/minecraft:the_nether
[22:21:04] [Render thread/INFO]: Started 6 worker threads
[22:21:04] [Server thread/INFO]: Saving chunks for level 'ServerLevel[Epic survival world]'/minecraft:the_end
[22:21:04] [Render thread/INFO]: Stopping worker threads
[22:21:04] [Render thread/INFO]: Started 6 worker threads
[22:21:19] [Render thread/INFO]: Stopping worker threads
[22:21:19] [Render thread/INFO]: Started 6 worker threads
[22:21:19] [Server thread/INFO]: Saving and pausing game...
[22:21:19] [Render thread/INFO]: Stopping worker threads
[22:21:19] [Render thread/INFO]: Started 6 worker threads
[22:21:19] [Server thread/INFO]: Saving chunks for level 'ServerLevel[Epic survival world]'/minecraft:overworld
[22:21:19] [Server thread/INFO]: Saving chunks for level 'ServerLevel[Epic survival world]'/minecraft:the_nether
[22:21:19] [Server thread/INFO]: Saving chunks for level 'ServerLevel[Epic survival world]'/minecraft:the_end
[22:22:08] [Render thread/INFO]: Stopping worker threads
[22:22:08] [Server thread/INFO]: Saving and pausing game...
[22:22:08] [Render thread/INFO]: Started 6 worker threads
[22:22:08] [Render thread/INFO]: Stopping worker threads
[22:22:08] [Render thread/INFO]: Started 6 worker threads
[22:22:08] [Server thread/INFO]: Saving chunks for level 'ServerLevel[Epic survival world]'/minecraft:overworld
[22:22:08] [Server thread/INFO]: Saving chunks for level 'ServerLevel[Epic survival world]'/minecraft:the_nether
[22:22:08] [Server thread/INFO]: Saving chunks for level 'ServerLevel[Epic survival world]'/minecraft:the_end
[22:22:34] [Render thread/WARN]: Received passengers for unknown entity
[22:22:40] [Render thread/INFO]: Stopping worker threads
[22:22:40] [Server thread/INFO]: Saving and pausing game...
[22:22:40] [Render thread/INFO]: Started 6 worker threads
[22:22:40] [Render thread/INFO]: Stopping worker threads
[22:22:40] [Render thread/INFO]: Started 6 worker threads
[22:22:40] [Server thread/INFO]: Saving chunks for level 'ServerLevel[Epic survival world]'/minecraft:overworld
[22:22:40] [Server thread/INFO]: Saving chunks for level 'ServerLevel[Epic survival world]'/minecraft:the_nether
[22:22:40] [Server thread/INFO]: Saving chunks for level 'ServerLevel[Epic survival world]'/minecraft:the_end
[22:22:43] [Render thread/INFO]: Stopping worker threads
[22:22:43] [Render thread/INFO]: Started 6 worker threads
[22:22:43] [Render thread/INFO]: Stopping worker threads
[22:22:43] [Render thread/INFO]: Started 6 worker threads
[22:22:43] [Server thread/INFO]: Saving and pausing game...
[22:22:43] [Server thread/INFO]: Saving chunks for level 'ServerLevel[Epic survival world]'/minecraft:overworld
[22:22:43] [Server thread/INFO]: Saving chunks for level 'ServerLevel[Epic survival world]'/minecraft:the_nether
[22:22:43] [Server thread/INFO]: Saving chunks for level 'ServerLevel[Epic survival world]'/minecraft:the_end
[22:22:47] [Render thread/WARN]: Received passengers for unknown entity
[22:26:31] [Render thread/INFO]: Stopping worker threads
[22:26:31] [Render thread/INFO]: Started 6 worker threads
[22:26:31] [Render thread/INFO]: Stopping worker threads
[22:26:31] [Render thread/INFO]: Started 6 worker threads
[22:26:31] [Server thread/INFO]: Saving and pausing game...
[22:26:31] [Server thread/INFO]: Saving chunks for level 'ServerLevel[Epic survival world]'/minecraft:overworld
[22:26:31] [Server thread/INFO]: Saving chunks for level 'ServerLevel[Epic survival world]'/minecraft:the_nether
[22:26:31] [Server thread/INFO]: Saving chunks for level 'ServerLevel[Epic survival world]'/minecraft:the_end
[22:27:45] [Server thread/WARN]: Mismatch in destroy block pos: class_2338{x=-47, y=63, z=-67} class_2338{x=-47, y=63, z=-68}
[22:27:45] [Server thread/WARN]: Mismatch in destroy block pos: class_2338{x=-47, y=63, z=-67} class_2338{x=-47, y=63, z=-68}
[22:36:13] [Render thread/INFO]: Loaded 721 advancements
[22:36:35] [Server thread/WARN]: Mismatch in destroy block pos: class_2338{x=-48, y=61, z=-36} class_2338{x=-47, y=62, z=-36}
[22:36:35] [Server thread/WARN]: Mismatch in destroy block pos: class_2338{x=-48, y=61, z=-36} class_2338{x=-47, y=62, z=-36}
[22:36:35] [Server thread/WARN]: Mismatch in destroy block pos: class_2338{x=-48, y=61, z=-36} class_2338{x=-47, y=62, z=-36}
[22:39:42] [Server thread/WARN]: Mismatch in destroy block pos: class_2338{x=-71, y=62, z=-31} class_2338{x=-70, y=62, z=-40}
[22:39:42] [Server thread/WARN]: Mismatch in destroy block pos: class_2338{x=-71, y=62, z=-31} class_2338{x=-70, y=62, z=-40}
[22:39:42] [Server thread/WARN]: Mismatch in destroy block pos: class_2338{x=-71, y=62, z=-31} class_2338{x=-70, y=62, z=-40}
[22:39:42] [Server thread/WARN]: Mismatch in destroy block pos: class_2338{x=-71, y=62, z=-31} class_2338{x=-70, y=62, z=-40}
[22:39:42] [Server thread/WARN]: Mismatch in destroy block pos: class_2338{x=-71, y=62, z=-31} class_2338{x=-70, y=62, z=-40}
[22:39:42] [Server thread/WARN]: Mismatch in destroy block pos: class_2338{x=-71, y=62, z=-31} class_2338{x=-70, y=62, z=-40}
[22:40:35] [Render thread/INFO]: Loaded 721 advancements
[22:40:48] [Server thread/INFO]: 16thGarden has made the advancement [Voluntary Exile]
[22:40:48] [Render thread/INFO]: [System] [CHAT] 16thGarden has made the advancement [Voluntary Exile]
[22:40:48] [Render thread/INFO]: Loaded 722 advancements
[22:41:48] [Render thread/INFO]: Stopping worker threads
[22:41:48] [Server thread/INFO]: Saving and pausing game...
[22:41:48] [Render thread/INFO]: Started 6 worker threads
[22:41:48] [Server thread/INFO]: Saving chunks for level 'ServerLevel[Epic survival world]'/minecraft:overworld
[22:41:48] [Render thread/INFO]: Stopping worker threads
[22:41:48] [Render thread/INFO]: Started 6 worker threads
[22:41:48] [Server thread/INFO]: Saving chunks for level 'ServerLevel[Epic survival world]'/minecraft:the_nether
[22:41:48] [Server thread/INFO]: Saving chunks for level 'ServerLevel[Epic survival world]'/minecraft:the_end
[22:42:10] [Render thread/INFO]: Stopping worker threads
[22:42:10] [Server thread/INFO]: Saving and pausing game...
[22:42:10] [Render thread/INFO]: Started 6 worker threads
[22:42:10] [Render thread/INFO]: Stopping worker threads
[22:42:10] [Render thread/INFO]: Started 6 worker threads
[22:42:10] [Server thread/INFO]: Saving chunks for level 'ServerLevel[Epic survival world]'/minecraft:overworld
[22:42:10] [Server thread/INFO]: Saving chunks for level 'ServerLevel[Epic survival world]'/minecraft:the_nether
[22:42:10] [Server thread/INFO]: Saving chunks for level 'ServerLevel[Epic survival world]'/minecraft:the_end
[22:43:01] [Render thread/INFO]: Loaded 722 advancements
[22:45:44] [Render thread/INFO]: Loaded 722 advancements
[22:46:44] [Render thread/INFO]: Loaded 724 advancements
[22:49:07] [Render thread/INFO]: Loaded 724 advancements
[22:49:31] [Render thread/INFO]: Loaded 724 advancements
[22:50:31] [Render thread/INFO]: [System] [CHAT] [Debug]: Hitboxes: shown
[22:51:40] [Render thread/INFO]: [System] [CHAT] Respawn point set
[22:54:35] [Server thread/INFO]: 16thGarden has reached the goal [Postmortal]
[22:54:35] [Render thread/INFO]: [System] [CHAT] 16thGarden has reached the goal [Postmortal]
[22:54:35] [Render thread/INFO]: Loaded 724 advancements
[22:58:12] [Render thread/INFO]: Stopping worker threads
[22:58:12] [Server thread/INFO]: Saving and pausing game...
[22:58:12] [Render thread/INFO]: Started 6 worker threads
[22:58:12] [Render thread/INFO]: Stopping worker threads
[22:58:12] [Render thread/INFO]: Started 6 worker threads
[22:58:12] [Server thread/INFO]: Saving chunks for level 'ServerLevel[Epic survival world]'/minecraft:overworld
[22:58:12] [Server thread/INFO]: Saving chunks for level 'ServerLevel[Epic survival world]'/minecraft:the_nether
[22:58:12] [Server thread/INFO]: Saving chunks for level 'ServerLevel[Epic survival world]'/minecraft:the_end
[22:58:54] [Render thread/INFO]: Stopping worker threads
[22:58:54] [Render thread/INFO]: Started 6 worker threads
[22:58:54] [Render thread/INFO]: Stopping worker threads
[22:58:54] [Render thread/INFO]: Started 6 worker threads
[23:01:35] [Render thread/INFO]: Stopping worker threads
[23:01:35] [Render thread/INFO]: Started 6 worker threads
[23:01:35] [Server thread/INFO]: Saving and pausing game...
[23:01:35] [Render thread/INFO]: Stopping worker threads
[23:01:35] [Render thread/INFO]: Started 6 worker threads
[23:01:35] [Server thread/INFO]: Saving chunks for level 'ServerLevel[Epic survival world]'/minecraft:overworld
[23:01:35] [Server thread/INFO]: Saving chunks for level 'ServerLevel[Epic survival world]'/minecraft:the_nether
[23:01:35] [Server thread/INFO]: Saving chunks for level 'ServerLevel[Epic survival world]'/minecraft:the_end
[23:02:18] [Render thread/INFO]: Stopping worker threads
[23:02:18] [Render thread/INFO]: Started 6 worker threads
[23:02:18] [Render thread/INFO]: Stopping worker threads
[23:02:18] [Render thread/INFO]: Started 6 worker threads
[23:02:18] [Server thread/INFO]: Saving and pausing game...
[23:02:18] [Server thread/INFO]: Saving chunks for level 'ServerLevel[Epic survival world]'/minecraft:overworld
[23:02:18] [Server thread/INFO]: Saving chunks for level 'ServerLevel[Epic survival world]'/minecraft:the_nether
[23:02:18] [Server thread/INFO]: Saving chunks for level 'ServerLevel[Epic survival world]'/minecraft:the_end
[23:02:24] [Render thread/INFO]: [System] [CHAT] [Debug]: Hitboxes: hidden
[23:02:25] [Render thread/INFO]: [System] [CHAT] Respawn point set
[23:06:12] [Server thread/WARN]: Mismatch in destroy block pos: class_2338{x=-58, y=62, z=-45} class_2338{x=-57, y=61, z=-46}
[23:06:12] [Server thread/WARN]: Mismatch in destroy block pos: class_2338{x=-58, y=62, z=-45} class_2338{x=-57, y=61, z=-46}
[23:06:12] [Server thread/WARN]: Mismatch in destroy block pos: class_2338{x=-58, y=62, z=-45} class_2338{x=-57, y=61, z=-46}
[23:06:12] [Server thread/WARN]: Mismatch in destroy block pos: class_2338{x=-58, y=62, z=-45} class_2338{x=-57, y=61, z=-46}
[23:06:12] [Server thread/WARN]: Mismatch in destroy block pos: class_2338{x=-58, y=62, z=-45} class_2338{x=-57, y=61, z=-46}
[23:06:12] [Server thread/WARN]: Mismatch in destroy block pos: class_2338{x=-58, y=62, z=-45} class_2338{x=-57, y=61, z=-46}
[23:06:12] [Server thread/WARN]: Mismatch in destroy block pos: class_2338{x=-58, y=62, z=-45} class_2338{x=-57, y=61, z=-46}
[23:06:12] [Server thread/WARN]: Mismatch in destroy block pos: class_2338{x=-58, y=62, z=-45} class_2338{x=-57, y=61, z=-46}
[23:06:12] [Server thread/WARN]: Mismatch in destroy block pos: class_2338{x=-58, y=62, z=-45} class_2338{x=-57, y=61, z=-46}
[23:11:43] [Server thread/WARN]: Mismatch in destroy block pos: class_2338{x=-47, y=61, z=-78} class_2338{x=-51, y=62, z=-78}
[23:16:04] [Server thread/WARN]: Mismatch in destroy block pos: class_2338{x=-48, y=61, z=-79} class_2338{x=-31, y=62, z=-63}
[23:16:04] [Server thread/WARN]: Mismatch in destroy block pos: class_2338{x=-48, y=61, z=-79} class_2338{x=-31, y=62, z=-63}
[23:16:04] [Server thread/WARN]: Mismatch in destroy block pos: class_2338{x=-48, y=61, z=-79} class_2338{x=-31, y=62, z=-63}
[23:16:04] [Server thread/WARN]: Mismatch in destroy block pos: class_2338{x=-48, y=61, z=-79} class_2338{x=-31, y=62, z=-63}
[23:16:04] [Server thread/WARN]: Mismatch in destroy block pos: class_2338{x=-48, y=61, z=-79} class_2338{x=-31, y=62, z=-63}
[23:30:24] [Server thread/INFO]: Saving and pausing game...
[23:30:24] [Server thread/INFO]: Saving chunks for level 'ServerLevel[Epic survival world]'/minecraft:overworld
[23:30:24] [Server thread/INFO]: Saving chunks for level 'ServerLevel[Epic survival world]'/minecraft:the_nether
[23:30:24] [Server thread/INFO]: Saving chunks for level 'ServerLevel[Epic survival world]'/minecraft:the_end
[23:32:50] [Server thread/INFO]: Saving and pausing game...
[23:32:50] [Render thread/INFO]: Stopping worker threads
[23:32:50] [Render thread/INFO]: Started 6 worker threads
[23:32:50] [Server thread/INFO]: Saving chunks for level 'ServerLevel[Epic survival world]'/minecraft:overworld
[23:32:50] [Server thread/INFO]: Saving chunks for level 'ServerLevel[Epic survival world]'/minecraft:the_nether
[23:32:50] [Server thread/INFO]: Saving chunks for level 'ServerLevel[Epic survival world]'/minecraft:the_end
[23:32:50] [Render thread/INFO]: Stopping worker threads
[23:32:50] [Render thread/INFO]: Started 6 worker threads
[23:33:14] [Render thread/WARN]: Received passengers for unknown entity
[23:33:21] [Render thread/INFO]: Stopping worker threads
[23:33:21] [Server thread/INFO]: Saving and pausing game...
[23:33:21] [Render thread/INFO]: Started 6 worker threads
[23:33:21] [Render thread/INFO]: Stopping worker threads
[23:33:21] [Render thread/INFO]: Started 6 worker threads
[23:33:21] [Server thread/INFO]: Saving chunks for level 'ServerLevel[Epic survival world]'/minecraft:overworld
[23:33:21] [Server thread/INFO]: Saving chunks for level 'ServerLevel[Epic survival world]'/minecraft:the_nether
[23:33:21] [Server thread/INFO]: Saving chunks for level 'ServerLevel[Epic survival world]'/minecraft:the_end
[23:33:36] [Render thread/INFO]: Stopping worker threads
[23:33:36] [Render thread/INFO]: Started 6 worker threads
[23:33:36] [Server thread/INFO]: Saving and pausing game...
[23:33:36] [Render thread/INFO]: Stopping worker threads
[23:33:36] [Render thread/INFO]: Started 6 worker threads
[23:33:36] [Server thread/INFO]: Saving chunks for level 'ServerLevel[Epic survival world]'/minecraft:overworld
[23:33:36] [Server thread/INFO]: Saving chunks for level 'ServerLevel[Epic survival world]'/minecraft:the_nether
[23:33:36] [Server thread/INFO]: Saving chunks for level 'ServerLevel[Epic survival world]'/minecraft:the_end
[23:33:41] [Render thread/WARN]: Received passengers for unknown entity
[23:40:11] [Server thread/INFO]: Saving and pausing game...
[23:40:11] [Server thread/INFO]: Saving chunks for level 'ServerLevel[Epic survival world]'/minecraft:overworld
[23:40:11] [Server thread/INFO]: Saving chunks for level 'ServerLevel[Epic survival world]'/minecraft:the_nether
[23:40:11] [Server thread/INFO]: Saving chunks for level 'ServerLevel[Epic survival world]'/minecraft:the_end
[23:40:17] [Render thread/INFO]: Reloading ResourceManager: vanilla, fabric, advanced-xray-fabric, appleskin, cloth-config, entityculling, essential, essential-container, essential-loader, fabric-api, fabric-api-base, fabric-api-lookup-api-v1, fabric-biome-api-v1, fabric-block-api-v1, fabric-block-view-api-v2, fabric-blockrenderlayer-v1, fabric-client-tags-api-v1, fabric-command-api-v1, fabric-command-api-v2, fabric-commands-v0, fabric-containers-v0, fabric-content-registries-v0, fabric-convention-tags-v1, fabric-crash-report-info-v1, fabric-data-attachment-api-v1, fabric-data-generation-api-v1, fabric-dimensions-v1, fabric-entity-events-v1, fabric-events-interaction-v0, fabric-events-lifecycle-v0, fabric-game-rule-api-v1, fabric-item-api-v1, fabric-item-group-api-v1, fabric-key-binding-api-v1, fabric-keybindings-v0, fabric-language-kotlin, fabric-lifecycle-events-v1, fabric-loot-api-v2, fabric-message-api-v1, fabric-mining-level-api-v1, fabric-model-loading-api-v1, fabric-models-v0, fabric-networking-api-v1, fabric-object-builder-api-v1, fabric-particles-v1, fabric-recipe-api-v1, fabric-registry-sync-v0, fabric-renderer-api-v1, fabric-renderer-indigo, fabric-renderer-registries-v1, fabric-rendering-data-attachment-v1, fabric-rendering-fluids-v1, fabric-rendering-v0, fabric-rendering-v1, fabric-resource-conditions-api-v1, fabric-resource-loader-v0, fabric-screen-api-v1, fabric-screen-handler-api-v1, fabric-sound-api-v1, fabric-transfer-api-v1, fabric-transitive-access-wideners-v1, fabricloader, litematica, lithium, logical_zoom, malilib, minihud, sodium, tweakeroo, file/Low Fire 32x.zip, file/VisibleAncientDebris.zip, file/skinmc-16thgarden-totem-pack.zip, essential
[23:40:17] [Render thread/WARN]: Non [a-z0-9_.-] character in namespace .DS_Store in pack C:\Users\Miguel Leyesa\AppData\Roaming\.minecraft\resourcepacks\VisibleAncientDebris.zip, ignoring
[23:40:17] [Render thread/WARN]: Non [a-z0-9_.-] character in namespace .DS_Store in pack C:\Users\Miguel Leyesa\AppData\Roaming\.minecraft\resourcepacks\VisibleAncientDebris.zip, ignoring
[23:40:17] [Worker-Main-9/INFO]: Found unifont_all_no_pua-15.1.04.hex, loading
[23:40:17] [Worker-Main-6/WARN]: Invalid path in datapack: minecraft:textures/block/.DS_Store, ignoring
[23:40:19] [Render thread/WARN]: Missing sound for event: minecraft:item.goat_horn.play
[23:40:19] [Render thread/WARN]: Missing sound for event: minecraft:entity.goat.screaming.horn_break
[23:40:19] [Render thread/WARN]: Missing sound for event: minecraft:entity.generic.wind_burst
[23:40:19] [Render thread/INFO]: OpenAL initialized on device OpenAL Soft on Speakers (Razer Kraken Kitty Edition)
[23:40:19] [Render thread/INFO]: Sound engine started
[23:40:19] [Render thread/INFO]: Created: 1024x512x4 minecraft:textures/atlas/blocks.png-atlas
[23:40:19] [Render thread/INFO]: Created: 256x256x4 minecraft:textures/atlas/signs.png-atlas
[23:40:19] [Render thread/INFO]: Created: 512x512x4 minecraft:textures/atlas/banner_patterns.png-atlas
[23:40:19] [Render thread/INFO]: Created: 512x512x4 minecraft:textures/atlas/shield_patterns.png-atlas
[23:40:19] [Render thread/INFO]: Created: 1024x1024x4 minecraft:textures/atlas/armor_trims.png-atlas
[23:40:19] [Render thread/INFO]: Created: 256x256x4 minecraft:textures/atlas/chest.png-atlas
[23:40:19] [Render thread/INFO]: Created: 128x64x4 minecraft:textures/atlas/decorated_pot.png-atlas
[23:40:19] [Render thread/INFO]: Created: 512x256x4 minecraft:textures/atlas/beds.png-atlas
[23:40:19] [Render thread/INFO]: Created: 512x256x4 minecraft:textures/atlas/shulker_boxes.png-atlas
[23:40:19] [Render thread/WARN]: Shader rendertype_entity_translucent_emissive could not find sampler named Sampler2 in the specified shader program.
[23:40:19] [Render thread/INFO]: Created: 512x256x0 minecraft:textures/atlas/particles.png-atlas
[23:40:19] [Render thread/INFO]: Created: 256x256x0 minecraft:textures/atlas/paintings.png-atlas
[23:40:19] [Render thread/INFO]: Created: 128x128x0 minecraft:textures/atlas/mob_effects.png-atlas
[23:40:19] [Render thread/INFO]: Created: 1024x512x0 minecraft:textures/atlas/gui.png-atlas
[23:40:19] [Render thread/INFO]: Stopping worker threads
[23:40:19] [Render thread/INFO]: Started 6 worker threads
[23:44:12] [Render thread/INFO]: Stopping worker threads
[23:44:12] [Render thread/INFO]: Started 6 worker threads
[23:44:12] [Render thread/INFO]: Stopping worker threads
[23:44:12] [Render thread/INFO]: Started 6 worker threads
[23:44:12] [Server thread/INFO]: Saving and pausing game...
[23:44:12] [Server thread/INFO]: Saving chunks for level 'ServerLevel[Epic survival world]'/minecraft:overworld
[23:44:12] [Server thread/INFO]: Saving chunks for level 'ServerLevel[Epic survival world]'/minecraft:the_nether
[23:44:12] [Server thread/INFO]: Saving chunks for level 'ServerLevel[Epic survival world]'/minecraft:the_end
[23:46:03] [Server thread/INFO]: Saving and pausing game...
[23:46:03] [Server thread/INFO]: Saving chunks for level 'ServerLevel[Epic survival world]'/minecraft:overworld
[23:46:03] [Server thread/INFO]: Saving chunks for level 'ServerLevel[Epic survival world]'/minecraft:the_nether
[23:46:03] [Server thread/INFO]: Saving chunks for level 'ServerLevel[Epic survival world]'/minecraft:the_end
[23:46:04] [Server thread/INFO]: 16thGarden lost connection: Disconnected
[23:46:04] [Server thread/INFO]: 16thGarden left the game
[23:46:04] [Server thread/INFO]: Stopping singleplayer server as player logged out
[23:46:04] [Server thread/INFO]: Stopping server
[23:46:04] [Server thread/INFO]: Saving players
[23:46:04] [Server thread/INFO]: Saving worlds
[23:46:04] [Server thread/INFO]: Saving chunks for level 'ServerLevel[Epic survival world]'/minecraft:overworld
[23:46:04] [Server thread/INFO]: Saving chunks for level 'ServerLevel[Epic survival world]'/minecraft:the_nether
[23:46:04] [Server thread/INFO]: Saving chunks for level 'ServerLevel[Epic survival world]'/minecraft:the_end
[23:46:04] [Server thread/INFO]: ThreadedAnvilChunkStorage (Epic survival world): All chunks are saved
[23:46:04] [Server thread/INFO]: ThreadedAnvilChunkStorage (DIM-1): All chunks are saved
[23:46:04] [Server thread/INFO]: ThreadedAnvilChunkStorage (DIM1): All chunks are saved
[23:46:04] [Server thread/INFO]: ThreadedAnvilChunkStorage: All dimensions are saved
[23:46:04] [Render thread/INFO]: Stopping worker threads
