[02:45:50] [main/INFO]: Loading Minecraft 1.20.4 with Fabric Loader 0.15.7
[02:45:51] [main/INFO]: Loading 71 mods:
	- advanced-xray-fabric 84.0.0
	- appleskin 2.5.1+mc1.20.3
	   \-- cloth-config 13.0.114
	        \-- cloth-basic-math 0.6.1
	- carpet 1.4.128+v231205
	- entityculling 1.6.3.1
	- essential-container 1.0.0
	   \-- essential-loader 1.2.1
	- fabric-api 0.96.4+1.20.4
	   |-- fabric-api-base 0.4.36+78d798af4f
	   |-- fabric-api-lookup-api-v1 1.6.49+82b1bb3e4f
	   |-- fabric-biome-api-v1 13.0.16+78d798af4f
	   |-- fabric-block-api-v1 1.0.16+3e2216cb4f
	   |-- fabric-block-view-api-v2 1.0.4+78d798af4f
	   |-- fabric-blockrenderlayer-v1 1.1.46+78d798af4f
	   |-- fabric-client-tags-api-v1 1.1.7+78d798af4f
	   |-- fabric-command-api-v1 1.2.41+f71b366f4f
	   |-- fabric-command-api-v2 2.2.20+78d798af4f
	   |-- fabric-commands-v0 0.2.58+df3654b34f
	   |-- fabric-containers-v0 0.1.86+df3654b34f
	   |-- fabric-content-registries-v0 5.0.14+78d798af4f
	   |-- fabric-convention-tags-v1 1.5.10+78d798af4f
	   |-- fabric-crash-report-info-v1 0.2.23+78d798af4f
	   |-- fabric-data-attachment-api-v1 1.1.3+b90db5744f
	   |-- fabric-data-generation-api-v1 13.2.3+5c0133444f
	   |-- fabric-dimensions-v1 2.1.61+78d798af4f
	   |-- fabric-entity-events-v1 1.6.1+09fc25014f
	   |-- fabric-events-interaction-v0 0.7.1+389931eb4f
	   |-- fabric-events-lifecycle-v0 0.2.74+df3654b34f
	   |-- fabric-game-rule-api-v1 1.0.46+78d798af4f
	   |-- fabric-item-api-v1 2.2.0+d6f2b0844f
	   |-- fabric-item-group-api-v1 4.0.25+58f8c0124f
	   |-- fabric-key-binding-api-v1 1.0.41+78d798af4f
	   |-- fabric-keybindings-v0 0.2.39+df3654b34f
	   |-- fabric-lifecycle-events-v1 2.3.0+a67ffb5d4f
	   |-- fabric-loot-api-v2 2.1.8+78d798af4f
	   |-- fabric-message-api-v1 6.0.5+78d798af4f
	   |-- fabric-mining-level-api-v1 2.1.64+78d798af4f
	   |-- fabric-model-loading-api-v1 1.0.8+78d798af4f
	   |-- fabric-models-v0 0.4.7+9386d8a74f
	   |-- fabric-networking-api-v1 3.1.7+2e5ac5484f
	   |-- fabric-object-builder-api-v1 13.0.13+080016e44f
	   |-- fabric-particles-v1 1.1.7+78d798af4f
	   |-- fabric-recipe-api-v1 2.0.20+78d798af4f
	   |-- fabric-registry-sync-v0 4.0.19+58f8c0124f
	   |-- fabric-renderer-api-v1 3.2.4+78d798af4f
	   |-- fabric-renderer-indigo 1.5.4+78d798af4f
	   |-- fabric-renderer-registries-v1 3.2.53+df3654b34f
	   |-- fabric-rendering-data-attachment-v1 0.3.42+73761d2e4f
	   |-- fabric-rendering-fluids-v1 3.1.1+e761c6694f
	   |-- fabric-rendering-v0 1.1.56+df3654b34f
	   |-- fabric-rendering-v1 3.2.0+6fd945a04f
	   |-- fabric-resource-conditions-api-v1 2.3.14+78d798af4f
	   |-- fabric-resource-loader-v0 0.11.19+58f8c0124f
	   |-- fabric-screen-api-v1 2.0.17+78d798af4f
	   |-- fabric-screen-handler-api-v1 1.3.55+78d798af4f
	   |-- fabric-sound-api-v1 1.0.17+78d798af4f
	   |-- fabric-transfer-api-v1 4.0.11+e84342304f
	   \-- fabric-transitive-access-wideners-v1 5.0.14+78d798af4f
	- fabricloader 0.15.7
	   \-- mixinextras 0.3.5
	- java 17
	- litematica 0.17.0
	- lithium 0.12.1
	- logical_zoom 0.0.22
	- malilib 0.18.1
	- minecraft 1.20.4
	- minihud 0.30.2
	- rebind_narrator 2.0.2
	- sodium 0.5.8+mc1.20.4
	- tweakeroo 0.19.2
[02:45:51] [main/INFO]: SpongePowered MIXIN Subsystem Version=0.8.5 Source=file:/C:/Users/Miguel%20Leyesa/AppData/Roaming/.minecraft/libraries/net/fabricmc/sponge-mixin/0.12.5+mixin.0.8.5/sponge-mixin-0.12.5+mixin.0.8.5.jar Service=Knot/Fabric Env=CLIENT
[02:45:51] [main/INFO]: Compatibility level set to JAVA_17
[02:45:51] [main/INFO]: Loaded configuration file for Lithium: 129 options available, 0 override(s) found
[02:45:51] [main/INFO]: Loaded configuration file for Sodium: 42 options available, 0 override(s) found
[02:45:54] [main/INFO]: Starting Essential Loader (stage2) version 1.4.1+fabric-1.20.4 (9cbd42842e1a0f4db9463ba79962010f) [stable]
[02:45:55] [main/INFO]: Preparing download...
[02:45:56] [main/INFO]: Downloading 2486KB of updates...
[02:45:56] [main/INFO]: 0KB / 2486KB (0%)
[02:45:57] [main/INFO]: 2486KB / 2486KB (100%)
[02:45:57] [main/INFO]: End of download.
[02:45:59] [main/INFO]: Starting Essential v1.3.1.2 (#7ed10f42d2) [stable]
[02:45:59] [main/INFO]: Java: OpenJDK 64-Bit Server VM (v17.0.8) by Microsoft (Microsoft)
[02:45:59] [main/INFO]: Java Path: C:\Users\Miguel Leyesa\AppData\Local\Packages\Microsoft.4297127D64EC6_8wekyb3d8bbwe\LocalCache\Local\runtime\java-runtime-gamma\windows-x64\java-runtime-gamma\bin
[02:45:59] [main/INFO]: Java Info: mixed mode
[02:45:59] [main/INFO]: JVM Arguments: 
  - -XX:HeapDumpPath=MojangTricksIntelDriversForPerformance_javaw.exe_minecraft.exe.heapdump
  - -Djava.library.path=C:\Users\Miguel Leyesa\AppData\Roaming\.minecraft\bin\cc9d3839148d498f98557594755fb8ae999dc26b
  - -Djna.tmpdir=C:\Users\Miguel Leyesa\AppData\Roaming\.minecraft\bin\cc9d3839148d498f98557594755fb8ae999dc26b
  - -Dorg.lwjgl.system.SharedLibraryExtractPath=C:\Users\Miguel Leyesa\AppData\Roaming\.minecraft\bin\cc9d3839148d498f98557594755fb8ae999dc26b
  - -Dio.netty.native.workdir=C:\Users\Miguel Leyesa\AppData\Roaming\.minecraft\bin\cc9d3839148d498f98557594755fb8ae999dc26b
  - -Dminecraft.launcher.brand=minecraft-launcher
  - -Dminecraft.launcher.version=2.20.2
  - -DFabricMcEmu= net.minecraft.client.main.Main 
  - -Xmx4G
  - -XX:+UnlockExperimentalVMOptions
  - -XX:+UseG1GC
  - -XX:G1NewSizePercent=20
  - -XX:G1ReservePercent=20
  - -XX:MaxGCPauseMillis=50
  - -XX:G1HeapRegionSize=32M
  - -Dlog4j.configurationFile=C:\Users\Miguel Leyesa\AppData\Roaming\.minecraft\assets\log_configs\client-1.12.xml
[02:45:59] [main/INFO]: OS: Windows 11 (v10.0) (Arch: amd64)
[02:45:59] [main/INFO]: Searching for graphics cards...
[02:46:00] [main/INFO]: Initializing MixinExtras via com.llamalad7.mixinextras.service.MixinExtrasServiceImpl(version=0.3.5).
[02:46:01] [main/INFO]: Found graphics card: GraphicsAdapterInfo[vendor=NVIDIA, name=NVIDIA GeForce RTX 3050 Laptop GPU, version=DriverVersion=31.0.15.4629]
[02:46:01] [main/INFO]: Found graphics card: GraphicsAdapterInfo[vendor=INTEL, name=Intel(R) UHD Graphics, version=DriverVersion=30.0.100.9864]
[02:46:01] [main/WARN]: Sodium has applied one or more workarounds to prevent crashes or other issues on your system: [NVIDIA_THREADED_OPTIMIZATIONS]
[02:46:01] [main/WARN]: This is not necessarily an issue, but it may result in certain features or optimizations being disabled. You can sometimes fix these issues by upgrading your graphics driver.
[02:46:09] [main/WARN]: @ModifyConstant conflict. Skipping mixins.tweakeroo.json:MixinStructureBlockBlockEntity from mod tweakeroo->@ModifyConstant::overrideMaxSize(I)I with priority 999, already redirected by carpet.mixins.json:StructureBlockEntity_limitsMixin from mod carpet->@ModifyConstant::negativeLimit(I)I with priority 1000
[02:46:09] [main/WARN]: @ModifyConstant conflict. Skipping mixins.tweakeroo.json:MixinStructureBlockBlockEntity from mod tweakeroo->@ModifyConstant::overrideMaxSize(I)I with priority 999, already redirected by carpet.mixins.json:StructureBlockEntity_limitsMixin from mod carpet->@ModifyConstant::positiveLimit(I)I with priority 1000
[02:46:09] [main/WARN]: @ModifyConstant conflict. Skipping mixins.tweakeroo.json:MixinStructureBlockBlockEntity from mod tweakeroo->@ModifyConstant::overrideMaxSize(I)I with priority 999, already redirected by carpet.mixins.json:StructureBlockEntity_limitsMixin from mod carpet->@ModifyConstant::negativeLimit(I)I with priority 1000
[02:46:09] [main/WARN]: @ModifyConstant conflict. Skipping mixins.tweakeroo.json:MixinStructureBlockBlockEntity from mod tweakeroo->@ModifyConstant::overrideMaxSize(I)I with priority 999, already redirected by carpet.mixins.json:StructureBlockEntity_limitsMixin from mod carpet->@ModifyConstant::positiveLimit(I)I with priority 1000
[02:46:09] [main/WARN]: @ModifyConstant conflict. Skipping mixins.tweakeroo.json:MixinStructureBlockBlockEntity from mod tweakeroo->@ModifyConstant::overrideMaxSize(I)I with priority 999, already redirected by carpet.mixins.json:StructureBlockEntity_limitsMixin from mod carpet->@ModifyConstant::negativeLimit(I)I with priority 1000
[02:46:09] [main/WARN]: @ModifyConstant conflict. Skipping mixins.tweakeroo.json:MixinStructureBlockBlockEntity from mod tweakeroo->@ModifyConstant::overrideMaxSize(I)I with priority 999, already redirected by carpet.mixins.json:StructureBlockEntity_limitsMixin from mod carpet->@ModifyConstant::positiveLimit(I)I with priority 1000
[02:46:09] [main/WARN]: @ModifyConstant conflict. Skipping mixins.tweakeroo.json:MixinStructureBlockBlockEntity from mod tweakeroo->@ModifyConstant::overrideMaxSize(I)I with priority 999, already redirected by carpet.mixins.json:StructureBlockEntity_limitsMixin from mod carpet->@ModifyConstant::positiveLimit(I)I with priority 1000
[02:46:09] [main/WARN]: @ModifyConstant conflict. Skipping mixins.tweakeroo.json:MixinStructureBlockBlockEntity from mod tweakeroo->@ModifyConstant::overrideMaxSize(I)I with priority 999, already redirected by carpet.mixins.json:StructureBlockEntity_limitsMixin from mod carpet->@ModifyConstant::positiveLimit(I)I with priority 1000
[02:46:09] [main/WARN]: @ModifyConstant conflict. Skipping mixins.tweakeroo.json:MixinStructureBlockBlockEntity from mod tweakeroo->@ModifyConstant::overrideMaxSize(I)I with priority 999, already redirected by carpet.mixins.json:StructureBlockEntity_limitsMixin from mod carpet->@ModifyConstant::positiveLimit(I)I with priority 1000
[02:46:12] [Datafixer Bootstrap/INFO]: 198 Datafixer optimizations took 246 milliseconds
[02:46:17] [Render thread/INFO]: Environment: Environment[sessionHost=https://sessionserver.mojang.com, servicesHost=https://api.minecraftservices.com, name=PROD]
[02:46:17] [Render thread/INFO]: Setting user: 16thGarden
[02:46:19] [Render thread/INFO]: Starting DI!
[02:46:19] [Render thread/INFO]: Authenticating to Mojang as 16thGarden (dc0548c7-2c22-450e-91f5-2a17cfde2a12)
[02:46:20] [DefaultDispatcher-worker-1/INFO]: Connecting to Essential Connection Manager...
[02:46:20] [DefaultDispatcher-worker-1/INFO]: Using Default JreDnsResolver
[02:46:20] [DefaultDispatcher-worker-1/INFO]: Using Default JreSocketFactory
[02:46:20] [Render thread/INFO]: XRay mod has been initialized
[02:46:20] [Render thread/INFO]: [Indigo] Different rendering plugin detected; not applying Indigo.
[02:46:21] [WebSocketConnectReadThread-77/INFO]: Connected to Essential Connection Manager.
[02:46:21] [Render thread/INFO]: OptiFine not detected.
[02:46:21] [Render thread/INFO]: Backend library: LWJGL version 3.3.2-snapshot
[02:46:21] [Render thread/WARN]: Applying workaround: Prevent the NVIDIA OpenGL driver from using broken optimizations (NVIDIA_THREADED_OPTIMIZATIONS)
[02:46:22] [Render thread/INFO]: OpenGL Vendor: NVIDIA Corporation
[02:46:22] [Render thread/INFO]: OpenGL Renderer: NVIDIA GeForce RTX 3050 Laptop GPU/PCIe/SSE2
[02:46:22] [Render thread/INFO]: OpenGL Version: 3.2.0 NVIDIA 546.29
[02:46:23] [Render thread/WARN]: Pack file/coffee totem declared support for versions [16, 22] but declared main format is 9, defaulting to 9
[02:46:24] [ForkJoinPool.commonPool-worker-1/INFO]: [STDERR]: org.objectweb.asm.tree.analysis.AnalyzerException: Error at instruction 137: Trying to set an inexistant local variable 9
[02:46:24] [ForkJoinPool.commonPool-worker-1/INFO]: [STDERR]: 	at org.objectweb.asm.tree.analysis.Analyzer.analyze(Analyzer.java:279)
[02:46:24] [ForkJoinPool.commonPool-worker-1/INFO]: [STDERR]: 	at org.spongepowered.asm.util.Locals.generateLocalVariableTable(Locals.java:859)
[02:46:24] [ForkJoinPool.commonPool-worker-1/INFO]: [STDERR]: 	at org.spongepowered.asm.util.Locals.getGeneratedLocalVariableTable(Locals.java:828)
[02:46:24] [ForkJoinPool.commonPool-worker-1/INFO]: [STDERR]: 	at org.spongepowered.asm.util.Locals.getLocalVariableAt(Locals.java:782)
[02:46:24] [ForkJoinPool.commonPool-worker-1/INFO]: [STDERR]: 	at org.spongepowered.asm.util.Locals.getLocalVariableAt(Locals.java:752)
[02:46:24] [ForkJoinPool.commonPool-worker-1/INFO]: [STDERR]: 	at org.spongepowered.asm.util.Locals.getLocalsAt(Locals.java:529)
[02:46:24] [ForkJoinPool.commonPool-worker-1/INFO]: [STDERR]: 	at org.spongepowered.asm.util.Locals.getLocalsAt(Locals.java:336)
[02:46:24] [ForkJoinPool.commonPool-worker-1/INFO]: [STDERR]: 	at org.spongepowered.asm.mixin.injection.modify.LocalVariableDiscriminator$Context.initLocals(LocalVariableDiscriminator.java:154)
[02:46:24] [ForkJoinPool.commonPool-worker-1/INFO]: [STDERR]: 	at org.spongepowered.asm.mixin.injection.modify.LocalVariableDiscriminator$Context.<init>(LocalVariableDiscriminator.java:148)
[02:46:24] [ForkJoinPool.commonPool-worker-1/INFO]: [STDERR]: 	at org.spongepowered.asm.mixin.injection.modify.ModifyVariableInjector$Context.<init>(ModifyVariableInjector.java:71)
[02:46:24] [ForkJoinPool.commonPool-worker-1/INFO]: [STDERR]: 	at org.spongepowered.asm.mixin.injection.modify.ModifyVariableInjector.preInject(ModifyVariableInjector.java:159)
[02:46:24] [ForkJoinPool.commonPool-worker-1/INFO]: [STDERR]: 	at org.spongepowered.asm.mixin.injection.code.Injector.preInject(Injector.java:258)
[02:46:24] [ForkJoinPool.commonPool-worker-1/INFO]: [STDERR]: 	at org.spongepowered.asm.mixin.injection.struct.InjectionInfo.preInject(InjectionInfo.java:436)
[02:46:24] [ForkJoinPool.commonPool-worker-1/INFO]: [STDERR]: 	at org.spongepowered.asm.mixin.transformer.MixinTargetContext.applyInjections(MixinTargetContext.java:1370)
[02:46:24] [ForkJoinPool.commonPool-worker-1/INFO]: [STDERR]: 	at org.spongepowered.asm.mixin.transformer.MixinApplicatorStandard.applyInjections(MixinApplicatorStandard.java:1062)
[02:46:24] [ForkJoinPool.commonPool-worker-1/INFO]: [STDERR]: 	at org.spongepowered.asm.mixin.transformer.MixinApplicatorStandard.applyMixin(MixinApplicatorStandard.java:402)
[02:46:24] [ForkJoinPool.commonPool-worker-1/INFO]: [STDERR]: 	at org.spongepowered.asm.mixin.transformer.MixinApplicatorStandard.apply(MixinApplicatorStandard.java:327)
[02:46:24] [ForkJoinPool.commonPool-worker-1/INFO]: [STDERR]: 	at org.spongepowered.asm.mixin.transformer.TargetClassContext.apply(TargetClassContext.java:421)
[02:46:24] [ForkJoinPool.commonPool-worker-1/INFO]: [STDERR]: 	at org.spongepowered.asm.mixin.transformer.TargetClassContext.applyMixins(TargetClassContext.java:403)
[02:46:24] [ForkJoinPool.commonPool-worker-1/INFO]: [STDERR]: 	at org.spongepowered.asm.mixin.transformer.MixinProcessor.applyMixins(MixinProcessor.java:363)
[02:46:24] [ForkJoinPool.commonPool-worker-1/INFO]: [STDERR]: 	at org.spongepowered.asm.mixin.transformer.MixinTransformer.transformClass(MixinTransformer.java:234)
[02:46:24] [ForkJoinPool.commonPool-worker-1/INFO]: [STDERR]: 	at org.spongepowered.asm.mixin.transformer.MixinTransformer.transformClassBytes(MixinTransformer.java:202)
[02:46:24] [ForkJoinPool.commonPool-worker-1/INFO]: [STDERR]: 	at net.fabricmc.loader.impl.launch.knot.KnotClassDelegate.getPostMixinClassByteArray(KnotClassDelegate.java:422)
[02:46:24] [ForkJoinPool.commonPool-worker-1/INFO]: [STDERR]: 	at net.fabricmc.loader.impl.launch.knot.KnotClassDelegate.tryLoadClass(KnotClassDelegate.java:323)
[02:46:24] [ForkJoinPool.commonPool-worker-1/INFO]: [STDERR]: 	at net.fabricmc.loader.impl.launch.knot.KnotClassDelegate.loadClass(KnotClassDelegate.java:218)
[02:46:24] [ForkJoinPool.commonPool-worker-1/INFO]: [STDERR]: 	at net.fabricmc.loader.impl.launch.knot.KnotClassLoader.loadClass(KnotClassLoader.java:119)
[02:46:24] [ForkJoinPool.commonPool-worker-1/INFO]: [STDERR]: 	at java.base/java.lang.ClassLoader.loadClass(ClassLoader.java:525)
[02:46:24] [ForkJoinPool.commonPool-worker-1/INFO]: [STDERR]: 	at gg.essential.universal.UGraphics.<clinit>(UGraphics.java:774)
[02:46:24] [ForkJoinPool.commonPool-worker-1/INFO]: [STDERR]: 	at gg.essential.elementa.components.UIImage._init_$lambda-1(UIImage.kt:60)
[02:46:24] [ForkJoinPool.commonPool-worker-1/INFO]: [STDERR]: 	at java.base/java.util.concurrent.CompletableFuture$UniAccept.tryFire(CompletableFuture.java:718)
[02:46:24] [ForkJoinPool.commonPool-worker-1/INFO]: [STDERR]: 	at java.base/java.util.concurrent.CompletableFuture$Completion.exec(CompletableFuture.java:483)
[02:46:24] [ForkJoinPool.commonPool-worker-1/INFO]: [STDERR]: 	at java.base/java.util.concurrent.ForkJoinTask.doExec(ForkJoinTask.java:373)
[02:46:24] [ForkJoinPool.commonPool-worker-1/INFO]: [STDERR]: 	at java.base/java.util.concurrent.ForkJoinPool$WorkQueue.topLevelExec(ForkJoinPool.java:1182)
[02:46:24] [ForkJoinPool.commonPool-worker-1/INFO]: [STDERR]: 	at java.base/java.util.concurrent.ForkJoinPool.scan(ForkJoinPool.java:1655)
[02:46:24] [ForkJoinPool.commonPool-worker-1/INFO]: [STDERR]: 	at java.base/java.util.concurrent.ForkJoinPool.runWorker(ForkJoinPool.java:1622)
[02:46:24] [ForkJoinPool.commonPool-worker-1/INFO]: [STDERR]: 	at java.base/java.util.concurrent.ForkJoinWorkerThread.run(ForkJoinWorkerThread.java:165)
[02:46:24] [ForkJoinPool.commonPool-worker-1/INFO]: [STDERR]: Caused by: java.lang.IndexOutOfBoundsException: Trying to set an inexistant local variable 9
[02:46:24] [ForkJoinPool.commonPool-worker-1/INFO]: [STDERR]: 	at org.objectweb.asm.tree.analysis.Frame.setLocal(Frame.java:208)
[02:46:24] [ForkJoinPool.commonPool-worker-1/INFO]: [STDERR]: 	at org.objectweb.asm.tree.analysis.Frame.execute(Frame.java:337)
[02:46:24] [ForkJoinPool.commonPool-worker-1/INFO]: [STDERR]: 	at org.objectweb.asm.tree.analysis.Analyzer.analyze(Analyzer.java:171)
[02:46:24] [ForkJoinPool.commonPool-worker-1/INFO]: [STDERR]: 	... 35 more
[02:46:26] [Render thread/INFO]: Reloading ResourceManager: vanilla, fabric, advanced-xray-fabric, appleskin, carpet, cloth-config, entityculling, essential, essential-container, essential-loader, fabric-api, fabric-api-base, fabric-api-lookup-api-v1, fabric-biome-api-v1, fabric-block-api-v1, fabric-block-view-api-v2, fabric-blockrenderlayer-v1, fabric-client-tags-api-v1, fabric-command-api-v1, fabric-command-api-v2, fabric-commands-v0, fabric-containers-v0, fabric-content-registries-v0, fabric-convention-tags-v1, fabric-crash-report-info-v1, fabric-data-attachment-api-v1, fabric-data-generation-api-v1, fabric-dimensions-v1, fabric-entity-events-v1, fabric-events-interaction-v0, fabric-events-lifecycle-v0, fabric-game-rule-api-v1, fabric-item-api-v1, fabric-item-group-api-v1, fabric-key-binding-api-v1, fabric-keybindings-v0, fabric-language-kotlin, fabric-lifecycle-events-v1, fabric-loot-api-v2, fabric-message-api-v1, fabric-mining-level-api-v1, fabric-model-loading-api-v1, fabric-models-v0, fabric-networking-api-v1, fabric-object-builder-api-v1, fabric-particles-v1, fabric-recipe-api-v1, fabric-registry-sync-v0, fabric-renderer-api-v1, fabric-renderer-indigo, fabric-renderer-registries-v1, fabric-rendering-data-attachment-v1, fabric-rendering-fluids-v1, fabric-rendering-v0, fabric-rendering-v1, fabric-resource-conditions-api-v1, fabric-resource-loader-v0, fabric-screen-api-v1, fabric-screen-handler-api-v1, fabric-sound-api-v1, fabric-transfer-api-v1, fabric-transitive-access-wideners-v1, fabricloader, litematica, lithium, logical_zoom, malilib, minihud, sodium, tweakeroo, file/Faithful 64x.zip, file/LowerFire [1.18.x].zip, file/OreBorders64x_1.19.3.zip, file/Redstone Utilities-v2.1 [1.19.x].zip, file/coffee totem, essential
[02:46:27] [Worker-Main-9/INFO]: Found unifont_all_no_pua-15.1.04.hex, loading
[02:46:28] [Render thread/INFO]: Client started, setting up xray store
[02:46:28] [Worker-Main-10/WARN]: Unused frames in sprite minecraft:entity/conduit/wind: [22, 23, 24, 25, 26, 27, 28, 29, 30, 31, 32, 33, 34, 35, 36, 37, 38, 39, 40, 41, 42, 43, 44, 45, 46, 47, 48, 49, 50, 51, 52, 53, 54, 55, 56, 57, 58, 59, 60, 61, 62, 63, 64, 65, 66, 67, 68, 69, 70, 71, 72, 73, 74, 75, 76, 77, 78, 79, 80, 81, 82, 83, 84, 85, 86, 87]
[02:46:28] [Worker-Main-8/WARN]: Unused frames in sprite minecraft:entity/conduit/wind_vertical: [22, 23, 24, 25, 26, 27, 28, 29, 30, 31, 32, 33, 34, 35, 36, 37, 38, 39, 40, 41, 42, 43, 44, 45, 46, 47, 48, 49, 50, 51, 52, 53, 54, 55, 56, 57, 58, 59, 60, 61, 62, 63, 64, 65, 66, 67, 68, 69, 70, 71, 72, 73, 74, 75, 76, 77, 78, 79, 80, 81, 82, 83, 84, 85, 86, 87]
[02:46:29] [DefaultDispatcher-worker-3/INFO]: Connected to Discord as starbuckslarge
[02:46:33] [Render thread/WARN]: Missing sound for event: minecraft:item.goat_horn.play
[02:46:33] [Render thread/WARN]: Missing sound for event: minecraft:entity.goat.screaming.horn_break
[02:46:33] [Render thread/WARN]: Missing sound for event: minecraft:entity.generic.wind_burst
[02:46:33] [Render thread/INFO]: OpenAL initialized on device OpenAL Soft on Speakers (Razer Kraken Kitty Edition)
[02:46:33] [Render thread/INFO]: Sound engine started
[02:46:33] [Render thread/INFO]: Created: 4096x4096x4 minecraft:textures/atlas/blocks.png-atlas
[02:46:33] [Render thread/INFO]: Created: 1024x1024x4 minecraft:textures/atlas/signs.png-atlas
[02:46:33] [Render thread/INFO]: Created: 2048x2048x4 minecraft:textures/atlas/banner_patterns.png-atlas
[02:46:33] [Render thread/INFO]: Created: 2048x2048x4 minecraft:textures/atlas/shield_patterns.png-atlas
[02:46:33] [Render thread/INFO]: Created: 4096x4096x4 minecraft:textures/atlas/armor_trims.png-atlas
[02:46:34] [Render thread/INFO]: Created: 1024x1024x4 minecraft:textures/atlas/chest.png-atlas
[02:46:34] [Render thread/INFO]: Created: 512x256x4 minecraft:textures/atlas/decorated_pot.png-atlas
[02:46:34] [Render thread/INFO]: Created: 2048x1024x4 minecraft:textures/atlas/beds.png-atlas
[02:46:34] [Render thread/INFO]: Created: 2048x1024x4 minecraft:textures/atlas/shulker_boxes.png-atlas
[02:46:35] [Render thread/WARN]: Shader rendertype_entity_translucent_emissive could not find sampler named Sampler2 in the specified shader program.
[02:46:35] [Render thread/INFO]: Created: 1024x1024x0 minecraft:textures/atlas/particles.png-atlas
[02:46:35] [Render thread/INFO]: Created: 1024x1024x0 minecraft:textures/atlas/paintings.png-atlas
[02:46:35] [Render thread/INFO]: Created: 512x512x0 minecraft:textures/atlas/mob_effects.png-atlas
[02:46:35] [Render thread/INFO]: Created: 4096x2048x0 minecraft:textures/atlas/gui.png-atlas
[02:46:39] [Render thread/WARN]: Shader cabb2374eda405e66b897908637abd1da5deac52 could not find uniform named subpixel_amount in the specified shader program.
[02:46:45] [Render thread/INFO]: Loaded 7 recipes
[02:46:46] [Render thread/INFO]: Loaded 1271 advancements
[02:46:46] [Render thread/INFO]: Applied 0 biome modifications to 0 of 64 new biomes in 2.913 ms
[02:46:46] [Render thread/WARN]: @Redirect conflict. Skipping mixins.tweakeroo.json:MixinServerPlayNetworkHandler from mod tweakeroo->@Redirect::tweakeroo_removeHitPosCheck(Lnet/minecraft/class_243;Lnet/minecraft/class_243;)Lnet/minecraft/class_243; with priority 1005, already redirected by mixins.litematica.json:MixinServerPlayNetworkHandler from mod litematica->@Redirect::litematica_removeHitPosCheck(Lnet/minecraft/class_243;Lnet/minecraft/class_243;)Lnet/minecraft/class_243; with priority 1010
[02:46:46] [Server thread/INFO]: Starting integrated minecraft server version 1.20.4
[02:46:46] [Server thread/INFO]: Generating keypair
[02:46:48] [Server thread/INFO]: Preparing start region for dimension minecraft:overworld
[02:46:52] [Render thread/INFO]: Preparing spawn area: 0%
[02:46:52] [Render thread/INFO]: Preparing spawn area: 0%
[02:46:52] [Render thread/INFO]: Preparing spawn area: 0%
[02:46:52] [Render thread/INFO]: Preparing spawn area: 0%
[02:46:52] [Render thread/INFO]: Preparing spawn area: 0%
[02:46:52] [Render thread/INFO]: Preparing spawn area: 0%
[02:46:52] [Render thread/INFO]: Preparing spawn area: 0%
[02:46:52] [Render thread/INFO]: Preparing spawn area: 0%
[02:46:52] [Render thread/INFO]: Preparing spawn area: 0%
[02:46:53] [Render thread/INFO]: Preparing spawn area: 0%
[02:46:53] [Render thread/INFO]: Preparing spawn area: 6%
[02:46:54] [Render thread/INFO]: Preparing spawn area: 42%
[02:46:54] [Render thread/INFO]: Preparing spawn area: 75%
[02:46:54] [Render thread/INFO]: Time elapsed: 6370 ms
[02:46:55] [Server thread/INFO]: Changing view distance to 16, from 10
[02:46:55] [Server thread/INFO]: Changing simulation distance to 12, from 0
[02:46:57] [Server thread/INFO]: 16thGarden[local:E:a897dedd] logged in with entity id 193 at (-45.44949202685875, 64.0, -18.50117932268945)
[02:46:57] [Server thread/INFO]: 16thGarden joined the game
[02:46:57] [Server thread/WARN]: Can't keep up! Is the server overloaded? Running 2007ms or 40 ticks behind
[02:46:57] [Render thread/INFO]: Started 6 worker threads
[02:46:57] [Render thread/INFO]: Using 3 total BufferBuilder caches
[02:46:58] [Render thread/WARN]: Unable to read property: west with value: false for blockstate: {Name:"minecraft:cobblestone_wall",Properties:{east:"false",north:"false",south:"false",up:"false",west:"false"}}
[02:46:58] [Render thread/WARN]: Unable to read property: east with value: false for blockstate: {Name:"minecraft:cobblestone_wall",Properties:{east:"false",north:"false",south:"false",up:"false",west:"false"}}
[02:46:58] [Render thread/WARN]: Unable to read property: south with value: false for blockstate: {Name:"minecraft:cobblestone_wall",Properties:{east:"false",north:"false",south:"false",up:"false",west:"false"}}
[02:46:58] [Render thread/WARN]: Unable to read property: north with value: false for blockstate: {Name:"minecraft:cobblestone_wall",Properties:{east:"false",north:"false",south:"false",up:"false",west:"false"}}
[02:46:58] [Render thread/WARN]: Unable to read property: west with value: false for blockstate: {Name:"minecraft:mossy_cobblestone_wall",Properties:{east:"false",north:"false",south:"false",up:"false",west:"false"}}
[02:46:58] [Render thread/WARN]: Unable to read property: east with value: false for blockstate: {Name:"minecraft:mossy_cobblestone_wall",Properties:{east:"false",north:"false",south:"false",up:"false",west:"false"}}
[02:46:58] [Render thread/WARN]: Unable to read property: south with value: false for blockstate: {Name:"minecraft:mossy_cobblestone_wall",Properties:{east:"false",north:"false",south:"false",up:"false",west:"false"}}
[02:46:58] [Render thread/WARN]: Unable to read property: north with value: false for blockstate: {Name:"minecraft:mossy_cobblestone_wall",Properties:{east:"false",north:"false",south:"false",up:"false",west:"false"}}
[02:46:58] [Render thread/INFO]: Loaded 931 advancements
[02:55:58] [WebSocketConnectReadThread-77/WARN]: Connection closed unexpectedly (CloseInfo(code=1006, reason=, remote=true, outdated=false)) after 9m 37.533788500s
[02:55:58] [Render thread/INFO]: Authenticating to Mojang as 16thGarden (dc0548c7-2c22-450e-91f5-2a17cfde2a12)
[02:55:58] [DefaultDispatcher-worker-6/INFO]: Connecting to Essential Connection Manager...
[02:56:01] [WebSocketConnectReadThread-189/INFO]: Connected to Essential Connection Manager.
[03:00:52] [Render thread/WARN]: Unable to play empty soundEvent: minecraft:entity.cod.ambient
[03:02:33] [WebSocketConnectReadThread-189/WARN]: Connection closed unexpectedly (CloseInfo(code=1001, reason=CloudFlare WebSocket proxy restarting, remote=true, outdated=false)) after 6m 31.531328400s
[03:02:33] [Render thread/INFO]: Authenticating to Mojang as 16thGarden (dc0548c7-2c22-450e-91f5-2a17cfde2a12)
[03:02:33] [DefaultDispatcher-worker-6/INFO]: Connecting to Essential Connection Manager...
[03:02:54] [WebSocketConnectReadThread-211/ERROR]: Critical error occurred on connection management. 
java.net.ConnectException: Connection timed out: connect
	at sun.nio.ch.Net.connect0(Native Method) ~[?:?]
	at sun.nio.ch.Net.connect(Net.java:579) ~[?:?]
	at sun.nio.ch.Net.connect(Net.java:568) ~[?:?]
	at sun.nio.ch.NioSocketImpl.connect(NioSocketImpl.java:593) ~[?:?]
	at java.net.SocksSocketImpl.connect(SocksSocketImpl.java:327) ~[?:?]
	at java.net.Socket.connect(Socket.java:633) ~[?:?]
	at sun.security.ssl.SSLSocketImpl.connect(SSLSocketImpl.java:304) ~[?:?]
	at gg.essential.lib.websocket.client.WebSocketClient.run(WebSocketClient.java:473) ~[Essential%20(fabric_1.20.4).jar:?]
	at java.lang.Thread.run(Thread.java:833) ~[?:?]
[03:02:54] [WebSocketConnectReadThread-211/WARN]: Failed to connect (CloseInfo(code=-1, reason=Connection timed out: connect, remote=false, outdated=false)), re-trying in 0s
[03:02:54] [Render thread/INFO]: Authenticating to Mojang as 16thGarden (dc0548c7-2c22-450e-91f5-2a17cfde2a12)
[03:02:55] [DefaultDispatcher-worker-6/INFO]: Connecting to Essential Connection Manager...
[03:02:58] [WebSocketConnectReadThread-214/INFO]: Connected to Essential Connection Manager.
[03:05:30] [Render thread/WARN]: Unable to play empty soundEvent: minecraft:entity.salmon.ambient
[03:22:00] [WebSocketConnectReadThread-214/WARN]: Connection closed unexpectedly (CloseInfo(code=1006, reason=, remote=true, outdated=false)) after 19m 1.473940600s
[03:22:00] [Render thread/INFO]: Authenticating to Mojang as 16thGarden (dc0548c7-2c22-450e-91f5-2a17cfde2a12)
[03:22:00] [DefaultDispatcher-worker-6/INFO]: Connecting to Essential Connection Manager...
[03:22:01] [WebSocketConnectReadThread-236/INFO]: Connected to Essential Connection Manager.
[03:23:40] [Server thread/INFO]: Saving and pausing game...
[03:23:40] [Server thread/INFO]: Saving chunks for level 'ServerLevel[Epic survival world]'/minecraft:overworld
[03:23:40] [Server thread/INFO]: Saving chunks for level 'ServerLevel[Epic survival world]'/minecraft:the_end
[03:23:40] [Server thread/INFO]: Saving chunks for level 'ServerLevel[Epic survival world]'/minecraft:the_nether
[03:23:51] [Server thread/INFO]: Saving and pausing game...
[03:23:51] [Server thread/INFO]: Saving chunks for level 'ServerLevel[Epic survival world]'/minecraft:overworld
[03:23:51] [Server thread/INFO]: Saving chunks for level 'ServerLevel[Epic survival world]'/minecraft:the_end
[03:23:51] [Server thread/INFO]: Saving chunks for level 'ServerLevel[Epic survival world]'/minecraft:the_nether
[03:40:47] [Server thread/WARN]: Mismatch in destroy block pos: class_2338{x=-44, y=64, z=-63} class_2338{x=-57, y=64, z=-58}
[03:45:51] [Server thread/INFO]: Saving and pausing game...
[03:45:51] [Server thread/INFO]: Saving chunks for level 'ServerLevel[Epic survival world]'/minecraft:overworld
[03:45:51] [Server thread/INFO]: Saving chunks for level 'ServerLevel[Epic survival world]'/minecraft:the_end
[03:45:51] [Server thread/INFO]: Saving chunks for level 'ServerLevel[Epic survival world]'/minecraft:the_nether
[03:45:51] [Server thread/INFO]: 16thGarden lost connection: Disconnected
[03:45:51] [Server thread/INFO]: 16thGarden left the game
[03:45:51] [Server thread/INFO]: Stopping singleplayer server as player logged out
[03:45:51] [Server thread/INFO]: Stopping server
[03:45:51] [Server thread/INFO]: Saving players
[03:45:51] [Server thread/INFO]: Saving worlds
[03:45:51] [Server thread/INFO]: Saving chunks for level 'ServerLevel[Epic survival world]'/minecraft:overworld
[03:45:51] [Server thread/INFO]: Saving chunks for level 'ServerLevel[Epic survival world]'/minecraft:the_end
[03:45:51] [Server thread/INFO]: Saving chunks for level 'ServerLevel[Epic survival world]'/minecraft:the_nether
[03:45:51] [Server thread/INFO]: ThreadedAnvilChunkStorage (Epic survival world): All chunks are saved
[03:45:51] [Server thread/INFO]: ThreadedAnvilChunkStorage (DIM1): All chunks are saved
[03:45:51] [Server thread/INFO]: ThreadedAnvilChunkStorage (DIM-1): All chunks are saved
[03:45:51] [Server thread/INFO]: ThreadedAnvilChunkStorage: All dimensions are saved
[03:45:51] [Render thread/INFO]: Stopping worker threads
[03:45:53] [Render thread/INFO]: Loaded 7 recipes
[03:45:54] [Render thread/INFO]: Loaded 1271 advancements
[03:45:54] [Render thread/INFO]: Applied 0 biome modifications to 0 of 64 new biomes in 515.9 ?s
[03:45:54] [Server thread/INFO]: Starting integrated minecraft server version 1.20.4
[03:45:54] [Server thread/INFO]: Generating keypair
[03:45:55] [Server thread/INFO]: Preparing start region for dimension minecraft:overworld
[03:45:57] [Render thread/INFO]: Preparing spawn area: 0%
[03:45:57] [Render thread/INFO]: Preparing spawn area: 0%
[03:45:57] [Render thread/INFO]: Preparing spawn area: 0%
[03:45:57] [Render thread/INFO]: Preparing spawn area: 0%
[03:45:57] [Render thread/INFO]: Preparing spawn area: 0%
[03:45:58] [Render thread/INFO]: Preparing spawn area: 0%
[03:45:58] [Render thread/INFO]: Preparing spawn area: 0%
[03:45:59] [Render thread/INFO]: Preparing spawn area: 0%
[03:45:59] [Render thread/INFO]: Preparing spawn area: 1%
[03:46:00] [Render thread/INFO]: Preparing spawn area: 26%
[03:46:00] [Render thread/INFO]: Preparing spawn area: 84%
[03:46:00] [Render thread/INFO]: Time elapsed: 5169 ms
[03:46:00] [Server thread/INFO]: Changing view distance to 16, from 10
[03:46:00] [Server thread/INFO]: Changing simulation distance to 12, from 0
[03:46:01] [Server thread/INFO]: 16thGarden[local:E:e4a6f5bb] logged in with entity id 23554 at (-29.782229528118958, 123.16628768311624, 486.73320610913635)
[03:46:01] [Render thread/INFO]: Started 6 worker threads
[03:46:01] [Render thread/INFO]: Using 3 total BufferBuilder caches
[03:46:01] [Server thread/INFO]: 16thGarden joined the game
[03:46:01] [Render thread/INFO]: Loaded 497 advancements
[03:47:00] [Server thread/INFO]: [16thGarden: Changed the block at 166, 111, 119]
[03:47:00] [Render thread/INFO]: [System] [CHAT] Changed the block at 166, 111, 119
[03:47:03] [Server thread/INFO]: [16thGarden: Changed the block at 166, 111, 119]
[03:47:03] [Render thread/INFO]: [System] [CHAT] Changed the block at 166, 111, 119
[03:47:04] [Server thread/INFO]: [16thGarden: Changed the block at 166, 111, 119]
[03:47:04] [Render thread/INFO]: [System] [CHAT] Changed the block at 166, 111, 119
[03:49:23] [Server thread/INFO]: Saving and pausing game...
[03:49:23] [Server thread/INFO]: Saving chunks for level 'ServerLevel[world]'/minecraft:overworld
[03:49:23] [Server thread/INFO]: Saving chunks for level 'ServerLevel[world]'/minecraft:the_end
[03:49:23] [Server thread/INFO]: Saving chunks for level 'ServerLevel[world]'/minecraft:the_nether
[03:49:24] [Server thread/INFO]: 16thGarden lost connection: Disconnected
[03:49:24] [Server thread/INFO]: 16thGarden left the game
[03:49:24] [Server thread/INFO]: Stopping singleplayer server as player logged out
[03:49:24] [Server thread/INFO]: Stopping server
[03:49:24] [Server thread/INFO]: Saving players
[03:49:24] [Server thread/INFO]: Saving worlds
[03:49:24] [Server thread/INFO]: Saving chunks for level 'ServerLevel[world]'/minecraft:overworld
[03:49:24] [Server thread/INFO]: Saving chunks for level 'ServerLevel[world]'/minecraft:the_end
[03:49:24] [Server thread/INFO]: Saving chunks for level 'ServerLevel[world]'/minecraft:the_nether
[03:49:24] [Server thread/INFO]: ThreadedAnvilChunkStorage (300 days 6): All chunks are saved
[03:49:24] [Server thread/INFO]: ThreadedAnvilChunkStorage (DIM1): All chunks are saved
[03:49:24] [Server thread/INFO]: ThreadedAnvilChunkStorage (DIM-1): All chunks are saved
[03:49:24] [Server thread/INFO]: ThreadedAnvilChunkStorage: All dimensions are saved
[03:49:24] [Render thread/INFO]: Stopping worker threads
[03:49:26] [Render thread/INFO]: Loaded 7 recipes
[03:49:26] [Render thread/INFO]: Loaded 1271 advancements
[03:49:26] [Render thread/INFO]: Applied 0 biome modifications to 0 of 64 new biomes in 217.0 ?s
[03:49:26] [Server thread/INFO]: Starting integrated minecraft server version 1.20.4
[03:49:26] [Server thread/INFO]: Generating keypair
[03:49:27] [Server thread/INFO]: Preparing start region for dimension minecraft:overworld
[03:49:28] [Render thread/INFO]: Preparing spawn area: 0%
[03:49:28] [Render thread/INFO]: Preparing spawn area: 0%
[03:49:28] [Render thread/INFO]: Preparing spawn area: 0%
[03:49:29] [Render thread/INFO]: Preparing spawn area: 0%
[03:49:29] [Render thread/INFO]: Preparing spawn area: 1%
[03:49:30] [Render thread/INFO]: Preparing spawn area: 42%
[03:49:30] [Server thread/INFO]: Changing view distance to 16, from 10
[03:49:30] [Server thread/INFO]: Changing simulation distance to 12, from 0
[03:49:30] [Render thread/INFO]: Time elapsed: 2817 ms
[03:49:30] [Server thread/INFO]: 16thGarden[local:E:f5f1dbeb] logged in with entity id 23778 at (-49.301693965583915, 65.0, -64.70054981563548)
[03:49:30] [Server thread/INFO]: 16thGarden joined the game
[03:49:30] [Render thread/INFO]: Started 6 worker threads
[03:49:30] [Render thread/INFO]: Using 3 total BufferBuilder caches
[03:49:30] [Render thread/INFO]: Loaded 931 advancements
[04:05:38] [Server thread/INFO]: Saving and pausing game...
[04:05:38] [Server thread/INFO]: Saving chunks for level 'ServerLevel[Epic survival world]'/minecraft:overworld
[04:05:38] [Server thread/INFO]: Saving chunks for level 'ServerLevel[Epic survival world]'/minecraft:the_end
[04:05:38] [Server thread/INFO]: Saving chunks for level 'ServerLevel[Epic survival world]'/minecraft:the_nether
[04:05:38] [Server thread/INFO]: 16thGarden lost connection: Disconnected
[04:05:38] [Server thread/INFO]: 16thGarden left the game
[04:05:38] [Server thread/INFO]: Stopping singleplayer server as player logged out
[04:05:38] [Server thread/INFO]: Stopping server
[04:05:38] [Server thread/INFO]: Saving players
[04:05:38] [Server thread/INFO]: Saving worlds
[04:05:38] [Server thread/INFO]: Saving chunks for level 'ServerLevel[Epic survival world]'/minecraft:overworld
[04:05:38] [Server thread/INFO]: Saving chunks for level 'ServerLevel[Epic survival world]'/minecraft:the_end
[04:05:38] [Server thread/INFO]: Saving chunks for level 'ServerLevel[Epic survival world]'/minecraft:the_nether
[04:05:38] [Server thread/INFO]: ThreadedAnvilChunkStorage (Epic survival world): All chunks are saved
[04:05:38] [Server thread/INFO]: ThreadedAnvilChunkStorage (DIM1): All chunks are saved
[04:05:38] [Server thread/INFO]: ThreadedAnvilChunkStorage (DIM-1): All chunks are saved
[04:05:38] [Server thread/INFO]: ThreadedAnvilChunkStorage: All dimensions are saved
[04:05:38] [Render thread/INFO]: Stopping worker threads
[04:05:39] [Render thread/INFO]: Stopping!
[04:05:39] [CullThread/INFO]: [STDOUT]: Shutting down culling task!
