[13:14:44] [main/INFO]: Loading Minecraft 1.20.4 with Fabric Loader 0.15.7
[13:14:44] [main/INFO]: Loading 69 mods:
	- advanced-xray-fabric 84.0.0
	- appleskin 2.5.1+mc1.20.3
	   \-- cloth-config 13.0.114
	        \-- cloth-basic-math 0.6.1
	- entityculling 1.6.3.1
	- essential-container 1.0.0
	   \-- essential-loader 1.2.1
	- fabric-api 0.96.4+1.20.4
	   |-- fabric-api-base 0.4.36+78d798af4f
	   |-- fabric-api-lookup-api-v1 1.6.49+82b1bb3e4f
	   |-- fabric-biome-api-v1 13.0.16+78d798af4f
	   |-- fabric-block-api-v1 1.0.16+3e2216cb4f
	   |-- fabric-block-view-api-v2 1.0.4+78d798af4f
	   |-- fabric-blockrenderlayer-v1 1.1.46+78d798af4f
	   |-- fabric-client-tags-api-v1 1.1.7+78d798af4f
	   |-- fabric-command-api-v1 1.2.41+f71b366f4f
	   |-- fabric-command-api-v2 2.2.20+78d798af4f
	   |-- fabric-commands-v0 0.2.58+df3654b34f
	   |-- fabric-containers-v0 0.1.86+df3654b34f
	   |-- fabric-content-registries-v0 5.0.14+78d798af4f
	   |-- fabric-convention-tags-v1 1.5.10+78d798af4f
	   |-- fabric-crash-report-info-v1 0.2.23+78d798af4f
	   |-- fabric-data-attachment-api-v1 1.1.3+b90db5744f
	   |-- fabric-data-generation-api-v1 13.2.3+5c0133444f
	   |-- fabric-dimensions-v1 2.1.61+78d798af4f
	   |-- fabric-entity-events-v1 1.6.1+09fc25014f
	   |-- fabric-events-interaction-v0 0.7.1+389931eb4f
	   |-- fabric-events-lifecycle-v0 0.2.74+df3654b34f
	   |-- fabric-game-rule-api-v1 1.0.46+78d798af4f
	   |-- fabric-item-api-v1 2.2.0+d6f2b0844f
	   |-- fabric-item-group-api-v1 4.0.25+58f8c0124f
	   |-- fabric-key-binding-api-v1 1.0.41+78d798af4f
	   |-- fabric-keybindings-v0 0.2.39+df3654b34f
	   |-- fabric-lifecycle-events-v1 2.3.0+a67ffb5d4f
	   |-- fabric-loot-api-v2 2.1.8+78d798af4f
	   |-- fabric-message-api-v1 6.0.5+78d798af4f
	   |-- fabric-mining-level-api-v1 2.1.64+78d798af4f
	   |-- fabric-model-loading-api-v1 1.0.8+78d798af4f
	   |-- fabric-models-v0 0.4.7+9386d8a74f
	   |-- fabric-networking-api-v1 3.1.7+2e5ac5484f
	   |-- fabric-object-builder-api-v1 13.0.13+080016e44f
	   |-- fabric-particles-v1 1.1.7+78d798af4f
	   |-- fabric-recipe-api-v1 2.0.20+78d798af4f
	   |-- fabric-registry-sync-v0 4.0.19+58f8c0124f
	   |-- fabric-renderer-api-v1 3.2.4+78d798af4f
	   |-- fabric-renderer-indigo 1.5.4+78d798af4f
	   |-- fabric-renderer-registries-v1 3.2.53+df3654b34f
	   |-- fabric-rendering-data-attachment-v1 0.3.42+73761d2e4f
	   |-- fabric-rendering-fluids-v1 3.1.1+e761c6694f
	   |-- fabric-rendering-v0 1.1.56+df3654b34f
	   |-- fabric-rendering-v1 3.2.0+6fd945a04f
	   |-- fabric-resource-conditions-api-v1 2.3.14+78d798af4f
	   |-- fabric-resource-loader-v0 0.11.19+58f8c0124f
	   |-- fabric-screen-api-v1 2.0.17+78d798af4f
	   |-- fabric-screen-handler-api-v1 1.3.55+78d798af4f
	   |-- fabric-sound-api-v1 1.0.17+78d798af4f
	   |-- fabric-transfer-api-v1 4.0.11+e84342304f
	   \-- fabric-transitive-access-wideners-v1 5.0.14+78d798af4f
	- fabricloader 0.15.7
	   \-- mixinextras 0.3.5
	- java 17
	- litematica 0.17.0
	- lithium 0.12.1
	- logical_zoom 0.0.22
	- malilib 0.18.1
	- minecraft 1.20.4
	- minihud 0.30.2
	- sodium 0.5.8+mc1.20.4
	- tweakeroo 0.19.2
[13:14:44] [main/INFO]: SpongePowered MIXIN Subsystem Version=0.8.5 Source=file:/C:/Users/Miguel%20Leyesa/AppData/Roaming/.minecraft/libraries/net/fabricmc/sponge-mixin/0.12.5+mixin.0.8.5/sponge-mixin-0.12.5+mixin.0.8.5.jar Service=Knot/Fabric Env=CLIENT
[13:14:44] [main/INFO]: Compatibility level set to JAVA_17
[13:14:45] [main/INFO]: Loaded configuration file for Lithium: 129 options available, 0 override(s) found
[13:14:45] [main/INFO]: Loaded configuration file for Sodium: 42 options available, 0 override(s) found
[13:14:46] [main/INFO]: Starting Essential Loader (stage2) version 1.4.1+fabric-1.20.4 (9cbd42842e1a0f4db9463ba79962010f) [stable]
[13:14:47] [main/INFO]: Starting Essential v1.3.1.1 (#3a090c5c88) [stable]
[13:14:47] [main/INFO]: Java: OpenJDK 64-Bit Server VM (v17.0.8) by Microsoft (Microsoft)
[13:14:47] [main/INFO]: Java Path: C:\Users\Miguel Leyesa\AppData\Local\Packages\Microsoft.4297127D64EC6_8wekyb3d8bbwe\LocalCache\Local\runtime\java-runtime-gamma\windows-x64\java-runtime-gamma\bin
[13:14:47] [main/INFO]: Java Info: mixed mode
[13:14:47] [main/INFO]: JVM Arguments: 
  - -XX:HeapDumpPath=MojangTricksIntelDriversForPerformance_javaw.exe_minecraft.exe.heapdump
  - -Xss1M
  - -Djava.library.path=C:\Users\Miguel Leyesa\AppData\Roaming\.minecraft\bin\f2e342bf2348672ee9b93bf020ce8b6279af9b64
  - -Djna.tmpdir=C:\Users\Miguel Leyesa\AppData\Roaming\.minecraft\bin\f2e342bf2348672ee9b93bf020ce8b6279af9b64
  - -Dorg.lwjgl.system.SharedLibraryExtractPath=C:\Users\Miguel Leyesa\AppData\Roaming\.minecraft\bin\f2e342bf2348672ee9b93bf020ce8b6279af9b64
  - -Dio.netty.native.workdir=C:\Users\Miguel Leyesa\AppData\Roaming\.minecraft\bin\f2e342bf2348672ee9b93bf020ce8b6279af9b64
  - -Dminecraft.launcher.brand=minecraft-launcher
  - -Dminecraft.launcher.version=2.19.10
  - -DFabricMcEmu= net.minecraft.client.main.Main 
  - -Xmx8G
  - -XX:+UnlockExperimentalVMOptions
  - -XX:+UseG1GC
  - -XX:G1NewSizePercent=20
  - -XX:G1ReservePercent=20
  - -XX:MaxGCPauseMillis=50
  - -XX:G1HeapRegionSize=32M
  - -Dlog4j.configurationFile=C:\Users\Miguel Leyesa\AppData\Roaming\.minecraft\assets\log_configs\client-1.12.xml
[13:14:47] [main/INFO]: OS: Windows 11 (v10.0) (Arch: amd64)
[13:14:47] [main/INFO]: Searching for graphics cards...
[13:14:47] [main/INFO]: Initializing MixinExtras via com.llamalad7.mixinextras.service.MixinExtrasServiceImpl(version=0.3.5).
[13:14:48] [main/INFO]: Found graphics card: GraphicsAdapterInfo[vendor=NVIDIA, name=NVIDIA GeForce RTX 3050 Laptop GPU, version=DriverVersion=31.0.15.4629]
[13:14:48] [main/INFO]: Found graphics card: GraphicsAdapterInfo[vendor=INTEL, name=Intel(R) UHD Graphics, version=DriverVersion=30.0.100.9864]
[13:14:48] [main/WARN]: Sodium has applied one or more workarounds to prevent crashes or other issues on your system: [NVIDIA_THREADED_OPTIMIZATIONS]
[13:14:48] [main/WARN]: This is not necessarily an issue, but it may result in certain features or optimizations being disabled. You can sometimes fix these issues by upgrading your graphics driver.
[13:14:53] [Datafixer Bootstrap/INFO]: 198 Datafixer optimizations took 194 milliseconds
[13:14:56] [Render thread/INFO]: Environment: Environment[sessionHost=https://sessionserver.mojang.com, servicesHost=https://api.minecraftservices.com, name=PROD]
[13:14:56] [Render thread/INFO]: Setting user: 16thGarden
[13:14:56] [Render thread/INFO]: Using Default JreDnsResolver
[13:14:57] [Render thread/INFO]: Starting DI!
[13:14:57] [Thread 4/INFO]: Connecting to Essential Connection Manager...
[13:14:57] [Essential Thread 1/INFO]: Using Default JreSocketFactory
[13:14:57] [Render thread/INFO]: XRay mod has been initialized
[13:14:57] [Render thread/INFO]: [Indigo] Different rendering plugin detected; not applying Indigo.
[13:14:58] [Render thread/INFO]: OptiFine not detected.
[13:14:58] [WebSocketConnectReadThread-77/INFO]: Opened connection to Essential ConnectionManager (code=101, message=Switching Protocols)
[13:14:58] [Essential Thread 1/INFO]: Essential Connection Manager connection established.
[13:14:58] [Render thread/INFO]: Backend library: LWJGL version 3.3.2-snapshot
[13:14:58] [Render thread/WARN]: Applying workaround: Prevent the NVIDIA OpenGL driver from using broken optimizations (NVIDIA_THREADED_OPTIMIZATIONS)
[13:14:58] [Render thread/INFO]: OpenGL Vendor: NVIDIA Corporation
[13:14:58] [Render thread/INFO]: OpenGL Renderer: NVIDIA GeForce RTX 3050 Laptop GPU/PCIe/SSE2
[13:14:58] [Render thread/INFO]: OpenGL Version: 3.2.0 NVIDIA 546.29
[13:14:59] [ForkJoinPool.commonPool-worker-1/INFO]: [STDERR]: org.objectweb.asm.tree.analysis.AnalyzerException: Error at instruction 137: Trying to set an inexistant local variable 9
[13:14:59] [ForkJoinPool.commonPool-worker-1/INFO]: [STDERR]: 	at org.objectweb.asm.tree.analysis.Analyzer.analyze(Analyzer.java:279)
[13:14:59] [ForkJoinPool.commonPool-worker-1/INFO]: [STDERR]: 	at org.spongepowered.asm.util.Locals.generateLocalVariableTable(Locals.java:859)
[13:14:59] [ForkJoinPool.commonPool-worker-1/INFO]: [STDERR]: 	at org.spongepowered.asm.util.Locals.getGeneratedLocalVariableTable(Locals.java:828)
[13:14:59] [ForkJoinPool.commonPool-worker-1/INFO]: [STDERR]: 	at org.spongepowered.asm.util.Locals.getLocalVariableAt(Locals.java:782)
[13:14:59] [ForkJoinPool.commonPool-worker-1/INFO]: [STDERR]: 	at org.spongepowered.asm.util.Locals.getLocalVariableAt(Locals.java:752)
[13:14:59] [ForkJoinPool.commonPool-worker-1/INFO]: [STDERR]: 	at org.spongepowered.asm.util.Locals.getLocalsAt(Locals.java:529)
[13:14:59] [ForkJoinPool.commonPool-worker-1/INFO]: [STDERR]: 	at org.spongepowered.asm.util.Locals.getLocalsAt(Locals.java:336)
[13:14:59] [ForkJoinPool.commonPool-worker-1/INFO]: [STDERR]: 	at org.spongepowered.asm.mixin.injection.modify.LocalVariableDiscriminator$Context.initLocals(LocalVariableDiscriminator.java:154)
[13:14:59] [ForkJoinPool.commonPool-worker-1/INFO]: [STDERR]: 	at org.spongepowered.asm.mixin.injection.modify.LocalVariableDiscriminator$Context.<init>(LocalVariableDiscriminator.java:148)
[13:14:59] [ForkJoinPool.commonPool-worker-1/INFO]: [STDERR]: 	at org.spongepowered.asm.mixin.injection.modify.ModifyVariableInjector$Context.<init>(ModifyVariableInjector.java:71)
[13:14:59] [ForkJoinPool.commonPool-worker-1/INFO]: [STDERR]: 	at org.spongepowered.asm.mixin.injection.modify.ModifyVariableInjector.preInject(ModifyVariableInjector.java:159)
[13:14:59] [ForkJoinPool.commonPool-worker-1/INFO]: [STDERR]: 	at org.spongepowered.asm.mixin.injection.code.Injector.preInject(Injector.java:258)
[13:14:59] [ForkJoinPool.commonPool-worker-1/INFO]: [STDERR]: 	at org.spongepowered.asm.mixin.injection.struct.InjectionInfo.preInject(InjectionInfo.java:436)
[13:14:59] [ForkJoinPool.commonPool-worker-1/INFO]: [STDERR]: 	at org.spongepowered.asm.mixin.transformer.MixinTargetContext.applyInjections(MixinTargetContext.java:1370)
[13:14:59] [ForkJoinPool.commonPool-worker-1/INFO]: [STDERR]: 	at org.spongepowered.asm.mixin.transformer.MixinApplicatorStandard.applyInjections(MixinApplicatorStandard.java:1062)
[13:14:59] [ForkJoinPool.commonPool-worker-1/INFO]: [STDERR]: 	at org.spongepowered.asm.mixin.transformer.MixinApplicatorStandard.applyMixin(MixinApplicatorStandard.java:402)
[13:14:59] [ForkJoinPool.commonPool-worker-1/INFO]: [STDERR]: 	at org.spongepowered.asm.mixin.transformer.MixinApplicatorStandard.apply(MixinApplicatorStandard.java:327)
[13:14:59] [ForkJoinPool.commonPool-worker-1/INFO]: [STDERR]: 	at org.spongepowered.asm.mixin.transformer.TargetClassContext.apply(TargetClassContext.java:421)
[13:14:59] [ForkJoinPool.commonPool-worker-1/INFO]: [STDERR]: 	at org.spongepowered.asm.mixin.transformer.TargetClassContext.applyMixins(TargetClassContext.java:403)
[13:14:59] [ForkJoinPool.commonPool-worker-1/INFO]: [STDERR]: 	at org.spongepowered.asm.mixin.transformer.MixinProcessor.applyMixins(MixinProcessor.java:363)
[13:14:59] [ForkJoinPool.commonPool-worker-1/INFO]: [STDERR]: 	at org.spongepowered.asm.mixin.transformer.MixinTransformer.transformClass(MixinTransformer.java:234)
[13:14:59] [ForkJoinPool.commonPool-worker-1/INFO]: [STDERR]: 	at org.spongepowered.asm.mixin.transformer.MixinTransformer.transformClassBytes(MixinTransformer.java:202)
[13:14:59] [ForkJoinPool.commonPool-worker-1/INFO]: [STDERR]: 	at net.fabricmc.loader.impl.launch.knot.KnotClassDelegate.getPostMixinClassByteArray(KnotClassDelegate.java:422)
[13:14:59] [ForkJoinPool.commonPool-worker-1/INFO]: [STDERR]: 	at net.fabricmc.loader.impl.launch.knot.KnotClassDelegate.tryLoadClass(KnotClassDelegate.java:323)
[13:14:59] [ForkJoinPool.commonPool-worker-1/INFO]: [STDERR]: 	at net.fabricmc.loader.impl.launch.knot.KnotClassDelegate.loadClass(KnotClassDelegate.java:218)
[13:14:59] [ForkJoinPool.commonPool-worker-1/INFO]: [STDERR]: 	at net.fabricmc.loader.impl.launch.knot.KnotClassLoader.loadClass(KnotClassLoader.java:119)
[13:14:59] [ForkJoinPool.commonPool-worker-1/INFO]: [STDERR]: 	at java.base/java.lang.ClassLoader.loadClass(ClassLoader.java:525)
[13:14:59] [ForkJoinPool.commonPool-worker-1/INFO]: [STDERR]: 	at gg.essential.universal.UGraphics.<clinit>(UGraphics.java:774)
[13:14:59] [ForkJoinPool.commonPool-worker-1/INFO]: [STDERR]: 	at gg.essential.elementa.components.UIImage._init_$lambda-1(UIImage.kt:60)
[13:14:59] [ForkJoinPool.commonPool-worker-1/INFO]: [STDERR]: 	at java.base/java.util.concurrent.CompletableFuture$UniAccept.tryFire(CompletableFuture.java:718)
[13:14:59] [ForkJoinPool.commonPool-worker-1/INFO]: [STDERR]: 	at java.base/java.util.concurrent.CompletableFuture$Completion.exec(CompletableFuture.java:483)
[13:14:59] [ForkJoinPool.commonPool-worker-1/INFO]: [STDERR]: 	at java.base/java.util.concurrent.ForkJoinTask.doExec(ForkJoinTask.java:373)
[13:14:59] [ForkJoinPool.commonPool-worker-1/INFO]: [STDERR]: 	at java.base/java.util.concurrent.ForkJoinPool$WorkQueue.topLevelExec(ForkJoinPool.java:1182)
[13:14:59] [ForkJoinPool.commonPool-worker-1/INFO]: [STDERR]: 	at java.base/java.util.concurrent.ForkJoinPool.scan(ForkJoinPool.java:1655)
[13:14:59] [ForkJoinPool.commonPool-worker-1/INFO]: [STDERR]: 	at java.base/java.util.concurrent.ForkJoinPool.runWorker(ForkJoinPool.java:1622)
[13:14:59] [ForkJoinPool.commonPool-worker-1/INFO]: [STDERR]: 	at java.base/java.util.concurrent.ForkJoinWorkerThread.run(ForkJoinWorkerThread.java:165)
[13:14:59] [ForkJoinPool.commonPool-worker-1/INFO]: [STDERR]: Caused by: java.lang.IndexOutOfBoundsException: Trying to set an inexistant local variable 9
[13:14:59] [ForkJoinPool.commonPool-worker-1/INFO]: [STDERR]: 	at org.objectweb.asm.tree.analysis.Frame.setLocal(Frame.java:208)
[13:14:59] [ForkJoinPool.commonPool-worker-1/INFO]: [STDERR]: 	at org.objectweb.asm.tree.analysis.Frame.execute(Frame.java:337)
[13:14:59] [ForkJoinPool.commonPool-worker-1/INFO]: [STDERR]: 	at org.objectweb.asm.tree.analysis.Analyzer.analyze(Analyzer.java:171)
[13:14:59] [ForkJoinPool.commonPool-worker-1/INFO]: [STDERR]: 	... 35 more
[13:15:01] [Render thread/INFO]: Reloading ResourceManager: vanilla, fabric, advanced-xray-fabric, appleskin, cloth-config, entityculling, essential, essential-container, essential-loader, fabric-api, fabric-api-base, fabric-api-lookup-api-v1, fabric-biome-api-v1, fabric-block-api-v1, fabric-block-view-api-v2, fabric-blockrenderlayer-v1, fabric-client-tags-api-v1, fabric-command-api-v1, fabric-command-api-v2, fabric-commands-v0, fabric-containers-v0, fabric-content-registries-v0, fabric-convention-tags-v1, fabric-crash-report-info-v1, fabric-data-attachment-api-v1, fabric-data-generation-api-v1, fabric-dimensions-v1, fabric-entity-events-v1, fabric-events-interaction-v0, fabric-events-lifecycle-v0, fabric-game-rule-api-v1, fabric-item-api-v1, fabric-item-group-api-v1, fabric-key-binding-api-v1, fabric-keybindings-v0, fabric-language-kotlin, fabric-lifecycle-events-v1, fabric-loot-api-v2, fabric-message-api-v1, fabric-mining-level-api-v1, fabric-model-loading-api-v1, fabric-models-v0, fabric-networking-api-v1, fabric-object-builder-api-v1, fabric-particles-v1, fabric-recipe-api-v1, fabric-registry-sync-v0, fabric-renderer-api-v1, fabric-renderer-indigo, fabric-renderer-registries-v1, fabric-rendering-data-attachment-v1, fabric-rendering-fluids-v1, fabric-rendering-v0, fabric-rendering-v1, fabric-resource-conditions-api-v1, fabric-resource-loader-v0, fabric-screen-api-v1, fabric-screen-handler-api-v1, fabric-sound-api-v1, fabric-transfer-api-v1, fabric-transitive-access-wideners-v1, fabricloader, litematica, lithium, logical_zoom, malilib, minihud, sodium, tweakeroo, file/Low Fire 32x.zip, file/VisibleAncientDebris.zip, file/skinmc-16thgarden-totem-pack.zip, essential
[13:15:01] [Render thread/WARN]: Non [a-z0-9_.-] character in namespace .DS_Store in pack C:\Users\Miguel Leyesa\AppData\Roaming\.minecraft\resourcepacks\VisibleAncientDebris.zip, ignoring
[13:15:01] [Render thread/WARN]: Non [a-z0-9_.-] character in namespace .DS_Store in pack C:\Users\Miguel Leyesa\AppData\Roaming\.minecraft\resourcepacks\VisibleAncientDebris.zip, ignoring
[13:15:01] [Worker-Main-9/INFO]: Found unifont_all_no_pua-15.1.04.hex, loading
[13:15:01] [Worker-Main-7/WARN]: Invalid path in datapack: minecraft:textures/block/.DS_Store, ignoring
[13:15:02] [Render thread/INFO]: Client started, setting up xray store
[13:15:02] [DefaultDispatcher-worker-8/INFO]: Connected to Discord as starbuckslarge
[13:15:03] [Render thread/WARN]: Missing sound for event: minecraft:item.goat_horn.play
[13:15:03] [Render thread/WARN]: Missing sound for event: minecraft:entity.goat.screaming.horn_break
[13:15:03] [Render thread/WARN]: Missing sound for event: minecraft:entity.generic.wind_burst
[13:15:03] [Render thread/INFO]: OpenAL initialized on device OpenAL Soft on Speakers (Razer Kraken Kitty Edition)
[13:15:03] [Render thread/INFO]: Sound engine started
[13:15:04] [Render thread/INFO]: Created: 1024x512x4 minecraft:textures/atlas/blocks.png-atlas
[13:15:04] [Render thread/INFO]: Created: 256x256x4 minecraft:textures/atlas/signs.png-atlas
[13:15:04] [Render thread/INFO]: Created: 512x512x4 minecraft:textures/atlas/banner_patterns.png-atlas
[13:15:04] [Render thread/INFO]: Created: 512x512x4 minecraft:textures/atlas/shield_patterns.png-atlas
[13:15:04] [Render thread/INFO]: Created: 1024x1024x4 minecraft:textures/atlas/armor_trims.png-atlas
[13:15:04] [Render thread/INFO]: Created: 128x64x4 minecraft:textures/atlas/decorated_pot.png-atlas
[13:15:04] [Render thread/INFO]: Created: 256x256x4 minecraft:textures/atlas/chest.png-atlas
[13:15:04] [Render thread/INFO]: Created: 512x256x4 minecraft:textures/atlas/beds.png-atlas
[13:15:04] [Render thread/INFO]: Created: 512x256x4 minecraft:textures/atlas/shulker_boxes.png-atlas
[13:15:04] [Render thread/WARN]: Shader rendertype_entity_translucent_emissive could not find sampler named Sampler2 in the specified shader program.
[13:15:04] [Render thread/INFO]: Created: 512x256x0 minecraft:textures/atlas/particles.png-atlas
[13:15:04] [Render thread/INFO]: Created: 256x256x0 minecraft:textures/atlas/paintings.png-atlas
[13:15:04] [Render thread/INFO]: Created: 128x128x0 minecraft:textures/atlas/mob_effects.png-atlas
[13:15:04] [Render thread/INFO]: Created: 1024x512x0 minecraft:textures/atlas/gui.png-atlas
[13:15:06] [Render thread/WARN]: Shader cabb2374eda405e66b897908637abd1da5deac52 could not find uniform named subpixel_amount in the specified shader program.
[13:15:13] [Render thread/INFO]: Loaded 7 recipes
[13:15:14] [Render thread/INFO]: Loaded 1271 advancements
[13:15:14] [Render thread/INFO]: Applied 0 biome modifications to 0 of 64 new biomes in 1.671 ms
[13:15:14] [Server thread/INFO]: Starting integrated minecraft server version 1.20.4
[13:15:14] [Server thread/INFO]: Generating keypair
[13:15:15] [Server thread/INFO]: Preparing start region for dimension minecraft:overworld
[13:15:18] [Render thread/INFO]: Preparing spawn area: 0%
[13:15:18] [Render thread/INFO]: Preparing spawn area: 0%
[13:15:18] [Render thread/INFO]: Preparing spawn area: 0%
[13:15:18] [Render thread/INFO]: Preparing spawn area: 0%
[13:15:18] [Render thread/INFO]: Preparing spawn area: 0%
[13:15:18] [Render thread/INFO]: Preparing spawn area: 0%
[13:15:18] [Render thread/INFO]: Preparing spawn area: 7%
[13:15:19] [Render thread/INFO]: Preparing spawn area: 86%
[13:15:19] [Render thread/INFO]: Time elapsed: 3562 ms
[13:15:19] [Server thread/INFO]: Changing view distance to 16, from 10
[13:15:19] [Server thread/INFO]: Changing simulation distance to 12, from 0
[13:15:20] [Server thread/WARN]: @Redirect conflict. Skipping mixins.tweakeroo.json:MixinServerPlayNetworkHandler from mod tweakeroo->@Redirect::tweakeroo_removeHitPosCheck(Lnet/minecraft/class_243;Lnet/minecraft/class_243;)Lnet/minecraft/class_243; with priority 1005, already redirected by mixins.litematica.json:MixinServerPlayNetworkHandler from mod litematica->@Redirect::litematica_removeHitPosCheck(Lnet/minecraft/class_243;Lnet/minecraft/class_243;)Lnet/minecraft/class_243; with priority 1010
[13:15:20] [Server thread/INFO]: 16thGarden[local:E:9e91bb5d] logged in with entity id 177 at (-41.7017976057444, 64.0, 0.4450167870156536)
[13:15:20] [Server thread/INFO]: 16thGarden joined the game
[13:15:20] [Render thread/INFO]: Started 6 worker threads
[13:15:20] [Render thread/INFO]: Using 3 total BufferBuilder caches
[13:15:20] [Render thread/WARN]: Unable to read property: west with value: false for blockstate: {Name:"minecraft:cobblestone_wall",Properties:{east:"false",north:"false",south:"false",up:"false",west:"false"}}
[13:15:20] [Render thread/WARN]: Unable to read property: east with value: false for blockstate: {Name:"minecraft:cobblestone_wall",Properties:{east:"false",north:"false",south:"false",up:"false",west:"false"}}
[13:15:20] [Render thread/WARN]: Unable to read property: south with value: false for blockstate: {Name:"minecraft:cobblestone_wall",Properties:{east:"false",north:"false",south:"false",up:"false",west:"false"}}
[13:15:20] [Render thread/WARN]: Unable to read property: north with value: false for blockstate: {Name:"minecraft:cobblestone_wall",Properties:{east:"false",north:"false",south:"false",up:"false",west:"false"}}
[13:15:20] [Render thread/WARN]: Unable to read property: west with value: false for blockstate: {Name:"minecraft:mossy_cobblestone_wall",Properties:{east:"false",north:"false",south:"false",up:"false",west:"false"}}
[13:15:20] [Render thread/WARN]: Unable to read property: east with value: false for blockstate: {Name:"minecraft:mossy_cobblestone_wall",Properties:{east:"false",north:"false",south:"false",up:"false",west:"false"}}
[13:15:20] [Render thread/WARN]: Unable to read property: south with value: false for blockstate: {Name:"minecraft:mossy_cobblestone_wall",Properties:{east:"false",north:"false",south:"false",up:"false",west:"false"}}
[13:15:20] [Render thread/WARN]: Unable to read property: north with value: false for blockstate: {Name:"minecraft:mossy_cobblestone_wall",Properties:{east:"false",north:"false",south:"false",up:"false",west:"false"}}
[13:15:20] [Render thread/INFO]: Loaded 724 advancements
[13:15:35] [Render thread/INFO]: Stopping worker threads
[13:15:35] [Server thread/INFO]: Saving and pausing game...
[13:15:35] [Render thread/INFO]: Started 6 worker threads
[13:15:35] [Render thread/INFO]: Stopping worker threads
[13:15:35] [Render thread/INFO]: Started 6 worker threads
[13:15:35] [Server thread/INFO]: Saving chunks for level 'ServerLevel[Epic survival world]'/minecraft:overworld
[13:15:35] [Server thread/INFO]: Saving chunks for level 'ServerLevel[Epic survival world]'/minecraft:the_nether
[13:15:35] [Server thread/INFO]: Saving chunks for level 'ServerLevel[Epic survival world]'/minecraft:the_end
[13:15:50] [Render thread/INFO]: Stopping worker threads
[13:15:50] [Render thread/INFO]: Started 6 worker threads
[13:15:50] [Server thread/INFO]: Saving and pausing game...
[13:15:50] [Render thread/INFO]: Stopping worker threads
[13:15:50] [Render thread/INFO]: Started 6 worker threads
[13:15:50] [Server thread/INFO]: Saving chunks for level 'ServerLevel[Epic survival world]'/minecraft:overworld
[13:15:50] [Server thread/INFO]: Saving chunks for level 'ServerLevel[Epic survival world]'/minecraft:the_nether
[13:15:50] [Server thread/INFO]: Saving chunks for level 'ServerLevel[Epic survival world]'/minecraft:the_end
[13:15:52] [Render thread/WARN]: Unable to play empty soundEvent: minecraft:entity.cod.ambient
[13:21:54] [Server thread/INFO]: Saving and pausing game...
[13:21:54] [Server thread/INFO]: Saving chunks for level 'ServerLevel[Epic survival world]'/minecraft:overworld
[13:21:54] [Server thread/INFO]: Saving chunks for level 'ServerLevel[Epic survival world]'/minecraft:the_nether
[13:21:54] [Server thread/INFO]: Saving chunks for level 'ServerLevel[Epic survival world]'/minecraft:the_end
[13:22:00] [Render thread/INFO]: Reloading ResourceManager: vanilla, fabric, advanced-xray-fabric, appleskin, cloth-config, entityculling, essential, essential-container, essential-loader, fabric-api, fabric-api-base, fabric-api-lookup-api-v1, fabric-biome-api-v1, fabric-block-api-v1, fabric-block-view-api-v2, fabric-blockrenderlayer-v1, fabric-client-tags-api-v1, fabric-command-api-v1, fabric-command-api-v2, fabric-commands-v0, fabric-containers-v0, fabric-content-registries-v0, fabric-convention-tags-v1, fabric-crash-report-info-v1, fabric-data-attachment-api-v1, fabric-data-generation-api-v1, fabric-dimensions-v1, fabric-entity-events-v1, fabric-events-interaction-v0, fabric-events-lifecycle-v0, fabric-game-rule-api-v1, fabric-item-api-v1, fabric-item-group-api-v1, fabric-key-binding-api-v1, fabric-keybindings-v0, fabric-language-kotlin, fabric-lifecycle-events-v1, fabric-loot-api-v2, fabric-message-api-v1, fabric-mining-level-api-v1, fabric-model-loading-api-v1, fabric-models-v0, fabric-networking-api-v1, fabric-object-builder-api-v1, fabric-particles-v1, fabric-recipe-api-v1, fabric-registry-sync-v0, fabric-renderer-api-v1, fabric-renderer-indigo, fabric-renderer-registries-v1, fabric-rendering-data-attachment-v1, fabric-rendering-fluids-v1, fabric-rendering-v0, fabric-rendering-v1, fabric-resource-conditions-api-v1, fabric-resource-loader-v0, fabric-screen-api-v1, fabric-screen-handler-api-v1, fabric-sound-api-v1, fabric-transfer-api-v1, fabric-transitive-access-wideners-v1, fabricloader, litematica, lithium, logical_zoom, malilib, minihud, sodium, tweakeroo, file/Low Fire 32x.zip, file/VisibleAncientDebris.zip, file/16thGarden-totem-1.20.2-3D.zip, essential
[13:22:00] [Render thread/WARN]: Non [a-z0-9_.-] character in namespace .DS_Store in pack C:\Users\Miguel Leyesa\AppData\Roaming\.minecraft\resourcepacks\VisibleAncientDebris.zip, ignoring
[13:22:00] [Render thread/WARN]: Non [a-z0-9_.-] character in namespace .DS_Store in pack C:\Users\Miguel Leyesa\AppData\Roaming\.minecraft\resourcepacks\VisibleAncientDebris.zip, ignoring
[13:22:00] [Worker-Main-4/INFO]: Found unifont_all_no_pua-15.1.04.hex, loading
[13:22:01] [Worker-Main-5/WARN]: Invalid path in datapack: minecraft:textures/block/.DS_Store, ignoring
[13:22:02] [Render thread/WARN]: Missing sound for event: minecraft:item.goat_horn.play
[13:22:02] [Render thread/WARN]: Missing sound for event: minecraft:entity.goat.screaming.horn_break
[13:22:02] [Render thread/WARN]: Missing sound for event: minecraft:entity.generic.wind_burst
[13:22:02] [Render thread/INFO]: OpenAL initialized on device OpenAL Soft on Speakers (Razer Kraken Kitty Edition)
[13:22:02] [Render thread/INFO]: Sound engine started
[13:22:02] [Render thread/INFO]: Created: 1024x512x4 minecraft:textures/atlas/blocks.png-atlas
[13:22:02] [Render thread/INFO]: Created: 256x256x4 minecraft:textures/atlas/signs.png-atlas
[13:22:02] [Render thread/INFO]: Created: 512x512x4 minecraft:textures/atlas/banner_patterns.png-atlas
[13:22:02] [Render thread/INFO]: Created: 512x512x4 minecraft:textures/atlas/shield_patterns.png-atlas
[13:22:02] [Render thread/INFO]: Created: 1024x1024x4 minecraft:textures/atlas/armor_trims.png-atlas
[13:22:02] [Render thread/INFO]: Created: 128x64x4 minecraft:textures/atlas/decorated_pot.png-atlas
[13:22:02] [Render thread/INFO]: Created: 256x256x4 minecraft:textures/atlas/chest.png-atlas
[13:22:02] [Render thread/INFO]: Created: 512x256x4 minecraft:textures/atlas/beds.png-atlas
[13:22:02] [Render thread/INFO]: Created: 512x256x4 minecraft:textures/atlas/shulker_boxes.png-atlas
[13:22:02] [Render thread/WARN]: Shader rendertype_entity_translucent_emissive could not find sampler named Sampler2 in the specified shader program.
[13:22:02] [Render thread/INFO]: Created: 512x256x0 minecraft:textures/atlas/particles.png-atlas
[13:22:02] [Render thread/INFO]: Created: 256x256x0 minecraft:textures/atlas/paintings.png-atlas
[13:22:02] [Render thread/INFO]: Created: 128x128x0 minecraft:textures/atlas/mob_effects.png-atlas
[13:22:02] [Render thread/INFO]: Created: 1024x512x0 minecraft:textures/atlas/gui.png-atlas
[13:22:02] [Render thread/INFO]: Stopping worker threads
[13:22:02] [Render thread/INFO]: Started 6 worker threads
[14:39:30] [Render thread/WARN]: Unable to play empty soundEvent: minecraft:entity.cod.ambient
[14:41:09] [Render thread/INFO]: Stopping worker threads
[14:41:09] [Render thread/INFO]: Started 6 worker threads
[14:41:09] [Server thread/INFO]: Saving and pausing game...
[14:41:09] [Render thread/INFO]: Stopping worker threads
[14:41:09] [Render thread/INFO]: Started 6 worker threads
[14:41:09] [Server thread/INFO]: Saving chunks for level 'ServerLevel[Epic survival world]'/minecraft:overworld
[14:41:09] [Server thread/INFO]: Saving chunks for level 'ServerLevel[Epic survival world]'/minecraft:the_nether
[14:41:09] [Server thread/INFO]: Saving chunks for level 'ServerLevel[Epic survival world]'/minecraft:the_end
[14:52:52] [Render thread/INFO]: Stopping worker threads
[14:52:52] [Render thread/INFO]: Started 6 worker threads
[14:52:52] [Render thread/INFO]: Stopping worker threads
[14:52:52] [Render thread/INFO]: Started 6 worker threads
[14:53:09] [Render thread/INFO]: [System] [CHAT] [Debug]: Hitboxes: shown
[14:54:03] [Render thread/WARN]: Unable to play empty soundEvent: minecraft:entity.salmon.ambient
[14:54:40] [Render thread/INFO]: Loaded 725 advancements
[14:54:58] [Render thread/INFO]: [System] [CHAT] [Debug]: Hitboxes: hidden
[14:56:40] [Render thread/INFO]: Loaded 726 advancements
[14:58:59] [Server thread/INFO]: Saving and pausing game...
[14:58:59] [Render thread/INFO]: Stopping worker threads
[14:58:59] [Render thread/INFO]: Started 6 worker threads
[14:58:59] [Server thread/INFO]: Saving chunks for level 'ServerLevel[Epic survival world]'/minecraft:overworld
[14:58:59] [Render thread/INFO]: Stopping worker threads
[14:58:59] [Render thread/INFO]: Started 6 worker threads
[14:58:59] [Server thread/INFO]: Saving chunks for level 'ServerLevel[Epic survival world]'/minecraft:the_nether
[14:58:59] [Server thread/INFO]: Saving chunks for level 'ServerLevel[Epic survival world]'/minecraft:the_end
[15:00:16] [Render thread/INFO]: Stopping worker threads
[15:00:16] [Render thread/INFO]: Started 6 worker threads
[15:00:16] [Render thread/INFO]: Stopping worker threads
[15:00:16] [Render thread/INFO]: Started 6 worker threads
[15:00:16] [Server thread/INFO]: Saving and pausing game...
[15:00:16] [Server thread/INFO]: Saving chunks for level 'ServerLevel[Epic survival world]'/minecraft:overworld
[15:00:16] [Server thread/INFO]: Saving chunks for level 'ServerLevel[Epic survival world]'/minecraft:the_nether
[15:00:16] [Server thread/INFO]: Saving chunks for level 'ServerLevel[Epic survival world]'/minecraft:the_end
[15:01:14] [Render thread/INFO]: Stopping worker threads
[15:01:14] [Server thread/INFO]: Saving and pausing game...
[15:01:14] [Render thread/INFO]: Started 6 worker threads
[15:01:14] [Render thread/INFO]: Stopping worker threads
[15:01:14] [Server thread/INFO]: Saving chunks for level 'ServerLevel[Epic survival world]'/minecraft:overworld
[15:01:14] [Render thread/INFO]: Started 6 worker threads
[15:01:14] [Server thread/INFO]: Saving chunks for level 'ServerLevel[Epic survival world]'/minecraft:the_nether
[15:01:14] [Server thread/INFO]: Saving chunks for level 'ServerLevel[Epic survival world]'/minecraft:the_end
[15:01:59] [Render thread/INFO]: Stopping worker threads
[15:01:59] [Render thread/INFO]: Started 6 worker threads
[15:01:59] [Server thread/INFO]: Saving and pausing game...
[15:01:59] [Render thread/INFO]: Stopping worker threads
[15:01:59] [Render thread/INFO]: Started 6 worker threads
[15:01:59] [Server thread/INFO]: Saving chunks for level 'ServerLevel[Epic survival world]'/minecraft:overworld
[15:01:59] [Server thread/INFO]: Saving chunks for level 'ServerLevel[Epic survival world]'/minecraft:the_nether
[15:01:59] [Server thread/INFO]: Saving chunks for level 'ServerLevel[Epic survival world]'/minecraft:the_end
[15:01:59] [Render thread/WARN]: Received passengers for unknown entity
[15:02:22] [Render thread/INFO]: Stopping worker threads
[15:02:22] [Render thread/INFO]: Started 6 worker threads
[15:02:22] [Server thread/INFO]: Saving and pausing game...
[15:02:22] [Render thread/INFO]: Stopping worker threads
[15:02:22] [Render thread/INFO]: Started 6 worker threads
[15:02:22] [Server thread/INFO]: Saving chunks for level 'ServerLevel[Epic survival world]'/minecraft:overworld
[15:02:22] [Server thread/INFO]: Saving chunks for level 'ServerLevel[Epic survival world]'/minecraft:the_nether
[15:02:22] [Server thread/INFO]: Saving chunks for level 'ServerLevel[Epic survival world]'/minecraft:the_end
[15:02:57] [Render thread/INFO]: Stopping worker threads
[15:02:57] [Server thread/INFO]: Saving and pausing game...
[15:02:57] [Render thread/INFO]: Started 6 worker threads
[15:02:57] [Render thread/INFO]: Stopping worker threads
[15:02:57] [Render thread/INFO]: Started 6 worker threads
[15:02:57] [Server thread/INFO]: Saving chunks for level 'ServerLevel[Epic survival world]'/minecraft:overworld
[15:02:57] [Server thread/INFO]: Saving chunks for level 'ServerLevel[Epic survival world]'/minecraft:the_nether
[15:02:57] [Server thread/INFO]: Saving chunks for level 'ServerLevel[Epic survival world]'/minecraft:the_end
[15:03:03] [Render thread/INFO]: Stopping worker threads
[15:03:03] [Render thread/INFO]: Started 6 worker threads
[15:03:03] [Server thread/INFO]: Saving and pausing game...
[15:03:03] [Render thread/INFO]: Stopping worker threads
[15:03:03] [Render thread/INFO]: Started 6 worker threads
[15:03:03] [Server thread/INFO]: Saving chunks for level 'ServerLevel[Epic survival world]'/minecraft:overworld
[15:03:03] [Server thread/INFO]: Saving chunks for level 'ServerLevel[Epic survival world]'/minecraft:the_nether
[15:03:03] [Server thread/INFO]: Saving chunks for level 'ServerLevel[Epic survival world]'/minecraft:the_end
[15:03:23] [Render thread/INFO]: Stopping worker threads
[15:03:23] [Render thread/INFO]: Started 6 worker threads
[15:03:23] [Render thread/INFO]: Stopping worker threads
[15:03:23] [Render thread/INFO]: Started 6 worker threads
[15:03:23] [Server thread/INFO]: Saving and pausing game...
[15:03:23] [Server thread/INFO]: Saving chunks for level 'ServerLevel[Epic survival world]'/minecraft:overworld
[15:03:23] [Server thread/INFO]: Saving chunks for level 'ServerLevel[Epic survival world]'/minecraft:the_nether
[15:03:23] [Server thread/INFO]: Saving chunks for level 'ServerLevel[Epic survival world]'/minecraft:the_end
[15:03:29] [Render thread/INFO]: Stopping worker threads
[15:03:29] [Server thread/INFO]: Saving and pausing game...
[15:03:29] [Render thread/INFO]: Started 6 worker threads
[15:03:29] [Render thread/INFO]: Stopping worker threads
[15:03:29] [Render thread/INFO]: Started 6 worker threads
[15:03:29] [Server thread/INFO]: Saving chunks for level 'ServerLevel[Epic survival world]'/minecraft:overworld
[15:03:29] [Server thread/INFO]: Saving chunks for level 'ServerLevel[Epic survival world]'/minecraft:the_nether
[15:03:29] [Server thread/INFO]: Saving chunks for level 'ServerLevel[Epic survival world]'/minecraft:the_end
[15:07:20] [Server thread/WARN]: Mismatch in destroy block pos: class_2338{x=-207, y=76, z=-195} class_2338{x=-220, y=77, z=-198}
[15:07:20] [Server thread/WARN]: Mismatch in destroy block pos: class_2338{x=-207, y=76, z=-195} class_2338{x=-220, y=77, z=-198}
[15:07:20] [Server thread/WARN]: Mismatch in destroy block pos: class_2338{x=-207, y=76, z=-195} class_2338{x=-220, y=77, z=-198}
[15:07:20] [Server thread/WARN]: Mismatch in destroy block pos: class_2338{x=-207, y=76, z=-195} class_2338{x=-220, y=77, z=-198}
[15:07:20] [Server thread/WARN]: Mismatch in destroy block pos: class_2338{x=-207, y=76, z=-195} class_2338{x=-220, y=77, z=-198}
[15:07:20] [Server thread/WARN]: Mismatch in destroy block pos: class_2338{x=-207, y=76, z=-195} class_2338{x=-220, y=77, z=-198}
[15:09:06] [Server thread/WARN]: Mismatch in destroy block pos: class_2338{x=-217, y=75, z=-176} class_2338{x=-217, y=74, z=-175}
[15:12:08] [Render thread/WARN]: Received passengers for unknown entity
[15:12:44] [Render thread/INFO]: Stopping worker threads
[15:12:44] [Render thread/INFO]: Started 6 worker threads
[15:12:44] [Render thread/INFO]: Stopping worker threads
[15:12:44] [Render thread/INFO]: Started 6 worker threads
[15:12:44] [Server thread/INFO]: Saving and pausing game...
[15:12:44] [Server thread/INFO]: Saving chunks for level 'ServerLevel[Epic survival world]'/minecraft:overworld
[15:12:44] [Server thread/INFO]: Saving chunks for level 'ServerLevel[Epic survival world]'/minecraft:the_nether
[15:12:44] [Server thread/INFO]: Saving chunks for level 'ServerLevel[Epic survival world]'/minecraft:the_end
[15:14:03] [Render thread/INFO]: Stopping worker threads
[15:14:03] [Server thread/INFO]: Saving and pausing game...
[15:14:03] [Render thread/INFO]: Started 6 worker threads
[15:14:03] [Render thread/INFO]: Stopping worker threads
[15:14:03] [Server thread/INFO]: Saving chunks for level 'ServerLevel[Epic survival world]'/minecraft:overworld
[15:14:03] [Render thread/INFO]: Started 6 worker threads
[15:14:03] [Server thread/INFO]: Saving chunks for level 'ServerLevel[Epic survival world]'/minecraft:the_nether
[15:14:03] [Server thread/INFO]: Saving chunks for level 'ServerLevel[Epic survival world]'/minecraft:the_end
[15:14:46] [Server thread/WARN]: Mismatch in destroy block pos: class_2338{x=51, y=117, z=3} class_2338{x=52, y=117, z=3}
[15:14:46] [Server thread/WARN]: Mismatch in destroy block pos: class_2338{x=51, y=117, z=3} class_2338{x=52, y=117, z=3}
[15:14:46] [Server thread/WARN]: Mismatch in destroy block pos: class_2338{x=51, y=117, z=3} class_2338{x=52, y=117, z=3}
[15:14:46] [Server thread/WARN]: Mismatch in destroy block pos: class_2338{x=51, y=117, z=3} class_2338{x=52, y=117, z=3}
[15:15:05] [Server thread/INFO]: Saving and pausing game...
[15:15:05] [Server thread/INFO]: Saving chunks for level 'ServerLevel[Epic survival world]'/minecraft:overworld
[15:15:05] [Server thread/INFO]: Saving chunks for level 'ServerLevel[Epic survival world]'/minecraft:the_nether
[15:15:05] [Server thread/INFO]: Saving chunks for level 'ServerLevel[Epic survival world]'/minecraft:the_end
[15:15:50] [Server thread/INFO]: Saving and pausing game...
[15:15:50] [Server thread/INFO]: Saving chunks for level 'ServerLevel[Epic survival world]'/minecraft:overworld
[15:15:50] [Server thread/INFO]: Saving chunks for level 'ServerLevel[Epic survival world]'/minecraft:the_nether
[15:15:50] [Server thread/INFO]: Saving chunks for level 'ServerLevel[Epic survival world]'/minecraft:the_end
[15:17:54] [Server thread/WARN]: Mismatch in destroy block pos: class_2338{x=49, y=117, z=4} class_2338{x=50, y=117, z=4}
[15:17:54] [Server thread/WARN]: Mismatch in destroy block pos: class_2338{x=49, y=117, z=4} class_2338{x=50, y=117, z=4}
[15:19:59] [Render thread/WARN]: Received passengers for unknown entity
[15:20:39] [Render thread/WARN]: Received passengers for unknown entity
[15:21:35] [Render thread/WARN]: Received passengers for unknown entity
[15:23:38] [Render thread/WARN]: Received passengers for unknown entity
[15:44:06] [Render thread/INFO]: Stopping worker threads
[15:44:06] [Render thread/INFO]: Started 6 worker threads
[15:44:06] [Render thread/INFO]: Stopping worker threads
[15:44:06] [Render thread/INFO]: Started 6 worker threads
[15:44:06] [Server thread/INFO]: Saving and pausing game...
[15:44:06] [Server thread/INFO]: Saving chunks for level 'ServerLevel[Epic survival world]'/minecraft:overworld
[15:44:06] [Server thread/INFO]: Saving chunks for level 'ServerLevel[Epic survival world]'/minecraft:the_nether
[15:44:06] [Server thread/INFO]: Saving chunks for level 'ServerLevel[Epic survival world]'/minecraft:the_end
[15:44:19] [Render thread/INFO]: Stopping worker threads
[15:44:19] [Server thread/INFO]: Saving and pausing game...
[15:44:19] [Render thread/INFO]: Started 6 worker threads
[15:44:19] [Render thread/INFO]: Stopping worker threads
[15:44:19] [Render thread/INFO]: Started 6 worker threads
[15:44:19] [Server thread/INFO]: Saving chunks for level 'ServerLevel[Epic survival world]'/minecraft:overworld
[15:44:19] [Server thread/INFO]: Saving chunks for level 'ServerLevel[Epic survival world]'/minecraft:the_nether
[15:44:19] [Server thread/INFO]: Saving chunks for level 'ServerLevel[Epic survival world]'/minecraft:the_end
[15:45:02] [Server thread/INFO]: Saving and pausing game...
[15:45:02] [Server thread/INFO]: Saving chunks for level 'ServerLevel[Epic survival world]'/minecraft:overworld
[15:45:02] [Server thread/INFO]: Saving chunks for level 'ServerLevel[Epic survival world]'/minecraft:the_nether
[15:45:02] [Server thread/INFO]: Saving chunks for level 'ServerLevel[Epic survival world]'/minecraft:the_end
[15:47:50] [Server thread/INFO]: Saving and pausing game...
[15:47:50] [Server thread/INFO]: Saving chunks for level 'ServerLevel[Epic survival world]'/minecraft:overworld
[15:47:50] [Server thread/INFO]: Saving chunks for level 'ServerLevel[Epic survival world]'/minecraft:the_nether
[15:47:50] [Server thread/INFO]: Saving chunks for level 'ServerLevel[Epic survival world]'/minecraft:the_end
[15:49:46] [Server thread/INFO]: Saving and pausing game...
[15:49:46] [Server thread/INFO]: Saving chunks for level 'ServerLevel[Epic survival world]'/minecraft:overworld
[15:49:46] [Server thread/INFO]: Saving chunks for level 'ServerLevel[Epic survival world]'/minecraft:the_nether
[15:49:46] [Server thread/INFO]: Saving chunks for level 'ServerLevel[Epic survival world]'/minecraft:the_end
[15:53:43] [Render thread/WARN]: Received passengers for unknown entity
[15:54:33] [Render thread/WARN]: Received passengers for unknown entity
[15:55:37] [Render thread/WARN]: Received passengers for unknown entity
[16:03:32] [Render thread/WARN]: Received passengers for unknown entity
[16:03:50] [Server thread/WARN]: Mismatch in destroy block pos: class_2338{x=172, y=120, z=0} class_2338{x=172, y=119, z=0}
[16:03:50] [Server thread/WARN]: Mismatch in destroy block pos: class_2338{x=172, y=120, z=0} class_2338{x=172, y=119, z=0}
[16:03:50] [Server thread/WARN]: Mismatch in destroy block pos: class_2338{x=172, y=120, z=0} class_2338{x=172, y=119, z=0}
[16:06:11] [Server thread/WARN]: Mismatch in destroy block pos: class_2338{x=378, y=118, z=0} class_2338{x=366, y=117, z=0}
[16:06:34] [Server thread/WARN]: Mismatch in destroy block pos: class_2338{x=238, y=117, z=0} class_2338{x=236, y=117, z=0}
[16:06:50] [Render thread/WARN]: Received passengers for unknown entity
[16:09:02] [Server thread/WARN]: Mismatch in destroy block pos: class_2338{x=480, y=117, z=0} class_2338{x=487, y=119, z=0}
[16:09:02] [Server thread/WARN]: Mismatch in destroy block pos: class_2338{x=480, y=117, z=0} class_2338{x=487, y=119, z=0}
[16:09:02] [Server thread/WARN]: Mismatch in destroy block pos: class_2338{x=480, y=117, z=0} class_2338{x=487, y=119, z=0}
[16:09:02] [Server thread/WARN]: Mismatch in destroy block pos: class_2338{x=480, y=117, z=0} class_2338{x=487, y=119, z=0}
[16:09:06] [Server thread/WARN]: Mismatch in destroy block pos: class_2338{x=507, y=119, z=0} class_2338{x=505, y=120, z=0}
[16:09:06] [Server thread/WARN]: Mismatch in destroy block pos: class_2338{x=507, y=119, z=0} class_2338{x=505, y=120, z=0}
[16:09:06] [Server thread/WARN]: Mismatch in destroy block pos: class_2338{x=507, y=119, z=0} class_2338{x=505, y=120, z=0}
[16:09:06] [Server thread/WARN]: Mismatch in destroy block pos: class_2338{x=507, y=119, z=0} class_2338{x=505, y=120, z=0}
[16:09:06] [Server thread/WARN]: Mismatch in destroy block pos: class_2338{x=507, y=119, z=0} class_2338{x=505, y=120, z=0}
[16:09:06] [Server thread/WARN]: Mismatch in destroy block pos: class_2338{x=507, y=119, z=0} class_2338{x=505, y=120, z=0}
[16:09:06] [Server thread/WARN]: Mismatch in destroy block pos: class_2338{x=507, y=119, z=0} class_2338{x=505, y=120, z=0}
[16:09:06] [Server thread/WARN]: Mismatch in destroy block pos: class_2338{x=507, y=119, z=0} class_2338{x=505, y=120, z=0}
[16:09:48] [Server thread/WARN]: Mismatch in destroy block pos: class_2338{x=521, y=118, z=0} class_2338{x=523, y=118, z=0}
[16:10:31] [Server thread/WARN]: Mismatch in destroy block pos: class_2338{x=573, y=118, z=0} class_2338{x=576, y=117, z=0}
[16:11:24] [Server thread/WARN]: Mismatch in destroy block pos: class_2338{x=561, y=117, z=0} class_2338{x=599, y=119, z=0}
[16:11:24] [Server thread/WARN]: Mismatch in destroy block pos: class_2338{x=561, y=117, z=0} class_2338{x=599, y=119, z=0}
[16:11:24] [Server thread/WARN]: Mismatch in destroy block pos: class_2338{x=561, y=117, z=0} class_2338{x=599, y=119, z=0}
[16:15:40] [Server thread/WARN]: Mismatch in destroy block pos: class_2338{x=876, y=118, z=0} class_2338{x=966, y=119, z=0}
[16:15:40] [Server thread/WARN]: Mismatch in destroy block pos: class_2338{x=876, y=118, z=0} class_2338{x=966, y=119, z=0}
[16:15:40] [Server thread/WARN]: Mismatch in destroy block pos: class_2338{x=876, y=118, z=0} class_2338{x=966, y=119, z=0}
[16:15:40] [Server thread/WARN]: Mismatch in destroy block pos: class_2338{x=876, y=118, z=0} class_2338{x=966, y=119, z=0}
[16:17:21] [Server thread/WARN]: Mismatch in destroy block pos: class_2338{x=1012, y=118, z=0} class_2338{x=1051, y=119, z=-6}
[16:17:21] [Server thread/WARN]: Mismatch in destroy block pos: class_2338{x=1012, y=118, z=0} class_2338{x=1051, y=119, z=-6}
[16:17:21] [Server thread/WARN]: Mismatch in destroy block pos: class_2338{x=1012, y=118, z=0} class_2338{x=1051, y=119, z=-6}
[16:22:58] [Render thread/INFO]: Stopping worker threads
[16:22:58] [Server thread/INFO]: Saving and pausing game...
[16:22:58] [Render thread/INFO]: Started 6 worker threads
[16:22:58] [Render thread/INFO]: Stopping worker threads
[16:22:58] [Render thread/INFO]: Started 6 worker threads
[16:22:58] [Server thread/INFO]: Saving chunks for level 'ServerLevel[Epic survival world]'/minecraft:overworld
[16:22:58] [Server thread/INFO]: Saving chunks for level 'ServerLevel[Epic survival world]'/minecraft:the_nether
[16:22:58] [Server thread/INFO]: Saving chunks for level 'ServerLevel[Epic survival world]'/minecraft:the_end
[16:23:02] [Render thread/INFO]: Stopping worker threads
[16:23:02] [Render thread/INFO]: Started 6 worker threads
[16:23:02] [Server thread/INFO]: Saving and pausing game...
[16:23:02] [Render thread/INFO]: Stopping worker threads
[16:23:02] [Render thread/INFO]: Started 6 worker threads
[16:23:02] [Server thread/INFO]: Saving chunks for level 'ServerLevel[Epic survival world]'/minecraft:overworld
[16:23:02] [Server thread/INFO]: Saving chunks for level 'ServerLevel[Epic survival world]'/minecraft:the_nether
[16:23:02] [Server thread/INFO]: Saving chunks for level 'ServerLevel[Epic survival world]'/minecraft:the_end
[16:23:05] [Render thread/WARN]: Received passengers for unknown entity
[16:25:17] [Render thread/INFO]: Stopping worker threads
[16:25:17] [Render thread/INFO]: Started 6 worker threads
[16:25:17] [Render thread/INFO]: Stopping worker threads
[16:25:17] [Render thread/INFO]: Started 6 worker threads
[16:25:17] [Server thread/INFO]: Saving and pausing game...
[16:25:17] [Server thread/INFO]: Saving chunks for level 'ServerLevel[Epic survival world]'/minecraft:overworld
[16:25:17] [Server thread/INFO]: Saving chunks for level 'ServerLevel[Epic survival world]'/minecraft:the_nether
[16:25:17] [Server thread/INFO]: Saving chunks for level 'ServerLevel[Epic survival world]'/minecraft:the_end
[16:25:35] [Render thread/INFO]: Stopping worker threads
[16:25:35] [Server thread/INFO]: Saving and pausing game...
[16:25:35] [Render thread/INFO]: Started 6 worker threads
[16:25:35] [Server thread/INFO]: Saving chunks for level 'ServerLevel[Epic survival world]'/minecraft:overworld
[16:25:35] [Render thread/INFO]: Stopping worker threads
[16:25:35] [Render thread/INFO]: Started 6 worker threads
[16:25:35] [Server thread/INFO]: Saving chunks for level 'ServerLevel[Epic survival world]'/minecraft:the_nether
[16:25:35] [Server thread/INFO]: Saving chunks for level 'ServerLevel[Epic survival world]'/minecraft:the_end
[16:26:24] [Server thread/WARN]: Mismatch in destroy block pos: class_2338{x=82, y=120, z=1} class_2338{x=86, y=120, z=1}
[16:26:24] [Server thread/WARN]: Mismatch in destroy block pos: class_2338{x=82, y=120, z=1} class_2338{x=86, y=120, z=1}
[16:26:24] [Server thread/WARN]: Mismatch in destroy block pos: class_2338{x=82, y=120, z=1} class_2338{x=86, y=120, z=1}
[16:26:24] [Server thread/WARN]: Mismatch in destroy block pos: class_2338{x=82, y=120, z=1} class_2338{x=86, y=120, z=1}
[16:26:24] [Server thread/WARN]: Mismatch in destroy block pos: class_2338{x=82, y=120, z=1} class_2338{x=86, y=120, z=1}
[16:26:40] [Server thread/WARN]: Mismatch in destroy block pos: class_2338{x=171, y=120, z=1} class_2338{x=172, y=120, z=1}
[16:26:40] [Server thread/WARN]: Mismatch in destroy block pos: class_2338{x=171, y=120, z=1} class_2338{x=172, y=120, z=1}
[16:26:40] [Server thread/WARN]: Mismatch in destroy block pos: class_2338{x=171, y=120, z=1} class_2338{x=172, y=120, z=1}
[16:26:56] [Server thread/INFO]: Saving and pausing game...
[16:26:56] [Server thread/INFO]: Saving chunks for level 'ServerLevel[Epic survival world]'/minecraft:overworld
[16:26:56] [Server thread/INFO]: Saving chunks for level 'ServerLevel[Epic survival world]'/minecraft:the_nether
[16:26:56] [Server thread/INFO]: Saving chunks for level 'ServerLevel[Epic survival world]'/minecraft:the_end
[16:26:57] [Server thread/INFO]: Saving and pausing game...
[16:26:57] [Server thread/INFO]: Saving chunks for level 'ServerLevel[Epic survival world]'/minecraft:overworld
[16:26:57] [Server thread/INFO]: Saving chunks for level 'ServerLevel[Epic survival world]'/minecraft:the_nether
[16:26:57] [Server thread/INFO]: Saving chunks for level 'ServerLevel[Epic survival world]'/minecraft:the_end
[16:27:28] [Server thread/INFO]: Saving and pausing game...
[16:27:28] [Server thread/INFO]: Saving chunks for level 'ServerLevel[Epic survival world]'/minecraft:overworld
[16:27:28] [Server thread/INFO]: Saving chunks for level 'ServerLevel[Epic survival world]'/minecraft:the_nether
[16:27:28] [Server thread/INFO]: Saving chunks for level 'ServerLevel[Epic survival world]'/minecraft:the_end
[16:28:26] [Render thread/INFO]: Loaded 728 advancements
[16:34:28] [Server thread/WARN]: Mismatch in destroy block pos: class_2338{x=1051, y=85, z=-225} class_2338{x=1051, y=79, z=-231}
[16:34:28] [Server thread/WARN]: Mismatch in destroy block pos: class_2338{x=1051, y=85, z=-225} class_2338{x=1051, y=79, z=-231}
[16:48:59] [Render thread/WARN]: Received passengers for unknown entity
[16:49:32] [Render thread/WARN]: Received passengers for unknown entity
[16:51:50] [Render thread/WARN]: Received passengers for unknown entity
[16:52:40] [Render thread/WARN]: Received passengers for unknown entity
[16:54:18] [Render thread/WARN]: Received passengers for unknown entity
[16:54:51] [Render thread/WARN]: Received passengers for unknown entity
[16:56:07] [Render thread/INFO]: Stopping worker threads
[16:56:07] [Render thread/INFO]: Started 6 worker threads
[16:56:07] [Render thread/INFO]: Stopping worker threads
[16:56:07] [Render thread/INFO]: Started 6 worker threads
[17:00:23] [Server thread/INFO]: Saving and pausing game...
[17:00:23] [Render thread/INFO]: Stopping worker threads
[17:00:23] [Render thread/INFO]: Started 6 worker threads
[17:00:23] [Render thread/INFO]: Stopping worker threads
[17:00:23] [Render thread/INFO]: Started 6 worker threads
[17:00:23] [Server thread/INFO]: Saving chunks for level 'ServerLevel[Epic survival world]'/minecraft:overworld
[17:00:23] [Server thread/INFO]: Saving chunks for level 'ServerLevel[Epic survival world]'/minecraft:the_nether
[17:00:23] [Server thread/INFO]: Saving chunks for level 'ServerLevel[Epic survival world]'/minecraft:the_end
[17:08:23] [Render thread/WARN]: Received passengers for unknown entity
[17:09:19] [Render thread/WARN]: Received passengers for unknown entity
[17:10:02] [Render thread/WARN]: Received passengers for unknown entity
[17:11:31] [Render thread/WARN]: Received passengers for unknown entity
[17:12:50] [Render thread/WARN]: Received passengers for unknown entity
[17:12:58] [Render thread/INFO]: Stopping worker threads
[17:12:58] [Server thread/INFO]: Saving and pausing game...
[17:12:58] [Render thread/INFO]: Started 6 worker threads
[17:12:58] [Render thread/INFO]: Stopping worker threads
[17:12:58] [Render thread/INFO]: Started 6 worker threads
[17:12:58] [Server thread/INFO]: Saving chunks for level 'ServerLevel[Epic survival world]'/minecraft:overworld
[17:12:58] [Server thread/INFO]: Saving chunks for level 'ServerLevel[Epic survival world]'/minecraft:the_nether
[17:12:58] [Server thread/INFO]: Saving chunks for level 'ServerLevel[Epic survival world]'/minecraft:the_end
[17:13:02] [Render thread/INFO]: Stopping worker threads
[17:13:02] [Render thread/INFO]: Started 6 worker threads
[17:13:02] [Server thread/INFO]: Saving and pausing game...
[17:13:02] [Render thread/INFO]: Stopping worker threads
[17:13:02] [Render thread/INFO]: Started 6 worker threads
[17:13:02] [Server thread/INFO]: Saving chunks for level 'ServerLevel[Epic survival world]'/minecraft:overworld
[17:13:02] [Server thread/INFO]: Saving chunks for level 'ServerLevel[Epic survival world]'/minecraft:the_nether
[17:13:02] [Server thread/INFO]: Saving chunks for level 'ServerLevel[Epic survival world]'/minecraft:the_end
[17:13:27] [Render thread/INFO]: [System] [CHAT] [Debug]: Reloaded resource packs
[17:13:27] [Render thread/INFO]: Reloading ResourceManager: vanilla, fabric, advanced-xray-fabric, appleskin, cloth-config, entityculling, essential, essential-container, essential-loader, fabric-api, fabric-api-base, fabric-api-lookup-api-v1, fabric-biome-api-v1, fabric-block-api-v1, fabric-block-view-api-v2, fabric-blockrenderlayer-v1, fabric-client-tags-api-v1, fabric-command-api-v1, fabric-command-api-v2, fabric-commands-v0, fabric-containers-v0, fabric-content-registries-v0, fabric-convention-tags-v1, fabric-crash-report-info-v1, fabric-data-attachment-api-v1, fabric-data-generation-api-v1, fabric-dimensions-v1, fabric-entity-events-v1, fabric-events-interaction-v0, fabric-events-lifecycle-v0, fabric-game-rule-api-v1, fabric-item-api-v1, fabric-item-group-api-v1, fabric-key-binding-api-v1, fabric-keybindings-v0, fabric-language-kotlin, fabric-lifecycle-events-v1, fabric-loot-api-v2, fabric-message-api-v1, fabric-mining-level-api-v1, fabric-model-loading-api-v1, fabric-models-v0, fabric-networking-api-v1, fabric-object-builder-api-v1, fabric-particles-v1, fabric-recipe-api-v1, fabric-registry-sync-v0, fabric-renderer-api-v1, fabric-renderer-indigo, fabric-renderer-registries-v1, fabric-rendering-data-attachment-v1, fabric-rendering-fluids-v1, fabric-rendering-v0, fabric-rendering-v1, fabric-resource-conditions-api-v1, fabric-resource-loader-v0, fabric-screen-api-v1, fabric-screen-handler-api-v1, fabric-sound-api-v1, fabric-transfer-api-v1, fabric-transitive-access-wideners-v1, fabricloader, litematica, lithium, logical_zoom, malilib, minihud, sodium, tweakeroo, file/Low Fire 32x.zip, file/VisibleAncientDebris.zip, file/16thGarden-totem-1.20.2-3D.zip, essential
[17:13:27] [Render thread/WARN]: Non [a-z0-9_.-] character in namespace .DS_Store in pack C:\Users\Miguel Leyesa\AppData\Roaming\.minecraft\resourcepacks\VisibleAncientDebris.zip, ignoring
[17:13:27] [Render thread/WARN]: Non [a-z0-9_.-] character in namespace .DS_Store in pack C:\Users\Miguel Leyesa\AppData\Roaming\.minecraft\resourcepacks\VisibleAncientDebris.zip, ignoring
[17:13:27] [Worker-Main-9/INFO]: Found unifont_all_no_pua-15.1.04.hex, loading
[17:13:27] [Worker-Main-11/WARN]: Invalid path in datapack: minecraft:textures/block/.DS_Store, ignoring
[17:13:27] [Server thread/INFO]: Saving and pausing game...
[17:13:27] [Server thread/INFO]: Saving chunks for level 'ServerLevel[Epic survival world]'/minecraft:overworld
[17:13:27] [Server thread/INFO]: Saving chunks for level 'ServerLevel[Epic survival world]'/minecraft:the_nether
[17:13:27] [Server thread/INFO]: Saving chunks for level 'ServerLevel[Epic survival world]'/minecraft:the_end
[17:13:28] [Render thread/WARN]: Missing sound for event: minecraft:item.goat_horn.play
[17:13:28] [Render thread/WARN]: Missing sound for event: minecraft:entity.goat.screaming.horn_break
[17:13:28] [Render thread/WARN]: Missing sound for event: minecraft:entity.generic.wind_burst
[17:13:28] [Render thread/INFO]: OpenAL initialized on device OpenAL Soft on Speakers (Razer Kraken Kitty Edition)
[17:13:28] [Render thread/INFO]: Sound engine started
[17:13:28] [Render thread/INFO]: Created: 1024x512x4 minecraft:textures/atlas/blocks.png-atlas
[17:13:28] [Render thread/INFO]: Created: 256x256x4 minecraft:textures/atlas/signs.png-atlas
[17:13:28] [Render thread/INFO]: Created: 512x512x4 minecraft:textures/atlas/banner_patterns.png-atlas
[17:13:28] [Render thread/INFO]: Created: 512x512x4 minecraft:textures/atlas/shield_patterns.png-atlas
[17:13:28] [Render thread/INFO]: Created: 1024x1024x4 minecraft:textures/atlas/armor_trims.png-atlas
[17:13:28] [Render thread/INFO]: Created: 128x64x4 minecraft:textures/atlas/decorated_pot.png-atlas
[17:13:28] [Render thread/INFO]: Created: 256x256x4 minecraft:textures/atlas/chest.png-atlas
[17:13:28] [Render thread/INFO]: Created: 512x256x4 minecraft:textures/atlas/beds.png-atlas
[17:13:28] [Render thread/INFO]: Created: 512x256x4 minecraft:textures/atlas/shulker_boxes.png-atlas
[17:13:28] [Render thread/WARN]: Shader rendertype_entity_translucent_emissive could not find sampler named Sampler2 in the specified shader program.
[17:13:29] [Render thread/INFO]: Created: 512x256x0 minecraft:textures/atlas/particles.png-atlas
[17:13:29] [Render thread/INFO]: Created: 256x256x0 minecraft:textures/atlas/paintings.png-atlas
[17:13:29] [Render thread/INFO]: Created: 128x128x0 minecraft:textures/atlas/mob_effects.png-atlas
[17:13:29] [Render thread/INFO]: Created: 1024x512x0 minecraft:textures/atlas/gui.png-atlas
[17:13:29] [Render thread/INFO]: Stopping worker threads
[17:13:29] [Render thread/INFO]: Started 6 worker threads
[17:15:35] [Render thread/INFO]: [System] [CHAT] [Debug]: Reloaded resource packs
[17:15:35] [Render thread/INFO]: Reloading ResourceManager: vanilla, fabric, advanced-xray-fabric, appleskin, cloth-config, entityculling, essential, essential-container, essential-loader, fabric-api, fabric-api-base, fabric-api-lookup-api-v1, fabric-biome-api-v1, fabric-block-api-v1, fabric-block-view-api-v2, fabric-blockrenderlayer-v1, fabric-client-tags-api-v1, fabric-command-api-v1, fabric-command-api-v2, fabric-commands-v0, fabric-containers-v0, fabric-content-registries-v0, fabric-convention-tags-v1, fabric-crash-report-info-v1, fabric-data-attachment-api-v1, fabric-data-generation-api-v1, fabric-dimensions-v1, fabric-entity-events-v1, fabric-events-interaction-v0, fabric-events-lifecycle-v0, fabric-game-rule-api-v1, fabric-item-api-v1, fabric-item-group-api-v1, fabric-key-binding-api-v1, fabric-keybindings-v0, fabric-language-kotlin, fabric-lifecycle-events-v1, fabric-loot-api-v2, fabric-message-api-v1, fabric-mining-level-api-v1, fabric-model-loading-api-v1, fabric-models-v0, fabric-networking-api-v1, fabric-object-builder-api-v1, fabric-particles-v1, fabric-recipe-api-v1, fabric-registry-sync-v0, fabric-renderer-api-v1, fabric-renderer-indigo, fabric-renderer-registries-v1, fabric-rendering-data-attachment-v1, fabric-rendering-fluids-v1, fabric-rendering-v0, fabric-rendering-v1, fabric-resource-conditions-api-v1, fabric-resource-loader-v0, fabric-screen-api-v1, fabric-screen-handler-api-v1, fabric-sound-api-v1, fabric-transfer-api-v1, fabric-transitive-access-wideners-v1, fabricloader, litematica, lithium, logical_zoom, malilib, minihud, sodium, tweakeroo, file/Low Fire 32x.zip, file/VisibleAncientDebris.zip, file/16thGarden-totem-1.20.2-3D.zip, essential
[17:15:35] [Render thread/WARN]: Non [a-z0-9_.-] character in namespace .DS_Store in pack C:\Users\Miguel Leyesa\AppData\Roaming\.minecraft\resourcepacks\VisibleAncientDebris.zip, ignoring
[17:15:35] [Render thread/WARN]: Non [a-z0-9_.-] character in namespace .DS_Store in pack C:\Users\Miguel Leyesa\AppData\Roaming\.minecraft\resourcepacks\VisibleAncientDebris.zip, ignoring
[17:15:35] [Worker-Main-7/INFO]: Found unifont_all_no_pua-15.1.04.hex, loading
[17:15:35] [Server thread/INFO]: Saving and pausing game...
[17:15:35] [Worker-Main-9/WARN]: Invalid path in datapack: minecraft:textures/block/.DS_Store, ignoring
[17:15:35] [Server thread/INFO]: Saving chunks for level 'ServerLevel[Epic survival world]'/minecraft:overworld
[17:15:35] [Server thread/INFO]: Saving chunks for level 'ServerLevel[Epic survival world]'/minecraft:the_nether
[17:15:35] [Server thread/INFO]: Saving chunks for level 'ServerLevel[Epic survival world]'/minecraft:the_end
[17:15:36] [Render thread/WARN]: Missing sound for event: minecraft:item.goat_horn.play
[17:15:36] [Render thread/WARN]: Missing sound for event: minecraft:entity.goat.screaming.horn_break
[17:15:36] [Render thread/WARN]: Missing sound for event: minecraft:entity.generic.wind_burst
[17:15:36] [Render thread/INFO]: OpenAL initialized on device OpenAL Soft on Speakers (Razer Kraken Kitty Edition)
[17:15:36] [Render thread/INFO]: Sound engine started
[17:15:36] [Render thread/INFO]: Created: 1024x512x4 minecraft:textures/atlas/blocks.png-atlas
[17:15:36] [Render thread/INFO]: Created: 256x256x4 minecraft:textures/atlas/signs.png-atlas
[17:15:36] [Render thread/INFO]: Created: 512x512x4 minecraft:textures/atlas/banner_patterns.png-atlas
[17:15:36] [Render thread/INFO]: Created: 512x512x4 minecraft:textures/atlas/shield_patterns.png-atlas
[17:15:36] [Render thread/INFO]: Created: 1024x1024x4 minecraft:textures/atlas/armor_trims.png-atlas
[17:15:36] [Render thread/INFO]: Created: 128x64x4 minecraft:textures/atlas/decorated_pot.png-atlas
[17:15:36] [Render thread/INFO]: Created: 256x256x4 minecraft:textures/atlas/chest.png-atlas
[17:15:36] [Render thread/INFO]: Created: 512x256x4 minecraft:textures/atlas/beds.png-atlas
[17:15:36] [Render thread/INFO]: Created: 512x256x4 minecraft:textures/atlas/shulker_boxes.png-atlas
[17:15:36] [Render thread/WARN]: Shader rendertype_entity_translucent_emissive could not find sampler named Sampler2 in the specified shader program.
[17:15:36] [Render thread/INFO]: Created: 512x256x0 minecraft:textures/atlas/particles.png-atlas
[17:15:36] [Render thread/INFO]: Created: 256x256x0 minecraft:textures/atlas/paintings.png-atlas
[17:15:36] [Render thread/INFO]: Created: 128x128x0 minecraft:textures/atlas/mob_effects.png-atlas
[17:15:36] [Render thread/INFO]: Created: 1024x512x0 minecraft:textures/atlas/gui.png-atlas
[17:15:36] [Render thread/INFO]: Stopping worker threads
[17:15:36] [Render thread/INFO]: Started 6 worker threads
[17:17:43] [Render thread/INFO]: Stopping worker threads
[17:17:43] [Render thread/INFO]: Started 6 worker threads
[17:17:43] [Render thread/INFO]: Stopping worker threads
[17:17:43] [Render thread/INFO]: Started 6 worker threads
[17:17:43] [Server thread/INFO]: Saving and pausing game...
[17:17:43] [Server thread/INFO]: Saving chunks for level 'ServerLevel[Epic survival world]'/minecraft:overworld
[17:17:43] [Server thread/INFO]: Saving chunks for level 'ServerLevel[Epic survival world]'/minecraft:the_nether
[17:17:43] [Server thread/INFO]: Saving chunks for level 'ServerLevel[Epic survival world]'/minecraft:the_end
[17:17:58] [Render thread/INFO]: Stopping worker threads
[17:17:58] [Server thread/INFO]: Saving and pausing game...
[17:17:58] [Render thread/INFO]: Started 6 worker threads
[17:17:58] [Render thread/INFO]: Stopping worker threads
[17:17:58] [Render thread/INFO]: Started 6 worker threads
[17:17:58] [Server thread/INFO]: Saving chunks for level 'ServerLevel[Epic survival world]'/minecraft:overworld
[17:17:58] [Server thread/INFO]: Saving chunks for level 'ServerLevel[Epic survival world]'/minecraft:the_nether
[17:17:58] [Server thread/INFO]: Saving chunks for level 'ServerLevel[Epic survival world]'/minecraft:the_end
[17:18:53] [Render thread/INFO]: Stopping worker threads
[17:18:53] [Server thread/INFO]: Saving and pausing game...
[17:18:53] [Render thread/INFO]: Started 6 worker threads
[17:18:53] [Render thread/INFO]: Stopping worker threads
[17:18:53] [Render thread/INFO]: Started 6 worker threads
[17:18:53] [Server thread/INFO]: Saving chunks for level 'ServerLevel[Epic survival world]'/minecraft:overworld
[17:18:53] [Server thread/INFO]: Saving chunks for level 'ServerLevel[Epic survival world]'/minecraft:the_nether
[17:18:53] [Server thread/INFO]: Saving chunks for level 'ServerLevel[Epic survival world]'/minecraft:the_end
[17:20:30] [Render thread/INFO]: Loaded 730 advancements
[17:21:39] [Render thread/INFO]: Loaded 741 advancements
[17:21:40] [Render thread/INFO]: Loaded 743 advancements
[17:21:41] [Render thread/INFO]: Loaded 744 advancements
[17:22:29] [Server thread/INFO]: Saving and pausing game...
[17:22:29] [Server thread/INFO]: Saving chunks for level 'ServerLevel[Epic survival world]'/minecraft:overworld
[17:22:29] [Server thread/INFO]: Saving chunks for level 'ServerLevel[Epic survival world]'/minecraft:the_nether
[17:22:29] [Server thread/INFO]: Saving chunks for level 'ServerLevel[Epic survival world]'/minecraft:the_end
[17:23:05] [Server thread/WARN]: Mismatch in destroy block pos: class_2338{x=1721, y=79, z=54} class_2338{x=1722, y=78, z=54}
[17:23:05] [Server thread/WARN]: Mismatch in destroy block pos: class_2338{x=1721, y=79, z=54} class_2338{x=1722, y=78, z=54}
[17:23:05] [Server thread/WARN]: Mismatch in destroy block pos: class_2338{x=1721, y=79, z=54} class_2338{x=1722, y=78, z=54}
[17:25:26] [Render thread/INFO]: [System] [CHAT] Respawn point set
[17:29:01] [Render thread/INFO]: Loaded 745 advancements
[17:30:51] [Server thread/WARN]: Mismatch in destroy block pos: class_2338{x=1724, y=82, z=50} class_2338{x=1723, y=81, z=49}
[17:30:51] [Server thread/WARN]: Mismatch in destroy block pos: class_2338{x=1724, y=82, z=50} class_2338{x=1723, y=81, z=49}
[17:30:51] [Server thread/WARN]: Mismatch in destroy block pos: class_2338{x=1724, y=82, z=50} class_2338{x=1723, y=81, z=49}
[17:30:51] [Server thread/WARN]: Mismatch in destroy block pos: class_2338{x=1724, y=82, z=50} class_2338{x=1723, y=81, z=49}
[17:30:51] [Server thread/WARN]: Mismatch in destroy block pos: class_2338{x=1724, y=82, z=50} class_2338{x=1723, y=81, z=49}
[17:31:25] [Server thread/WARN]: Mismatch in destroy block pos: class_2338{x=1727, y=82, z=47} class_2338{x=1728, y=82, z=47}
[17:31:36] [Server thread/WARN]: Mismatch in destroy block pos: class_2338{x=1723, y=82, z=47} class_2338{x=1720, y=81, z=48}
[17:31:36] [Server thread/WARN]: Mismatch in destroy block pos: class_2338{x=1723, y=82, z=47} class_2338{x=1720, y=81, z=48}
[17:31:36] [Server thread/WARN]: Mismatch in destroy block pos: class_2338{x=1723, y=82, z=47} class_2338{x=1720, y=81, z=48}
[17:31:57] [Server thread/WARN]: Mismatch in destroy block pos: class_2338{x=1717, y=79, z=51} class_2338{x=1718, y=80, z=51}
[17:31:58] [Server thread/WARN]: Mismatch in destroy block pos: class_2338{x=1717, y=79, z=51} class_2338{x=1718, y=80, z=51}
[17:34:48] [Server thread/WARN]: Mismatch in destroy block pos: class_2338{x=1725, y=73, z=67} class_2338{x=1724, y=72, z=67}
[17:36:55] [Server thread/WARN]: Mismatch in destroy block pos: class_2338{x=1726, y=79, z=46} class_2338{x=1720, y=79, z=46}
[17:36:55] [Server thread/WARN]: Mismatch in destroy block pos: class_2338{x=1726, y=79, z=46} class_2338{x=1720, y=79, z=46}
[17:36:55] [Server thread/WARN]: Mismatch in destroy block pos: class_2338{x=1726, y=79, z=46} class_2338{x=1720, y=79, z=46}
[17:36:55] [Server thread/WARN]: Mismatch in destroy block pos: class_2338{x=1726, y=79, z=46} class_2338{x=1720, y=79, z=46}
[17:37:03] [Render thread/INFO]: [System] [CHAT] Respawn point set
[17:43:20] [Render thread/INFO]: Stopping worker threads
[17:43:20] [Render thread/INFO]: Started 6 worker threads
[17:43:20] [Render thread/INFO]: Stopping worker threads
[17:43:20] [Render thread/INFO]: Started 6 worker threads
[17:43:20] [Server thread/INFO]: Saving and pausing game...
[17:43:20] [Server thread/INFO]: Saving chunks for level 'ServerLevel[Epic survival world]'/minecraft:overworld
[17:43:20] [Server thread/INFO]: Saving chunks for level 'ServerLevel[Epic survival world]'/minecraft:the_nether
[17:43:20] [Server thread/INFO]: Saving chunks for level 'ServerLevel[Epic survival world]'/minecraft:the_end
[17:44:06] [Render thread/INFO]: Stopping worker threads
[17:44:06] [Server thread/INFO]: Saving and pausing game...
[17:44:06] [Render thread/INFO]: Started 6 worker threads
[17:44:06] [Render thread/INFO]: Stopping worker threads
[17:44:06] [Render thread/INFO]: Started 6 worker threads
[17:44:06] [Server thread/INFO]: Saving chunks for level 'ServerLevel[Epic survival world]'/minecraft:overworld
[17:44:06] [Server thread/INFO]: Saving chunks for level 'ServerLevel[Epic survival world]'/minecraft:the_nether
[17:44:06] [Server thread/INFO]: Saving chunks for level 'ServerLevel[Epic survival world]'/minecraft:the_end
[17:44:10] [Render thread/INFO]: Stopping worker threads
[17:44:10] [Render thread/INFO]: Started 6 worker threads
[17:44:10] [Server thread/INFO]: Saving and pausing game...
[17:44:10] [Render thread/INFO]: Stopping worker threads
[17:44:10] [Render thread/INFO]: Started 6 worker threads
[17:44:10] [Server thread/INFO]: Saving chunks for level 'ServerLevel[Epic survival world]'/minecraft:overworld
[17:44:11] [Server thread/INFO]: Saving chunks for level 'ServerLevel[Epic survival world]'/minecraft:the_nether
[17:44:11] [Server thread/INFO]: Saving chunks for level 'ServerLevel[Epic survival world]'/minecraft:the_end
[17:44:14] [Render thread/WARN]: Received passengers for unknown entity
[17:46:13] [Render thread/INFO]: Stopping worker threads
[17:46:13] [Render thread/INFO]: Started 6 worker threads
[17:46:13] [Render thread/INFO]: Stopping worker threads
[17:46:13] [Render thread/INFO]: Started 6 worker threads
[17:47:47] [Server thread/WARN]: Mismatch in destroy block pos: class_2338{x=1731, y=75, z=44} class_2338{x=1731, y=75, z=46}
[17:55:29] [Server thread/WARN]: Mismatch in destroy block pos: class_2338{x=1733, y=69, z=68} class_2338{x=1732, y=69, z=55}
[17:55:29] [Server thread/WARN]: Mismatch in destroy block pos: class_2338{x=1733, y=69, z=68} class_2338{x=1732, y=69, z=55}
[17:55:29] [Server thread/WARN]: Mismatch in destroy block pos: class_2338{x=1733, y=69, z=68} class_2338{x=1732, y=69, z=55}
[17:55:29] [Server thread/WARN]: Mismatch in destroy block pos: class_2338{x=1733, y=69, z=68} class_2338{x=1732, y=69, z=55}
[17:55:29] [Server thread/WARN]: Mismatch in destroy block pos: class_2338{x=1733, y=69, z=68} class_2338{x=1732, y=69, z=55}
[17:57:09] [Render thread/INFO]: Stopping worker threads
[17:57:09] [Server thread/INFO]: Saving and pausing game...
[17:57:09] [Render thread/INFO]: Started 6 worker threads
[17:57:09] [Render thread/INFO]: Stopping worker threads
[17:57:09] [Render thread/INFO]: Started 6 worker threads
[17:57:09] [Server thread/INFO]: Saving chunks for level 'ServerLevel[Epic survival world]'/minecraft:overworld
[17:57:09] [Server thread/INFO]: Saving chunks for level 'ServerLevel[Epic survival world]'/minecraft:the_nether
[17:57:09] [Server thread/INFO]: Saving chunks for level 'ServerLevel[Epic survival world]'/minecraft:the_end
[17:57:14] [Render thread/WARN]: Received passengers for unknown entity
[17:57:27] [Render thread/INFO]: Stopping worker threads
[17:57:27] [Render thread/INFO]: Started 6 worker threads
[17:57:27] [Render thread/INFO]: Stopping worker threads
[17:57:27] [Render thread/INFO]: Started 6 worker threads
[17:59:34] [Render thread/INFO]: [System] [CHAT] Respawn point set
[17:59:45] [Render thread/INFO]: Loaded 749 advancements
[18:02:34] [Render thread/INFO]: Loaded 749 advancements
[18:02:42] [Render thread/INFO]: Loaded 749 advancements
[18:02:46] [Render thread/INFO]: Loaded 751 advancements
[18:06:25] [Render thread/INFO]: Loaded 751 advancements
[18:16:36] [Server thread/INFO]: Saving and pausing game...
[18:16:36] [Server thread/INFO]: Saving chunks for level 'ServerLevel[Epic survival world]'/minecraft:overworld
[18:16:36] [Server thread/INFO]: Saving chunks for level 'ServerLevel[Epic survival world]'/minecraft:the_nether
[18:16:36] [Server thread/INFO]: Saving chunks for level 'ServerLevel[Epic survival world]'/minecraft:the_end
[18:17:52] [Server thread/INFO]: Saving and pausing game...
[18:17:52] [Server thread/INFO]: Saving chunks for level 'ServerLevel[Epic survival world]'/minecraft:overworld
[18:17:52] [Server thread/INFO]: Saving chunks for level 'ServerLevel[Epic survival world]'/minecraft:the_nether
[18:17:52] [Server thread/INFO]: Saving chunks for level 'ServerLevel[Epic survival world]'/minecraft:the_end
[18:17:52] [Server thread/INFO]: 16thGarden lost connection: Disconnected
[18:17:52] [Server thread/INFO]: 16thGarden left the game
[18:17:52] [Server thread/INFO]: Stopping singleplayer server as player logged out
[18:17:52] [Server thread/INFO]: Stopping server
[18:17:52] [Server thread/INFO]: Saving players
[18:17:52] [Server thread/INFO]: Saving worlds
[18:17:52] [Server thread/INFO]: Saving chunks for level 'ServerLevel[Epic survival world]'/minecraft:overworld
[18:17:52] [Server thread/INFO]: Saving chunks for level 'ServerLevel[Epic survival world]'/minecraft:the_nether
[18:17:52] [Server thread/INFO]: Saving chunks for level 'ServerLevel[Epic survival world]'/minecraft:the_end
[18:17:52] [Server thread/INFO]: ThreadedAnvilChunkStorage (Epic survival world): All chunks are saved
[18:17:52] [Server thread/INFO]: ThreadedAnvilChunkStorage (DIM-1): All chunks are saved
[18:17:52] [Server thread/INFO]: ThreadedAnvilChunkStorage (DIM1): All chunks are saved
[18:17:52] [Server thread/INFO]: ThreadedAnvilChunkStorage: All dimensions are saved
[18:17:52] [Render thread/INFO]: Stopping worker threads
[18:17:58] [Render thread/INFO]: Stopping!
[18:17:58] [CullThread/INFO]: [STDOUT]: Shutting down culling task!
