[17:17:13] [Datafixer Bootstrap/INFO]: 192 Datafixer optimizations took 223 milliseconds
[17:17:14] [Render thread/INFO]: Environment: Environment[accountsHost=https://api.mojang.com, sessionHost=https://sessionserver.mojang.com, servicesHost=https://api.minecraftservices.com, name=PROD]
[17:17:15] [Render thread/INFO]: Setting user: 16thGarden
[17:17:15] [Render thread/ERROR]: Error parsing option value  for option Text Background Opacity: Not a boolean: ""
[17:17:15] [Render thread/INFO]: Backend library: LWJGL version 3.3.2+13
[17:17:16] [Render thread/WARN]: Pack file/coffee totem declared support for versions [16, 22] but declared main format is 9, defaulting to 9
[17:17:16] [Render thread/WARN]: Removed resource pack Faithful 32x - 1.8.9.zip from options because it is no longer compatible
[17:17:16] [Render thread/WARN]: Removed resource pack bluelavanowplsthanks.zip from options because it is no longer compatible
[17:17:16] [Render thread/WARN]: Removed resource pack prism armor from options because it is no longer compatible
[17:17:16] [Render thread/WARN]: Removed resource pack Amethyst Gemstone Sounds from options because it is no longer compatible
[17:17:16] [Render thread/WARN]: Removed resource pack Small Icons from options because it is no longer compatible
[17:17:17] [Render thread/INFO]: Reloading ResourceManager: vanilla
[17:17:17] [Worker-Main-11/INFO]: Found unifont_all_no_pua-15.0.06.hex, loading
[17:17:19] [Render thread/WARN]: Missing sound for event: minecraft:item.goat_horn.play
[17:17:19] [Render thread/WARN]: Missing sound for event: minecraft:entity.goat.screaming.horn_break
[17:17:19] [Render thread/INFO]: OpenAL initialized on device OpenAL Soft on Speakers (Razer Kraken Kitty Edition)
[17:17:19] [Render thread/INFO]: Sound engine started
[17:17:19] [Render thread/INFO]: Created: 1024x512x4 minecraft:textures/atlas/blocks.png-atlas
[17:17:19] [Render thread/INFO]: Created: 256x256x4 minecraft:textures/atlas/signs.png-atlas
[17:17:19] [Render thread/INFO]: Created: 512x512x4 minecraft:textures/atlas/shield_patterns.png-atlas
[17:17:19] [Render thread/INFO]: Created: 512x512x4 minecraft:textures/atlas/banner_patterns.png-atlas
[17:17:19] [Render thread/INFO]: Created: 1024x1024x4 minecraft:textures/atlas/armor_trims.png-atlas
[17:17:19] [Render thread/INFO]: Created: 128x64x4 minecraft:textures/atlas/decorated_pot.png-atlas
[17:17:19] [Render thread/INFO]: Created: 256x256x4 minecraft:textures/atlas/chest.png-atlas
[17:17:19] [Render thread/INFO]: Created: 512x256x4 minecraft:textures/atlas/shulker_boxes.png-atlas
[17:17:19] [Render thread/INFO]: Created: 512x256x4 minecraft:textures/atlas/beds.png-atlas
[17:17:19] [Render thread/WARN]: Shader rendertype_entity_translucent_emissive could not find sampler named Sampler2 in the specified shader program.
[17:17:19] [Render thread/INFO]: Created: 256x256x0 minecraft:textures/atlas/particles.png-atlas
[17:17:19] [Render thread/INFO]: Created: 256x256x0 minecraft:textures/atlas/paintings.png-atlas
[17:17:19] [Render thread/INFO]: Created: 128x128x0 minecraft:textures/atlas/mob_effects.png-atlas
[17:17:19] [Render thread/INFO]: Created: 1024x512x0 minecraft:textures/atlas/gui.png-atlas
[17:17:36] [Render thread/INFO]: Stopping!
