[00:00:38] [Render thread/INFO]: Loaded 221 advancements
[00:00:41] [Render thread/INFO]: Loaded 222 advancements
[00:01:48] [Server thread/INFO]: [JPGomdol: Successfully filled 365 block(s)]
[00:01:48] [Render thread/INFO]: [System] [CHAT] [JPGomdol: Successfully filled 365 block(s)]
[00:01:48] [Server thread/INFO]: [JPGomdol: Successfully filled 1693 block(s)]
[00:01:48] [Render thread/INFO]: [System] [CHAT] [JPGomdol: Successfully filled 1693 block(s)]
[00:01:48] [Server thread/INFO]: [JPGomdol: Successfully filled 1666 block(s)]
[00:01:48] [Server thread/INFO]: [JPGomdol: Successfully filled 560 block(s)]
[00:01:48] [Render thread/INFO]: [System] [CHAT] [JPGomdol: Successfully filled 1666 block(s)]
[00:01:48] [Render thread/INFO]: [System] [CHAT] [JPGomdol: Successfully filled 560 block(s)]
[00:01:48] [Server thread/INFO]: [JPGomdol: Successfully filled 4564 block(s)]
[00:01:48] [Render thread/INFO]: [System] [CHAT] [JPGomdol: Successfully filled 4564 block(s)]
[00:01:48] [Server thread/INFO]: [JPGomdol: Successfully filled 912 block(s)]
[00:01:48] [Render thread/INFO]: [System] [CHAT] [JPGomdol: Successfully filled 912 block(s)]
[00:01:48] [Server thread/INFO]: [JPGomdol: Successfully filled 1432 block(s)]
[00:01:48] [Server thread/INFO]: [JPGomdol: Successfully filled 2400 block(s)]
[00:01:48] [Server thread/INFO]: [JPGomdol: Successfully filled 513 block(s)]
[00:01:48] [Render thread/INFO]: [System] [CHAT] [JPGomdol: Successfully filled 1432 block(s)]
[00:01:48] [Render thread/INFO]: [System] [CHAT] [JPGomdol: Successfully filled 2400 block(s)]
[00:01:48] [Render thread/INFO]: [System] [CHAT] [JPGomdol: Successfully filled 513 block(s)]
[00:02:06] [Server thread/INFO]: [JPGomdol: Successfully filled 13 block(s)]
[00:02:06] [Server thread/INFO]: [JPGomdol: Successfully filled 66 block(s)]
[00:02:06] [Render thread/INFO]: [System] [CHAT] [JPGomdol: Successfully filled 13 block(s)]
[00:02:06] [Render thread/INFO]: [System] [CHAT] [JPGomdol: Successfully filled 66 block(s)]
[00:02:06] [Server thread/INFO]: [JPGomdol: Successfully filled 201 block(s)]
[00:02:06] [Render thread/INFO]: [System] [CHAT] [JPGomdol: Successfully filled 201 block(s)]
[00:02:06] [Server thread/INFO]: [JPGomdol: Successfully filled 1041 block(s)]
[00:02:06] [Server thread/INFO]: [JPGomdol: Successfully filled 167 block(s)]
[00:02:06] [Render thread/INFO]: [System] [CHAT] [JPGomdol: Successfully filled 1041 block(s)]
[00:02:06] [Render thread/INFO]: [System] [CHAT] [JPGomdol: Successfully filled 167 block(s)]
[00:02:06] [Server thread/INFO]: [JPGomdol: Successfully filled 597 block(s)]
[00:02:06] [Render thread/INFO]: [System] [CHAT] [JPGomdol: Successfully filled 597 block(s)]
[00:02:33] [Server thread/INFO]: [JPGomdol: Successfully filled 130 block(s)]
[00:02:33] [Server thread/INFO]: [JPGomdol: Successfully filled 28 block(s)]
[00:02:33] [Server thread/INFO]: [JPGomdol: Successfully filled 44 block(s)]
[00:02:33] [Server thread/INFO]: [JPGomdol: Successfully filled 335 block(s)]
[00:02:33] [Render thread/INFO]: [System] [CHAT] [JPGomdol: Successfully filled 130 block(s)]
[00:02:33] [Render thread/INFO]: [System] [CHAT] [JPGomdol: Successfully filled 28 block(s)]
[00:02:33] [Render thread/INFO]: [System] [CHAT] [JPGomdol: Successfully filled 44 block(s)]
[00:02:33] [Render thread/INFO]: [System] [CHAT] [JPGomdol: Successfully filled 335 block(s)]
[00:02:33] [Server thread/INFO]: [JPGomdol: Successfully filled 422 block(s)]
[00:02:33] [Server thread/INFO]: [JPGomdol: Successfully filled 23 block(s)]
[00:02:33] [Server thread/INFO]: [JPGomdol: Successfully filled 12 block(s)]
[00:02:33] [Server thread/INFO]: [JPGomdol: Successfully filled 126 block(s)]
[00:02:33] [Server thread/INFO]: [JPGomdol: Successfully filled 203 block(s)]
[00:02:33] [Server thread/INFO]: [JPGomdol: Successfully filled 256 block(s)]
[00:02:33] [Server thread/INFO]: [JPGomdol: Successfully filled 5 block(s)]
[00:02:33] [Server thread/INFO]: [JPGomdol: Successfully filled 57 block(s)]
[00:02:33] [Render thread/INFO]: [System] [CHAT] [JPGomdol: Successfully filled 422 block(s)]
[00:02:33] [Render thread/INFO]: [System] [CHAT] [JPGomdol: Successfully filled 23 block(s)]
[00:02:33] [Render thread/INFO]: [System] [CHAT] [JPGomdol: Successfully filled 12 block(s)]
[00:02:33] [Render thread/INFO]: [System] [CHAT] [JPGomdol: Successfully filled 126 block(s)]
[00:02:33] [Render thread/INFO]: [System] [CHAT] [JPGomdol: Successfully filled 203 block(s)]
[00:02:33] [Render thread/INFO]: [System] [CHAT] [JPGomdol: Successfully filled 256 block(s)]
[00:02:33] [Render thread/INFO]: [System] [CHAT] [JPGomdol: Successfully filled 5 block(s)]
[00:02:33] [Render thread/INFO]: [System] [CHAT] [JPGomdol: Successfully filled 57 block(s)]
[00:02:43] [Server thread/INFO]: [JPGomdol: Successfully filled 8 block(s)]
[00:02:43] [Server thread/INFO]: [JPGomdol: Successfully filled 27 block(s)]
[00:02:43] [Render thread/INFO]: [System] [CHAT] [JPGomdol: Successfully filled 8 block(s)]
[00:02:43] [Render thread/INFO]: [System] [CHAT] [JPGomdol: Successfully filled 27 block(s)]
[00:02:55] [Server thread/INFO]: [16thGarden: Set the time to 1000]
[00:02:55] [Render thread/INFO]: [System] [CHAT] Set the time to 1000
[00:03:17] [Server thread/INFO]: [JPGomdol: Successfully filled 7 block(s)]
[00:03:17] [Server thread/INFO]: [JPGomdol: Successfully filled 2 block(s)]
[00:03:17] [Render thread/INFO]: [System] [CHAT] [JPGomdol: Successfully filled 7 block(s)]
[00:03:17] [Render thread/INFO]: [System] [CHAT] [JPGomdol: Successfully filled 2 block(s)]
[00:11:44] [Render thread/INFO]: Loaded 222 advancements
[00:11:46] [Render thread/INFO]: Loaded 222 advancements
[00:12:39] [Render thread/INFO]: Loaded 223 advancements
[00:16:24] [Server thread/INFO]: [JPGomdol: Set own game mode to Spectator Mode]
[00:16:24] [Render thread/INFO]: [System] [CHAT] [JPGomdol: Set own game mode to Spectator Mode]
[00:16:41] [Server thread/INFO]: [JPGomdol: Set own game mode to Creative Mode]
[00:16:41] [Render thread/INFO]: [System] [CHAT] [JPGomdol: Set own game mode to Creative Mode]
[00:16:50] [Server thread/INFO]: [16thGarden: Applied effect Glowing to 2 targets]
[00:16:50] [Render thread/INFO]: [System] [CHAT] Applied effect Glowing to 2 targets
[00:17:11] [Server thread/INFO]: [JPGomdol: Successfully filled 466 block(s)]
[00:17:11] [Render thread/INFO]: [System] [CHAT] [JPGomdol: Successfully filled 466 block(s)]
[00:24:12] [Server thread/INFO]: [16thGarden: Removed every effect from 2 targets]
[00:24:12] [Render thread/INFO]: [System] [CHAT] Removed every effect from 2 targets
[00:26:07] [Server thread/INFO]: [JPGomdol: Teleported JPGomdol to 16thGarden]
[00:26:07] [Render thread/INFO]: [System] [CHAT] [JPGomdol: Teleported JPGomdol to 16thGarden]
[00:26:55] [Render thread/INFO]: Loaded 224 advancements
[00:31:10] [Render thread/ERROR]: ClientCosmeticCheckoutPacket did give an expected response
[00:31:17] [Render thread/ERROR]: ClientCheckoutCosmeticsPacket did not give a successful response
[00:31:36] [Essential Thread 5/ERROR]: Error loading capes from Mojang:
java.lang.NullPointerException: Cannot invoke "java.lang.Iterable.iterator()" because "<local8>" is null
	at gg.essential.network.cosmetics.cape.CapeCosmeticsManager.fetchCapes(CapeCosmeticsManager.kt:39) ~[Essential%20(fabric_1.20.4).jar:?]
	at gg.essential.network.cosmetics.cape.CapeCosmeticsManager.unlockMissingCapes(CapeCosmeticsManager.kt:124) ~[Essential%20(fabric_1.20.4).jar:?]
	at gg.essential.network.cosmetics.cape.CapeCosmeticsManager.unlockMissingCapesAsync$lambda$7(CapeCosmeticsManager.kt:79) ~[Essential%20(fabric_1.20.4).jar:?]
	at java.util.concurrent.Executors$RunnableAdapter.call(Executors.java:539) ~[?:?]
	at java.util.concurrent.FutureTask.run(FutureTask.java:264) ~[?:?]
	at java.util.concurrent.ScheduledThreadPoolExecutor$ScheduledFutureTask.run(ScheduledThreadPoolExecutor.java:304) ~[?:?]
	at java.util.concurrent.ThreadPoolExecutor.runWorker(ThreadPoolExecutor.java:1136) ~[?:?]
	at java.util.concurrent.ThreadPoolExecutor$Worker.run(ThreadPoolExecutor.java:635) ~[?:?]
	at java.lang.Thread.run(Thread.java:833) ~[?:?]
[00:37:02] [Server thread/INFO]: [16thGarden: Teleported JPGomdol to 0.500000, 0.000000, 0.500000]
[00:37:02] [Render thread/INFO]: [System] [CHAT] Teleported JPGomdol to 0.500000, 0.000000, 0.500000
[00:37:14] [Server thread/INFO]: [JPGomdol: Set own game mode to Spectator Mode]
[00:37:14] [Render thread/INFO]: [System] [CHAT] [JPGomdol: Set own game mode to Spectator Mode]
[00:37:30] [Server thread/INFO]: [16thGarden: Teleported JPGomdol to 16thGarden]
[00:37:30] [Render thread/INFO]: [System] [CHAT] Teleported JPGomdol to 16thGarden
[00:37:41] [Server thread/INFO]: [JPGomdol: Set own game mode to Creative Mode]
[00:37:41] [Render thread/INFO]: [System] [CHAT] [JPGomdol: Set own game mode to Creative Mode]
[00:38:06] [Render thread/INFO]: Loaded 225 advancements
[00:44:02] [Render thread/INFO]: Loaded 225 advancements
[00:44:07] [Render thread/INFO]: [System] [CHAT] Unknown or incomplete command, see below for error
[00:44:07] [Render thread/INFO]: [System] [CHAT] ... 94 77 408<--[HERE]
[00:44:15] [Server thread/INFO]: [16thGarden: Successfully filled 90 block(s)]
[00:44:15] [Render thread/INFO]: [System] [CHAT] Successfully filled 90 block(s)
[00:44:26] [Server thread/INFO]: [16thGarden: Summoned new Lightning Bolt]
[00:44:26] [Render thread/INFO]: [System] [CHAT] Summoned new Lightning Bolt
[00:44:27] [Server thread/INFO]: [16thGarden: Summoned new Lightning Bolt]
[00:44:27] [Render thread/INFO]: [System] [CHAT] Summoned new Lightning Bolt
[00:44:39] [Server thread/INFO]: [16thGarden: Teleported JPGomdol to 16thGarden]
[00:44:39] [Render thread/INFO]: [System] [CHAT] Teleported JPGomdol to 16thGarden
[00:44:42] [Server thread/INFO]: [16thGarden: Summoned new Lightning Bolt]
[00:44:42] [Render thread/INFO]: [System] [CHAT] Summoned new Lightning Bolt
[00:44:44] [Server thread/INFO]: [16thGarden: Summoned new Lightning Bolt]
[00:44:44] [Render thread/INFO]: [System] [CHAT] Summoned new Lightning Bolt
[00:44:52] [Server thread/INFO]: [16thGarden: Summoned new Lightning Bolt]
[00:44:52] [Render thread/INFO]: [System] [CHAT] Summoned new Lightning Bolt
[00:44:56] [Server thread/INFO]: [16thGarden: Summoned new Lightning Bolt]
[00:44:56] [Render thread/INFO]: [System] [CHAT] Summoned new Lightning Bolt
[00:44:58] [Server thread/INFO]: [16thGarden: Summoned new Lightning Bolt]
[00:44:58] [Render thread/INFO]: [System] [CHAT] Summoned new Lightning Bolt
[00:45:10] [Server thread/INFO]: [16thGarden: Summoned new Lightning Bolt]
[00:45:10] [Render thread/INFO]: [System] [CHAT] Summoned new Lightning Bolt
[00:45:12] [Server thread/INFO]: [16thGarden: Summoned new Lightning Bolt]
[00:45:12] [Render thread/INFO]: [System] [CHAT] Summoned new Lightning Bolt
[00:45:14] [Server thread/INFO]: [16thGarden: Summoned new Lightning Bolt]
[00:45:14] [Render thread/INFO]: [System] [CHAT] Summoned new Lightning Bolt
[00:45:17] [Server thread/INFO]: [16thGarden: Summoned new Lightning Bolt]
[00:45:17] [Render thread/INFO]: [System] [CHAT] Summoned new Lightning Bolt
[00:45:30] [Server thread/INFO]: [16thGarden: Successfully filled 90 block(s)]
[00:45:30] [Render thread/INFO]: [System] [CHAT] Successfully filled 90 block(s)
[00:45:35] [Server thread/INFO]: [16thGarden: Summoned new Lightning Bolt]
[00:45:35] [Render thread/INFO]: [System] [CHAT] Summoned new Lightning Bolt
[00:45:37] [Server thread/INFO]: [16thGarden: Summoned new Lightning Bolt]
[00:45:37] [Render thread/INFO]: [System] [CHAT] Summoned new Lightning Bolt
[00:45:40] [Server thread/INFO]: [16thGarden: Set own game mode to Survival Mode]
[00:45:40] [Render thread/INFO]: [System] [CHAT] Set own game mode to Survival Mode
[00:45:44] [Server thread/INFO]: [16thGarden: Set JPGomdol's game mode to Survival Mode]
[00:45:44] [Render thread/INFO]: [System] [CHAT] Set JPGomdol's game mode to Survival Mode
[00:45:46] [Server thread/INFO]: [16thGarden: Summoned new Lightning Bolt]
[00:45:46] [Render thread/INFO]: [System] [CHAT] Summoned new Lightning Bolt
[00:45:50] [Server thread/INFO]: [16thGarden: Summoned new Lightning Bolt]
[00:45:50] [Render thread/INFO]: [System] [CHAT] Summoned new Lightning Bolt
[00:46:18] [Server thread/INFO]: [16thGarden: Set the weather to rain & thunder]
[00:46:18] [Render thread/INFO]: [System] [CHAT] Set the weather to rain & thunder
[00:46:28] [Server thread/INFO]: [16thGarden: Set own game mode to Creative Mode]
[00:46:28] [Server thread/INFO]: [16thGarden: Set JPGomdol's game mode to Creative Mode]
[00:46:28] [Render thread/INFO]: [System] [CHAT] Set own game mode to Creative Mode
[00:46:28] [Render thread/INFO]: [System] [CHAT] Set JPGomdol's game mode to Creative Mode
[00:47:45] [Server thread/INFO]: JPGomdol has made the advancement [A Throwaway Joke]
[00:47:45] [Render thread/INFO]: [System] [CHAT] JPGomdol has made the advancement [A Throwaway Joke]
[00:48:08] [Server thread/INFO]: [16thGarden: Summoned new Lightning Bolt]
[00:48:08] [Render thread/INFO]: [System] [CHAT] Summoned new Lightning Bolt
[00:48:10] [Server thread/INFO]: [16thGarden: Summoned new Lightning Bolt]
[00:48:10] [Render thread/INFO]: [System] [CHAT] Summoned new Lightning Bolt
[00:49:25] [Server thread/INFO]: JPGomdol has made the advancement [Monster Hunter]
[00:49:25] [Render thread/INFO]: [System] [CHAT] JPGomdol has made the advancement [Monster Hunter]
[00:49:36] [Server thread/INFO]: 16thGarden has made the advancement [A Throwaway Joke]
[00:49:36] [Render thread/INFO]: [System] [CHAT] 16thGarden has made the advancement [A Throwaway Joke]
[00:49:36] [Render thread/INFO]: Loaded 226 advancements
[00:49:53] [Render thread/INFO]: Loaded 228 advancements
[00:49:59] [Render thread/INFO]: [System] [CHAT] Unknown or incomplete command, see below for error
[00:49:59] [Render thread/INFO]: [System] [CHAT] ...102 77 417<--[HERE]
[00:50:06] [Server thread/INFO]: [16thGarden: Successfully filled 99 block(s)]
[00:50:06] [Render thread/INFO]: [System] [CHAT] Successfully filled 99 block(s)
[00:51:13] [Server thread/INFO]: [16thGarden: Gamerule doMobLoot is now set to: true]
[00:51:13] [Render thread/INFO]: [System] [CHAT] Gamerule doMobLoot is now set to: true
[00:51:38] [Server thread/INFO]: 16thGarden has made the advancement [Monster Hunter]
[00:51:38] [Render thread/INFO]: [System] [CHAT] 16thGarden has made the advancement [Monster Hunter]
[00:51:38] [Render thread/INFO]: Loaded 230 advancements
[00:55:15] [Render thread/INFO]: Loaded 230 advancements
[00:55:21] [Server thread/INFO]: [16thGarden: Teleported JPGomdol to 16thGarden]
[00:55:21] [Render thread/INFO]: [System] [CHAT] Teleported JPGomdol to 16thGarden
[00:55:39] [Server thread/INFO]: [16thGarden: Set own game mode to Survival Mode]
[00:55:39] [Server thread/INFO]: [16thGarden: Set JPGomdol's game mode to Survival Mode]
[00:55:39] [Render thread/INFO]: [System] [CHAT] Set own game mode to Survival Mode
[00:55:39] [Render thread/INFO]: [System] [CHAT] Set JPGomdol's game mode to Survival Mode
[00:56:41] [Server thread/INFO]: [16thGarden: Applied effect Regeneration to 2 targets]
[00:56:41] [Render thread/INFO]: [System] [CHAT] Applied effect Regeneration to 2 targets
[00:57:01] [Server thread/INFO]: [16thGarden: Set own game mode to Creative Mode]
[00:57:01] [Render thread/INFO]: [System] [CHAT] Set own game mode to Creative Mode
[00:57:04] [Server thread/INFO]: 16thGarden has made the advancement [Who is Cutting Onions?]
[00:57:04] [Render thread/INFO]: [System] [CHAT] 16thGarden has made the advancement [Who is Cutting Onions?]
[00:57:04] [Render thread/INFO]: Loaded 234 advancements
[00:57:15] [Server thread/INFO]: [16thGarden: Set own game mode to Survival Mode]
[00:57:15] [Render thread/INFO]: [System] [CHAT] Set own game mode to Survival Mode
[00:57:17] [Server thread/INFO]: [16thGarden: Set own game mode to Creative Mode]
[00:57:17] [Render thread/INFO]: [System] [CHAT] Set own game mode to Creative Mode
[00:57:27] [Server thread/INFO]: [16thGarden: Set own game mode to Survival Mode]
[00:57:27] [Render thread/INFO]: [System] [CHAT] Set own game mode to Survival Mode
[00:58:11] [Server thread/INFO]: [16thGarden: Set own game mode to Creative Mode]
[00:58:11] [Render thread/INFO]: [System] [CHAT] Set own game mode to Creative Mode
[00:58:37] [Server thread/INFO]: [16thGarden: Set own game mode to Survival Mode]
[00:58:37] [Render thread/INFO]: [System] [CHAT] Set own game mode to Survival Mode
[00:59:15] [Server thread/INFO]: [16thGarden: Set own game mode to Creative Mode]
[00:59:15] [Render thread/INFO]: [System] [CHAT] Set own game mode to Creative Mode
[00:59:20] [Render thread/INFO]: Loaded 235 advancements
[00:59:29] [Server thread/INFO]: [16thGarden: Set own game mode to Survival Mode]
[00:59:29] [Render thread/INFO]: [System] [CHAT] Set own game mode to Survival Mode
[00:59:40] [Server thread/INFO]: [16thGarden: Set own game mode to Creative Mode]
[00:59:40] [Render thread/INFO]: [System] [CHAT] Set own game mode to Creative Mode
[01:00:32] [Server thread/INFO]: [16thGarden: Set own game mode to Survival Mode]
[01:00:32] [Render thread/INFO]: [System] [CHAT] Set own game mode to Survival Mode
[01:02:09] [Server thread/INFO]: [16thGarden: Set own game mode to Creative Mode]
[01:02:09] [Render thread/INFO]: [System] [CHAT] Set own game mode to Creative Mode
[01:02:22] [Server thread/INFO]: [16thGarden: Set own game mode to Survival Mode]
[01:02:22] [Render thread/INFO]: [System] [CHAT] Set own game mode to Survival Mode
[01:02:40] [Server thread/INFO]: [16thGarden: Set own game mode to Creative Mode]
[01:02:40] [Render thread/INFO]: [System] [CHAT] Set own game mode to Creative Mode
[01:02:54] [Server thread/INFO]: 16thGarden has made the advancement [Ice Bucket Challenge]
[01:02:54] [Render thread/INFO]: [System] [CHAT] 16thGarden has made the advancement [Ice Bucket Challenge]
[01:02:54] [Render thread/INFO]: Loaded 242 advancements
[01:04:11] [Server thread/INFO]: [16thGarden: Set own game mode to Survival Mode]
[01:04:11] [Render thread/INFO]: [System] [CHAT] Set own game mode to Survival Mode
[01:04:47] [Server thread/INFO]: [16thGarden: Set own game mode to Creative Mode]
[01:04:47] [Render thread/INFO]: [System] [CHAT] Set own game mode to Creative Mode
[01:05:07] [Server thread/INFO]: JPGomdol fell from a high place
[01:05:07] [Render thread/INFO]: [System] [CHAT] JPGomdol fell from a high place
[01:05:15] [Render thread/INFO]: [System] [CHAT] Incorrect argument for command
[01:05:15] [Render thread/INFO]: [System] [CHAT] ... JPGomdol 16 ~<--[HERE]
[01:05:17] [Server thread/INFO]: [JPGomdol: Teleported JPGomdol to 16thGarden]
[01:05:17] [Render thread/INFO]: [System] [CHAT] [JPGomdol: Teleported JPGomdol to 16thGarden]
[01:05:17] [Server thread/WARN]: JPGomdol moved too quickly! 77.05248221366696,15.5,468.3578517420281
[01:05:18] [Server thread/INFO]: [16thGarden: Teleported JPGomdol to 16thGarden]
[01:05:18] [Render thread/INFO]: [System] [CHAT] Teleported JPGomdol to 16thGarden
[01:05:52] [Server thread/INFO]: 16thGarden has made the advancement [Cover Me with Diamonds]
[01:05:52] [Render thread/INFO]: [System] [CHAT] 16thGarden has made the advancement [Cover Me with Diamonds]
[01:05:52] [Render thread/INFO]: Loaded 245 advancements
[01:06:17] [Server thread/INFO]: JPGomdol fell from a high place
[01:06:17] [Render thread/INFO]: [System] [CHAT] JPGomdol fell from a high place
[01:06:19] [Server thread/INFO]: [16thGarden: Teleported JPGomdol to 16thGarden]
[01:06:19] [Render thread/INFO]: [System] [CHAT] Teleported JPGomdol to 16thGarden
[01:06:22] [Server thread/INFO]: JPGomdol has made the advancement [Cover Me with Diamonds]
[01:06:22] [Render thread/INFO]: [System] [CHAT] JPGomdol has made the advancement [Cover Me with Diamonds]
[01:06:47] [Server thread/INFO]: [16thGarden: Teleported JPGomdol to 16thGarden]
[01:06:47] [Render thread/INFO]: [System] [CHAT] Teleported JPGomdol to 16thGarden
[01:07:37] [Server thread/INFO]: [16thGarden: Applied effect Regeneration to JPGomdol]
[01:07:37] [Render thread/INFO]: [System] [CHAT] Applied effect Regeneration to JPGomdol
[01:07:54] [Server thread/INFO]: [16thGarden: Teleported JPGomdol to 16thGarden]
[01:07:54] [Render thread/INFO]: [System] [CHAT] Teleported JPGomdol to 16thGarden
[01:08:22] [Server thread/INFO]: [16thGarden: Applied effect Regeneration to JPGomdol]
[01:08:22] [Render thread/INFO]: [System] [CHAT] Applied effect Regeneration to JPGomdol
[01:08:36] [Server thread/INFO]: [16thGarden: Teleported JPGomdol to 16thGarden]
[01:08:36] [Render thread/INFO]: [System] [CHAT] Teleported JPGomdol to 16thGarden
[01:08:42] [Render thread/INFO]: Loaded 256 advancements
[01:08:47] [Render thread/INFO]: Loaded 257 advancements
[01:09:00] [Server thread/INFO]: 16thGarden has completed the challenge [Cover Me in Debris]
[01:09:00] [Render thread/INFO]: [System] [CHAT] 16thGarden has completed the challenge [Cover Me in Debris]
[01:09:00] [Render thread/INFO]: Loaded 259 advancements
[01:09:10] [Server thread/INFO]: JPGomdol has completed the challenge [Cover Me in Debris]
[01:09:10] [Render thread/INFO]: [System] [CHAT] JPGomdol has completed the challenge [Cover Me in Debris]
[01:09:12] [Server thread/INFO]: [16thGarden: Applied effect Regeneration to JPGomdol]
[01:09:12] [Render thread/INFO]: [System] [CHAT] Applied effect Regeneration to JPGomdol
[01:09:24] [Render thread/INFO]: Loaded 261 advancements
[01:10:08] [Server thread/INFO]: 16thGarden has made the advancement [Diamonds!]
[01:10:08] [Render thread/INFO]: [System] [CHAT] 16thGarden has made the advancement [Diamonds!]
[01:10:08] [Render thread/INFO]: Loaded 273 advancements
[01:10:13] [Server thread/INFO]: 16thGarden has made the advancement [Crafting a New Look]
[01:10:13] [Render thread/INFO]: [System] [CHAT] 16thGarden has made the advancement [Crafting a New Look]
[01:10:13] [Render thread/INFO]: Loaded 273 advancements
[01:10:45] [Server thread/INFO]: [16thGarden: Applied effect Regeneration to JPGomdol]
[01:10:45] [Render thread/INFO]: [System] [CHAT] Applied effect Regeneration to JPGomdol
[01:10:50] [Server thread/INFO]: [16thGarden: Applied effect Saturation to JPGomdol]
[01:10:50] [Render thread/INFO]: [System] [CHAT] Applied effect Saturation to JPGomdol
[01:11:07] [Server thread/INFO]: 16thGarden has made the advancement [Hot Stuff]
[01:11:07] [Render thread/INFO]: [System] [CHAT] 16thGarden has made the advancement [Hot Stuff]
[01:11:07] [Render thread/INFO]: Loaded 273 advancements
[01:12:17] [Server thread/INFO]: [16thGarden: Applied effect Regeneration to JPGomdol]
[01:12:17] [Render thread/INFO]: [System] [CHAT] Applied effect Regeneration to JPGomdol
[01:12:49] [Server thread/INFO]: [16thGarden: Applied effect Regeneration to JPGomdol]
[01:12:49] [Render thread/INFO]: [System] [CHAT] Applied effect Regeneration to JPGomdol
[01:12:51] [Server thread/INFO]: [16thGarden: Applied effect Saturation to JPGomdol]
[01:12:51] [Render thread/INFO]: [System] [CHAT] Applied effect Saturation to JPGomdol
[01:12:58] [Server thread/INFO]: JPGomdol was blown up by Creeper
[01:12:58] [Render thread/INFO]: [System] [CHAT] JPGomdol was blown up by Creeper
[01:13:07] [Server thread/INFO]: [16thGarden: Teleported JPGomdol to 16thGarden]
[01:13:07] [Render thread/INFO]: [System] [CHAT] Teleported JPGomdol to 16thGarden
[01:13:47] [Server thread/INFO]: 16thGarden has made the advancement [Hidden in the Depths]
[01:13:47] [Render thread/INFO]: [System] [CHAT] 16thGarden has made the advancement [Hidden in the Depths]
[01:13:47] [Render thread/INFO]: Loaded 276 advancements
[01:14:03] [Render thread/INFO]: Loaded 277 advancements
[01:14:16] [Render thread/INFO]: Loaded 278 advancements
[01:14:23] [Render thread/INFO]: Loaded 291 advancements
[01:14:27] [Render thread/INFO]: Loaded 292 advancements
[01:14:33] [Render thread/INFO]: Loaded 293 advancements
[01:14:57] [Render thread/INFO]: Loaded 293 advancements
[01:15:17] [Server thread/INFO]: JPGomdol has made the advancement [Hidden in the Depths]
[01:15:17] [Render thread/INFO]: [System] [CHAT] JPGomdol has made the advancement [Hidden in the Depths]
[01:15:19] [Server thread/INFO]: JPGomdol has made the advancement [Diamonds!]
[01:15:19] [Render thread/INFO]: [System] [CHAT] JPGomdol has made the advancement [Diamonds!]
[01:15:32] [Render thread/INFO]: Loaded 295 advancements
[01:16:19] [Render thread/INFO]: Loaded 306 advancements
[01:18:56] [Render thread/INFO]: Loaded 313 advancements
[01:19:18] [Server thread/INFO]: JPGomdol has made the advancement [Crafting a New Look]
[01:19:18] [Render thread/INFO]: [System] [CHAT] JPGomdol has made the advancement [Crafting a New Look]
[01:19:33] [Render thread/INFO]: Loaded 317 advancements
[01:20:28] [Server thread/INFO]: JPGomdol has made the advancement [Suit Up]
[01:20:28] [Render thread/INFO]: [System] [CHAT] JPGomdol has made the advancement [Suit Up]
[01:22:28] [Render thread/INFO]: Loaded 319 advancements
[01:23:19] [Render thread/INFO]: Reloading ResourceManager: vanilla, fabric, appleskin, cloth-config, entityculling, essential, essential-container, essential-loader, fabric-api, fabric-api-base, fabric-api-lookup-api-v1, fabric-biome-api-v1, fabric-block-api-v1, fabric-block-view-api-v2, fabric-blockrenderlayer-v1, fabric-client-tags-api-v1, fabric-command-api-v1, fabric-command-api-v2, fabric-commands-v0, fabric-containers-v0, fabric-content-registries-v0, fabric-convention-tags-v1, fabric-crash-report-info-v1, fabric-data-attachment-api-v1, fabric-data-generation-api-v1, fabric-dimensions-v1, fabric-entity-events-v1, fabric-events-interaction-v0, fabric-events-lifecycle-v0, fabric-game-rule-api-v1, fabric-item-api-v1, fabric-item-group-api-v1, fabric-key-binding-api-v1, fabric-keybindings-v0, fabric-language-kotlin, fabric-lifecycle-events-v1, fabric-loot-api-v2, fabric-message-api-v1, fabric-mining-level-api-v1, fabric-model-loading-api-v1, fabric-models-v0, fabric-networking-api-v1, fabric-object-builder-api-v1, fabric-particles-v1, fabric-recipe-api-v1, fabric-registry-sync-v0, fabric-renderer-api-v1, fabric-renderer-indigo, fabric-renderer-registries-v1, fabric-rendering-data-attachment-v1, fabric-rendering-fluids-v1, fabric-rendering-v0, fabric-rendering-v1, fabric-resource-conditions-api-v1, fabric-resource-loader-v0, fabric-screen-api-v1, fabric-screen-handler-api-v1, fabric-sound-api-v1, fabric-transfer-api-v1, fabric-transitive-access-wideners-v1, fabricloader, litematica, lithium, logical_zoom, malilib, minihud, sodium, tweakeroo, file/Faithful 32x - 1.20.4.zip, essential
[01:23:20] [Worker-Main-6/INFO]: Found unifont_all_no_pua-15.1.04.hex, loading
[01:23:21] [Render thread/WARN]: Missing sound for event: minecraft:item.goat_horn.play
[01:23:21] [Render thread/WARN]: Missing sound for event: minecraft:entity.goat.screaming.horn_break
[01:23:21] [Render thread/WARN]: Missing sound for event: minecraft:entity.generic.wind_burst
[01:23:21] [Render thread/INFO]: OpenAL initialized on device OpenAL Soft on Speakers (Razer Kraken Kitty Edition)
[01:23:21] [Render thread/INFO]: Sound engine started
[01:23:21] [Render thread/INFO]: Created: 2048x1024x4 minecraft:textures/atlas/blocks.png-atlas
[01:23:21] [Render thread/INFO]: Created: 512x512x4 minecraft:textures/atlas/signs.png-atlas
[01:23:21] [Render thread/INFO]: Created: 1024x1024x4 minecraft:textures/atlas/shield_patterns.png-atlas
[01:23:21] [Render thread/INFO]: Created: 1024x1024x4 minecraft:textures/atlas/banner_patterns.png-atlas
[01:23:21] [Render thread/INFO]: Created: 2048x2048x4 minecraft:textures/atlas/armor_trims.png-atlas
[01:23:21] [Render thread/INFO]: Created: 512x512x4 minecraft:textures/atlas/chest.png-atlas
[01:23:21] [Render thread/INFO]: Created: 256x128x4 minecraft:textures/atlas/decorated_pot.png-atlas
[01:23:21] [Render thread/INFO]: Created: 1024x512x4 minecraft:textures/atlas/shulker_boxes.png-atlas
[01:23:21] [Render thread/INFO]: Created: 1024x512x4 minecraft:textures/atlas/beds.png-atlas
[01:23:21] [Render thread/WARN]: Shader rendertype_entity_translucent_emissive could not find sampler named Sampler2 in the specified shader program.
[01:23:22] [Render thread/INFO]: Created: 1024x512x0 minecraft:textures/atlas/particles.png-atlas
[01:23:22] [Render thread/INFO]: Created: 512x512x0 minecraft:textures/atlas/paintings.png-atlas
[01:23:22] [Render thread/INFO]: Created: 256x256x0 minecraft:textures/atlas/mob_effects.png-atlas
[01:23:22] [Render thread/INFO]: Created: 2048x1024x0 minecraft:textures/atlas/gui.png-atlas
[01:23:22] [Render thread/INFO]: Stopping worker threads
[01:23:22] [Render thread/INFO]: Started 6 worker threads
[01:24:31] [Server thread/INFO]: JPGomdol was slain by 16thGarden
[01:24:31] [Render thread/INFO]: [System] [CHAT] JPGomdol was slain by 16thGarden
[01:24:33] [Server thread/INFO]: 16thGarden has made the advancement [Suit Up]
[01:24:33] [Render thread/INFO]: [System] [CHAT] 16thGarden has made the advancement [Suit Up]
[01:24:33] [Render thread/INFO]: Loaded 324 advancements
[01:24:36] [Render thread/INFO]: Loaded 327 advancements
[01:24:36] [Render thread/INFO]: Loaded 334 advancements
[01:24:36] [Render thread/INFO]: Loaded 340 advancements
[01:24:48] [Server thread/WARN]: JPGomdol moved too quickly! -22.80000001192093,12.0,-367.57499998807907
[01:24:55] [Server thread/INFO]: [16thGarden: Teleported JPGomdol to 16thGarden]
[01:24:55] [Render thread/INFO]: [System] [CHAT] Teleported JPGomdol to 16thGarden
[01:27:14] [Server thread/INFO]: [16thGarden: Set the weather to clear]
[01:27:14] [Render thread/INFO]: [System] [CHAT] Set the weather to clear
[01:27:16] [netty<-quic (61018961-61e4-4419-bf8b-17044e487000)/INFO]: Closing.
[01:27:16] [Netty Server IO ICE #2/INFO]: 61018961-61e4-4419-bf8b-17044e487000 channel inactive, closing.
[01:27:16] [netty->quic (61018961-61e4-4419-bf8b-17044e487000)/INFO]: Closing.
[01:27:16] [Netty Server IO ICE #2/INFO]: 61018961-61e4-4419-bf8b-17044e487000 closing QUIC.
[01:27:16] [Netty Server IO ICE #2/INFO]: 61018961-61e4-4419-bf8b-17044e487000 closed.
[01:27:16] [Server thread/INFO]: JPGomdol lost connection: Disconnected
[01:27:16] [Server thread/INFO]: JPGomdol left the game
[01:27:16] [Render thread/INFO]: [System] [CHAT] JPGomdol left the game
[01:27:21] [Essential Thread 6/INFO]: Closing.
[01:27:38] [Render thread/WARN]: Unable to play empty soundEvent: minecraft:entity.salmon.ambient
[09:04:57] [WebSocketConnectReadThread-150/INFO]: Closed connection to Essential Connection Manager (code=1006, reason=, remote=true), connection was open for 46750354ms
[09:05:30] [WebSocketConnectReadThread-678/INFO]: Opened connection to Essential ConnectionManager (code=101, message=Switching Protocols)
[09:05:30] [Essential Thread 6/INFO]: Essential Connection Manager connection established.
[13:51:19] [Server thread/INFO]: [16thGarden: Set own game mode to Survival Mode]
[13:51:19] [Render thread/INFO]: [System] [CHAT] Set own game mode to Survival Mode
[13:51:35] [Server thread/INFO]: [16thGarden: Set own game mode to Creative Mode]
[13:51:35] [Render thread/INFO]: [System] [CHAT] Set own game mode to Creative Mode
[13:51:39] [Render thread/WARN]: Unable to play empty soundEvent: minecraft:entity.cod.ambient
[13:52:47] [Server thread/INFO]: [16thGarden: Applied effect Invisibility to 16thGarden]
[13:52:47] [Render thread/INFO]: [System] [CHAT] Applied effect Invisibility to 16thGarden
[13:52:49] [Server thread/INFO]: [16thGarden: Applied effect Invisibility to 16thGarden]
[13:52:49] [Render thread/INFO]: [System] [CHAT] Applied effect Invisibility to 16thGarden
[13:53:03] [Server thread/INFO]: [16thGarden: Removed every effect from 16thGarden]
[13:53:03] [Render thread/INFO]: [System] [CHAT] Removed every effect from 16thGarden
[13:54:33] [Server thread/INFO]: 16thGarden lost connection: Disconnected
[13:54:33] [Server thread/INFO]: 16thGarden left the game
[13:54:33] [Server thread/INFO]: Stopping singleplayer server as player logged out
[13:54:33] [Server thread/INFO]: Stopping server
[13:54:33] [Server thread/INFO]: Saving players
[13:54:33] [Server thread/INFO]: Saving worlds
[13:54:33] [Server thread/INFO]: Saving chunks for level 'ServerLevel[world]'/minecraft:overworld
[13:54:33] [Server thread/INFO]: Saving chunks for level 'ServerLevel[world]'/minecraft:the_end
[13:54:33] [Server thread/INFO]: Saving chunks for level 'ServerLevel[world]'/minecraft:the_nether
[13:54:33] [Server thread/INFO]: ThreadedAnvilChunkStorage (300 days 6): All chunks are saved
[13:54:33] [Server thread/INFO]: ThreadedAnvilChunkStorage (DIM1): All chunks are saved
[13:54:33] [Server thread/INFO]: ThreadedAnvilChunkStorage (DIM-1): All chunks are saved
[13:54:33] [Server thread/INFO]: ThreadedAnvilChunkStorage: All dimensions are saved
[13:54:33] [Render thread/INFO]: Stopping worker threads
[13:54:34] [Render thread/INFO]: Stopping!
[13:54:34] [CullThread/INFO]: [STDOUT]: Shutting down culling task!
