[16:36:17] [main/INFO]: Loading Minecraft 1.20.4 with Fabric Loader 0.15.7
[16:36:17] [main/INFO]: Loading 72 mods:
	- advanced-xray-fabric 84.0.0
	- appleskin 2.5.1+mc1.20.3
	   \-- cloth-config 13.0.114
	        \-- cloth-basic-math 0.6.1
	- carpet 1.4.128+v231205
	- entityculling 1.6.3.1
	- essential-container 1.0.0
	   \-- essential-loader 1.2.1
	- fabric-api 0.96.4+1.20.4
	   |-- fabric-api-base 0.4.36+78d798af4f
	   |-- fabric-api-lookup-api-v1 1.6.49+82b1bb3e4f
	   |-- fabric-biome-api-v1 13.0.16+78d798af4f
	   |-- fabric-block-api-v1 1.0.16+3e2216cb4f
	   |-- fabric-block-view-api-v2 1.0.4+78d798af4f
	   |-- fabric-blockrenderlayer-v1 1.1.46+78d798af4f
	   |-- fabric-client-tags-api-v1 1.1.7+78d798af4f
	   |-- fabric-command-api-v1 1.2.41+f71b366f4f
	   |-- fabric-command-api-v2 2.2.20+78d798af4f
	   |-- fabric-commands-v0 0.2.58+df3654b34f
	   |-- fabric-containers-v0 0.1.86+df3654b34f
	   |-- fabric-content-registries-v0 5.0.14+78d798af4f
	   |-- fabric-convention-tags-v1 1.5.10+78d798af4f
	   |-- fabric-crash-report-info-v1 0.2.23+78d798af4f
	   |-- fabric-data-attachment-api-v1 1.1.3+b90db5744f
	   |-- fabric-data-generation-api-v1 13.2.3+5c0133444f
	   |-- fabric-dimensions-v1 2.1.61+78d798af4f
	   |-- fabric-entity-events-v1 1.6.1+09fc25014f
	   |-- fabric-events-interaction-v0 0.7.1+389931eb4f
	   |-- fabric-events-lifecycle-v0 0.2.74+df3654b34f
	   |-- fabric-game-rule-api-v1 1.0.46+78d798af4f
	   |-- fabric-item-api-v1 2.2.0+d6f2b0844f
	   |-- fabric-item-group-api-v1 4.0.25+58f8c0124f
	   |-- fabric-key-binding-api-v1 1.0.41+78d798af4f
	   |-- fabric-keybindings-v0 0.2.39+df3654b34f
	   |-- fabric-lifecycle-events-v1 2.3.0+a67ffb5d4f
	   |-- fabric-loot-api-v2 2.1.8+78d798af4f
	   |-- fabric-message-api-v1 6.0.5+78d798af4f
	   |-- fabric-mining-level-api-v1 2.1.64+78d798af4f
	   |-- fabric-model-loading-api-v1 1.0.8+78d798af4f
	   |-- fabric-models-v0 0.4.7+9386d8a74f
	   |-- fabric-networking-api-v1 3.1.7+2e5ac5484f
	   |-- fabric-object-builder-api-v1 13.0.13+080016e44f
	   |-- fabric-particles-v1 1.1.7+78d798af4f
	   |-- fabric-recipe-api-v1 2.0.20+78d798af4f
	   |-- fabric-registry-sync-v0 4.0.19+58f8c0124f
	   |-- fabric-renderer-api-v1 3.2.4+78d798af4f
	   |-- fabric-renderer-indigo 1.5.4+78d798af4f
	   |-- fabric-renderer-registries-v1 3.2.53+df3654b34f
	   |-- fabric-rendering-data-attachment-v1 0.3.42+73761d2e4f
	   |-- fabric-rendering-fluids-v1 3.1.1+e761c6694f
	   |-- fabric-rendering-v0 1.1.56+df3654b34f
	   |-- fabric-rendering-v1 3.2.0+6fd945a04f
	   |-- fabric-resource-conditions-api-v1 2.3.14+78d798af4f
	   |-- fabric-resource-loader-v0 0.11.19+58f8c0124f
	   |-- fabric-screen-api-v1 2.0.17+78d798af4f
	   |-- fabric-screen-handler-api-v1 1.3.55+78d798af4f
	   |-- fabric-sound-api-v1 1.0.17+78d798af4f
	   |-- fabric-transfer-api-v1 4.0.11+e84342304f
	   \-- fabric-transitive-access-wideners-v1 5.0.14+78d798af4f
	- fabricloader 0.15.7
	   \-- mixinextras 0.3.5
	- java 17
	- litematica 0.17.0
	- lithium 0.12.1
	- logical_zoom 0.0.22
	- malilib 0.18.1
	- minecraft 1.20.4
	- minihud 0.30.2
	- nvidium 0.2.6-beta
	- rebind_narrator 2.0.2
	- sodium 0.5.8+mc1.20.4
	- tweakeroo 0.19.2
[16:36:17] [main/INFO]: SpongePowered MIXIN Subsystem Version=0.8.5 Source=file:/C:/Users/Miguel%20Leyesa/AppData/Roaming/.minecraft/libraries/net/fabricmc/sponge-mixin/0.12.5+mixin.0.8.5/sponge-mixin-0.12.5+mixin.0.8.5.jar Service=Knot/Fabric Env=CLIENT
[16:36:17] [main/INFO]: Compatibility level set to JAVA_17
[16:36:18] [main/INFO]: Loaded configuration file for Lithium: 129 options available, 0 override(s) found
[16:36:18] [main/INFO]: Loaded configuration file for Sodium: 42 options available, 0 override(s) found
[16:36:20] [main/INFO]: Starting Essential Loader (stage2) version 1.4.1+fabric-1.20.4 (9cbd42842e1a0f4db9463ba79962010f) [stable]
[16:36:21] [main/INFO]: Starting Essential v1.3.1.2 (#7ed10f42d2) [stable]
[16:36:21] [main/INFO]: Java: OpenJDK 64-Bit Server VM (v17.0.8) by Microsoft (Microsoft)
[16:36:21] [main/INFO]: Java Path: C:\Users\Miguel Leyesa\AppData\Local\Packages\Microsoft.4297127D64EC6_8wekyb3d8bbwe\LocalCache\Local\runtime\java-runtime-gamma\windows-x64\java-runtime-gamma\bin
[16:36:21] [main/INFO]: Java Info: mixed mode
[16:36:21] [main/INFO]: JVM Arguments: 
  - -XX:HeapDumpPath=MojangTricksIntelDriversForPerformance_javaw.exe_minecraft.exe.heapdump
  - -Djava.library.path=C:\Users\Miguel Leyesa\AppData\Roaming\.minecraft\bin\cc9d3839148d498f98557594755fb8ae999dc26b
  - -Djna.tmpdir=C:\Users\Miguel Leyesa\AppData\Roaming\.minecraft\bin\cc9d3839148d498f98557594755fb8ae999dc26b
  - -Dorg.lwjgl.system.SharedLibraryExtractPath=C:\Users\Miguel Leyesa\AppData\Roaming\.minecraft\bin\cc9d3839148d498f98557594755fb8ae999dc26b
  - -Dio.netty.native.workdir=C:\Users\Miguel Leyesa\AppData\Roaming\.minecraft\bin\cc9d3839148d498f98557594755fb8ae999dc26b
  - -Dminecraft.launcher.brand=minecraft-launcher
  - -Dminecraft.launcher.version=2.20.2
  - -DFabricMcEmu= net.minecraft.client.main.Main 
  - -Xmx4G
  - -XX:+UnlockExperimentalVMOptions
  - -XX:+UseG1GC
  - -XX:G1NewSizePercent=20
  - -XX:G1ReservePercent=20
  - -XX:MaxGCPauseMillis=50
  - -XX:G1HeapRegionSize=32M
  - -Dlog4j.configurationFile=C:\Users\Miguel Leyesa\AppData\Roaming\.minecraft\assets\log_configs\client-1.12.xml
[16:36:21] [main/INFO]: OS: Windows 11 (v10.0) (Arch: amd64)
[16:36:21] [main/INFO]: Searching for graphics cards...
[16:36:21] [main/INFO]: Initializing MixinExtras via com.llamalad7.mixinextras.service.MixinExtrasServiceImpl(version=0.3.5).
[16:36:22] [main/INFO]: Found graphics card: GraphicsAdapterInfo[vendor=NVIDIA, name=NVIDIA GeForce RTX 3050 Laptop GPU, version=DriverVersion=31.0.15.4629]
[16:36:22] [main/INFO]: Found graphics card: GraphicsAdapterInfo[vendor=INTEL, name=Intel(R) UHD Graphics, version=DriverVersion=30.0.100.9864]
[16:36:22] [main/WARN]: Sodium has applied one or more workarounds to prevent crashes or other issues on your system: [NVIDIA_THREADED_OPTIMIZATIONS]
[16:36:22] [main/WARN]: This is not necessarily an issue, but it may result in certain features or optimizations being disabled. You can sometimes fix these issues by upgrading your graphics driver.
[16:36:26] [main/WARN]: @ModifyConstant conflict. Skipping mixins.tweakeroo.json:MixinStructureBlockBlockEntity from mod tweakeroo->@ModifyConstant::overrideMaxSize(I)I with priority 999, already redirected by carpet.mixins.json:StructureBlockEntity_limitsMixin from mod carpet->@ModifyConstant::negativeLimit(I)I with priority 1000
[16:36:26] [main/WARN]: @ModifyConstant conflict. Skipping mixins.tweakeroo.json:MixinStructureBlockBlockEntity from mod tweakeroo->@ModifyConstant::overrideMaxSize(I)I with priority 999, already redirected by carpet.mixins.json:StructureBlockEntity_limitsMixin from mod carpet->@ModifyConstant::positiveLimit(I)I with priority 1000
[16:36:26] [main/WARN]: @ModifyConstant conflict. Skipping mixins.tweakeroo.json:MixinStructureBlockBlockEntity from mod tweakeroo->@ModifyConstant::overrideMaxSize(I)I with priority 999, already redirected by carpet.mixins.json:StructureBlockEntity_limitsMixin from mod carpet->@ModifyConstant::negativeLimit(I)I with priority 1000
[16:36:26] [main/WARN]: @ModifyConstant conflict. Skipping mixins.tweakeroo.json:MixinStructureBlockBlockEntity from mod tweakeroo->@ModifyConstant::overrideMaxSize(I)I with priority 999, already redirected by carpet.mixins.json:StructureBlockEntity_limitsMixin from mod carpet->@ModifyConstant::positiveLimit(I)I with priority 1000
[16:36:26] [main/WARN]: @ModifyConstant conflict. Skipping mixins.tweakeroo.json:MixinStructureBlockBlockEntity from mod tweakeroo->@ModifyConstant::overrideMaxSize(I)I with priority 999, already redirected by carpet.mixins.json:StructureBlockEntity_limitsMixin from mod carpet->@ModifyConstant::negativeLimit(I)I with priority 1000
[16:36:26] [main/WARN]: @ModifyConstant conflict. Skipping mixins.tweakeroo.json:MixinStructureBlockBlockEntity from mod tweakeroo->@ModifyConstant::overrideMaxSize(I)I with priority 999, already redirected by carpet.mixins.json:StructureBlockEntity_limitsMixin from mod carpet->@ModifyConstant::positiveLimit(I)I with priority 1000
[16:36:26] [main/WARN]: @ModifyConstant conflict. Skipping mixins.tweakeroo.json:MixinStructureBlockBlockEntity from mod tweakeroo->@ModifyConstant::overrideMaxSize(I)I with priority 999, already redirected by carpet.mixins.json:StructureBlockEntity_limitsMixin from mod carpet->@ModifyConstant::positiveLimit(I)I with priority 1000
[16:36:26] [main/WARN]: @ModifyConstant conflict. Skipping mixins.tweakeroo.json:MixinStructureBlockBlockEntity from mod tweakeroo->@ModifyConstant::overrideMaxSize(I)I with priority 999, already redirected by carpet.mixins.json:StructureBlockEntity_limitsMixin from mod carpet->@ModifyConstant::positiveLimit(I)I with priority 1000
[16:36:26] [main/WARN]: @ModifyConstant conflict. Skipping mixins.tweakeroo.json:MixinStructureBlockBlockEntity from mod tweakeroo->@ModifyConstant::overrideMaxSize(I)I with priority 999, already redirected by carpet.mixins.json:StructureBlockEntity_limitsMixin from mod carpet->@ModifyConstant::positiveLimit(I)I with priority 1000
[16:36:29] [Datafixer Bootstrap/INFO]: 198 Datafixer optimizations took 498 milliseconds
[16:36:32] [Render thread/INFO]: Environment: Environment[sessionHost=https://sessionserver.mojang.com, servicesHost=https://api.minecraftservices.com, name=PROD]
[16:36:32] [Render thread/INFO]: Setting user: 16thGarden
[16:36:33] [Render thread/INFO]: Starting DI!
[16:36:33] [Render thread/INFO]: Authenticating to Mojang as 16thGarden (dc0548c7-2c22-450e-91f5-2a17cfde2a12)
[16:36:33] [DefaultDispatcher-worker-1/INFO]: Connecting to Essential Connection Manager...
[16:36:34] [DefaultDispatcher-worker-1/INFO]: Using Default JreDnsResolver
[16:36:34] [DefaultDispatcher-worker-1/INFO]: Using Default JreSocketFactory
[16:36:34] [Render thread/INFO]: XRay mod has been initialized
[16:36:34] [Render thread/INFO]: [Indigo] Different rendering plugin detected; not applying Indigo.
[16:36:34] [Render thread/INFO]: OptiFine not detected.
[16:36:34] [WebSocketConnectReadThread-74/INFO]: Connected to Essential Connection Manager.
[16:36:35] [Render thread/INFO]: Backend library: LWJGL version 3.3.2-snapshot
[16:36:35] [Render thread/WARN]: Applying workaround: Prevent the NVIDIA OpenGL driver from using broken optimizations (NVIDIA_THREADED_OPTIMIZATIONS)
[16:36:35] [Render thread/INFO]: All capabilities met
[16:36:35] [Render thread/INFO]: Enabling Nvidium
[16:36:35] [Render thread/INFO]: OpenGL Vendor: NVIDIA Corporation
[16:36:35] [Render thread/INFO]: OpenGL Renderer: NVIDIA GeForce RTX 3050 Laptop GPU/PCIe/SSE2
[16:36:35] [Render thread/INFO]: OpenGL Version: 3.2.0 NVIDIA 546.29
[16:36:35] [Render thread/WARN]: Pack file/coffee totem declared support for versions [16, 22] but declared main format is 9, defaulting to 9
[16:36:36] [ForkJoinPool.commonPool-worker-1/INFO]: [STDERR]: org.objectweb.asm.tree.analysis.AnalyzerException: Error at instruction 137: Trying to set an inexistant local variable 9
[16:36:36] [ForkJoinPool.commonPool-worker-1/INFO]: [STDERR]: 	at org.objectweb.asm.tree.analysis.Analyzer.analyze(Analyzer.java:279)
[16:36:36] [ForkJoinPool.commonPool-worker-1/INFO]: [STDERR]: 	at org.spongepowered.asm.util.Locals.generateLocalVariableTable(Locals.java:859)
[16:36:36] [ForkJoinPool.commonPool-worker-1/INFO]: [STDERR]: 	at org.spongepowered.asm.util.Locals.getGeneratedLocalVariableTable(Locals.java:828)
[16:36:36] [ForkJoinPool.commonPool-worker-1/INFO]: [STDERR]: 	at org.spongepowered.asm.util.Locals.getLocalVariableAt(Locals.java:782)
[16:36:36] [ForkJoinPool.commonPool-worker-1/INFO]: [STDERR]: 	at org.spongepowered.asm.util.Locals.getLocalVariableAt(Locals.java:752)
[16:36:36] [ForkJoinPool.commonPool-worker-1/INFO]: [STDERR]: 	at org.spongepowered.asm.util.Locals.getLocalsAt(Locals.java:529)
[16:36:36] [ForkJoinPool.commonPool-worker-1/INFO]: [STDERR]: 	at org.spongepowered.asm.util.Locals.getLocalsAt(Locals.java:336)
[16:36:36] [ForkJoinPool.commonPool-worker-1/INFO]: [STDERR]: 	at org.spongepowered.asm.mixin.injection.modify.LocalVariableDiscriminator$Context.initLocals(LocalVariableDiscriminator.java:154)
[16:36:36] [ForkJoinPool.commonPool-worker-1/INFO]: [STDERR]: 	at org.spongepowered.asm.mixin.injection.modify.LocalVariableDiscriminator$Context.<init>(LocalVariableDiscriminator.java:148)
[16:36:36] [ForkJoinPool.commonPool-worker-1/INFO]: [STDERR]: 	at org.spongepowered.asm.mixin.injection.modify.ModifyVariableInjector$Context.<init>(ModifyVariableInjector.java:71)
[16:36:36] [ForkJoinPool.commonPool-worker-1/INFO]: [STDERR]: 	at org.spongepowered.asm.mixin.injection.modify.ModifyVariableInjector.preInject(ModifyVariableInjector.java:159)
[16:36:36] [ForkJoinPool.commonPool-worker-1/INFO]: [STDERR]: 	at org.spongepowered.asm.mixin.injection.code.Injector.preInject(Injector.java:258)
[16:36:36] [ForkJoinPool.commonPool-worker-1/INFO]: [STDERR]: 	at org.spongepowered.asm.mixin.injection.struct.InjectionInfo.preInject(InjectionInfo.java:436)
[16:36:36] [ForkJoinPool.commonPool-worker-1/INFO]: [STDERR]: 	at org.spongepowered.asm.mixin.transformer.MixinTargetContext.applyInjections(MixinTargetContext.java:1370)
[16:36:36] [ForkJoinPool.commonPool-worker-1/INFO]: [STDERR]: 	at org.spongepowered.asm.mixin.transformer.MixinApplicatorStandard.applyInjections(MixinApplicatorStandard.java:1062)
[16:36:36] [ForkJoinPool.commonPool-worker-1/INFO]: [STDERR]: 	at org.spongepowered.asm.mixin.transformer.MixinApplicatorStandard.applyMixin(MixinApplicatorStandard.java:402)
[16:36:36] [ForkJoinPool.commonPool-worker-1/INFO]: [STDERR]: 	at org.spongepowered.asm.mixin.transformer.MixinApplicatorStandard.apply(MixinApplicatorStandard.java:327)
[16:36:36] [ForkJoinPool.commonPool-worker-1/INFO]: [STDERR]: 	at org.spongepowered.asm.mixin.transformer.TargetClassContext.apply(TargetClassContext.java:421)
[16:36:36] [ForkJoinPool.commonPool-worker-1/INFO]: [STDERR]: 	at org.spongepowered.asm.mixin.transformer.TargetClassContext.applyMixins(TargetClassContext.java:403)
[16:36:36] [ForkJoinPool.commonPool-worker-1/INFO]: [STDERR]: 	at org.spongepowered.asm.mixin.transformer.MixinProcessor.applyMixins(MixinProcessor.java:363)
[16:36:36] [ForkJoinPool.commonPool-worker-1/INFO]: [STDERR]: 	at org.spongepowered.asm.mixin.transformer.MixinTransformer.transformClass(MixinTransformer.java:234)
[16:36:36] [ForkJoinPool.commonPool-worker-1/INFO]: [STDERR]: 	at org.spongepowered.asm.mixin.transformer.MixinTransformer.transformClassBytes(MixinTransformer.java:202)
[16:36:36] [ForkJoinPool.commonPool-worker-1/INFO]: [STDERR]: 	at net.fabricmc.loader.impl.launch.knot.KnotClassDelegate.getPostMixinClassByteArray(KnotClassDelegate.java:422)
[16:36:36] [ForkJoinPool.commonPool-worker-1/INFO]: [STDERR]: 	at net.fabricmc.loader.impl.launch.knot.KnotClassDelegate.tryLoadClass(KnotClassDelegate.java:323)
[16:36:36] [ForkJoinPool.commonPool-worker-1/INFO]: [STDERR]: 	at net.fabricmc.loader.impl.launch.knot.KnotClassDelegate.loadClass(KnotClassDelegate.java:218)
[16:36:36] [ForkJoinPool.commonPool-worker-1/INFO]: [STDERR]: 	at net.fabricmc.loader.impl.launch.knot.KnotClassLoader.loadClass(KnotClassLoader.java:119)
[16:36:36] [ForkJoinPool.commonPool-worker-1/INFO]: [STDERR]: 	at java.base/java.lang.ClassLoader.loadClass(ClassLoader.java:525)
[16:36:36] [ForkJoinPool.commonPool-worker-1/INFO]: [STDERR]: 	at gg.essential.universal.UGraphics.<clinit>(UGraphics.java:774)
[16:36:36] [ForkJoinPool.commonPool-worker-1/INFO]: [STDERR]: 	at gg.essential.elementa.components.UIImage._init_$lambda-1(UIImage.kt:60)
[16:36:36] [ForkJoinPool.commonPool-worker-1/INFO]: [STDERR]: 	at java.base/java.util.concurrent.CompletableFuture$UniAccept.tryFire(CompletableFuture.java:718)
[16:36:36] [ForkJoinPool.commonPool-worker-1/INFO]: [STDERR]: 	at java.base/java.util.concurrent.CompletableFuture$Completion.exec(CompletableFuture.java:483)
[16:36:36] [ForkJoinPool.commonPool-worker-1/INFO]: [STDERR]: 	at java.base/java.util.concurrent.ForkJoinTask.doExec(ForkJoinTask.java:373)
[16:36:36] [ForkJoinPool.commonPool-worker-1/INFO]: [STDERR]: 	at java.base/java.util.concurrent.ForkJoinPool$WorkQueue.topLevelExec(ForkJoinPool.java:1182)
[16:36:36] [ForkJoinPool.commonPool-worker-1/INFO]: [STDERR]: 	at java.base/java.util.concurrent.ForkJoinPool.scan(ForkJoinPool.java:1655)
[16:36:36] [ForkJoinPool.commonPool-worker-1/INFO]: [STDERR]: 	at java.base/java.util.concurrent.ForkJoinPool.runWorker(ForkJoinPool.java:1622)
[16:36:36] [ForkJoinPool.commonPool-worker-1/INFO]: [STDERR]: 	at java.base/java.util.concurrent.ForkJoinWorkerThread.run(ForkJoinWorkerThread.java:165)
[16:36:36] [ForkJoinPool.commonPool-worker-1/INFO]: [STDERR]: Caused by: java.lang.IndexOutOfBoundsException: Trying to set an inexistant local variable 9
[16:36:36] [ForkJoinPool.commonPool-worker-1/INFO]: [STDERR]: 	at org.objectweb.asm.tree.analysis.Frame.setLocal(Frame.java:208)
[16:36:36] [ForkJoinPool.commonPool-worker-1/INFO]: [STDERR]: 	at org.objectweb.asm.tree.analysis.Frame.execute(Frame.java:337)
[16:36:36] [ForkJoinPool.commonPool-worker-1/INFO]: [STDERR]: 	at org.objectweb.asm.tree.analysis.Analyzer.analyze(Analyzer.java:171)
[16:36:36] [ForkJoinPool.commonPool-worker-1/INFO]: [STDERR]: 	... 35 more
[16:36:38] [Render thread/INFO]: Reloading ResourceManager: vanilla, fabric, advanced-xray-fabric, appleskin, carpet, cloth-config, entityculling, essential, essential-container, essential-loader, fabric-api, fabric-api-base, fabric-api-lookup-api-v1, fabric-biome-api-v1, fabric-block-api-v1, fabric-block-view-api-v2, fabric-blockrenderlayer-v1, fabric-client-tags-api-v1, fabric-command-api-v1, fabric-command-api-v2, fabric-commands-v0, fabric-containers-v0, fabric-content-registries-v0, fabric-convention-tags-v1, fabric-crash-report-info-v1, fabric-data-attachment-api-v1, fabric-data-generation-api-v1, fabric-dimensions-v1, fabric-entity-events-v1, fabric-events-interaction-v0, fabric-events-lifecycle-v0, fabric-game-rule-api-v1, fabric-item-api-v1, fabric-item-group-api-v1, fabric-key-binding-api-v1, fabric-keybindings-v0, fabric-language-kotlin, fabric-lifecycle-events-v1, fabric-loot-api-v2, fabric-message-api-v1, fabric-mining-level-api-v1, fabric-model-loading-api-v1, fabric-models-v0, fabric-networking-api-v1, fabric-object-builder-api-v1, fabric-particles-v1, fabric-recipe-api-v1, fabric-registry-sync-v0, fabric-renderer-api-v1, fabric-renderer-indigo, fabric-renderer-registries-v1, fabric-rendering-data-attachment-v1, fabric-rendering-fluids-v1, fabric-rendering-v0, fabric-rendering-v1, fabric-resource-conditions-api-v1, fabric-resource-loader-v0, fabric-screen-api-v1, fabric-screen-handler-api-v1, fabric-sound-api-v1, fabric-transfer-api-v1, fabric-transitive-access-wideners-v1, fabricloader, litematica, lithium, logical_zoom, malilib, minihud, nvidium, sodium, tweakeroo, file/VisibleAncientDebris.zip, file/! §ddefrosted §8[§f16x§8] 1.16.zip, file/coffee totem, essential
[16:36:38] [Render thread/WARN]: Non [a-z0-9_.-] character in namespace .DS_Store in pack C:\Users\Miguel Leyesa\AppData\Roaming\.minecraft\resourcepacks\VisibleAncientDebris.zip, ignoring
[16:36:38] [Render thread/WARN]: Non [a-z0-9_.-] character in namespace .DS_Store in pack C:\Users\Miguel Leyesa\AppData\Roaming\.minecraft\resourcepacks\VisibleAncientDebris.zip, ignoring
[16:36:38] [Worker-Main-4/INFO]: Found unifont_all_no_pua-15.1.04.hex, loading
[16:36:38] [Worker-Main-10/WARN]: Invalid path in datapack: minecraft:textures/block/.DS_Store, ignoring
[16:36:39] [Render thread/INFO]: Client started, setting up xray store
[16:36:39] [DefaultDispatcher-worker-9/INFO]: Connected to Discord as starbuckslarge
[16:36:41] [Render thread/WARN]: Skipped language file: minecraft:lang/en_us.json (com.google.gson.JsonSyntaxException: com.google.gson.stream.MalformedJsonException: Unterminated object at line 1707 column 45 path $.item.minecraft.debug_stick.update)
[16:36:41] [Render thread/WARN]: Missing sound for event: minecraft:item.goat_horn.play
[16:36:41] [Render thread/WARN]: Missing sound for event: minecraft:entity.goat.screaming.horn_break
[16:36:41] [Render thread/WARN]: Missing sound for event: minecraft:entity.generic.wind_burst
[16:36:41] [Render thread/INFO]: OpenAL initialized on device OpenAL Soft on Speakers (Razer Kraken Kitty Edition)
[16:36:41] [Render thread/INFO]: Sound engine started
[16:36:41] [Render thread/INFO]: Created: 1024x512x4 minecraft:textures/atlas/blocks.png-atlas
[16:36:42] [Render thread/INFO]: Created: 256x256x4 minecraft:textures/atlas/signs.png-atlas
[16:36:42] [Render thread/INFO]: Created: 512x512x4 minecraft:textures/atlas/shield_patterns.png-atlas
[16:36:42] [Render thread/INFO]: Created: 512x512x4 minecraft:textures/atlas/banner_patterns.png-atlas
[16:36:42] [Render thread/INFO]: Created: 1024x1024x4 minecraft:textures/atlas/armor_trims.png-atlas
[16:36:42] [Render thread/INFO]: Created: 128x64x4 minecraft:textures/atlas/decorated_pot.png-atlas
[16:36:42] [Render thread/INFO]: Created: 256x256x4 minecraft:textures/atlas/chest.png-atlas
[16:36:42] [Render thread/INFO]: Created: 512x256x4 minecraft:textures/atlas/shulker_boxes.png-atlas
[16:36:42] [Render thread/INFO]: Created: 512x256x4 minecraft:textures/atlas/beds.png-atlas
[16:36:42] [Render thread/WARN]: Shader rendertype_entity_translucent_emissive could not find sampler named Sampler2 in the specified shader program.
[16:36:42] [Render thread/INFO]: Created: 512x256x0 minecraft:textures/atlas/particles.png-atlas
[16:36:42] [Render thread/INFO]: Created: 512x256x0 minecraft:textures/atlas/paintings.png-atlas
[16:36:42] [Render thread/INFO]: Created: 128x128x0 minecraft:textures/atlas/mob_effects.png-atlas
[16:36:42] [Render thread/INFO]: Created: 1024x512x0 minecraft:textures/atlas/gui.png-atlas
[16:36:45] [Render thread/WARN]: Shader cabb2374eda405e66b897908637abd1da5deac52 could not find uniform named subpixel_amount in the specified shader program.
[16:37:02] [Render thread/INFO]: Loaded 7 recipes
[16:37:02] [Render thread/INFO]: Loaded 1271 advancements
[16:37:03] [Render thread/INFO]: Applied 0 biome modifications to 0 of 64 new biomes in 2.456 ms
[16:37:03] [Render thread/WARN]: @Redirect conflict. Skipping mixins.tweakeroo.json:MixinServerPlayNetworkHandler from mod tweakeroo->@Redirect::tweakeroo_removeHitPosCheck(Lnet/minecraft/class_243;Lnet/minecraft/class_243;)Lnet/minecraft/class_243; with priority 1005, already redirected by mixins.litematica.json:MixinServerPlayNetworkHandler from mod litematica->@Redirect::litematica_removeHitPosCheck(Lnet/minecraft/class_243;Lnet/minecraft/class_243;)Lnet/minecraft/class_243; with priority 1010
[16:37:03] [Server thread/INFO]: Starting integrated minecraft server version 1.20.4
[16:37:03] [Server thread/INFO]: Generating keypair
[16:37:04] [Server thread/INFO]: Preparing start region for dimension minecraft:overworld
[16:37:07] [Render thread/INFO]: Preparing spawn area: 0%
[16:37:07] [Render thread/INFO]: Preparing spawn area: 0%
[16:37:07] [Render thread/INFO]: Preparing spawn area: 0%
[16:37:07] [Render thread/INFO]: Preparing spawn area: 0%
[16:37:07] [Render thread/INFO]: Preparing spawn area: 0%
[16:37:07] [Render thread/INFO]: Preparing spawn area: 0%
[16:37:07] [Render thread/INFO]: Preparing spawn area: 0%
[16:37:08] [Render thread/INFO]: Preparing spawn area: 22%
[16:37:08] [Render thread/INFO]: Time elapsed: 3806 ms
[16:37:08] [Server thread/INFO]: Changing view distance to 16, from 10
[16:37:08] [Server thread/INFO]: Changing simulation distance to 12, from 0
[16:37:09] [Server thread/INFO]: 16thGarden[local:E:e7e46e7e] logged in with entity id 192 at (649.1343973907368, 61.0, -127.372962974318)
[16:37:09] [Server thread/INFO]: 16thGarden joined the game
[16:37:09] [Render thread/INFO]: Started 6 worker threads
[16:37:10] [Render thread/INFO]: Using 3 total BufferBuilder caches
[16:37:10] [Render thread/WARN]: Unable to read property: west with value: false for blockstate: {Name:"minecraft:cobblestone_wall",Properties:{east:"false",north:"false",south:"false",up:"false",west:"false"}}
[16:37:10] [Render thread/WARN]: Unable to read property: east with value: false for blockstate: {Name:"minecraft:cobblestone_wall",Properties:{east:"false",north:"false",south:"false",up:"false",west:"false"}}
[16:37:10] [Render thread/WARN]: Unable to read property: south with value: false for blockstate: {Name:"minecraft:cobblestone_wall",Properties:{east:"false",north:"false",south:"false",up:"false",west:"false"}}
[16:37:10] [Render thread/WARN]: Unable to read property: north with value: false for blockstate: {Name:"minecraft:cobblestone_wall",Properties:{east:"false",north:"false",south:"false",up:"false",west:"false"}}
[16:37:10] [Render thread/WARN]: Unable to read property: west with value: false for blockstate: {Name:"minecraft:mossy_cobblestone_wall",Properties:{east:"false",north:"false",south:"false",up:"false",west:"false"}}
[16:37:10] [Render thread/WARN]: Unable to read property: east with value: false for blockstate: {Name:"minecraft:mossy_cobblestone_wall",Properties:{east:"false",north:"false",south:"false",up:"false",west:"false"}}
[16:37:10] [Render thread/WARN]: Unable to read property: south with value: false for blockstate: {Name:"minecraft:mossy_cobblestone_wall",Properties:{east:"false",north:"false",south:"false",up:"false",west:"false"}}
[16:37:10] [Render thread/WARN]: Unable to read property: north with value: false for blockstate: {Name:"minecraft:mossy_cobblestone_wall",Properties:{east:"false",north:"false",south:"false",up:"false",west:"false"}}
[16:37:10] [Render thread/INFO]: Loaded 946 advancements
[16:53:07] [Server thread/WARN]: 16thGarden moved wrongly!
[16:58:38] [Server thread/WARN]: Mismatch in destroy block pos: class_2338{x=598, y=41, z=-209} class_2338{x=576, y=52, z=-201}
[16:58:38] [Server thread/WARN]: Mismatch in destroy block pos: class_2338{x=598, y=41, z=-209} class_2338{x=576, y=51, z=-201}
[17:01:05] [Render thread/INFO]: Stopping worker threads
[17:01:05] [Server thread/INFO]: Saving and pausing game...
[17:01:05] [Render thread/INFO]: Started 6 worker threads
[17:01:06] [Server thread/INFO]: Saving chunks for level 'ServerLevel[Epic survival world]'/minecraft:overworld
[17:01:06] [Render thread/INFO]: Stopping worker threads
[17:01:06] [Server thread/INFO]: Saving chunks for level 'ServerLevel[Epic survival world]'/minecraft:the_end
[17:01:06] [Server thread/INFO]: Saving chunks for level 'ServerLevel[Epic survival world]'/minecraft:the_nether
[17:01:06] [Render thread/INFO]: Started 6 worker threads
[17:04:31] [Render thread/WARN]: Unable to play empty soundEvent: minecraft:entity.salmon.ambient
[17:06:32] [Render thread/WARN]: Unable to play empty soundEvent: minecraft:entity.cod.ambient
[17:13:38] [Server thread/WARN]: Mismatch in destroy block pos: class_2338{x=-66, y=56, z=-53} class_2338{x=-60, y=56, z=-53}
[17:13:38] [Server thread/WARN]: Mismatch in destroy block pos: class_2338{x=-66, y=56, z=-53} class_2338{x=-60, y=56, z=-53}
[17:13:38] [Server thread/WARN]: Mismatch in destroy block pos: class_2338{x=-66, y=56, z=-53} class_2338{x=-60, y=56, z=-53}
[17:14:49] [Essential Thread 14/WARN]: Connection closed unexpectedly (CloseInfo(code=4500, reason=SERVER_KEEP_ALIVE_TIMEOUT, remote=false, outdated=false)) after 38m 14.605598500s
[17:14:49] [Render thread/INFO]: Authenticating to Mojang as 16thGarden (dc0548c7-2c22-450e-91f5-2a17cfde2a12)
[17:14:49] [DefaultDispatcher-worker-6/INFO]: Connecting to Essential Connection Manager...
[17:14:52] [WebSocketConnectReadThread-229/INFO]: Connected to Essential Connection Manager.
[17:16:45] [Server thread/WARN]: Mismatch in destroy block pos: class_2338{x=-27, y=57, z=-93} class_2338{x=-27, y=56, z=-93}
[17:16:45] [Server thread/WARN]: Mismatch in destroy block pos: class_2338{x=-27, y=57, z=-93} class_2338{x=-27, y=56, z=-93}
[17:16:45] [Server thread/WARN]: Mismatch in destroy block pos: class_2338{x=-27, y=57, z=-93} class_2338{x=-27, y=56, z=-93}
[17:16:45] [Server thread/WARN]: Mismatch in destroy block pos: class_2338{x=-27, y=57, z=-93} class_2338{x=-27, y=56, z=-93}
[17:16:45] [Server thread/WARN]: Mismatch in destroy block pos: class_2338{x=-27, y=57, z=-93} class_2338{x=-27, y=56, z=-93}
[17:17:32] [Server thread/WARN]: Mismatch in destroy block pos: class_2338{x=-27, y=57, z=-93} class_2338{x=-56, y=56, z=-56}
[17:17:32] [Server thread/WARN]: Mismatch in destroy block pos: class_2338{x=-27, y=57, z=-93} class_2338{x=-56, y=56, z=-56}
[17:17:32] [Server thread/WARN]: Mismatch in destroy block pos: class_2338{x=-27, y=57, z=-93} class_2338{x=-56, y=56, z=-56}
[17:19:20] [Server thread/WARN]: Mismatch in destroy block pos: class_2338{x=-22, y=56, z=-62} class_2338{x=-63, y=57, z=-61}
[17:19:20] [Server thread/WARN]: Mismatch in destroy block pos: class_2338{x=-22, y=56, z=-62} class_2338{x=-63, y=57, z=-61}
[17:19:20] [Server thread/WARN]: Mismatch in destroy block pos: class_2338{x=-22, y=56, z=-62} class_2338{x=-63, y=57, z=-61}
[17:25:12] [WebSocketConnectReadThread-229/WARN]: Connection closed unexpectedly (CloseInfo(code=1006, reason=, remote=true, outdated=false)) after 10m 19.771423900s
[17:25:12] [Render thread/INFO]: Authenticating to Mojang as 16thGarden (dc0548c7-2c22-450e-91f5-2a17cfde2a12)
[17:25:12] [DefaultDispatcher-worker-1/INFO]: Connecting to Essential Connection Manager...
[17:25:13] [WebSocketConnectReadThread-264/INFO]: Connected to Essential Connection Manager.
[17:56:30] [Render thread/INFO]: Closing connection after 31m 17.326366s due to SERVER_REQUESTED_RECONNECT
[17:56:30] [Render thread/INFO]: Authenticating to Mojang as 16thGarden (dc0548c7-2c22-450e-91f5-2a17cfde2a12)
[17:56:31] [DefaultDispatcher-worker-1/INFO]: Connecting to Essential Connection Manager...
[17:56:32] [WebSocketConnectReadThread-299/INFO]: Connected to Essential Connection Manager.
[18:10:54] [Render thread/INFO]: Closing connection after 14m 22.304144900s due to SERVER_REQUESTED_RECONNECT
[18:10:54] [Render thread/INFO]: Authenticating to Mojang as 16thGarden (dc0548c7-2c22-450e-91f5-2a17cfde2a12)
[18:10:55] [DefaultDispatcher-worker-10/INFO]: Connecting to Essential Connection Manager...
[18:10:58] [WebSocketConnectReadThread-331/INFO]: Connected to Essential Connection Manager.
[18:14:24] [Server thread/INFO]: Saving and pausing game...
[18:14:24] [Render thread/INFO]: Stopping worker threads
[18:14:24] [Server thread/INFO]: Saving chunks for level 'ServerLevel[Epic survival world]'/minecraft:overworld
[18:14:24] [Render thread/INFO]: Started 6 worker threads
[18:14:24] [Server thread/INFO]: Saving chunks for level 'ServerLevel[Epic survival world]'/minecraft:the_end
[18:14:24] [Server thread/INFO]: Saving chunks for level 'ServerLevel[Epic survival world]'/minecraft:the_nether
[18:14:24] [Render thread/INFO]: Stopping worker threads
[18:14:24] [Render thread/INFO]: Started 6 worker threads
[18:14:39] [Render thread/WARN]: Received passengers for unknown entity
[18:14:46] [Render thread/INFO]: Stopping worker threads
[18:14:46] [Server thread/INFO]: Saving and pausing game...
[18:14:46] [Server thread/INFO]: Saving chunks for level 'ServerLevel[Epic survival world]'/minecraft:overworld
[18:14:46] [Render thread/INFO]: Started 6 worker threads
[18:14:46] [Server thread/INFO]: Saving chunks for level 'ServerLevel[Epic survival world]'/minecraft:the_end
[18:14:46] [Server thread/INFO]: Saving chunks for level 'ServerLevel[Epic survival world]'/minecraft:the_nether
[18:14:46] [Render thread/INFO]: Stopping worker threads
[18:14:46] [Render thread/INFO]: Started 6 worker threads
[18:14:49] [Render thread/INFO]: Stopping worker threads
[18:14:49] [Server thread/INFO]: Saving and pausing game...
[18:14:49] [Render thread/INFO]: Started 6 worker threads
[18:14:49] [Server thread/INFO]: Saving chunks for level 'ServerLevel[Epic survival world]'/minecraft:overworld
[18:14:49] [Render thread/INFO]: Stopping worker threads
[18:14:49] [Render thread/INFO]: Started 6 worker threads
[18:14:49] [Server thread/INFO]: Saving chunks for level 'ServerLevel[Epic survival world]'/minecraft:the_end
[18:14:49] [Server thread/INFO]: Saving chunks for level 'ServerLevel[Epic survival world]'/minecraft:the_nether
[18:15:02] [Server thread/INFO]: Saving and pausing game...
[18:15:02] [Server thread/INFO]: Saving chunks for level 'ServerLevel[Epic survival world]'/minecraft:overworld
[18:15:02] [Server thread/INFO]: Saving chunks for level 'ServerLevel[Epic survival world]'/minecraft:the_end
[18:15:02] [Server thread/INFO]: Saving chunks for level 'ServerLevel[Epic survival world]'/minecraft:the_nether
[18:15:04] [Render thread/ERROR]: Error saving option Brightness: DynamicException[Value 16.0 outside of range [0.0:1.0] Optional[16.0]]
[18:15:04] [Render thread/ERROR]: Error saving option Brightness: DynamicException[Value 16.0 outside of range [0.0:1.0] Optional[16.0]]
[18:15:04] [Render thread/ERROR]: Error saving option Brightness: DynamicException[Value 16.0 outside of range [0.0:1.0] Optional[16.0]]
[18:15:04] [Render thread/ERROR]: Error saving option Brightness: DynamicException[Value 16.0 outside of range [0.0:1.0] Optional[16.0]]
[18:15:04] [Render thread/ERROR]: Error saving option Brightness: DynamicException[Value 16.0 outside of range [0.0:1.0] Optional[16.0]]
[18:15:04] [Render thread/ERROR]: Error saving option Brightness: DynamicException[Value 16.0 outside of range [0.0:1.0] Optional[16.0]]
[18:15:04] [Render thread/ERROR]: Error saving option Brightness: DynamicException[Value 16.0 outside of range [0.0:1.0] Optional[16.0]]
[18:15:04] [Render thread/ERROR]: Error saving option Brightness: DynamicException[Value 16.0 outside of range [0.0:1.0] Optional[16.0]]
[18:15:04] [Render thread/ERROR]: Error saving option Brightness: DynamicException[Value 16.0 outside of range [0.0:1.0] Optional[16.0]]
[18:15:04] [Render thread/ERROR]: Error saving option Brightness: DynamicException[Value 16.0 outside of range [0.0:1.0] Optional[16.0]]
[18:15:04] [Render thread/ERROR]: Error saving option Brightness: DynamicException[Value 16.0 outside of range [0.0:1.0] Optional[16.0]]
[18:15:04] [Render thread/ERROR]: Error saving option Brightness: DynamicException[Value 16.0 outside of range [0.0:1.0] Optional[16.0]]
[18:15:04] [Render thread/ERROR]: Error saving option Brightness: DynamicException[Value 16.0 outside of range [0.0:1.0] Optional[16.0]]
[18:15:04] [Render thread/ERROR]: Error saving option Brightness: DynamicException[Value 16.0 outside of range [0.0:1.0] Optional[16.0]]
[18:15:04] [Render thread/ERROR]: Error saving option Brightness: DynamicException[Value 16.0 outside of range [0.0:1.0] Optional[16.0]]
[18:15:04] [Render thread/ERROR]: Error saving option Brightness: DynamicException[Value 16.0 outside of range [0.0:1.0] Optional[16.0]]
[18:15:04] [Render thread/ERROR]: Error saving option Brightness: DynamicException[Value 16.0 outside of range [0.0:1.0] Optional[16.0]]
[18:15:04] [Render thread/ERROR]: Error saving option Brightness: DynamicException[Value 16.0 outside of range [0.0:1.0] Optional[16.0]]
[18:15:04] [Render thread/ERROR]: Error saving option Brightness: DynamicException[Value 16.0 outside of range [0.0:1.0] Optional[16.0]]
[18:15:04] [Render thread/ERROR]: Error saving option Brightness: DynamicException[Value 16.0 outside of range [0.0:1.0] Optional[16.0]]
[18:15:04] [Render thread/ERROR]: Error saving option Brightness: DynamicException[Value 16.0 outside of range [0.0:1.0] Optional[16.0]]
[18:15:04] [Render thread/ERROR]: Error saving option Brightness: DynamicException[Value 16.0 outside of range [0.0:1.0] Optional[16.0]]
[18:15:04] [Render thread/ERROR]: Error saving option Brightness: DynamicException[Value 16.0 outside of range [0.0:1.0] Optional[16.0]]
[18:15:04] [Render thread/ERROR]: Error saving option Brightness: DynamicException[Value 16.0 outside of range [0.0:1.0] Optional[16.0]]
[18:15:04] [Render thread/ERROR]: Error saving option Brightness: DynamicException[Value 16.0 outside of range [0.0:1.0] Optional[16.0]]
[18:15:04] [Render thread/ERROR]: Error saving option Brightness: DynamicException[Value 16.0 outside of range [0.0:1.0] Optional[16.0]]
[18:15:04] [Render thread/ERROR]: Error saving option Brightness: DynamicException[Value 16.0 outside of range [0.0:1.0] Optional[16.0]]
[18:15:04] [Render thread/ERROR]: Error saving option Brightness: DynamicException[Value 16.0 outside of range [0.0:1.0] Optional[16.0]]
[18:15:04] [Render thread/ERROR]: Error saving option Brightness: DynamicException[Value 16.0 outside of range [0.0:1.0] Optional[16.0]]
[18:15:04] [Render thread/ERROR]: Error saving option Brightness: DynamicException[Value 16.0 outside of range [0.0:1.0] Optional[16.0]]
[18:15:04] [Render thread/ERROR]: Error saving option Brightness: DynamicException[Value 16.0 outside of range [0.0:1.0] Optional[16.0]]
[18:15:04] [Render thread/ERROR]: Error saving option Brightness: DynamicException[Value 16.0 outside of range [0.0:1.0] Optional[16.0]]
[18:15:04] [Render thread/ERROR]: Error saving option Brightness: DynamicException[Value 16.0 outside of range [0.0:1.0] Optional[16.0]]
[18:15:04] [Render thread/ERROR]: Error saving option Brightness: DynamicException[Value 16.0 outside of range [0.0:1.0] Optional[16.0]]
[18:15:04] [Render thread/ERROR]: Error saving option Brightness: DynamicException[Value 16.0 outside of range [0.0:1.0] Optional[16.0]]
[18:15:04] [Render thread/ERROR]: Error saving option Brightness: DynamicException[Value 16.0 outside of range [0.0:1.0] Optional[16.0]]
[18:15:04] [Render thread/ERROR]: Error saving option Brightness: DynamicException[Value 16.0 outside of range [0.0:1.0] Optional[16.0]]
[18:15:04] [Render thread/ERROR]: Error saving option Brightness: DynamicException[Value 16.0 outside of range [0.0:1.0] Optional[16.0]]
[18:15:04] [Render thread/ERROR]: Error saving option Brightness: DynamicException[Value 16.0 outside of range [0.0:1.0] Optional[16.0]]
[18:15:04] [Render thread/ERROR]: Error saving option Brightness: DynamicException[Value 16.0 outside of range [0.0:1.0] Optional[16.0]]
[18:15:04] [Render thread/ERROR]: Error saving option Brightness: DynamicException[Value 16.0 outside of range [0.0:1.0] Optional[16.0]]
[18:15:04] [Render thread/ERROR]: Error saving option Brightness: DynamicException[Value 16.0 outside of range [0.0:1.0] Optional[16.0]]
[18:15:05] [Render thread/ERROR]: Error saving option Brightness: DynamicException[Value 16.0 outside of range [0.0:1.0] Optional[16.0]]
[18:15:05] [Render thread/ERROR]: Error saving option Brightness: DynamicException[Value 16.0 outside of range [0.0:1.0] Optional[16.0]]
[18:16:57] [Render thread/INFO]: Stopping worker threads
[18:16:57] [Render thread/INFO]: Started 6 worker threads
[18:16:57] [Server thread/INFO]: Saving and pausing game...
[18:16:57] [Render thread/INFO]: Stopping worker threads
[18:16:57] [Server thread/INFO]: Saving chunks for level 'ServerLevel[Epic survival world]'/minecraft:overworld
[18:16:57] [Server thread/INFO]: Saving chunks for level 'ServerLevel[Epic survival world]'/minecraft:the_end
[18:16:57] [Server thread/INFO]: Saving chunks for level 'ServerLevel[Epic survival world]'/minecraft:the_nether
[18:16:57] [Render thread/INFO]: Started 6 worker threads
[18:17:21] [Render thread/INFO]: Stopping worker threads
[18:17:21] [Server thread/INFO]: Saving and pausing game...
[18:17:21] [Server thread/INFO]: Saving chunks for level 'ServerLevel[Epic survival world]'/minecraft:overworld
[18:17:21] [Render thread/INFO]: Started 6 worker threads
[18:17:21] [Server thread/INFO]: Saving chunks for level 'ServerLevel[Epic survival world]'/minecraft:the_end
[18:17:21] [Server thread/INFO]: Saving chunks for level 'ServerLevel[Epic survival world]'/minecraft:the_nether
[18:17:21] [Render thread/INFO]: Stopping worker threads
[18:17:21] [Render thread/INFO]: Started 6 worker threads
[18:17:55] [Render thread/WARN]: Received passengers for unknown entity
[18:29:45] [Server thread/INFO]: Saving and pausing game...
[18:29:45] [Server thread/INFO]: Saving chunks for level 'ServerLevel[Epic survival world]'/minecraft:overworld
[18:29:45] [Server thread/INFO]: Saving chunks for level 'ServerLevel[Epic survival world]'/minecraft:the_end
[18:29:45] [Server thread/INFO]: Saving chunks for level 'ServerLevel[Epic survival world]'/minecraft:the_nether
[18:45:31] [Render thread/WARN]: Received passengers for unknown entity
[18:45:39] [Render thread/WARN]: Received passengers for unknown entity
[18:45:47] [Render thread/WARN]: Received passengers for unknown entity
[18:49:53] [Render thread/WARN]: Received passengers for unknown entity
[18:50:10] [Render thread/INFO]: Stopping worker threads
[18:50:10] [Render thread/INFO]: Started 6 worker threads
[18:50:10] [Server thread/INFO]: Saving and pausing game...
[18:50:10] [Render thread/INFO]: Stopping worker threads
[18:50:10] [Server thread/INFO]: Saving chunks for level 'ServerLevel[Epic survival world]'/minecraft:overworld
[18:50:10] [Render thread/INFO]: Started 6 worker threads
[18:50:10] [Server thread/INFO]: Saving chunks for level 'ServerLevel[Epic survival world]'/minecraft:the_end
[18:50:10] [Server thread/INFO]: Saving chunks for level 'ServerLevel[Epic survival world]'/minecraft:the_nether
[18:52:08] [Server thread/WARN]: Mismatch in destroy block pos: class_2338{x=-39, y=54, z=-90} class_2338{x=-45, y=55, z=-90}
[18:52:08] [Server thread/WARN]: Mismatch in destroy block pos: class_2338{x=-39, y=54, z=-90} class_2338{x=-45, y=55, z=-90}
[18:52:08] [Server thread/WARN]: Mismatch in destroy block pos: class_2338{x=-39, y=54, z=-90} class_2338{x=-45, y=55, z=-90}
[18:52:08] [Server thread/WARN]: Mismatch in destroy block pos: class_2338{x=-39, y=54, z=-90} class_2338{x=-45, y=55, z=-90}
[19:03:41] [Server thread/WARN]: Mismatch in destroy block pos: class_2338{x=-69, y=54, z=-66} class_2338{x=-70, y=54, z=-66}
[19:03:41] [Server thread/WARN]: Mismatch in destroy block pos: class_2338{x=-69, y=54, z=-66} class_2338{x=-70, y=54, z=-66}
[19:03:41] [Server thread/WARN]: Mismatch in destroy block pos: class_2338{x=-69, y=54, z=-66} class_2338{x=-70, y=54, z=-66}
[19:03:41] [Server thread/WARN]: Mismatch in destroy block pos: class_2338{x=-69, y=54, z=-66} class_2338{x=-72, y=55, z=-66}
[19:03:41] [Server thread/WARN]: Mismatch in destroy block pos: class_2338{x=-69, y=54, z=-66} class_2338{x=-72, y=55, z=-66}
[19:03:41] [Server thread/WARN]: Mismatch in destroy block pos: class_2338{x=-69, y=54, z=-66} class_2338{x=-72, y=55, z=-66}
[19:03:41] [Server thread/WARN]: Mismatch in destroy block pos: class_2338{x=-69, y=54, z=-66} class_2338{x=-72, y=55, z=-66}
[19:04:15] [Server thread/WARN]: Mismatch in destroy block pos: class_2338{x=-69, y=54, z=-66} class_2338{x=-57, y=55, z=-64}
[19:04:15] [Server thread/WARN]: Mismatch in destroy block pos: class_2338{x=-69, y=54, z=-66} class_2338{x=-57, y=55, z=-64}
[19:04:15] [Server thread/WARN]: Mismatch in destroy block pos: class_2338{x=-69, y=54, z=-66} class_2338{x=-57, y=55, z=-64}
[20:01:33] [Essential Thread 4/WARN]: Connection closed unexpectedly (CloseInfo(code=4500, reason=SERVER_KEEP_ALIVE_TIMEOUT, remote=false, outdated=false)) after 1h 50m 35.251179500s
[20:01:33] [Render thread/INFO]: Authenticating to Mojang as 16thGarden (dc0548c7-2c22-450e-91f5-2a17cfde2a12)
[20:01:33] [DefaultDispatcher-worker-10/INFO]: Connecting to Essential Connection Manager...
[20:01:34] [WebSocketConnectReadThread-493/INFO]: Connected to Essential Connection Manager.
[20:21:45] [Server thread/INFO]: Saving and pausing game...
[20:21:45] [Render thread/INFO]: Stopping worker threads
[20:21:45] [Server thread/INFO]: Saving chunks for level 'ServerLevel[Epic survival world]'/minecraft:overworld
[20:21:45] [Render thread/INFO]: Started 6 worker threads
[20:21:45] [Server thread/INFO]: Saving chunks for level 'ServerLevel[Epic survival world]'/minecraft:the_end
[20:21:45] [Server thread/INFO]: Saving chunks for level 'ServerLevel[Epic survival world]'/minecraft:the_nether
[20:21:45] [Render thread/INFO]: Stopping worker threads
[20:21:45] [Render thread/INFO]: Started 6 worker threads
[20:21:57] [Server thread/INFO]: Saving and pausing game...
[20:21:57] [Server thread/INFO]: Saving chunks for level 'ServerLevel[Epic survival world]'/minecraft:overworld
[20:21:57] [Server thread/INFO]: Saving chunks for level 'ServerLevel[Epic survival world]'/minecraft:the_end
[20:21:57] [Server thread/INFO]: Saving chunks for level 'ServerLevel[Epic survival world]'/minecraft:the_nether
[20:21:59] [Render thread/ERROR]: Error saving option Brightness: DynamicException[Value 16.0 outside of range [0.0:1.0] Optional[16.0]]
[20:21:59] [Render thread/ERROR]: Error saving option Brightness: DynamicException[Value 16.0 outside of range [0.0:1.0] Optional[16.0]]
[20:21:59] [Render thread/ERROR]: Error saving option Brightness: DynamicException[Value 16.0 outside of range [0.0:1.0] Optional[16.0]]
[20:21:59] [Render thread/ERROR]: Error saving option Brightness: DynamicException[Value 16.0 outside of range [0.0:1.0] Optional[16.0]]
[20:21:59] [Render thread/ERROR]: Error saving option Brightness: DynamicException[Value 16.0 outside of range [0.0:1.0] Optional[16.0]]
[20:21:59] [Render thread/ERROR]: Error saving option Brightness: DynamicException[Value 16.0 outside of range [0.0:1.0] Optional[16.0]]
[20:21:59] [Render thread/ERROR]: Error saving option Brightness: DynamicException[Value 16.0 outside of range [0.0:1.0] Optional[16.0]]
[20:21:59] [Render thread/ERROR]: Error saving option Brightness: DynamicException[Value 16.0 outside of range [0.0:1.0] Optional[16.0]]
[20:21:59] [Render thread/ERROR]: Error saving option Brightness: DynamicException[Value 16.0 outside of range [0.0:1.0] Optional[16.0]]
[20:21:59] [Render thread/ERROR]: Error saving option Brightness: DynamicException[Value 16.0 outside of range [0.0:1.0] Optional[16.0]]
[20:21:59] [Render thread/ERROR]: Error saving option Brightness: DynamicException[Value 16.0 outside of range [0.0:1.0] Optional[16.0]]
[20:21:59] [Render thread/ERROR]: Error saving option Brightness: DynamicException[Value 16.0 outside of range [0.0:1.0] Optional[16.0]]
[20:21:59] [Render thread/ERROR]: Error saving option Brightness: DynamicException[Value 16.0 outside of range [0.0:1.0] Optional[16.0]]
[20:21:59] [Render thread/ERROR]: Error saving option Brightness: DynamicException[Value 16.0 outside of range [0.0:1.0] Optional[16.0]]
[20:21:59] [Render thread/ERROR]: Error saving option Brightness: DynamicException[Value 16.0 outside of range [0.0:1.0] Optional[16.0]]
[20:21:59] [Render thread/ERROR]: Error saving option Brightness: DynamicException[Value 16.0 outside of range [0.0:1.0] Optional[16.0]]
[20:22:00] [Render thread/ERROR]: Error saving option Brightness: DynamicException[Value 16.0 outside of range [0.0:1.0] Optional[16.0]]
[20:22:00] [Render thread/ERROR]: Error saving option Brightness: DynamicException[Value 16.0 outside of range [0.0:1.0] Optional[16.0]]
[20:22:00] [Render thread/ERROR]: Error saving option Brightness: DynamicException[Value 16.0 outside of range [0.0:1.0] Optional[16.0]]
[20:22:00] [Render thread/ERROR]: Error saving option Brightness: DynamicException[Value 16.0 outside of range [0.0:1.0] Optional[16.0]]
[20:22:00] [Render thread/ERROR]: Error saving option Brightness: DynamicException[Value 16.0 outside of range [0.0:1.0] Optional[16.0]]
[20:22:00] [Render thread/ERROR]: Error saving option Brightness: DynamicException[Value 16.0 outside of range [0.0:1.0] Optional[16.0]]
[20:22:00] [Render thread/ERROR]: Error saving option Brightness: DynamicException[Value 16.0 outside of range [0.0:1.0] Optional[16.0]]
[20:22:00] [Render thread/ERROR]: Error saving option Brightness: DynamicException[Value 16.0 outside of range [0.0:1.0] Optional[16.0]]
[20:22:00] [Render thread/ERROR]: Error saving option Brightness: DynamicException[Value 16.0 outside of range [0.0:1.0] Optional[16.0]]
[20:22:00] [Render thread/ERROR]: Error saving option Brightness: DynamicException[Value 16.0 outside of range [0.0:1.0] Optional[16.0]]
[20:22:00] [Render thread/ERROR]: Error saving option Brightness: DynamicException[Value 16.0 outside of range [0.0:1.0] Optional[16.0]]
[20:22:01] [Render thread/ERROR]: Error saving option Brightness: DynamicException[Value 16.0 outside of range [0.0:1.0] Optional[16.0]]
[20:46:08] [Render thread/INFO]: Stopping worker threads
[20:46:08] [Render thread/INFO]: Started 6 worker threads
[20:46:08] [Server thread/INFO]: Saving and pausing game...
[20:46:08] [Server thread/INFO]: Saving chunks for level 'ServerLevel[Epic survival world]'/minecraft:overworld
[20:46:08] [Render thread/INFO]: Stopping worker threads
[20:46:08] [Server thread/INFO]: Saving chunks for level 'ServerLevel[Epic survival world]'/minecraft:the_end
[20:46:08] [Server thread/INFO]: Saving chunks for level 'ServerLevel[Epic survival world]'/minecraft:the_nether
[20:46:08] [Render thread/INFO]: Started 6 worker threads
[20:47:14] [Render thread/INFO]: Stopping worker threads
[20:47:14] [Server thread/INFO]: Saving and pausing game...
[20:47:14] [Server thread/INFO]: Saving chunks for level 'ServerLevel[Epic survival world]'/minecraft:overworld
[20:47:14] [Render thread/INFO]: Started 6 worker threads
[20:47:14] [Server thread/INFO]: Saving chunks for level 'ServerLevel[Epic survival world]'/minecraft:the_end
[20:47:14] [Server thread/INFO]: Saving chunks for level 'ServerLevel[Epic survival world]'/minecraft:the_nether
[20:47:14] [Render thread/INFO]: Stopping worker threads
[20:47:14] [Render thread/INFO]: Started 6 worker threads
[20:47:45] [Render thread/WARN]: Received passengers for unknown entity
[20:48:50] [Essential Thread 4/WARN]: Connection closed unexpectedly (CloseInfo(code=4500, reason=SERVER_KEEP_ALIVE_TIMEOUT, remote=false, outdated=false)) after 47m 15.925579200s
[20:48:50] [Render thread/INFO]: Authenticating to Mojang as 16thGarden (dc0548c7-2c22-450e-91f5-2a17cfde2a12)
[20:48:50] [DefaultDispatcher-worker-1/INFO]: Connecting to Essential Connection Manager...
[20:48:51] [WebSocketConnectReadThread-608/INFO]: Connected to Essential Connection Manager.
[20:54:37] [Render thread/WARN]: Received passengers for unknown entity
[20:54:52] [Server thread/WARN]: Mismatch in destroy block pos: class_2338{x=555, y=51, z=-122} class_2338{x=578, y=57, z=-130}
[20:54:52] [Server thread/WARN]: Mismatch in destroy block pos: class_2338{x=555, y=51, z=-122} class_2338{x=578, y=57, z=-130}
[20:54:52] [Server thread/WARN]: Mismatch in destroy block pos: class_2338{x=555, y=51, z=-122} class_2338{x=578, y=57, z=-130}
[20:55:07] [Render thread/WARN]: Received passengers for unknown entity
[21:02:58] [Render thread/WARN]: Received passengers for unknown entity
[21:03:55] [Render thread/INFO]: Stopping worker threads
[21:03:55] [Render thread/INFO]: Started 6 worker threads
[21:03:55] [Server thread/INFO]: Saving and pausing game...
[21:03:55] [Server thread/INFO]: Saving chunks for level 'ServerLevel[Epic survival world]'/minecraft:overworld
[21:03:55] [Render thread/INFO]: Stopping worker threads
[21:03:55] [Server thread/INFO]: Saving chunks for level 'ServerLevel[Epic survival world]'/minecraft:the_end
[21:03:55] [Server thread/INFO]: Saving chunks for level 'ServerLevel[Epic survival world]'/minecraft:the_nether
[21:03:55] [Render thread/INFO]: Started 6 worker threads
[21:23:11] [Server thread/WARN]: Mismatch in destroy block pos: class_2338{x=-19, y=68, z=-50} class_2338{x=-58, y=66, z=-62}
[21:31:37] [Render thread/WARN]: Unable to play empty soundEvent: minecraft:entity.puffer_fish.ambient
[22:07:05] [Render thread/INFO]: Stopping worker threads
[22:07:05] [Render thread/INFO]: Started 6 worker threads
[22:07:05] [Server thread/INFO]: Saving and pausing game...
[22:07:05] [Render thread/INFO]: Stopping worker threads
[22:07:05] [Server thread/INFO]: Saving chunks for level 'ServerLevel[Epic survival world]'/minecraft:overworld
[22:07:05] [Render thread/INFO]: Started 6 worker threads
[22:07:05] [Server thread/INFO]: Saving chunks for level 'ServerLevel[Epic survival world]'/minecraft:the_end
[22:07:05] [Server thread/INFO]: Saving chunks for level 'ServerLevel[Epic survival world]'/minecraft:the_nether
[22:31:50] [Essential Thread 13/WARN]: Connection closed unexpectedly (CloseInfo(code=4500, reason=SERVER_KEEP_ALIVE_TIMEOUT, remote=false, outdated=false)) after 1h 42m 58.740674600s
[22:31:50] [Render thread/INFO]: Authenticating to Mojang as 16thGarden (dc0548c7-2c22-450e-91f5-2a17cfde2a12)
[22:31:50] [DefaultDispatcher-worker-11/INFO]: Connecting to Essential Connection Manager...
[22:31:53] [WebSocketConnectReadThread-701/INFO]: Connected to Essential Connection Manager.
[22:40:02] [Render thread/INFO]: Stopping worker threads
[22:40:02] [Render thread/INFO]: Started 6 worker threads
[22:40:02] [Server thread/INFO]: Saving and pausing game...
[22:40:02] [Server thread/INFO]: Saving chunks for level 'ServerLevel[Epic survival world]'/minecraft:overworld
[22:40:02] [Render thread/INFO]: Stopping worker threads
[22:40:02] [Server thread/INFO]: Saving chunks for level 'ServerLevel[Epic survival world]'/minecraft:the_end
[22:40:02] [Server thread/INFO]: Saving chunks for level 'ServerLevel[Epic survival world]'/minecraft:the_nether
[22:40:02] [Render thread/INFO]: Started 6 worker threads
[22:49:50] [Server thread/WARN]: 16thGarden moved wrongly!
[23:08:31] [WebSocketConnectReadThread-701/WARN]: Connection closed unexpectedly (CloseInfo(code=1006, reason=, remote=true, outdated=false)) after 36m 37.962594700s
[23:08:31] [Render thread/INFO]: Authenticating to Mojang as 16thGarden (dc0548c7-2c22-450e-91f5-2a17cfde2a12)
[23:08:32] [DefaultDispatcher-worker-9/INFO]: Connecting to Essential Connection Manager...
[23:08:33] [WebSocketConnectReadThread-757/INFO]: Connected to Essential Connection Manager.
[23:15:23] [WebSocketConnectReadThread-757/WARN]: Connection closed unexpectedly (CloseInfo(code=1006, reason=, remote=true, outdated=false)) after 6m 50.017377800s
[23:15:23] [Render thread/INFO]: Authenticating to Mojang as 16thGarden (dc0548c7-2c22-450e-91f5-2a17cfde2a12)
[23:15:24] [DefaultDispatcher-worker-10/INFO]: Connecting to Essential Connection Manager...
[23:15:26] [WebSocketConnectReadThread-786/INFO]: Connected to Essential Connection Manager.
[23:16:31] [Server thread/WARN]: 16thGarden moved wrongly!
[23:23:46] [Render thread/INFO]: Stopping worker threads
[23:23:46] [Render thread/INFO]: Started 6 worker threads
[23:23:46] [Server thread/INFO]: Saving and pausing game...
[23:23:46] [Render thread/INFO]: Stopping worker threads
[23:23:46] [Server thread/INFO]: Saving chunks for level 'ServerLevel[Epic survival world]'/minecraft:overworld
[23:23:46] [Render thread/INFO]: Started 6 worker threads
[23:23:46] [Server thread/INFO]: Saving chunks for level 'ServerLevel[Epic survival world]'/minecraft:the_end
[23:23:46] [Server thread/INFO]: Saving chunks for level 'ServerLevel[Epic survival world]'/minecraft:the_nether
[23:45:43] [Server thread/INFO]: Saving and pausing game...
[23:45:43] [Server thread/INFO]: Saving chunks for level 'ServerLevel[Epic survival world]'/minecraft:overworld
[23:45:43] [Server thread/INFO]: Saving chunks for level 'ServerLevel[Epic survival world]'/minecraft:the_end
[23:45:43] [Server thread/INFO]: Saving chunks for level 'ServerLevel[Epic survival world]'/minecraft:the_nether
[23:51:51] [Render thread/INFO]: Stopping worker threads
[23:51:51] [Render thread/INFO]: Started 6 worker threads
[23:51:51] [Server thread/INFO]: Saving and pausing game...
[23:51:51] [Render thread/INFO]: Stopping worker threads
[23:51:51] [Server thread/INFO]: Saving chunks for level 'ServerLevel[Epic survival world]'/minecraft:overworld
[23:51:51] [Render thread/INFO]: Started 6 worker threads
[23:51:51] [Server thread/INFO]: Saving chunks for level 'ServerLevel[Epic survival world]'/minecraft:the_end
[23:51:51] [Server thread/INFO]: Saving chunks for level 'ServerLevel[Epic survival world]'/minecraft:the_nether
