[04:46:09] [Server thread/INFO]: Saving and pausing game...
[04:46:09] [Server thread/INFO]: Saving chunks for level 'ServerLevel[testing]'/minecraft:overworld
[04:46:09] [Server thread/INFO]: Saving chunks for level 'ServerLevel[testing]'/minecraft:the_nether
[04:46:09] [Server thread/INFO]: Saving chunks for level 'ServerLevel[testing]'/minecraft:the_end
[04:46:09] [Server thread/INFO]: 16thGarden lost connection: Disconnected
[04:46:09] [Server thread/INFO]: 16thGarden left the game
[04:46:09] [Server thread/INFO]: Stopping singleplayer server as player logged out
[04:46:09] [Server thread/INFO]: Stopping server
[04:46:09] [Server thread/INFO]: Saving players
[04:46:09] [Server thread/INFO]: Saving worlds
[04:46:09] [Server thread/INFO]: Saving chunks for level 'ServerLevel[testing]'/minecraft:overworld
[04:46:09] [Server thread/INFO]: Saving chunks for level 'ServerLevel[testing]'/minecraft:the_nether
[04:46:09] [Server thread/INFO]: Saving chunks for level 'ServerLevel[testing]'/minecraft:the_end
[04:46:09] [Server thread/INFO]: ThreadedAnvilChunkStorage (New World (1)): All chunks are saved
[04:46:09] [Server thread/INFO]: ThreadedAnvilChunkStorage (DIM-1): All chunks are saved
[04:46:09] [Server thread/INFO]: ThreadedAnvilChunkStorage (DIM1): All chunks are saved
[04:46:09] [Server thread/INFO]: ThreadedAnvilChunkStorage: All dimensions are saved
[04:46:09] [Render thread/INFO]: Stopping worker threads
[04:46:10] [CullThread/INFO]: [STDOUT]: Shutting down culling task!
[04:46:10] [Render thread/INFO]: Stopping!
