[13:37:17] [main/INFO]: Loading Minecraft 1.20.4 with Fabric Loader 0.15.7
[13:37:17] [main/WARN]: Warnings were found!
 - Mod 'CIT Resewn' (citresewn) 1.1.4+1.20.4 recommends any version of modmenu, which is missing!
	 - You should install any version of modmenu for the optimal experience.
[13:37:17] [main/INFO]: Loading 74 mods:
	- advanced-xray-fabric 84.0.0
	- appleskin 2.5.1+mc1.20.3
	   \-- cloth-config 13.0.114
	        \-- cloth-basic-math 0.6.1
	- carpet 1.4.128+v231205
	- citresewn 1.1.4+1.20.4
	   \-- citresewn-defaults 1.1.4+1.20.4
	- entityculling 1.6.3.1
	- essential-container 1.0.0
	   \-- essential-loader 1.2.1
	- fabric-api 0.96.4+1.20.4
	   |-- fabric-api-base 0.4.36+78d798af4f
	   |-- fabric-api-lookup-api-v1 1.6.49+82b1bb3e4f
	   |-- fabric-biome-api-v1 13.0.16+78d798af4f
	   |-- fabric-block-api-v1 1.0.16+3e2216cb4f
	   |-- fabric-block-view-api-v2 1.0.4+78d798af4f
	   |-- fabric-blockrenderlayer-v1 1.1.46+78d798af4f
	   |-- fabric-client-tags-api-v1 1.1.7+78d798af4f
	   |-- fabric-command-api-v1 1.2.41+f71b366f4f
	   |-- fabric-command-api-v2 2.2.20+78d798af4f
	   |-- fabric-commands-v0 0.2.58+df3654b34f
	   |-- fabric-containers-v0 0.1.86+df3654b34f
	   |-- fabric-content-registries-v0 5.0.14+78d798af4f
	   |-- fabric-convention-tags-v1 1.5.10+78d798af4f
	   |-- fabric-crash-report-info-v1 0.2.23+78d798af4f
	   |-- fabric-data-attachment-api-v1 1.1.3+b90db5744f
	   |-- fabric-data-generation-api-v1 13.2.3+5c0133444f
	   |-- fabric-dimensions-v1 2.1.61+78d798af4f
	   |-- fabric-entity-events-v1 1.6.1+09fc25014f
	   |-- fabric-events-interaction-v0 0.7.1+389931eb4f
	   |-- fabric-events-lifecycle-v0 0.2.74+df3654b34f
	   |-- fabric-game-rule-api-v1 1.0.46+78d798af4f
	   |-- fabric-item-api-v1 2.2.0+d6f2b0844f
	   |-- fabric-item-group-api-v1 4.0.25+58f8c0124f
	   |-- fabric-key-binding-api-v1 1.0.41+78d798af4f
	   |-- fabric-keybindings-v0 0.2.39+df3654b34f
	   |-- fabric-lifecycle-events-v1 2.3.0+a67ffb5d4f
	   |-- fabric-loot-api-v2 2.1.8+78d798af4f
	   |-- fabric-message-api-v1 6.0.5+78d798af4f
	   |-- fabric-mining-level-api-v1 2.1.64+78d798af4f
	   |-- fabric-model-loading-api-v1 1.0.8+78d798af4f
	   |-- fabric-models-v0 0.4.7+9386d8a74f
	   |-- fabric-networking-api-v1 3.1.7+2e5ac5484f
	   |-- fabric-object-builder-api-v1 13.0.13+080016e44f
	   |-- fabric-particles-v1 1.1.7+78d798af4f
	   |-- fabric-recipe-api-v1 2.0.20+78d798af4f
	   |-- fabric-registry-sync-v0 4.0.19+58f8c0124f
	   |-- fabric-renderer-api-v1 3.2.4+78d798af4f
	   |-- fabric-renderer-indigo 1.5.4+78d798af4f
	   |-- fabric-renderer-registries-v1 3.2.53+df3654b34f
	   |-- fabric-rendering-data-attachment-v1 0.3.42+73761d2e4f
	   |-- fabric-rendering-fluids-v1 3.1.1+e761c6694f
	   |-- fabric-rendering-v0 1.1.56+df3654b34f
	   |-- fabric-rendering-v1 3.2.0+6fd945a04f
	   |-- fabric-resource-conditions-api-v1 2.3.14+78d798af4f
	   |-- fabric-resource-loader-v0 0.11.19+58f8c0124f
	   |-- fabric-screen-api-v1 2.0.17+78d798af4f
	   |-- fabric-screen-handler-api-v1 1.3.55+78d798af4f
	   |-- fabric-sound-api-v1 1.0.17+78d798af4f
	   |-- fabric-transfer-api-v1 4.0.11+e84342304f
	   \-- fabric-transitive-access-wideners-v1 5.0.14+78d798af4f
	- fabricloader 0.15.7
	   \-- mixinextras 0.3.5
	- java 17
	- litematica 0.17.0
	- lithium 0.12.1
	- logical_zoom 0.0.22
	- malilib 0.18.1
	- minecraft 1.20.4
	- minihud 0.30.2
	- nvidium 0.2.6-beta
	- rebind_narrator 2.0.2
	- sodium 0.5.8+mc1.20.4
	- tweakeroo 0.19.2
[13:37:17] [main/INFO]: SpongePowered MIXIN Subsystem Version=0.8.5 Source=file:/C:/Users/Miguel%20Leyesa/AppData/Roaming/.minecraft/libraries/net/fabricmc/sponge-mixin/0.12.5+mixin.0.8.5/sponge-mixin-0.12.5+mixin.0.8.5.jar Service=Knot/Fabric Env=CLIENT
[13:37:17] [main/INFO]: Compatibility level set to JAVA_17
[13:37:18] [main/INFO]: Loaded configuration file for Lithium: 129 options available, 0 override(s) found
[13:37:18] [main/INFO]: Loaded configuration file for Sodium: 42 options available, 0 override(s) found
[13:37:20] [main/WARN]: Found newer Essential Loader (stage2) version 1.6.0 [stable], skipping at user request
[13:37:20] [main/INFO]: Starting Essential Loader (stage2) version 1.4.1+fabric-1.20.4 (9cbd42842e1a0f4db9463ba79962010f) [stable]
[13:37:21] [main/INFO]: Starting Essential v1.3.1.3 (#88238d7752) [stable]
[13:37:21] [main/INFO]: Java: OpenJDK 64-Bit Server VM (v17.0.8) by Microsoft (Microsoft)
[13:37:21] [main/INFO]: Java Path: C:\Users\Miguel Leyesa\AppData\Local\Packages\Microsoft.4297127D64EC6_8wekyb3d8bbwe\LocalCache\Local\runtime\java-runtime-gamma\windows-x64\java-runtime-gamma\bin
[13:37:21] [main/INFO]: Java Info: mixed mode
[13:37:21] [main/INFO]: JVM Arguments: 
  - -XX:HeapDumpPath=MojangTricksIntelDriversForPerformance_javaw.exe_minecraft.exe.heapdump
  - -Djava.library.path=C:\Users\Miguel Leyesa\AppData\Roaming\.minecraft\bin\cc9d3839148d498f98557594755fb8ae999dc26b
  - -Djna.tmpdir=C:\Users\Miguel Leyesa\AppData\Roaming\.minecraft\bin\cc9d3839148d498f98557594755fb8ae999dc26b
  - -Dorg.lwjgl.system.SharedLibraryExtractPath=C:\Users\Miguel Leyesa\AppData\Roaming\.minecraft\bin\cc9d3839148d498f98557594755fb8ae999dc26b
  - -Dio.netty.native.workdir=C:\Users\Miguel Leyesa\AppData\Roaming\.minecraft\bin\cc9d3839148d498f98557594755fb8ae999dc26b
  - -Dminecraft.launcher.brand=minecraft-launcher
  - -Dminecraft.launcher.version=2.21.26
  - -DFabricMcEmu= net.minecraft.client.main.Main 
  - -Xmx4G
  - -XX:+UnlockExperimentalVMOptions
  - -XX:+UseG1GC
  - -XX:G1NewSizePercent=20
  - -XX:G1ReservePercent=20
  - -XX:MaxGCPauseMillis=50
  - -XX:G1HeapRegionSize=32M
  - -Dlog4j.configurationFile=C:\Users\Miguel Leyesa\AppData\Roaming\.minecraft\assets\log_configs\client-1.12.xml
[13:37:21] [main/INFO]: OS: Windows 11 (v10.0) (Arch: amd64)
[13:37:21] [main/INFO]: Searching for graphics cards...
[13:37:21] [main/INFO]: Initializing MixinExtras via com.llamalad7.mixinextras.service.MixinExtrasServiceImpl(version=0.3.5).
[13:37:22] [main/INFO]: Found graphics card: GraphicsAdapterInfo[vendor=NVIDIA, name=NVIDIA GeForce RTX 3050 Laptop GPU, version=DriverVersion=31.0.15.4629]
[13:37:22] [main/INFO]: Found graphics card: GraphicsAdapterInfo[vendor=INTEL, name=Intel(R) UHD Graphics, version=DriverVersion=30.0.100.9864]
[13:37:22] [main/WARN]: Sodium has applied one or more workarounds to prevent crashes or other issues on your system: [NVIDIA_THREADED_OPTIMIZATIONS]
[13:37:22] [main/WARN]: This is not necessarily an issue, but it may result in certain features or optimizations being disabled. You can sometimes fix these issues by upgrading your graphics driver.
[13:37:26] [main/WARN]: @ModifyConstant conflict. Skipping mixins.tweakeroo.json:MixinStructureBlockBlockEntity from mod tweakeroo->@ModifyConstant::overrideMaxSize(I)I with priority 999, already redirected by carpet.mixins.json:StructureBlockEntity_limitsMixin from mod carpet->@ModifyConstant::negativeLimit(I)I with priority 1000
[13:37:26] [main/WARN]: @ModifyConstant conflict. Skipping mixins.tweakeroo.json:MixinStructureBlockBlockEntity from mod tweakeroo->@ModifyConstant::overrideMaxSize(I)I with priority 999, already redirected by carpet.mixins.json:StructureBlockEntity_limitsMixin from mod carpet->@ModifyConstant::positiveLimit(I)I with priority 1000
[13:37:26] [main/WARN]: @ModifyConstant conflict. Skipping mixins.tweakeroo.json:MixinStructureBlockBlockEntity from mod tweakeroo->@ModifyConstant::overrideMaxSize(I)I with priority 999, already redirected by carpet.mixins.json:StructureBlockEntity_limitsMixin from mod carpet->@ModifyConstant::negativeLimit(I)I with priority 1000
[13:37:26] [main/WARN]: @ModifyConstant conflict. Skipping mixins.tweakeroo.json:MixinStructureBlockBlockEntity from mod tweakeroo->@ModifyConstant::overrideMaxSize(I)I with priority 999, already redirected by carpet.mixins.json:StructureBlockEntity_limitsMixin from mod carpet->@ModifyConstant::positiveLimit(I)I with priority 1000
[13:37:26] [main/WARN]: @ModifyConstant conflict. Skipping mixins.tweakeroo.json:MixinStructureBlockBlockEntity from mod tweakeroo->@ModifyConstant::overrideMaxSize(I)I with priority 999, already redirected by carpet.mixins.json:StructureBlockEntity_limitsMixin from mod carpet->@ModifyConstant::negativeLimit(I)I with priority 1000
[13:37:26] [main/WARN]: @ModifyConstant conflict. Skipping mixins.tweakeroo.json:MixinStructureBlockBlockEntity from mod tweakeroo->@ModifyConstant::overrideMaxSize(I)I with priority 999, already redirected by carpet.mixins.json:StructureBlockEntity_limitsMixin from mod carpet->@ModifyConstant::positiveLimit(I)I with priority 1000
[13:37:26] [main/WARN]: @ModifyConstant conflict. Skipping mixins.tweakeroo.json:MixinStructureBlockBlockEntity from mod tweakeroo->@ModifyConstant::overrideMaxSize(I)I with priority 999, already redirected by carpet.mixins.json:StructureBlockEntity_limitsMixin from mod carpet->@ModifyConstant::positiveLimit(I)I with priority 1000
[13:37:26] [main/WARN]: @ModifyConstant conflict. Skipping mixins.tweakeroo.json:MixinStructureBlockBlockEntity from mod tweakeroo->@ModifyConstant::overrideMaxSize(I)I with priority 999, already redirected by carpet.mixins.json:StructureBlockEntity_limitsMixin from mod carpet->@ModifyConstant::positiveLimit(I)I with priority 1000
[13:37:26] [main/WARN]: @ModifyConstant conflict. Skipping mixins.tweakeroo.json:MixinStructureBlockBlockEntity from mod tweakeroo->@ModifyConstant::overrideMaxSize(I)I with priority 999, already redirected by carpet.mixins.json:StructureBlockEntity_limitsMixin from mod carpet->@ModifyConstant::positiveLimit(I)I with priority 1000
[13:37:28] [Datafixer Bootstrap/INFO]: 198 Datafixer optimizations took 178 milliseconds
[13:37:31] [Render thread/INFO]: Environment: Environment[sessionHost=https://sessionserver.mojang.com, servicesHost=https://api.minecraftservices.com, name=PROD]
[13:37:31] [Render thread/INFO]: Setting user: 16thGarden
[13:37:33] [Render thread/INFO]: Starting DI!
[13:37:33] [Render thread/INFO]: Authenticating to Mojang as 16thGarden (dc0548c7-2c22-450e-91f5-2a17cfde2a12)
[13:37:33] [DefaultDispatcher-worker-2/INFO]: Connecting to Essential Connection Manager...
[13:37:34] [DefaultDispatcher-worker-2/INFO]: Using Default JreDnsResolver
[13:37:34] [DefaultDispatcher-worker-2/INFO]: Using Default JreSocketFactory
[13:37:34] [Render thread/INFO]: XRay mod has been initialized
[13:37:34] [Render thread/INFO]: [citresewn] Registering CIT Conditions
[13:37:34] [Render thread/INFO]: [citresewn] Registering CIT Types
[13:37:34] [Render thread/INFO]: [Indigo] Different rendering plugin detected; not applying Indigo.
[13:37:34] [Render thread/INFO]: OptiFine not detected.
[13:37:34] [WebSocketConnectReadThread-74/INFO]: Connected to Essential Connection Manager.
[13:37:34] [Render thread/INFO]: Backend library: LWJGL version 3.3.2-snapshot
[13:37:35] [Render thread/WARN]: Applying workaround: Prevent the NVIDIA OpenGL driver from using broken optimizations (NVIDIA_THREADED_OPTIMIZATIONS)
[13:37:35] [Render thread/INFO]: All capabilities met
[13:37:35] [Render thread/INFO]: Enabling Nvidium
[13:37:35] [Render thread/INFO]: OpenGL Vendor: NVIDIA Corporation
[13:37:35] [Render thread/INFO]: OpenGL Renderer: NVIDIA GeForce RTX 3050 Laptop GPU/PCIe/SSE2
[13:37:35] [Render thread/INFO]: OpenGL Version: 3.2.0 NVIDIA 546.29
[13:37:36] [Render thread/WARN]: Pack file/coffee totem declared support for versions [16, 22] but declared main format is 9, defaulting to 9
[13:37:36] [ForkJoinPool.commonPool-worker-1/INFO]: [STDERR]: org.objectweb.asm.tree.analysis.AnalyzerException: Error at instruction 137: Trying to set an inexistant local variable 9
[13:37:36] [ForkJoinPool.commonPool-worker-1/INFO]: [STDERR]: 	at org.objectweb.asm.tree.analysis.Analyzer.analyze(Analyzer.java:279)
[13:37:36] [ForkJoinPool.commonPool-worker-1/INFO]: [STDERR]: 	at org.spongepowered.asm.util.Locals.generateLocalVariableTable(Locals.java:859)
[13:37:36] [ForkJoinPool.commonPool-worker-1/INFO]: [STDERR]: 	at org.spongepowered.asm.util.Locals.getGeneratedLocalVariableTable(Locals.java:828)
[13:37:36] [ForkJoinPool.commonPool-worker-1/INFO]: [STDERR]: 	at org.spongepowered.asm.util.Locals.getLocalVariableAt(Locals.java:782)
[13:37:36] [ForkJoinPool.commonPool-worker-1/INFO]: [STDERR]: 	at org.spongepowered.asm.util.Locals.getLocalVariableAt(Locals.java:752)
[13:37:36] [ForkJoinPool.commonPool-worker-1/INFO]: [STDERR]: 	at org.spongepowered.asm.util.Locals.getLocalsAt(Locals.java:529)
[13:37:36] [ForkJoinPool.commonPool-worker-1/INFO]: [STDERR]: 	at org.spongepowered.asm.util.Locals.getLocalsAt(Locals.java:336)
[13:37:36] [ForkJoinPool.commonPool-worker-1/INFO]: [STDERR]: 	at org.spongepowered.asm.mixin.injection.modify.LocalVariableDiscriminator$Context.initLocals(LocalVariableDiscriminator.java:154)
[13:37:36] [ForkJoinPool.commonPool-worker-1/INFO]: [STDERR]: 	at org.spongepowered.asm.mixin.injection.modify.LocalVariableDiscriminator$Context.<init>(LocalVariableDiscriminator.java:148)
[13:37:36] [ForkJoinPool.commonPool-worker-1/INFO]: [STDERR]: 	at org.spongepowered.asm.mixin.injection.modify.ModifyVariableInjector$Context.<init>(ModifyVariableInjector.java:71)
[13:37:36] [ForkJoinPool.commonPool-worker-1/INFO]: [STDERR]: 	at org.spongepowered.asm.mixin.injection.modify.ModifyVariableInjector.preInject(ModifyVariableInjector.java:159)
[13:37:36] [ForkJoinPool.commonPool-worker-1/INFO]: [STDERR]: 	at org.spongepowered.asm.mixin.injection.code.Injector.preInject(Injector.java:258)
[13:37:36] [ForkJoinPool.commonPool-worker-1/INFO]: [STDERR]: 	at org.spongepowered.asm.mixin.injection.struct.InjectionInfo.preInject(InjectionInfo.java:436)
[13:37:36] [ForkJoinPool.commonPool-worker-1/INFO]: [STDERR]: 	at org.spongepowered.asm.mixin.transformer.MixinTargetContext.applyInjections(MixinTargetContext.java:1370)
[13:37:36] [ForkJoinPool.commonPool-worker-1/INFO]: [STDERR]: 	at org.spongepowered.asm.mixin.transformer.MixinApplicatorStandard.applyInjections(MixinApplicatorStandard.java:1062)
[13:37:36] [ForkJoinPool.commonPool-worker-1/INFO]: [STDERR]: 	at org.spongepowered.asm.mixin.transformer.MixinApplicatorStandard.applyMixin(MixinApplicatorStandard.java:402)
[13:37:36] [ForkJoinPool.commonPool-worker-1/INFO]: [STDERR]: 	at org.spongepowered.asm.mixin.transformer.MixinApplicatorStandard.apply(MixinApplicatorStandard.java:327)
[13:37:36] [ForkJoinPool.commonPool-worker-1/INFO]: [STDERR]: 	at org.spongepowered.asm.mixin.transformer.TargetClassContext.apply(TargetClassContext.java:421)
[13:37:36] [ForkJoinPool.commonPool-worker-1/INFO]: [STDERR]: 	at org.spongepowered.asm.mixin.transformer.TargetClassContext.applyMixins(TargetClassContext.java:403)
[13:37:36] [ForkJoinPool.commonPool-worker-1/INFO]: [STDERR]: 	at org.spongepowered.asm.mixin.transformer.MixinProcessor.applyMixins(MixinProcessor.java:363)
[13:37:36] [ForkJoinPool.commonPool-worker-1/INFO]: [STDERR]: 	at org.spongepowered.asm.mixin.transformer.MixinTransformer.transformClass(MixinTransformer.java:234)
[13:37:36] [ForkJoinPool.commonPool-worker-1/INFO]: [STDERR]: 	at org.spongepowered.asm.mixin.transformer.MixinTransformer.transformClassBytes(MixinTransformer.java:202)
[13:37:36] [ForkJoinPool.commonPool-worker-1/INFO]: [STDERR]: 	at net.fabricmc.loader.impl.launch.knot.KnotClassDelegate.getPostMixinClassByteArray(KnotClassDelegate.java:422)
[13:37:36] [ForkJoinPool.commonPool-worker-1/INFO]: [STDERR]: 	at net.fabricmc.loader.impl.launch.knot.KnotClassDelegate.tryLoadClass(KnotClassDelegate.java:323)
[13:37:36] [ForkJoinPool.commonPool-worker-1/INFO]: [STDERR]: 	at net.fabricmc.loader.impl.launch.knot.KnotClassDelegate.loadClass(KnotClassDelegate.java:218)
[13:37:36] [ForkJoinPool.commonPool-worker-1/INFO]: [STDERR]: 	at net.fabricmc.loader.impl.launch.knot.KnotClassLoader.loadClass(KnotClassLoader.java:119)
[13:37:36] [ForkJoinPool.commonPool-worker-1/INFO]: [STDERR]: 	at java.base/java.lang.ClassLoader.loadClass(ClassLoader.java:525)
[13:37:36] [ForkJoinPool.commonPool-worker-1/INFO]: [STDERR]: 	at gg.essential.universal.UGraphics.<clinit>(UGraphics.java:774)
[13:37:36] [ForkJoinPool.commonPool-worker-1/INFO]: [STDERR]: 	at gg.essential.elementa.components.UIImage._init_$lambda-1(UIImage.kt:60)
[13:37:36] [ForkJoinPool.commonPool-worker-1/INFO]: [STDERR]: 	at java.base/java.util.concurrent.CompletableFuture$UniAccept.tryFire(CompletableFuture.java:718)
[13:37:36] [ForkJoinPool.commonPool-worker-1/INFO]: [STDERR]: 	at java.base/java.util.concurrent.CompletableFuture$Completion.exec(CompletableFuture.java:483)
[13:37:36] [ForkJoinPool.commonPool-worker-1/INFO]: [STDERR]: 	at java.base/java.util.concurrent.ForkJoinTask.doExec(ForkJoinTask.java:373)
[13:37:36] [ForkJoinPool.commonPool-worker-1/INFO]: [STDERR]: 	at java.base/java.util.concurrent.ForkJoinPool$WorkQueue.topLevelExec(ForkJoinPool.java:1182)
[13:37:36] [ForkJoinPool.commonPool-worker-1/INFO]: [STDERR]: 	at java.base/java.util.concurrent.ForkJoinPool.scan(ForkJoinPool.java:1655)
[13:37:36] [ForkJoinPool.commonPool-worker-1/INFO]: [STDERR]: 	at java.base/java.util.concurrent.ForkJoinPool.runWorker(ForkJoinPool.java:1622)
[13:37:36] [ForkJoinPool.commonPool-worker-1/INFO]: [STDERR]: 	at java.base/java.util.concurrent.ForkJoinWorkerThread.run(ForkJoinWorkerThread.java:165)
[13:37:36] [ForkJoinPool.commonPool-worker-1/INFO]: [STDERR]: Caused by: java.lang.IndexOutOfBoundsException: Trying to set an inexistant local variable 9
[13:37:36] [ForkJoinPool.commonPool-worker-1/INFO]: [STDERR]: 	at org.objectweb.asm.tree.analysis.Frame.setLocal(Frame.java:208)
[13:37:36] [ForkJoinPool.commonPool-worker-1/INFO]: [STDERR]: 	at org.objectweb.asm.tree.analysis.Frame.execute(Frame.java:337)
[13:37:36] [ForkJoinPool.commonPool-worker-1/INFO]: [STDERR]: 	at org.objectweb.asm.tree.analysis.Analyzer.analyze(Analyzer.java:171)
[13:37:36] [ForkJoinPool.commonPool-worker-1/INFO]: [STDERR]: 	... 35 more
[13:37:39] [Render thread/INFO]: Reloading ResourceManager: vanilla, fabric, advanced-xray-fabric, appleskin, carpet, citresewn, citresewn-defaults, cloth-config, entityculling, essential, essential-container, essential-loader, fabric-api, fabric-api-base, fabric-api-lookup-api-v1, fabric-biome-api-v1, fabric-block-api-v1, fabric-block-view-api-v2, fabric-blockrenderlayer-v1, fabric-client-tags-api-v1, fabric-command-api-v1, fabric-command-api-v2, fabric-commands-v0, fabric-containers-v0, fabric-content-registries-v0, fabric-convention-tags-v1, fabric-crash-report-info-v1, fabric-data-attachment-api-v1, fabric-data-generation-api-v1, fabric-dimensions-v1, fabric-entity-events-v1, fabric-events-interaction-v0, fabric-events-lifecycle-v0, fabric-game-rule-api-v1, fabric-item-api-v1, fabric-item-group-api-v1, fabric-key-binding-api-v1, fabric-keybindings-v0, fabric-language-kotlin, fabric-lifecycle-events-v1, fabric-loot-api-v2, fabric-message-api-v1, fabric-mining-level-api-v1, fabric-model-loading-api-v1, fabric-models-v0, fabric-networking-api-v1, fabric-object-builder-api-v1, fabric-particles-v1, fabric-recipe-api-v1, fabric-registry-sync-v0, fabric-renderer-api-v1, fabric-renderer-indigo, fabric-renderer-registries-v1, fabric-rendering-data-attachment-v1, fabric-rendering-fluids-v1, fabric-rendering-v0, fabric-rendering-v1, fabric-resource-conditions-api-v1, fabric-resource-loader-v0, fabric-screen-api-v1, fabric-screen-handler-api-v1, fabric-sound-api-v1, fabric-transfer-api-v1, fabric-transitive-access-wideners-v1, fabricloader, litematica, lithium, logical_zoom, malilib, minihud, nvidium, sodium, tweakeroo, file/KonciPET UI 1.1 default hunger, file/axolotl totem, file/VisibleAncientDebris.zip, file/Identifiable Powdered Snow Minecraft Modder, essential
[13:37:39] [Render thread/WARN]: Non [a-z0-9_.-] character in namespace .DS_Store in pack C:\Users\Miguel Leyesa\AppData\Roaming\.minecraft\resourcepacks\VisibleAncientDebris.zip, ignoring
[13:37:39] [Render thread/WARN]: Non [a-z0-9_.-] character in namespace .DS_Store in pack C:\Users\Miguel Leyesa\AppData\Roaming\.minecraft\resourcepacks\VisibleAncientDebris.zip, ignoring
[13:37:39] [Worker-Main-4/INFO]: Found unifont_all_no_pua-15.1.04.hex, loading
[13:37:39] [Worker-Main-8/WARN]: Invalid path in datapack: minecraft:textures/block/.DS_Store, ignoring
[13:37:39] [Worker-Main-6/WARN]: Non [a-z0-9_.-] character in namespace .DS_Store in pack C:\Users\Miguel Leyesa\AppData\Roaming\.minecraft\resourcepacks\VisibleAncientDebris.zip, ignoring
[13:37:40] [Render thread/INFO]: Client started, setting up xray store
[13:37:41] [DefaultDispatcher-worker-15/INFO]: Connected to Discord as starbuckslarge
[13:37:42] [Render thread/WARN]: Missing sound for event: minecraft:item.goat_horn.play
[13:37:42] [Render thread/WARN]: Missing sound for event: minecraft:entity.goat.screaming.horn_break
[13:37:42] [Render thread/WARN]: Missing sound for event: minecraft:entity.generic.wind_burst
[13:37:42] [Render thread/INFO]: OpenAL initialized on device OpenAL Soft on Speakers (Razer Kraken Kitty Edition)
[13:37:42] [Render thread/INFO]: Sound engine started
[13:37:43] [Render thread/INFO]: Created: 1024x512x4 minecraft:textures/atlas/blocks.png-atlas
[13:37:43] [Render thread/INFO]: Created: 256x256x4 minecraft:textures/atlas/signs.png-atlas
[13:37:43] [Render thread/INFO]: Created: 512x512x4 minecraft:textures/atlas/shield_patterns.png-atlas
[13:37:43] [Render thread/INFO]: Created: 512x512x4 minecraft:textures/atlas/banner_patterns.png-atlas
[13:37:43] [Render thread/INFO]: Created: 1024x1024x4 minecraft:textures/atlas/armor_trims.png-atlas
[13:37:43] [Render thread/INFO]: Created: 128x64x4 minecraft:textures/atlas/decorated_pot.png-atlas
[13:37:43] [Render thread/INFO]: Created: 256x256x4 minecraft:textures/atlas/chest.png-atlas
[13:37:43] [Render thread/INFO]: Created: 512x256x4 minecraft:textures/atlas/shulker_boxes.png-atlas
[13:37:43] [Render thread/INFO]: Created: 512x256x4 minecraft:textures/atlas/beds.png-atlas
[13:37:43] [Render thread/WARN]: Shader rendertype_entity_translucent_emissive could not find sampler named Sampler2 in the specified shader program.
[13:37:43] [Render thread/INFO]: Created: 512x256x0 minecraft:textures/atlas/particles.png-atlas
[13:37:43] [Render thread/INFO]: Created: 256x256x0 minecraft:textures/atlas/paintings.png-atlas
[13:37:43] [Render thread/INFO]: Created: 128x128x0 minecraft:textures/atlas/mob_effects.png-atlas
[13:37:43] [Render thread/INFO]: Created: 1024x512x0 minecraft:textures/atlas/gui.png-atlas
[13:37:45] [Render thread/WARN]: Shader cabb2374eda405e66b897908637abd1da5deac52 could not find uniform named subpixel_amount in the specified shader program.
[17:46:34] [IO-Worker-67/ERROR]: Could not parse RealmsError
com.google.gson.JsonSyntaxException: com.google.gson.stream.MalformedJsonException: Use JsonReader.setLenient(true) to accept malformed JSON at line 1 column 12 path $
	at com.google.gson.JsonParser.parseReader(JsonParser.java:76) ~[gson-2.10.1.jar:?]
	at com.google.gson.JsonParser.parseString(JsonParser.java:51) ~[gson-2.10.1.jar:?]
	at net.minecraft.class_4345.method_30162(class_4345.java:150) ~[client-intermediary.jar:?]
	at net.minecraft.class_4341.method_20998(class_4341.java:450) ~[client-intermediary.jar:?]
	at net.minecraft.class_4341.method_21030(class_4341.java:356) ~[client-intermediary.jar:?]
	at net.minecraft.class_4341.method_21029(class_4341.java:351) ~[client-intermediary.jar:?]
	at net.minecraft.class_7581$class_7586.method_44642(class_7581.java:94) ~[client-intermediary.jar:?]
	at java.util.concurrent.CompletableFuture$AsyncSupply.run(CompletableFuture.java:1768) ~[?:?]
	at java.util.concurrent.ThreadPoolExecutor.runWorker(ThreadPoolExecutor.java:1136) ~[?:?]
	at java.util.concurrent.ThreadPoolExecutor$Worker.run(ThreadPoolExecutor.java:635) ~[?:?]
	at java.lang.Thread.run(Thread.java:833) ~[?:?]
Caused by: com.google.gson.stream.MalformedJsonException: Use JsonReader.setLenient(true) to accept malformed JSON at line 1 column 12 path $
	at com.google.gson.stream.JsonReader.syntaxError(JsonReader.java:1659) ~[gson-2.10.1.jar:?]
	at com.google.gson.stream.JsonReader.checkLenient(JsonReader.java:1465) ~[gson-2.10.1.jar:?]
	at com.google.gson.stream.JsonReader.doPeek(JsonReader.java:551) ~[gson-2.10.1.jar:?]
	at com.google.gson.stream.JsonReader.peek(JsonReader.java:433) ~[gson-2.10.1.jar:?]
	at com.google.gson.JsonParser.parseReader(JsonParser.java:71) ~[gson-2.10.1.jar:?]
	... 10 more
[17:46:34] [Render thread/WARN]: Failed to process task pending invite count, will repeat after 2 cycles
net.minecraft.class_4355: Realms service error (502) with raw payload '<!DOCTYPE html PUBLIC '-//W3C//DTD XHTML 1.0 Transitional//EN' 'http://www.w3.org/TR/xhtml1/DTD/xhtml1-transitional.dtd'>
<html xmlns='http://www.w3.org/1999/xhtml'>

<head>
    <meta content='text/html; charset=utf-8' http-equiv='content-type' />
    <style type='text/css'>
        body {
            font-family: Arial;
            margin-left: 40px;
        }

        img {
            border: 0 none;
        }

        #content {
            margin-left: auto;
            margin-right: auto
        }

        #message h2 {
            font-size: 20px;
            font-weight: normal;
            color: #000000;
            margin: 34px 0px 0px 0px
        }

        #message p {
            font-size: 13px;
            color: #000000;
            margin: 7px 0px 0px0px
        }

        #errorref {
            font-size: 11px;
            color: #737373;
            margin-top: 41px
        }
    </style>
    <title>Service unavailable</title>
</head>

<body>
    <div id='content'>
        <div id='message'>
            <h2>Our services aren't available right now</h2>
            <p>We're working to restore all services as soon as possible. Please check back soon.</p>
        </div>
        <div id='errorref'>
            <span>20240415T094634Z-159589cc56b7lszt87mvs63w4w00000006qg00000000p4e6            </span>
        </div>
    </div>
</body>
</html>
'
	at net.minecraft.class_4341.method_20998(class_4341.java:451) ~[client-intermediary.jar:?]
	at net.minecraft.class_4341.method_21030(class_4341.java:356) ~[client-intermediary.jar:?]
	at net.minecraft.class_4341.method_21029(class_4341.java:351) ~[client-intermediary.jar:?]
	at net.minecraft.class_7581$class_7586.method_44642(class_7581.java:94) ~[client-intermediary.jar:?]
	at java.util.concurrent.CompletableFuture$AsyncSupply.run(CompletableFuture.java:1768) ~[?:?]
	at java.util.concurrent.ThreadPoolExecutor.runWorker(ThreadPoolExecutor.java:1136) ~[?:?]
	at java.util.concurrent.ThreadPoolExecutor$Worker.run(ThreadPoolExecutor.java:635) ~[?:?]
	at java.lang.Thread.run(Thread.java:833) ~[?:?]
[18:16:40] [Render thread/WARN]: Failed to process task pending invite count, will repeat after 2 cycles
net.minecraft.class_4355: Realms service error (500) with message 'Could not connect to Realms: pc.realms.minecraft.net'
	at net.minecraft.class_4341.method_20998(class_4341.java:456) ~[client-intermediary.jar:?]
	at net.minecraft.class_4341.method_21030(class_4341.java:356) ~[client-intermediary.jar:?]
	at net.minecraft.class_4341.method_21029(class_4341.java:351) ~[client-intermediary.jar:?]
	at net.minecraft.class_7581$class_7586.method_44642(class_7581.java:94) ~[client-intermediary.jar:?]
	at java.util.concurrent.CompletableFuture$AsyncSupply.run(CompletableFuture.java:1768) ~[?:?]
	at java.util.concurrent.ThreadPoolExecutor.runWorker(ThreadPoolExecutor.java:1136) ~[?:?]
	at java.util.concurrent.ThreadPoolExecutor$Worker.run(ThreadPoolExecutor.java:635) ~[?:?]
	at java.lang.Thread.run(Thread.java:833) ~[?:?]
[18:46:19] [Render thread/INFO]: Loaded 7 recipes
[18:46:19] [Render thread/INFO]: Loaded 1271 advancements
[18:46:20] [Render thread/INFO]: Applied 0 biome modifications to 0 of 64 new biomes in 4.482 ms
[18:46:20] [Render thread/WARN]: @Redirect conflict. Skipping mixins.tweakeroo.json:MixinServerPlayNetworkHandler from mod tweakeroo->@Redirect::tweakeroo_removeHitPosCheck(Lnet/minecraft/class_243;Lnet/minecraft/class_243;)Lnet/minecraft/class_243; with priority 1005, already redirected by mixins.litematica.json:MixinServerPlayNetworkHandler from mod litematica->@Redirect::litematica_removeHitPosCheck(Lnet/minecraft/class_243;Lnet/minecraft/class_243;)Lnet/minecraft/class_243; with priority 1010
[18:46:20] [Server thread/INFO]: Starting integrated minecraft server version 1.20.4
[18:46:20] [Server thread/INFO]: Generating keypair
[18:46:21] [Server thread/INFO]: Preparing start region for dimension minecraft:overworld
[18:46:24] [Render thread/INFO]: Preparing spawn area: 0%
[18:46:24] [Render thread/INFO]: Preparing spawn area: 0%
[18:46:24] [Render thread/INFO]: Preparing spawn area: 0%
[18:46:24] [Render thread/INFO]: Preparing spawn area: 0%
[18:46:24] [Render thread/INFO]: Preparing spawn area: 0%
[18:46:24] [Render thread/INFO]: Preparing spawn area: 0%
[18:46:24] [Render thread/INFO]: Preparing spawn area: 0%
[18:46:24] [Render thread/INFO]: Preparing spawn area: 5%
[18:46:25] [Render thread/INFO]: Preparing spawn area: 86%
[18:46:25] [Render thread/INFO]: Time elapsed: 4047 ms
[18:46:25] [Server thread/INFO]: Changing view distance to 16, from 10
[18:46:25] [Server thread/INFO]: Changing simulation distance to 12, from 0
[18:46:26] [Server thread/INFO]: 16thGarden[local:E:12908dc7] logged in with entity id 136 at (68.62627104097703, -60.0, 24.127257778540102)
[18:46:26] [Server thread/INFO]: 16thGarden joined the game
[18:46:26] [Render thread/INFO]: Started 6 worker threads
[18:46:27] [Render thread/INFO]: Using 3 total BufferBuilder caches
[18:46:27] [Render thread/WARN]: Unable to read property: west with value: false for blockstate: {Name:"minecraft:cobblestone_wall",Properties:{east:"false",north:"false",south:"false",up:"false",west:"false"}}
[18:46:27] [Render thread/WARN]: Unable to read property: east with value: false for blockstate: {Name:"minecraft:cobblestone_wall",Properties:{east:"false",north:"false",south:"false",up:"false",west:"false"}}
[18:46:27] [Render thread/WARN]: Unable to read property: south with value: false for blockstate: {Name:"minecraft:cobblestone_wall",Properties:{east:"false",north:"false",south:"false",up:"false",west:"false"}}
[18:46:27] [Render thread/WARN]: Unable to read property: north with value: false for blockstate: {Name:"minecraft:cobblestone_wall",Properties:{east:"false",north:"false",south:"false",up:"false",west:"false"}}
[18:46:27] [Render thread/WARN]: Unable to read property: west with value: false for blockstate: {Name:"minecraft:mossy_cobblestone_wall",Properties:{east:"false",north:"false",south:"false",up:"false",west:"false"}}
[18:46:27] [Render thread/WARN]: Unable to read property: east with value: false for blockstate: {Name:"minecraft:mossy_cobblestone_wall",Properties:{east:"false",north:"false",south:"false",up:"false",west:"false"}}
[18:46:27] [Render thread/WARN]: Unable to read property: south with value: false for blockstate: {Name:"minecraft:mossy_cobblestone_wall",Properties:{east:"false",north:"false",south:"false",up:"false",west:"false"}}
[18:46:27] [Render thread/WARN]: Unable to read property: north with value: false for blockstate: {Name:"minecraft:mossy_cobblestone_wall",Properties:{east:"false",north:"false",south:"false",up:"false",west:"false"}}
[18:46:27] [Render thread/INFO]: Loaded 396 advancements
[18:46:58] [Server thread/INFO]: 16thGarden has made the advancement [Into Fire]
[18:46:58] [Render thread/INFO]: [System] [CHAT] 16thGarden has made the advancement [Into Fire]
[18:46:58] [Render thread/INFO]: Loaded 402 advancements
[18:48:54] [Server thread/INFO]: Saving and pausing game...
[18:48:54] [Server thread/INFO]: Saving chunks for level 'ServerLevel[testing]'/minecraft:overworld
[18:48:54] [Server thread/INFO]: Saving chunks for level 'ServerLevel[testing]'/minecraft:the_end
[18:48:54] [Server thread/INFO]: Saving chunks for level 'ServerLevel[testing]'/minecraft:the_nether
[18:48:54] [Server thread/INFO]: 16thGarden lost connection: Disconnected
[18:48:54] [Server thread/INFO]: 16thGarden left the game
[18:48:54] [Server thread/INFO]: Stopping singleplayer server as player logged out
[18:48:54] [Server thread/INFO]: Stopping server
[18:48:54] [Server thread/INFO]: Saving players
[18:48:54] [Server thread/INFO]: Saving worlds
[18:48:55] [Server thread/INFO]: Saving chunks for level 'ServerLevel[testing]'/minecraft:overworld
[18:48:55] [Server thread/INFO]: Saving chunks for level 'ServerLevel[testing]'/minecraft:the_end
[18:48:55] [Server thread/INFO]: Saving chunks for level 'ServerLevel[testing]'/minecraft:the_nether
[18:48:55] [Server thread/INFO]: ThreadedAnvilChunkStorage (New World (1)): All chunks are saved
[18:48:55] [Server thread/INFO]: ThreadedAnvilChunkStorage (DIM1): All chunks are saved
[18:48:55] [Server thread/INFO]: ThreadedAnvilChunkStorage (DIM-1): All chunks are saved
[18:48:55] [Server thread/INFO]: ThreadedAnvilChunkStorage: All dimensions are saved
[18:48:55] [Render thread/INFO]: Stopping worker threads
[19:04:05] [Render thread/INFO]: Closing connection after 5h 26m 30.901584100s due to SERVER_REQUESTED_RECONNECT
[19:04:05] [Render thread/INFO]: Authenticating to Mojang as 16thGarden (dc0548c7-2c22-450e-91f5-2a17cfde2a12)
[19:04:05] [DefaultDispatcher-worker-6/INFO]: Connecting to Essential Connection Manager...
[19:04:08] [WebSocketConnectReadThread-3927/INFO]: Connected to Essential Connection Manager.
[19:09:23] [WebSocketConnectReadThread-3927/WARN]: Connection closed unexpectedly (CloseInfo(code=1006, reason=, remote=true, outdated=false)) after 5m 15.153882400s
[19:09:23] [Render thread/INFO]: Authenticating to Mojang as 16thGarden (dc0548c7-2c22-450e-91f5-2a17cfde2a12)
[19:09:24] [DefaultDispatcher-worker-6/INFO]: Connecting to Essential Connection Manager...
[19:09:37] [WebSocketConnectReadThread-4018/WARN]: Failed to connect (CloseInfo(code=1002, reason=Invalid status code received: 401 Status line: HTTP/1.1 401 Unauthorized, remote=false, outdated=false)), re-trying in 0s
[19:09:37] [Render thread/INFO]: Authenticating to Mojang as 16thGarden (dc0548c7-2c22-450e-91f5-2a17cfde2a12)
[19:09:37] [DefaultDispatcher-worker-6/INFO]: Connecting to Essential Connection Manager...
[19:10:22] [WebSocketConnectReadThread-4024/INFO]: Connected to Essential Connection Manager.
[19:19:24] [Render thread/INFO]: Loaded 7 recipes
[19:19:24] [Render thread/INFO]: Loaded 1271 advancements
[19:19:25] [Render thread/INFO]: Applied 0 biome modifications to 0 of 64 new biomes in 244.9 ?s
[19:19:25] [Server thread/INFO]: Starting integrated minecraft server version 1.20.4
[19:19:25] [Server thread/INFO]: Generating keypair
[19:19:26] [Server thread/INFO]: Preparing start region for dimension minecraft:overworld
[19:19:27] [Render thread/INFO]: Preparing spawn area: 0%
[19:19:27] [Render thread/INFO]: Preparing spawn area: 0%
[19:19:27] [Render thread/INFO]: Preparing spawn area: 0%
[19:19:27] [Render thread/INFO]: Preparing spawn area: 0%
[19:19:28] [Render thread/INFO]: Preparing spawn area: 0%
[19:19:28] [Render thread/INFO]: Preparing spawn area: 0%
[19:19:29] [Render thread/INFO]: Preparing spawn area: 72%
[19:19:29] [Render thread/INFO]: Time elapsed: 3083 ms
[19:19:29] [Server thread/INFO]: Changing view distance to 16, from 10
[19:19:29] [Server thread/INFO]: Changing simulation distance to 12, from 0
[19:19:29] [Server thread/INFO]: 16thGarden[local:E:8ae868a6] logged in with entity id 669 at (-41.24615457512771, 64.0, 4.787082994626975)
[19:19:29] [Server thread/INFO]: 16thGarden joined the game
[19:19:29] [Render thread/INFO]: Started 6 worker threads
[19:19:30] [Render thread/INFO]: Using 3 total BufferBuilder caches
[19:19:30] [Render thread/INFO]: Loaded 991 advancements
[19:20:52] [Render thread/WARN]: Unable to play empty soundEvent: minecraft:entity.puffer_fish.ambient
[19:20:58] [Server thread/INFO]: Saving and pausing game...
[19:20:58] [Server thread/INFO]: Saving chunks for level 'ServerLevel[Epic survival world]'/minecraft:overworld
[19:20:58] [Server thread/INFO]: Saving chunks for level 'ServerLevel[Epic survival world]'/minecraft:the_end
[19:20:58] [Server thread/INFO]: Saving chunks for level 'ServerLevel[Epic survival world]'/minecraft:the_nether
[19:20:58] [Server thread/INFO]: 16thGarden lost connection: Disconnected
[19:20:58] [Server thread/INFO]: 16thGarden left the game
[19:20:58] [Server thread/INFO]: Stopping singleplayer server as player logged out
[19:20:58] [Server thread/INFO]: Stopping server
[19:20:58] [Server thread/INFO]: Saving players
[19:20:58] [Server thread/INFO]: Saving worlds
[19:20:58] [Server thread/INFO]: Saving chunks for level 'ServerLevel[Epic survival world]'/minecraft:overworld
[19:20:59] [Server thread/INFO]: Saving chunks for level 'ServerLevel[Epic survival world]'/minecraft:the_end
[19:20:59] [Server thread/INFO]: Saving chunks for level 'ServerLevel[Epic survival world]'/minecraft:the_nether
[19:20:59] [Server thread/INFO]: ThreadedAnvilChunkStorage (Epic survival world): All chunks are saved
[19:20:59] [Server thread/INFO]: ThreadedAnvilChunkStorage (DIM1): All chunks are saved
[19:20:59] [Server thread/INFO]: ThreadedAnvilChunkStorage (DIM-1): All chunks are saved
[19:20:59] [Server thread/INFO]: ThreadedAnvilChunkStorage: All dimensions are saved
[19:20:59] [Render thread/INFO]: Stopping worker threads
[19:21:01] [Render thread/INFO]: Loaded 7 recipes
[19:21:01] [Render thread/INFO]: Loaded 1271 advancements
[19:21:01] [Render thread/INFO]: Applied 0 biome modifications to 0 of 64 new biomes in 518.7 ?s
[19:21:01] [Server thread/INFO]: Starting integrated minecraft server version 1.20.4
[19:21:01] [Server thread/INFO]: Generating keypair
[19:21:01] [Server thread/INFO]: Preparing start region for dimension minecraft:overworld
[19:21:03] [Render thread/INFO]: Preparing spawn area: 0%
[19:21:03] [Render thread/INFO]: Preparing spawn area: 0%
[19:21:03] [Render thread/INFO]: Preparing spawn area: 0%
[19:21:03] [Render thread/INFO]: Preparing spawn area: 0%
[19:21:03] [Render thread/INFO]: Preparing spawn area: 38%
[19:21:03] [Render thread/INFO]: Time elapsed: 2265 ms
[19:21:03] [Server thread/INFO]: Changing view distance to 16, from 10
[19:21:03] [Server thread/INFO]: Changing simulation distance to 12, from 0
[19:21:04] [Server thread/INFO]: 16thGarden[local:E:5a8dee16] logged in with entity id 1559 at (129.73851924362424, -60.0, 42.6378033103076)
[19:21:04] [Server thread/INFO]: 16thGarden joined the game
[19:21:04] [Render thread/INFO]: Started 6 worker threads
[19:21:04] [Render thread/INFO]: Using 3 total BufferBuilder caches
[19:21:04] [Render thread/INFO]: Loaded 402 advancements
[19:21:50] [Server thread/INFO]: [16thGarden: Teleported 16thGarden to 137.233843, 1000.000000, 187.436075]
[19:21:50] [Render thread/INFO]: [System] [CHAT] Teleported 16thGarden to 137.233843, 1000.000000, 187.436075
[19:23:30] [WebSocketConnectReadThread-4024/WARN]: Connection closed unexpectedly (CloseInfo(code=1006, reason=, remote=true, outdated=false)) after 13m 7.429158500s
[19:23:30] [Render thread/INFO]: Authenticating to Mojang as 16thGarden (dc0548c7-2c22-450e-91f5-2a17cfde2a12)
[19:23:30] [DefaultDispatcher-worker-8/INFO]: Connecting to Essential Connection Manager...
[19:24:00] [WebSocketConnectReadThread-4210/INFO]: Connected to Essential Connection Manager.
[19:27:54] [Server thread/INFO]: [16thGarden: Changed the block at 85, -54, 3]
[19:27:54] [Render thread/INFO]: [System] [CHAT] Changed the block at 85, -54, 3
[19:46:12] [WebSocketConnectReadThread-4210/WARN]: Connection closed unexpectedly (CloseInfo(code=1006, reason=, remote=true, outdated=false)) after 22m 12.440808700s
[19:46:12] [Render thread/INFO]: Authenticating to Mojang as 16thGarden (dc0548c7-2c22-450e-91f5-2a17cfde2a12)
[19:46:12] [DefaultDispatcher-worker-8/INFO]: Connecting to Essential Connection Manager...
[19:46:28] [WebSocketConnectReadThread-4235/INFO]: Connected to Essential Connection Manager.
[19:50:47] [WebSocketConnectReadThread-4235/WARN]: Connection closed unexpectedly (CloseInfo(code=1006, reason=, remote=true, outdated=false)) after 4m 18.854413500s
[19:50:47] [Render thread/INFO]: Authenticating to Mojang as 16thGarden (dc0548c7-2c22-450e-91f5-2a17cfde2a12)
[19:50:47] [DefaultDispatcher-worker-8/INFO]: Connecting to Essential Connection Manager...
[19:50:56] [WebSocketConnectReadThread-4263/INFO]: Connected to Essential Connection Manager.
[19:54:53] [WebSocketConnectReadThread-4263/WARN]: Connection closed unexpectedly (CloseInfo(code=1006, reason=, remote=true, outdated=false)) after 3m 56.428225s
[19:54:53] [Render thread/INFO]: Authenticating to Mojang as 16thGarden (dc0548c7-2c22-450e-91f5-2a17cfde2a12)
[19:54:54] [DefaultDispatcher-worker-8/INFO]: Connecting to Essential Connection Manager...
[19:56:20] [WebSocketConnectReadThread-4275/INFO]: Connected to Essential Connection Manager.
[19:58:30] [Server thread/INFO]: 16thGarden has made the advancement [Ice Bucket Challenge]
[19:58:30] [Render thread/INFO]: [System] [CHAT] 16thGarden has made the advancement [Ice Bucket Challenge]
[19:58:30] [Render thread/INFO]: Loaded 406 advancements
[20:05:46] [Server thread/INFO]: Saving and pausing game...
[20:05:46] [Server thread/INFO]: Saving chunks for level 'ServerLevel[testing]'/minecraft:overworld
[20:05:46] [Server thread/INFO]: Saving chunks for level 'ServerLevel[testing]'/minecraft:the_end
[20:05:46] [Server thread/INFO]: Saving chunks for level 'ServerLevel[testing]'/minecraft:the_nether
[20:05:46] [Server thread/INFO]: 16thGarden lost connection: Disconnected
[20:05:46] [Server thread/INFO]: 16thGarden left the game
[20:05:46] [Server thread/INFO]: Stopping singleplayer server as player logged out
[20:05:46] [Server thread/INFO]: Stopping server
[20:05:46] [Server thread/INFO]: Saving players
[20:05:46] [Server thread/INFO]: Saving worlds
[20:05:46] [Server thread/INFO]: Saving chunks for level 'ServerLevel[testing]'/minecraft:overworld
[20:05:47] [Server thread/INFO]: Saving chunks for level 'ServerLevel[testing]'/minecraft:the_end
[20:05:47] [Server thread/INFO]: Saving chunks for level 'ServerLevel[testing]'/minecraft:the_nether
[20:05:47] [Server thread/INFO]: ThreadedAnvilChunkStorage (New World (1)): All chunks are saved
[20:05:47] [Server thread/INFO]: ThreadedAnvilChunkStorage (DIM1): All chunks are saved
[20:05:47] [Server thread/INFO]: ThreadedAnvilChunkStorage (DIM-1): All chunks are saved
[20:05:47] [Server thread/INFO]: ThreadedAnvilChunkStorage: All dimensions are saved
[20:05:47] [Render thread/INFO]: Stopping worker threads
[20:05:48] [Render thread/INFO]: Loaded 7 recipes
[20:05:48] [Render thread/INFO]: Loaded 1271 advancements
[20:05:49] [Render thread/INFO]: Applied 0 biome modifications to 0 of 64 new biomes in 398.7 ?s
[20:05:49] [Server thread/INFO]: Starting integrated minecraft server version 1.20.4
[20:05:49] [Server thread/INFO]: Generating keypair
[20:05:50] [Server thread/INFO]: Preparing start region for dimension minecraft:overworld
[20:05:52] [Render thread/INFO]: Preparing spawn area: 0%
[20:05:52] [Render thread/INFO]: Preparing spawn area: 0%
[20:05:52] [Render thread/INFO]: Preparing spawn area: 0%
[20:05:52] [Render thread/INFO]: Preparing spawn area: 0%
[20:05:52] [Render thread/INFO]: Preparing spawn area: 0%
[20:05:52] [Render thread/INFO]: Preparing spawn area: 0%
[20:05:53] [Render thread/INFO]: Preparing spawn area: 0%
[20:05:53] [Render thread/INFO]: Preparing spawn area: 47%
[20:05:54] [Server thread/INFO]: Changing view distance to 16, from 10
[20:05:54] [Server thread/INFO]: Changing simulation distance to 12, from 0
[20:05:54] [Render thread/INFO]: Time elapsed: 3777 ms
[20:05:54] [Server thread/INFO]: 16thGarden[local:E:c3779f45] logged in with entity id 2560 at (-48.184157135971745, 64.0, -10.605775379741122)
[20:05:54] [Server thread/INFO]: 16thGarden joined the game
[20:05:54] [Render thread/INFO]: Started 6 worker threads
[20:05:54] [Render thread/INFO]: Using 3 total BufferBuilder caches
[20:05:54] [Render thread/INFO]: Loaded 991 advancements
[20:09:00] [Render thread/WARN]: Unable to play empty soundEvent: minecraft:entity.salmon.ambient
[20:26:17] [Server thread/WARN]: 16thGarden moved wrongly!
[20:28:39] [Server thread/INFO]: Saving and pausing game...
[20:28:39] [Server thread/INFO]: Saving chunks for level 'ServerLevel[Epic survival world]'/minecraft:overworld
[20:28:39] [Server thread/INFO]: Saving chunks for level 'ServerLevel[Epic survival world]'/minecraft:the_end
[20:28:39] [Server thread/INFO]: Saving chunks for level 'ServerLevel[Epic survival world]'/minecraft:the_nether
[20:29:49] [Server thread/INFO]: Saving and pausing game...
[20:29:49] [Server thread/INFO]: Saving chunks for level 'ServerLevel[Epic survival world]'/minecraft:overworld
[20:29:49] [Server thread/INFO]: Saving chunks for level 'ServerLevel[Epic survival world]'/minecraft:the_end
[20:29:49] [Server thread/INFO]: Saving chunks for level 'ServerLevel[Epic survival world]'/minecraft:the_nether
[20:29:49] [Server thread/INFO]: Saving and pausing game...
[20:29:49] [Server thread/INFO]: Saving chunks for level 'ServerLevel[Epic survival world]'/minecraft:overworld
[20:29:49] [Server thread/INFO]: Saving chunks for level 'ServerLevel[Epic survival world]'/minecraft:the_end
[20:29:49] [Server thread/INFO]: Saving chunks for level 'ServerLevel[Epic survival world]'/minecraft:the_nether
[20:29:50] [Thread 3/INFO]: Using default channel type
[20:29:50] [Thread 3/INFO]: Started serving on 63034
[20:30:19] [Render thread/INFO]: Initialized newConfig: merge of system properties,reference.conf @ jar:file:/C:/Users/Miguel%20Leyesa/AppData/Roaming/.minecraft/essential/Essential%20(fabric_1.20.4).jar!/reference.conf: 1
[20:30:19] [Render thread/INFO]: net.java.sip.communicator.SC_HOME_DIR_LOCATION not set
[20:30:19] [Render thread/INFO]: Initialized legacyConfig: sip communicator props (no description provided)
[20:30:19] [Render thread/INFO]: Using AwsCandidateHarvester.
[20:30:20] [Render thread/INFO]: Discarding a mapping harvester: gg.essential.lib.ice4j.ice.harvest.AwsCandidateHarvester@2a853141
[20:30:20] [Render thread/INFO]: Initialized mapping harvesters (delay=506ms).  stunDiscoveryFailed=false
[20:30:20] [Render thread/INFO]: Changing agent ICE Agent (stream-count=0 ice-pwd:1g0umqdp04fupei7qn2rgt1j5p ice-ufrag:essential-qv63034-eqi711hrgrp8d4 tie-breaker:4718794181181040851):
 role from controlling = true to controlling = false
[20:30:20] [Render thread/INFO]: Gathering candidates for component minecraft.RTP.
[20:30:20] [Essential Thread 4/INFO]: Start ICE connectivity establishment.
[20:30:20] [Essential Thread 4/INFO]: Init checklist for stream minecraft
[20:30:20] [Essential 12/INFO]: Update remote candidate for minecraft.RTP: 180.190.34.171:64013/udp
[20:30:20] [Essential 9/INFO]: Update remote candidate for minecraft.RTP: 167.99.212.155:64796/udp
[20:30:20] [Essential 7/INFO]: Update remote candidate for minecraft.RTP: 68.183.157.16:53266/udp
[20:30:20] [Essential Thread 4/INFO]: ICE state changed from Waiting to Running.
[20:30:20] [Essential Thread 4/INFO]: Start connectivity checks.
[20:30:20] [Essential 12/INFO]: new Pair added: 192.168.50.170:62921/udp/host -> 180.190.34.171:64013/udp/srflx (minecraft.RTP).
[20:30:20] [Essential 9/INFO]: new Pair added: 192.168.50.170:62921/udp/host -> 167.99.212.155:64796/udp/relay (minecraft.RTP).
[20:30:20] [Essential 7/INFO]: new Pair added: 192.168.50.170:62921/udp/host -> 68.183.157.16:53266/udp/relay (minecraft.RTP).
[20:30:20] [ice4j.NetAccessManager-pool-13-thread-1/INFO]: new Pair added: 192.168.50.170:62921/udp/host -> 180.190.34.171:64013/udp/srflx (minecraft.RTP).
[20:30:20] [ice4j.NetAccessManager-pool-13-thread-1/INFO]: new Pair added: 192.168.50.170:62921/udp/host -> 68.183.157.16:53266/udp/relay (minecraft.RTP).
[20:30:20] [ice4j.NetAccessManager-pool-13-thread-1/INFO]: new Pair added: 192.168.50.170:62921/udp/host -> 167.99.212.155:64796/udp/relay (minecraft.RTP).
[20:30:20] [ice4j.NetAccessManager-pool-13-thread-2/INFO]: new Pair added: 68.183.157.16:51715/udp/relay -> 180.190.34.171:64013/udp/srflx (minecraft.RTP).
[20:30:20] [ice4j.NetAccessManager-pool-13-thread-2/INFO]: new Pair added: 68.183.157.16:51715/udp/relay -> 68.183.157.16:53266/udp/relay (minecraft.RTP).
[20:30:20] [ice4j.NetAccessManager-pool-13-thread-2/INFO]: new Pair added: 68.183.157.16:51715/udp/relay -> 167.99.212.155:64796/udp/relay (minecraft.RTP).
[20:30:20] [ice4j.NetAccessManager-pool-13-thread-1/INFO]: new Pair added: 167.99.212.155:54603/udp/relay -> 180.190.34.171:64013/udp/srflx (minecraft.RTP).
[20:30:20] [ice4j.NetAccessManager-pool-13-thread-1/INFO]: new Pair added: 167.99.212.155:54603/udp/relay -> 68.183.157.16:53266/udp/relay (minecraft.RTP).
[20:30:20] [ice4j.NetAccessManager-pool-13-thread-1/INFO]: new Pair added: 167.99.212.155:54603/udp/relay -> 167.99.212.155:64796/udp/relay (minecraft.RTP).
[20:30:21] [pool-11-thread-3/INFO]: Add UPnP port mapping: 192.168.1.2 62925
[20:30:21] [pool-11-thread-3/INFO]: new Pair added: 192.168.50.170:62925/udp/host -> 180.190.34.171:64013/udp/srflx (minecraft.RTP).
[20:30:21] [pool-11-thread-3/INFO]: new Pair added: 192.168.50.170:62925/udp/host -> 68.183.157.16:53266/udp/relay (minecraft.RTP).
[20:30:21] [pool-11-thread-3/INFO]: new Pair added: 192.168.50.170:62925/udp/host -> 167.99.212.155:64796/udp/relay (minecraft.RTP).
[20:30:21] [ice4j.NetAccessManager-pool-13-thread-2/INFO]: Pair succeeded: 192.168.50.170:62921/udp/host -> 180.190.34.171:64013/udp/srflx (minecraft.RTP).
[20:30:21] [ice4j.NetAccessManager-pool-13-thread-2/INFO]: Adding allowed address: 180.190.34.171:64013/udp
[20:30:21] [ice4j.NetAccessManager-pool-13-thread-2/INFO]: Pair validated: 49.144.39.51:50371/udp/srflx -> 180.190.34.171:64013/udp/srflx (minecraft.RTP).
[20:30:21] [ice4j.NetAccessManager-pool-13-thread-2/INFO]: IsControlling: false USE-CANDIDATE:false.
[20:30:21] [ice4j.NetAccessManager-pool-13-thread-2/INFO]: Pair succeeded: 192.168.50.170:62921/udp/host -> 180.190.34.171:64013/udp/srflx (minecraft.RTP).
[20:30:21] [ice4j.NetAccessManager-pool-13-thread-2/INFO]: Pair validated: 49.144.39.51:50371/udp/srflx -> 180.190.34.171:64013/udp/srflx (minecraft.RTP).
[20:30:21] [ice4j.NetAccessManager-pool-13-thread-2/INFO]: IsControlling: false USE-CANDIDATE:false.
[20:30:21] [ice4j.NetAccessManager-pool-13-thread-2/INFO]: Pair succeeded: 192.168.50.170:62921/udp/host -> 180.190.34.171:64013/udp/srflx (minecraft.RTP).
[20:30:21] [ice4j.NetAccessManager-pool-13-thread-2/INFO]: Pair validated: 49.144.39.51:50371/udp/srflx -> 180.190.34.171:64013/udp/srflx (minecraft.RTP).
[20:30:21] [ice4j.NetAccessManager-pool-13-thread-2/INFO]: IsControlling: false USE-CANDIDATE:false.
[20:30:21] [ice4j.NetAccessManager-pool-13-thread-2/INFO]: Pair succeeded: 68.183.157.16:51715/udp/relay -> 180.190.34.171:64013/udp/srflx (minecraft.RTP).
[20:30:21] [ice4j.NetAccessManager-pool-13-thread-2/INFO]: Pair validated: 68.183.157.16:51715/udp/relay -> 180.190.34.171:64013/udp/srflx (minecraft.RTP).
[20:30:21] [ice4j.NetAccessManager-pool-13-thread-2/INFO]: IsControlling: false USE-CANDIDATE:false.
[20:30:21] [ice4j.NetAccessManager-pool-13-thread-1/INFO]: Pair succeeded: 68.183.157.16:51715/udp/relay -> 68.183.157.16:53266/udp/relay (minecraft.RTP).
[20:30:21] [ice4j.NetAccessManager-pool-13-thread-1/INFO]: Adding allowed address: 68.183.157.16:53266/udp
[20:30:21] [ice4j.NetAccessManager-pool-13-thread-1/INFO]: Pair validated: 68.183.157.16:51715/udp/relay -> 68.183.157.16:53266/udp/relay (minecraft.RTP).
[20:30:21] [ice4j.NetAccessManager-pool-13-thread-1/INFO]: IsControlling: false USE-CANDIDATE:false.
[20:30:21] [ice4j.NetAccessManager-pool-13-thread-2/INFO]: Pair succeeded: 167.99.212.155:54603/udp/relay -> 180.190.34.171:64013/udp/srflx (minecraft.RTP).
[20:30:21] [ice4j.NetAccessManager-pool-13-thread-2/INFO]: Pair validated: 167.99.212.155:54603/udp/relay -> 180.190.34.171:64013/udp/srflx (minecraft.RTP).
[20:30:21] [ice4j.NetAccessManager-pool-13-thread-2/INFO]: IsControlling: false USE-CANDIDATE:false.
[20:30:21] [ice4j.NetAccessManager-pool-13-thread-2/INFO]: Pair succeeded: 192.168.50.170:62921/udp/host -> 68.183.157.16:53266/udp/relay (minecraft.RTP).
[20:30:21] [ice4j.NetAccessManager-pool-13-thread-2/INFO]: Pair validated: 49.144.39.51:50371/udp/srflx -> 68.183.157.16:53266/udp/relay (minecraft.RTP).
[20:30:21] [ice4j.NetAccessManager-pool-13-thread-2/INFO]: IsControlling: false USE-CANDIDATE:false.
[20:30:21] [ice4j.NetAccessManager-pool-13-thread-2/INFO]: Pair succeeded: 68.183.157.16:51715/udp/relay -> 167.99.212.155:64796/udp/relay (minecraft.RTP).
[20:30:21] [ice4j.NetAccessManager-pool-13-thread-2/INFO]: Adding allowed address: 167.99.212.155:64796/udp
[20:30:21] [ice4j.NetAccessManager-pool-13-thread-2/INFO]: Pair validated: 68.183.157.16:51715/udp/relay -> 167.99.212.155:64796/udp/relay (minecraft.RTP).
[20:30:21] [ice4j.NetAccessManager-pool-13-thread-2/INFO]: IsControlling: false USE-CANDIDATE:false.
[20:30:21] [ice4j.NetAccessManager-pool-13-thread-2/INFO]: Pair succeeded: 68.183.157.16:51715/udp/relay -> 180.190.34.171:64013/udp/srflx (minecraft.RTP).
[20:30:21] [ice4j.NetAccessManager-pool-13-thread-2/INFO]: IsControlling: false USE-CANDIDATE:false.
[20:30:21] [ice4j.NetAccessManager-pool-13-thread-2/INFO]: Pair succeeded: 192.168.50.170:62921/udp/host -> 167.99.212.155:64796/udp/relay (minecraft.RTP).
[20:30:21] [ice4j.NetAccessManager-pool-13-thread-2/INFO]: Pair validated: 49.144.39.51:50371/udp/srflx -> 167.99.212.155:64796/udp/relay (minecraft.RTP).
[20:30:21] [ice4j.NetAccessManager-pool-13-thread-2/INFO]: IsControlling: false USE-CANDIDATE:false.
[20:30:22] [ice4j.NetAccessManager-pool-13-thread-2/INFO]: Pair succeeded: 192.168.50.170:62921/udp/host -> 68.183.157.16:53266/udp/relay (minecraft.RTP).
[20:30:22] [ice4j.NetAccessManager-pool-13-thread-2/INFO]: Pair validated: 49.144.39.51:50371/udp/srflx -> 68.183.157.16:53266/udp/relay (minecraft.RTP).
[20:30:22] [ice4j.NetAccessManager-pool-13-thread-2/INFO]: IsControlling: false USE-CANDIDATE:false.
[20:30:22] [ice4j.NetAccessManager-pool-13-thread-2/INFO]: Pair succeeded: 192.168.50.170:62921/udp/host -> 68.183.157.16:53266/udp/relay (minecraft.RTP).
[20:30:22] [ice4j.NetAccessManager-pool-13-thread-2/INFO]: Pair validated: 49.144.39.51:50371/udp/srflx -> 68.183.157.16:53266/udp/relay (minecraft.RTP).
[20:30:22] [ice4j.NetAccessManager-pool-13-thread-2/INFO]: IsControlling: false USE-CANDIDATE:false.
[20:30:22] [ice4j.NetAccessManager-pool-13-thread-2/INFO]: Pair succeeded: 192.168.50.170:62921/udp/host -> 167.99.212.155:64796/udp/relay (minecraft.RTP).
[20:30:22] [ice4j.NetAccessManager-pool-13-thread-2/INFO]: Pair validated: 49.144.39.51:50371/udp/srflx -> 167.99.212.155:64796/udp/relay (minecraft.RTP).
[20:30:22] [ice4j.NetAccessManager-pool-13-thread-2/INFO]: IsControlling: false USE-CANDIDATE:false.
[20:30:22] [ice4j.NetAccessManager-pool-13-thread-2/INFO]: Pair succeeded: 68.183.157.16:51715/udp/relay -> 68.183.157.16:53266/udp/relay (minecraft.RTP).
[20:30:22] [ice4j.NetAccessManager-pool-13-thread-2/INFO]: IsControlling: false USE-CANDIDATE:false.
[20:30:22] [ice4j.NetAccessManager-pool-13-thread-2/INFO]: Pair succeeded: 167.99.212.155:54603/udp/relay -> 180.190.34.171:64013/udp/srflx (minecraft.RTP).
[20:30:22] [ice4j.NetAccessManager-pool-13-thread-2/INFO]: IsControlling: false USE-CANDIDATE:false.
[20:30:22] [ice4j.NetAccessManager-pool-13-thread-2/INFO]: Pair succeeded: 68.183.157.16:51715/udp/relay -> 68.183.157.16:53266/udp/relay (minecraft.RTP).
[20:30:22] [ice4j.NetAccessManager-pool-13-thread-2/INFO]: IsControlling: false USE-CANDIDATE:false.
[20:30:22] [ice4j.NetAccessManager-pool-13-thread-2/INFO]: Pair succeeded: 167.99.212.155:54603/udp/relay -> 167.99.212.155:64796/udp/relay (minecraft.RTP).
[20:30:22] [ice4j.NetAccessManager-pool-13-thread-2/INFO]: Pair validated: 167.99.212.155:54603/udp/relay -> 167.99.212.155:64796/udp/relay (minecraft.RTP).
[20:30:22] [ice4j.NetAccessManager-pool-13-thread-2/INFO]: IsControlling: false USE-CANDIDATE:false.
[20:30:22] [ice4j.NetAccessManager-pool-13-thread-1/INFO]: Pair succeeded: 167.99.212.155:54603/udp/relay -> 68.183.157.16:53266/udp/relay (minecraft.RTP).
[20:30:22] [ice4j.NetAccessManager-pool-13-thread-1/INFO]: Pair validated: 167.99.212.155:54603/udp/relay -> 68.183.157.16:53266/udp/relay (minecraft.RTP).
[20:30:22] [ice4j.NetAccessManager-pool-13-thread-1/INFO]: IsControlling: false USE-CANDIDATE:false.
[20:30:22] [ice4j.NetAccessManager-pool-13-thread-1/INFO]: Pair succeeded: 192.168.50.170:62921/udp/host -> 167.99.212.155:64796/udp/relay (minecraft.RTP).
[20:30:22] [ice4j.NetAccessManager-pool-13-thread-1/INFO]: Pair validated: 49.144.39.51:50371/udp/srflx -> 167.99.212.155:64796/udp/relay (minecraft.RTP).
[20:30:22] [ice4j.NetAccessManager-pool-13-thread-1/INFO]: IsControlling: false USE-CANDIDATE:false.
[20:30:22] [ice4j.NetAccessManager-pool-13-thread-1/INFO]: Pair succeeded: 68.183.157.16:51715/udp/relay -> 167.99.212.155:64796/udp/relay (minecraft.RTP).
[20:30:22] [ice4j.NetAccessManager-pool-13-thread-1/INFO]: IsControlling: false USE-CANDIDATE:false.
[20:30:22] [ice4j.NetAccessManager-pool-13-thread-1/INFO]: Pair succeeded: 68.183.157.16:51715/udp/relay -> 167.99.212.155:64796/udp/relay (minecraft.RTP).
[20:30:22] [ice4j.NetAccessManager-pool-13-thread-1/INFO]: IsControlling: false USE-CANDIDATE:false.
[20:30:22] [ice4j.NetAccessManager-pool-13-thread-1/INFO]: Pair succeeded: 167.99.212.155:54603/udp/relay -> 167.99.212.155:64796/udp/relay (minecraft.RTP).
[20:30:22] [ice4j.NetAccessManager-pool-13-thread-2/INFO]: Pair succeeded: 167.99.212.155:54603/udp/relay -> 68.183.157.16:53266/udp/relay (minecraft.RTP).
[20:30:22] [ice4j.NetAccessManager-pool-13-thread-1/INFO]: IsControlling: false USE-CANDIDATE:false.
[20:30:22] [ice4j.NetAccessManager-pool-13-thread-2/INFO]: IsControlling: false USE-CANDIDATE:false.
[20:30:24] [ice4j.NetAccessManager-pool-13-thread-1/INFO]: Selected pair for stream minecraft.RTP: 192.168.50.170:62921/udp/host -> 180.190.34.171:64013/udp/srflx (minecraft.RTP)
[20:30:24] [ice4j.NetAccessManager-pool-13-thread-1/INFO]: CheckList of stream minecraft is COMPLETED
[20:30:24] [ice4j.NetAccessManager-pool-13-thread-1/INFO]: ICE state changed from Running to Completed.
[20:30:24] [ice4j.NetAccessManager-pool-13-thread-1/INFO]: Harvester used for selected pair for minecraft.RTP: host
[20:30:24] [Netty Server IO ICE #0/INFO]: Using QUIC because both parties support it.
[20:30:24] [MergingDatagramSocket reader thread for: 68.183.157.16:51715/udp -> null/INFO]: Failed to receive: java.net.SocketException: RelayedCandidateDatagramSocket has been closed.
[20:30:24] [MergingDatagramSocket reader thread for: 167.99.212.155:54603/udp -> null/INFO]: Failed to receive: java.net.SocketException: RelayedCandidateDatagramSocket has been closed.
[20:30:27] [User Authenticator #1/INFO]: UUID of player JPGomdol is 61018961-61e4-4419-bf8b-17044e487000
[20:30:27] [ice4j.Agent-timer-pool-9-thread-1/INFO]: ICE state changed from Completed to Terminated.
[20:30:28] [Server thread/INFO]: JPGomdol[local:E:dc1d80cb] logged in with entity id 12034 at (-51.15877746343091, 64.0, -6.925000011920929)
[20:30:28] [Server thread/INFO]: JPGomdol joined the game
[20:30:28] [Render thread/INFO]: [System] [CHAT] JPGomdol joined the game
[20:41:34] [Render thread/INFO]: Stopping worker threads
[20:41:34] [Render thread/INFO]: Started 6 worker threads
[20:41:34] [Render thread/INFO]: Stopping worker threads
[20:41:34] [Render thread/INFO]: Started 6 worker threads
[20:42:31] [Render thread/ERROR]: Error saving option Brightness: DynamicException[Value 16.0 outside of range [0.0:1.0] Optional[16.0]]
[20:42:31] [Render thread/ERROR]: Error saving option Brightness: DynamicException[Value 16.0 outside of range [0.0:1.0] Optional[16.0]]
[20:42:31] [Render thread/ERROR]: Error saving option Brightness: DynamicException[Value 16.0 outside of range [0.0:1.0] Optional[16.0]]
[20:42:31] [Render thread/ERROR]: Error saving option Brightness: DynamicException[Value 16.0 outside of range [0.0:1.0] Optional[16.0]]
[20:42:31] [Render thread/ERROR]: Error saving option Brightness: DynamicException[Value 16.0 outside of range [0.0:1.0] Optional[16.0]]
[20:42:31] [Render thread/ERROR]: Error saving option Brightness: DynamicException[Value 16.0 outside of range [0.0:1.0] Optional[16.0]]
[20:42:31] [Render thread/ERROR]: Error saving option Brightness: DynamicException[Value 16.0 outside of range [0.0:1.0] Optional[16.0]]
[20:42:31] [Render thread/ERROR]: Error saving option Brightness: DynamicException[Value 16.0 outside of range [0.0:1.0] Optional[16.0]]
[20:42:31] [Render thread/ERROR]: Error saving option Brightness: DynamicException[Value 16.0 outside of range [0.0:1.0] Optional[16.0]]
[20:42:31] [Render thread/ERROR]: Error saving option Brightness: DynamicException[Value 16.0 outside of range [0.0:1.0] Optional[16.0]]
[20:42:31] [Render thread/ERROR]: Error saving option Brightness: DynamicException[Value 16.0 outside of range [0.0:1.0] Optional[16.0]]
[20:42:31] [Render thread/ERROR]: Error saving option Brightness: DynamicException[Value 16.0 outside of range [0.0:1.0] Optional[16.0]]
[20:42:31] [Render thread/ERROR]: Error saving option Brightness: DynamicException[Value 16.0 outside of range [0.0:1.0] Optional[16.0]]
[20:42:31] [Render thread/ERROR]: Error saving option Brightness: DynamicException[Value 16.0 outside of range [0.0:1.0] Optional[16.0]]
[20:42:31] [Render thread/ERROR]: Error saving option Brightness: DynamicException[Value 16.0 outside of range [0.0:1.0] Optional[16.0]]
[20:42:31] [Render thread/ERROR]: Error saving option Brightness: DynamicException[Value 16.0 outside of range [0.0:1.0] Optional[16.0]]
[20:42:31] [Render thread/ERROR]: Error saving option Brightness: DynamicException[Value 16.0 outside of range [0.0:1.0] Optional[16.0]]
[20:42:31] [Render thread/ERROR]: Error saving option Brightness: DynamicException[Value 16.0 outside of range [0.0:1.0] Optional[16.0]]
[20:42:31] [Render thread/ERROR]: Error saving option Brightness: DynamicException[Value 16.0 outside of range [0.0:1.0] Optional[16.0]]
[20:42:31] [Render thread/ERROR]: Error saving option Brightness: DynamicException[Value 16.0 outside of range [0.0:1.0] Optional[16.0]]
[20:42:31] [Render thread/ERROR]: Error saving option Brightness: DynamicException[Value 16.0 outside of range [0.0:1.0] Optional[16.0]]
[20:42:31] [Render thread/ERROR]: Error saving option Brightness: DynamicException[Value 16.0 outside of range [0.0:1.0] Optional[16.0]]
[20:42:31] [Render thread/ERROR]: Error saving option Brightness: DynamicException[Value 16.0 outside of range [0.0:1.0] Optional[16.0]]
[20:42:31] [Render thread/ERROR]: Error saving option Brightness: DynamicException[Value 16.0 outside of range [0.0:1.0] Optional[16.0]]
[20:42:31] [Render thread/ERROR]: Error saving option Brightness: DynamicException[Value 16.0 outside of range [0.0:1.0] Optional[16.0]]
[20:42:31] [Render thread/ERROR]: Error saving option Brightness: DynamicException[Value 16.0 outside of range [0.0:1.0] Optional[16.0]]
[20:42:31] [Render thread/ERROR]: Error saving option Brightness: DynamicException[Value 16.0 outside of range [0.0:1.0] Optional[16.0]]
[20:42:31] [Render thread/ERROR]: Error saving option Brightness: DynamicException[Value 16.0 outside of range [0.0:1.0] Optional[16.0]]
[20:42:31] [Render thread/ERROR]: Error saving option Brightness: DynamicException[Value 16.0 outside of range [0.0:1.0] Optional[16.0]]
[20:42:31] [Render thread/ERROR]: Error saving option Brightness: DynamicException[Value 16.0 outside of range [0.0:1.0] Optional[16.0]]
[20:42:31] [Render thread/ERROR]: Error saving option Brightness: DynamicException[Value 16.0 outside of range [0.0:1.0] Optional[16.0]]
[20:42:31] [Render thread/ERROR]: Error saving option Brightness: DynamicException[Value 16.0 outside of range [0.0:1.0] Optional[16.0]]
[20:42:31] [Render thread/ERROR]: Error saving option Brightness: DynamicException[Value 16.0 outside of range [0.0:1.0] Optional[16.0]]
[20:42:31] [Render thread/ERROR]: Error saving option Brightness: DynamicException[Value 16.0 outside of range [0.0:1.0] Optional[16.0]]
[20:42:31] [Render thread/ERROR]: Error saving option Brightness: DynamicException[Value 16.0 outside of range [0.0:1.0] Optional[16.0]]
[20:42:31] [Render thread/ERROR]: Error saving option Brightness: DynamicException[Value 16.0 outside of range [0.0:1.0] Optional[16.0]]
[20:42:31] [Render thread/ERROR]: Error saving option Brightness: DynamicException[Value 16.0 outside of range [0.0:1.0] Optional[16.0]]
[20:42:31] [Render thread/ERROR]: Error saving option Brightness: DynamicException[Value 16.0 outside of range [0.0:1.0] Optional[16.0]]
[20:42:31] [Render thread/ERROR]: Error saving option Brightness: DynamicException[Value 16.0 outside of range [0.0:1.0] Optional[16.0]]
[20:42:31] [Render thread/ERROR]: Error saving option Brightness: DynamicException[Value 16.0 outside of range [0.0:1.0] Optional[16.0]]
[20:42:31] [Render thread/ERROR]: Error saving option Brightness: DynamicException[Value 16.0 outside of range [0.0:1.0] Optional[16.0]]
[20:42:32] [Render thread/ERROR]: Error saving option Brightness: DynamicException[Value 16.0 outside of range [0.0:1.0] Optional[16.0]]
[20:42:32] [Render thread/ERROR]: Error saving option Brightness: DynamicException[Value 16.0 outside of range [0.0:1.0] Optional[16.0]]
[20:43:48] [Render thread/ERROR]: Error saving option Brightness: DynamicException[Value 16.0 outside of range [0.0:1.0] Optional[16.0]]
[20:43:49] [Render thread/ERROR]: Error saving option Brightness: DynamicException[Value 16.0 outside of range [0.0:1.0] Optional[16.0]]
[20:43:49] [Render thread/ERROR]: Error saving option Brightness: DynamicException[Value 16.0 outside of range [0.0:1.0] Optional[16.0]]
[20:43:49] [Render thread/ERROR]: Error saving option Brightness: DynamicException[Value 16.0 outside of range [0.0:1.0] Optional[16.0]]
[20:43:49] [Render thread/ERROR]: Error saving option Brightness: DynamicException[Value 16.0 outside of range [0.0:1.0] Optional[16.0]]
[20:43:49] [Render thread/ERROR]: Error saving option Brightness: DynamicException[Value 16.0 outside of range [0.0:1.0] Optional[16.0]]
[20:43:49] [Render thread/ERROR]: Error saving option Brightness: DynamicException[Value 16.0 outside of range [0.0:1.0] Optional[16.0]]
[20:43:49] [Render thread/ERROR]: Error saving option Brightness: DynamicException[Value 16.0 outside of range [0.0:1.0] Optional[16.0]]
[20:43:49] [Render thread/ERROR]: Error saving option Brightness: DynamicException[Value 16.0 outside of range [0.0:1.0] Optional[16.0]]
[20:43:49] [Render thread/ERROR]: Error saving option Brightness: DynamicException[Value 16.0 outside of range [0.0:1.0] Optional[16.0]]
[20:43:49] [Render thread/ERROR]: Error saving option Brightness: DynamicException[Value 16.0 outside of range [0.0:1.0] Optional[16.0]]
[20:43:49] [Render thread/ERROR]: Error saving option Brightness: DynamicException[Value 16.0 outside of range [0.0:1.0] Optional[16.0]]
[20:43:49] [Render thread/ERROR]: Error saving option Brightness: DynamicException[Value 16.0 outside of range [0.0:1.0] Optional[16.0]]
[20:43:49] [Render thread/ERROR]: Error saving option Brightness: DynamicException[Value 16.0 outside of range [0.0:1.0] Optional[16.0]]
[20:43:49] [Render thread/ERROR]: Error saving option Brightness: DynamicException[Value 16.0 outside of range [0.0:1.0] Optional[16.0]]
[20:43:49] [Render thread/ERROR]: Error saving option Brightness: DynamicException[Value 16.0 outside of range [0.0:1.0] Optional[16.0]]
[20:43:49] [Render thread/ERROR]: Error saving option Brightness: DynamicException[Value 16.0 outside of range [0.0:1.0] Optional[16.0]]
[20:43:49] [Render thread/ERROR]: Error saving option Brightness: DynamicException[Value 16.0 outside of range [0.0:1.0] Optional[16.0]]
[20:43:49] [Render thread/ERROR]: Error saving option Brightness: DynamicException[Value 16.0 outside of range [0.0:1.0] Optional[16.0]]
[20:43:49] [Render thread/ERROR]: Error saving option Brightness: DynamicException[Value 16.0 outside of range [0.0:1.0] Optional[16.0]]
[20:43:49] [Render thread/ERROR]: Error saving option Brightness: DynamicException[Value 16.0 outside of range [0.0:1.0] Optional[16.0]]
[20:43:49] [Render thread/ERROR]: Error saving option Brightness: DynamicException[Value 16.0 outside of range [0.0:1.0] Optional[16.0]]
[20:43:49] [Render thread/ERROR]: Error saving option Brightness: DynamicException[Value 16.0 outside of range [0.0:1.0] Optional[16.0]]
[20:43:49] [Render thread/ERROR]: Error saving option Brightness: DynamicException[Value 16.0 outside of range [0.0:1.0] Optional[16.0]]
[20:43:49] [Render thread/ERROR]: Error saving option Brightness: DynamicException[Value 16.0 outside of range [0.0:1.0] Optional[16.0]]
[20:43:49] [Render thread/ERROR]: Error saving option Brightness: DynamicException[Value 16.0 outside of range [0.0:1.0] Optional[16.0]]
[20:43:49] [Render thread/ERROR]: Error saving option Brightness: DynamicException[Value 16.0 outside of range [0.0:1.0] Optional[16.0]]
[20:43:49] [Render thread/ERROR]: Error saving option Brightness: DynamicException[Value 16.0 outside of range [0.0:1.0] Optional[16.0]]
[20:43:49] [Render thread/ERROR]: Error saving option Brightness: DynamicException[Value 16.0 outside of range [0.0:1.0] Optional[16.0]]
[20:43:49] [Render thread/ERROR]: Error saving option Brightness: DynamicException[Value 16.0 outside of range [0.0:1.0] Optional[16.0]]
[20:43:49] [Render thread/ERROR]: Error saving option Brightness: DynamicException[Value 16.0 outside of range [0.0:1.0] Optional[16.0]]
[20:43:49] [Render thread/ERROR]: Error saving option Brightness: DynamicException[Value 16.0 outside of range [0.0:1.0] Optional[16.0]]
[20:43:49] [Render thread/ERROR]: Error saving option Brightness: DynamicException[Value 16.0 outside of range [0.0:1.0] Optional[16.0]]
[20:43:49] [Render thread/ERROR]: Error saving option Brightness: DynamicException[Value 16.0 outside of range [0.0:1.0] Optional[16.0]]
[20:43:49] [Render thread/ERROR]: Error saving option Brightness: DynamicException[Value 16.0 outside of range [0.0:1.0] Optional[16.0]]
[20:43:49] [Render thread/ERROR]: Error saving option Brightness: DynamicException[Value 16.0 outside of range [0.0:1.0] Optional[16.0]]
[20:43:49] [Render thread/ERROR]: Error saving option Brightness: DynamicException[Value 16.0 outside of range [0.0:1.0] Optional[16.0]]
[20:43:49] [Render thread/ERROR]: Error saving option Brightness: DynamicException[Value 16.0 outside of range [0.0:1.0] Optional[16.0]]
[20:43:49] [Render thread/ERROR]: Error saving option Brightness: DynamicException[Value 16.0 outside of range [0.0:1.0] Optional[16.0]]
[20:43:50] [Render thread/ERROR]: Error saving option Brightness: DynamicException[Value 16.0 outside of range [0.0:1.0] Optional[16.0]]
[20:44:59] [Render thread/WARN]: Received passengers for unknown entity
[20:45:08] [Render thread/INFO]: Stopping worker threads
[20:45:08] [Render thread/INFO]: Started 6 worker threads
[20:45:08] [Render thread/INFO]: Stopping worker threads
[20:45:08] [Render thread/INFO]: Started 6 worker threads
[20:46:04] [WebSocketConnectReadThread-4275/WARN]: Connection closed unexpectedly (CloseInfo(code=1006, reason=, remote=true, outdated=false)) after 49m 43.696295400s
[20:46:04] [Render thread/INFO]: Authenticating to Mojang as 16thGarden (dc0548c7-2c22-450e-91f5-2a17cfde2a12)
[20:46:05] [DefaultDispatcher-worker-3/INFO]: Connecting to Essential Connection Manager...
[20:46:06] [WebSocketConnectReadThread-4433/INFO]: Connected to Essential Connection Manager.
[20:48:03] [Server thread/WARN]: JPGomdol moved too quickly! -1.801775286396932,13.634236093636218,-11.012133431725765
[20:52:40] [WebSocketConnectReadThread-4433/WARN]: Connection closed unexpectedly (CloseInfo(code=1006, reason=, remote=true, outdated=false)) after 6m 34.416909200s
[20:52:40] [Render thread/INFO]: Authenticating to Mojang as 16thGarden (dc0548c7-2c22-450e-91f5-2a17cfde2a12)
[20:52:40] [DefaultDispatcher-worker-10/INFO]: Connecting to Essential Connection Manager...
[20:52:42] [WebSocketConnectReadThread-4454/INFO]: Connected to Essential Connection Manager.
[21:09:35] [WebSocketConnectReadThread-4454/WARN]: Connection closed unexpectedly (CloseInfo(code=1006, reason=, remote=true, outdated=false)) after 16m 52.916088600s
[21:09:35] [Render thread/INFO]: Authenticating to Mojang as 16thGarden (dc0548c7-2c22-450e-91f5-2a17cfde2a12)
[21:09:35] [DefaultDispatcher-worker-10/INFO]: Connecting to Essential Connection Manager...
[21:09:36] [WebSocketConnectReadThread-4476/INFO]: Connected to Essential Connection Manager.
[21:33:46] [Server thread/WARN]: 16thGarden moved wrongly!
[21:52:31] [Server thread/WARN]: Mismatch in destroy block pos: class_2338{x=-33, y=96, z=-46} class_2338{x=-43, y=95, z=-87}
[21:53:02] [Server thread/INFO]: <16thGarden> \\\\\\
[21:53:02] [Render thread/INFO]: [CHAT] <16thGarden> \\\\\\
[22:06:09] [WebSocketConnectReadThread-4476/WARN]: Connection closed unexpectedly (CloseInfo(code=1006, reason=, remote=true, outdated=false)) after 56m 32.888698900s
[22:06:09] [Render thread/INFO]: Authenticating to Mojang as 16thGarden (dc0548c7-2c22-450e-91f5-2a17cfde2a12)
[22:06:10] [DefaultDispatcher-worker-10/INFO]: Connecting to Essential Connection Manager...
[22:06:11] [WebSocketConnectReadThread-4529/INFO]: Connected to Essential Connection Manager.
[22:10:50] [Render thread/WARN]: Received passengers for unknown entity
[22:18:27] [Server thread/WARN]: Mismatch in destroy block pos: class_2338{x=-26, y=90, z=-49} class_2338{x=-27, y=91, z=-51}
[22:21:39] [Server thread/WARN]: 16thGarden moved wrongly!
[22:22:04] [Server thread/WARN]: JPGomdol moved too quickly! -4.830933316080319,-5.934130797743606,-16.009307131837893
[22:23:10] [Server thread/WARN]: JPGomdol moved wrongly!
[22:38:23] [Server thread/WARN]: 16thGarden moved wrongly!
[22:43:17] [Server thread/WARN]: 16thGarden moved wrongly!
[22:43:56] [Server thread/WARN]: 16thGarden moved wrongly!
[22:43:56] [Server thread/WARN]: 16thGarden moved wrongly!
[22:44:30] [Server thread/WARN]: Mismatch in destroy block pos: class_2338{x=-46, y=104, z=-75} class_2338{x=-68, y=106, z=-48}
[22:44:40] [Server thread/WARN]: 16thGarden moved wrongly!
[22:59:48] [Server thread/WARN]: JPGomdol moved too quickly! 5.546990929152919,14.88000802590281,9.333494659194898
[23:07:09] [Render thread/INFO]: [System] [CHAT] Respawn point set
[23:07:15] [Server thread/INFO]: <JPGomdol> n
[23:07:15] [Render thread/INFO]: [CHAT] <JPGomdol> n
[23:26:36] [Finalizer/WARN]: Entries in provider cleaned up during finalize instead of prior. Did you forget to call `provide(emptyList())`?
[23:35:00] [Server thread/WARN]: 16thGarden moved wrongly!
[23:36:48] [Render thread/INFO]: Stopping worker threads
[23:36:48] [Render thread/INFO]: Started 6 worker threads
[23:36:48] [Render thread/INFO]: Stopping worker threads
[23:36:48] [Render thread/INFO]: Started 6 worker threads
[23:36:48] [Render thread/WARN]: Received passengers for unknown entity
[23:36:59] [Render thread/INFO]: Stopping worker threads
[23:36:59] [Render thread/INFO]: Started 6 worker threads
[23:36:59] [Render thread/INFO]: Stopping worker threads
[23:37:00] [Render thread/INFO]: Started 6 worker threads
[23:37:00] [Render thread/WARN]: Received passengers for unknown entity
[23:37:00] [Render thread/WARN]: Received passengers for unknown entity
[23:37:00] [Render thread/WARN]: Received passengers for unknown entity
[23:37:00] [Render thread/WARN]: Received passengers for unknown entity
[23:37:00] [Render thread/WARN]: Received passengers for unknown entity
[23:37:00] [Render thread/WARN]: Received passengers for unknown entity
[23:37:00] [Render thread/WARN]: Received passengers for unknown entity
[23:37:00] [Render thread/WARN]: Received passengers for unknown entity
[23:37:00] [Render thread/WARN]: Received passengers for unknown entity
[23:37:00] [Render thread/WARN]: Received passengers for unknown entity
[23:37:00] [Render thread/WARN]: Received passengers for unknown entity
[23:37:00] [Render thread/WARN]: Received passengers for unknown entity
[23:37:00] [Render thread/WARN]: Received passengers for unknown entity
[23:37:00] [Render thread/WARN]: Received passengers for unknown entity
[23:39:09] [Render thread/INFO]: Stopping worker threads
[23:39:09] [Render thread/INFO]: Started 6 worker threads
[23:39:09] [Render thread/INFO]: Stopping worker threads
[23:39:09] [Render thread/INFO]: Started 6 worker threads
[23:39:30] [Render thread/INFO]: Stopping worker threads
[23:39:30] [Render thread/INFO]: Started 6 worker threads
[23:39:30] [Render thread/INFO]: Stopping worker threads
[23:39:30] [Render thread/INFO]: Started 6 worker threads
[23:41:49] [Server thread/INFO]: JPGomdol was slain by 16thGarden
[23:41:49] [Render thread/INFO]: [System] [CHAT] JPGomdol was slain by 16thGarden
[23:43:47] [netty<-quic (61018961-61e4-4419-bf8b-17044e487000)/INFO]: Closing.
[23:43:47] [Netty Server IO ICE #2/INFO]: 61018961-61e4-4419-bf8b-17044e487000 channel inactive, closing.
[23:43:47] [netty->quic (61018961-61e4-4419-bf8b-17044e487000)/INFO]: Closing.
[23:43:47] [Netty Server IO ICE #2/INFO]: 61018961-61e4-4419-bf8b-17044e487000 closing QUIC.
[23:43:47] [Netty Server IO ICE #2/INFO]: 61018961-61e4-4419-bf8b-17044e487000 closed.
[23:43:47] [Server thread/INFO]: JPGomdol lost connection: Disconnected
[23:43:47] [Server thread/INFO]: JPGomdol left the game
[23:43:47] [Render thread/INFO]: [System] [CHAT] JPGomdol left the game
[23:43:52] [Essential Thread 17/INFO]: Closing.
[23:52:01] [Server thread/INFO]: 16thGarden lost connection: Disconnected
[23:52:01] [Server thread/INFO]: 16thGarden left the game
[23:52:01] [Server thread/INFO]: Stopping singleplayer server as player logged out
[23:52:01] [Server thread/INFO]: Stopping server
[23:52:01] [Server thread/INFO]: Saving players
[23:52:01] [Server thread/INFO]: Saving worlds
[23:52:01] [Server thread/INFO]: Saving chunks for level 'ServerLevel[Epic survival world]'/minecraft:overworld
[23:52:01] [Server thread/INFO]: Saving chunks for level 'ServerLevel[Epic survival world]'/minecraft:the_end
[23:52:01] [Server thread/INFO]: Saving chunks for level 'ServerLevel[Epic survival world]'/minecraft:the_nether
[23:52:01] [Server thread/INFO]: ThreadedAnvilChunkStorage (Epic survival world): All chunks are saved
[23:52:01] [Server thread/INFO]: ThreadedAnvilChunkStorage (DIM1): All chunks are saved
[23:52:01] [Server thread/INFO]: ThreadedAnvilChunkStorage (DIM-1): All chunks are saved
[23:52:01] [Server thread/INFO]: ThreadedAnvilChunkStorage: All dimensions are saved
[23:52:01] [Render thread/INFO]: Stopping worker threads
[23:52:05] [Render thread/INFO]: Loaded 7 recipes
[23:52:05] [Render thread/INFO]: Loaded 1271 advancements
[23:52:05] [Render thread/INFO]: Applied 0 biome modifications to 0 of 64 new biomes in 266.7 ?s
[23:52:05] [Server thread/INFO]: Starting integrated minecraft server version 1.20.4
[23:52:05] [Server thread/INFO]: Generating keypair
[23:52:05] [Server thread/INFO]: Preparing start region for dimension minecraft:overworld
[23:52:06] [Render thread/INFO]: Preparing spawn area: 0%
[23:52:06] [Render thread/INFO]: Preparing spawn area: 0%
[23:52:06] [Render thread/INFO]: Preparing spawn area: 0%
[23:52:07] [Render thread/INFO]: Preparing spawn area: 12%
[23:52:07] [Render thread/INFO]: Preparing spawn area: 83%
[23:52:07] [Server thread/INFO]: Changing view distance to 16, from 10
[23:52:07] [Server thread/INFO]: Changing simulation distance to 12, from 0
[23:52:07] [Render thread/INFO]: Time elapsed: 2102 ms
[23:52:07] [Server thread/INFO]: 16thGarden[local:E:311610b8] logged in with entity id 123854 at (74.1067892457168, -46.06242656373242, 1.994251987475764)
[23:52:07] [Server thread/INFO]: 16thGarden joined the game
[23:52:07] [Render thread/INFO]: Started 6 worker threads
[23:52:07] [Render thread/INFO]: Using 3 total BufferBuilder caches
[23:52:08] [Render thread/INFO]: Loaded 406 advancements
[23:52:41] [Server thread/INFO]: Saving and pausing game...
[23:52:41] [Server thread/INFO]: Saving chunks for level 'ServerLevel[testing]'/minecraft:overworld
[23:52:41] [Server thread/INFO]: Saving chunks for level 'ServerLevel[testing]'/minecraft:the_end
[23:52:41] [Server thread/INFO]: Saving chunks for level 'ServerLevel[testing]'/minecraft:the_nether
[23:52:41] [Thread 3/INFO]: Using default channel type
[23:52:41] [Thread 3/INFO]: Started serving on 63767
[23:53:15] [Essential 6/INFO]: Update remote candidate for minecraft.RTP: 192.168.254.101:62690/udp
[23:53:15] [Render thread/INFO]: Changing agent ICE Agent (stream-count=0 ice-pwd:34spc148sp07lte008uvd94fd6 ice-ufrag:essential-qv63767-bbgpj1hrh7cqst tie-breaker:3647263637200859311):
 role from controlling = true to controlling = false
[23:53:15] [Render thread/INFO]: Gathering candidates for component minecraft.RTP.
[23:53:15] [MergingDatagramSocket reader thread for: /192.168.50.170:62921 -> null/INFO]: Failed to receive: java.net.SocketException: Socket closed
[23:53:15] [Essential Thread 4/INFO]: Start ICE connectivity establishment.
[23:53:15] [Essential 10/INFO]: Update remote candidate for minecraft.RTP: 68.183.157.16:54107/udp
[23:53:15] [Essential 2/INFO]: Update remote candidate for minecraft.RTP: 167.99.212.155:52358/udp
[23:53:15] [Essential 3/INFO]: Update remote candidate for minecraft.RTP: 180.190.34.171:64183/udp
[23:53:15] [Essential Thread 4/INFO]: Init checklist for stream minecraft
[23:53:15] [Essential 10/INFO]: new Pair added: 192.168.50.170:54843/udp/host -> 68.183.157.16:54107/udp/relay (minecraft.RTP).
[23:53:15] [Essential 3/INFO]: new Pair added: 192.168.50.170:54843/udp/host -> 180.190.34.171:64183/udp/srflx (minecraft.RTP).
[23:53:15] [Essential Thread 4/INFO]: ICE state changed from Waiting to Running.
[23:53:15] [Essential 2/INFO]: existing Pair updated: 192.168.50.170:54843/udp/host -> 167.99.212.155:52358/udp/relay (minecraft.RTP) to 192.168.50.170:54843/udp/host -> 167.99.212.155:52358/udp/relay (minecraft.RTP).
[23:53:15] [Essential Thread 4/INFO]: Start connectivity checks.
[23:53:16] [ice4j.NetAccessManager-pool-13-thread-8/INFO]: new Pair added: 143.198.17.69:54144/udp/relay -> 180.190.34.171:64183/udp/srflx (minecraft.RTP).
[23:53:16] [ice4j.NetAccessManager-pool-13-thread-8/INFO]: new Pair added: 143.198.17.69:54144/udp/relay -> 68.183.157.16:54107/udp/relay (minecraft.RTP).
[23:53:16] [ice4j.NetAccessManager-pool-13-thread-8/INFO]: new Pair added: 143.198.17.69:54144/udp/relay -> 167.99.212.155:52358/udp/relay (minecraft.RTP).
[23:53:16] [ice4j.NetAccessManager-pool-13-thread-8/INFO]: new Pair added: 192.168.50.170:54843/udp/host -> 180.190.34.171:64183/udp/srflx (minecraft.RTP).
[23:53:16] [ice4j.NetAccessManager-pool-13-thread-8/INFO]: new Pair added: 192.168.50.170:54843/udp/host -> 68.183.157.16:54107/udp/relay (minecraft.RTP).
[23:53:16] [ice4j.NetAccessManager-pool-13-thread-8/INFO]: new Pair added: 192.168.50.170:54843/udp/host -> 167.99.212.155:52358/udp/relay (minecraft.RTP).
[23:53:16] [pool-11-thread-8/INFO]: Add UPnP port mapping: 192.168.1.2 54847
[23:53:16] [pool-11-thread-8/INFO]: new Pair added: 192.168.50.170:54847/udp/host -> 180.190.34.171:64183/udp/srflx (minecraft.RTP).
[23:53:16] [pool-11-thread-8/INFO]: new Pair added: 192.168.50.170:54847/udp/host -> 68.183.157.16:54107/udp/relay (minecraft.RTP).
[23:53:16] [pool-11-thread-8/INFO]: new Pair added: 192.168.50.170:54847/udp/host -> 167.99.212.155:52358/udp/relay (minecraft.RTP).
[23:53:16] [MergingDatagramSocket reader thread for: /192.168.50.170:62925 -> null/INFO]: Failed to receive: java.net.SocketException: Socket closed
[23:53:16] [MergingDatagramSocket reader thread for: /[fe80:0:0:0:8c08:dc66:482d:6860%6]:62922 -> null/INFO]: Failed to receive: java.net.SocketException: Socket closed
[23:53:16] [ice4j.NetAccessManager-pool-13-thread-8/INFO]: Pair succeeded: 192.168.50.170:54843/udp/host -> 180.190.34.171:64183/udp/srflx (minecraft.RTP).
[23:53:16] [ice4j.NetAccessManager-pool-13-thread-8/INFO]: Adding allowed address: 180.190.34.171:64183/udp
[23:53:16] [ice4j.NetAccessManager-pool-13-thread-8/INFO]: Pair validated: 49.144.39.51:54236/udp/srflx -> 180.190.34.171:64183/udp/srflx (minecraft.RTP).
[23:53:16] [ice4j.NetAccessManager-pool-13-thread-8/INFO]: IsControlling: false USE-CANDIDATE:false.
[23:53:16] [ice4j.NetAccessManager-pool-13-thread-8/INFO]: Pair succeeded: 143.198.17.69:54144/udp/relay -> 180.190.34.171:64183/udp/srflx (minecraft.RTP).
[23:53:16] [ice4j.NetAccessManager-pool-13-thread-8/INFO]: Pair validated: 143.198.17.69:54144/udp/relay -> 180.190.34.171:64183/udp/srflx (minecraft.RTP).
[23:53:16] [ice4j.NetAccessManager-pool-13-thread-8/INFO]: IsControlling: false USE-CANDIDATE:false.
[23:53:16] [ice4j.NetAccessManager-pool-13-thread-8/INFO]: Pair succeeded: 192.168.50.170:54843/udp/host -> 180.190.34.171:64183/udp/srflx (minecraft.RTP).
[23:53:16] [ice4j.NetAccessManager-pool-13-thread-8/INFO]: Pair validated: 49.144.39.51:54236/udp/srflx -> 180.190.34.171:64183/udp/srflx (minecraft.RTP).
[23:53:16] [ice4j.NetAccessManager-pool-13-thread-8/INFO]: IsControlling: false USE-CANDIDATE:false.
[23:53:16] [ice4j.NetAccessManager-pool-13-thread-9/INFO]: Pair succeeded: 192.168.50.170:54843/udp/host -> 68.183.157.16:54107/udp/relay (minecraft.RTP).
[23:53:16] [ice4j.NetAccessManager-pool-13-thread-9/INFO]: Adding allowed address: 68.183.157.16:54107/udp
[23:53:16] [ice4j.NetAccessManager-pool-13-thread-9/INFO]: Pair validated: 49.144.39.51:54236/udp/srflx -> 68.183.157.16:54107/udp/relay (minecraft.RTP).
[23:53:16] [ice4j.NetAccessManager-pool-13-thread-9/INFO]: IsControlling: false USE-CANDIDATE:false.
[23:53:16] [ice4j.NetAccessManager-pool-13-thread-8/INFO]: Pair succeeded: 143.198.17.69:54144/udp/relay -> 68.183.157.16:54107/udp/relay (minecraft.RTP).
[23:53:16] [ice4j.NetAccessManager-pool-13-thread-8/INFO]: Pair validated: 143.198.17.69:54144/udp/relay -> 68.183.157.16:54107/udp/relay (minecraft.RTP).
[23:53:16] [ice4j.NetAccessManager-pool-13-thread-8/INFO]: IsControlling: false USE-CANDIDATE:false.
[23:53:16] [ice4j.NetAccessManager-pool-13-thread-8/INFO]: Pair succeeded: 192.168.50.170:54843/udp/host -> 68.183.157.16:54107/udp/relay (minecraft.RTP).
[23:53:16] [ice4j.NetAccessManager-pool-13-thread-8/INFO]: Pair validated: 49.144.39.51:54236/udp/srflx -> 68.183.157.16:54107/udp/relay (minecraft.RTP).
[23:53:16] [ice4j.NetAccessManager-pool-13-thread-8/INFO]: IsControlling: false USE-CANDIDATE:false.
[23:53:17] [ice4j.NetAccessManager-pool-13-thread-9/INFO]: Pair succeeded: 192.168.50.170:54843/udp/host -> 167.99.212.155:52358/udp/relay (minecraft.RTP).
[23:53:17] [ice4j.NetAccessManager-pool-13-thread-9/INFO]: Adding allowed address: 167.99.212.155:52358/udp
[23:53:17] [ice4j.NetAccessManager-pool-13-thread-9/INFO]: Pair validated: 49.144.39.51:54236/udp/srflx -> 167.99.212.155:52358/udp/relay (minecraft.RTP).
[23:53:17] [ice4j.NetAccessManager-pool-13-thread-9/INFO]: IsControlling: false USE-CANDIDATE:false.
[23:53:17] [ice4j.NetAccessManager-pool-13-thread-10/INFO]: Pair succeeded: 143.198.17.69:54144/udp/relay -> 180.190.34.171:64183/udp/srflx (minecraft.RTP).
[23:53:17] [ice4j.NetAccessManager-pool-13-thread-10/INFO]: IsControlling: false USE-CANDIDATE:false.
[23:53:17] [ice4j.NetAccessManager-pool-13-thread-10/INFO]: Pair succeeded: 143.198.17.69:54144/udp/relay -> 167.99.212.155:52358/udp/relay (minecraft.RTP).
[23:53:17] [ice4j.NetAccessManager-pool-13-thread-10/INFO]: Pair validated: 143.198.17.69:54144/udp/relay -> 167.99.212.155:52358/udp/relay (minecraft.RTP).
[23:53:17] [ice4j.NetAccessManager-pool-13-thread-10/INFO]: IsControlling: false USE-CANDIDATE:false.
[23:53:17] [ice4j.NetAccessManager-pool-13-thread-9/INFO]: Pair succeeded: 192.168.50.170:54843/udp/host -> 167.99.212.155:52358/udp/relay (minecraft.RTP).
[23:53:17] [ice4j.NetAccessManager-pool-13-thread-9/INFO]: Pair validated: 49.144.39.51:54236/udp/srflx -> 167.99.212.155:52358/udp/relay (minecraft.RTP).
[23:53:17] [ice4j.NetAccessManager-pool-13-thread-9/INFO]: IsControlling: false USE-CANDIDATE:false.
[23:53:17] [ice4j.NetAccessManager-pool-13-thread-9/INFO]: Pair succeeded: 192.168.50.170:54843/udp/host -> 68.183.157.16:54107/udp/relay (minecraft.RTP).
[23:53:17] [ice4j.NetAccessManager-pool-13-thread-9/INFO]: Pair validated: 49.144.39.51:54236/udp/srflx -> 68.183.157.16:54107/udp/relay (minecraft.RTP).
[23:53:17] [ice4j.NetAccessManager-pool-13-thread-9/INFO]: IsControlling: false USE-CANDIDATE:false.
[23:53:17] [ice4j.NetAccessManager-pool-13-thread-9/INFO]: Pair succeeded: 192.168.50.170:54843/udp/host -> 68.183.157.16:54107/udp/relay (minecraft.RTP).
[23:53:17] [ice4j.NetAccessManager-pool-13-thread-9/INFO]: Pair validated: 49.144.39.51:54236/udp/srflx -> 68.183.157.16:54107/udp/relay (minecraft.RTP).
[23:53:17] [ice4j.NetAccessManager-pool-13-thread-9/INFO]: IsControlling: false USE-CANDIDATE:false.
[23:53:17] [ice4j.NetAccessManager-pool-13-thread-9/INFO]: Pair succeeded: 143.198.17.69:54144/udp/relay -> 68.183.157.16:54107/udp/relay (minecraft.RTP).
[23:53:17] [ice4j.NetAccessManager-pool-13-thread-9/INFO]: IsControlling: false USE-CANDIDATE:false.
[23:53:17] [ice4j.NetAccessManager-pool-13-thread-9/INFO]: Pair succeeded: 192.168.50.170:54843/udp/host -> 167.99.212.155:52358/udp/relay (minecraft.RTP).
[23:53:17] [ice4j.NetAccessManager-pool-13-thread-9/INFO]: Pair validated: 49.144.39.51:54236/udp/srflx -> 167.99.212.155:52358/udp/relay (minecraft.RTP).
[23:53:17] [ice4j.NetAccessManager-pool-13-thread-9/INFO]: IsControlling: false USE-CANDIDATE:false.
[23:53:17] [ice4j.NetAccessManager-pool-13-thread-9/INFO]: Pair succeeded: 143.198.17.69:54144/udp/relay -> 167.99.212.155:52358/udp/relay (minecraft.RTP).
[23:53:17] [ice4j.NetAccessManager-pool-13-thread-9/INFO]: IsControlling: false USE-CANDIDATE:false.
[23:53:17] [ice4j.NetAccessManager-pool-13-thread-9/INFO]: Pair succeeded: 192.168.50.170:54843/udp/host -> 167.99.212.155:52358/udp/relay (minecraft.RTP).
[23:53:17] [ice4j.NetAccessManager-pool-13-thread-9/INFO]: Pair validated: 49.144.39.51:54236/udp/srflx -> 167.99.212.155:52358/udp/relay (minecraft.RTP).
[23:53:17] [ice4j.NetAccessManager-pool-13-thread-9/INFO]: IsControlling: false USE-CANDIDATE:false.
[23:53:19] [ice4j.NetAccessManager-pool-13-thread-9/INFO]: Selected pair for stream minecraft.RTP: 192.168.50.170:54843/udp/host -> 180.190.34.171:64183/udp/srflx (minecraft.RTP)
[23:53:19] [ice4j.NetAccessManager-pool-13-thread-9/INFO]: CheckList of stream minecraft is COMPLETED
[23:53:19] [ice4j.NetAccessManager-pool-13-thread-9/INFO]: ICE state changed from Running to Completed.
[23:53:19] [ice4j.NetAccessManager-pool-13-thread-9/INFO]: Harvester used for selected pair for minecraft.RTP: host
[23:53:19] [Netty Server IO ICE #4/INFO]: Using QUIC because both parties support it.
[23:53:20] [MergingDatagramSocket reader thread for: 143.198.17.69:54144/udp -> null/INFO]: Failed to receive: java.net.SocketException: RelayedCandidateDatagramSocket has been closed.
[23:53:21] [User Authenticator #2/INFO]: UUID of player JPGomdol is 61018961-61e4-4419-bf8b-17044e487000
[23:53:22] [Server thread/INFO]: JPGomdol[local:E:275fcb7a] logged in with entity id 124057 at (4.408850827747053, -55.07792371928377, 18.97596207937921)
[23:53:22] [Server thread/INFO]: JPGomdol joined the game
[23:53:22] [Render thread/INFO]: [System] [CHAT] JPGomdol joined the game
[23:53:22] [ice4j.Agent-timer-pool-9-thread-1/INFO]: ICE state changed from Completed to Terminated.
