[00:00:56] [Server thread/WARN]: Mismatch in destroy block pos: class_2338{x=280, y=121, z=4} class_2338{x=279, y=122, z=12}
[00:01:49] [Render thread/WARN]: Received passengers for unknown entity
[00:03:05] [Server thread/INFO]: Saving and pausing game...
[00:03:05] [Server thread/INFO]: Saving chunks for level 'ServerLevel[Epic survival world]'/minecraft:overworld
[00:03:05] [Server thread/INFO]: Saving chunks for level 'ServerLevel[Epic survival world]'/minecraft:the_end
[00:03:05] [Server thread/INFO]: Saving chunks for level 'ServerLevel[Epic survival world]'/minecraft:the_nether
[00:35:28] [Render thread/WARN]: Received passengers for unknown entity
[00:35:28] [Render thread/WARN]: Received passengers for unknown entity
[00:35:29] [Render thread/WARN]: Received passengers for unknown entity
[00:35:29] [Render thread/WARN]: Received passengers for unknown entity
[00:35:32] [Render thread/WARN]: Received passengers for unknown entity
[00:35:46] [Render thread/WARN]: Received passengers for unknown entity
[00:35:47] [Render thread/WARN]: Received passengers for unknown entity
[00:37:59] [Server thread/WARN]: Mismatch in destroy block pos: class_2338{x=381, y=116, z=0} class_2338{x=408, y=116, z=1}
[00:38:21] [Server thread/WARN]: Mismatch in destroy block pos: class_2338{x=418, y=115, z=3} class_2338{x=433, y=116, z=1}
[00:38:21] [Server thread/WARN]: Mismatch in destroy block pos: class_2338{x=418, y=115, z=3} class_2338{x=433, y=116, z=1}
[00:38:49] [Render thread/WARN]: Received passengers for unknown entity
[00:38:50] [Render thread/WARN]: Received passengers for unknown entity
[00:39:04] [Server thread/WARN]: Mismatch in destroy block pos: class_2338{x=436, y=118, z=3} class_2338{x=287, y=122, z=-1}
[00:39:09] [Server thread/WARN]: Mismatch in destroy block pos: class_2338{x=290, y=123, z=-1} class_2338{x=291, y=122, z=-1}
[00:40:29] [Render thread/WARN]: Received passengers for unknown entity
[00:40:36] [Render thread/WARN]: Received passengers for unknown entity
[00:41:23] [Server thread/WARN]: Mismatch in destroy block pos: class_2338{x=405, y=122, z=-1} class_2338{x=386, y=117, z=-1}
[00:41:41] [Server thread/WARN]: Mismatch in destroy block pos: class_2338{x=405, y=122, z=-1} class_2338{x=405, y=116, z=-1}
[00:41:41] [Render thread/WARN]: Received passengers for unknown entity
[00:41:47] [Render thread/WARN]: Received passengers for unknown entity
[00:42:52] [Render thread/WARN]: Received passengers for unknown entity
[00:42:58] [Render thread/WARN]: Received passengers for unknown entity
[00:44:08] [Render thread/WARN]: Received passengers for unknown entity
[00:44:18] [Server thread/INFO]: Saving and pausing game...
[00:44:19] [Server thread/INFO]: Saving chunks for level 'ServerLevel[Epic survival world]'/minecraft:overworld
[00:44:19] [Server thread/INFO]: Saving chunks for level 'ServerLevel[Epic survival world]'/minecraft:the_end
[00:44:19] [Server thread/INFO]: Saving chunks for level 'ServerLevel[Epic survival world]'/minecraft:the_nether
[00:44:22] [Render thread/WARN]: Received passengers for unknown entity
[00:46:02] [Render thread/WARN]: Received passengers for unknown entity
[00:46:06] [Render thread/WARN]: Received passengers for unknown entity
[00:47:37] [Render thread/WARN]: Received passengers for unknown entity
[00:47:40] [Render thread/WARN]: Received passengers for unknown entity
[00:48:40] [Render thread/WARN]: Received passengers for unknown entity
[00:49:06] [Render thread/WARN]: Received passengers for unknown entity
[00:49:10] [Render thread/WARN]: Received passengers for unknown entity
[00:50:06] [Render thread/WARN]: Received passengers for unknown entity
[00:50:09] [Render thread/WARN]: Received passengers for unknown entity
[00:51:26] [Render thread/WARN]: Received passengers for unknown entity
[00:51:26] [Render thread/WARN]: Received passengers for unknown entity
[00:52:20] [Server thread/WARN]: Mismatch in destroy block pos: class_2338{x=439, y=119, z=2} class_2338{x=438, y=118, z=2}
[00:52:25] [Server thread/WARN]: Mismatch in destroy block pos: class_2338{x=439, y=121, z=2} class_2338{x=430, y=119, z=2}
[00:52:25] [Server thread/WARN]: Mismatch in destroy block pos: class_2338{x=439, y=121, z=2} class_2338{x=430, y=119, z=2}
[00:52:25] [Server thread/WARN]: Mismatch in destroy block pos: class_2338{x=439, y=121, z=2} class_2338{x=430, y=119, z=2}
[00:52:25] [Server thread/WARN]: Mismatch in destroy block pos: class_2338{x=439, y=121, z=2} class_2338{x=430, y=119, z=2}
[00:52:25] [Server thread/WARN]: Mismatch in destroy block pos: class_2338{x=439, y=121, z=2} class_2338{x=430, y=119, z=2}
[00:52:25] [Server thread/WARN]: Mismatch in destroy block pos: class_2338{x=439, y=121, z=2} class_2338{x=430, y=119, z=2}
[00:52:25] [Server thread/WARN]: Mismatch in destroy block pos: class_2338{x=439, y=121, z=2} class_2338{x=430, y=119, z=2}
[00:52:25] [Server thread/WARN]: Mismatch in destroy block pos: class_2338{x=439, y=121, z=2} class_2338{x=430, y=119, z=2}
[00:52:30] [Render thread/WARN]: Received passengers for unknown entity
[00:52:34] [Render thread/WARN]: Received passengers for unknown entity
[00:53:10] [Render thread/WARN]: Received passengers for unknown entity
[00:53:21] [Render thread/WARN]: Received passengers for unknown entity
[00:53:22] [Render thread/WARN]: Received passengers for unknown entity
[00:54:21] [Render thread/WARN]: Received passengers for unknown entity
[00:54:33] [Render thread/WARN]: Received passengers for unknown entity
[00:54:39] [Render thread/WARN]: Received passengers for unknown entity
[00:54:46] [Render thread/WARN]: Received passengers for unknown entity
[00:55:16] [Render thread/WARN]: Received passengers for unknown entity
[00:55:17] [Render thread/WARN]: Received passengers for unknown entity
[00:56:02] [Render thread/WARN]: Received passengers for unknown entity
[00:56:02] [Render thread/WARN]: Received passengers for unknown entity
[00:56:10] [Render thread/WARN]: Received passengers for unknown entity
[00:56:10] [Render thread/WARN]: Received passengers for unknown entity
[00:56:25] [Render thread/INFO]: Stopping worker threads
[00:56:25] [Server thread/INFO]: Saving and pausing game...
[00:56:25] [Render thread/INFO]: Started 6 worker threads
[00:56:25] [Server thread/INFO]: Saving chunks for level 'ServerLevel[Epic survival world]'/minecraft:overworld
[00:56:25] [Render thread/INFO]: Stopping worker threads
[00:56:25] [Server thread/INFO]: Saving chunks for level 'ServerLevel[Epic survival world]'/minecraft:the_end
[00:56:25] [Server thread/INFO]: Saving chunks for level 'ServerLevel[Epic survival world]'/minecraft:the_nether
[00:56:25] [Render thread/INFO]: Started 6 worker threads
[00:57:06] [Render thread/INFO]: Stopping worker threads
[00:57:06] [Server thread/INFO]: Saving and pausing game...
[00:57:06] [Server thread/INFO]: Saving chunks for level 'ServerLevel[Epic survival world]'/minecraft:overworld
[00:57:06] [Render thread/INFO]: Started 6 worker threads
[00:57:06] [Render thread/INFO]: Stopping worker threads
[00:57:06] [Render thread/INFO]: Started 6 worker threads
[00:57:06] [Server thread/INFO]: Saving chunks for level 'ServerLevel[Epic survival world]'/minecraft:the_end
[00:57:06] [Server thread/INFO]: Saving chunks for level 'ServerLevel[Epic survival world]'/minecraft:the_nether
[00:57:36] [Render thread/WARN]: Received passengers for unknown entity
[00:57:38] [Render thread/WARN]: Received passengers for unknown entity
[00:58:10] [Render thread/WARN]: Received passengers for unknown entity
[00:58:49] [Render thread/WARN]: Received passengers for unknown entity
[00:59:41] [Render thread/WARN]: Received passengers for unknown entity
[01:00:38] [Render thread/WARN]: Received passengers for unknown entity
[01:01:13] [Render thread/WARN]: Received passengers for unknown entity
[01:01:54] [Render thread/WARN]: Received passengers for unknown entity
[01:02:31] [Render thread/WARN]: Received passengers for unknown entity
[01:22:41] [Render thread/WARN]: Received passengers for unknown entity
[01:22:48] [Render thread/WARN]: Received passengers for unknown entity
[01:23:03] [Render thread/WARN]: Received passengers for unknown entity
[01:23:11] [Render thread/WARN]: Received passengers for unknown entity
[01:23:36] [Render thread/WARN]: Received passengers for unknown entity
[01:24:01] [Server thread/WARN]: Mismatch in destroy block pos: class_2338{x=437, y=122, z=151} class_2338{x=435, y=121, z=156}
[01:24:12] [Render thread/WARN]: Received passengers for unknown entity
[01:25:51] [Render thread/WARN]: Received passengers for unknown entity
[01:25:58] [Server thread/WARN]: Mismatch in destroy block pos: class_2338{x=437, y=119, z=155} class_2338{x=434, y=119, z=155}
[01:26:46] [Server thread/WARN]: Mismatch in destroy block pos: class_2338{x=433, y=119, z=154} class_2338{x=438, y=120, z=138}
[01:26:46] [Server thread/WARN]: Mismatch in destroy block pos: class_2338{x=433, y=119, z=154} class_2338{x=438, y=120, z=138}
[01:26:46] [Server thread/WARN]: Mismatch in destroy block pos: class_2338{x=433, y=119, z=154} class_2338{x=438, y=120, z=138}
[01:26:46] [Server thread/WARN]: Mismatch in destroy block pos: class_2338{x=433, y=119, z=154} class_2338{x=438, y=120, z=138}
[01:26:48] [Render thread/WARN]: Received passengers for unknown entity
[01:27:19] [Render thread/WARN]: Received passengers for unknown entity
[01:27:56] [Server thread/WARN]: Mismatch in destroy block pos: class_2338{x=438, y=118, z=160} class_2338{x=438, y=119, z=179}
[01:27:56] [Server thread/WARN]: Mismatch in destroy block pos: class_2338{x=438, y=118, z=160} class_2338{x=438, y=119, z=179}
[01:27:56] [Server thread/WARN]: Mismatch in destroy block pos: class_2338{x=438, y=118, z=160} class_2338{x=438, y=119, z=179}
[01:27:56] [Server thread/WARN]: Mismatch in destroy block pos: class_2338{x=438, y=118, z=160} class_2338{x=438, y=119, z=179}
[01:27:56] [Server thread/WARN]: Mismatch in destroy block pos: class_2338{x=438, y=118, z=160} class_2338{x=438, y=119, z=179}
[01:27:56] [Server thread/WARN]: Mismatch in destroy block pos: class_2338{x=438, y=118, z=160} class_2338{x=438, y=119, z=179}
[01:27:56] [Server thread/WARN]: Mismatch in destroy block pos: class_2338{x=438, y=118, z=160} class_2338{x=438, y=119, z=179}
[01:29:03] [Render thread/WARN]: Received passengers for unknown entity
[01:29:33] [Render thread/WARN]: Received passengers for unknown entity
[01:29:38] [Render thread/WARN]: Received passengers for unknown entity
[01:30:38] [Render thread/WARN]: Received passengers for unknown entity
[01:30:38] [Render thread/WARN]: Received passengers for unknown entity
[01:30:39] [Render thread/WARN]: Received passengers for unknown entity
[01:30:39] [Render thread/WARN]: Received passengers for unknown entity
[01:31:13] [Render thread/WARN]: Received passengers for unknown entity
[01:31:29] [Render thread/WARN]: Received passengers for unknown entity
[01:32:05] [Render thread/WARN]: Received passengers for unknown entity
[01:32:54] [Render thread/WARN]: Received passengers for unknown entity
[01:33:28] [Render thread/WARN]: Received passengers for unknown entity
[01:34:22] [Render thread/WARN]: Received passengers for unknown entity
[01:35:12] [Render thread/WARN]: Received passengers for unknown entity
[01:35:57] [Render thread/WARN]: Received passengers for unknown entity
[01:37:13] [Render thread/WARN]: Received passengers for unknown entity
[01:37:53] [Render thread/WARN]: Received passengers for unknown entity
[01:38:32] [Render thread/WARN]: Received passengers for unknown entity
[01:42:48] [Render thread/WARN]: Received passengers for unknown entity
[01:42:48] [Render thread/WARN]: Received passengers for unknown entity
[01:42:49] [Render thread/WARN]: Received passengers for unknown entity
[01:42:56] [Render thread/WARN]: Received passengers for unknown entity
[01:42:56] [Render thread/WARN]: Received passengers for unknown entity
[01:42:57] [Render thread/WARN]: Received passengers for unknown entity
[01:43:14] [Render thread/INFO]: Stopping worker threads
[01:43:14] [Render thread/INFO]: Started 6 worker threads
[01:43:14] [Server thread/INFO]: Saving and pausing game...
[01:43:14] [Render thread/INFO]: Stopping worker threads
[01:43:14] [Server thread/INFO]: Saving chunks for level 'ServerLevel[Epic survival world]'/minecraft:overworld
[01:43:14] [Server thread/INFO]: Saving chunks for level 'ServerLevel[Epic survival world]'/minecraft:the_end
[01:43:14] [Server thread/INFO]: Saving chunks for level 'ServerLevel[Epic survival world]'/minecraft:the_nether
[01:43:14] [Render thread/INFO]: Started 6 worker threads
[01:43:55] [Render thread/INFO]: Stopping worker threads
[01:43:55] [Render thread/INFO]: Started 6 worker threads
[01:43:55] [Render thread/INFO]: Stopping worker threads
[01:43:55] [Server thread/INFO]: Saving and pausing game...
[01:43:55] [Render thread/INFO]: Started 6 worker threads
[01:43:55] [Server thread/INFO]: Saving chunks for level 'ServerLevel[Epic survival world]'/minecraft:overworld
[01:43:55] [Server thread/INFO]: Saving chunks for level 'ServerLevel[Epic survival world]'/minecraft:the_end
[01:43:55] [Server thread/INFO]: Saving chunks for level 'ServerLevel[Epic survival world]'/minecraft:the_nether
[01:43:56] [Render thread/WARN]: Received passengers for unknown entity
[01:44:21] [Render thread/WARN]: Received passengers for unknown entity
[01:44:21] [Render thread/WARN]: Received passengers for unknown entity
[01:44:30] [Render thread/WARN]: Received passengers for unknown entity
[01:44:30] [Render thread/WARN]: Received passengers for unknown entity
[01:45:05] [Render thread/WARN]: Received passengers for unknown entity
[01:45:14] [Server thread/WARN]: Can't keep up! Is the server overloaded? Running 3050ms or 61 ticks behind
[01:45:14] [Render thread/INFO]: Stopping worker threads
[01:45:14] [Render thread/INFO]: Started 6 worker threads
[01:45:14] [Server thread/INFO]: Saving and pausing game...
[01:45:14] [Render thread/INFO]: Stopping worker threads
[01:45:14] [Server thread/INFO]: Saving chunks for level 'ServerLevel[Epic survival world]'/minecraft:overworld
[01:45:14] [Server thread/INFO]: Saving chunks for level 'ServerLevel[Epic survival world]'/minecraft:the_end
[01:45:14] [Server thread/INFO]: Saving chunks for level 'ServerLevel[Epic survival world]'/minecraft:the_nether
[01:45:14] [Render thread/INFO]: Started 6 worker threads
[01:49:59] [Render thread/WARN]: Unable to play empty soundEvent: minecraft:entity.salmon.ambient
[01:53:50] [Render thread/INFO]: [System] [CHAT] [Debug]: Hitboxes: shown
[01:53:52] [Render thread/INFO]: [System] [CHAT] [Debug]: Hitboxes: hidden
[01:53:52] [Render thread/INFO]: [System] [CHAT] [Debug]: Chunk borders: shown
[01:55:55] [Render thread/INFO]: [System] [CHAT] [Debug]: Chunk borders: hidden
[01:56:01] [Render thread/INFO]: Stopping worker threads
[01:56:01] [Server thread/INFO]: Saving and pausing game...
[01:56:01] [Render thread/INFO]: Started 6 worker threads
[01:56:01] [Server thread/INFO]: Saving chunks for level 'ServerLevel[Epic survival world]'/minecraft:overworld
[01:56:01] [Render thread/INFO]: Stopping worker threads
[01:56:01] [Render thread/INFO]: Started 6 worker threads
[01:56:01] [Server thread/INFO]: Saving chunks for level 'ServerLevel[Epic survival world]'/minecraft:the_end
[01:56:01] [Server thread/INFO]: Saving chunks for level 'ServerLevel[Epic survival world]'/minecraft:the_nether
[01:56:10] [Render thread/INFO]: Stopping worker threads
[01:56:10] [Server thread/INFO]: Saving and pausing game...
[01:56:10] [Render thread/INFO]: Started 6 worker threads
[01:56:10] [Server thread/INFO]: Saving chunks for level 'ServerLevel[Epic survival world]'/minecraft:overworld
[01:56:10] [Render thread/INFO]: Stopping worker threads
[01:56:10] [Server thread/INFO]: Saving chunks for level 'ServerLevel[Epic survival world]'/minecraft:the_end
[01:56:10] [Server thread/INFO]: Saving chunks for level 'ServerLevel[Epic survival world]'/minecraft:the_nether
[01:56:10] [Render thread/INFO]: Started 6 worker threads
[01:56:16] [Render thread/INFO]: [System] [CHAT] [Debug]: Chunk borders: shown
[02:00:09] [Render thread/INFO]: [System] [CHAT] Respawn point set
[02:04:48] [Render thread/INFO]: [System] [CHAT] [Debug]: Chunk borders: hidden
[02:07:34] [Render thread/INFO]: [System] [CHAT] [Debug]: Chunk borders: shown
[02:10:04] [Render thread/INFO]: [System] [CHAT] [Debug]: Chunk borders: hidden
[02:10:21] [Server thread/WARN]: Mismatch in destroy block pos: class_2338{x=3503, y=62, z=1441} class_2338{x=3478, y=65, z=1424}
[02:10:21] [Server thread/WARN]: Mismatch in destroy block pos: class_2338{x=3503, y=62, z=1441} class_2338{x=3478, y=65, z=1424}
[02:10:25] [Server thread/WARN]: Mismatch in destroy block pos: class_2338{x=3503, y=62, z=1441} class_2338{x=3470, y=67, z=1421}
[02:10:25] [Server thread/WARN]: Mismatch in destroy block pos: class_2338{x=3503, y=62, z=1441} class_2338{x=3470, y=67, z=1421}
[02:10:25] [Server thread/WARN]: Mismatch in destroy block pos: class_2338{x=3503, y=62, z=1441} class_2338{x=3470, y=67, z=1421}
[02:10:25] [Server thread/WARN]: Mismatch in destroy block pos: class_2338{x=3503, y=62, z=1441} class_2338{x=3470, y=67, z=1421}
[02:10:30] [Server thread/WARN]: Mismatch in destroy block pos: class_2338{x=3503, y=62, z=1441} class_2338{x=3464, y=66, z=1428}
[02:13:35] [Server thread/WARN]: Mismatch in destroy block pos: class_2338{x=3485, y=64, z=1440} class_2338{x=3462, y=64, z=1453}
[02:19:27] [Render thread/INFO]: [System] [CHAT] [Debug]: Chunk borders: shown
[02:21:28] [Render thread/INFO]: [System] [CHAT] [Debug]: Chunk borders: hidden
[02:21:35] [Render thread/INFO]: Stopping worker threads
[02:21:35] [Server thread/INFO]: Saving and pausing game...
[02:21:35] [Server thread/INFO]: Saving chunks for level 'ServerLevel[Epic survival world]'/minecraft:overworld
[02:21:35] [Render thread/INFO]: Started 6 worker threads
[02:21:35] [Render thread/INFO]: Stopping worker threads
[02:21:35] [Render thread/INFO]: Started 6 worker threads
[02:21:35] [Server thread/INFO]: Saving chunks for level 'ServerLevel[Epic survival world]'/minecraft:the_end
[02:21:35] [Server thread/INFO]: Saving chunks for level 'ServerLevel[Epic survival world]'/minecraft:the_nether
[02:21:57] [Render thread/WARN]: Received passengers for unknown entity
[02:21:58] [Render thread/WARN]: Received passengers for unknown entity
[02:23:49] [Render thread/INFO]: Stopping worker threads
[02:23:50] [Server thread/INFO]: Saving and pausing game...
[02:23:50] [Render thread/INFO]: Started 6 worker threads
[02:23:50] [Server thread/INFO]: Saving chunks for level 'ServerLevel[Epic survival world]'/minecraft:overworld
[02:23:50] [Render thread/INFO]: Stopping worker threads
[02:23:50] [Server thread/INFO]: Saving chunks for level 'ServerLevel[Epic survival world]'/minecraft:the_end
[02:23:50] [Server thread/INFO]: Saving chunks for level 'ServerLevel[Epic survival world]'/minecraft:the_nether
[02:23:50] [Render thread/INFO]: Started 6 worker threads
[02:27:20] [Render thread/INFO]: Stopping worker threads
[02:27:20] [Server thread/INFO]: Saving and pausing game...
[02:27:20] [Server thread/INFO]: Saving chunks for level 'ServerLevel[Epic survival world]'/minecraft:overworld
[02:27:20] [Render thread/INFO]: Started 6 worker threads
[02:27:20] [Render thread/INFO]: Stopping worker threads
[02:27:20] [Render thread/INFO]: Started 6 worker threads
[02:27:20] [Server thread/INFO]: Saving chunks for level 'ServerLevel[Epic survival world]'/minecraft:the_end
[02:27:20] [Server thread/INFO]: Saving chunks for level 'ServerLevel[Epic survival world]'/minecraft:the_nether
[02:27:31] [Render thread/INFO]: Stopping worker threads
[02:27:31] [Server thread/INFO]: Saving and pausing game...
[02:27:31] [Server thread/INFO]: Saving chunks for level 'ServerLevel[Epic survival world]'/minecraft:overworld
[02:27:31] [Render thread/INFO]: Started 6 worker threads
[02:27:31] [Server thread/INFO]: Saving chunks for level 'ServerLevel[Epic survival world]'/minecraft:the_end
[02:27:31] [Server thread/INFO]: Saving chunks for level 'ServerLevel[Epic survival world]'/minecraft:the_nether
[02:27:31] [Render thread/INFO]: Stopping worker threads
[02:27:31] [Render thread/INFO]: Started 6 worker threads
[02:58:29] [Render thread/WARN]: Unable to play empty soundEvent: minecraft:entity.cod.ambient
[02:58:36] [Render thread/INFO]: Stopping worker threads
[02:58:36] [Server thread/INFO]: Saving and pausing game...
[02:58:36] [Server thread/INFO]: Saving chunks for level 'ServerLevel[Epic survival world]'/minecraft:overworld
[02:58:36] [Render thread/INFO]: Started 6 worker threads
[02:58:37] [Render thread/INFO]: Stopping worker threads
[02:58:37] [Render thread/INFO]: Started 6 worker threads
[02:58:37] [Server thread/INFO]: Saving chunks for level 'ServerLevel[Epic survival world]'/minecraft:the_end
[02:58:37] [Server thread/INFO]: Saving chunks for level 'ServerLevel[Epic survival world]'/minecraft:the_nether
[02:58:37] [Render thread/WARN]: Received passengers for unknown entity
[02:58:50] [Render thread/INFO]: Stopping worker threads
[02:58:50] [Render thread/INFO]: Started 6 worker threads
[02:58:50] [Server thread/INFO]: Saving and pausing game...
[02:58:50] [Render thread/INFO]: Stopping worker threads
[02:58:50] [Server thread/INFO]: Saving chunks for level 'ServerLevel[Epic survival world]'/minecraft:overworld
[02:58:50] [Server thread/INFO]: Saving chunks for level 'ServerLevel[Epic survival world]'/minecraft:the_end
[02:58:50] [Server thread/INFO]: Saving chunks for level 'ServerLevel[Epic survival world]'/minecraft:the_nether
[02:58:50] [Render thread/INFO]: Started 6 worker threads
[02:59:55] [Render thread/INFO]: Stopping worker threads
[02:59:55] [Server thread/INFO]: Saving and pausing game...
[02:59:55] [Server thread/INFO]: Saving chunks for level 'ServerLevel[Epic survival world]'/minecraft:overworld
[02:59:55] [Render thread/INFO]: Started 6 worker threads
[02:59:55] [Render thread/INFO]: Stopping worker threads
[02:59:55] [Render thread/INFO]: Started 6 worker threads
[02:59:55] [Server thread/INFO]: Saving chunks for level 'ServerLevel[Epic survival world]'/minecraft:the_end
[02:59:55] [Server thread/INFO]: Saving chunks for level 'ServerLevel[Epic survival world]'/minecraft:the_nether
[03:00:26] [Render thread/INFO]: Stopping worker threads
[03:00:26] [Server thread/INFO]: Saving and pausing game...
[03:00:26] [Render thread/INFO]: Started 6 worker threads
[03:00:26] [Server thread/INFO]: Saving chunks for level 'ServerLevel[Epic survival world]'/minecraft:overworld
[03:00:26] [Render thread/INFO]: Stopping worker threads
[03:00:26] [Server thread/INFO]: Saving chunks for level 'ServerLevel[Epic survival world]'/minecraft:the_end
[03:00:26] [Server thread/INFO]: Saving chunks for level 'ServerLevel[Epic survival world]'/minecraft:the_nether
[03:00:26] [Render thread/INFO]: Started 6 worker threads
[03:00:27] [Render thread/WARN]: Received passengers for unknown entity
[03:06:22] [Render thread/INFO]: [System] [CHAT] [Debug]: Chunk borders: shown
[03:09:44] [Render thread/INFO]: [System] [CHAT] [Debug]: Chunk borders: hidden
[03:10:03] [Server thread/WARN]: 16thGarden moved wrongly!
[03:11:32] [Render thread/INFO]: [System] [CHAT] Respawn point set
[03:12:21] [Render thread/INFO]: Stopping worker threads
[03:12:21] [Server thread/INFO]: Saving and pausing game...
[03:12:21] [Server thread/INFO]: Saving chunks for level 'ServerLevel[Epic survival world]'/minecraft:overworld
[03:12:21] [Render thread/INFO]: Started 6 worker threads
[03:12:21] [Render thread/INFO]: Stopping worker threads
[03:12:21] [Render thread/INFO]: Started 6 worker threads
[03:12:21] [Server thread/INFO]: Saving chunks for level 'ServerLevel[Epic survival world]'/minecraft:the_end
[03:12:21] [Server thread/INFO]: Saving chunks for level 'ServerLevel[Epic survival world]'/minecraft:the_nether
[03:12:32] [Render thread/WARN]: Received passengers for unknown entity
[03:12:40] [Render thread/WARN]: Received passengers for unknown entity
[03:12:53] [Render thread/INFO]: Stopping worker threads
[03:12:53] [Server thread/INFO]: Saving and pausing game...
[03:12:53] [Render thread/INFO]: Started 6 worker threads
[03:12:53] [Server thread/INFO]: Saving chunks for level 'ServerLevel[Epic survival world]'/minecraft:overworld
[03:12:53] [Render thread/INFO]: Stopping worker threads
[03:12:53] [Server thread/INFO]: Saving chunks for level 'ServerLevel[Epic survival world]'/minecraft:the_end
[03:12:53] [Server thread/INFO]: Saving chunks for level 'ServerLevel[Epic survival world]'/minecraft:the_nether
[03:12:54] [Render thread/INFO]: Started 6 worker threads
[03:13:16] [Render thread/INFO]: Stopping worker threads
[03:13:16] [Render thread/INFO]: Started 6 worker threads
[03:13:16] [Render thread/INFO]: Stopping worker threads
[03:13:16] [Server thread/INFO]: Saving and pausing game...
[03:13:16] [Render thread/INFO]: Started 6 worker threads
[03:13:16] [Server thread/INFO]: Saving chunks for level 'ServerLevel[Epic survival world]'/minecraft:overworld
[03:13:16] [Server thread/INFO]: Saving chunks for level 'ServerLevel[Epic survival world]'/minecraft:the_end
[03:13:16] [Server thread/INFO]: Saving chunks for level 'ServerLevel[Epic survival world]'/minecraft:the_nether
[03:13:28] [Render thread/WARN]: Received passengers for unknown entity
[03:13:28] [Render thread/WARN]: Received passengers for unknown entity
[03:13:30] [Render thread/WARN]: Received passengers for unknown entity
[03:13:39] [Render thread/WARN]: Received passengers for unknown entity
[03:13:43] [Render thread/WARN]: Received passengers for unknown entity
[03:13:43] [Render thread/WARN]: Received passengers for unknown entity
[03:13:49] [Render thread/INFO]: Stopping worker threads
[03:13:49] [Server thread/INFO]: Saving and pausing game...
[03:13:49] [Render thread/INFO]: Started 6 worker threads
[03:13:49] [Server thread/INFO]: Saving chunks for level 'ServerLevel[Epic survival world]'/minecraft:overworld
[03:13:49] [Render thread/INFO]: Stopping worker threads
[03:13:49] [Server thread/INFO]: Saving chunks for level 'ServerLevel[Epic survival world]'/minecraft:the_end
[03:13:49] [Server thread/INFO]: Saving chunks for level 'ServerLevel[Epic survival world]'/minecraft:the_nether
[03:13:49] [Render thread/INFO]: Started 6 worker threads
[03:17:57] [Server thread/INFO]: Saving and pausing game...
[03:17:57] [Server thread/INFO]: Saving chunks for level 'ServerLevel[Epic survival world]'/minecraft:overworld
[03:17:57] [Server thread/INFO]: Saving chunks for level 'ServerLevel[Epic survival world]'/minecraft:the_end
[03:17:57] [Server thread/INFO]: Saving chunks for level 'ServerLevel[Epic survival world]'/minecraft:the_nether
[03:56:33] [Render thread/INFO]: [System] [CHAT] [Debug]: Chunk borders: shown
[03:56:37] [Render thread/INFO]: [System] [CHAT] [Debug]: Chunk borders: hidden
[04:02:58] [Render thread/INFO]: [System] [CHAT] Respawn point set
[04:07:40] [Render thread/INFO]: Stopping worker threads
[04:07:40] [Server thread/INFO]: Saving and pausing game...
[04:07:40] [Server thread/INFO]: Saving chunks for level 'ServerLevel[Epic survival world]'/minecraft:overworld
[04:07:40] [Render thread/INFO]: Started 6 worker threads
[04:07:40] [Render thread/INFO]: Stopping worker threads
[04:07:40] [Render thread/INFO]: Started 6 worker threads
[04:07:40] [Server thread/INFO]: Saving chunks for level 'ServerLevel[Epic survival world]'/minecraft:the_end
[04:07:40] [Server thread/INFO]: Saving chunks for level 'ServerLevel[Epic survival world]'/minecraft:the_nether
[04:07:53] [Render thread/WARN]: Received passengers for unknown entity
[04:07:53] [Render thread/WARN]: Received passengers for unknown entity
[04:08:00] [Render thread/WARN]: Received passengers for unknown entity
[04:08:01] [Render thread/WARN]: Received passengers for unknown entity
[04:08:12] [Render thread/INFO]: Stopping worker threads
[04:08:12] [Server thread/INFO]: Saving and pausing game...
[04:08:12] [Render thread/INFO]: Started 6 worker threads
[04:08:12] [Server thread/INFO]: Saving chunks for level 'ServerLevel[Epic survival world]'/minecraft:overworld
[04:08:12] [Render thread/INFO]: Stopping worker threads
[04:08:12] [Server thread/INFO]: Saving chunks for level 'ServerLevel[Epic survival world]'/minecraft:the_end
[04:08:12] [Server thread/INFO]: Saving chunks for level 'ServerLevel[Epic survival world]'/minecraft:the_nether
[04:08:12] [Render thread/INFO]: Started 6 worker threads
[04:09:04] [Render thread/INFO]: Stopping worker threads
[04:09:04] [Server thread/INFO]: Saving and pausing game...
[04:09:04] [Server thread/INFO]: Saving chunks for level 'ServerLevel[Epic survival world]'/minecraft:overworld
[04:09:04] [Render thread/INFO]: Started 6 worker threads
[04:09:04] [Render thread/INFO]: Stopping worker threads
[04:09:04] [Render thread/INFO]: Started 6 worker threads
[04:09:04] [Server thread/INFO]: Saving chunks for level 'ServerLevel[Epic survival world]'/minecraft:the_end
[04:09:04] [Server thread/INFO]: Saving chunks for level 'ServerLevel[Epic survival world]'/minecraft:the_nether
[04:09:05] [Render thread/WARN]: Received passengers for unknown entity
[04:09:05] [Render thread/WARN]: Received passengers for unknown entity
[04:09:18] [Render thread/WARN]: Received passengers for unknown entity
[04:09:25] [Render thread/WARN]: Received passengers for unknown entity
[04:09:33] [Render thread/WARN]: Received passengers for unknown entity
[04:09:58] [Render thread/WARN]: Received passengers for unknown entity
[04:10:07] [Render thread/WARN]: Received passengers for unknown entity
[04:10:12] [Render thread/WARN]: Received passengers for unknown entity
[04:10:18] [Render thread/INFO]: Stopping worker threads
[04:10:18] [Server thread/INFO]: Saving and pausing game...
[04:10:18] [Render thread/INFO]: Started 6 worker threads
[04:10:18] [Server thread/INFO]: Saving chunks for level 'ServerLevel[Epic survival world]'/minecraft:overworld
[04:10:18] [Render thread/INFO]: Stopping worker threads
[04:10:18] [Render thread/INFO]: Started 6 worker threads
[04:10:18] [Server thread/INFO]: Saving chunks for level 'ServerLevel[Epic survival world]'/minecraft:the_end
[04:10:18] [Server thread/INFO]: Saving chunks for level 'ServerLevel[Epic survival world]'/minecraft:the_nether
[04:20:22] [Render thread/INFO]: Stopping worker threads
[04:20:22] [Server thread/INFO]: Saving and pausing game...
[04:20:22] [Render thread/INFO]: Started 6 worker threads
[04:20:22] [Server thread/INFO]: Saving chunks for level 'ServerLevel[Epic survival world]'/minecraft:overworld
[04:20:22] [Render thread/INFO]: Stopping worker threads
[04:20:22] [Render thread/INFO]: Started 6 worker threads
[04:20:22] [Server thread/INFO]: Saving chunks for level 'ServerLevel[Epic survival world]'/minecraft:the_end
[04:20:22] [Server thread/INFO]: Saving chunks for level 'ServerLevel[Epic survival world]'/minecraft:the_nether
[04:20:31] [Render thread/WARN]: Received passengers for unknown entity
[04:20:32] [Render thread/WARN]: Received passengers for unknown entity
[04:20:39] [Render thread/WARN]: Received passengers for unknown entity
[04:20:40] [Render thread/WARN]: Received passengers for unknown entity
[04:20:40] [Render thread/WARN]: Received passengers for unknown entity
[04:20:40] [Render thread/WARN]: Received passengers for unknown entity
[04:20:58] [Render thread/WARN]: Received passengers for unknown entity
[04:20:58] [Render thread/WARN]: Received passengers for unknown entity
[04:20:59] [Render thread/WARN]: Received passengers for unknown entity
[04:21:08] [Render thread/WARN]: Received passengers for unknown entity
[04:21:11] [Render thread/WARN]: Received passengers for unknown entity
[04:21:11] [Render thread/WARN]: Received passengers for unknown entity
[04:21:17] [Render thread/INFO]: Stopping worker threads
[04:21:17] [Render thread/INFO]: Started 6 worker threads
[04:21:17] [Server thread/INFO]: Saving and pausing game...
[04:21:17] [Render thread/INFO]: Stopping worker threads
[04:21:17] [Server thread/INFO]: Saving chunks for level 'ServerLevel[Epic survival world]'/minecraft:overworld
[04:21:17] [Render thread/INFO]: Started 6 worker threads
[04:21:18] [Server thread/INFO]: Saving chunks for level 'ServerLevel[Epic survival world]'/minecraft:the_end
[04:21:18] [Server thread/INFO]: Saving chunks for level 'ServerLevel[Epic survival world]'/minecraft:the_nether
[04:28:37] [Render thread/INFO]: [System] [CHAT] Respawn point set
[04:40:33] [Render thread/INFO]: [System] [CHAT] [Debug]: Hitboxes: shown
[05:07:57] [Render thread/INFO]: [System] [CHAT] [Debug]: Chunk borders: shown
[05:10:01] [Render thread/INFO]: [System] [CHAT] [Debug]: Chunk borders: hidden
[05:10:12] [Render thread/INFO]: Stopping worker threads
[05:10:12] [Server thread/INFO]: Saving and pausing game...
[05:10:12] [Render thread/INFO]: Started 6 worker threads
[05:10:12] [Server thread/INFO]: Saving chunks for level 'ServerLevel[Epic survival world]'/minecraft:overworld
[05:10:12] [Render thread/INFO]: Stopping worker threads
[05:10:12] [Render thread/INFO]: Started 6 worker threads
[05:10:12] [Server thread/INFO]: Saving chunks for level 'ServerLevel[Epic survival world]'/minecraft:the_end
[05:10:12] [Server thread/INFO]: Saving chunks for level 'ServerLevel[Epic survival world]'/minecraft:the_nether
[05:10:23] [Render thread/WARN]: Received passengers for unknown entity
[05:10:23] [Render thread/WARN]: Received passengers for unknown entity
[05:10:30] [Render thread/WARN]: Received passengers for unknown entity
[05:10:31] [Render thread/WARN]: Received passengers for unknown entity
[05:10:31] [Render thread/WARN]: Received passengers for unknown entity
[05:10:42] [Render thread/INFO]: Stopping worker threads
[05:10:42] [Render thread/INFO]: Started 6 worker threads
[05:10:42] [Server thread/INFO]: Saving and pausing game...
[05:10:42] [Render thread/INFO]: Stopping worker threads
[05:10:42] [Server thread/INFO]: Saving chunks for level 'ServerLevel[Epic survival world]'/minecraft:overworld
[05:10:42] [Server thread/INFO]: Saving chunks for level 'ServerLevel[Epic survival world]'/minecraft:the_end
[05:10:42] [Server thread/INFO]: Saving chunks for level 'ServerLevel[Epic survival world]'/minecraft:the_nether
[05:10:42] [Render thread/INFO]: Started 6 worker threads
[05:11:48] [Render thread/INFO]: Stopping worker threads
[05:11:48] [Render thread/INFO]: Started 6 worker threads
[05:11:48] [Server thread/INFO]: Saving and pausing game...
[05:11:48] [Render thread/INFO]: Stopping worker threads
[05:11:48] [Server thread/INFO]: Saving chunks for level 'ServerLevel[Epic survival world]'/minecraft:overworld
[05:11:48] [Render thread/INFO]: Started 6 worker threads
[05:11:48] [Server thread/INFO]: Saving chunks for level 'ServerLevel[Epic survival world]'/minecraft:the_end
[05:11:48] [Server thread/INFO]: Saving chunks for level 'ServerLevel[Epic survival world]'/minecraft:the_nether
[05:11:54] [Render thread/INFO]: [System] [CHAT] [Debug]: Hitboxes: hidden
[05:12:00] [Render thread/WARN]: Received passengers for unknown entity
[05:12:21] [Render thread/INFO]: Stopping worker threads
[05:12:21] [Server thread/INFO]: Saving and pausing game...
[05:12:21] [Render thread/INFO]: Started 6 worker threads
[05:12:21] [Server thread/INFO]: Saving chunks for level 'ServerLevel[Epic survival world]'/minecraft:overworld
[05:12:21] [Render thread/INFO]: Stopping worker threads
[05:12:21] [Server thread/INFO]: Saving chunks for level 'ServerLevel[Epic survival world]'/minecraft:the_end
[05:12:21] [Server thread/INFO]: Saving chunks for level 'ServerLevel[Epic survival world]'/minecraft:the_nether
[05:12:21] [Render thread/INFO]: Started 6 worker threads
[05:12:48] [Render thread/INFO]: [System] [CHAT] [Debug]: Hitboxes: shown
[05:24:45] [Render thread/INFO]: Stopping worker threads
[05:24:45] [Server thread/INFO]: Saving and pausing game...
[05:24:45] [Server thread/INFO]: Saving chunks for level 'ServerLevel[Epic survival world]'/minecraft:overworld
[05:24:45] [Render thread/INFO]: Started 6 worker threads
[05:24:45] [Render thread/INFO]: Stopping worker threads
[05:24:45] [Render thread/INFO]: Started 6 worker threads
[05:24:45] [Server thread/INFO]: Saving chunks for level 'ServerLevel[Epic survival world]'/minecraft:the_end
[05:24:45] [Server thread/INFO]: Saving chunks for level 'ServerLevel[Epic survival world]'/minecraft:the_nether
[05:24:54] [Render thread/WARN]: Received passengers for unknown entity
[05:25:04] [Render thread/WARN]: Received passengers for unknown entity
[05:25:05] [Render thread/WARN]: Received passengers for unknown entity
[05:25:05] [Render thread/WARN]: Received passengers for unknown entity
[05:25:25] [Render thread/INFO]: Stopping worker threads
[05:25:25] [Server thread/INFO]: Saving and pausing game...
[05:25:25] [Render thread/INFO]: Started 6 worker threads
[05:25:26] [Server thread/INFO]: Saving chunks for level 'ServerLevel[Epic survival world]'/minecraft:overworld
[05:25:26] [Server thread/INFO]: Saving chunks for level 'ServerLevel[Epic survival world]'/minecraft:the_end
[05:25:26] [Server thread/INFO]: Saving chunks for level 'ServerLevel[Epic survival world]'/minecraft:the_nether
[05:25:26] [Render thread/INFO]: Stopping worker threads
[05:25:26] [Render thread/INFO]: Started 6 worker threads
[05:25:34] [Render thread/INFO]: [System] [CHAT] [Debug]: Hitboxes: hidden
[05:25:55] [Render thread/INFO]: Stopping worker threads
[05:25:55] [Render thread/INFO]: Started 6 worker threads
[05:25:55] [Render thread/INFO]: Stopping worker threads
[05:25:55] [Server thread/INFO]: Saving and pausing game...
[05:25:55] [Render thread/INFO]: Started 6 worker threads
[05:25:55] [Server thread/INFO]: Saving chunks for level 'ServerLevel[Epic survival world]'/minecraft:overworld
[05:25:55] [Server thread/INFO]: Saving chunks for level 'ServerLevel[Epic survival world]'/minecraft:the_end
[05:25:55] [Server thread/INFO]: Saving chunks for level 'ServerLevel[Epic survival world]'/minecraft:the_nether
[05:25:56] [Render thread/WARN]: Received passengers for unknown entity
[05:25:56] [Render thread/WARN]: Received passengers for unknown entity
[05:26:15] [Render thread/INFO]: Stopping worker threads
[05:26:15] [Server thread/INFO]: Saving and pausing game...
[05:26:15] [Server thread/INFO]: Saving chunks for level 'ServerLevel[Epic survival world]'/minecraft:overworld
[05:26:15] [Render thread/INFO]: Started 6 worker threads
[05:26:15] [Server thread/INFO]: Saving chunks for level 'ServerLevel[Epic survival world]'/minecraft:the_end
[05:26:15] [Server thread/INFO]: Saving chunks for level 'ServerLevel[Epic survival world]'/minecraft:the_nether
[05:26:15] [Render thread/INFO]: Stopping worker threads
[05:26:15] [Render thread/INFO]: Started 6 worker threads
[05:26:15] [Render thread/WARN]: Received passengers for unknown entity
[05:26:15] [Render thread/WARN]: Received passengers for unknown entity
[05:26:15] [Render thread/WARN]: Received passengers for unknown entity
[05:26:15] [Render thread/WARN]: Received passengers for unknown entity
[05:26:15] [Render thread/WARN]: Received passengers for unknown entity
[05:26:15] [Render thread/WARN]: Received passengers for unknown entity
[05:26:15] [Render thread/WARN]: Received passengers for unknown entity
[05:26:15] [Render thread/WARN]: Received passengers for unknown entity
[05:26:15] [Render thread/WARN]: Received passengers for unknown entity
[05:26:15] [Render thread/WARN]: Received passengers for unknown entity
[05:26:15] [Render thread/WARN]: Received passengers for unknown entity
[05:26:15] [Render thread/WARN]: Received passengers for unknown entity
[05:26:15] [Render thread/WARN]: Received passengers for unknown entity
[05:26:15] [Render thread/WARN]: Received passengers for unknown entity
[05:26:15] [Render thread/WARN]: Received passengers for unknown entity
[05:28:27] [Render thread/INFO]: Stopping worker threads
[05:28:27] [Render thread/INFO]: Started 6 worker threads
[05:28:27] [Server thread/INFO]: Saving and pausing game...
[05:28:27] [Render thread/INFO]: Stopping worker threads
[05:28:27] [Server thread/INFO]: Saving chunks for level 'ServerLevel[Epic survival world]'/minecraft:overworld
[05:28:27] [Render thread/INFO]: Started 6 worker threads
[05:28:27] [Server thread/INFO]: Saving chunks for level 'ServerLevel[Epic survival world]'/minecraft:the_end
[05:28:27] [Server thread/INFO]: Saving chunks for level 'ServerLevel[Epic survival world]'/minecraft:the_nether
[05:28:37] [Render thread/INFO]: Stopping worker threads
[05:28:37] [Server thread/INFO]: Saving and pausing game...
[05:28:37] [Render thread/INFO]: Started 6 worker threads
[05:28:37] [Server thread/INFO]: Saving chunks for level 'ServerLevel[Epic survival world]'/minecraft:overworld
[05:28:37] [Render thread/INFO]: Stopping worker threads
[05:28:37] [Server thread/INFO]: Saving chunks for level 'ServerLevel[Epic survival world]'/minecraft:the_end
[05:28:37] [Server thread/INFO]: Saving chunks for level 'ServerLevel[Epic survival world]'/minecraft:the_nether
[05:28:37] [Render thread/INFO]: Started 6 worker threads
[05:29:47] [Render thread/INFO]: Stopping worker threads
[05:29:47] [Server thread/INFO]: Saving and pausing game...
[05:29:47] [Server thread/INFO]: Saving chunks for level 'ServerLevel[Epic survival world]'/minecraft:overworld
[05:29:47] [Render thread/INFO]: Started 6 worker threads
[05:29:47] [Render thread/INFO]: Stopping worker threads
[05:29:47] [Render thread/INFO]: Started 6 worker threads
[05:29:47] [Server thread/INFO]: Saving chunks for level 'ServerLevel[Epic survival world]'/minecraft:the_end
[05:29:47] [Server thread/INFO]: Saving chunks for level 'ServerLevel[Epic survival world]'/minecraft:the_nether
[05:30:03] [Render thread/WARN]: Received passengers for unknown entity
[05:30:12] [Render thread/WARN]: Received passengers for unknown entity
[05:30:16] [Render thread/WARN]: Received passengers for unknown entity
[05:30:23] [Render thread/INFO]: Stopping worker threads
[05:30:23] [Server thread/INFO]: Saving and pausing game...
[05:30:23] [Render thread/INFO]: Started 6 worker threads
[05:30:23] [Render thread/INFO]: Stopping worker threads
[05:30:23] [Server thread/INFO]: Saving chunks for level 'ServerLevel[Epic survival world]'/minecraft:overworld
[05:30:23] [Server thread/INFO]: Saving chunks for level 'ServerLevel[Epic survival world]'/minecraft:the_end
[05:30:23] [Server thread/INFO]: Saving chunks for level 'ServerLevel[Epic survival world]'/minecraft:the_nether
[05:30:23] [Render thread/INFO]: Started 6 worker threads
[05:35:01] [Render thread/INFO]: Stopping worker threads
[05:35:01] [Server thread/INFO]: Saving and pausing game...
[05:35:01] [Render thread/INFO]: Started 6 worker threads
[05:35:01] [Server thread/INFO]: Saving chunks for level 'ServerLevel[Epic survival world]'/minecraft:overworld
[05:35:01] [Render thread/INFO]: Stopping worker threads
[05:35:01] [Render thread/INFO]: Started 6 worker threads
[05:35:01] [Server thread/INFO]: Saving chunks for level 'ServerLevel[Epic survival world]'/minecraft:the_end
[05:35:01] [Server thread/INFO]: Saving chunks for level 'ServerLevel[Epic survival world]'/minecraft:the_nether
[05:35:10] [Render thread/WARN]: Received passengers for unknown entity
[05:35:11] [Render thread/WARN]: Received passengers for unknown entity
[05:35:11] [Render thread/WARN]: Received passengers for unknown entity
[05:35:20] [Render thread/WARN]: Received passengers for unknown entity
[05:35:20] [Render thread/WARN]: Received passengers for unknown entity
[05:35:20] [Render thread/WARN]: Received passengers for unknown entity
[05:36:17] [Render thread/INFO]: Stopping worker threads
[05:36:17] [Server thread/INFO]: Saving and pausing game...
[05:36:17] [Render thread/INFO]: Started 6 worker threads
[05:36:17] [Server thread/INFO]: Saving chunks for level 'ServerLevel[Epic survival world]'/minecraft:overworld
[05:36:17] [Render thread/INFO]: Stopping worker threads
[05:36:17] [Server thread/INFO]: Saving chunks for level 'ServerLevel[Epic survival world]'/minecraft:the_end
[05:36:17] [Server thread/INFO]: Saving chunks for level 'ServerLevel[Epic survival world]'/minecraft:the_nether
[05:36:17] [Render thread/INFO]: Started 6 worker threads
[05:36:59] [Server thread/INFO]: Saving and pausing game...
[05:36:59] [Render thread/INFO]: Stopping worker threads
[05:36:59] [Server thread/INFO]: Saving chunks for level 'ServerLevel[Epic survival world]'/minecraft:overworld
[05:36:59] [Render thread/INFO]: Started 6 worker threads
[05:36:59] [Render thread/INFO]: Stopping worker threads
[05:36:59] [Render thread/INFO]: Started 6 worker threads
[05:36:59] [Server thread/INFO]: Saving chunks for level 'ServerLevel[Epic survival world]'/minecraft:the_end
[05:36:59] [Server thread/INFO]: Saving chunks for level 'ServerLevel[Epic survival world]'/minecraft:the_nether
[05:37:00] [Render thread/WARN]: Received passengers for unknown entity
[05:37:09] [Render thread/WARN]: Received passengers for unknown entity
[05:37:24] [Render thread/WARN]: Received passengers for unknown entity
[05:37:30] [Render thread/INFO]: Stopping worker threads
[05:37:30] [Render thread/INFO]: Started 6 worker threads
[05:37:30] [Server thread/INFO]: Saving and pausing game...
[05:37:30] [Render thread/INFO]: Stopping worker threads
[05:37:30] [Server thread/INFO]: Saving chunks for level 'ServerLevel[Epic survival world]'/minecraft:overworld
[05:37:30] [Render thread/INFO]: Started 6 worker threads
[05:37:30] [Server thread/INFO]: Saving chunks for level 'ServerLevel[Epic survival world]'/minecraft:the_end
[05:37:30] [Server thread/INFO]: Saving chunks for level 'ServerLevel[Epic survival world]'/minecraft:the_nether
[05:39:11] [Server thread/WARN]: Mismatch in destroy block pos: class_2338{x=3477, y=63, z=1427} class_2338{x=3481, y=65, z=1426}
[05:41:04] [Server thread/WARN]: Mismatch in destroy block pos: class_2338{x=3485, y=69, z=1426} class_2338{x=3482, y=64, z=1426}
[05:45:25] [Render thread/INFO]: Stopping worker threads
[05:45:25] [Server thread/INFO]: Saving and pausing game...
[05:45:25] [Render thread/INFO]: Started 6 worker threads
[05:45:25] [Server thread/INFO]: Saving chunks for level 'ServerLevel[Epic survival world]'/minecraft:overworld
[05:45:25] [Render thread/INFO]: Stopping worker threads
[05:45:25] [Render thread/INFO]: Started 6 worker threads
[05:45:25] [Server thread/INFO]: Saving chunks for level 'ServerLevel[Epic survival world]'/minecraft:the_end
[05:45:25] [Server thread/INFO]: Saving chunks for level 'ServerLevel[Epic survival world]'/minecraft:the_nether
[05:46:47] [Render thread/INFO]: Stopping worker threads
[05:46:47] [Render thread/INFO]: Started 6 worker threads
[05:46:47] [Server thread/INFO]: Saving and pausing game...
[05:46:47] [Server thread/INFO]: Saving chunks for level 'ServerLevel[Epic survival world]'/minecraft:overworld
[05:46:47] [Render thread/INFO]: Stopping worker threads
[05:46:47] [Server thread/INFO]: Saving chunks for level 'ServerLevel[Epic survival world]'/minecraft:the_end
[05:46:47] [Server thread/INFO]: Saving chunks for level 'ServerLevel[Epic survival world]'/minecraft:the_nether
[05:46:47] [Render thread/INFO]: Started 6 worker threads
[05:48:11] [Render thread/INFO]: [System] [CHAT] Respawn point set
[06:08:26] [Server thread/INFO]: Villager class_1646['Villager'/353338, l='ServerLevel[Epic survival world]', x=3480.76, y=63.00, z=1426.70] died, message: 'Villager was slain by converter'
[06:11:49] [Server thread/INFO]: Villager class_1646['Villager'/353291, l='ServerLevel[Epic survival world]', x=3481.02, y=63.00, z=1410.12] died, message: 'Villager was slain by 16thGarden using [Sharpness Sword]'
[06:11:49] [Render thread/INFO]: Villager class_1646['Villager'/353291, l='ClientLevel', x=3481.02, y=63.00, z=1410.12] died, message: 'Villager died'
[06:13:25] [Server thread/INFO]: Villager class_1646['Villager'/353349, l='ServerLevel[Epic survival world]', x=3485.56, y=63.00, z=1415.67] died, message: 'Villager was slain by 16thGarden using [Sharpness Sword]'
[06:13:25] [Render thread/INFO]: Villager class_1646['Villager'/353349, l='ClientLevel', x=3485.14, y=63.47, z=1415.73] died, message: 'Villager died'
[06:20:59] [Server thread/INFO]: Villager class_1646['Villager'/353331, l='ServerLevel[Epic survival world]', x=3486.66, y=61.69, z=1464.73] died, message: 'Villager was slain by 16thGarden using [Silk Axe]'
[06:20:59] [Render thread/INFO]: Villager class_1646['Villager'/353331, l='ClientLevel', x=3486.68, y=61.77, z=1464.61] died, message: 'Villager died'
[06:23:57] [Server thread/INFO]: Villager class_1646['Villager'/353342, l='ServerLevel[Epic survival world]', x=3482.70, y=63.00, z=1429.70] died, message: 'Villager was slain by 16thGarden using [Silk Axe]'
[06:23:57] [Render thread/INFO]: Villager class_1646['Villager'/353342, l='ClientLevel', x=3482.70, y=63.00, z=1429.70] died, message: 'Villager died'
[06:26:23] [Server thread/INFO]: Villager class_1646['Fletcher'/353314, l='ServerLevel[Epic survival world]', x=3479.50, y=63.18, z=1408.11] died, message: 'Fletcher was slain by Husk'
[06:26:33] [Render thread/INFO]: Stopping worker threads
[06:26:33] [Server thread/INFO]: Saving and pausing game...
[06:26:33] [Server thread/INFO]: Saving chunks for level 'ServerLevel[Epic survival world]'/minecraft:overworld
[06:26:33] [Render thread/INFO]: Started 6 worker threads
[06:26:33] [Render thread/INFO]: Stopping worker threads
[06:26:33] [Render thread/INFO]: Started 6 worker threads
[06:26:33] [Server thread/INFO]: Saving chunks for level 'ServerLevel[Epic survival world]'/minecraft:the_end
[06:26:33] [Server thread/INFO]: Saving chunks for level 'ServerLevel[Epic survival world]'/minecraft:the_nether
[06:26:47] [Render thread/WARN]: Received passengers for unknown entity
[06:26:57] [Render thread/WARN]: Received passengers for unknown entity
[06:26:57] [Render thread/WARN]: Received passengers for unknown entity
[06:27:12] [Render thread/INFO]: Stopping worker threads
[06:27:12] [Render thread/INFO]: Started 6 worker threads
[06:27:12] [Server thread/INFO]: Saving and pausing game...
[06:27:12] [Render thread/INFO]: Stopping worker threads
[06:27:12] [Server thread/INFO]: Saving chunks for level 'ServerLevel[Epic survival world]'/minecraft:overworld
[06:27:12] [Server thread/INFO]: Saving chunks for level 'ServerLevel[Epic survival world]'/minecraft:the_end
[06:27:12] [Server thread/INFO]: Saving chunks for level 'ServerLevel[Epic survival world]'/minecraft:the_nether
[06:27:12] [Render thread/INFO]: Started 6 worker threads
[06:27:39] [Render thread/INFO]: Stopping worker threads
[06:27:39] [Render thread/INFO]: Started 6 worker threads
[06:27:39] [Server thread/INFO]: Saving and pausing game...
[06:27:39] [Render thread/INFO]: Stopping worker threads
[06:27:39] [Server thread/INFO]: Saving chunks for level 'ServerLevel[Epic survival world]'/minecraft:overworld
[06:27:39] [Render thread/INFO]: Started 6 worker threads
[06:27:39] [Server thread/INFO]: Saving chunks for level 'ServerLevel[Epic survival world]'/minecraft:the_end
[06:27:39] [Server thread/INFO]: Saving chunks for level 'ServerLevel[Epic survival world]'/minecraft:the_nether
[06:27:49] [Render thread/WARN]: Received passengers for unknown entity
[06:28:09] [Render thread/WARN]: Received passengers for unknown entity
[06:28:13] [Render thread/WARN]: Received passengers for unknown entity
[06:28:23] [Render thread/INFO]: Stopping worker threads
[06:28:23] [Server thread/INFO]: Saving and pausing game...
[06:28:23] [Render thread/INFO]: Started 6 worker threads
[06:28:23] [Server thread/INFO]: Saving chunks for level 'ServerLevel[Epic survival world]'/minecraft:overworld
[06:28:23] [Render thread/INFO]: Stopping worker threads
[06:28:23] [Server thread/INFO]: Saving chunks for level 'ServerLevel[Epic survival world]'/minecraft:the_end
[06:28:23] [Server thread/INFO]: Saving chunks for level 'ServerLevel[Epic survival world]'/minecraft:the_nether
[06:28:23] [Render thread/INFO]: Started 6 worker threads
[06:28:23] [Render thread/WARN]: Received passengers for unknown entity
[06:28:30] [Server thread/INFO]: Villager class_1646['Villager'/383079, l='ServerLevel[Epic survival world]', x=3474.97, y=62.50, z=1405.08] died, message: 'Villager was slain by Husk'
[06:29:34] [Render thread/INFO]: Stopping worker threads
[06:29:34] [Server thread/INFO]: Saving and pausing game...
[06:29:34] [Render thread/INFO]: Started 6 worker threads
[06:29:34] [Server thread/INFO]: Saving chunks for level 'ServerLevel[Epic survival world]'/minecraft:overworld
[06:29:34] [Render thread/INFO]: Stopping worker threads
[06:29:34] [Render thread/INFO]: Started 6 worker threads
[06:29:35] [Server thread/INFO]: Saving chunks for level 'ServerLevel[Epic survival world]'/minecraft:the_end
[06:29:35] [Server thread/INFO]: Saving chunks for level 'ServerLevel[Epic survival world]'/minecraft:the_nether
[06:29:44] [Render thread/WARN]: Received passengers for unknown entity
[06:29:51] [Render thread/WARN]: Received passengers for unknown entity
[06:29:51] [Render thread/WARN]: Received passengers for unknown entity
[06:30:08] [Render thread/INFO]: Stopping worker threads
[06:30:08] [Server thread/INFO]: Saving and pausing game...
[06:30:08] [Render thread/INFO]: Started 6 worker threads
[06:30:08] [Server thread/INFO]: Saving chunks for level 'ServerLevel[Epic survival world]'/minecraft:overworld
[06:30:08] [Server thread/INFO]: Saving chunks for level 'ServerLevel[Epic survival world]'/minecraft:the_end
[06:30:08] [Server thread/INFO]: Saving chunks for level 'ServerLevel[Epic survival world]'/minecraft:the_nether
[06:30:08] [Render thread/INFO]: Stopping worker threads
[06:30:08] [Render thread/INFO]: Started 6 worker threads
[06:30:36] [Render thread/INFO]: Stopping worker threads
[06:30:36] [Render thread/INFO]: Started 6 worker threads
[06:30:36] [Server thread/INFO]: Saving and pausing game...
[06:30:36] [Render thread/INFO]: Stopping worker threads
[06:30:36] [Server thread/INFO]: Saving chunks for level 'ServerLevel[Epic survival world]'/minecraft:overworld
[06:30:36] [Render thread/INFO]: Started 6 worker threads
[06:30:36] [Server thread/INFO]: Saving chunks for level 'ServerLevel[Epic survival world]'/minecraft:the_end
[06:30:36] [Server thread/INFO]: Saving chunks for level 'ServerLevel[Epic survival world]'/minecraft:the_nether
[06:30:48] [Render thread/WARN]: Received passengers for unknown entity
[06:30:58] [Render thread/WARN]: Received passengers for unknown entity
[06:31:09] [Render thread/INFO]: Stopping worker threads
[06:31:09] [Server thread/INFO]: Saving and pausing game...
[06:31:09] [Render thread/INFO]: Started 6 worker threads
[06:31:09] [Server thread/INFO]: Saving chunks for level 'ServerLevel[Epic survival world]'/minecraft:overworld
[06:31:09] [Render thread/INFO]: Stopping worker threads
[06:31:09] [Server thread/INFO]: Saving chunks for level 'ServerLevel[Epic survival world]'/minecraft:the_end
[06:31:09] [Server thread/INFO]: Saving chunks for level 'ServerLevel[Epic survival world]'/minecraft:the_nether
[06:31:09] [Render thread/INFO]: Started 6 worker threads
[06:31:11] [Server thread/WARN]: Can't keep up! Is the server overloaded? Running 2050ms or 41 ticks behind
[06:31:49] [Server thread/INFO]: Villager class_1646['Fletcher'/388248, l='ServerLevel[Epic survival world]', x=3480.43, y=63.00, z=1426.49] died, message: 'Fletcher was slain by converter'
[06:40:40] [Server thread/WARN]: Can't keep up! Is the server overloaded? Running 2235ms or 44 ticks behind
[06:45:13] [Server thread/INFO]: Villager class_1646['Fletcher'/388183, l='ServerLevel[Epic survival world]', x=3480.50, y=63.00, z=1426.30] died, message: 'Fletcher was slain by c'
[06:50:19] [Render thread/INFO]: [System] [CHAT] [Debug]: Hitboxes: shown
[06:52:41] [Server thread/INFO]: Villager class_1646['Fletcher'/388155, l='ServerLevel[Epic survival world]', x=3480.70, y=63.05, z=1426.70] died, message: 'Fletcher was slain by c'
[06:53:56] [Server thread/INFO]: Villager class_1646['Fletcher'/388199, l='ServerLevel[Epic survival world]', x=3480.70, y=63.05, z=1426.70] died, message: 'Fletcher was slain by c'
[06:54:57] [Render thread/INFO]: [System] [CHAT] Respawn point set
[06:55:29] [Server thread/INFO]: Villager class_1646['Fletcher'/388204, l='ServerLevel[Epic survival world]', x=3480.70, y=63.04, z=1426.70] died, message: 'Fletcher was slain by c'
[06:56:24] [Server thread/INFO]: Villager class_1646['Fletcher'/388195, l='ServerLevel[Epic survival world]', x=3480.70, y=63.05, z=1426.70] died, message: 'Fletcher was slain by c'
[06:56:59] [Render thread/INFO]: [System] [CHAT] [Debug]: Hitboxes: hidden
[06:59:11] [Server thread/INFO]: Villager class_1646['Fletcher'/388171, l='ServerLevel[Epic survival world]', x=3480.70, y=63.01, z=1426.59] died, message: 'Fletcher was slain by c'
[06:59:50] [Server thread/INFO]: Villager class_1646['Fletcher'/388168, l='ServerLevel[Epic survival world]', x=3480.70, y=63.05, z=1426.70] died, message: 'Fletcher was slain by c'
[07:00:31] [Server thread/INFO]: Villager class_1646['Fletcher'/388200, l='ServerLevel[Epic survival world]', x=3480.70, y=63.05, z=1426.70] died, message: 'Fletcher was slain by c'
[07:01:10] [Server thread/INFO]: Villager class_1646['Fletcher'/388193, l='ServerLevel[Epic survival world]', x=3480.70, y=63.05, z=1426.34] died, message: 'Fletcher was slain by c'
[07:01:51] [Render thread/INFO]: [System] [CHAT] [Debug]: Hitboxes: shown
[07:02:44] [Server thread/INFO]: Villager class_1646['Fletcher'/388188, l='ServerLevel[Epic survival world]', x=3480.70, y=63.05, z=1426.70] died, message: 'Fletcher was slain by c'
[07:05:17] [Server thread/INFO]: Villager class_1646['Fletcher'/388198, l='ServerLevel[Epic survival world]', x=3480.70, y=63.05, z=1426.70] died, message: 'Fletcher was slain by c'
[07:06:38] [Render thread/INFO]: [System] [CHAT] Respawn point set
[07:06:49] [Render thread/INFO]: [System] [CHAT] Respawn point set
[07:10:03] [Server thread/INFO]: Saving and pausing game...
[07:10:03] [Server thread/INFO]: Saving chunks for level 'ServerLevel[Epic survival world]'/minecraft:overworld
[07:10:03] [Server thread/INFO]: Saving chunks for level 'ServerLevel[Epic survival world]'/minecraft:the_end
[07:10:03] [Server thread/INFO]: Saving chunks for level 'ServerLevel[Epic survival world]'/minecraft:the_nether
[07:10:04] [Render thread/INFO]: Using default channel type
[07:10:04] [Render thread/INFO]: Started serving on 58613
[07:10:05] [Render thread/INFO]: [System] [CHAT] Local game hosted on port [58613]
[07:10:37] [Server thread/INFO]: [16thGarden: Gave 1 [Zombie Spawn Egg] to 16thGarden]
[07:10:37] [Render thread/INFO]: [System] [CHAT] Gave 1 [Zombie Spawn Egg] to 16thGarden
[07:10:59] [Server thread/INFO]: [16thGarden: Gave 1 [Zombie Spawn Egg] to 16thGarden]
[07:10:59] [Render thread/INFO]: [System] [CHAT] Gave 1 [Zombie Spawn Egg] to 16thGarden
[07:15:12] [Server thread/INFO]: Villager class_1646['Fletcher'/388192, l='ServerLevel[Epic survival world]', x=3481.50, y=63.00, z=1426.70] died, message: 'Fletcher was slain by c'
[07:16:25] [Server thread/INFO]: Villager class_1646['Fletcher'/388201, l='ServerLevel[Epic survival world]', x=3480.70, y=63.03, z=1426.70] died, message: 'Fletcher was slain by c'
[07:17:23] [Server thread/INFO]: Villager class_1646['Fletcher'/388154, l='ServerLevel[Epic survival world]', x=3480.70, y=63.01, z=1426.70] died, message: 'Fletcher was slain by c'
[07:19:11] [Server thread/INFO]: Villager class_1646['Fletcher'/388190, l='ServerLevel[Epic survival world]', x=3480.70, y=63.05, z=1426.70] died, message: 'Fletcher was slain by c'
[07:20:05] [Server thread/INFO]: Villager class_1646['Fletcher'/388206, l='ServerLevel[Epic survival world]', x=3480.70, y=63.05, z=1426.70] died, message: 'Fletcher was slain by c'
[07:20:58] [Server thread/INFO]: Villager class_1646['Fletcher'/388189, l='ServerLevel[Epic survival world]', x=3480.70, y=63.05, z=1426.45] died, message: 'Fletcher was slain by c'
[07:22:09] [Server thread/INFO]: Villager class_1646['Fletcher'/388163, l='ServerLevel[Epic survival world]', x=3480.70, y=63.05, z=1426.55] died, message: 'Fletcher was slain by c'
[07:23:31] [Server thread/INFO]: Villager class_1646['Fletcher'/388176, l='ServerLevel[Epic survival world]', x=3480.70, y=63.05, z=1426.70] died, message: 'Fletcher was slain by c'
[07:24:20] [Server thread/INFO]: Villager class_1646['Fletcher'/388162, l='ServerLevel[Epic survival world]', x=3480.70, y=63.05, z=1426.70] died, message: 'Fletcher was slain by c'
[07:25:20] [Server thread/INFO]: Villager class_1646['Fletcher'/388153, l='ServerLevel[Epic survival world]', x=3480.70, y=63.01, z=1426.70] died, message: 'Fletcher was slain by c'
[07:26:11] [Server thread/INFO]: Villager class_1646['Fletcher'/388182, l='ServerLevel[Epic survival world]', x=3480.70, y=63.05, z=1426.70] died, message: 'Fletcher was slain by c'
[07:26:54] [Server thread/INFO]: Villager class_1646['Fletcher'/388149, l='ServerLevel[Epic survival world]', x=3480.70, y=63.05, z=1426.70] died, message: 'Fletcher was slain by c'
[07:28:42] [Render thread/INFO]: [System] [CHAT] [Debug]: Hitboxes: hidden
[07:29:24] [Server thread/INFO]: Villager class_1646['Fletcher'/388194, l='ServerLevel[Epic survival world]', x=3480.70, y=63.01, z=1426.70] died, message: 'Fletcher was slain by c'
[07:30:11] [Server thread/INFO]: Villager class_1646['Fletcher'/388159, l='ServerLevel[Epic survival world]', x=3480.70, y=63.05, z=1426.70] died, message: 'Fletcher was slain by c'
[07:31:35] [Server thread/INFO]: Villager class_1646['Fletcher'/388177, l='ServerLevel[Epic survival world]', x=3480.70, y=63.05, z=1426.41] died, message: 'Fletcher was slain by c'
[07:38:00] [Server thread/INFO]: 16thGarden lost connection: Disconnected
[07:38:00] [Server thread/INFO]: 16thGarden left the game
[07:38:00] [Server thread/INFO]: Stopping singleplayer server as player logged out
[07:38:00] [Server thread/INFO]: Stopping server
[07:38:00] [Server thread/INFO]: Saving players
[07:38:00] [Server thread/INFO]: Saving worlds
[07:38:01] [Server thread/INFO]: Saving chunks for level 'ServerLevel[Epic survival world]'/minecraft:overworld
[07:38:01] [Server thread/INFO]: Saving chunks for level 'ServerLevel[Epic survival world]'/minecraft:the_end
[07:38:01] [Server thread/INFO]: Saving chunks for level 'ServerLevel[Epic survival world]'/minecraft:the_nether
[07:38:01] [Server thread/INFO]: ThreadedAnvilChunkStorage (Epic survival world): All chunks are saved
[07:38:01] [Server thread/INFO]: ThreadedAnvilChunkStorage (DIM1): All chunks are saved
[07:38:01] [Server thread/INFO]: ThreadedAnvilChunkStorage (DIM-1): All chunks are saved
[07:38:01] [Server thread/INFO]: ThreadedAnvilChunkStorage: All dimensions are saved
[07:38:01] [Render thread/INFO]: Stopping worker threads
[07:38:02] [Render thread/INFO]: Stopping!
[07:38:02] [CullThread/INFO]: [STDOUT]: Shutting down culling task!
