[00:00:23] [Client thread/INFO]: [CHAT] [Bazaar] Executing instant buy...
[00:00:23] [Client thread/INFO]: [CHAT] [Bazaar] Bought 1x Ritual Residue for 1,849,089 coins!
[00:00:30] [Client thread/INFO]: [CHAT] [Bazaar] Executing instant buy...§7 (2)
[00:00:30] [Client thread/INFO]: [CHAT] [Bazaar] Bought 64x Mite Gel for 132,473 coins!
[00:00:30] [Client thread/INFO]: [CHAT] §2Guild > §6[MVP§f++§6] RachieCutie §3[MOD]§f: anyone want a free skel horse
[00:00:41] [Client thread/INFO]: [CHAT] You bought Zombie Brain Mixin for 123,675 Coins!
[00:00:42] [Client thread/INFO]: [CHAT] You bought Spider Egg Mixin for 123,675 Coins!
[00:00:42] [Client thread/INFO]: [CHAT] §2Guild > §b[MVP§5+§b] SoutifDeLuxe §3[MOD]§f: mememem! ! !
[00:00:42] [Client thread/INFO]: [CHAT] You bought Wolf Fur Mixin for 123,675 Coins!
[00:00:43] [Client thread/INFO]: [CHAT] You bought End Portal Fumes for 123,675 Coins!
[00:00:43] [Client thread/INFO]: [CHAT] 
[00:00:43] [Client thread/INFO]: [CHAT] [WATCHDOG ANNOUNCEMENT]
[00:00:43] [Client thread/INFO]: [CHAT] Watchdog has banned 17,250 players in the last 7 days.
[00:00:43] [Client thread/INFO]: [CHAT] Staff have banned an additional 19,545 in the last 7 days.
[00:00:43] [Client thread/INFO]: [CHAT] Blacklisted modifications are a bannable offense!
[00:00:43] [Client thread/INFO]: [CHAT] 
[00:00:54] [Client thread/INFO]: [CHAT] -----------------------------------------------------
                           §6Friends (Page 1 of 1) 
§7JPGomdol §eis in SkyBlock - Dungeon Hub
§7inN0sense §cis currently offline
§7mktutu §cis currently offline
§bPukolz §cis currently offline
§7SetsunaTrip §cis currently offline
§aWheatFarm §cis currently offline
§6xLyds §cis currently offline
§bYukimiko §cis currently offline
-----------------------------------------------------
[00:01:07] [Client thread/INFO]: [CHAT] §2Guild > §a[VIP] WhoTookIchiko §3[HYDRA]§f: where my spooky event rewards at
[00:01:09] [Client thread/INFO]: [CHAT] §2Guild > §a[VIP] WhoTookIchiko §3[HYDRA]§f: bruh
[00:01:09] [Client thread/INFO]: [CHAT] [Bazaar] Executing instant buy...§7 (3)
[00:01:09] [Client thread/INFO]: [CHAT] [Bazaar] Bought 64x Full Chum Bucket for 1,083,795 coins!
[00:01:13] [Client thread/INFO]: [CHAT] §2Guild > §a[VIP] WhoTookIchiko §3[HYDRA]§f: i forgot to claim em
[00:01:18] [Client thread/INFO]: [CHAT] [Bazaar] Executing instant buy...§7 (4)
[00:01:18] [Client thread/INFO]: [CHAT] [Bazaar] Bought 80x Glowing Mushroom for 86,584 coins!
[00:01:25] [Client thread/INFO]: [CHAT] You bought God Potion!
[00:01:26] [Client thread/INFO]: [CHAT] You bought God Potion!§7 (2)
[00:01:43] [Client thread/INFO]: [CHAT] Putting coins in escrow...
[00:01:43] [Client thread/INFO]: [CHAT] Processing purchase...
[00:01:43] [Client thread/INFO]: [CHAT] There was an error with the auction house! (AUCTION_EXPIRED_OR_NOT_FOUND)
[00:01:43] [Client thread/INFO]: [CHAT] Checking escrow for recent transaction...
[00:01:43] [Client thread/INFO]: [CHAT] Escrow refunded 2,100,000 coins for BIN Auction Buy!
[00:01:44] [Client thread/INFO]: [CHAT] §2Guild > §b[MVP§c+§b] GodOfHades §3[EGG]§f: time to make a giant cobble wall yay
[00:01:48] [Client thread/INFO]: [CHAT] Putting coins in escrow...§7 (2)
[00:01:48] [Client thread/INFO]: [CHAT] Processing purchase...§7 (2)
[00:01:48] [Client thread/INFO]: [CHAT] There was an error with the auction house! (AUCTION_EXPIRED_OR_NOT_FOUND)§7 (2)
[00:01:48] [Client thread/INFO]: [CHAT] Checking escrow for recent transaction...§7 (2)
[00:01:48] [Client thread/INFO]: [CHAT] Escrow refunded 2,100,000 coins for BIN Auction Buy!§7 (2)
[00:01:52] [Client thread/INFO]: [CHAT] §2Guild > §6[MVP§f++§6] RachieCutie §3[MOD]§f: for what
[00:01:53] [Client thread/INFO]: [CHAT] Putting coins in escrow...§7 (3)
[00:01:53] [Client thread/INFO]: [CHAT] Processing purchase...§7 (3)
[00:01:53] [Client thread/INFO]: [CHAT] You purchased God Potion for 2,100,000 coins!
[00:01:53] [Client thread/INFO]: [CHAT] Claiming BIN auction...
[00:01:53] [Client thread/INFO]: [CHAT] You claimed God Potion from [VIP+] Junglebook8176's auction!
[00:02:01] [Client thread/INFO]: [CHAT] §2Guild > §b[MVP§c+§b] GodOfHades §3[EGG]§f: super compactors
[00:02:03] [Client thread/INFO]: [CHAT] -----------------------------------------------------
                           §6Friends (Page 1 of 1) 
§7JPGomdol §eis in SkyBlock - Dungeon Hub
§7inN0sense §cis currently offline
§7mktutu §cis currently offline
§bPukolz §cis currently offline
§7SetsunaTrip §cis currently offline
§aWheatFarm §cis currently offline
§6xLyds §cis currently offline
§bYukimiko §cis currently offline
-----------------------------------------------------
[00:02:07] [Client thread/INFO]: [CHAT] §2Guild > §6[MVP§f++§6] RachieCutie §3[MOD]§f: oh
[00:02:16] [Client thread/INFO]: [CHAT] §2Guild > §6[MVP§f++§6] RachieCutie §3[MOD]§f: ironman?
[00:02:37] [Client thread/INFO]: [CHAT] §2Guild > §b[MVP§c+§b] GodOfHades §3[EGG]§f: not on this one but will on the other one as well for this just to make money
[00:02:48] [Client thread/INFO]: [CHAT] -----------------------------------------------------
                           §6Friends (Page 1 of 1) 
§7JPGomdol §eis in SkyBlock - Dungeon Hub
§7inN0sense §cis currently offline
§7mktutu §cis currently offline
§bPukolz §cis currently offline
§7SetsunaTrip §cis currently offline
§aWheatFarm §cis currently offline
§6xLyds §cis currently offline
§bYukimiko §cis currently offline
-----------------------------------------------------§7 (2)
[00:02:58] [Client thread/INFO]: [CHAT] §2Guild > §6[MVP§f++§6] RachieCutie §3[MOD]§f: make money mining cobble?
[00:03:10] [Client thread/INFO]: [CHAT] §2Guild > §a[VIP] WhoTookIchiko §3[HYDRA]§f: rock pet
[00:03:19] [Client thread/INFO]: [CHAT] §2Guild > §6[MVP§f++§6] RachieCutie §3[MOD]§f: oh yea i guess
[00:03:27] [Client thread/INFO]: [CHAT] Refreshing...
[00:03:32] [Client thread/INFO]: [CHAT] You earned 11 GEXP + 423 Event EXP from playing SkyBlock!
[00:03:35] [Client thread/INFO]: [CHAT] §2Guild > §6[MVP§f++§6] RachieCutie §3[MOD]§f: i would like to play stranded but its broken
[00:03:38] [Client thread/INFO]: [SkyblockAddons/ContainerPreviewManager] Refreshed cache for container EnderChest1.
[00:03:38] [SkyblockAddons - #15/INFO]: [SkyblockAddons/PersistentValuesManager] Saving persistent values
[00:03:38] [SkyblockAddons - #15/INFO]: [SkyblockAddons/PersistentValuesManager] Persistent Values Saved
[00:03:48] [Client thread/INFO]: [SkyblockAddons/ContainerPreviewManager] Refreshed cache for container BackpackStorage1.
[00:03:48] [SkyblockAddons - #15/INFO]: [SkyblockAddons/PersistentValuesManager] Saving persistent values
[00:03:48] [SkyblockAddons - #15/INFO]: [SkyblockAddons/PersistentValuesManager] Persistent Values Saved
[00:03:50] [Client thread/INFO]: [CHAT] §2Guild > §b[MVP§e+§b] Flaschensitzer §3[HYDRA]§f: stranded farming sim
[00:03:52] [Client thread/INFO]: [CHAT] §2Guild > §6[MVP§a++§6] IMainHydras §3[HYDRA]§f: it would be alright
[00:03:56] [Client thread/INFO]: [SkyblockAddons/ContainerPreviewManager] Refreshed cache for container BackpackStorage1.
[00:03:56] [SkyblockAddons - #15/INFO]: [SkyblockAddons/PersistentValuesManager] Saving persistent values
[00:03:56] [SkyblockAddons - #15/INFO]: [SkyblockAddons/PersistentValuesManager] Persistent Values Saved
[00:04:02] [Client thread/INFO]: [CHAT] §2Guild > §b[MVP§c+§b] GodOfHades §3[EGG]§f: bout 40k a stack of enchanted cobble but to turn into a super compactor bout 300+k a compactor
[00:04:02] [Client thread/INFO]: [CHAT] §2Guild > §6[MVP§f++§6] RachieCutie §3[MOD]§f: oh yea that may be true
[00:04:18] [Client thread/INFO]: [CHAT] §2Guild > §6[MVP§f++§6] RachieCutie §3[MOD]§f: it just looks fun as everything is different
[00:04:24] [Client thread/INFO]: [CHAT] §2Guild > §6[MVP§f++§6] RachieCutie §3[MOD]§f: like ways of obtaining stuff
[00:04:28] [Client thread/INFO]: [CHAT] §2Guild > §b[MVP§e+§b] Flaschensitzer §3[HYDRA]§f: go try it out for a weekend i guess
[00:04:35] [Client thread/INFO]: [CHAT] §2Guild > §6[MVP§f++§6] RachieCutie §3[MOD]§f: its broken
[00:04:43] [Client thread/INFO]: [CHAT] §2Guild > §b[MVP§e+§b] Flaschensitzer §3[HYDRA]§f: what about it is?
[00:04:45] [Client thread/INFO]: [CHAT] Refreshing...
[00:04:50] [Client thread/INFO]: [CHAT] §2Guild > §6[MVP§f++§6] RachieCutie §3[MOD]§f: u cant obtain redstone etc
[00:04:55] [Client thread/INFO]: [CHAT] §2Guild > §6[MVP§f++§6] RachieCutie §3[MOD]§f: anymore
[00:05:04] [Client thread/INFO]: [CHAT] Guild > junior_v2 joined.
[00:05:05] [Client thread/INFO]: [CHAT] §2Guild > §6[MVP§f++§6] RachieCutie §3[MOD]§f: bc they dont care to fix it
[00:05:11] [Client thread/INFO]: [CHAT] §2Guild > §b[MVP§c+§b] TastiestPizza §3[MANIAC]§f: you got a party?
[00:05:11] [Client thread/INFO]: [CHAT] §2Guild > §b[MVP§e+§b] Flaschensitzer §3[HYDRA]§f: hypixel moment
[00:05:12] [Client thread/INFO]: [CHAT] Refreshing...§7 (2)
[00:05:29] [Client thread/INFO]: [CHAT]  §b§l» §7JPGomdol §eis traveling to §aPrivate Island §e§lFOLLOW
[00:05:31] [Client thread/INFO]: [CHAT] Refreshing...§7 (3)
[00:05:33] [Client thread/INFO]: [CHAT]  §b§l» §7JPGomdol §eis traveling to §aDungeon Hub §e§lFOLLOW
[00:05:43] [Client thread/INFO]: [CHAT] Refreshing...§7 (4)
[00:05:49] [Client thread/INFO]: [CHAT] -----------------------------------------------------
                           §6Friends (Page 1 of 1) 
§7JPGomdol §eis in SkyBlock - Dungeon Hub
§7inN0sense §cis currently offline
§7mktutu §cis currently offline
§bPukolz §cis currently offline
§7SetsunaTrip §cis currently offline
§aWheatFarm §cis currently offline
§6xLyds §cis currently offline
§bYukimiko §cis currently offline
-----------------------------------------------------
[00:05:52] [Client thread/INFO]: [CHAT] Refreshing...§7 (5)
[00:06:02] [Client thread/INFO]: [CHAT] §2Guild > §b[MVP§e+§b] Flaschensitzer §3[HYDRA]§f: i wonder if i do mining for fishing on this profile after garden
[00:06:03] [Client thread/INFO]: [CHAT] Refreshing...§7 (6)
[00:06:15] [Client thread/INFO]: [CHAT] §2Guild > §a[VIP] WhoTookIchiko §3[HYDRA]§f: do fishing for fishing
[00:06:15] [Client thread/INFO]: [CHAT] Refreshing...§7 (7)
[00:06:19] [Client thread/INFO]: [CHAT] §2Guild > §6[MVP§f++§6] RachieCutie §3[MOD]§f: mining for ironman proly
[00:06:26] [Client thread/INFO]: [CHAT] §2Guild > §a[VIP] WhoTookIchiko §3[HYDRA]§f: hes not ironman
[00:06:29] [Client thread/INFO]: [CHAT] §2Guild > §b[MVP§e+§b] Flaschensitzer §3[HYDRA]§f: oh im doing a regular profile since thursday
[00:06:30] [Client thread/INFO]: [CHAT] §2Guild > §a[VIP] WhoTookIchiko §3[HYDRA]§f: on this prof
[00:06:30] [Client thread/INFO]: [CHAT] §2Guild > §6[MVP§f++§6] RachieCutie §3[MOD]§f: oh
[00:06:36] [Client thread/INFO]: [CHAT] §2Guild > §b[MVP§e+§b] Flaschensitzer §3[HYDRA]§f: my ironman needs 5,5 weeks for max 655 forging haha
[00:06:39] [Client thread/INFO]: [CHAT] §2Guild > §b[MVP§e+§b] Flaschensitzer §3[HYDRA]§f: so im getting rid of time
[00:06:40] [Client thread/INFO]: [CHAT] §2Guild > §6[MVP§f++§6] RachieCutie §3[MOD]§f: yea then go fishing bc its fun
[00:06:48] [Client thread/INFO]: [CHAT]  ? superedidou was killed by Crypt Ghoul.
[00:06:50] [Client thread/INFO]: [CHAT] §2Guild > §b[MVP§e+§b] Flaschensitzer §3[HYDRA]§f: i could probably afford grod once i maxed garden
[00:06:52] [Client thread/INFO]: [CHAT] §2Guild > §b[MVP§e+§b] Flaschensitzer §3[HYDRA]§f: might be funny
[00:06:53] [Client thread/INFO]: [CHAT] §2Guild > §a[VIP] WhoTookIchiko §3[HYDRA]§f: me love fimshing
[00:07:35] [Client thread/INFO]: [CHAT] §2Guild > §b[MVP§e+§b] Flaschensitzer §3[HYDRA]§f: but first hypermax garden :c
[00:07:49] [Client thread/INFO]: [CHAT] §2Guild > §6[MVP§d++§6] Jawje §3[MANIAC]§f: inc composter?
[00:07:53] [Client thread/INFO]: [CHAT] §2Guild > §b[MVP§e+§b] Flaschensitzer §3[HYDRA]§f: yes
[00:07:57] [Client thread/INFO]: [CHAT] §2Guild > §6[MVP§d++§6] Jawje §3[MANIAC]§f: O-o
[00:07:58] [Client thread/INFO]: [CHAT] Guild > Smoothingo left.
[00:07:59] [Client thread/INFO]: [CHAT] §2Guild > §a[VIP] WhoTookIchiko §3[HYDRA]§f: im number 47 on reindrake kills
[00:08:00] [Client thread/INFO]: [CHAT] §2Guild > §a[VIP] WhoTookIchiko §3[HYDRA]§f: brehhh
[00:08:06] [Client thread/INFO]: [CHAT] §2Guild > §b[MVP§e+§b] Flaschensitzer §3[HYDRA]§f: composter aint the issue
[00:08:10] [Client thread/INFO]: [CHAT] §2Guild > §b[MVP§e+§b] Flaschensitzer §3[HYDRA]§f: you easily get that by max milestones
[00:08:30] [Client thread/INFO]: [CHAT] -----------------------------------------------------
                           §6Friends (Page 1 of 1) 
§7JPGomdol §eis in SkyBlock - Dungeon Hub
§7inN0sense §cis currently offline
§7mktutu §cis currently offline
§bPukolz §cis currently offline
§7SetsunaTrip §cis currently offline
§aWheatFarm §cis currently offline
§6xLyds §cis currently offline
§bYukimiko §cis currently offline
-----------------------------------------------------
[00:08:36] [Client thread/INFO]: [CHAT] You earned 14 GEXP + 561 Event EXP from playing SkyBlock!
[00:08:46] [Client thread/INFO]: [CHAT] §2Guild > §b[MVP§e+§b] Flaschensitzer §3[HYDRA]§f: btw if any of you want Cult X on your Melon Dicer hmu, ill have mine done in 4 hours, idm doing it for others
[00:08:46] [Client thread/INFO]: [CHAT] Refreshing...
[00:09:01] [Client thread/INFO]: [CHAT] Refreshing...§7 (2)
[00:09:02] [Client thread/INFO]: [CHAT] §2Guild > §b[MVP§6+§b] TheViolin §3[HYDRA]§f: :O
[00:09:08] [Client thread/INFO]: [CHAT] §2Guild > §a[VIP] WhoTookIchiko §3[HYDRA]§f: i have 0 farming gear
[00:09:10] [Client thread/INFO]: [CHAT] Refreshing...§7 (3)
[00:09:13] [Client thread/INFO]: [CHAT] §2Guild > §a[VIP] WhoTookIchiko §3[HYDRA]§f: literally
[00:09:39] [Client thread/INFO]: [CHAT] §2Guild > §b[MVP§e+§b] Flaschensitzer §3[HYDRA]§f: my nw is like 380m rn in 3 days, guess its all in farming gear
[00:09:42] [Client thread/INFO]: [CHAT] §2Guild > §b[MVP§e+§b] Flaschensitzer §3[HYDRA]§f: still long way to go
[00:10:03] [Client thread/INFO]: [CHAT] §2Guild > §6[MVP§f++§6] RachieCutie §3[MOD]§f: did u move stuff?
[00:10:06] [Client thread/INFO]: [CHAT] §2Guild > §6[MVP§f++§6] RachieCutie §3[MOD]§f: how so much
[00:10:06] [Client thread/INFO]: [CHAT] §2Guild > §b[MVP§e+§b] Flaschensitzer §3[HYDRA]§f: nope
[00:10:12] [Client thread/INFO]: [CHAT] §2Guild > §b[MVP§e+§b] Flaschensitzer §3[HYDRA]§f: i follow a simple concept rachie
[00:10:16] [Client thread/INFO]: [CHAT] §2Guild > §b[MVP§e+§b] Flaschensitzer §3[HYDRA]§f: i borrow items for interest
[00:10:22] [Client thread/INFO]: [CHAT] §2Guild > §b[MVP§e+§b] Flaschensitzer §3[HYDRA]§f: 20% interest of item value on return
[00:10:22] [Client thread/INFO]: [CHAT] §2Guild > §6[MVP§f++§6] RachieCutie §3[MOD]§f: oh xd
[00:10:26] [Client thread/INFO]: [CHAT] Refreshing...
[00:10:31] [Client thread/INFO]: [CHAT] §2Guild > §b[MVP§e+§b] Flaschensitzer §3[HYDRA]§f: but rn i only got very interestings rabbit left
[00:10:37] [Client thread/INFO]: [CHAT] §2Guild > §a[VIP] WhoTookIchiko §3[HYDRA]§f: bro why cole winning
[00:10:38] [Client thread/INFO]: [CHAT] -----------------------------------------------------
                           §6Friends (Page 1 of 1) 
§7JPGomdol §eis in SkyBlock - The Catacombs - Floor VII
§7inN0sense §cis currently offline
§7mktutu §cis currently offline
§bPukolz §cis currently offline
§7SetsunaTrip §cis currently offline
§aWheatFarm §cis currently offline
§6xLyds §cis currently offline
§bYukimiko §cis currently offline
-----------------------------------------------------
[00:10:41] [Client thread/INFO]: [CHAT] Warping...
[00:10:42] [Client thread/INFO]: [CHAT] Sending to server mini25CS...
[00:10:42] [Netty Client IO #17/INFO]: [gg.skytils.skytilsmod.listeners.ServerPayloadInterceptor:onReceivePacket:58]: Received Hypixel packet hyevent:location
[00:10:42] [Client thread/INFO]: [CHAT]        
[00:10:42] [Client thread/INFO]: [gg.skytils.skytilsmod.utils.SBInfo$onHypixelPacket$1:invoke:94]: ClientboundLocationEventPacket{serverName='mini25CS', serverType='SKYBLOCK', lobbyName='null', mode='farming_1', map='The Farming Islands'} VersionedPacket{version=1}
[00:10:45] [Client thread/INFO]: [CHAT] §aYou are playing on profile: §eRaspberry§b (Co-op)
[00:10:45] [Client thread/INFO]: [CHAT] Profile ID: 1c82351a-b767-494b-af85-f39ec5d6df89
[00:10:45] [Client thread/INFO]: [CHAT] Guild > FlippyKid2K joined.
[00:10:48] [Client thread/INFO]: [CHAT] §2Guild > §a[VIP] WhoTookIchiko §3[HYDRA]§f: yall rly want that 25% minion speed
[00:10:50] [Client thread/INFO]: [CHAT] §2Guild > §b[MVP§e+§b] Flaschensitzer §3[HYDRA]§f: but that approach gave me so much ff early on
[00:11:04] [Client thread/INFO]: [CHAT] §2Guild > §a[VIP] FlippyKid2K §3[EGG]§f: yall done the nuc runs yet or are still prepping?
[00:11:06] [Client thread/INFO]: [CHAT] §2Guild > §b[MVP§3+§b] ThePietz §3[MANIAC]§f:                              Level 391 ? [393]
[00:11:13] [Client thread/INFO]: [CHAT] You bought Glowing Mush Mixin!
[00:11:16] [Client thread/INFO]: [CHAT] §2Guild > §a[VIP] WhoTookIchiko §3[HYDRA]§f: hotm?
[00:11:16] [Client thread/INFO]: [CHAT] Warping you to your SkyBlock island...
[00:11:17] [Client thread/INFO]: [CHAT] Sending to server mini154BH...
[00:11:17] [Netty Client IO #17/INFO]: [gg.skytils.skytilsmod.listeners.ServerPayloadInterceptor:onReceivePacket:58]: Received Hypixel packet hyevent:location
[00:11:17] [Client thread/INFO]: [gg.skytils.skytilsmod.utils.SBInfo$onHypixelPacket$1:invoke:94]: ClientboundLocationEventPacket{serverName='mini154BH', serverType='SKYBLOCK', lobbyName='null', mode='dynamic', map='Private Island'} VersionedPacket{version=1}
[00:11:17] [Client thread/INFO]: [CHAT]        
[00:11:18] [Client thread/INFO]: [CHAT] §2Guild > §a[VIP] WhoTookIchiko §3[HYDRA]§f: slayer?
[00:11:20] [Client thread/INFO]: [CHAT] §aYou are playing on profile: §eRaspberry§b (Co-op)§7 (2)
[00:11:20] [Client thread/INFO]: [CHAT] Profile ID: 1c82351a-b767-494b-af85-f39ec5d6df89§7 (2)
[00:11:24] [Client thread/INFO]: [CHAT] §2Guild > §b[MVP§3+§b] ThePietz §3[MANIAC]§f: hotm
[00:11:28] [Client thread/INFO]: [CHAT] §2Guild > §a[VIP] WhoTookIchiko §3[HYDRA]§f: ehhhh
[00:11:43] [Client thread/INFO]: [CHAT] §2Guild > §b[MVP§c+§b] TastiestPizza §3[MANIAC]§f:  +Cubism 6#
[00:11:46] [Client thread/INFO]: [CHAT] §2Guild > §a[VIP] WhoTookIchiko §3[HYDRA]§f: bruh
[00:11:47] [Client thread/INFO]: [CHAT] §2Guild > §b[MVP§6+§b] TheViolin §3[HYDRA]§f: EYY
[00:11:53] [Client thread/INFO]: [CHAT] §2Guild > §a[VIP] WhoTookIchiko §3[HYDRA]§f: how to get t7
[00:11:56] [Client thread/INFO]: [CHAT] §2Guild > §6[MVP§f++§6] RachieCutie §3[MOD]§f: #gg
[00:12:17] [Client thread/INFO]: [CHAT] Mining Speed Boost is now available!
[00:12:17] [Client thread/INFO]: [CHAT] §2Guild > §b[MVP§e+§b] Flaschensitzer §3[HYDRA]§f: If one's interest in an Investment rn, im Paying 47m for Overgrown Grass after 24 hours of receiving.
[00:12:21] [Client thread/INFO]: [CHAT] §2Guild > §b[MVP§e+§b] Flaschensitzer §3[HYDRA]§f: Should be 7m surplus for you
[00:13:31] [Client thread/INFO]: [CHAT] Guild > exctiz left.
[00:13:52] [Client thread/INFO]: [CHAT] §6[Bazaar] §eYour §6Sell Offer §efor §a1§7x §fPesterminator I §ewas filled!
[00:14:07] [Client thread/INFO]: [SkyblockAddons/ContainerPreviewManager] Refreshed cache for container BackpackStorage6.
[00:14:07] [SkyblockAddons - #16/INFO]: [SkyblockAddons/PersistentValuesManager] Saving persistent values
[00:14:07] [SkyblockAddons - #16/INFO]: [SkyblockAddons/PersistentValuesManager] Persistent Values Saved
[00:15:43] [Client thread/INFO]: [SkyblockAddons/ContainerPreviewManager] Refreshed cache for container BackpackStorage12.
[00:15:43] [SkyblockAddons - #17/INFO]: [SkyblockAddons/PersistentValuesManager] Saving persistent values
[00:15:43] [SkyblockAddons - #17/INFO]: [SkyblockAddons/PersistentValuesManager] Persistent Values Saved
[00:15:46] [Client thread/INFO]: [CHAT] [Bazaar] Executing instant sell...
[00:15:46] [Client thread/INFO]: [CHAT] [Bazaar] Sold 1x Overload III for 2,398,415 coins!
[00:15:47] [Client thread/INFO]: [CHAT] [Bazaar] Executing instant sell...§7 (2)
[00:15:47] [Client thread/INFO]: [CHAT] [Bazaar] Sold 2x Overload I for 1,239,872 coins!
[00:16:18] [Client thread/INFO]: [CHAT] You earned 8 GEXP + 301 Event EXP from playing SkyBlock!
[00:17:16] [Client thread/INFO]: [SkyblockAddons/ContainerPreviewManager] Refreshed cache for container BackpackStorage1.
[00:17:16] [SkyblockAddons - #18/INFO]: [SkyblockAddons/PersistentValuesManager] Saving persistent values
[00:17:16] [SkyblockAddons - #18/INFO]: [SkyblockAddons/PersistentValuesManager] Persistent Values Saved
[00:17:20] [Client thread/INFO]: [SkyblockAddons/ContainerPreviewManager] Refreshed cache for container BackpackStorage15.
[00:17:20] [SkyblockAddons - #18/INFO]: [SkyblockAddons/PersistentValuesManager] Saving persistent values
[00:17:20] [SkyblockAddons - #18/INFO]: [SkyblockAddons/PersistentValuesManager] Persistent Values Saved
[00:17:21] [Client thread/INFO]: [CHAT] The backpack in slot 1 is not empty! Please empty it before removing.
[00:17:26] [Client thread/INFO]: [SkyblockAddons/ContainerPreviewManager] Refreshed cache for container BackpackStorage1.
[00:17:26] [SkyblockAddons - #18/INFO]: [SkyblockAddons/PersistentValuesManager] Saving persistent values
[00:17:26] [SkyblockAddons - #18/INFO]: [SkyblockAddons/PersistentValuesManager] Persistent Values Saved
[00:17:27] [Client thread/INFO]: [SkyblockAddons/ContainerPreviewManager] Refreshed cache for container BackpackStorage2.
[00:17:27] [SkyblockAddons - #18/INFO]: [SkyblockAddons/PersistentValuesManager] Saving persistent values
[00:17:27] [SkyblockAddons - #18/INFO]: [SkyblockAddons/PersistentValuesManager] Persistent Values Saved
[00:17:28] [Client thread/INFO]: [SkyblockAddons/ContainerPreviewManager] Refreshed cache for container BackpackStorage3.
[00:17:28] [SkyblockAddons - #18/INFO]: [SkyblockAddons/PersistentValuesManager] Saving persistent values
[00:17:28] [SkyblockAddons - #18/INFO]: [SkyblockAddons/PersistentValuesManager] Persistent Values Saved
[00:18:09] [Client thread/INFO]: [CHAT] [Bazaar] Executing instant buy...
[00:18:10] [Client thread/INFO]: [CHAT] [Bazaar] Bought 12x Enchanted Ender Pearl for 2,098.8 coins!
[00:18:19] [Client thread/INFO]: [CHAT] [Bazaar] Executing instant buy...§7 (2)
[00:18:19] [Client thread/INFO]: [CHAT] [Bazaar] Bought 3x String for 44.7 coins!
[00:19:51] [Client thread/INFO]: [SkyblockAddons/ContainerPreviewManager] Refreshed cache for container BackpackStorage1.
[00:19:51] [SkyblockAddons - #19/INFO]: [SkyblockAddons/PersistentValuesManager] Saving persistent values
[00:19:51] [SkyblockAddons - #19/INFO]: [SkyblockAddons/PersistentValuesManager] Persistent Values Saved
[00:19:54] [Client thread/INFO]: [SkyblockAddons/ContainerPreviewManager] Refreshed cache for container BackpackStorage15.
[00:19:54] [SkyblockAddons - #19/INFO]: [SkyblockAddons/PersistentValuesManager] Saving persistent values
[00:19:54] [SkyblockAddons - #19/INFO]: [SkyblockAddons/PersistentValuesManager] Persistent Values Saved
[00:20:00] [Client thread/INFO]: [SkyblockAddons/ContainerPreviewManager] Refreshed cache for container BackpackStorage15.
[00:20:00] [SkyblockAddons - #19/INFO]: [SkyblockAddons/PersistentValuesManager] Saving persistent values
[00:20:00] [SkyblockAddons - #19/INFO]: [SkyblockAddons/PersistentValuesManager] Persistent Values Saved
[00:20:25] [Client thread/INFO]: [CHAT]  §b§l» §7JPGomdol §eis traveling to §aDungeon Hub §e§lFOLLOW
[00:21:19] [Client thread/INFO]: [CHAT] You earned 7 GEXP + 334 Event EXP from playing SkyBlock!
[00:21:27] [Client thread/ERROR]: Signature is missing from textures payload
[00:21:27] [Client thread/ERROR]: Signature is missing from textures payload
[00:21:28] [Netty Client IO #17/INFO]: [SkyblockAddons/NetworkListener] Detected leaving skyblock!
[00:21:28] [Client thread/INFO]: Applying holder lookups
[00:21:28] [Client thread/INFO]: Holder lookups applied
[00:21:28] [Client thread/ERROR]: Signature is missing from textures payload
[00:21:28] [Client thread/ERROR]: Signature is missing from textures payload
[00:21:29] [Client thread/INFO]: Stopping!
[00:21:29] [Client thread/INFO]: SoundSystem shutting down...
[00:21:29] [Client thread/WARN]: Author: Paul Lamb, www.paulscode.com
