[16:25:21] [main/INFO]: Loading Minecraft 1.20.4 with Fabric Loader 0.15.7
[16:25:21] [main/WARN]: Warnings were found!
 - Mod 'CIT Resewn' (citresewn) 1.1.4+1.20.4 recommends any version of modmenu, which is missing!
	 - You should install any version of modmenu for the optimal experience.
[16:25:21] [main/INFO]: Loading 74 mods:
	- advanced-xray-fabric 84.0.0
	- appleskin 2.5.1+mc1.20.3
	   \-- cloth-config 13.0.114
	        \-- cloth-basic-math 0.6.1
	- carpet 1.4.128+v231205
	- citresewn 1.1.4+1.20.4
	   \-- citresewn-defaults 1.1.4+1.20.4
	- entityculling 1.6.3.1
	- essential-container 1.0.0
	   \-- essential-loader 1.2.1
	- fabric-api 0.96.4+1.20.4
	   |-- fabric-api-base 0.4.36+78d798af4f
	   |-- fabric-api-lookup-api-v1 1.6.49+82b1bb3e4f
	   |-- fabric-biome-api-v1 13.0.16+78d798af4f
	   |-- fabric-block-api-v1 1.0.16+3e2216cb4f
	   |-- fabric-block-view-api-v2 1.0.4+78d798af4f
	   |-- fabric-blockrenderlayer-v1 1.1.46+78d798af4f
	   |-- fabric-client-tags-api-v1 1.1.7+78d798af4f
	   |-- fabric-command-api-v1 1.2.41+f71b366f4f
	   |-- fabric-command-api-v2 2.2.20+78d798af4f
	   |-- fabric-commands-v0 0.2.58+df3654b34f
	   |-- fabric-containers-v0 0.1.86+df3654b34f
	   |-- fabric-content-registries-v0 5.0.14+78d798af4f
	   |-- fabric-convention-tags-v1 1.5.10+78d798af4f
	   |-- fabric-crash-report-info-v1 0.2.23+78d798af4f
	   |-- fabric-data-attachment-api-v1 1.1.3+b90db5744f
	   |-- fabric-data-generation-api-v1 13.2.3+5c0133444f
	   |-- fabric-dimensions-v1 2.1.61+78d798af4f
	   |-- fabric-entity-events-v1 1.6.1+09fc25014f
	   |-- fabric-events-interaction-v0 0.7.1+389931eb4f
	   |-- fabric-events-lifecycle-v0 0.2.74+df3654b34f
	   |-- fabric-game-rule-api-v1 1.0.46+78d798af4f
	   |-- fabric-item-api-v1 2.2.0+d6f2b0844f
	   |-- fabric-item-group-api-v1 4.0.25+58f8c0124f
	   |-- fabric-key-binding-api-v1 1.0.41+78d798af4f
	   |-- fabric-keybindings-v0 0.2.39+df3654b34f
	   |-- fabric-lifecycle-events-v1 2.3.0+a67ffb5d4f
	   |-- fabric-loot-api-v2 2.1.8+78d798af4f
	   |-- fabric-message-api-v1 6.0.5+78d798af4f
	   |-- fabric-mining-level-api-v1 2.1.64+78d798af4f
	   |-- fabric-model-loading-api-v1 1.0.8+78d798af4f
	   |-- fabric-models-v0 0.4.7+9386d8a74f
	   |-- fabric-networking-api-v1 3.1.7+2e5ac5484f
	   |-- fabric-object-builder-api-v1 13.0.13+080016e44f
	   |-- fabric-particles-v1 1.1.7+78d798af4f
	   |-- fabric-recipe-api-v1 2.0.20+78d798af4f
	   |-- fabric-registry-sync-v0 4.0.19+58f8c0124f
	   |-- fabric-renderer-api-v1 3.2.4+78d798af4f
	   |-- fabric-renderer-indigo 1.5.4+78d798af4f
	   |-- fabric-renderer-registries-v1 3.2.53+df3654b34f
	   |-- fabric-rendering-data-attachment-v1 0.3.42+73761d2e4f
	   |-- fabric-rendering-fluids-v1 3.1.1+e761c6694f
	   |-- fabric-rendering-v0 1.1.56+df3654b34f
	   |-- fabric-rendering-v1 3.2.0+6fd945a04f
	   |-- fabric-resource-conditions-api-v1 2.3.14+78d798af4f
	   |-- fabric-resource-loader-v0 0.11.19+58f8c0124f
	   |-- fabric-screen-api-v1 2.0.17+78d798af4f
	   |-- fabric-screen-handler-api-v1 1.3.55+78d798af4f
	   |-- fabric-sound-api-v1 1.0.17+78d798af4f
	   |-- fabric-transfer-api-v1 4.0.11+e84342304f
	   \-- fabric-transitive-access-wideners-v1 5.0.14+78d798af4f
	- fabricloader 0.15.7
	   \-- mixinextras 0.3.5
	- java 17
	- litematica 0.17.0
	- lithium 0.12.1
	- logical_zoom 0.0.22
	- malilib 0.18.1
	- minecraft 1.20.4
	- minihud 0.30.2
	- nvidium 0.2.6-beta
	- rebind_narrator 2.0.2
	- sodium 0.5.8+mc1.20.4
	- tweakeroo 0.19.2
[16:25:22] [main/INFO]: SpongePowered MIXIN Subsystem Version=0.8.5 Source=file:/C:/Users/Miguel%20Leyesa/AppData/Roaming/.minecraft/libraries/net/fabricmc/sponge-mixin/0.12.5+mixin.0.8.5/sponge-mixin-0.12.5+mixin.0.8.5.jar Service=Knot/Fabric Env=CLIENT
[16:25:22] [main/INFO]: Compatibility level set to JAVA_17
[16:25:22] [main/INFO]: Loaded configuration file for Lithium: 129 options available, 0 override(s) found
[16:25:22] [main/INFO]: Loaded configuration file for Sodium: 42 options available, 0 override(s) found
[16:25:24] [main/WARN]: Found newer Essential Loader (stage2) version 1.6.0 [stable], skipping at user request
[16:25:24] [main/INFO]: Starting Essential Loader (stage2) version 1.4.1+fabric-1.20.4 (9cbd42842e1a0f4db9463ba79962010f) [stable]
[16:25:25] [main/INFO]: Starting Essential v1.3.1.3 (#88238d7752) [stable]
[16:25:25] [main/INFO]: Java: OpenJDK 64-Bit Server VM (v17.0.8) by Microsoft (Microsoft)
[16:25:25] [main/INFO]: Java Path: C:\Users\Miguel Leyesa\AppData\Local\Packages\Microsoft.4297127D64EC6_8wekyb3d8bbwe\LocalCache\Local\runtime\java-runtime-gamma\windows-x64\java-runtime-gamma\bin
[16:25:25] [main/INFO]: Java Info: mixed mode
[16:25:25] [main/INFO]: JVM Arguments: 
  - -XX:HeapDumpPath=MojangTricksIntelDriversForPerformance_javaw.exe_minecraft.exe.heapdump
  - -Djava.library.path=C:\Users\Miguel Leyesa\AppData\Roaming\.minecraft\bin\cc9d3839148d498f98557594755fb8ae999dc26b
  - -Djna.tmpdir=C:\Users\Miguel Leyesa\AppData\Roaming\.minecraft\bin\cc9d3839148d498f98557594755fb8ae999dc26b
  - -Dorg.lwjgl.system.SharedLibraryExtractPath=C:\Users\Miguel Leyesa\AppData\Roaming\.minecraft\bin\cc9d3839148d498f98557594755fb8ae999dc26b
  - -Dio.netty.native.workdir=C:\Users\Miguel Leyesa\AppData\Roaming\.minecraft\bin\cc9d3839148d498f98557594755fb8ae999dc26b
  - -Dminecraft.launcher.brand=minecraft-launcher
  - -Dminecraft.launcher.version=2.21.26
  - -DFabricMcEmu= net.minecraft.client.main.Main 
  - -Xmx4G
  - -XX:+UnlockExperimentalVMOptions
  - -XX:+UseG1GC
  - -XX:G1NewSizePercent=20
  - -XX:G1ReservePercent=20
  - -XX:MaxGCPauseMillis=50
  - -XX:G1HeapRegionSize=32M
  - -Dlog4j.configurationFile=C:\Users\Miguel Leyesa\AppData\Roaming\.minecraft\assets\log_configs\client-1.12.xml
[16:25:25] [main/INFO]: OS: Windows 11 (v10.0) (Arch: amd64)
[16:25:25] [main/INFO]: Searching for graphics cards...
[16:25:25] [main/INFO]: Initializing MixinExtras via com.llamalad7.mixinextras.service.MixinExtrasServiceImpl(version=0.3.5).
[16:25:26] [main/INFO]: Found graphics card: GraphicsAdapterInfo[vendor=NVIDIA, name=NVIDIA GeForce RTX 3050 Laptop GPU, version=DriverVersion=31.0.15.4629]
[16:25:26] [main/INFO]: Found graphics card: GraphicsAdapterInfo[vendor=INTEL, name=Intel(R) UHD Graphics, version=DriverVersion=30.0.100.9864]
[16:25:26] [main/WARN]: Sodium has applied one or more workarounds to prevent crashes or other issues on your system: [NVIDIA_THREADED_OPTIMIZATIONS]
[16:25:26] [main/WARN]: This is not necessarily an issue, but it may result in certain features or optimizations being disabled. You can sometimes fix these issues by upgrading your graphics driver.
[16:25:30] [main/WARN]: @ModifyConstant conflict. Skipping mixins.tweakeroo.json:MixinStructureBlockBlockEntity from mod tweakeroo->@ModifyConstant::overrideMaxSize(I)I with priority 999, already redirected by carpet.mixins.json:StructureBlockEntity_limitsMixin from mod carpet->@ModifyConstant::negativeLimit(I)I with priority 1000
[16:25:30] [main/WARN]: @ModifyConstant conflict. Skipping mixins.tweakeroo.json:MixinStructureBlockBlockEntity from mod tweakeroo->@ModifyConstant::overrideMaxSize(I)I with priority 999, already redirected by carpet.mixins.json:StructureBlockEntity_limitsMixin from mod carpet->@ModifyConstant::positiveLimit(I)I with priority 1000
[16:25:30] [main/WARN]: @ModifyConstant conflict. Skipping mixins.tweakeroo.json:MixinStructureBlockBlockEntity from mod tweakeroo->@ModifyConstant::overrideMaxSize(I)I with priority 999, already redirected by carpet.mixins.json:StructureBlockEntity_limitsMixin from mod carpet->@ModifyConstant::negativeLimit(I)I with priority 1000
[16:25:30] [main/WARN]: @ModifyConstant conflict. Skipping mixins.tweakeroo.json:MixinStructureBlockBlockEntity from mod tweakeroo->@ModifyConstant::overrideMaxSize(I)I with priority 999, already redirected by carpet.mixins.json:StructureBlockEntity_limitsMixin from mod carpet->@ModifyConstant::positiveLimit(I)I with priority 1000
[16:25:30] [main/WARN]: @ModifyConstant conflict. Skipping mixins.tweakeroo.json:MixinStructureBlockBlockEntity from mod tweakeroo->@ModifyConstant::overrideMaxSize(I)I with priority 999, already redirected by carpet.mixins.json:StructureBlockEntity_limitsMixin from mod carpet->@ModifyConstant::negativeLimit(I)I with priority 1000
[16:25:30] [main/WARN]: @ModifyConstant conflict. Skipping mixins.tweakeroo.json:MixinStructureBlockBlockEntity from mod tweakeroo->@ModifyConstant::overrideMaxSize(I)I with priority 999, already redirected by carpet.mixins.json:StructureBlockEntity_limitsMixin from mod carpet->@ModifyConstant::positiveLimit(I)I with priority 1000
[16:25:30] [main/WARN]: @ModifyConstant conflict. Skipping mixins.tweakeroo.json:MixinStructureBlockBlockEntity from mod tweakeroo->@ModifyConstant::overrideMaxSize(I)I with priority 999, already redirected by carpet.mixins.json:StructureBlockEntity_limitsMixin from mod carpet->@ModifyConstant::positiveLimit(I)I with priority 1000
[16:25:30] [main/WARN]: @ModifyConstant conflict. Skipping mixins.tweakeroo.json:MixinStructureBlockBlockEntity from mod tweakeroo->@ModifyConstant::overrideMaxSize(I)I with priority 999, already redirected by carpet.mixins.json:StructureBlockEntity_limitsMixin from mod carpet->@ModifyConstant::positiveLimit(I)I with priority 1000
[16:25:30] [main/WARN]: @ModifyConstant conflict. Skipping mixins.tweakeroo.json:MixinStructureBlockBlockEntity from mod tweakeroo->@ModifyConstant::overrideMaxSize(I)I with priority 999, already redirected by carpet.mixins.json:StructureBlockEntity_limitsMixin from mod carpet->@ModifyConstant::positiveLimit(I)I with priority 1000
[16:25:33] [Datafixer Bootstrap/INFO]: 198 Datafixer optimizations took 196 milliseconds
[16:25:36] [Render thread/INFO]: Environment: Environment[sessionHost=https://sessionserver.mojang.com, servicesHost=https://api.minecraftservices.com, name=PROD]
[16:25:36] [Render thread/INFO]: Setting user: 16thGarden
[16:25:36] [Render thread/INFO]: Starting DI!
[16:25:37] [Render thread/INFO]: Authenticating to Mojang as 16thGarden (dc0548c7-2c22-450e-91f5-2a17cfde2a12)
[16:25:37] [DefaultDispatcher-worker-1/INFO]: Connecting to Essential Connection Manager...
[16:25:37] [DefaultDispatcher-worker-1/INFO]: Using Default JreDnsResolver
[16:25:37] [DefaultDispatcher-worker-1/INFO]: Using Default JreSocketFactory
[16:25:37] [Render thread/INFO]: XRay mod has been initialized
[16:25:37] [Render thread/INFO]: [citresewn] Registering CIT Conditions
[16:25:37] [Render thread/INFO]: [citresewn] Registering CIT Types
[16:25:37] [Render thread/INFO]: [Indigo] Different rendering plugin detected; not applying Indigo.
[16:25:38] [Render thread/INFO]: OptiFine not detected.
[16:25:38] [WebSocketConnectReadThread-74/INFO]: Connected to Essential Connection Manager.
[16:25:38] [Render thread/INFO]: Backend library: LWJGL version 3.3.2-snapshot
[16:25:38] [Render thread/WARN]: Applying workaround: Prevent the NVIDIA OpenGL driver from using broken optimizations (NVIDIA_THREADED_OPTIMIZATIONS)
[16:25:38] [Render thread/INFO]: All capabilities met
[16:25:38] [Render thread/INFO]: Enabling Nvidium
[16:25:38] [Render thread/INFO]: OpenGL Vendor: NVIDIA Corporation
[16:25:38] [Render thread/INFO]: OpenGL Renderer: NVIDIA GeForce RTX 3050 Laptop GPU/PCIe/SSE2
[16:25:38] [Render thread/INFO]: OpenGL Version: 3.2.0 NVIDIA 546.29
[16:25:39] [Render thread/WARN]: Pack file/coffee totem declared support for versions [16, 22] but declared main format is 9, defaulting to 9
[16:25:39] [ForkJoinPool.commonPool-worker-1/INFO]: [STDERR]: org.objectweb.asm.tree.analysis.AnalyzerException: Error at instruction 137: Trying to set an inexistant local variable 9
[16:25:39] [ForkJoinPool.commonPool-worker-1/INFO]: [STDERR]: 	at org.objectweb.asm.tree.analysis.Analyzer.analyze(Analyzer.java:279)
[16:25:39] [ForkJoinPool.commonPool-worker-1/INFO]: [STDERR]: 	at org.spongepowered.asm.util.Locals.generateLocalVariableTable(Locals.java:859)
[16:25:39] [ForkJoinPool.commonPool-worker-1/INFO]: [STDERR]: 	at org.spongepowered.asm.util.Locals.getGeneratedLocalVariableTable(Locals.java:828)
[16:25:39] [ForkJoinPool.commonPool-worker-1/INFO]: [STDERR]: 	at org.spongepowered.asm.util.Locals.getLocalVariableAt(Locals.java:782)
[16:25:39] [ForkJoinPool.commonPool-worker-1/INFO]: [STDERR]: 	at org.spongepowered.asm.util.Locals.getLocalVariableAt(Locals.java:752)
[16:25:39] [ForkJoinPool.commonPool-worker-1/INFO]: [STDERR]: 	at org.spongepowered.asm.util.Locals.getLocalsAt(Locals.java:529)
[16:25:39] [ForkJoinPool.commonPool-worker-1/INFO]: [STDERR]: 	at org.spongepowered.asm.util.Locals.getLocalsAt(Locals.java:336)
[16:25:39] [ForkJoinPool.commonPool-worker-1/INFO]: [STDERR]: 	at org.spongepowered.asm.mixin.injection.modify.LocalVariableDiscriminator$Context.initLocals(LocalVariableDiscriminator.java:154)
[16:25:39] [ForkJoinPool.commonPool-worker-1/INFO]: [STDERR]: 	at org.spongepowered.asm.mixin.injection.modify.LocalVariableDiscriminator$Context.<init>(LocalVariableDiscriminator.java:148)
[16:25:39] [ForkJoinPool.commonPool-worker-1/INFO]: [STDERR]: 	at org.spongepowered.asm.mixin.injection.modify.ModifyVariableInjector$Context.<init>(ModifyVariableInjector.java:71)
[16:25:39] [ForkJoinPool.commonPool-worker-1/INFO]: [STDERR]: 	at org.spongepowered.asm.mixin.injection.modify.ModifyVariableInjector.preInject(ModifyVariableInjector.java:159)
[16:25:39] [ForkJoinPool.commonPool-worker-1/INFO]: [STDERR]: 	at org.spongepowered.asm.mixin.injection.code.Injector.preInject(Injector.java:258)
[16:25:39] [ForkJoinPool.commonPool-worker-1/INFO]: [STDERR]: 	at org.spongepowered.asm.mixin.injection.struct.InjectionInfo.preInject(InjectionInfo.java:436)
[16:25:39] [ForkJoinPool.commonPool-worker-1/INFO]: [STDERR]: 	at org.spongepowered.asm.mixin.transformer.MixinTargetContext.applyInjections(MixinTargetContext.java:1370)
[16:25:39] [ForkJoinPool.commonPool-worker-1/INFO]: [STDERR]: 	at org.spongepowered.asm.mixin.transformer.MixinApplicatorStandard.applyInjections(MixinApplicatorStandard.java:1062)
[16:25:39] [ForkJoinPool.commonPool-worker-1/INFO]: [STDERR]: 	at org.spongepowered.asm.mixin.transformer.MixinApplicatorStandard.applyMixin(MixinApplicatorStandard.java:402)
[16:25:39] [ForkJoinPool.commonPool-worker-1/INFO]: [STDERR]: 	at org.spongepowered.asm.mixin.transformer.MixinApplicatorStandard.apply(MixinApplicatorStandard.java:327)
[16:25:39] [ForkJoinPool.commonPool-worker-1/INFO]: [STDERR]: 	at org.spongepowered.asm.mixin.transformer.TargetClassContext.apply(TargetClassContext.java:421)
[16:25:39] [ForkJoinPool.commonPool-worker-1/INFO]: [STDERR]: 	at org.spongepowered.asm.mixin.transformer.TargetClassContext.applyMixins(TargetClassContext.java:403)
[16:25:39] [ForkJoinPool.commonPool-worker-1/INFO]: [STDERR]: 	at org.spongepowered.asm.mixin.transformer.MixinProcessor.applyMixins(MixinProcessor.java:363)
[16:25:39] [ForkJoinPool.commonPool-worker-1/INFO]: [STDERR]: 	at org.spongepowered.asm.mixin.transformer.MixinTransformer.transformClass(MixinTransformer.java:234)
[16:25:39] [ForkJoinPool.commonPool-worker-1/INFO]: [STDERR]: 	at org.spongepowered.asm.mixin.transformer.MixinTransformer.transformClassBytes(MixinTransformer.java:202)
[16:25:39] [ForkJoinPool.commonPool-worker-1/INFO]: [STDERR]: 	at net.fabricmc.loader.impl.launch.knot.KnotClassDelegate.getPostMixinClassByteArray(KnotClassDelegate.java:422)
[16:25:39] [ForkJoinPool.commonPool-worker-1/INFO]: [STDERR]: 	at net.fabricmc.loader.impl.launch.knot.KnotClassDelegate.tryLoadClass(KnotClassDelegate.java:323)
[16:25:39] [ForkJoinPool.commonPool-worker-1/INFO]: [STDERR]: 	at net.fabricmc.loader.impl.launch.knot.KnotClassDelegate.loadClass(KnotClassDelegate.java:218)
[16:25:39] [ForkJoinPool.commonPool-worker-1/INFO]: [STDERR]: 	at net.fabricmc.loader.impl.launch.knot.KnotClassLoader.loadClass(KnotClassLoader.java:119)
[16:25:39] [ForkJoinPool.commonPool-worker-1/INFO]: [STDERR]: 	at java.base/java.lang.ClassLoader.loadClass(ClassLoader.java:525)
[16:25:39] [ForkJoinPool.commonPool-worker-1/INFO]: [STDERR]: 	at gg.essential.universal.UGraphics.<clinit>(UGraphics.java:774)
[16:25:39] [ForkJoinPool.commonPool-worker-1/INFO]: [STDERR]: 	at gg.essential.elementa.components.UIImage._init_$lambda-1(UIImage.kt:60)
[16:25:39] [ForkJoinPool.commonPool-worker-1/INFO]: [STDERR]: 	at java.base/java.util.concurrent.CompletableFuture$UniAccept.tryFire(CompletableFuture.java:718)
[16:25:39] [ForkJoinPool.commonPool-worker-1/INFO]: [STDERR]: 	at java.base/java.util.concurrent.CompletableFuture$Completion.exec(CompletableFuture.java:483)
[16:25:39] [ForkJoinPool.commonPool-worker-1/INFO]: [STDERR]: 	at java.base/java.util.concurrent.ForkJoinTask.doExec(ForkJoinTask.java:373)
[16:25:39] [ForkJoinPool.commonPool-worker-1/INFO]: [STDERR]: 	at java.base/java.util.concurrent.ForkJoinPool$WorkQueue.topLevelExec(ForkJoinPool.java:1182)
[16:25:39] [ForkJoinPool.commonPool-worker-1/INFO]: [STDERR]: 	at java.base/java.util.concurrent.ForkJoinPool.scan(ForkJoinPool.java:1655)
[16:25:39] [ForkJoinPool.commonPool-worker-1/INFO]: [STDERR]: 	at java.base/java.util.concurrent.ForkJoinPool.runWorker(ForkJoinPool.java:1622)
[16:25:39] [ForkJoinPool.commonPool-worker-1/INFO]: [STDERR]: 	at java.base/java.util.concurrent.ForkJoinWorkerThread.run(ForkJoinWorkerThread.java:165)
[16:25:39] [ForkJoinPool.commonPool-worker-1/INFO]: [STDERR]: Caused by: java.lang.IndexOutOfBoundsException: Trying to set an inexistant local variable 9
[16:25:39] [ForkJoinPool.commonPool-worker-1/INFO]: [STDERR]: 	at org.objectweb.asm.tree.analysis.Frame.setLocal(Frame.java:208)
[16:25:39] [ForkJoinPool.commonPool-worker-1/INFO]: [STDERR]: 	at org.objectweb.asm.tree.analysis.Frame.execute(Frame.java:337)
[16:25:39] [ForkJoinPool.commonPool-worker-1/INFO]: [STDERR]: 	at org.objectweb.asm.tree.analysis.Analyzer.analyze(Analyzer.java:171)
[16:25:39] [ForkJoinPool.commonPool-worker-1/INFO]: [STDERR]: 	... 35 more
[16:25:41] [Render thread/INFO]: Reloading ResourceManager: vanilla, fabric, advanced-xray-fabric, appleskin, carpet, citresewn, citresewn-defaults, cloth-config, entityculling, essential, essential-container, essential-loader, fabric-api, fabric-api-base, fabric-api-lookup-api-v1, fabric-biome-api-v1, fabric-block-api-v1, fabric-block-view-api-v2, fabric-blockrenderlayer-v1, fabric-client-tags-api-v1, fabric-command-api-v1, fabric-command-api-v2, fabric-commands-v0, fabric-containers-v0, fabric-content-registries-v0, fabric-convention-tags-v1, fabric-crash-report-info-v1, fabric-data-attachment-api-v1, fabric-data-generation-api-v1, fabric-dimensions-v1, fabric-entity-events-v1, fabric-events-interaction-v0, fabric-events-lifecycle-v0, fabric-game-rule-api-v1, fabric-item-api-v1, fabric-item-group-api-v1, fabric-key-binding-api-v1, fabric-keybindings-v0, fabric-language-kotlin, fabric-lifecycle-events-v1, fabric-loot-api-v2, fabric-message-api-v1, fabric-mining-level-api-v1, fabric-model-loading-api-v1, fabric-models-v0, fabric-networking-api-v1, fabric-object-builder-api-v1, fabric-particles-v1, fabric-recipe-api-v1, fabric-registry-sync-v0, fabric-renderer-api-v1, fabric-renderer-indigo, fabric-renderer-registries-v1, fabric-rendering-data-attachment-v1, fabric-rendering-fluids-v1, fabric-rendering-v0, fabric-rendering-v1, fabric-resource-conditions-api-v1, fabric-resource-loader-v0, fabric-screen-api-v1, fabric-screen-handler-api-v1, fabric-sound-api-v1, fabric-transfer-api-v1, fabric-transitive-access-wideners-v1, fabricloader, litematica, lithium, logical_zoom, malilib, minihud, nvidium, sodium, tweakeroo, file/KonciPET UI 1.1 default hunger, file/axolotl totem, file/VisibleAncientDebris.zip, file/Identifiable Powdered Snow Minecraft Modder, essential
[16:25:41] [Render thread/WARN]: Non [a-z0-9_.-] character in namespace .DS_Store in pack C:\Users\Miguel Leyesa\AppData\Roaming\.minecraft\resourcepacks\VisibleAncientDebris.zip, ignoring
[16:25:41] [Render thread/WARN]: Non [a-z0-9_.-] character in namespace .DS_Store in pack C:\Users\Miguel Leyesa\AppData\Roaming\.minecraft\resourcepacks\VisibleAncientDebris.zip, ignoring
[16:25:41] [Worker-Main-10/INFO]: Found unifont_all_no_pua-15.1.04.hex, loading
[16:25:41] [Worker-Main-6/WARN]: Invalid path in datapack: minecraft:textures/block/.DS_Store, ignoring
[16:25:42] [Worker-Main-3/WARN]: Non [a-z0-9_.-] character in namespace .DS_Store in pack C:\Users\Miguel Leyesa\AppData\Roaming\.minecraft\resourcepacks\VisibleAncientDebris.zip, ignoring
[16:25:42] [Render thread/INFO]: Client started, setting up xray store
[16:25:43] [DefaultDispatcher-worker-10/INFO]: Connected to Discord as starbuckslarge
[16:25:44] [Render thread/WARN]: Missing sound for event: minecraft:item.goat_horn.play
[16:25:44] [Render thread/WARN]: Missing sound for event: minecraft:entity.goat.screaming.horn_break
[16:25:44] [Render thread/WARN]: Missing sound for event: minecraft:entity.generic.wind_burst
[16:25:44] [Render thread/INFO]: OpenAL initialized on device OpenAL Soft on Speakers (Razer Kraken Kitty Edition)
[16:25:44] [Render thread/INFO]: Sound engine started
[16:25:44] [Render thread/INFO]: Created: 1024x512x4 minecraft:textures/atlas/blocks.png-atlas
[16:25:44] [Render thread/INFO]: Created: 256x256x4 minecraft:textures/atlas/signs.png-atlas
[16:25:44] [Render thread/INFO]: Created: 512x512x4 minecraft:textures/atlas/banner_patterns.png-atlas
[16:25:44] [Render thread/INFO]: Created: 512x512x4 minecraft:textures/atlas/shield_patterns.png-atlas
[16:25:44] [Render thread/INFO]: Created: 1024x1024x4 minecraft:textures/atlas/armor_trims.png-atlas
[16:25:44] [Render thread/INFO]: Created: 256x256x4 minecraft:textures/atlas/chest.png-atlas
[16:25:44] [Render thread/INFO]: Created: 128x64x4 minecraft:textures/atlas/decorated_pot.png-atlas
[16:25:44] [Render thread/INFO]: Created: 512x256x4 minecraft:textures/atlas/beds.png-atlas
[16:25:44] [Render thread/INFO]: Created: 512x256x4 minecraft:textures/atlas/shulker_boxes.png-atlas
[16:25:45] [Render thread/WARN]: Shader rendertype_entity_translucent_emissive could not find sampler named Sampler2 in the specified shader program.
[16:25:45] [Render thread/INFO]: Created: 512x256x0 minecraft:textures/atlas/particles.png-atlas
[16:25:45] [Render thread/INFO]: Created: 256x256x0 minecraft:textures/atlas/paintings.png-atlas
[16:25:45] [Render thread/INFO]: Created: 128x128x0 minecraft:textures/atlas/mob_effects.png-atlas
[16:25:45] [Render thread/INFO]: Created: 1024x512x0 minecraft:textures/atlas/gui.png-atlas
[16:25:47] [Render thread/WARN]: Shader cabb2374eda405e66b897908637abd1da5deac52 could not find uniform named subpixel_amount in the specified shader program.
[16:26:12] [Render thread/INFO]: Loaded 7 recipes
[16:26:12] [Render thread/INFO]: Loaded 1271 advancements
[16:26:13] [Render thread/INFO]: Applied 0 biome modifications to 0 of 64 new biomes in 2.997 ms
[16:26:13] [Render thread/WARN]: @Redirect conflict. Skipping mixins.tweakeroo.json:MixinServerPlayNetworkHandler from mod tweakeroo->@Redirect::tweakeroo_removeHitPosCheck(Lnet/minecraft/class_243;Lnet/minecraft/class_243;)Lnet/minecraft/class_243; with priority 1005, already redirected by mixins.litematica.json:MixinServerPlayNetworkHandler from mod litematica->@Redirect::litematica_removeHitPosCheck(Lnet/minecraft/class_243;Lnet/minecraft/class_243;)Lnet/minecraft/class_243; with priority 1010
[16:26:13] [Server thread/INFO]: Starting integrated minecraft server version 1.20.4
[16:26:13] [Server thread/INFO]: Generating keypair
[16:26:14] [Server thread/INFO]: Preparing start region for dimension minecraft:overworld
[16:26:18] [Render thread/INFO]: Preparing spawn area: 0%
[16:26:18] [Render thread/INFO]: Preparing spawn area: 0%
[16:26:18] [Render thread/INFO]: Preparing spawn area: 0%
[16:26:18] [Render thread/INFO]: Preparing spawn area: 0%
[16:26:18] [Render thread/INFO]: Preparing spawn area: 0%
[16:26:18] [Render thread/INFO]: Preparing spawn area: 0%
[16:26:18] [Render thread/INFO]: Preparing spawn area: 0%
[16:26:18] [Render thread/INFO]: Preparing spawn area: 0%
[16:26:18] [Render thread/INFO]: Preparing spawn area: 51%
[16:26:19] [Render thread/INFO]: Time elapsed: 4290 ms
[16:26:19] [Server thread/INFO]: Changing view distance to 16, from 10
[16:26:19] [Server thread/INFO]: Changing simulation distance to 12, from 0
[16:26:20] [Server thread/INFO]: 16thGarden[local:E:a6a83009] logged in with entity id 197 at (-40.82761800045897, 64.0, -1.9973876578694365)
[16:26:20] [Server thread/INFO]: 16thGarden joined the game
[16:26:20] [Render thread/INFO]: Started 6 worker threads
[16:26:20] [Render thread/INFO]: Using 3 total BufferBuilder caches
[16:26:20] [Render thread/WARN]: Unable to read property: west with value: false for blockstate: {Name:"minecraft:cobblestone_wall",Properties:{east:"false",north:"false",south:"false",up:"false",west:"false"}}
[16:26:20] [Render thread/WARN]: Unable to read property: east with value: false for blockstate: {Name:"minecraft:cobblestone_wall",Properties:{east:"false",north:"false",south:"false",up:"false",west:"false"}}
[16:26:20] [Render thread/WARN]: Unable to read property: south with value: false for blockstate: {Name:"minecraft:cobblestone_wall",Properties:{east:"false",north:"false",south:"false",up:"false",west:"false"}}
[16:26:20] [Render thread/WARN]: Unable to read property: north with value: false for blockstate: {Name:"minecraft:cobblestone_wall",Properties:{east:"false",north:"false",south:"false",up:"false",west:"false"}}
[16:26:20] [Render thread/WARN]: Unable to read property: west with value: false for blockstate: {Name:"minecraft:mossy_cobblestone_wall",Properties:{east:"false",north:"false",south:"false",up:"false",west:"false"}}
[16:26:20] [Render thread/WARN]: Unable to read property: east with value: false for blockstate: {Name:"minecraft:mossy_cobblestone_wall",Properties:{east:"false",north:"false",south:"false",up:"false",west:"false"}}
[16:26:20] [Render thread/WARN]: Unable to read property: south with value: false for blockstate: {Name:"minecraft:mossy_cobblestone_wall",Properties:{east:"false",north:"false",south:"false",up:"false",west:"false"}}
[16:26:20] [Render thread/WARN]: Unable to read property: north with value: false for blockstate: {Name:"minecraft:mossy_cobblestone_wall",Properties:{east:"false",north:"false",south:"false",up:"false",west:"false"}}
[16:26:21] [Render thread/INFO]: Loaded 988 advancements
[16:27:02] [Render thread/WARN]: Unable to play empty soundEvent: minecraft:entity.puffer_fish.ambient
[16:28:24] [Server thread/INFO]: Saving and pausing game...
[16:28:25] [Server thread/INFO]: Saving chunks for level 'ServerLevel[Epic survival world]'/minecraft:overworld
[16:28:25] [Server thread/INFO]: Saving chunks for level 'ServerLevel[Epic survival world]'/minecraft:the_end
[16:28:25] [Server thread/INFO]: Saving chunks for level 'ServerLevel[Epic survival world]'/minecraft:the_nether
[16:28:32] [Server thread/INFO]: Saving and pausing game...
[16:28:32] [Server thread/INFO]: Saving chunks for level 'ServerLevel[Epic survival world]'/minecraft:overworld
[16:28:32] [Server thread/INFO]: Saving chunks for level 'ServerLevel[Epic survival world]'/minecraft:the_end
[16:28:32] [Server thread/INFO]: Saving chunks for level 'ServerLevel[Epic survival world]'/minecraft:the_nether
[16:28:32] [Server thread/INFO]: 16thGarden lost connection: Disconnected
[16:28:32] [Server thread/INFO]: 16thGarden left the game
[16:28:32] [Server thread/INFO]: Stopping singleplayer server as player logged out
[16:28:32] [Server thread/INFO]: Stopping server
[16:28:32] [Server thread/INFO]: Saving players
[16:28:32] [Server thread/INFO]: Saving worlds
[16:28:32] [Server thread/INFO]: Saving chunks for level 'ServerLevel[Epic survival world]'/minecraft:overworld
[16:28:32] [Server thread/INFO]: Saving chunks for level 'ServerLevel[Epic survival world]'/minecraft:the_end
[16:28:32] [Server thread/INFO]: Saving chunks for level 'ServerLevel[Epic survival world]'/minecraft:the_nether
[16:28:32] [Server thread/INFO]: ThreadedAnvilChunkStorage (Epic survival world): All chunks are saved
[16:28:32] [Server thread/INFO]: ThreadedAnvilChunkStorage (DIM1): All chunks are saved
[16:28:32] [Server thread/INFO]: ThreadedAnvilChunkStorage (DIM-1): All chunks are saved
[16:28:32] [Server thread/INFO]: ThreadedAnvilChunkStorage: All dimensions are saved
[16:28:32] [Render thread/INFO]: Stopping worker threads
[16:28:36] [Render thread/INFO]: Loaded 7 recipes
[16:28:36] [Render thread/INFO]: Loaded 1271 advancements
[16:28:36] [Render thread/INFO]: Applied 0 biome modifications to 0 of 64 new biomes in 234.4 ?s
[16:28:36] [Server thread/INFO]: Starting integrated minecraft server version 1.20.4
[16:28:36] [Server thread/INFO]: Generating keypair
[16:28:36] [Server thread/INFO]: Preparing start region for dimension minecraft:overworld
[16:28:37] [Render thread/INFO]: Preparing spawn area: 0%
[16:28:37] [Render thread/INFO]: Preparing spawn area: 0%
[16:28:37] [Render thread/INFO]: Preparing spawn area: 0%
[16:28:38] [Render thread/INFO]: Preparing spawn area: 0%
[16:28:38] [Render thread/INFO]: Preparing spawn area: 4%
[16:28:39] [Render thread/INFO]: Preparing spawn area: 89%
[16:28:39] [Server thread/INFO]: Changing view distance to 16, from 10
[16:28:39] [Server thread/INFO]: Changing simulation distance to 12, from 0
[16:28:39] [Render thread/INFO]: Time elapsed: 2561 ms
[16:28:39] [Server thread/INFO]: 16thGarden[local:E:441d5808] logged in with entity id 1913 at (18.306003360833735, -60.0, 19.634283323122716)
[16:28:39] [Render thread/INFO]: Started 6 worker threads
[16:28:39] [Server thread/INFO]: 16thGarden joined the game
[16:28:39] [Render thread/INFO]: Using 3 total BufferBuilder caches
[16:28:39] [Render thread/INFO]: Loaded 322 advancements
[17:25:35] [Render thread/INFO]: Loaded 324 advancements
[17:25:57] [Render thread/INFO]: Loaded 326 advancements
[17:26:32] [Render thread/INFO]: Loaded 327 advancements
[17:26:37] [Render thread/INFO]: Loaded 340 advancements
[17:26:47] [Render thread/INFO]: Loaded 342 advancements
[17:48:27] [Render thread/INFO]: Loaded 343 advancements
[17:50:47] [Render thread/INFO]: Loaded 346 advancements
[17:51:02] [Render thread/INFO]: Loaded 352 advancements
[17:51:04] [Render thread/INFO]: Loaded 354 advancements
[17:51:10] [Render thread/INFO]: Loaded 355 advancements
[17:52:59] [Render thread/INFO]: Loaded 366 advancements
[17:53:04] [Render thread/INFO]: Loaded 375 advancements
[18:02:08] [Render thread/INFO]: Loaded 384 advancements
[18:17:46] [Render thread/INFO]: Loaded 396 advancements
[18:38:43] [Server thread/INFO]: Saving and pausing game...
[18:38:43] [Server thread/INFO]: Saving chunks for level 'ServerLevel[testing]'/minecraft:overworld
[18:38:43] [Server thread/INFO]: Saving chunks for level 'ServerLevel[testing]'/minecraft:the_end
[18:38:43] [Server thread/INFO]: Saving chunks for level 'ServerLevel[testing]'/minecraft:the_nether
[18:38:43] [Server thread/INFO]: 16thGarden lost connection: Disconnected
[18:38:43] [Server thread/INFO]: 16thGarden left the game
[18:38:43] [Server thread/INFO]: Stopping singleplayer server as player logged out
[18:38:43] [Server thread/INFO]: Stopping server
[18:38:43] [Server thread/INFO]: Saving players
[18:38:43] [Server thread/INFO]: Saving worlds
[18:38:43] [Server thread/INFO]: Saving chunks for level 'ServerLevel[testing]'/minecraft:overworld
[18:38:44] [Server thread/INFO]: Saving chunks for level 'ServerLevel[testing]'/minecraft:the_end
[18:38:44] [Server thread/INFO]: Saving chunks for level 'ServerLevel[testing]'/minecraft:the_nether
[18:38:44] [Server thread/INFO]: ThreadedAnvilChunkStorage (New World (1)): All chunks are saved
[18:38:44] [Server thread/INFO]: ThreadedAnvilChunkStorage (DIM1): All chunks are saved
[18:38:44] [Server thread/INFO]: ThreadedAnvilChunkStorage (DIM-1): All chunks are saved
[18:38:44] [Server thread/INFO]: ThreadedAnvilChunkStorage: All dimensions are saved
[18:38:44] [Render thread/INFO]: Stopping worker threads
[18:38:46] [Render thread/INFO]: Loaded 7 recipes
[18:38:46] [Render thread/INFO]: Loaded 1271 advancements
[18:38:46] [Render thread/INFO]: Applied 0 biome modifications to 0 of 64 new biomes in 311.5 ?s
[18:38:46] [Server thread/INFO]: Starting integrated minecraft server version 1.20.4
[18:38:46] [Server thread/INFO]: Generating keypair
[18:38:48] [Server thread/INFO]: Preparing start region for dimension minecraft:overworld
[18:38:49] [Render thread/INFO]: Preparing spawn area: 0%
[18:38:49] [Render thread/INFO]: Preparing spawn area: 0%
[18:38:49] [Render thread/INFO]: Preparing spawn area: 0%
[18:38:49] [Render thread/INFO]: Preparing spawn area: 0%
[18:38:50] [Render thread/INFO]: Preparing spawn area: 0%
[18:38:50] [Render thread/INFO]: Preparing spawn area: 25%
[18:38:51] [Server thread/INFO]: Changing view distance to 16, from 10
[18:38:51] [Server thread/INFO]: Changing simulation distance to 12, from 0
[18:38:51] [Render thread/INFO]: Time elapsed: 2899 ms
[18:38:51] [Server thread/INFO]: 16thGarden[local:E:a19c7fd4] logged in with entity id 3722 at (-52.37891338755238, 64.0, -17.25480848809906)
[18:38:51] [Server thread/INFO]: 16thGarden joined the game
[18:38:51] [Render thread/INFO]: Started 6 worker threads
[18:38:51] [Render thread/INFO]: Using 3 total BufferBuilder caches
[18:38:51] [Render thread/INFO]: Loaded 988 advancements
[18:39:05] [Render thread/WARN]: Unable to play empty soundEvent: minecraft:entity.salmon.ambient
[18:39:10] [Render thread/WARN]: Unable to play empty soundEvent: minecraft:entity.cod.ambient
[18:40:35] [Server thread/INFO]: Saving and pausing game...
[18:40:35] [Server thread/INFO]: Saving chunks for level 'ServerLevel[Epic survival world]'/minecraft:overworld
[18:40:35] [Server thread/INFO]: Saving chunks for level 'ServerLevel[Epic survival world]'/minecraft:the_end
[18:40:35] [Server thread/INFO]: Saving chunks for level 'ServerLevel[Epic survival world]'/minecraft:the_nether
[18:40:58] [Render thread/INFO]: [System] [CHAT] [Debug]: Chunk borders: shown
[18:40:59] [Render thread/INFO]: [System] [CHAT] [Debug]: Chunk borders: hidden
[18:41:19] [Server thread/INFO]: Saving and pausing game...
[18:41:19] [Server thread/INFO]: Saving chunks for level 'ServerLevel[Epic survival world]'/minecraft:overworld
[18:41:19] [Server thread/INFO]: Saving chunks for level 'ServerLevel[Epic survival world]'/minecraft:the_end
[18:41:19] [Server thread/INFO]: Saving chunks for level 'ServerLevel[Epic survival world]'/minecraft:the_nether
[18:44:06] [Server thread/INFO]: Saving and pausing game...
[18:44:06] [Server thread/INFO]: Saving chunks for level 'ServerLevel[Epic survival world]'/minecraft:overworld
[18:44:06] [Server thread/INFO]: Saving chunks for level 'ServerLevel[Epic survival world]'/minecraft:the_end
[18:44:06] [Server thread/INFO]: Saving chunks for level 'ServerLevel[Epic survival world]'/minecraft:the_nether
[18:44:07] [Render thread/ERROR]: Error saving option Brightness: DynamicException[Value 16.0 outside of range [0.0:1.0] Optional[16.0]]
[18:44:07] [Server thread/INFO]: 16thGarden lost connection: Disconnected
[18:44:07] [Server thread/INFO]: 16thGarden left the game
[18:44:07] [Server thread/INFO]: Stopping singleplayer server as player logged out
[18:44:07] [Server thread/INFO]: Stopping server
[18:44:07] [Server thread/INFO]: Saving players
[18:44:07] [Server thread/INFO]: Saving worlds
[18:44:07] [Server thread/INFO]: Saving chunks for level 'ServerLevel[Epic survival world]'/minecraft:overworld
[18:44:07] [Server thread/INFO]: Saving chunks for level 'ServerLevel[Epic survival world]'/minecraft:the_end
[18:44:07] [Server thread/INFO]: Saving chunks for level 'ServerLevel[Epic survival world]'/minecraft:the_nether
[18:44:07] [Server thread/INFO]: ThreadedAnvilChunkStorage (Epic survival world): All chunks are saved
[18:44:07] [Server thread/INFO]: ThreadedAnvilChunkStorage (DIM1): All chunks are saved
[18:44:07] [Server thread/INFO]: ThreadedAnvilChunkStorage (DIM-1): All chunks are saved
[18:44:07] [Server thread/INFO]: ThreadedAnvilChunkStorage: All dimensions are saved
[18:44:07] [Render thread/INFO]: Stopping worker threads
[20:07:27] [Render thread/INFO]: Loaded 7 recipes
[20:07:27] [Render thread/INFO]: Loaded 1271 advancements
[20:07:27] [Render thread/INFO]: Applied 0 biome modifications to 0 of 64 new biomes in 216.2 ?s
[20:07:27] [Server thread/INFO]: Starting integrated minecraft server version 1.20.4
[20:07:27] [Server thread/INFO]: Generating keypair
[20:07:28] [Server thread/INFO]: Preparing start region for dimension minecraft:overworld
[20:07:29] [Render thread/INFO]: Preparing spawn area: 0%
[20:07:29] [Render thread/INFO]: Preparing spawn area: 0%
[20:07:29] [Render thread/INFO]: Preparing spawn area: 0%
[20:07:29] [Render thread/INFO]: Preparing spawn area: 0%
[20:07:30] [Render thread/INFO]: Preparing spawn area: 17%
[20:07:30] [Server thread/INFO]: Changing view distance to 16, from 10
[20:07:30] [Server thread/INFO]: Changing simulation distance to 12, from 0
[20:07:30] [Render thread/INFO]: Time elapsed: 2360 ms
[20:07:30] [Server thread/INFO]: 16thGarden[local:E:f487d356] logged in with entity id 6318 at (-40.94167631177807, 64.0, 3.3502242635459223)
[20:07:30] [Server thread/INFO]: 16thGarden joined the game
[20:07:30] [Render thread/INFO]: Started 6 worker threads
[20:07:30] [Render thread/INFO]: Using 3 total BufferBuilder caches
[20:07:30] [Render thread/INFO]: Loaded 988 advancements
[20:12:34] [Render thread/INFO]: Stopping worker threads
[20:12:34] [Server thread/INFO]: Saving and pausing game...
[20:12:34] [Server thread/INFO]: Saving chunks for level 'ServerLevel[Epic survival world]'/minecraft:overworld
[20:12:34] [Render thread/INFO]: Started 6 worker threads
[20:12:34] [Server thread/INFO]: Saving chunks for level 'ServerLevel[Epic survival world]'/minecraft:the_end
[20:12:34] [Server thread/INFO]: Saving chunks for level 'ServerLevel[Epic survival world]'/minecraft:the_nether
[20:12:34] [Render thread/INFO]: Stopping worker threads
[20:12:34] [Render thread/INFO]: Started 6 worker threads
[20:12:47] [Render thread/INFO]: Stopping worker threads
[20:12:47] [Server thread/INFO]: Saving and pausing game...
[20:12:47] [Render thread/INFO]: Started 6 worker threads
[20:12:47] [Server thread/INFO]: Saving chunks for level 'ServerLevel[Epic survival world]'/minecraft:overworld
[20:12:47] [Server thread/INFO]: Saving chunks for level 'ServerLevel[Epic survival world]'/minecraft:the_end
[20:12:47] [Server thread/INFO]: Saving chunks for level 'ServerLevel[Epic survival world]'/minecraft:the_nether
[20:12:47] [Render thread/INFO]: Stopping worker threads
[20:12:47] [Render thread/INFO]: Started 6 worker threads
[20:12:47] [Render thread/WARN]: Received passengers for unknown entity
[20:12:47] [Render thread/WARN]: Received passengers for unknown entity
[20:12:47] [Render thread/WARN]: Received passengers for unknown entity
[20:12:47] [Render thread/WARN]: Received passengers for unknown entity
[20:12:47] [Render thread/WARN]: Received passengers for unknown entity
[20:12:47] [Render thread/WARN]: Received passengers for unknown entity
[20:12:47] [Render thread/WARN]: Received passengers for unknown entity
[20:12:47] [Render thread/WARN]: Received passengers for unknown entity
[20:12:47] [Render thread/WARN]: Received passengers for unknown entity
[20:12:47] [Render thread/WARN]: Received passengers for unknown entity
[20:12:47] [Render thread/WARN]: Received passengers for unknown entity
[20:12:47] [Render thread/WARN]: Received passengers for unknown entity
[20:12:47] [Render thread/WARN]: Received passengers for unknown entity
[20:12:47] [Render thread/WARN]: Received passengers for unknown entity
[20:12:47] [Render thread/WARN]: Received passengers for unknown entity
[20:12:47] [Render thread/WARN]: Received passengers for unknown entity
[20:12:47] [Render thread/WARN]: Received passengers for unknown entity
[20:12:47] [Render thread/WARN]: Received passengers for unknown entity
[20:13:15] [Render thread/INFO]: Stopping worker threads
[20:13:15] [Render thread/INFO]: Started 6 worker threads
[20:13:15] [Server thread/INFO]: Saving and pausing game...
[20:13:15] [Render thread/INFO]: Stopping worker threads
[20:13:15] [Server thread/INFO]: Saving chunks for level 'ServerLevel[Epic survival world]'/minecraft:overworld
[20:13:15] [Render thread/INFO]: Started 6 worker threads
[20:13:15] [Server thread/INFO]: Saving chunks for level 'ServerLevel[Epic survival world]'/minecraft:the_end
[20:13:15] [Server thread/INFO]: Saving chunks for level 'ServerLevel[Epic survival world]'/minecraft:the_nether
[20:13:26] [Render thread/INFO]: Stopping worker threads
[20:13:26] [Render thread/INFO]: Started 6 worker threads
[20:13:26] [Server thread/INFO]: Saving and pausing game...
[20:13:26] [Render thread/INFO]: Stopping worker threads
[20:13:26] [Server thread/INFO]: Saving chunks for level 'ServerLevel[Epic survival world]'/minecraft:overworld
[20:13:26] [Server thread/INFO]: Saving chunks for level 'ServerLevel[Epic survival world]'/minecraft:the_end
[20:13:26] [Server thread/INFO]: Saving chunks for level 'ServerLevel[Epic survival world]'/minecraft:the_nether
[20:13:26] [Render thread/INFO]: Started 6 worker threads
[20:18:04] [Server thread/WARN]: Mismatch in destroy block pos: class_2338{x=-201, y=67, z=-153} class_2338{x=-201, y=65, z=-153}
[20:28:49] [WebSocketConnectReadThread-74/WARN]: Connection closed unexpectedly (CloseInfo(code=1006, reason=, remote=true, outdated=false)) after 4h 3m 11.129993800s
[20:28:49] [Render thread/INFO]: Authenticating to Mojang as 16thGarden (dc0548c7-2c22-450e-91f5-2a17cfde2a12)
[20:28:49] [DefaultDispatcher-worker-12/INFO]: Connecting to Essential Connection Manager...
[20:28:50] [WebSocketConnectReadThread-1448/INFO]: Connected to Essential Connection Manager.
[20:48:20] [Render thread/INFO]: Loaded 988 advancements
[22:42:29] [Server thread/INFO]: Saving and pausing game...
[22:42:29] [Server thread/INFO]: Saving chunks for level 'ServerLevel[Epic survival world]'/minecraft:overworld
[22:42:29] [Server thread/INFO]: Saving chunks for level 'ServerLevel[Epic survival world]'/minecraft:the_end
[22:42:29] [Server thread/INFO]: Saving chunks for level 'ServerLevel[Epic survival world]'/minecraft:the_nether
[22:42:30] [Render thread/ERROR]: Error saving option Brightness: DynamicException[Value 16.0 outside of range [0.0:1.0] Optional[16.0]]
[22:42:30] [Render thread/ERROR]: Error saving option Brightness: DynamicException[Value 16.0 outside of range [0.0:1.0] Optional[16.0]]
[22:42:31] [Render thread/ERROR]: Error saving option Brightness: DynamicException[Value 16.0 outside of range [0.0:1.0] Optional[16.0]]
[22:42:39] [Render thread/ERROR]: Error saving option Brightness: DynamicException[Value 16.0 outside of range [0.0:1.0] Optional[16.0]]
[22:52:22] [Render thread/WARN]: Unable to play empty soundEvent: minecraft:entity.tropical_fish.ambient
[23:03:52] [Server thread/WARN]: 16thGarden moved wrongly!
[23:06:29] [Server thread/INFO]: 16thGarden was shot by Skeleton
[23:06:29] [Render thread/INFO]: [System] [CHAT] 16thGarden was shot by Skeleton
[23:15:38] [Render thread/INFO]: [System] [CHAT] [Debug]: Hitboxes: shown
[23:16:16] [Render thread/INFO]: [System] [CHAT] [Debug]: Hitboxes: hidden
[23:20:25] [Render thread/INFO]: Stopping worker threads
[23:20:25] [Server thread/INFO]: Saving and pausing game...
[23:20:25] [Server thread/INFO]: Saving chunks for level 'ServerLevel[Epic survival world]'/minecraft:overworld
[23:20:25] [Render thread/INFO]: Started 6 worker threads
[23:20:25] [Server thread/INFO]: Saving chunks for level 'ServerLevel[Epic survival world]'/minecraft:the_end
[23:20:25] [Server thread/INFO]: Saving chunks for level 'ServerLevel[Epic survival world]'/minecraft:the_nether
[23:20:25] [Render thread/INFO]: Stopping worker threads
[23:20:25] [Render thread/INFO]: Started 6 worker threads
[23:20:42] [Render thread/INFO]: Stopping worker threads
[23:20:42] [Server thread/INFO]: Saving and pausing game...
[23:20:43] [Server thread/INFO]: Saving chunks for level 'ServerLevel[Epic survival world]'/minecraft:overworld
[23:20:43] [Server thread/INFO]: Saving chunks for level 'ServerLevel[Epic survival world]'/minecraft:the_end
[23:20:43] [Render thread/INFO]: Started 6 worker threads
[23:20:43] [Server thread/INFO]: Saving chunks for level 'ServerLevel[Epic survival world]'/minecraft:the_nether
[23:20:43] [Render thread/INFO]: Stopping worker threads
[23:20:43] [Render thread/INFO]: Started 6 worker threads
[23:20:43] [Render thread/WARN]: Received passengers for unknown entity
[23:20:43] [Render thread/WARN]: Received passengers for unknown entity
[23:20:43] [Render thread/WARN]: Received passengers for unknown entity
[23:20:43] [Render thread/WARN]: Received passengers for unknown entity
[23:20:43] [Render thread/WARN]: Received passengers for unknown entity
[23:20:43] [Render thread/WARN]: Received passengers for unknown entity
[23:20:43] [Render thread/WARN]: Received passengers for unknown entity
[23:20:43] [Render thread/WARN]: Received passengers for unknown entity
[23:20:43] [Render thread/WARN]: Received passengers for unknown entity
[23:20:43] [Render thread/WARN]: Received passengers for unknown entity
[23:20:43] [Render thread/WARN]: Received passengers for unknown entity
[23:20:43] [Render thread/WARN]: Received passengers for unknown entity
[23:20:43] [Render thread/WARN]: Received passengers for unknown entity
[23:20:43] [Render thread/WARN]: Received passengers for unknown entity
[23:20:43] [Render thread/WARN]: Received passengers for unknown entity
[23:20:43] [Render thread/WARN]: Received passengers for unknown entity
[23:20:43] [Render thread/WARN]: Received passengers for unknown entity
[23:20:43] [Render thread/WARN]: Received passengers for unknown entity
[23:21:53] [Render thread/INFO]: Stopping worker threads
[23:21:53] [Server thread/INFO]: Saving and pausing game...
[23:21:53] [Server thread/INFO]: Saving chunks for level 'ServerLevel[Epic survival world]'/minecraft:overworld
[23:21:53] [Render thread/INFO]: Started 6 worker threads
[23:21:53] [Server thread/INFO]: Saving chunks for level 'ServerLevel[Epic survival world]'/minecraft:the_end
[23:21:53] [Server thread/INFO]: Saving chunks for level 'ServerLevel[Epic survival world]'/minecraft:the_nether
[23:21:53] [Render thread/INFO]: Stopping worker threads
[23:21:53] [Render thread/INFO]: Started 6 worker threads
[23:22:05] [Render thread/INFO]: Stopping worker threads
[23:22:05] [Server thread/INFO]: Saving and pausing game...
[23:22:05] [Render thread/INFO]: Started 6 worker threads
[23:22:05] [Server thread/INFO]: Saving chunks for level 'ServerLevel[Epic survival world]'/minecraft:overworld
[23:22:05] [Server thread/INFO]: Saving chunks for level 'ServerLevel[Epic survival world]'/minecraft:the_end
[23:22:05] [Server thread/INFO]: Saving chunks for level 'ServerLevel[Epic survival world]'/minecraft:the_nether
[23:22:05] [Render thread/INFO]: Stopping worker threads
[23:22:05] [Render thread/INFO]: Started 6 worker threads
[23:23:36] [Render thread/INFO]: Stopping worker threads
[23:23:36] [Render thread/INFO]: Started 6 worker threads
[23:23:36] [Server thread/INFO]: Saving and pausing game...
[23:23:36] [Render thread/INFO]: Stopping worker threads
[23:23:36] [Server thread/INFO]: Saving chunks for level 'ServerLevel[Epic survival world]'/minecraft:overworld
[23:23:36] [Render thread/INFO]: Started 6 worker threads
[23:23:36] [Server thread/INFO]: Saving chunks for level 'ServerLevel[Epic survival world]'/minecraft:the_end
[23:23:36] [Server thread/INFO]: Saving chunks for level 'ServerLevel[Epic survival world]'/minecraft:the_nether
[23:23:58] [Server thread/INFO]: Saving and pausing game...
[23:23:59] [Server thread/INFO]: Saving chunks for level 'ServerLevel[Epic survival world]'/minecraft:overworld
[23:23:59] [Server thread/INFO]: Saving chunks for level 'ServerLevel[Epic survival world]'/minecraft:the_end
[23:23:59] [Server thread/INFO]: Saving chunks for level 'ServerLevel[Epic survival world]'/minecraft:the_nether
[23:23:59] [Render thread/ERROR]: Error saving option Brightness: DynamicException[Value 16.0 outside of range [0.0:1.0] Optional[16.0]]
[23:23:59] [Render thread/ERROR]: Error saving option Brightness: DynamicException[Value 16.0 outside of range [0.0:1.0] Optional[16.0]]
[23:23:59] [Render thread/ERROR]: Error saving option Brightness: DynamicException[Value 16.0 outside of range [0.0:1.0] Optional[16.0]]
[23:23:59] [Render thread/ERROR]: Error saving option Brightness: DynamicException[Value 16.0 outside of range [0.0:1.0] Optional[16.0]]
[23:23:59] [Render thread/ERROR]: Error saving option Brightness: DynamicException[Value 16.0 outside of range [0.0:1.0] Optional[16.0]]
[23:23:59] [Render thread/ERROR]: Error saving option Brightness: DynamicException[Value 16.0 outside of range [0.0:1.0] Optional[16.0]]
[23:23:59] [Render thread/ERROR]: Error saving option Brightness: DynamicException[Value 16.0 outside of range [0.0:1.0] Optional[16.0]]
[23:23:59] [Render thread/ERROR]: Error saving option Brightness: DynamicException[Value 16.0 outside of range [0.0:1.0] Optional[16.0]]
[23:23:59] [Render thread/ERROR]: Error saving option Brightness: DynamicException[Value 16.0 outside of range [0.0:1.0] Optional[16.0]]
[23:23:59] [Render thread/ERROR]: Error saving option Brightness: DynamicException[Value 16.0 outside of range [0.0:1.0] Optional[16.0]]
[23:23:59] [Render thread/ERROR]: Error saving option Brightness: DynamicException[Value 16.0 outside of range [0.0:1.0] Optional[16.0]]
[23:23:59] [Render thread/ERROR]: Error saving option Brightness: DynamicException[Value 16.0 outside of range [0.0:1.0] Optional[16.0]]
[23:23:59] [Render thread/ERROR]: Error saving option Brightness: DynamicException[Value 16.0 outside of range [0.0:1.0] Optional[16.0]]
[23:23:59] [Render thread/ERROR]: Error saving option Brightness: DynamicException[Value 16.0 outside of range [0.0:1.0] Optional[16.0]]
[23:23:59] [Render thread/ERROR]: Error saving option Brightness: DynamicException[Value 16.0 outside of range [0.0:1.0] Optional[16.0]]
[23:23:59] [Render thread/ERROR]: Error saving option Brightness: DynamicException[Value 16.0 outside of range [0.0:1.0] Optional[16.0]]
[23:23:59] [Render thread/ERROR]: Error saving option Brightness: DynamicException[Value 16.0 outside of range [0.0:1.0] Optional[16.0]]
[23:23:59] [Render thread/ERROR]: Error saving option Brightness: DynamicException[Value 16.0 outside of range [0.0:1.0] Optional[16.0]]
[23:23:59] [Render thread/ERROR]: Error saving option Brightness: DynamicException[Value 16.0 outside of range [0.0:1.0] Optional[16.0]]
[23:23:59] [Render thread/ERROR]: Error saving option Brightness: DynamicException[Value 16.0 outside of range [0.0:1.0] Optional[16.0]]
[23:23:59] [Render thread/ERROR]: Error saving option Brightness: DynamicException[Value 16.0 outside of range [0.0:1.0] Optional[16.0]]
[23:23:59] [Render thread/ERROR]: Error saving option Brightness: DynamicException[Value 16.0 outside of range [0.0:1.0] Optional[16.0]]
[23:23:59] [Render thread/ERROR]: Error saving option Brightness: DynamicException[Value 16.0 outside of range [0.0:1.0] Optional[16.0]]
[23:23:59] [Render thread/ERROR]: Error saving option Brightness: DynamicException[Value 16.0 outside of range [0.0:1.0] Optional[16.0]]
[23:23:59] [Render thread/ERROR]: Error saving option Brightness: DynamicException[Value 16.0 outside of range [0.0:1.0] Optional[16.0]]
[23:23:59] [Render thread/ERROR]: Error saving option Brightness: DynamicException[Value 16.0 outside of range [0.0:1.0] Optional[16.0]]
[23:23:59] [Render thread/ERROR]: Error saving option Brightness: DynamicException[Value 16.0 outside of range [0.0:1.0] Optional[16.0]]
[23:23:59] [Render thread/ERROR]: Error saving option Brightness: DynamicException[Value 16.0 outside of range [0.0:1.0] Optional[16.0]]
[23:23:59] [Render thread/ERROR]: Error saving option Brightness: DynamicException[Value 16.0 outside of range [0.0:1.0] Optional[16.0]]
[23:23:59] [Render thread/ERROR]: Error saving option Brightness: DynamicException[Value 16.0 outside of range [0.0:1.0] Optional[16.0]]
[23:23:59] [Render thread/ERROR]: Error saving option Brightness: DynamicException[Value 16.0 outside of range [0.0:1.0] Optional[16.0]]
[23:23:59] [Render thread/ERROR]: Error saving option Brightness: DynamicException[Value 16.0 outside of range [0.0:1.0] Optional[16.0]]
[23:23:59] [Render thread/ERROR]: Error saving option Brightness: DynamicException[Value 16.0 outside of range [0.0:1.0] Optional[16.0]]
[23:23:59] [Render thread/ERROR]: Error saving option Brightness: DynamicException[Value 16.0 outside of range [0.0:1.0] Optional[16.0]]
[23:23:59] [Render thread/ERROR]: Error saving option Brightness: DynamicException[Value 16.0 outside of range [0.0:1.0] Optional[16.0]]
[23:23:59] [Render thread/ERROR]: Error saving option Brightness: DynamicException[Value 16.0 outside of range [0.0:1.0] Optional[16.0]]
[23:23:59] [Render thread/ERROR]: Error saving option Brightness: DynamicException[Value 16.0 outside of range [0.0:1.0] Optional[16.0]]
[23:23:59] [Render thread/ERROR]: Error saving option Brightness: DynamicException[Value 16.0 outside of range [0.0:1.0] Optional[16.0]]
[23:23:59] [Render thread/ERROR]: Error saving option Brightness: DynamicException[Value 16.0 outside of range [0.0:1.0] Optional[16.0]]
[23:23:59] [Render thread/ERROR]: Error saving option Brightness: DynamicException[Value 16.0 outside of range [0.0:1.0] Optional[16.0]]
[23:23:59] [Render thread/ERROR]: Error saving option Brightness: DynamicException[Value 16.0 outside of range [0.0:1.0] Optional[16.0]]
[23:23:59] [Render thread/ERROR]: Error saving option Brightness: DynamicException[Value 16.0 outside of range [0.0:1.0] Optional[16.0]]
[23:23:59] [Render thread/ERROR]: Error saving option Brightness: DynamicException[Value 16.0 outside of range [0.0:1.0] Optional[16.0]]
[23:23:59] [Render thread/ERROR]: Error saving option Brightness: DynamicException[Value 16.0 outside of range [0.0:1.0] Optional[16.0]]
[23:23:59] [Render thread/ERROR]: Error saving option Brightness: DynamicException[Value 16.0 outside of range [0.0:1.0] Optional[16.0]]
[23:23:59] [Render thread/ERROR]: Error saving option Brightness: DynamicException[Value 16.0 outside of range [0.0:1.0] Optional[16.0]]
[23:23:59] [Render thread/ERROR]: Error saving option Brightness: DynamicException[Value 16.0 outside of range [0.0:1.0] Optional[16.0]]
[23:23:59] [Render thread/ERROR]: Error saving option Brightness: DynamicException[Value 16.0 outside of range [0.0:1.0] Optional[16.0]]
[23:23:59] [Render thread/ERROR]: Error saving option Brightness: DynamicException[Value 16.0 outside of range [0.0:1.0] Optional[16.0]]
[23:23:59] [Render thread/ERROR]: Error saving option Brightness: DynamicException[Value 16.0 outside of range [0.0:1.0] Optional[16.0]]
[23:23:59] [Render thread/ERROR]: Error saving option Brightness: DynamicException[Value 16.0 outside of range [0.0:1.0] Optional[16.0]]
[23:23:59] [Render thread/ERROR]: Error saving option Brightness: DynamicException[Value 16.0 outside of range [0.0:1.0] Optional[16.0]]
[23:23:59] [Render thread/ERROR]: Error saving option Brightness: DynamicException[Value 16.0 outside of range [0.0:1.0] Optional[16.0]]
[23:23:59] [Render thread/ERROR]: Error saving option Brightness: DynamicException[Value 16.0 outside of range [0.0:1.0] Optional[16.0]]
[23:23:59] [Render thread/ERROR]: Error saving option Brightness: DynamicException[Value 16.0 outside of range [0.0:1.0] Optional[16.0]]
[23:23:59] [Render thread/ERROR]: Error saving option Brightness: DynamicException[Value 16.0 outside of range [0.0:1.0] Optional[16.0]]
[23:23:59] [Render thread/ERROR]: Error saving option Brightness: DynamicException[Value 16.0 outside of range [0.0:1.0] Optional[16.0]]
[23:23:59] [Render thread/ERROR]: Error saving option Brightness: DynamicException[Value 16.0 outside of range [0.0:1.0] Optional[16.0]]
[23:23:59] [Render thread/ERROR]: Error saving option Brightness: DynamicException[Value 16.0 outside of range [0.0:1.0] Optional[16.0]]
[23:23:59] [Render thread/ERROR]: Error saving option Brightness: DynamicException[Value 16.0 outside of range [0.0:1.0] Optional[16.0]]
[23:23:59] [Render thread/ERROR]: Error saving option Brightness: DynamicException[Value 16.0 outside of range [0.0:1.0] Optional[16.0]]
[23:23:59] [Render thread/ERROR]: Error saving option Brightness: DynamicException[Value 16.0 outside of range [0.0:1.0] Optional[16.0]]
[23:23:59] [Render thread/ERROR]: Error saving option Brightness: DynamicException[Value 16.0 outside of range [0.0:1.0] Optional[16.0]]
[23:23:59] [Render thread/ERROR]: Error saving option Brightness: DynamicException[Value 16.0 outside of range [0.0:1.0] Optional[16.0]]
[23:23:59] [Render thread/ERROR]: Error saving option Brightness: DynamicException[Value 16.0 outside of range [0.0:1.0] Optional[16.0]]
[23:23:59] [Render thread/ERROR]: Error saving option Brightness: DynamicException[Value 16.0 outside of range [0.0:1.0] Optional[16.0]]
[23:23:59] [Render thread/ERROR]: Error saving option Brightness: DynamicException[Value 16.0 outside of range [0.0:1.0] Optional[16.0]]
[23:23:59] [Render thread/ERROR]: Error saving option Brightness: DynamicException[Value 16.0 outside of range [0.0:1.0] Optional[16.0]]
[23:23:59] [Render thread/ERROR]: Error saving option Brightness: DynamicException[Value 16.0 outside of range [0.0:1.0] Optional[16.0]]
[23:23:59] [Render thread/ERROR]: Error saving option Brightness: DynamicException[Value 16.0 outside of range [0.0:1.0] Optional[16.0]]
[23:23:59] [Render thread/ERROR]: Error saving option Brightness: DynamicException[Value 16.0 outside of range [0.0:1.0] Optional[16.0]]
[23:23:59] [Render thread/ERROR]: Error saving option Brightness: DynamicException[Value 16.0 outside of range [0.0:1.0] Optional[16.0]]
[23:23:59] [Render thread/ERROR]: Error saving option Brightness: DynamicException[Value 16.0 outside of range [0.0:1.0] Optional[16.0]]
[23:23:59] [Render thread/ERROR]: Error saving option Brightness: DynamicException[Value 16.0 outside of range [0.0:1.0] Optional[16.0]]
[23:23:59] [Render thread/ERROR]: Error saving option Brightness: DynamicException[Value 16.0 outside of range [0.0:1.0] Optional[16.0]]
[23:23:59] [Render thread/ERROR]: Error saving option Brightness: DynamicException[Value 16.0 outside of range [0.0:1.0] Optional[16.0]]
[23:24:00] [Render thread/ERROR]: Error saving option Brightness: DynamicException[Value 16.0 outside of range [0.0:1.0] Optional[16.0]]
[23:24:00] [Render thread/ERROR]: Error saving option Brightness: DynamicException[Value 16.0 outside of range [0.0:1.0] Optional[16.0]]
[23:26:44] [Server thread/INFO]: Saving and pausing game...
[23:26:44] [Server thread/INFO]: Saving chunks for level 'ServerLevel[Epic survival world]'/minecraft:overworld
[23:26:44] [Server thread/INFO]: Saving chunks for level 'ServerLevel[Epic survival world]'/minecraft:the_end
[23:26:44] [Server thread/INFO]: Saving chunks for level 'ServerLevel[Epic survival world]'/minecraft:the_nether
[23:26:45] [Render thread/ERROR]: Error saving option Brightness: DynamicException[Value 16.0 outside of range [0.0:1.0] Optional[16.0]]
[23:26:45] [Render thread/ERROR]: Error saving option Brightness: DynamicException[Value 16.0 outside of range [0.0:1.0] Optional[16.0]]
[23:26:45] [Render thread/ERROR]: Error saving option Brightness: DynamicException[Value 16.0 outside of range [0.0:1.0] Optional[16.0]]
[23:26:45] [Render thread/ERROR]: Error saving option Brightness: DynamicException[Value 16.0 outside of range [0.0:1.0] Optional[16.0]]
[23:26:45] [Render thread/ERROR]: Error saving option Brightness: DynamicException[Value 16.0 outside of range [0.0:1.0] Optional[16.0]]
[23:26:45] [Render thread/ERROR]: Error saving option Brightness: DynamicException[Value 16.0 outside of range [0.0:1.0] Optional[16.0]]
[23:26:45] [Render thread/ERROR]: Error saving option Brightness: DynamicException[Value 16.0 outside of range [0.0:1.0] Optional[16.0]]
[23:26:45] [Render thread/ERROR]: Error saving option Brightness: DynamicException[Value 16.0 outside of range [0.0:1.0] Optional[16.0]]
[23:26:45] [Render thread/ERROR]: Error saving option Brightness: DynamicException[Value 16.0 outside of range [0.0:1.0] Optional[16.0]]
[23:26:46] [Render thread/ERROR]: Error saving option Brightness: DynamicException[Value 16.0 outside of range [0.0:1.0] Optional[16.0]]
[23:27:02] [Render thread/INFO]: Stopping worker threads
[23:27:02] [Server thread/INFO]: Saving and pausing game...
[23:27:02] [Render thread/INFO]: Started 6 worker threads
[23:27:02] [Server thread/INFO]: Saving chunks for level 'ServerLevel[Epic survival world]'/minecraft:overworld
[23:27:02] [Render thread/INFO]: Stopping worker threads
[23:27:02] [Server thread/INFO]: Saving chunks for level 'ServerLevel[Epic survival world]'/minecraft:the_end
[23:27:02] [Server thread/INFO]: Saving chunks for level 'ServerLevel[Epic survival world]'/minecraft:the_nether
[23:27:02] [Render thread/INFO]: Started 6 worker threads
[23:32:21] [Render thread/INFO]: Loaded 991 advancements
[23:47:21] [Render thread/INFO]: Stopping worker threads
[23:47:21] [Render thread/INFO]: Started 6 worker threads
[23:47:21] [Server thread/INFO]: Saving and pausing game...
[23:47:21] [Render thread/INFO]: Stopping worker threads
[23:47:21] [Server thread/INFO]: Saving chunks for level 'ServerLevel[Epic survival world]'/minecraft:overworld
[23:47:21] [Render thread/INFO]: Started 6 worker threads
[23:47:21] [Server thread/INFO]: Saving chunks for level 'ServerLevel[Epic survival world]'/minecraft:the_end
[23:47:21] [Server thread/INFO]: Saving chunks for level 'ServerLevel[Epic survival world]'/minecraft:the_nether
[23:47:34] [Render thread/INFO]: Stopping worker threads
[23:47:34] [Server thread/INFO]: Saving and pausing game...
[23:47:34] [Render thread/INFO]: Started 6 worker threads
[23:47:34] [Server thread/INFO]: Saving chunks for level 'ServerLevel[Epic survival world]'/minecraft:overworld
[23:47:34] [Render thread/INFO]: Stopping worker threads
[23:47:34] [Server thread/INFO]: Saving chunks for level 'ServerLevel[Epic survival world]'/minecraft:the_end
[23:47:34] [Server thread/INFO]: Saving chunks for level 'ServerLevel[Epic survival world]'/minecraft:the_nether
[23:47:34] [Render thread/INFO]: Started 6 worker threads
