[00:05:21] [Server thread/INFO]: Saving and pausing game...
[00:05:21] [Server thread/INFO]: Saving chunks for level 'ServerLevel[Epic survival world]'/minecraft:overworld
[00:05:21] [Server thread/INFO]: Saving chunks for level 'ServerLevel[Epic survival world]'/minecraft:the_end
[00:05:21] [Server thread/INFO]: Saving chunks for level 'ServerLevel[Epic survival world]'/minecraft:the_nether
[00:05:22] [Render thread/ERROR]: Error saving option Brightness: DynamicException[Value 16.0 outside of range [0.0:1.0] Optional[16.0]]
[00:05:22] [Render thread/ERROR]: Error saving option Brightness: DynamicException[Value 16.0 outside of range [0.0:1.0] Optional[16.0]]
[00:05:22] [Render thread/ERROR]: Error saving option Brightness: DynamicException[Value 16.0 outside of range [0.0:1.0] Optional[16.0]]
[00:05:22] [Render thread/ERROR]: Error saving option Brightness: DynamicException[Value 16.0 outside of range [0.0:1.0] Optional[16.0]]
[00:05:22] [Render thread/ERROR]: Error saving option Brightness: DynamicException[Value 16.0 outside of range [0.0:1.0] Optional[16.0]]
[00:05:22] [Render thread/ERROR]: Error saving option Brightness: DynamicException[Value 16.0 outside of range [0.0:1.0] Optional[16.0]]
[00:05:22] [Render thread/ERROR]: Error saving option Brightness: DynamicException[Value 16.0 outside of range [0.0:1.0] Optional[16.0]]
[00:05:22] [Render thread/ERROR]: Error saving option Brightness: DynamicException[Value 16.0 outside of range [0.0:1.0] Optional[16.0]]
[00:05:22] [Render thread/ERROR]: Error saving option Brightness: DynamicException[Value 16.0 outside of range [0.0:1.0] Optional[16.0]]
[00:05:22] [Render thread/ERROR]: Error saving option Brightness: DynamicException[Value 16.0 outside of range [0.0:1.0] Optional[16.0]]
[00:05:22] [Render thread/ERROR]: Error saving option Brightness: DynamicException[Value 16.0 outside of range [0.0:1.0] Optional[16.0]]
[00:05:22] [Render thread/ERROR]: Error saving option Brightness: DynamicException[Value 16.0 outside of range [0.0:1.0] Optional[16.0]]
[00:05:22] [Render thread/ERROR]: Error saving option Brightness: DynamicException[Value 16.0 outside of range [0.0:1.0] Optional[16.0]]
[00:05:22] [Render thread/ERROR]: Error saving option Brightness: DynamicException[Value 16.0 outside of range [0.0:1.0] Optional[16.0]]
[00:05:22] [Render thread/ERROR]: Error saving option Brightness: DynamicException[Value 16.0 outside of range [0.0:1.0] Optional[16.0]]
[00:05:22] [Render thread/ERROR]: Error saving option Brightness: DynamicException[Value 16.0 outside of range [0.0:1.0] Optional[16.0]]
[00:05:22] [Render thread/ERROR]: Error saving option Brightness: DynamicException[Value 16.0 outside of range [0.0:1.0] Optional[16.0]]
[00:05:22] [Render thread/ERROR]: Error saving option Brightness: DynamicException[Value 16.0 outside of range [0.0:1.0] Optional[16.0]]
[00:05:22] [Render thread/ERROR]: Error saving option Brightness: DynamicException[Value 16.0 outside of range [0.0:1.0] Optional[16.0]]
[00:05:22] [Render thread/ERROR]: Error saving option Brightness: DynamicException[Value 16.0 outside of range [0.0:1.0] Optional[16.0]]
[00:05:22] [Render thread/ERROR]: Error saving option Brightness: DynamicException[Value 16.0 outside of range [0.0:1.0] Optional[16.0]]
[00:05:22] [Render thread/ERROR]: Error saving option Brightness: DynamicException[Value 16.0 outside of range [0.0:1.0] Optional[16.0]]
[00:05:22] [Sound engine/ERROR]: Stop: Invalid name parameter.
[00:05:22] [Render thread/ERROR]: Error saving option Brightness: DynamicException[Value 16.0 outside of range [0.0:1.0] Optional[16.0]]
[00:05:22] [Render thread/ERROR]: Error saving option Brightness: DynamicException[Value 16.0 outside of range [0.0:1.0] Optional[16.0]]
[00:05:23] [Render thread/ERROR]: Error saving option Brightness: DynamicException[Value 16.0 outside of range [0.0:1.0] Optional[16.0]]
[00:39:57] [Render thread/INFO]: [System] [CHAT] [Debug]: Hitboxes: shown
[00:40:00] [Render thread/INFO]: [System] [CHAT] [Debug]: Hitboxes: hidden
[00:48:55] [Render thread/INFO]: Stopping worker threads
[00:48:55] [Server thread/INFO]: Saving and pausing game...
[00:48:55] [Server thread/INFO]: Saving chunks for level 'ServerLevel[Epic survival world]'/minecraft:overworld
[00:48:55] [Render thread/INFO]: Started 6 worker threads
[00:48:55] [Server thread/INFO]: Saving chunks for level 'ServerLevel[Epic survival world]'/minecraft:the_end
[00:48:55] [Server thread/INFO]: Saving chunks for level 'ServerLevel[Epic survival world]'/minecraft:the_nether
[00:48:55] [Render thread/INFO]: Stopping worker threads
[00:48:55] [Render thread/INFO]: Started 6 worker threads
[00:49:10] [Server thread/INFO]: Saving and pausing game...
[00:49:11] [Server thread/INFO]: Saving chunks for level 'ServerLevel[Epic survival world]'/minecraft:overworld
[00:49:11] [Server thread/INFO]: Saving chunks for level 'ServerLevel[Epic survival world]'/minecraft:the_end
[00:49:11] [Server thread/INFO]: Saving chunks for level 'ServerLevel[Epic survival world]'/minecraft:the_nether
[00:49:11] [Render thread/ERROR]: Error saving option Brightness: DynamicException[Value 16.0 outside of range [0.0:1.0] Optional[16.0]]
[00:49:12] [Render thread/ERROR]: Error saving option Brightness: DynamicException[Value 16.0 outside of range [0.0:1.0] Optional[16.0]]
[00:49:12] [Render thread/ERROR]: Error saving option Brightness: DynamicException[Value 16.0 outside of range [0.0:1.0] Optional[16.0]]
[00:49:12] [Render thread/ERROR]: Error saving option Brightness: DynamicException[Value 16.0 outside of range [0.0:1.0] Optional[16.0]]
[00:49:12] [Render thread/ERROR]: Error saving option Brightness: DynamicException[Value 16.0 outside of range [0.0:1.0] Optional[16.0]]
[00:49:12] [Render thread/ERROR]: Error saving option Brightness: DynamicException[Value 16.0 outside of range [0.0:1.0] Optional[16.0]]
[00:49:12] [Render thread/ERROR]: Error saving option Brightness: DynamicException[Value 16.0 outside of range [0.0:1.0] Optional[16.0]]
[00:49:12] [Render thread/ERROR]: Error saving option Brightness: DynamicException[Value 16.0 outside of range [0.0:1.0] Optional[16.0]]
[00:49:12] [Render thread/ERROR]: Error saving option Brightness: DynamicException[Value 16.0 outside of range [0.0:1.0] Optional[16.0]]
[00:49:12] [Render thread/ERROR]: Error saving option Brightness: DynamicException[Value 16.0 outside of range [0.0:1.0] Optional[16.0]]
[00:49:12] [Render thread/ERROR]: Error saving option Brightness: DynamicException[Value 16.0 outside of range [0.0:1.0] Optional[16.0]]
[00:49:12] [Render thread/ERROR]: Error saving option Brightness: DynamicException[Value 16.0 outside of range [0.0:1.0] Optional[16.0]]
[00:49:12] [Render thread/ERROR]: Error saving option Brightness: DynamicException[Value 16.0 outside of range [0.0:1.0] Optional[16.0]]
[00:49:12] [Render thread/ERROR]: Error saving option Brightness: DynamicException[Value 16.0 outside of range [0.0:1.0] Optional[16.0]]
[00:49:12] [Render thread/ERROR]: Error saving option Brightness: DynamicException[Value 16.0 outside of range [0.0:1.0] Optional[16.0]]
[00:49:12] [Render thread/ERROR]: Error saving option Brightness: DynamicException[Value 16.0 outside of range [0.0:1.0] Optional[16.0]]
[00:49:12] [Render thread/ERROR]: Error saving option Brightness: DynamicException[Value 16.0 outside of range [0.0:1.0] Optional[16.0]]
[00:49:12] [Render thread/ERROR]: Error saving option Brightness: DynamicException[Value 16.0 outside of range [0.0:1.0] Optional[16.0]]
[00:49:12] [Render thread/ERROR]: Error saving option Brightness: DynamicException[Value 16.0 outside of range [0.0:1.0] Optional[16.0]]
[00:49:12] [Render thread/ERROR]: Error saving option Brightness: DynamicException[Value 16.0 outside of range [0.0:1.0] Optional[16.0]]
[00:49:12] [Render thread/ERROR]: Error saving option Brightness: DynamicException[Value 16.0 outside of range [0.0:1.0] Optional[16.0]]
[00:49:12] [Render thread/ERROR]: Error saving option Brightness: DynamicException[Value 16.0 outside of range [0.0:1.0] Optional[16.0]]
[00:49:12] [Render thread/ERROR]: Error saving option Brightness: DynamicException[Value 16.0 outside of range [0.0:1.0] Optional[16.0]]
[00:49:12] [Render thread/ERROR]: Error saving option Brightness: DynamicException[Value 16.0 outside of range [0.0:1.0] Optional[16.0]]
[00:49:12] [Render thread/ERROR]: Error saving option Brightness: DynamicException[Value 16.0 outside of range [0.0:1.0] Optional[16.0]]
[00:49:12] [Render thread/ERROR]: Error saving option Brightness: DynamicException[Value 16.0 outside of range [0.0:1.0] Optional[16.0]]
[00:49:12] [Render thread/ERROR]: Error saving option Brightness: DynamicException[Value 16.0 outside of range [0.0:1.0] Optional[16.0]]
[00:49:12] [Render thread/ERROR]: Error saving option Brightness: DynamicException[Value 16.0 outside of range [0.0:1.0] Optional[16.0]]
[00:49:12] [Render thread/ERROR]: Error saving option Brightness: DynamicException[Value 16.0 outside of range [0.0:1.0] Optional[16.0]]
[00:49:12] [Render thread/ERROR]: Error saving option Brightness: DynamicException[Value 16.0 outside of range [0.0:1.0] Optional[16.0]]
[00:49:12] [Render thread/ERROR]: Error saving option Brightness: DynamicException[Value 16.0 outside of range [0.0:1.0] Optional[16.0]]
[00:49:12] [Render thread/ERROR]: Error saving option Brightness: DynamicException[Value 16.0 outside of range [0.0:1.0] Optional[16.0]]
[00:49:12] [Render thread/ERROR]: Error saving option Brightness: DynamicException[Value 16.0 outside of range [0.0:1.0] Optional[16.0]]
[00:49:12] [Render thread/ERROR]: Error saving option Brightness: DynamicException[Value 16.0 outside of range [0.0:1.0] Optional[16.0]]
[00:49:12] [Render thread/ERROR]: Error saving option Brightness: DynamicException[Value 16.0 outside of range [0.0:1.0] Optional[16.0]]
[00:49:12] [Render thread/ERROR]: Error saving option Brightness: DynamicException[Value 16.0 outside of range [0.0:1.0] Optional[16.0]]
[00:49:12] [Render thread/ERROR]: Error saving option Brightness: DynamicException[Value 16.0 outside of range [0.0:1.0] Optional[16.0]]
[00:49:12] [Render thread/ERROR]: Error saving option Brightness: DynamicException[Value 16.0 outside of range [0.0:1.0] Optional[16.0]]
[00:49:12] [Render thread/ERROR]: Error saving option Brightness: DynamicException[Value 16.0 outside of range [0.0:1.0] Optional[16.0]]
[00:49:12] [Render thread/ERROR]: Error saving option Brightness: DynamicException[Value 16.0 outside of range [0.0:1.0] Optional[16.0]]
[00:49:12] [Render thread/ERROR]: Error saving option Brightness: DynamicException[Value 16.0 outside of range [0.0:1.0] Optional[16.0]]
[00:49:12] [Render thread/ERROR]: Error saving option Brightness: DynamicException[Value 16.0 outside of range [0.0:1.0] Optional[16.0]]
[00:49:12] [Render thread/ERROR]: Error saving option Brightness: DynamicException[Value 16.0 outside of range [0.0:1.0] Optional[16.0]]
[00:49:12] [Render thread/ERROR]: Error saving option Brightness: DynamicException[Value 16.0 outside of range [0.0:1.0] Optional[16.0]]
[00:49:12] [Render thread/ERROR]: Error saving option Brightness: DynamicException[Value 16.0 outside of range [0.0:1.0] Optional[16.0]]
[00:49:12] [Render thread/ERROR]: Error saving option Brightness: DynamicException[Value 16.0 outside of range [0.0:1.0] Optional[16.0]]
[00:49:13] [Render thread/ERROR]: Error saving option Brightness: DynamicException[Value 16.0 outside of range [0.0:1.0] Optional[16.0]]
[00:49:59] [Render thread/INFO]: Stopping worker threads
[00:49:59] [Render thread/INFO]: Started 6 worker threads
[00:49:59] [Server thread/INFO]: Saving and pausing game...
[00:49:59] [Render thread/INFO]: Stopping worker threads
[00:49:59] [Server thread/INFO]: Saving chunks for level 'ServerLevel[Epic survival world]'/minecraft:overworld
[00:49:59] [Server thread/INFO]: Saving chunks for level 'ServerLevel[Epic survival world]'/minecraft:the_end
[00:49:59] [Server thread/INFO]: Saving chunks for level 'ServerLevel[Epic survival world]'/minecraft:the_nether
[00:49:59] [Render thread/INFO]: Started 6 worker threads
[00:51:15] [Server thread/INFO]: Saving and pausing game...
[00:51:15] [Server thread/INFO]: Saving chunks for level 'ServerLevel[Epic survival world]'/minecraft:overworld
[00:51:15] [Server thread/INFO]: Saving chunks for level 'ServerLevel[Epic survival world]'/minecraft:the_end
[00:51:15] [Server thread/INFO]: Saving chunks for level 'ServerLevel[Epic survival world]'/minecraft:the_nether
[00:51:17] [Render thread/ERROR]: Error saving option Brightness: DynamicException[Value 16.0 outside of range [0.0:1.0] Optional[16.0]]
[00:51:17] [Render thread/WARN]: Pack file/coffee totem declared support for versions [16, 22] but declared main format is 9, defaulting to 9
[00:51:17] [Render thread/WARN]: Failed to load icon from pack file/Identifiable Powdered Snow Minecraft Modder
java.io.IOException: Bad PNG Signature
	at net.minecraft.class_8800.method_54945(class_8800.java:44) ~[client-intermediary.jar:?]
	at net.minecraft.class_1011.method_4303(class_1011.java:135) ~[client-intermediary.jar:?]
	at net.minecraft.class_1011.method_4310(class_1011.java:107) ~[client-intermediary.jar:?]
	at net.minecraft.class_1011.method_4309(class_1011.java:98) ~[client-intermediary.jar:?]
	at net.minecraft.class_5375.method_30289(class_5375.java:289) ~[client-intermediary.jar:?]
	at net.minecraft.class_5375.method_30288(class_5375.java:300) ~[client-intermediary.jar:?]
	at java.util.HashMap.computeIfAbsent(HashMap.java:1220) ~[?:?]
	at net.minecraft.class_5375.method_30287(class_5375.java:300) ~[client-intermediary.jar:?]
	at net.minecraft.class_5369$class_5372.method_30286(class_5369.java:126) ~[client-intermediary.jar:?]
	at net.minecraft.class_521$class_4271.method_25343(class_521.java:137) ~[client-intermediary.jar:?]
	at net.minecraft.class_350.method_44397(class_350.java:411) ~[client-intermediary.jar:?]
	at net.minecraft.class_350.method_25311(class_350.java:396) ~[client-intermediary.jar:?]
	at net.minecraft.class_350.method_48579(class_350.java:184) ~[client-intermediary.jar:?]
	at net.minecraft.class_339.method_25394(class_339.java:66) ~[client-intermediary.jar:?]
	at net.minecraft.class_437.method_25394(class_437.java:121) ~[client-intermediary.jar:?]
	at net.minecraft.class_5375.method_25394(class_5375.java:182) ~[client-intermediary.jar:?]
	at net.minecraft.class_437.method_47413(class_437.java:110) ~[client-intermediary.jar:?]
	at net.minecraft.class_757.mixinextras$bridge$method_47413$201(class_757.java) ~[client-intermediary.jar:?]
	at net.minecraft.class_757.wrapOperation$bfd000$fabric-screen-api-v1$onRenderScreen(class_757.java:2111) ~[client-intermediary.jar:?]
	at net.minecraft.class_757.method_3192(class_757.java:931) ~[client-intermediary.jar:?]
	at net.minecraft.class_310.method_1523(class_310.java:1327) ~[client-intermediary.jar:?]
	at net.minecraft.class_310.method_1514(class_310.java:888) ~[client-intermediary.jar:?]
	at net.minecraft.client.main.Main.main(Main.java:265) ~[fabric-loader-0.15.7-1.20.4.jar:?]
	at net.fabricmc.loader.impl.game.minecraft.MinecraftGameProvider.launch(MinecraftGameProvider.java:470) ~[fabric-loader-0.15.7.jar:?]
	at net.fabricmc.loader.impl.launch.knot.Knot.launch(Knot.java:74) ~[fabric-loader-0.15.7.jar:?]
	at net.fabricmc.loader.impl.launch.knot.KnotClient.main(KnotClient.java:23) ~[fabric-loader-0.15.7.jar:?]
[00:51:22] [Render thread/ERROR]: Error saving option Brightness: DynamicException[Value 16.0 outside of range [0.0:1.0] Optional[16.0]]
[00:51:22] [Render thread/WARN]: Pack file/coffee totem declared support for versions [16, 22] but declared main format is 9, defaulting to 9
[00:51:22] [Render thread/INFO]: Reloading ResourceManager: vanilla, fabric, advanced-xray-fabric, appleskin, carpet, cloth-config, entityculling, essential, essential-container, essential-loader, fabric-api, fabric-api-base, fabric-api-lookup-api-v1, fabric-biome-api-v1, fabric-block-api-v1, fabric-block-view-api-v2, fabric-blockrenderlayer-v1, fabric-client-tags-api-v1, fabric-command-api-v1, fabric-command-api-v2, fabric-commands-v0, fabric-containers-v0, fabric-content-registries-v0, fabric-convention-tags-v1, fabric-crash-report-info-v1, fabric-data-attachment-api-v1, fabric-data-generation-api-v1, fabric-dimensions-v1, fabric-entity-events-v1, fabric-events-interaction-v0, fabric-events-lifecycle-v0, fabric-game-rule-api-v1, fabric-item-api-v1, fabric-item-group-api-v1, fabric-key-binding-api-v1, fabric-keybindings-v0, fabric-language-kotlin, fabric-lifecycle-events-v1, fabric-loot-api-v2, fabric-message-api-v1, fabric-mining-level-api-v1, fabric-model-loading-api-v1, fabric-models-v0, fabric-networking-api-v1, fabric-object-builder-api-v1, fabric-particles-v1, fabric-recipe-api-v1, fabric-registry-sync-v0, fabric-renderer-api-v1, fabric-renderer-indigo, fabric-renderer-registries-v1, fabric-rendering-data-attachment-v1, fabric-rendering-fluids-v1, fabric-rendering-v0, fabric-rendering-v1, fabric-resource-conditions-api-v1, fabric-resource-loader-v0, fabric-screen-api-v1, fabric-screen-handler-api-v1, fabric-sound-api-v1, fabric-transfer-api-v1, fabric-transitive-access-wideners-v1, fabricloader, litematica, lithium, logical_zoom, malilib, minihud, nvidium, sodium, tweakeroo, file/VisibleAncientDebris.zip, file/Identifiable Powdered Snow Minecraft Modder, file/KonciPET UI 1.1 default hunger, file/axolotl totem, essential
[00:51:22] [Render thread/WARN]: Non [a-z0-9_.-] character in namespace .DS_Store in pack C:\Users\Miguel Leyesa\AppData\Roaming\.minecraft\resourcepacks\VisibleAncientDebris.zip, ignoring
[00:51:22] [Render thread/WARN]: Non [a-z0-9_.-] character in namespace .DS_Store in pack C:\Users\Miguel Leyesa\AppData\Roaming\.minecraft\resourcepacks\VisibleAncientDebris.zip, ignoring
[00:51:22] [Worker-Main-25/INFO]: Found unifont_all_no_pua-15.1.04.hex, loading
[00:51:22] [Worker-Main-1/WARN]: Invalid path in datapack: minecraft:textures/block/.DS_Store, ignoring
[00:51:24] [Render thread/WARN]: Missing sound for event: minecraft:item.goat_horn.play
[00:51:24] [Render thread/WARN]: Missing sound for event: minecraft:entity.goat.screaming.horn_break
[00:51:24] [Render thread/WARN]: Missing sound for event: minecraft:entity.generic.wind_burst
[00:51:24] [Render thread/INFO]: OpenAL initialized on device OpenAL Soft on Speakers (Razer Kraken Kitty Edition)
[00:51:24] [Render thread/INFO]: Sound engine started
[00:51:24] [Render thread/INFO]: Created: 1024x512x4 minecraft:textures/atlas/blocks.png-atlas
[00:51:24] [Render thread/INFO]: Created: 256x256x4 minecraft:textures/atlas/signs.png-atlas
[00:51:24] [Render thread/INFO]: Created: 512x512x4 minecraft:textures/atlas/banner_patterns.png-atlas
[00:51:24] [Render thread/INFO]: Created: 512x512x4 minecraft:textures/atlas/shield_patterns.png-atlas
[00:51:24] [Render thread/INFO]: Created: 1024x1024x4 minecraft:textures/atlas/armor_trims.png-atlas
[00:51:24] [Render thread/INFO]: Created: 256x256x4 minecraft:textures/atlas/chest.png-atlas
[00:51:24] [Render thread/INFO]: Created: 128x64x4 minecraft:textures/atlas/decorated_pot.png-atlas
[00:51:24] [Render thread/INFO]: Created: 512x256x4 minecraft:textures/atlas/shulker_boxes.png-atlas
[00:51:24] [Render thread/INFO]: Created: 512x256x4 minecraft:textures/atlas/beds.png-atlas
[00:51:24] [Render thread/WARN]: Shader rendertype_entity_translucent_emissive could not find sampler named Sampler2 in the specified shader program.
[00:51:24] [Render thread/INFO]: Created: 512x256x0 minecraft:textures/atlas/particles.png-atlas
[00:51:24] [Render thread/INFO]: Created: 512x256x0 minecraft:textures/atlas/paintings.png-atlas
[00:51:24] [Render thread/INFO]: Created: 128x128x0 minecraft:textures/atlas/mob_effects.png-atlas
[00:51:24] [Render thread/INFO]: Created: 1024x512x0 minecraft:textures/atlas/gui.png-atlas
[00:51:24] [Render thread/INFO]: Stopping worker threads
[00:51:24] [Render thread/INFO]: Started 6 worker threads
[00:51:27] [Render thread/ERROR]: Error saving option Brightness: DynamicException[Value 16.0 outside of range [0.0:1.0] Optional[16.0]]
[00:51:46] [Render thread/WARN]: Unable to play empty soundEvent: minecraft:entity.puffer_fish.ambient
[00:57:29] [Render thread/INFO]: Stopping worker threads
[00:57:29] [Server thread/INFO]: Saving and pausing game...
[00:57:29] [Server thread/INFO]: Saving chunks for level 'ServerLevel[Epic survival world]'/minecraft:overworld
[00:57:29] [Render thread/INFO]: Started 6 worker threads
[00:57:29] [Server thread/INFO]: Saving chunks for level 'ServerLevel[Epic survival world]'/minecraft:the_end
[00:57:29] [Server thread/INFO]: Saving chunks for level 'ServerLevel[Epic survival world]'/minecraft:the_nether
[00:57:29] [Render thread/INFO]: Stopping worker threads
[00:57:30] [Render thread/INFO]: Started 6 worker threads
[00:57:48] [Render thread/WARN]: Received passengers for unknown entity
[00:57:51] [Render thread/WARN]: Received passengers for unknown entity
[00:58:30] [Render thread/INFO]: [System] [CHAT] [Debug]: Hitboxes: shown
[00:58:33] [Render thread/INFO]: [System] [CHAT] [Debug]: Hitboxes: hidden
[00:58:57] [Server thread/INFO]: Saving and pausing game...
[00:58:57] [Server thread/INFO]: Saving chunks for level 'ServerLevel[Epic survival world]'/minecraft:overworld
[00:58:57] [Server thread/INFO]: Saving chunks for level 'ServerLevel[Epic survival world]'/minecraft:the_end
[00:58:57] [Server thread/INFO]: Saving chunks for level 'ServerLevel[Epic survival world]'/minecraft:the_nether
[00:58:58] [Render thread/ERROR]: Error saving option Brightness: DynamicException[Value 16.0 outside of range [0.0:1.0] Optional[16.0]]
[00:58:58] [Render thread/ERROR]: Error saving option Brightness: DynamicException[Value 16.0 outside of range [0.0:1.0] Optional[16.0]]
[00:58:58] [Render thread/ERROR]: Error saving option Brightness: DynamicException[Value 16.0 outside of range [0.0:1.0] Optional[16.0]]
[00:58:58] [Render thread/ERROR]: Error saving option Brightness: DynamicException[Value 16.0 outside of range [0.0:1.0] Optional[16.0]]
[00:58:58] [Render thread/ERROR]: Error saving option Brightness: DynamicException[Value 16.0 outside of range [0.0:1.0] Optional[16.0]]
[00:58:58] [Render thread/ERROR]: Error saving option Brightness: DynamicException[Value 16.0 outside of range [0.0:1.0] Optional[16.0]]
[00:58:58] [Render thread/ERROR]: Error saving option Brightness: DynamicException[Value 16.0 outside of range [0.0:1.0] Optional[16.0]]
[00:58:58] [Render thread/ERROR]: Error saving option Brightness: DynamicException[Value 16.0 outside of range [0.0:1.0] Optional[16.0]]
[00:58:58] [Render thread/ERROR]: Error saving option Brightness: DynamicException[Value 16.0 outside of range [0.0:1.0] Optional[16.0]]
[00:58:58] [Render thread/ERROR]: Error saving option Brightness: DynamicException[Value 16.0 outside of range [0.0:1.0] Optional[16.0]]
[00:58:58] [Render thread/ERROR]: Error saving option Brightness: DynamicException[Value 16.0 outside of range [0.0:1.0] Optional[16.0]]
[00:58:58] [Render thread/ERROR]: Error saving option Brightness: DynamicException[Value 16.0 outside of range [0.0:1.0] Optional[16.0]]
[00:58:58] [Render thread/ERROR]: Error saving option Brightness: DynamicException[Value 16.0 outside of range [0.0:1.0] Optional[16.0]]
[00:58:58] [Render thread/ERROR]: Error saving option Brightness: DynamicException[Value 16.0 outside of range [0.0:1.0] Optional[16.0]]
[00:58:58] [Render thread/ERROR]: Error saving option Brightness: DynamicException[Value 16.0 outside of range [0.0:1.0] Optional[16.0]]
[00:58:58] [Render thread/ERROR]: Error saving option Brightness: DynamicException[Value 16.0 outside of range [0.0:1.0] Optional[16.0]]
[00:58:58] [Render thread/ERROR]: Error saving option Brightness: DynamicException[Value 16.0 outside of range [0.0:1.0] Optional[16.0]]
[00:58:58] [Render thread/ERROR]: Error saving option Brightness: DynamicException[Value 16.0 outside of range [0.0:1.0] Optional[16.0]]
[00:58:58] [Render thread/ERROR]: Error saving option Brightness: DynamicException[Value 16.0 outside of range [0.0:1.0] Optional[16.0]]
[00:58:58] [Render thread/ERROR]: Error saving option Brightness: DynamicException[Value 16.0 outside of range [0.0:1.0] Optional[16.0]]
[00:58:58] [Render thread/ERROR]: Error saving option Brightness: DynamicException[Value 16.0 outside of range [0.0:1.0] Optional[16.0]]
[00:58:58] [Render thread/ERROR]: Error saving option Brightness: DynamicException[Value 16.0 outside of range [0.0:1.0] Optional[16.0]]
[00:58:58] [Render thread/ERROR]: Error saving option Brightness: DynamicException[Value 16.0 outside of range [0.0:1.0] Optional[16.0]]
[00:58:58] [Render thread/ERROR]: Error saving option Brightness: DynamicException[Value 16.0 outside of range [0.0:1.0] Optional[16.0]]
[00:58:58] [Render thread/ERROR]: Error saving option Brightness: DynamicException[Value 16.0 outside of range [0.0:1.0] Optional[16.0]]
[00:58:58] [Render thread/ERROR]: Error saving option Brightness: DynamicException[Value 16.0 outside of range [0.0:1.0] Optional[16.0]]
[00:58:58] [Render thread/ERROR]: Error saving option Brightness: DynamicException[Value 16.0 outside of range [0.0:1.0] Optional[16.0]]
[00:58:58] [Render thread/ERROR]: Error saving option Brightness: DynamicException[Value 16.0 outside of range [0.0:1.0] Optional[16.0]]
[00:58:58] [Render thread/ERROR]: Error saving option Brightness: DynamicException[Value 16.0 outside of range [0.0:1.0] Optional[16.0]]
[00:58:58] [Render thread/ERROR]: Error saving option Brightness: DynamicException[Value 16.0 outside of range [0.0:1.0] Optional[16.0]]
[00:58:58] [Render thread/ERROR]: Error saving option Brightness: DynamicException[Value 16.0 outside of range [0.0:1.0] Optional[16.0]]
[00:58:58] [Render thread/ERROR]: Error saving option Brightness: DynamicException[Value 16.0 outside of range [0.0:1.0] Optional[16.0]]
[00:58:58] [Render thread/ERROR]: Error saving option Brightness: DynamicException[Value 16.0 outside of range [0.0:1.0] Optional[16.0]]
[00:58:58] [Render thread/ERROR]: Error saving option Brightness: DynamicException[Value 16.0 outside of range [0.0:1.0] Optional[16.0]]
[00:58:58] [Render thread/ERROR]: Error saving option Brightness: DynamicException[Value 16.0 outside of range [0.0:1.0] Optional[16.0]]
[00:58:58] [Render thread/ERROR]: Error saving option Brightness: DynamicException[Value 16.0 outside of range [0.0:1.0] Optional[16.0]]
[00:58:58] [Render thread/ERROR]: Error saving option Brightness: DynamicException[Value 16.0 outside of range [0.0:1.0] Optional[16.0]]
[00:58:58] [Render thread/ERROR]: Error saving option Brightness: DynamicException[Value 16.0 outside of range [0.0:1.0] Optional[16.0]]
[00:58:58] [Render thread/ERROR]: Error saving option Brightness: DynamicException[Value 16.0 outside of range [0.0:1.0] Optional[16.0]]
[00:58:58] [Render thread/ERROR]: Error saving option Brightness: DynamicException[Value 16.0 outside of range [0.0:1.0] Optional[16.0]]
[00:58:58] [Render thread/ERROR]: Error saving option Brightness: DynamicException[Value 16.0 outside of range [0.0:1.0] Optional[16.0]]
[00:58:58] [Render thread/ERROR]: Error saving option Brightness: DynamicException[Value 16.0 outside of range [0.0:1.0] Optional[16.0]]
[00:58:58] [Render thread/ERROR]: Error saving option Brightness: DynamicException[Value 16.0 outside of range [0.0:1.0] Optional[16.0]]
[00:58:58] [Render thread/ERROR]: Error saving option Brightness: DynamicException[Value 16.0 outside of range [0.0:1.0] Optional[16.0]]
[00:58:58] [Render thread/ERROR]: Error saving option Brightness: DynamicException[Value 16.0 outside of range [0.0:1.0] Optional[16.0]]
[00:58:58] [Render thread/ERROR]: Error saving option Brightness: DynamicException[Value 16.0 outside of range [0.0:1.0] Optional[16.0]]
[00:58:58] [Render thread/ERROR]: Error saving option Brightness: DynamicException[Value 16.0 outside of range [0.0:1.0] Optional[16.0]]
[00:58:58] [Render thread/ERROR]: Error saving option Brightness: DynamicException[Value 16.0 outside of range [0.0:1.0] Optional[16.0]]
[00:58:58] [Render thread/ERROR]: Error saving option Brightness: DynamicException[Value 16.0 outside of range [0.0:1.0] Optional[16.0]]
[00:58:58] [Render thread/ERROR]: Error saving option Brightness: DynamicException[Value 16.0 outside of range [0.0:1.0] Optional[16.0]]
[00:58:58] [Render thread/ERROR]: Error saving option Brightness: DynamicException[Value 16.0 outside of range [0.0:1.0] Optional[16.0]]
[00:58:58] [Render thread/ERROR]: Error saving option Brightness: DynamicException[Value 16.0 outside of range [0.0:1.0] Optional[16.0]]
[00:58:58] [Render thread/ERROR]: Error saving option Brightness: DynamicException[Value 16.0 outside of range [0.0:1.0] Optional[16.0]]
[00:58:58] [Render thread/ERROR]: Error saving option Brightness: DynamicException[Value 16.0 outside of range [0.0:1.0] Optional[16.0]]
[00:58:58] [Render thread/ERROR]: Error saving option Brightness: DynamicException[Value 16.0 outside of range [0.0:1.0] Optional[16.0]]
[00:58:58] [Render thread/ERROR]: Error saving option Brightness: DynamicException[Value 16.0 outside of range [0.0:1.0] Optional[16.0]]
[00:58:58] [Render thread/ERROR]: Error saving option Brightness: DynamicException[Value 16.0 outside of range [0.0:1.0] Optional[16.0]]
[00:58:59] [Render thread/ERROR]: Error saving option Brightness: DynamicException[Value 16.0 outside of range [0.0:1.0] Optional[16.0]]
[00:58:59] [Render thread/ERROR]: Error saving option Brightness: DynamicException[Value 16.0 outside of range [0.0:1.0] Optional[16.0]]
[00:58:59] [Render thread/ERROR]: Error saving option Brightness: DynamicException[Value 16.0 outside of range [0.0:1.0] Optional[16.0]]
[00:58:59] [Render thread/ERROR]: Error saving option Brightness: DynamicException[Value 16.0 outside of range [0.0:1.0] Optional[16.0]]
[00:58:59] [Render thread/ERROR]: Error saving option Brightness: DynamicException[Value 16.0 outside of range [0.0:1.0] Optional[16.0]]
[00:58:59] [Render thread/ERROR]: Error saving option Brightness: DynamicException[Value 16.0 outside of range [0.0:1.0] Optional[16.0]]
[00:58:59] [Render thread/ERROR]: Error saving option Brightness: DynamicException[Value 16.0 outside of range [0.0:1.0] Optional[16.0]]
[00:58:59] [Render thread/ERROR]: Error saving option Brightness: DynamicException[Value 16.0 outside of range [0.0:1.0] Optional[16.0]]
[00:58:59] [Render thread/ERROR]: Error saving option Brightness: DynamicException[Value 16.0 outside of range [0.0:1.0] Optional[16.0]]
[01:08:27] [Render thread/INFO]: [System] [CHAT] [Debug]: Hitboxes: shown
[01:08:35] [Render thread/INFO]: [System] [CHAT] [Debug]: Hitboxes: hidden
[01:08:37] [Render thread/INFO]: [System] [CHAT] [Debug]: Hitboxes: shown
[01:08:41] [Render thread/INFO]: [System] [CHAT] [Debug]: Hitboxes: hidden
[01:15:53] [Render thread/INFO]: [System] [CHAT] [Debug]: Hitboxes: shown
[01:15:59] [Render thread/INFO]: [System] [CHAT] [Debug]: Hitboxes: hidden
[01:16:20] [Render thread/INFO]: [System] [CHAT] [Debug]: Hitboxes: shown
[01:16:23] [Render thread/INFO]: [System] [CHAT] [Debug]: Hitboxes: hidden
[01:23:40] [Render thread/INFO]: [System] [CHAT] [Debug]: Hitboxes: shown
[01:23:46] [Render thread/INFO]: [System] [CHAT] [Debug]: Hitboxes: hidden
[03:49:19] [Server thread/INFO]: Saving and pausing game...
[03:49:19] [Server thread/INFO]: Saving chunks for level 'ServerLevel[Epic survival world]'/minecraft:overworld
[03:49:19] [Server thread/INFO]: Saving chunks for level 'ServerLevel[Epic survival world]'/minecraft:the_end
[03:49:19] [Server thread/INFO]: Saving chunks for level 'ServerLevel[Epic survival world]'/minecraft:the_nether
[03:49:20] [Render thread/ERROR]: Error saving option Brightness: DynamicException[Value 16.0 outside of range [0.0:1.0] Optional[16.0]]
[03:49:20] [Render thread/ERROR]: Error saving option Brightness: DynamicException[Value 16.0 outside of range [0.0:1.0] Optional[16.0]]
[03:49:20] [Render thread/ERROR]: Error saving option Brightness: DynamicException[Value 16.0 outside of range [0.0:1.0] Optional[16.0]]
[03:49:20] [Render thread/ERROR]: Error saving option Brightness: DynamicException[Value 16.0 outside of range [0.0:1.0] Optional[16.0]]
[03:49:20] [Render thread/ERROR]: Error saving option Brightness: DynamicException[Value 16.0 outside of range [0.0:1.0] Optional[16.0]]
[03:49:20] [Render thread/ERROR]: Error saving option Brightness: DynamicException[Value 16.0 outside of range [0.0:1.0] Optional[16.0]]
[03:49:20] [Render thread/ERROR]: Error saving option Brightness: DynamicException[Value 16.0 outside of range [0.0:1.0] Optional[16.0]]
[03:49:20] [Render thread/ERROR]: Error saving option Brightness: DynamicException[Value 16.0 outside of range [0.0:1.0] Optional[16.0]]
[03:49:21] [Render thread/ERROR]: Error saving option Brightness: DynamicException[Value 16.0 outside of range [0.0:1.0] Optional[16.0]]
[03:49:21] [Render thread/ERROR]: Error saving option Brightness: DynamicException[Value 16.0 outside of range [0.0:1.0] Optional[16.0]]
[03:49:21] [Render thread/ERROR]: Error saving option Brightness: DynamicException[Value 16.0 outside of range [0.0:1.0] Optional[16.0]]
[03:49:21] [Render thread/ERROR]: Error saving option Brightness: DynamicException[Value 16.0 outside of range [0.0:1.0] Optional[16.0]]
[03:49:21] [Render thread/ERROR]: Error saving option Brightness: DynamicException[Value 16.0 outside of range [0.0:1.0] Optional[16.0]]
[03:49:21] [Render thread/ERROR]: Error saving option Brightness: DynamicException[Value 16.0 outside of range [0.0:1.0] Optional[16.0]]
[03:49:21] [Render thread/ERROR]: Error saving option Brightness: DynamicException[Value 16.0 outside of range [0.0:1.0] Optional[16.0]]
[03:49:21] [Render thread/ERROR]: Error saving option Brightness: DynamicException[Value 16.0 outside of range [0.0:1.0] Optional[16.0]]
[03:49:21] [Render thread/ERROR]: Error saving option Brightness: DynamicException[Value 16.0 outside of range [0.0:1.0] Optional[16.0]]
[03:49:21] [Render thread/ERROR]: Error saving option Brightness: DynamicException[Value 16.0 outside of range [0.0:1.0] Optional[16.0]]
[03:49:21] [Render thread/ERROR]: Error saving option Brightness: DynamicException[Value 16.0 outside of range [0.0:1.0] Optional[16.0]]
[03:49:22] [Render thread/ERROR]: Error saving option Brightness: DynamicException[Value 16.0 outside of range [0.0:1.0] Optional[16.0]]
[03:49:36] [Server thread/INFO]: Saving and pausing game...
[03:49:37] [Server thread/INFO]: Saving chunks for level 'ServerLevel[Epic survival world]'/minecraft:overworld
[03:49:37] [Server thread/INFO]: Saving chunks for level 'ServerLevel[Epic survival world]'/minecraft:the_end
[03:49:37] [Server thread/INFO]: Saving chunks for level 'ServerLevel[Epic survival world]'/minecraft:the_nether
[03:49:38] [Render thread/ERROR]: Error saving option Brightness: DynamicException[Value 16.0 outside of range [0.0:1.0] Optional[16.0]]
[03:49:38] [Render thread/WARN]: Pack file/coffee totem declared support for versions [16, 22] but declared main format is 9, defaulting to 9
[03:49:38] [Render thread/WARN]: Failed to load icon from pack file/Identifiable Powdered Snow Minecraft Modder
java.io.IOException: Bad PNG Signature
	at net.minecraft.class_8800.method_54945(class_8800.java:44) ~[client-intermediary.jar:?]
	at net.minecraft.class_1011.method_4303(class_1011.java:135) ~[client-intermediary.jar:?]
	at net.minecraft.class_1011.method_4310(class_1011.java:107) ~[client-intermediary.jar:?]
	at net.minecraft.class_1011.method_4309(class_1011.java:98) ~[client-intermediary.jar:?]
	at net.minecraft.class_5375.method_30289(class_5375.java:289) ~[client-intermediary.jar:?]
	at net.minecraft.class_5375.method_30288(class_5375.java:300) ~[client-intermediary.jar:?]
	at java.util.HashMap.computeIfAbsent(HashMap.java:1220) ~[?:?]
	at net.minecraft.class_5375.method_30287(class_5375.java:300) ~[client-intermediary.jar:?]
	at net.minecraft.class_5369$class_5372.method_30286(class_5369.java:126) ~[client-intermediary.jar:?]
	at net.minecraft.class_521$class_4271.method_25343(class_521.java:137) ~[client-intermediary.jar:?]
	at net.minecraft.class_350.method_44397(class_350.java:411) ~[client-intermediary.jar:?]
	at net.minecraft.class_350.method_25311(class_350.java:396) ~[client-intermediary.jar:?]
	at net.minecraft.class_350.method_48579(class_350.java:184) ~[client-intermediary.jar:?]
	at net.minecraft.class_339.method_25394(class_339.java:66) ~[client-intermediary.jar:?]
	at net.minecraft.class_437.method_25394(class_437.java:121) ~[client-intermediary.jar:?]
	at net.minecraft.class_5375.method_25394(class_5375.java:182) ~[client-intermediary.jar:?]
	at net.minecraft.class_437.method_47413(class_437.java:110) ~[client-intermediary.jar:?]
	at net.minecraft.class_757.mixinextras$bridge$method_47413$201(class_757.java) ~[client-intermediary.jar:?]
	at net.minecraft.class_757.wrapOperation$bfd000$fabric-screen-api-v1$onRenderScreen(class_757.java:2111) ~[client-intermediary.jar:?]
	at net.minecraft.class_757.method_3192(class_757.java:931) ~[client-intermediary.jar:?]
	at net.minecraft.class_310.method_1523(class_310.java:1327) ~[client-intermediary.jar:?]
	at net.minecraft.class_310.method_1514(class_310.java:888) ~[client-intermediary.jar:?]
	at net.minecraft.client.main.Main.main(Main.java:265) ~[fabric-loader-0.15.7-1.20.4.jar:?]
	at net.fabricmc.loader.impl.game.minecraft.MinecraftGameProvider.launch(MinecraftGameProvider.java:470) ~[fabric-loader-0.15.7.jar:?]
	at net.fabricmc.loader.impl.launch.knot.Knot.launch(Knot.java:74) ~[fabric-loader-0.15.7.jar:?]
	at net.fabricmc.loader.impl.launch.knot.KnotClient.main(KnotClient.java:23) ~[fabric-loader-0.15.7.jar:?]
[03:49:45] [Render thread/WARN]: Pack file/coffee totem declared support for versions [16, 22] but declared main format is 9, defaulting to 9
[03:49:45] [Render thread/WARN]: Failed to load icon from pack file/Identifiable Powdered Snow Minecraft Modder
java.io.IOException: Bad PNG Signature
	at net.minecraft.class_8800.method_54945(class_8800.java:44) ~[client-intermediary.jar:?]
	at net.minecraft.class_1011.method_4303(class_1011.java:135) ~[client-intermediary.jar:?]
	at net.minecraft.class_1011.method_4310(class_1011.java:107) ~[client-intermediary.jar:?]
	at net.minecraft.class_1011.method_4309(class_1011.java:98) ~[client-intermediary.jar:?]
	at net.minecraft.class_5375.method_30289(class_5375.java:289) ~[client-intermediary.jar:?]
	at net.minecraft.class_5375.method_30288(class_5375.java:300) ~[client-intermediary.jar:?]
	at java.util.HashMap.computeIfAbsent(HashMap.java:1220) ~[?:?]
	at net.minecraft.class_5375.method_30287(class_5375.java:300) ~[client-intermediary.jar:?]
	at net.minecraft.class_5369$class_5372.method_30286(class_5369.java:126) ~[client-intermediary.jar:?]
	at net.minecraft.class_521$class_4271.method_25343(class_521.java:137) ~[client-intermediary.jar:?]
	at net.minecraft.class_350.method_44397(class_350.java:411) ~[client-intermediary.jar:?]
	at net.minecraft.class_350.method_25311(class_350.java:396) ~[client-intermediary.jar:?]
	at net.minecraft.class_350.method_48579(class_350.java:184) ~[client-intermediary.jar:?]
	at net.minecraft.class_339.method_25394(class_339.java:66) ~[client-intermediary.jar:?]
	at net.minecraft.class_437.method_25394(class_437.java:121) ~[client-intermediary.jar:?]
	at net.minecraft.class_5375.method_25394(class_5375.java:182) ~[client-intermediary.jar:?]
	at net.minecraft.class_437.method_47413(class_437.java:110) ~[client-intermediary.jar:?]
	at net.minecraft.class_757.mixinextras$bridge$method_47413$201(class_757.java) ~[client-intermediary.jar:?]
	at net.minecraft.class_757.wrapOperation$bfd000$fabric-screen-api-v1$onRenderScreen(class_757.java:2111) ~[client-intermediary.jar:?]
	at net.minecraft.class_757.method_3192(class_757.java:931) ~[client-intermediary.jar:?]
	at net.minecraft.class_310.method_1523(class_310.java:1327) ~[client-intermediary.jar:?]
	at net.minecraft.class_310.method_1514(class_310.java:888) ~[client-intermediary.jar:?]
	at net.minecraft.client.main.Main.main(Main.java:265) ~[fabric-loader-0.15.7-1.20.4.jar:?]
	at net.fabricmc.loader.impl.game.minecraft.MinecraftGameProvider.launch(MinecraftGameProvider.java:470) ~[fabric-loader-0.15.7.jar:?]
	at net.fabricmc.loader.impl.launch.knot.Knot.launch(Knot.java:74) ~[fabric-loader-0.15.7.jar:?]
	at net.fabricmc.loader.impl.launch.knot.KnotClient.main(KnotClient.java:23) ~[fabric-loader-0.15.7.jar:?]
[03:49:50] [Render thread/ERROR]: Error saving option Brightness: DynamicException[Value 16.0 outside of range [0.0:1.0] Optional[16.0]]
[03:49:50] [Render thread/WARN]: Pack file/coffee totem declared support for versions [16, 22] but declared main format is 9, defaulting to 9
[03:49:50] [Render thread/INFO]: Reloading ResourceManager: vanilla, fabric, advanced-xray-fabric, appleskin, carpet, cloth-config, entityculling, essential, essential-container, essential-loader, fabric-api, fabric-api-base, fabric-api-lookup-api-v1, fabric-biome-api-v1, fabric-block-api-v1, fabric-block-view-api-v2, fabric-blockrenderlayer-v1, fabric-client-tags-api-v1, fabric-command-api-v1, fabric-command-api-v2, fabric-commands-v0, fabric-containers-v0, fabric-content-registries-v0, fabric-convention-tags-v1, fabric-crash-report-info-v1, fabric-data-attachment-api-v1, fabric-data-generation-api-v1, fabric-dimensions-v1, fabric-entity-events-v1, fabric-events-interaction-v0, fabric-events-lifecycle-v0, fabric-game-rule-api-v1, fabric-item-api-v1, fabric-item-group-api-v1, fabric-key-binding-api-v1, fabric-keybindings-v0, fabric-language-kotlin, fabric-lifecycle-events-v1, fabric-loot-api-v2, fabric-message-api-v1, fabric-mining-level-api-v1, fabric-model-loading-api-v1, fabric-models-v0, fabric-networking-api-v1, fabric-object-builder-api-v1, fabric-particles-v1, fabric-recipe-api-v1, fabric-registry-sync-v0, fabric-renderer-api-v1, fabric-renderer-indigo, fabric-renderer-registries-v1, fabric-rendering-data-attachment-v1, fabric-rendering-fluids-v1, fabric-rendering-v0, fabric-rendering-v1, fabric-resource-conditions-api-v1, fabric-resource-loader-v0, fabric-screen-api-v1, fabric-screen-handler-api-v1, fabric-sound-api-v1, fabric-transfer-api-v1, fabric-transitive-access-wideners-v1, fabricloader, litematica, lithium, logical_zoom, malilib, minihud, nvidium, sodium, tweakeroo, file/Spectral_v0.5.3.zip, file/VisibleAncientDebris.zip, file/Identifiable Powdered Snow Minecraft Modder, file/KonciPET UI 1.1 default hunger, file/axolotl totem, essential
[03:49:50] [Render thread/WARN]: Non [a-z0-9_.-] character in namespace .DS_Store in pack C:\Users\Miguel Leyesa\AppData\Roaming\.minecraft\resourcepacks\VisibleAncientDebris.zip, ignoring
[03:49:50] [Render thread/WARN]: Non [a-z0-9_.-] character in namespace .DS_Store in pack C:\Users\Miguel Leyesa\AppData\Roaming\.minecraft\resourcepacks\VisibleAncientDebris.zip, ignoring
[03:49:50] [Worker-Main-32/INFO]: Found unifont_all_no_pua-15.1.04.hex, loading
[03:49:50] [Worker-Main-25/WARN]: Invalid path in datapack: minecraft:textures/block/.DS_Store, ignoring
[03:49:51] [Worker-Main-28/WARN]: Exception loading blockstate definition: 'minecraft:blockstates/torch.json' in resourcepack: 'file/Spectral_v0.5.3.zip' for variant: 'normal': Unknown blockstate property: 'normal'
[03:49:52] [Render thread/WARN]: Missing sound for event: minecraft:item.goat_horn.play
[03:49:52] [Render thread/WARN]: Missing sound for event: minecraft:entity.goat.screaming.horn_break
[03:49:52] [Render thread/WARN]: Missing sound for event: minecraft:entity.generic.wind_burst
[03:49:52] [Render thread/INFO]: OpenAL initialized on device OpenAL Soft on Speakers (Razer Kraken Kitty Edition)
[03:49:52] [Render thread/INFO]: Sound engine started
[03:49:52] [Render thread/INFO]: Created: 1024x512x4 minecraft:textures/atlas/blocks.png-atlas
[03:49:52] [Render thread/INFO]: Created: 256x256x4 minecraft:textures/atlas/signs.png-atlas
[03:49:52] [Render thread/INFO]: Created: 512x512x4 minecraft:textures/atlas/banner_patterns.png-atlas
[03:49:52] [Render thread/INFO]: Created: 512x512x4 minecraft:textures/atlas/shield_patterns.png-atlas
[03:49:52] [Render thread/INFO]: Created: 1024x1024x4 minecraft:textures/atlas/armor_trims.png-atlas
[03:49:52] [Render thread/INFO]: Created: 256x256x4 minecraft:textures/atlas/chest.png-atlas
[03:49:52] [Render thread/INFO]: Created: 128x64x4 minecraft:textures/atlas/decorated_pot.png-atlas
[03:49:52] [Render thread/INFO]: Created: 512x256x4 minecraft:textures/atlas/shulker_boxes.png-atlas
[03:49:52] [Render thread/INFO]: Created: 512x256x4 minecraft:textures/atlas/beds.png-atlas
[03:49:52] [Render thread/WARN]: Shader rendertype_entity_translucent_emissive could not find sampler named Sampler2 in the specified shader program.
[03:49:52] [Render thread/INFO]: Created: 512x256x0 minecraft:textures/atlas/particles.png-atlas
[03:49:52] [Render thread/INFO]: Created: 512x256x0 minecraft:textures/atlas/paintings.png-atlas
[03:49:52] [Render thread/INFO]: Created: 128x128x0 minecraft:textures/atlas/mob_effects.png-atlas
[03:49:52] [Render thread/INFO]: Created: 1024x512x0 minecraft:textures/atlas/gui.png-atlas
[03:49:52] [Render thread/INFO]: Stopping worker threads
[03:49:52] [Render thread/INFO]: Started 6 worker threads
[03:49:54] [Render thread/ERROR]: Error saving option Brightness: DynamicException[Value 16.0 outside of range [0.0:1.0] Optional[16.0]]
[03:50:55] [Render thread/WARN]: Received passengers for unknown entity
[03:50:55] [Render thread/WARN]: Received passengers for unknown entity
[03:51:01] [Server thread/INFO]: Saving and pausing game...
[03:51:01] [Server thread/INFO]: Saving chunks for level 'ServerLevel[Epic survival world]'/minecraft:overworld
[03:51:01] [Server thread/INFO]: Saving chunks for level 'ServerLevel[Epic survival world]'/minecraft:the_end
[03:51:01] [Server thread/INFO]: Saving chunks for level 'ServerLevel[Epic survival world]'/minecraft:the_nether
[03:51:03] [Render thread/ERROR]: Error saving option Brightness: DynamicException[Value 16.0 outside of range [0.0:1.0] Optional[16.0]]
[03:51:03] [Render thread/WARN]: Pack file/coffee totem declared support for versions [16, 22] but declared main format is 9, defaulting to 9
[03:51:03] [Render thread/WARN]: Failed to load icon from pack file/Identifiable Powdered Snow Minecraft Modder
java.io.IOException: Bad PNG Signature
	at net.minecraft.class_8800.method_54945(class_8800.java:44) ~[client-intermediary.jar:?]
	at net.minecraft.class_1011.method_4303(class_1011.java:135) ~[client-intermediary.jar:?]
	at net.minecraft.class_1011.method_4310(class_1011.java:107) ~[client-intermediary.jar:?]
	at net.minecraft.class_1011.method_4309(class_1011.java:98) ~[client-intermediary.jar:?]
	at net.minecraft.class_5375.method_30289(class_5375.java:289) ~[client-intermediary.jar:?]
	at net.minecraft.class_5375.method_30288(class_5375.java:300) ~[client-intermediary.jar:?]
	at java.util.HashMap.computeIfAbsent(HashMap.java:1220) ~[?:?]
	at net.minecraft.class_5375.method_30287(class_5375.java:300) ~[client-intermediary.jar:?]
	at net.minecraft.class_5369$class_5372.method_30286(class_5369.java:126) ~[client-intermediary.jar:?]
	at net.minecraft.class_521$class_4271.method_25343(class_521.java:137) ~[client-intermediary.jar:?]
	at net.minecraft.class_350.method_44397(class_350.java:411) ~[client-intermediary.jar:?]
	at net.minecraft.class_350.method_25311(class_350.java:396) ~[client-intermediary.jar:?]
	at net.minecraft.class_350.method_48579(class_350.java:184) ~[client-intermediary.jar:?]
	at net.minecraft.class_339.method_25394(class_339.java:66) ~[client-intermediary.jar:?]
	at net.minecraft.class_437.method_25394(class_437.java:121) ~[client-intermediary.jar:?]
	at net.minecraft.class_5375.method_25394(class_5375.java:182) ~[client-intermediary.jar:?]
	at net.minecraft.class_437.method_47413(class_437.java:110) ~[client-intermediary.jar:?]
	at net.minecraft.class_757.mixinextras$bridge$method_47413$201(class_757.java) ~[client-intermediary.jar:?]
	at net.minecraft.class_757.wrapOperation$bfd000$fabric-screen-api-v1$onRenderScreen(class_757.java:2111) ~[client-intermediary.jar:?]
	at net.minecraft.class_757.method_3192(class_757.java:931) ~[client-intermediary.jar:?]
	at net.minecraft.class_310.method_1523(class_310.java:1327) ~[client-intermediary.jar:?]
	at net.minecraft.class_310.method_1514(class_310.java:888) ~[client-intermediary.jar:?]
	at net.minecraft.client.main.Main.main(Main.java:265) ~[fabric-loader-0.15.7-1.20.4.jar:?]
	at net.fabricmc.loader.impl.game.minecraft.MinecraftGameProvider.launch(MinecraftGameProvider.java:470) ~[fabric-loader-0.15.7.jar:?]
	at net.fabricmc.loader.impl.launch.knot.Knot.launch(Knot.java:74) ~[fabric-loader-0.15.7.jar:?]
	at net.fabricmc.loader.impl.launch.knot.KnotClient.main(KnotClient.java:23) ~[fabric-loader-0.15.7.jar:?]
[03:51:06] [Render thread/ERROR]: Error saving option Brightness: DynamicException[Value 16.0 outside of range [0.0:1.0] Optional[16.0]]
[03:51:06] [Render thread/WARN]: Pack file/coffee totem declared support for versions [16, 22] but declared main format is 9, defaulting to 9
[03:51:06] [Render thread/INFO]: Reloading ResourceManager: vanilla, fabric, advanced-xray-fabric, appleskin, carpet, cloth-config, entityculling, essential, essential-container, essential-loader, fabric-api, fabric-api-base, fabric-api-lookup-api-v1, fabric-biome-api-v1, fabric-block-api-v1, fabric-block-view-api-v2, fabric-blockrenderlayer-v1, fabric-client-tags-api-v1, fabric-command-api-v1, fabric-command-api-v2, fabric-commands-v0, fabric-containers-v0, fabric-content-registries-v0, fabric-convention-tags-v1, fabric-crash-report-info-v1, fabric-data-attachment-api-v1, fabric-data-generation-api-v1, fabric-dimensions-v1, fabric-entity-events-v1, fabric-events-interaction-v0, fabric-events-lifecycle-v0, fabric-game-rule-api-v1, fabric-item-api-v1, fabric-item-group-api-v1, fabric-key-binding-api-v1, fabric-keybindings-v0, fabric-language-kotlin, fabric-lifecycle-events-v1, fabric-loot-api-v2, fabric-message-api-v1, fabric-mining-level-api-v1, fabric-model-loading-api-v1, fabric-models-v0, fabric-networking-api-v1, fabric-object-builder-api-v1, fabric-particles-v1, fabric-recipe-api-v1, fabric-registry-sync-v0, fabric-renderer-api-v1, fabric-renderer-indigo, fabric-renderer-registries-v1, fabric-rendering-data-attachment-v1, fabric-rendering-fluids-v1, fabric-rendering-v0, fabric-rendering-v1, fabric-resource-conditions-api-v1, fabric-resource-loader-v0, fabric-screen-api-v1, fabric-screen-handler-api-v1, fabric-sound-api-v1, fabric-transfer-api-v1, fabric-transitive-access-wideners-v1, fabricloader, litematica, lithium, logical_zoom, malilib, minihud, nvidium, sodium, tweakeroo, file/VisibleAncientDebris.zip, file/Identifiable Powdered Snow Minecraft Modder, file/KonciPET UI 1.1 default hunger, file/axolotl totem, file/Spectral_v0.5.3.zip, essential
[03:51:06] [Render thread/WARN]: Non [a-z0-9_.-] character in namespace .DS_Store in pack C:\Users\Miguel Leyesa\AppData\Roaming\.minecraft\resourcepacks\VisibleAncientDebris.zip, ignoring
[03:51:06] [Render thread/WARN]: Non [a-z0-9_.-] character in namespace .DS_Store in pack C:\Users\Miguel Leyesa\AppData\Roaming\.minecraft\resourcepacks\VisibleAncientDebris.zip, ignoring
[03:51:06] [Worker-Main-1/INFO]: Found unifont_all_no_pua-15.1.04.hex, loading
[03:51:06] [Worker-Main-28/WARN]: Invalid path in datapack: minecraft:textures/block/.DS_Store, ignoring
[03:51:07] [Worker-Main-29/WARN]: Exception loading blockstate definition: 'minecraft:blockstates/torch.json' in resourcepack: 'file/Spectral_v0.5.3.zip' for variant: 'normal': Unknown blockstate property: 'normal'
[03:51:07] [Render thread/WARN]: Missing sound for event: minecraft:item.goat_horn.play
[03:51:07] [Render thread/WARN]: Missing sound for event: minecraft:entity.goat.screaming.horn_break
[03:51:07] [Render thread/WARN]: Missing sound for event: minecraft:entity.generic.wind_burst
[03:51:07] [Render thread/INFO]: OpenAL initialized on device OpenAL Soft on Speakers (Razer Kraken Kitty Edition)
[03:51:07] [Render thread/INFO]: Sound engine started
[03:51:08] [Render thread/INFO]: Created: 1024x512x4 minecraft:textures/atlas/blocks.png-atlas
[03:51:08] [Render thread/INFO]: Created: 256x256x4 minecraft:textures/atlas/signs.png-atlas
[03:51:08] [Render thread/INFO]: Created: 512x512x4 minecraft:textures/atlas/banner_patterns.png-atlas
[03:51:08] [Render thread/INFO]: Created: 512x512x4 minecraft:textures/atlas/shield_patterns.png-atlas
[03:51:08] [Render thread/INFO]: Created: 1024x1024x4 minecraft:textures/atlas/armor_trims.png-atlas
[03:51:08] [Render thread/INFO]: Created: 256x256x4 minecraft:textures/atlas/chest.png-atlas
[03:51:08] [Render thread/INFO]: Created: 128x64x4 minecraft:textures/atlas/decorated_pot.png-atlas
[03:51:08] [Render thread/INFO]: Created: 512x256x4 minecraft:textures/atlas/shulker_boxes.png-atlas
[03:51:08] [Render thread/INFO]: Created: 512x256x4 minecraft:textures/atlas/beds.png-atlas
[03:51:08] [Render thread/WARN]: Shader rendertype_entity_translucent_emissive could not find sampler named Sampler2 in the specified shader program.
[03:51:08] [Render thread/INFO]: Created: 512x256x0 minecraft:textures/atlas/particles.png-atlas
[03:51:08] [Render thread/INFO]: Created: 512x256x0 minecraft:textures/atlas/paintings.png-atlas
[03:51:08] [Render thread/INFO]: Created: 128x128x0 minecraft:textures/atlas/mob_effects.png-atlas
[03:51:08] [Render thread/INFO]: Created: 1024x512x0 minecraft:textures/atlas/gui.png-atlas
[03:51:08] [Render thread/INFO]: Stopping worker threads
[03:51:08] [Render thread/INFO]: Started 6 worker threads
[03:51:10] [Render thread/ERROR]: Error saving option Brightness: DynamicException[Value 16.0 outside of range [0.0:1.0] Optional[16.0]]
[03:51:21] [Render thread/WARN]: Received passengers for unknown entity
[03:52:39] [Render thread/WARN]: Received passengers for unknown entity
[03:52:51] [Render thread/INFO]: Stopping worker threads
[03:52:51] [Server thread/INFO]: Saving and pausing game...
[03:52:51] [Render thread/INFO]: Started 6 worker threads
[03:52:51] [Server thread/INFO]: Saving chunks for level 'ServerLevel[Epic survival world]'/minecraft:overworld
[03:52:51] [Server thread/INFO]: Saving chunks for level 'ServerLevel[Epic survival world]'/minecraft:the_end
[03:52:51] [Render thread/INFO]: Stopping worker threads
[03:52:51] [Server thread/INFO]: Saving chunks for level 'ServerLevel[Epic survival world]'/minecraft:the_nether
[03:52:51] [Render thread/INFO]: Started 6 worker threads
[03:54:12] [Server thread/INFO]: Saving and pausing game...
[03:54:13] [Server thread/INFO]: Saving chunks for level 'ServerLevel[Epic survival world]'/minecraft:overworld
[03:54:13] [Server thread/INFO]: Saving chunks for level 'ServerLevel[Epic survival world]'/minecraft:the_end
[03:54:13] [Server thread/INFO]: Saving chunks for level 'ServerLevel[Epic survival world]'/minecraft:the_nether
[03:54:14] [Render thread/ERROR]: Error saving option Brightness: DynamicException[Value 16.0 outside of range [0.0:1.0] Optional[16.0]]
[03:54:14] [Render thread/WARN]: Pack file/coffee totem declared support for versions [16, 22] but declared main format is 9, defaulting to 9
[03:54:14] [Render thread/WARN]: Failed to load icon from pack file/Identifiable Powdered Snow Minecraft Modder
java.io.IOException: Bad PNG Signature
	at net.minecraft.class_8800.method_54945(class_8800.java:44) ~[client-intermediary.jar:?]
	at net.minecraft.class_1011.method_4303(class_1011.java:135) ~[client-intermediary.jar:?]
	at net.minecraft.class_1011.method_4310(class_1011.java:107) ~[client-intermediary.jar:?]
	at net.minecraft.class_1011.method_4309(class_1011.java:98) ~[client-intermediary.jar:?]
	at net.minecraft.class_5375.method_30289(class_5375.java:289) ~[client-intermediary.jar:?]
	at net.minecraft.class_5375.method_30288(class_5375.java:300) ~[client-intermediary.jar:?]
	at java.util.HashMap.computeIfAbsent(HashMap.java:1220) ~[?:?]
	at net.minecraft.class_5375.method_30287(class_5375.java:300) ~[client-intermediary.jar:?]
	at net.minecraft.class_5369$class_5372.method_30286(class_5369.java:126) ~[client-intermediary.jar:?]
	at net.minecraft.class_521$class_4271.method_25343(class_521.java:137) ~[client-intermediary.jar:?]
	at net.minecraft.class_350.method_44397(class_350.java:411) ~[client-intermediary.jar:?]
	at net.minecraft.class_350.method_25311(class_350.java:396) ~[client-intermediary.jar:?]
	at net.minecraft.class_350.method_48579(class_350.java:184) ~[client-intermediary.jar:?]
	at net.minecraft.class_339.method_25394(class_339.java:66) ~[client-intermediary.jar:?]
	at net.minecraft.class_437.method_25394(class_437.java:121) ~[client-intermediary.jar:?]
	at net.minecraft.class_5375.method_25394(class_5375.java:182) ~[client-intermediary.jar:?]
	at net.minecraft.class_437.method_47413(class_437.java:110) ~[client-intermediary.jar:?]
	at net.minecraft.class_757.mixinextras$bridge$method_47413$201(class_757.java) ~[client-intermediary.jar:?]
	at net.minecraft.class_757.wrapOperation$bfd000$fabric-screen-api-v1$onRenderScreen(class_757.java:2111) ~[client-intermediary.jar:?]
	at net.minecraft.class_757.method_3192(class_757.java:931) ~[client-intermediary.jar:?]
	at net.minecraft.class_310.method_1523(class_310.java:1327) ~[client-intermediary.jar:?]
	at net.minecraft.class_310.method_1514(class_310.java:888) ~[client-intermediary.jar:?]
	at net.minecraft.client.main.Main.main(Main.java:265) ~[fabric-loader-0.15.7-1.20.4.jar:?]
	at net.fabricmc.loader.impl.game.minecraft.MinecraftGameProvider.launch(MinecraftGameProvider.java:470) ~[fabric-loader-0.15.7.jar:?]
	at net.fabricmc.loader.impl.launch.knot.Knot.launch(Knot.java:74) ~[fabric-loader-0.15.7.jar:?]
	at net.fabricmc.loader.impl.launch.knot.KnotClient.main(KnotClient.java:23) ~[fabric-loader-0.15.7.jar:?]
[03:54:20] [Render thread/ERROR]: Error saving option Brightness: DynamicException[Value 16.0 outside of range [0.0:1.0] Optional[16.0]]
[03:54:20] [Render thread/WARN]: Pack file/coffee totem declared support for versions [16, 22] but declared main format is 9, defaulting to 9
[03:54:20] [Render thread/INFO]: Reloading ResourceManager: vanilla, fabric, advanced-xray-fabric, appleskin, carpet, cloth-config, entityculling, essential, essential-container, essential-loader, fabric-api, fabric-api-base, fabric-api-lookup-api-v1, fabric-biome-api-v1, fabric-block-api-v1, fabric-block-view-api-v2, fabric-blockrenderlayer-v1, fabric-client-tags-api-v1, fabric-command-api-v1, fabric-command-api-v2, fabric-commands-v0, fabric-containers-v0, fabric-content-registries-v0, fabric-convention-tags-v1, fabric-crash-report-info-v1, fabric-data-attachment-api-v1, fabric-data-generation-api-v1, fabric-dimensions-v1, fabric-entity-events-v1, fabric-events-interaction-v0, fabric-events-lifecycle-v0, fabric-game-rule-api-v1, fabric-item-api-v1, fabric-item-group-api-v1, fabric-key-binding-api-v1, fabric-keybindings-v0, fabric-language-kotlin, fabric-lifecycle-events-v1, fabric-loot-api-v2, fabric-message-api-v1, fabric-mining-level-api-v1, fabric-model-loading-api-v1, fabric-models-v0, fabric-networking-api-v1, fabric-object-builder-api-v1, fabric-particles-v1, fabric-recipe-api-v1, fabric-registry-sync-v0, fabric-renderer-api-v1, fabric-renderer-indigo, fabric-renderer-registries-v1, fabric-rendering-data-attachment-v1, fabric-rendering-fluids-v1, fabric-rendering-v0, fabric-rendering-v1, fabric-resource-conditions-api-v1, fabric-resource-loader-v0, fabric-screen-api-v1, fabric-screen-handler-api-v1, fabric-sound-api-v1, fabric-transfer-api-v1, fabric-transitive-access-wideners-v1, fabricloader, litematica, lithium, logical_zoom, malilib, minihud, nvidium, sodium, tweakeroo, file/VisibleAncientDebris.zip, file/Identifiable Powdered Snow Minecraft Modder, file/KonciPET UI 1.1 default hunger, file/axolotl totem, essential
[03:54:20] [Render thread/WARN]: Non [a-z0-9_.-] character in namespace .DS_Store in pack C:\Users\Miguel Leyesa\AppData\Roaming\.minecraft\resourcepacks\VisibleAncientDebris.zip, ignoring
[03:54:20] [Render thread/WARN]: Non [a-z0-9_.-] character in namespace .DS_Store in pack C:\Users\Miguel Leyesa\AppData\Roaming\.minecraft\resourcepacks\VisibleAncientDebris.zip, ignoring
[03:54:20] [Worker-Main-27/INFO]: Found unifont_all_no_pua-15.1.04.hex, loading
[03:54:20] [Worker-Main-1/WARN]: Invalid path in datapack: minecraft:textures/block/.DS_Store, ignoring
[03:54:21] [Render thread/WARN]: Missing sound for event: minecraft:item.goat_horn.play
[03:54:21] [Render thread/WARN]: Missing sound for event: minecraft:entity.goat.screaming.horn_break
[03:54:21] [Render thread/WARN]: Missing sound for event: minecraft:entity.generic.wind_burst
[03:54:21] [Render thread/INFO]: OpenAL initialized on device OpenAL Soft on Speakers (Razer Kraken Kitty Edition)
[03:54:21] [Render thread/INFO]: Sound engine started
[03:54:21] [Render thread/INFO]: Created: 1024x512x4 minecraft:textures/atlas/blocks.png-atlas
[03:54:21] [Render thread/INFO]: Created: 256x256x4 minecraft:textures/atlas/signs.png-atlas
[03:54:21] [Render thread/INFO]: Created: 512x512x4 minecraft:textures/atlas/banner_patterns.png-atlas
[03:54:21] [Render thread/INFO]: Created: 512x512x4 minecraft:textures/atlas/shield_patterns.png-atlas
[03:54:21] [Render thread/INFO]: Created: 1024x1024x4 minecraft:textures/atlas/armor_trims.png-atlas
[03:54:21] [Render thread/INFO]: Created: 256x256x4 minecraft:textures/atlas/chest.png-atlas
[03:54:21] [Render thread/INFO]: Created: 128x64x4 minecraft:textures/atlas/decorated_pot.png-atlas
[03:54:21] [Render thread/INFO]: Created: 512x256x4 minecraft:textures/atlas/shulker_boxes.png-atlas
[03:54:21] [Render thread/INFO]: Created: 512x256x4 minecraft:textures/atlas/beds.png-atlas
[03:54:21] [Render thread/WARN]: Shader rendertype_entity_translucent_emissive could not find sampler named Sampler2 in the specified shader program.
[03:54:21] [Render thread/INFO]: Created: 512x256x0 minecraft:textures/atlas/particles.png-atlas
[03:54:21] [Render thread/INFO]: Created: 512x256x0 minecraft:textures/atlas/paintings.png-atlas
[03:54:21] [Render thread/INFO]: Created: 128x128x0 minecraft:textures/atlas/mob_effects.png-atlas
[03:54:21] [Render thread/INFO]: Created: 1024x512x0 minecraft:textures/atlas/gui.png-atlas
[03:54:21] [Render thread/INFO]: Stopping worker threads
[03:54:21] [Render thread/INFO]: Started 6 worker threads
[03:54:25] [Render thread/ERROR]: Error saving option Brightness: DynamicException[Value 16.0 outside of range [0.0:1.0] Optional[16.0]]
[03:55:35] [Render thread/INFO]: Stopping worker threads
[03:55:35] [Server thread/INFO]: Saving and pausing game...
[03:55:35] [Server thread/INFO]: Saving chunks for level 'ServerLevel[Epic survival world]'/minecraft:overworld
[03:55:35] [Render thread/INFO]: Started 6 worker threads
[03:55:35] [Server thread/INFO]: Saving chunks for level 'ServerLevel[Epic survival world]'/minecraft:the_end
[03:55:35] [Server thread/INFO]: Saving chunks for level 'ServerLevel[Epic survival world]'/minecraft:the_nether
[03:55:35] [Render thread/INFO]: Stopping worker threads
[03:55:35] [Render thread/INFO]: Started 6 worker threads
[03:56:03] [Render thread/INFO]: Stopping worker threads
[03:56:03] [Server thread/INFO]: Saving and pausing game...
[03:56:03] [Server thread/INFO]: Saving chunks for level 'ServerLevel[Epic survival world]'/minecraft:overworld
[03:56:03] [Server thread/INFO]: Saving chunks for level 'ServerLevel[Epic survival world]'/minecraft:the_end
[03:56:03] [Server thread/INFO]: Saving chunks for level 'ServerLevel[Epic survival world]'/minecraft:the_nether
[03:56:03] [Render thread/INFO]: Started 6 worker threads
[03:56:03] [Render thread/INFO]: Stopping worker threads
[03:56:03] [Render thread/INFO]: Started 6 worker threads
[03:56:06] [Render thread/INFO]: Stopping worker threads
[03:56:06] [Server thread/INFO]: Saving and pausing game...
[03:56:06] [Render thread/INFO]: Started 6 worker threads
[03:56:06] [Server thread/INFO]: Saving chunks for level 'ServerLevel[Epic survival world]'/minecraft:overworld
[03:56:06] [Render thread/INFO]: Stopping worker threads
[03:56:06] [Render thread/INFO]: Started 6 worker threads
[03:56:06] [Server thread/INFO]: Saving chunks for level 'ServerLevel[Epic survival world]'/minecraft:the_end
[03:56:06] [Server thread/INFO]: Saving chunks for level 'ServerLevel[Epic survival world]'/minecraft:the_nether
[03:59:44] [WebSocketConnectReadThread-878/WARN]: Connection closed unexpectedly (CloseInfo(code=1006, reason=, remote=true, outdated=false)) after 5h 27m 44.361744300s
[03:59:44] [Render thread/INFO]: Authenticating to Mojang as 16thGarden (dc0548c7-2c22-450e-91f5-2a17cfde2a12)
[03:59:44] [DefaultDispatcher-worker-8/INFO]: Connecting to Essential Connection Manager...
[03:59:47] [WebSocketConnectReadThread-1354/INFO]: Connected to Essential Connection Manager.
[03:59:56] [Render thread/INFO]: Stopping worker threads
[03:59:56] [Render thread/INFO]: Started 6 worker threads
[03:59:56] [Server thread/INFO]: Saving and pausing game...
[03:59:56] [Render thread/INFO]: Stopping worker threads
[03:59:56] [Server thread/INFO]: Saving chunks for level 'ServerLevel[Epic survival world]'/minecraft:overworld
[03:59:56] [Server thread/INFO]: Saving chunks for level 'ServerLevel[Epic survival world]'/minecraft:the_end
[03:59:56] [Server thread/INFO]: Saving chunks for level 'ServerLevel[Epic survival world]'/minecraft:the_nether
[03:59:56] [Render thread/INFO]: Started 6 worker threads
[04:00:51] [Render thread/INFO]: Stopping worker threads
[04:00:51] [Server thread/INFO]: Saving and pausing game...
[04:00:51] [Server thread/INFO]: Saving chunks for level 'ServerLevel[Epic survival world]'/minecraft:overworld
[04:00:51] [Render thread/INFO]: Started 6 worker threads
[04:00:51] [Server thread/INFO]: Saving chunks for level 'ServerLevel[Epic survival world]'/minecraft:the_end
[04:00:51] [Server thread/INFO]: Saving chunks for level 'ServerLevel[Epic survival world]'/minecraft:the_nether
[04:00:51] [Render thread/INFO]: Stopping worker threads
[04:00:51] [Render thread/INFO]: Started 6 worker threads
[04:01:04] [Render thread/INFO]: Stopping worker threads
[04:01:04] [Server thread/INFO]: Saving and pausing game...
[04:01:04] [Render thread/INFO]: Started 6 worker threads
[04:01:04] [Server thread/INFO]: Saving chunks for level 'ServerLevel[Epic survival world]'/minecraft:overworld
[04:01:04] [Server thread/INFO]: Saving chunks for level 'ServerLevel[Epic survival world]'/minecraft:the_end
[04:01:04] [Server thread/INFO]: Saving chunks for level 'ServerLevel[Epic survival world]'/minecraft:the_nether
[04:01:04] [Render thread/INFO]: Stopping worker threads
[04:01:04] [Render thread/INFO]: Started 6 worker threads
[04:01:04] [Render thread/WARN]: Received passengers for unknown entity
[04:01:04] [Render thread/WARN]: Received passengers for unknown entity
[04:01:04] [Render thread/WARN]: Received passengers for unknown entity
[04:01:04] [Render thread/WARN]: Received passengers for unknown entity
[04:01:04] [Render thread/WARN]: Received passengers for unknown entity
[04:01:04] [Render thread/WARN]: Received passengers for unknown entity
[04:01:04] [Render thread/WARN]: Received passengers for unknown entity
[04:01:04] [Render thread/WARN]: Received passengers for unknown entity
[04:01:04] [Render thread/WARN]: Received passengers for unknown entity
[04:01:04] [Render thread/WARN]: Received passengers for unknown entity
[04:01:04] [Render thread/WARN]: Received passengers for unknown entity
[04:01:04] [Render thread/WARN]: Received passengers for unknown entity
[04:01:04] [Render thread/WARN]: Received passengers for unknown entity
[04:01:04] [Render thread/WARN]: Received passengers for unknown entity
[04:01:04] [Render thread/WARN]: Received passengers for unknown entity
[04:01:04] [Render thread/WARN]: Received passengers for unknown entity
[04:01:21] [Render thread/INFO]: Stopping worker threads
[04:01:21] [Server thread/INFO]: Saving and pausing game...
[04:01:21] [Render thread/INFO]: Started 6 worker threads
[04:01:21] [Server thread/INFO]: Saving chunks for level 'ServerLevel[Epic survival world]'/minecraft:overworld
[04:01:21] [Server thread/INFO]: Saving chunks for level 'ServerLevel[Epic survival world]'/minecraft:the_end
[04:01:21] [Render thread/INFO]: Stopping worker threads
[04:01:21] [Server thread/INFO]: Saving chunks for level 'ServerLevel[Epic survival world]'/minecraft:the_nether
[04:01:22] [Render thread/INFO]: Started 6 worker threads
[04:01:43] [Render thread/INFO]: Stopping worker threads
[04:01:43] [Server thread/INFO]: Saving and pausing game...
[04:01:43] [Server thread/INFO]: Saving chunks for level 'ServerLevel[Epic survival world]'/minecraft:overworld
[04:01:43] [Render thread/INFO]: Started 6 worker threads
[04:01:43] [Server thread/INFO]: Saving chunks for level 'ServerLevel[Epic survival world]'/minecraft:the_end
[04:01:43] [Server thread/INFO]: Saving chunks for level 'ServerLevel[Epic survival world]'/minecraft:the_nether
[04:01:43] [Render thread/INFO]: Stopping worker threads
[04:01:43] [Render thread/INFO]: Started 6 worker threads
[04:01:58] [Render thread/INFO]: Stopping worker threads
[04:01:58] [Server thread/INFO]: Saving and pausing game...
[04:01:58] [Render thread/INFO]: Started 6 worker threads
[04:01:58] [Server thread/INFO]: Saving chunks for level 'ServerLevel[Epic survival world]'/minecraft:overworld
[04:01:58] [Server thread/INFO]: Saving chunks for level 'ServerLevel[Epic survival world]'/minecraft:the_end
[04:01:58] [Render thread/INFO]: Stopping worker threads
[04:01:58] [Server thread/INFO]: Saving chunks for level 'ServerLevel[Epic survival world]'/minecraft:the_nether
[04:01:58] [Render thread/INFO]: Started 6 worker threads
[04:02:13] [WebSocketConnectReadThread-1354/WARN]: Connection closed unexpectedly (CloseInfo(code=1006, reason=, remote=true, outdated=false)) after 2m 25.441900300s
[04:02:13] [Render thread/INFO]: Authenticating to Mojang as 16thGarden (dc0548c7-2c22-450e-91f5-2a17cfde2a12)
[04:02:13] [DefaultDispatcher-worker-6/INFO]: Connecting to Essential Connection Manager...
[04:02:13] [WebSocketConnectReadThread-1471/INFO]: Connected to Essential Connection Manager.
[04:02:15] [Render thread/INFO]: Stopping worker threads
[04:02:15] [Server thread/INFO]: Saving and pausing game...
[04:02:15] [Render thread/INFO]: Started 6 worker threads
[04:02:15] [Server thread/INFO]: Saving chunks for level 'ServerLevel[Epic survival world]'/minecraft:overworld
[04:02:15] [Render thread/INFO]: Stopping worker threads
[04:02:15] [Server thread/INFO]: Saving chunks for level 'ServerLevel[Epic survival world]'/minecraft:the_end
[04:02:15] [Server thread/INFO]: Saving chunks for level 'ServerLevel[Epic survival world]'/minecraft:the_nether
[04:02:15] [Render thread/INFO]: Started 6 worker threads
[04:02:48] [Server thread/INFO]: Saving and pausing game...
[04:02:48] [Render thread/INFO]: Stopping worker threads
[04:02:48] [Server thread/INFO]: Saving chunks for level 'ServerLevel[Epic survival world]'/minecraft:overworld
[04:02:48] [Render thread/INFO]: Started 6 worker threads
[04:02:48] [Server thread/INFO]: Saving chunks for level 'ServerLevel[Epic survival world]'/minecraft:the_end
[04:02:48] [Server thread/INFO]: Saving chunks for level 'ServerLevel[Epic survival world]'/minecraft:the_nether
[04:02:48] [Render thread/INFO]: Stopping worker threads
[04:02:48] [Render thread/INFO]: Started 6 worker threads
[04:06:56] [Server thread/INFO]: Saving and pausing game...
[04:06:56] [Server thread/INFO]: Saving chunks for level 'ServerLevel[Epic survival world]'/minecraft:overworld
[04:06:56] [Server thread/INFO]: Saving chunks for level 'ServerLevel[Epic survival world]'/minecraft:the_end
[04:06:56] [Server thread/INFO]: Saving chunks for level 'ServerLevel[Epic survival world]'/minecraft:the_nether
[04:06:57] [Server thread/INFO]: Saving and pausing game...
[04:06:57] [Server thread/INFO]: Saving chunks for level 'ServerLevel[Epic survival world]'/minecraft:overworld
[04:06:57] [Server thread/INFO]: Saving chunks for level 'ServerLevel[Epic survival world]'/minecraft:the_end
[04:06:57] [Server thread/INFO]: Saving chunks for level 'ServerLevel[Epic survival world]'/minecraft:the_nether
[04:06:59] [Render thread/ERROR]: Error saving option Brightness: DynamicException[Value 16.0 outside of range [0.0:1.0] Optional[16.0]]
[04:06:59] [Render thread/ERROR]: Error saving option Brightness: DynamicException[Value 16.0 outside of range [0.0:1.0] Optional[16.0]]
[04:06:59] [Render thread/ERROR]: Error saving option Brightness: DynamicException[Value 16.0 outside of range [0.0:1.0] Optional[16.0]]
[04:06:59] [Render thread/ERROR]: Error saving option Brightness: DynamicException[Value 16.0 outside of range [0.0:1.0] Optional[16.0]]
[04:06:59] [Render thread/ERROR]: Error saving option Brightness: DynamicException[Value 16.0 outside of range [0.0:1.0] Optional[16.0]]
[04:06:59] [Render thread/ERROR]: Error saving option Brightness: DynamicException[Value 16.0 outside of range [0.0:1.0] Optional[16.0]]
[04:06:59] [Render thread/ERROR]: Error saving option Brightness: DynamicException[Value 16.0 outside of range [0.0:1.0] Optional[16.0]]
[04:06:59] [Render thread/ERROR]: Error saving option Brightness: DynamicException[Value 16.0 outside of range [0.0:1.0] Optional[16.0]]
[04:06:59] [Render thread/ERROR]: Error saving option Brightness: DynamicException[Value 16.0 outside of range [0.0:1.0] Optional[16.0]]
[04:06:59] [Render thread/ERROR]: Error saving option Brightness: DynamicException[Value 16.0 outside of range [0.0:1.0] Optional[16.0]]
[04:06:59] [Render thread/ERROR]: Error saving option Brightness: DynamicException[Value 16.0 outside of range [0.0:1.0] Optional[16.0]]
[04:06:59] [Render thread/ERROR]: Error saving option Brightness: DynamicException[Value 16.0 outside of range [0.0:1.0] Optional[16.0]]
[04:06:59] [Render thread/ERROR]: Error saving option Brightness: DynamicException[Value 16.0 outside of range [0.0:1.0] Optional[16.0]]
[04:06:59] [Render thread/ERROR]: Error saving option Brightness: DynamicException[Value 16.0 outside of range [0.0:1.0] Optional[16.0]]
[04:06:59] [Render thread/ERROR]: Error saving option Brightness: DynamicException[Value 16.0 outside of range [0.0:1.0] Optional[16.0]]
[04:06:59] [Render thread/ERROR]: Error saving option Brightness: DynamicException[Value 16.0 outside of range [0.0:1.0] Optional[16.0]]
[04:06:59] [Render thread/ERROR]: Error saving option Brightness: DynamicException[Value 16.0 outside of range [0.0:1.0] Optional[16.0]]
[04:06:59] [Render thread/ERROR]: Error saving option Brightness: DynamicException[Value 16.0 outside of range [0.0:1.0] Optional[16.0]]
[04:06:59] [Render thread/ERROR]: Error saving option Brightness: DynamicException[Value 16.0 outside of range [0.0:1.0] Optional[16.0]]
[04:06:59] [Render thread/ERROR]: Error saving option Brightness: DynamicException[Value 16.0 outside of range [0.0:1.0] Optional[16.0]]
[04:06:59] [Render thread/ERROR]: Error saving option Brightness: DynamicException[Value 16.0 outside of range [0.0:1.0] Optional[16.0]]
[04:06:59] [Render thread/ERROR]: Error saving option Brightness: DynamicException[Value 16.0 outside of range [0.0:1.0] Optional[16.0]]
[04:06:59] [Render thread/ERROR]: Error saving option Brightness: DynamicException[Value 16.0 outside of range [0.0:1.0] Optional[16.0]]
[04:06:59] [Render thread/ERROR]: Error saving option Brightness: DynamicException[Value 16.0 outside of range [0.0:1.0] Optional[16.0]]
[04:06:59] [Render thread/ERROR]: Error saving option Brightness: DynamicException[Value 16.0 outside of range [0.0:1.0] Optional[16.0]]
[04:06:59] [Render thread/ERROR]: Error saving option Brightness: DynamicException[Value 16.0 outside of range [0.0:1.0] Optional[16.0]]
[04:06:59] [Render thread/ERROR]: Error saving option Brightness: DynamicException[Value 16.0 outside of range [0.0:1.0] Optional[16.0]]
[04:06:59] [Render thread/ERROR]: Error saving option Brightness: DynamicException[Value 16.0 outside of range [0.0:1.0] Optional[16.0]]
[04:06:59] [Render thread/ERROR]: Error saving option Brightness: DynamicException[Value 16.0 outside of range [0.0:1.0] Optional[16.0]]
[04:06:59] [Render thread/ERROR]: Error saving option Brightness: DynamicException[Value 16.0 outside of range [0.0:1.0] Optional[16.0]]
[04:06:59] [Render thread/ERROR]: Error saving option Brightness: DynamicException[Value 16.0 outside of range [0.0:1.0] Optional[16.0]]
[04:06:59] [Render thread/ERROR]: Error saving option Brightness: DynamicException[Value 16.0 outside of range [0.0:1.0] Optional[16.0]]
[04:06:59] [Render thread/ERROR]: Error saving option Brightness: DynamicException[Value 16.0 outside of range [0.0:1.0] Optional[16.0]]
[04:06:59] [Render thread/ERROR]: Error saving option Brightness: DynamicException[Value 16.0 outside of range [0.0:1.0] Optional[16.0]]
[04:06:59] [Render thread/ERROR]: Error saving option Brightness: DynamicException[Value 16.0 outside of range [0.0:1.0] Optional[16.0]]
[04:06:59] [Render thread/ERROR]: Error saving option Brightness: DynamicException[Value 16.0 outside of range [0.0:1.0] Optional[16.0]]
[04:06:59] [Render thread/ERROR]: Error saving option Brightness: DynamicException[Value 16.0 outside of range [0.0:1.0] Optional[16.0]]
[04:06:59] [Render thread/ERROR]: Error saving option Brightness: DynamicException[Value 16.0 outside of range [0.0:1.0] Optional[16.0]]
[04:06:59] [Render thread/ERROR]: Error saving option Brightness: DynamicException[Value 16.0 outside of range [0.0:1.0] Optional[16.0]]
[04:13:59] [Render thread/WARN]: Received passengers for unknown entity
[04:14:18] [Render thread/INFO]: Stopping worker threads
[04:14:18] [Render thread/INFO]: Started 6 worker threads
[04:14:18] [Server thread/INFO]: Saving and pausing game...
[04:14:18] [Render thread/INFO]: Stopping worker threads
[04:14:18] [Server thread/INFO]: Saving chunks for level 'ServerLevel[Epic survival world]'/minecraft:overworld
[04:14:18] [Render thread/INFO]: Started 6 worker threads
[04:14:18] [Server thread/INFO]: Saving chunks for level 'ServerLevel[Epic survival world]'/minecraft:the_end
[04:14:18] [Server thread/INFO]: Saving chunks for level 'ServerLevel[Epic survival world]'/minecraft:the_nether
[04:14:18] [Render thread/WARN]: Received passengers for unknown entity
[04:14:18] [Render thread/WARN]: Received passengers for unknown entity
[04:14:18] [Render thread/WARN]: Received passengers for unknown entity
[04:14:18] [Render thread/WARN]: Received passengers for unknown entity
[04:14:18] [Render thread/WARN]: Received passengers for unknown entity
[04:14:18] [Render thread/WARN]: Received passengers for unknown entity
[04:14:18] [Render thread/WARN]: Received passengers for unknown entity
[04:14:18] [Render thread/WARN]: Received passengers for unknown entity
[04:14:18] [Render thread/WARN]: Received passengers for unknown entity
[04:14:18] [Render thread/WARN]: Received passengers for unknown entity
[04:14:18] [Render thread/WARN]: Received passengers for unknown entity
[04:14:18] [Render thread/WARN]: Received passengers for unknown entity
[04:14:18] [Render thread/WARN]: Received passengers for unknown entity
[04:14:18] [Render thread/WARN]: Received passengers for unknown entity
[04:14:18] [Render thread/WARN]: Received passengers for unknown entity
[04:14:18] [Render thread/WARN]: Received passengers for unknown entity
[04:14:18] [Render thread/WARN]: Received passengers for unknown entity
[04:14:18] [Render thread/WARN]: Received passengers for unknown entity
[04:14:18] [Render thread/WARN]: Received passengers for unknown entity
[04:14:18] [Render thread/WARN]: Received passengers for unknown entity
[04:14:52] [Render thread/INFO]: Stopping worker threads
[04:14:52] [Server thread/INFO]: Saving and pausing game...
[04:14:52] [Server thread/INFO]: Saving chunks for level 'ServerLevel[Epic survival world]'/minecraft:overworld
[04:14:52] [Render thread/INFO]: Started 6 worker threads
[04:14:52] [Server thread/INFO]: Saving chunks for level 'ServerLevel[Epic survival world]'/minecraft:the_end
[04:14:52] [Server thread/INFO]: Saving chunks for level 'ServerLevel[Epic survival world]'/minecraft:the_nether
[04:14:52] [Render thread/INFO]: Stopping worker threads
[04:14:52] [Render thread/INFO]: Started 6 worker threads
[04:15:22] [Render thread/INFO]: Stopping worker threads
[04:15:22] [Server thread/INFO]: Saving and pausing game...
[04:15:22] [Server thread/INFO]: Saving chunks for level 'ServerLevel[Epic survival world]'/minecraft:overworld
[04:15:22] [Render thread/INFO]: Started 6 worker threads
[04:15:22] [Server thread/INFO]: Saving chunks for level 'ServerLevel[Epic survival world]'/minecraft:the_end
[04:15:22] [Server thread/INFO]: Saving chunks for level 'ServerLevel[Epic survival world]'/minecraft:the_nether
[04:15:22] [Render thread/INFO]: Stopping worker threads
[04:15:22] [Render thread/INFO]: Started 6 worker threads
[04:15:31] [Render thread/WARN]: Unable to play empty soundEvent: minecraft:entity.cod.ambient
[04:15:42] [Render thread/INFO]: Stopping worker threads
[04:15:42] [Server thread/INFO]: Saving and pausing game...
[04:15:42] [Server thread/INFO]: Saving chunks for level 'ServerLevel[Epic survival world]'/minecraft:overworld
[04:15:42] [Render thread/INFO]: Started 6 worker threads
[04:15:42] [Server thread/INFO]: Saving chunks for level 'ServerLevel[Epic survival world]'/minecraft:the_end
[04:15:42] [Server thread/INFO]: Saving chunks for level 'ServerLevel[Epic survival world]'/minecraft:the_nether
[04:15:42] [Render thread/INFO]: Stopping worker threads
[04:15:42] [Render thread/INFO]: Started 6 worker threads
[04:18:33] [Render thread/WARN]: Received passengers for unknown entity
[04:18:44] [Render thread/INFO]: Stopping worker threads
[04:18:44] [Server thread/INFO]: Saving and pausing game...
[04:18:44] [Render thread/INFO]: Started 6 worker threads
[04:18:44] [Server thread/INFO]: Saving chunks for level 'ServerLevel[Epic survival world]'/minecraft:overworld
[04:18:44] [Render thread/INFO]: Stopping worker threads
[04:18:44] [Server thread/INFO]: Saving chunks for level 'ServerLevel[Epic survival world]'/minecraft:the_end
[04:18:44] [Server thread/INFO]: Saving chunks for level 'ServerLevel[Epic survival world]'/minecraft:the_nether
[04:18:44] [Render thread/INFO]: Started 6 worker threads
[04:19:25] [Render thread/INFO]: Stopping worker threads
[04:19:25] [Server thread/INFO]: Saving and pausing game...
[04:19:25] [Render thread/INFO]: Started 6 worker threads
[04:19:25] [Server thread/INFO]: Saving chunks for level 'ServerLevel[Epic survival world]'/minecraft:overworld
[04:19:25] [Server thread/INFO]: Saving chunks for level 'ServerLevel[Epic survival world]'/minecraft:the_end
[04:19:25] [Server thread/INFO]: Saving chunks for level 'ServerLevel[Epic survival world]'/minecraft:the_nether
[04:19:25] [Render thread/INFO]: Stopping worker threads
[04:19:25] [Render thread/INFO]: Started 6 worker threads
[04:20:40] [Render thread/WARN]: Received passengers for unknown entity
[04:21:01] [Render thread/INFO]: Stopping worker threads
[04:21:01] [Server thread/INFO]: Saving and pausing game...
[04:21:01] [Server thread/INFO]: Saving chunks for level 'ServerLevel[Epic survival world]'/minecraft:overworld
[04:21:01] [Render thread/INFO]: Started 6 worker threads
[04:21:01] [Server thread/INFO]: Saving chunks for level 'ServerLevel[Epic survival world]'/minecraft:the_end
[04:21:01] [Server thread/INFO]: Saving chunks for level 'ServerLevel[Epic survival world]'/minecraft:the_nether
[04:21:01] [Render thread/INFO]: Stopping worker threads
[04:21:02] [Render thread/INFO]: Started 6 worker threads
[04:21:02] [Render thread/WARN]: Received passengers for unknown entity
[04:21:02] [Render thread/WARN]: Received passengers for unknown entity
[04:21:02] [Render thread/WARN]: Received passengers for unknown entity
[04:21:02] [Render thread/WARN]: Received passengers for unknown entity
[04:21:02] [Render thread/WARN]: Received passengers for unknown entity
[04:21:02] [Render thread/WARN]: Received passengers for unknown entity
[04:21:02] [Render thread/WARN]: Received passengers for unknown entity
[04:21:02] [Render thread/WARN]: Received passengers for unknown entity
[04:21:02] [Render thread/WARN]: Received passengers for unknown entity
[04:21:02] [Render thread/WARN]: Received passengers for unknown entity
[04:21:02] [Render thread/WARN]: Received passengers for unknown entity
[04:21:02] [Render thread/WARN]: Received passengers for unknown entity
[04:21:02] [Render thread/WARN]: Received passengers for unknown entity
[04:21:02] [Render thread/WARN]: Received passengers for unknown entity
[04:21:02] [Render thread/WARN]: Received passengers for unknown entity
[04:21:02] [Render thread/WARN]: Received passengers for unknown entity
[04:21:02] [Render thread/WARN]: Received passengers for unknown entity
[04:21:02] [Render thread/WARN]: Received passengers for unknown entity
[04:21:02] [Render thread/WARN]: Received passengers for unknown entity
[04:21:02] [Render thread/WARN]: Received passengers for unknown entity
[04:21:37] [Render thread/INFO]: Stopping worker threads
[04:21:37] [Server thread/INFO]: Saving and pausing game...
[04:21:37] [Server thread/INFO]: Saving chunks for level 'ServerLevel[Epic survival world]'/minecraft:overworld
[04:21:37] [Render thread/INFO]: Started 6 worker threads
[04:21:37] [Server thread/INFO]: Saving chunks for level 'ServerLevel[Epic survival world]'/minecraft:the_end
[04:21:37] [Server thread/INFO]: Saving chunks for level 'ServerLevel[Epic survival world]'/minecraft:the_nether
[04:21:37] [Render thread/INFO]: Stopping worker threads
[04:21:37] [Render thread/INFO]: Started 6 worker threads
[04:23:13] [Render thread/WARN]: Received passengers for unknown entity
[04:28:35] [WebSocketConnectReadThread-1471/WARN]: Connection closed unexpectedly (CloseInfo(code=1006, reason=, remote=true, outdated=false)) after 26m 21.212812400s
[04:28:35] [Render thread/INFO]: Authenticating to Mojang as 16thGarden (dc0548c7-2c22-450e-91f5-2a17cfde2a12)
[04:28:35] [DefaultDispatcher-worker-11/INFO]: Connecting to Essential Connection Manager...
[04:28:38] [WebSocketConnectReadThread-1655/INFO]: Connected to Essential Connection Manager.
[04:31:00] [Render thread/WARN]: Received passengers for unknown entity
[04:31:13] [Render thread/INFO]: Stopping worker threads
[04:31:13] [Render thread/INFO]: Started 6 worker threads
[04:31:13] [Server thread/INFO]: Saving and pausing game...
[04:31:13] [Render thread/INFO]: Stopping worker threads
[04:31:13] [Server thread/INFO]: Saving chunks for level 'ServerLevel[Epic survival world]'/minecraft:overworld
[04:31:13] [Server thread/INFO]: Saving chunks for level 'ServerLevel[Epic survival world]'/minecraft:the_end
[04:31:13] [Server thread/INFO]: Saving chunks for level 'ServerLevel[Epic survival world]'/minecraft:the_nether
[04:31:13] [Render thread/INFO]: Started 6 worker threads
[04:31:43] [Render thread/INFO]: Stopping worker threads
[04:31:43] [Server thread/INFO]: Saving and pausing game...
[04:31:43] [Server thread/INFO]: Saving chunks for level 'ServerLevel[Epic survival world]'/minecraft:overworld
[04:31:43] [Render thread/INFO]: Started 6 worker threads
[04:31:43] [Server thread/INFO]: Saving chunks for level 'ServerLevel[Epic survival world]'/minecraft:the_end
[04:31:43] [Server thread/INFO]: Saving chunks for level 'ServerLevel[Epic survival world]'/minecraft:the_nether
[04:31:43] [Render thread/INFO]: Stopping worker threads
[04:31:43] [Render thread/INFO]: Started 6 worker threads
[04:33:27] [Render thread/WARN]: Received passengers for unknown entity
[04:33:52] [Render thread/INFO]: Stopping worker threads
[04:33:52] [Server thread/INFO]: Saving and pausing game...
[04:33:52] [Render thread/INFO]: Started 6 worker threads
[04:33:52] [Server thread/INFO]: Saving chunks for level 'ServerLevel[Epic survival world]'/minecraft:overworld
[04:33:52] [Server thread/INFO]: Saving chunks for level 'ServerLevel[Epic survival world]'/minecraft:the_end
[04:33:52] [Server thread/INFO]: Saving chunks for level 'ServerLevel[Epic survival world]'/minecraft:the_nether
[04:33:52] [Render thread/INFO]: Stopping worker threads
[04:33:52] [Render thread/INFO]: Started 6 worker threads
[04:34:09] [Render thread/WARN]: Unable to play empty soundEvent: minecraft:entity.puffer_fish.ambient
[04:46:33] [Server thread/INFO]: Saving and pausing game...
[04:46:33] [Server thread/INFO]: Saving chunks for level 'ServerLevel[Epic survival world]'/minecraft:overworld
[04:46:33] [Server thread/INFO]: Saving chunks for level 'ServerLevel[Epic survival world]'/minecraft:the_end
[04:46:33] [Server thread/INFO]: Saving chunks for level 'ServerLevel[Epic survival world]'/minecraft:the_nether
[04:46:33] [Server thread/INFO]: 16thGarden lost connection: Disconnected
[04:46:33] [Server thread/INFO]: 16thGarden left the game
[04:46:33] [Server thread/INFO]: Stopping singleplayer server as player logged out
[04:46:33] [Server thread/INFO]: Stopping server
[04:46:33] [Server thread/INFO]: Saving players
[04:46:33] [Server thread/INFO]: Saving worlds
[04:46:34] [Server thread/INFO]: Saving chunks for level 'ServerLevel[Epic survival world]'/minecraft:overworld
[04:46:34] [Server thread/INFO]: Saving chunks for level 'ServerLevel[Epic survival world]'/minecraft:the_end
[04:46:34] [Server thread/INFO]: Saving chunks for level 'ServerLevel[Epic survival world]'/minecraft:the_nether
[04:46:34] [Server thread/INFO]: ThreadedAnvilChunkStorage (Epic survival world): All chunks are saved
[04:46:34] [Server thread/INFO]: ThreadedAnvilChunkStorage (DIM1): All chunks are saved
[04:46:34] [Server thread/INFO]: ThreadedAnvilChunkStorage (DIM-1): All chunks are saved
[04:46:34] [Server thread/INFO]: ThreadedAnvilChunkStorage: All dimensions are saved
[04:46:34] [Render thread/INFO]: Stopping worker threads
[04:46:40] [Render thread/INFO]: Stopping!
[04:46:40] [CullThread/INFO]: [STDOUT]: Shutting down culling task!
