[18:11:40] [main/INFO]: Loading Minecraft 1.20.4 with Fabric Loader 0.15.7
[18:11:41] [main/INFO]: Loading 70 mods:
	- advanced-xray-fabric 84.0.0
	- appleskin 2.5.1+mc1.20.3
	   \-- cloth-config 13.0.114
	        \-- cloth-basic-math 0.6.1
	- carpet 1.4.128+v231205
	- entityculling 1.6.3.1
	- essential-container 1.0.0
	   \-- essential-loader 1.2.1
	- fabric-api 0.96.4+1.20.4
	   |-- fabric-api-base 0.4.36+78d798af4f
	   |-- fabric-api-lookup-api-v1 1.6.49+82b1bb3e4f
	   |-- fabric-biome-api-v1 13.0.16+78d798af4f
	   |-- fabric-block-api-v1 1.0.16+3e2216cb4f
	   |-- fabric-block-view-api-v2 1.0.4+78d798af4f
	   |-- fabric-blockrenderlayer-v1 1.1.46+78d798af4f
	   |-- fabric-client-tags-api-v1 1.1.7+78d798af4f
	   |-- fabric-command-api-v1 1.2.41+f71b366f4f
	   |-- fabric-command-api-v2 2.2.20+78d798af4f
	   |-- fabric-commands-v0 0.2.58+df3654b34f
	   |-- fabric-containers-v0 0.1.86+df3654b34f
	   |-- fabric-content-registries-v0 5.0.14+78d798af4f
	   |-- fabric-convention-tags-v1 1.5.10+78d798af4f
	   |-- fabric-crash-report-info-v1 0.2.23+78d798af4f
	   |-- fabric-data-attachment-api-v1 1.1.3+b90db5744f
	   |-- fabric-data-generation-api-v1 13.2.3+5c0133444f
	   |-- fabric-dimensions-v1 2.1.61+78d798af4f
	   |-- fabric-entity-events-v1 1.6.1+09fc25014f
	   |-- fabric-events-interaction-v0 0.7.1+389931eb4f
	   |-- fabric-events-lifecycle-v0 0.2.74+df3654b34f
	   |-- fabric-game-rule-api-v1 1.0.46+78d798af4f
	   |-- fabric-item-api-v1 2.2.0+d6f2b0844f
	   |-- fabric-item-group-api-v1 4.0.25+58f8c0124f
	   |-- fabric-key-binding-api-v1 1.0.41+78d798af4f
	   |-- fabric-keybindings-v0 0.2.39+df3654b34f
	   |-- fabric-lifecycle-events-v1 2.3.0+a67ffb5d4f
	   |-- fabric-loot-api-v2 2.1.8+78d798af4f
	   |-- fabric-message-api-v1 6.0.5+78d798af4f
	   |-- fabric-mining-level-api-v1 2.1.64+78d798af4f
	   |-- fabric-model-loading-api-v1 1.0.8+78d798af4f
	   |-- fabric-models-v0 0.4.7+9386d8a74f
	   |-- fabric-networking-api-v1 3.1.7+2e5ac5484f
	   |-- fabric-object-builder-api-v1 13.0.13+080016e44f
	   |-- fabric-particles-v1 1.1.7+78d798af4f
	   |-- fabric-recipe-api-v1 2.0.20+78d798af4f
	   |-- fabric-registry-sync-v0 4.0.19+58f8c0124f
	   |-- fabric-renderer-api-v1 3.2.4+78d798af4f
	   |-- fabric-renderer-indigo 1.5.4+78d798af4f
	   |-- fabric-renderer-registries-v1 3.2.53+df3654b34f
	   |-- fabric-rendering-data-attachment-v1 0.3.42+73761d2e4f
	   |-- fabric-rendering-fluids-v1 3.1.1+e761c6694f
	   |-- fabric-rendering-v0 1.1.56+df3654b34f
	   |-- fabric-rendering-v1 3.2.0+6fd945a04f
	   |-- fabric-resource-conditions-api-v1 2.3.14+78d798af4f
	   |-- fabric-resource-loader-v0 0.11.19+58f8c0124f
	   |-- fabric-screen-api-v1 2.0.17+78d798af4f
	   |-- fabric-screen-handler-api-v1 1.3.55+78d798af4f
	   |-- fabric-sound-api-v1 1.0.17+78d798af4f
	   |-- fabric-transfer-api-v1 4.0.11+e84342304f
	   \-- fabric-transitive-access-wideners-v1 5.0.14+78d798af4f
	- fabricloader 0.15.7
	   \-- mixinextras 0.3.5
	- java 17
	- litematica 0.17.0
	- lithium 0.12.1
	- logical_zoom 0.0.22
	- malilib 0.18.1
	- minecraft 1.20.4
	- minihud 0.30.2
	- sodium 0.5.8+mc1.20.4
	- tweakeroo 0.19.2
[18:11:41] [main/INFO]: SpongePowered MIXIN Subsystem Version=0.8.5 Source=file:/C:/Users/Miguel%20Leyesa/AppData/Roaming/.minecraft/libraries/net/fabricmc/sponge-mixin/0.12.5+mixin.0.8.5/sponge-mixin-0.12.5+mixin.0.8.5.jar Service=Knot/Fabric Env=CLIENT
[18:11:41] [main/INFO]: Compatibility level set to JAVA_17
[18:11:42] [main/INFO]: Loaded configuration file for Lithium: 129 options available, 0 override(s) found
[18:11:42] [main/INFO]: Loaded configuration file for Sodium: 42 options available, 0 override(s) found
[18:11:46] [main/INFO]: Starting Essential Loader (stage2) version 1.4.1+fabric-1.20.4 (9cbd42842e1a0f4db9463ba79962010f) [stable]
[18:11:47] [main/INFO]: Starting Essential v1.3.1.1 (#3a090c5c88) [stable]
[18:11:47] [main/INFO]: Java: OpenJDK 64-Bit Server VM (v17.0.8) by Microsoft (Microsoft)
[18:11:47] [main/INFO]: Java Path: C:\Users\Miguel Leyesa\AppData\Local\Packages\Microsoft.4297127D64EC6_8wekyb3d8bbwe\LocalCache\Local\runtime\java-runtime-gamma\windows-x64\java-runtime-gamma\bin
[18:11:47] [main/INFO]: Java Info: mixed mode
[18:11:47] [main/INFO]: JVM Arguments: 
  - -XX:HeapDumpPath=MojangTricksIntelDriversForPerformance_javaw.exe_minecraft.exe.heapdump
  - -Xss1M
  - -Djava.library.path=C:\Users\Miguel Leyesa\AppData\Roaming\.minecraft\bin\f2e342bf2348672ee9b93bf020ce8b6279af9b64
  - -Djna.tmpdir=C:\Users\Miguel Leyesa\AppData\Roaming\.minecraft\bin\f2e342bf2348672ee9b93bf020ce8b6279af9b64
  - -Dorg.lwjgl.system.SharedLibraryExtractPath=C:\Users\Miguel Leyesa\AppData\Roaming\.minecraft\bin\f2e342bf2348672ee9b93bf020ce8b6279af9b64
  - -Dio.netty.native.workdir=C:\Users\Miguel Leyesa\AppData\Roaming\.minecraft\bin\f2e342bf2348672ee9b93bf020ce8b6279af9b64
  - -Dminecraft.launcher.brand=minecraft-launcher
  - -Dminecraft.launcher.version=2.19.10
  - -DFabricMcEmu= net.minecraft.client.main.Main 
  - -Xmx8G
  - -XX:+UnlockExperimentalVMOptions
  - -XX:+UseG1GC
  - -XX:G1NewSizePercent=20
  - -XX:G1ReservePercent=20
  - -XX:MaxGCPauseMillis=50
  - -XX:G1HeapRegionSize=32M
  - -Dlog4j.configurationFile=C:\Users\Miguel Leyesa\AppData\Roaming\.minecraft\assets\log_configs\client-1.12.xml
[18:11:47] [main/INFO]: OS: Windows 11 (v10.0) (Arch: amd64)
[18:11:48] [main/INFO]: Searching for graphics cards...
[18:11:48] [main/INFO]: Initializing MixinExtras via com.llamalad7.mixinextras.service.MixinExtrasServiceImpl(version=0.3.5).
[18:11:48] [main/INFO]: Found graphics card: GraphicsAdapterInfo[vendor=NVIDIA, name=NVIDIA GeForce RTX 3050 Laptop GPU, version=DriverVersion=31.0.15.4629]
[18:11:48] [main/INFO]: Found graphics card: GraphicsAdapterInfo[vendor=INTEL, name=Intel(R) UHD Graphics, version=DriverVersion=30.0.100.9864]
[18:11:48] [main/WARN]: Sodium has applied one or more workarounds to prevent crashes or other issues on your system: [NVIDIA_THREADED_OPTIMIZATIONS]
[18:11:48] [main/WARN]: This is not necessarily an issue, but it may result in certain features or optimizations being disabled. You can sometimes fix these issues by upgrading your graphics driver.
[18:11:53] [main/WARN]: @ModifyConstant conflict. Skipping mixins.tweakeroo.json:MixinStructureBlockBlockEntity from mod tweakeroo->@ModifyConstant::overrideMaxSize(I)I with priority 999, already redirected by carpet.mixins.json:StructureBlockEntity_limitsMixin from mod carpet->@ModifyConstant::negativeLimit(I)I with priority 1000
[18:11:53] [main/WARN]: @ModifyConstant conflict. Skipping mixins.tweakeroo.json:MixinStructureBlockBlockEntity from mod tweakeroo->@ModifyConstant::overrideMaxSize(I)I with priority 999, already redirected by carpet.mixins.json:StructureBlockEntity_limitsMixin from mod carpet->@ModifyConstant::positiveLimit(I)I with priority 1000
[18:11:53] [main/WARN]: @ModifyConstant conflict. Skipping mixins.tweakeroo.json:MixinStructureBlockBlockEntity from mod tweakeroo->@ModifyConstant::overrideMaxSize(I)I with priority 999, already redirected by carpet.mixins.json:StructureBlockEntity_limitsMixin from mod carpet->@ModifyConstant::negativeLimit(I)I with priority 1000
[18:11:53] [main/WARN]: @ModifyConstant conflict. Skipping mixins.tweakeroo.json:MixinStructureBlockBlockEntity from mod tweakeroo->@ModifyConstant::overrideMaxSize(I)I with priority 999, already redirected by carpet.mixins.json:StructureBlockEntity_limitsMixin from mod carpet->@ModifyConstant::positiveLimit(I)I with priority 1000
[18:11:53] [main/WARN]: @ModifyConstant conflict. Skipping mixins.tweakeroo.json:MixinStructureBlockBlockEntity from mod tweakeroo->@ModifyConstant::overrideMaxSize(I)I with priority 999, already redirected by carpet.mixins.json:StructureBlockEntity_limitsMixin from mod carpet->@ModifyConstant::negativeLimit(I)I with priority 1000
[18:11:53] [main/WARN]: @ModifyConstant conflict. Skipping mixins.tweakeroo.json:MixinStructureBlockBlockEntity from mod tweakeroo->@ModifyConstant::overrideMaxSize(I)I with priority 999, already redirected by carpet.mixins.json:StructureBlockEntity_limitsMixin from mod carpet->@ModifyConstant::positiveLimit(I)I with priority 1000
[18:11:53] [main/WARN]: @ModifyConstant conflict. Skipping mixins.tweakeroo.json:MixinStructureBlockBlockEntity from mod tweakeroo->@ModifyConstant::overrideMaxSize(I)I with priority 999, already redirected by carpet.mixins.json:StructureBlockEntity_limitsMixin from mod carpet->@ModifyConstant::positiveLimit(I)I with priority 1000
[18:11:53] [main/WARN]: @ModifyConstant conflict. Skipping mixins.tweakeroo.json:MixinStructureBlockBlockEntity from mod tweakeroo->@ModifyConstant::overrideMaxSize(I)I with priority 999, already redirected by carpet.mixins.json:StructureBlockEntity_limitsMixin from mod carpet->@ModifyConstant::positiveLimit(I)I with priority 1000
[18:11:53] [main/WARN]: @ModifyConstant conflict. Skipping mixins.tweakeroo.json:MixinStructureBlockBlockEntity from mod tweakeroo->@ModifyConstant::overrideMaxSize(I)I with priority 999, already redirected by carpet.mixins.json:StructureBlockEntity_limitsMixin from mod carpet->@ModifyConstant::positiveLimit(I)I with priority 1000
[18:11:56] [Datafixer Bootstrap/INFO]: 198 Datafixer optimizations took 241 milliseconds
[18:12:00] [Render thread/INFO]: Environment: Environment[sessionHost=https://sessionserver.mojang.com, servicesHost=https://api.minecraftservices.com, name=PROD]
[18:12:00] [Render thread/INFO]: Setting user: 16thGarden
[18:12:00] [Render thread/INFO]: Using Default JreDnsResolver
[18:12:01] [Render thread/INFO]: Starting DI!
[18:12:01] [Thread 4/INFO]: Connecting to Essential Connection Manager...
[18:12:01] [Essential Thread 1/INFO]: Using Default JreSocketFactory
[18:12:02] [Render thread/INFO]: XRay mod has been initialized
[18:12:02] [WebSocketConnectReadThread-78/INFO]: Opened connection to Essential ConnectionManager (code=101, message=Switching Protocols)
[18:12:02] [Essential Thread 1/INFO]: Essential Connection Manager connection established.
[18:12:03] [Render thread/INFO]: [Indigo] Different rendering plugin detected; not applying Indigo.
[18:12:03] [Render thread/INFO]: OptiFine not detected.
[18:12:03] [Render thread/INFO]: Backend library: LWJGL version 3.3.2-snapshot
[18:12:03] [Render thread/WARN]: Applying workaround: Prevent the NVIDIA OpenGL driver from using broken optimizations (NVIDIA_THREADED_OPTIMIZATIONS)
[18:12:04] [Render thread/INFO]: OpenGL Vendor: NVIDIA Corporation
[18:12:04] [Render thread/INFO]: OpenGL Renderer: NVIDIA GeForce RTX 3050 Laptop GPU/PCIe/SSE2
[18:12:04] [Render thread/INFO]: OpenGL Version: 3.2.0 NVIDIA 546.29
[18:12:05] [ForkJoinPool.commonPool-worker-1/INFO]: [STDERR]: org.objectweb.asm.tree.analysis.AnalyzerException: Error at instruction 137: Trying to set an inexistant local variable 9
[18:12:05] [ForkJoinPool.commonPool-worker-1/INFO]: [STDERR]: 	at org.objectweb.asm.tree.analysis.Analyzer.analyze(Analyzer.java:279)
[18:12:05] [ForkJoinPool.commonPool-worker-1/INFO]: [STDERR]: 	at org.spongepowered.asm.util.Locals.generateLocalVariableTable(Locals.java:859)
[18:12:05] [ForkJoinPool.commonPool-worker-1/INFO]: [STDERR]: 	at org.spongepowered.asm.util.Locals.getGeneratedLocalVariableTable(Locals.java:828)
[18:12:05] [ForkJoinPool.commonPool-worker-1/INFO]: [STDERR]: 	at org.spongepowered.asm.util.Locals.getLocalVariableAt(Locals.java:782)
[18:12:05] [ForkJoinPool.commonPool-worker-1/INFO]: [STDERR]: 	at org.spongepowered.asm.util.Locals.getLocalVariableAt(Locals.java:752)
[18:12:05] [ForkJoinPool.commonPool-worker-1/INFO]: [STDERR]: 	at org.spongepowered.asm.util.Locals.getLocalsAt(Locals.java:529)
[18:12:05] [ForkJoinPool.commonPool-worker-1/INFO]: [STDERR]: 	at org.spongepowered.asm.util.Locals.getLocalsAt(Locals.java:336)
[18:12:05] [ForkJoinPool.commonPool-worker-1/INFO]: [STDERR]: 	at org.spongepowered.asm.mixin.injection.modify.LocalVariableDiscriminator$Context.initLocals(LocalVariableDiscriminator.java:154)
[18:12:05] [ForkJoinPool.commonPool-worker-1/INFO]: [STDERR]: 	at org.spongepowered.asm.mixin.injection.modify.LocalVariableDiscriminator$Context.<init>(LocalVariableDiscriminator.java:148)
[18:12:05] [ForkJoinPool.commonPool-worker-1/INFO]: [STDERR]: 	at org.spongepowered.asm.mixin.injection.modify.ModifyVariableInjector$Context.<init>(ModifyVariableInjector.java:71)
[18:12:05] [ForkJoinPool.commonPool-worker-1/INFO]: [STDERR]: 	at org.spongepowered.asm.mixin.injection.modify.ModifyVariableInjector.preInject(ModifyVariableInjector.java:159)
[18:12:05] [ForkJoinPool.commonPool-worker-1/INFO]: [STDERR]: 	at org.spongepowered.asm.mixin.injection.code.Injector.preInject(Injector.java:258)
[18:12:05] [ForkJoinPool.commonPool-worker-1/INFO]: [STDERR]: 	at org.spongepowered.asm.mixin.injection.struct.InjectionInfo.preInject(InjectionInfo.java:436)
[18:12:05] [ForkJoinPool.commonPool-worker-1/INFO]: [STDERR]: 	at org.spongepowered.asm.mixin.transformer.MixinTargetContext.applyInjections(MixinTargetContext.java:1370)
[18:12:05] [ForkJoinPool.commonPool-worker-1/INFO]: [STDERR]: 	at org.spongepowered.asm.mixin.transformer.MixinApplicatorStandard.applyInjections(MixinApplicatorStandard.java:1062)
[18:12:05] [ForkJoinPool.commonPool-worker-1/INFO]: [STDERR]: 	at org.spongepowered.asm.mixin.transformer.MixinApplicatorStandard.applyMixin(MixinApplicatorStandard.java:402)
[18:12:05] [ForkJoinPool.commonPool-worker-1/INFO]: [STDERR]: 	at org.spongepowered.asm.mixin.transformer.MixinApplicatorStandard.apply(MixinApplicatorStandard.java:327)
[18:12:05] [ForkJoinPool.commonPool-worker-1/INFO]: [STDERR]: 	at org.spongepowered.asm.mixin.transformer.TargetClassContext.apply(TargetClassContext.java:421)
[18:12:05] [ForkJoinPool.commonPool-worker-1/INFO]: [STDERR]: 	at org.spongepowered.asm.mixin.transformer.TargetClassContext.applyMixins(TargetClassContext.java:403)
[18:12:05] [ForkJoinPool.commonPool-worker-1/INFO]: [STDERR]: 	at org.spongepowered.asm.mixin.transformer.MixinProcessor.applyMixins(MixinProcessor.java:363)
[18:12:05] [ForkJoinPool.commonPool-worker-1/INFO]: [STDERR]: 	at org.spongepowered.asm.mixin.transformer.MixinTransformer.transformClass(MixinTransformer.java:234)
[18:12:05] [ForkJoinPool.commonPool-worker-1/INFO]: [STDERR]: 	at org.spongepowered.asm.mixin.transformer.MixinTransformer.transformClassBytes(MixinTransformer.java:202)
[18:12:05] [ForkJoinPool.commonPool-worker-1/INFO]: [STDERR]: 	at net.fabricmc.loader.impl.launch.knot.KnotClassDelegate.getPostMixinClassByteArray(KnotClassDelegate.java:422)
[18:12:05] [ForkJoinPool.commonPool-worker-1/INFO]: [STDERR]: 	at net.fabricmc.loader.impl.launch.knot.KnotClassDelegate.tryLoadClass(KnotClassDelegate.java:323)
[18:12:05] [ForkJoinPool.commonPool-worker-1/INFO]: [STDERR]: 	at net.fabricmc.loader.impl.launch.knot.KnotClassDelegate.loadClass(KnotClassDelegate.java:218)
[18:12:05] [ForkJoinPool.commonPool-worker-1/INFO]: [STDERR]: 	at net.fabricmc.loader.impl.launch.knot.KnotClassLoader.loadClass(KnotClassLoader.java:119)
[18:12:05] [ForkJoinPool.commonPool-worker-1/INFO]: [STDERR]: 	at java.base/java.lang.ClassLoader.loadClass(ClassLoader.java:525)
[18:12:05] [ForkJoinPool.commonPool-worker-1/INFO]: [STDERR]: 	at gg.essential.universal.UGraphics.<clinit>(UGraphics.java:774)
[18:12:05] [ForkJoinPool.commonPool-worker-1/INFO]: [STDERR]: 	at gg.essential.elementa.components.UIImage._init_$lambda-1(UIImage.kt:60)
[18:12:05] [ForkJoinPool.commonPool-worker-1/INFO]: [STDERR]: 	at java.base/java.util.concurrent.CompletableFuture$UniAccept.tryFire(CompletableFuture.java:718)
[18:12:05] [ForkJoinPool.commonPool-worker-1/INFO]: [STDERR]: 	at java.base/java.util.concurrent.CompletableFuture$Completion.exec(CompletableFuture.java:483)
[18:12:05] [ForkJoinPool.commonPool-worker-1/INFO]: [STDERR]: 	at java.base/java.util.concurrent.ForkJoinTask.doExec(ForkJoinTask.java:373)
[18:12:05] [ForkJoinPool.commonPool-worker-1/INFO]: [STDERR]: 	at java.base/java.util.concurrent.ForkJoinPool$WorkQueue.topLevelExec(ForkJoinPool.java:1182)
[18:12:05] [ForkJoinPool.commonPool-worker-1/INFO]: [STDERR]: 	at java.base/java.util.concurrent.ForkJoinPool.scan(ForkJoinPool.java:1655)
[18:12:05] [ForkJoinPool.commonPool-worker-1/INFO]: [STDERR]: 	at java.base/java.util.concurrent.ForkJoinPool.runWorker(ForkJoinPool.java:1622)
[18:12:05] [ForkJoinPool.commonPool-worker-1/INFO]: [STDERR]: 	at java.base/java.util.concurrent.ForkJoinWorkerThread.run(ForkJoinWorkerThread.java:165)
[18:12:05] [ForkJoinPool.commonPool-worker-1/INFO]: [STDERR]: Caused by: java.lang.IndexOutOfBoundsException: Trying to set an inexistant local variable 9
[18:12:05] [ForkJoinPool.commonPool-worker-1/INFO]: [STDERR]: 	at org.objectweb.asm.tree.analysis.Frame.setLocal(Frame.java:208)
[18:12:05] [ForkJoinPool.commonPool-worker-1/INFO]: [STDERR]: 	at org.objectweb.asm.tree.analysis.Frame.execute(Frame.java:337)
[18:12:05] [ForkJoinPool.commonPool-worker-1/INFO]: [STDERR]: 	at org.objectweb.asm.tree.analysis.Analyzer.analyze(Analyzer.java:171)
[18:12:05] [ForkJoinPool.commonPool-worker-1/INFO]: [STDERR]: 	... 35 more
[18:12:08] [Render thread/INFO]: Reloading ResourceManager: vanilla, fabric, advanced-xray-fabric, appleskin, carpet, cloth-config, entityculling, essential, essential-container, essential-loader, fabric-api, fabric-api-base, fabric-api-lookup-api-v1, fabric-biome-api-v1, fabric-block-api-v1, fabric-block-view-api-v2, fabric-blockrenderlayer-v1, fabric-client-tags-api-v1, fabric-command-api-v1, fabric-command-api-v2, fabric-commands-v0, fabric-containers-v0, fabric-content-registries-v0, fabric-convention-tags-v1, fabric-crash-report-info-v1, fabric-data-attachment-api-v1, fabric-data-generation-api-v1, fabric-dimensions-v1, fabric-entity-events-v1, fabric-events-interaction-v0, fabric-events-lifecycle-v0, fabric-game-rule-api-v1, fabric-item-api-v1, fabric-item-group-api-v1, fabric-key-binding-api-v1, fabric-keybindings-v0, fabric-language-kotlin, fabric-lifecycle-events-v1, fabric-loot-api-v2, fabric-message-api-v1, fabric-mining-level-api-v1, fabric-model-loading-api-v1, fabric-models-v0, fabric-networking-api-v1, fabric-object-builder-api-v1, fabric-particles-v1, fabric-recipe-api-v1, fabric-registry-sync-v0, fabric-renderer-api-v1, fabric-renderer-indigo, fabric-renderer-registries-v1, fabric-rendering-data-attachment-v1, fabric-rendering-fluids-v1, fabric-rendering-v0, fabric-rendering-v1, fabric-resource-conditions-api-v1, fabric-resource-loader-v0, fabric-screen-api-v1, fabric-screen-handler-api-v1, fabric-sound-api-v1, fabric-transfer-api-v1, fabric-transitive-access-wideners-v1, fabricloader, litematica, lithium, logical_zoom, malilib, minihud, sodium, tweakeroo, file/Faithful 32x - 1.20.4.zip, file/Low Fire 32x.zip, file/16thGarden-totem-1.20.2-3D.zip, essential
[18:12:09] [Worker-Main-5/INFO]: Found unifont_all_no_pua-15.1.04.hex, loading
[18:12:09] [Render thread/INFO]: Client started, setting up xray store
[18:12:10] [DefaultDispatcher-worker-6/INFO]: Connected to Discord as starbuckslarge
[18:12:11] [Render thread/WARN]: Missing sound for event: minecraft:item.goat_horn.play
[18:12:11] [Render thread/WARN]: Missing sound for event: minecraft:entity.goat.screaming.horn_break
[18:12:11] [Render thread/WARN]: Missing sound for event: minecraft:entity.generic.wind_burst
[18:12:12] [Render thread/INFO]: OpenAL initialized on device OpenAL Soft on Speakers (Razer Kraken Kitty Edition)
[18:12:12] [Render thread/INFO]: Sound engine started
[18:12:12] [Render thread/INFO]: Created: 2048x1024x4 minecraft:textures/atlas/blocks.png-atlas
[18:12:12] [Render thread/INFO]: Created: 512x512x4 minecraft:textures/atlas/signs.png-atlas
[18:12:12] [Render thread/INFO]: Created: 1024x1024x4 minecraft:textures/atlas/banner_patterns.png-atlas
[18:12:12] [Render thread/INFO]: Created: 1024x1024x4 minecraft:textures/atlas/shield_patterns.png-atlas
[18:12:12] [Render thread/INFO]: Created: 2048x2048x4 minecraft:textures/atlas/armor_trims.png-atlas
[18:12:12] [Render thread/INFO]: Created: 256x128x4 minecraft:textures/atlas/decorated_pot.png-atlas
[18:12:12] [Render thread/INFO]: Created: 512x512x4 minecraft:textures/atlas/chest.png-atlas
[18:12:12] [Render thread/INFO]: Created: 1024x512x4 minecraft:textures/atlas/beds.png-atlas
[18:12:12] [Render thread/INFO]: Created: 1024x512x4 minecraft:textures/atlas/shulker_boxes.png-atlas
[18:12:12] [Render thread/WARN]: Shader rendertype_entity_translucent_emissive could not find sampler named Sampler2 in the specified shader program.
[18:12:12] [Render thread/INFO]: Created: 1024x512x0 minecraft:textures/atlas/particles.png-atlas
[18:12:12] [Render thread/INFO]: Created: 512x512x0 minecraft:textures/atlas/paintings.png-atlas
[18:12:12] [Render thread/INFO]: Created: 256x256x0 minecraft:textures/atlas/mob_effects.png-atlas
[18:12:12] [Render thread/INFO]: Created: 2048x1024x0 minecraft:textures/atlas/gui.png-atlas
[18:12:15] [Render thread/WARN]: Shader cabb2374eda405e66b897908637abd1da5deac52 could not find uniform named subpixel_amount in the specified shader program.
[18:12:20] [Render thread/INFO]: Loaded 7 recipes
[18:12:20] [Render thread/INFO]: Loaded 1271 advancements
[18:12:20] [Render thread/INFO]: Applied 0 biome modifications to 0 of 64 new biomes in 3.422 ms
[18:12:20] [Render thread/WARN]: @Redirect conflict. Skipping mixins.tweakeroo.json:MixinServerPlayNetworkHandler from mod tweakeroo->@Redirect::tweakeroo_removeHitPosCheck(Lnet/minecraft/class_243;Lnet/minecraft/class_243;)Lnet/minecraft/class_243; with priority 1005, already redirected by mixins.litematica.json:MixinServerPlayNetworkHandler from mod litematica->@Redirect::litematica_removeHitPosCheck(Lnet/minecraft/class_243;Lnet/minecraft/class_243;)Lnet/minecraft/class_243; with priority 1010
[18:12:21] [Server thread/INFO]: Starting integrated minecraft server version 1.20.4
[18:12:21] [Server thread/INFO]: Generating keypair
[18:12:22] [Server thread/INFO]: Preparing start region for dimension minecraft:overworld
[18:12:25] [Render thread/INFO]: Preparing spawn area: 0%
[18:12:25] [Render thread/INFO]: Preparing spawn area: 0%
[18:12:25] [Render thread/INFO]: Preparing spawn area: 0%
[18:12:25] [Render thread/INFO]: Preparing spawn area: 0%
[18:12:25] [Render thread/INFO]: Preparing spawn area: 0%
[18:12:25] [Render thread/INFO]: Preparing spawn area: 0%
[18:12:25] [Render thread/INFO]: Preparing spawn area: 0%
[18:12:26] [Render thread/INFO]: Preparing spawn area: 0%
[18:12:26] [Render thread/INFO]: Preparing spawn area: 26%
[18:12:27] [Render thread/INFO]: Time elapsed: 4460 ms
[18:12:27] [Server thread/INFO]: Changing view distance to 16, from 10
[18:12:27] [Server thread/INFO]: Changing simulation distance to 12, from 0
[18:12:28] [Server thread/INFO]: 16thGarden[local:E:7e3dd9da] logged in with entity id 44 at (2602.9692156088327, 73.0, -14.390641791056945)
[18:12:28] [Server thread/INFO]: 16thGarden joined the game
[18:12:28] [Render thread/INFO]: Started 6 worker threads
[18:12:28] [Render thread/INFO]: Using 3 total BufferBuilder caches
[18:12:29] [Render thread/WARN]: Unable to read property: west with value: false for blockstate: {Name:"minecraft:cobblestone_wall",Properties:{east:"false",north:"false",south:"false",up:"false",west:"false"}}
[18:12:29] [Render thread/WARN]: Unable to read property: east with value: false for blockstate: {Name:"minecraft:cobblestone_wall",Properties:{east:"false",north:"false",south:"false",up:"false",west:"false"}}
[18:12:29] [Render thread/WARN]: Unable to read property: south with value: false for blockstate: {Name:"minecraft:cobblestone_wall",Properties:{east:"false",north:"false",south:"false",up:"false",west:"false"}}
[18:12:29] [Render thread/WARN]: Unable to read property: north with value: false for blockstate: {Name:"minecraft:cobblestone_wall",Properties:{east:"false",north:"false",south:"false",up:"false",west:"false"}}
[18:12:29] [Render thread/WARN]: Unable to read property: west with value: false for blockstate: {Name:"minecraft:mossy_cobblestone_wall",Properties:{east:"false",north:"false",south:"false",up:"false",west:"false"}}
[18:12:29] [Render thread/WARN]: Unable to read property: east with value: false for blockstate: {Name:"minecraft:mossy_cobblestone_wall",Properties:{east:"false",north:"false",south:"false",up:"false",west:"false"}}
[18:12:29] [Render thread/WARN]: Unable to read property: south with value: false for blockstate: {Name:"minecraft:mossy_cobblestone_wall",Properties:{east:"false",north:"false",south:"false",up:"false",west:"false"}}
[18:12:29] [Render thread/WARN]: Unable to read property: north with value: false for blockstate: {Name:"minecraft:mossy_cobblestone_wall",Properties:{east:"false",north:"false",south:"false",up:"false",west:"false"}}
[18:12:29] [Render thread/INFO]: Loaded 840 advancements
[18:12:53] [Render thread/WARN]: Unable to play empty soundEvent: minecraft:entity.tropical_fish.ambient
[18:15:39] [Render thread/INFO]: Stopping worker threads
[18:15:39] [Render thread/INFO]: Started 6 worker threads
[18:15:39] [Server thread/INFO]: Saving and pausing game...
[18:15:39] [Render thread/INFO]: Stopping worker threads
[18:15:39] [Render thread/INFO]: Started 6 worker threads
[18:15:39] [Server thread/INFO]: Saving chunks for level 'ServerLevel[Epic survival world]'/minecraft:overworld
[18:15:39] [Server thread/INFO]: Saving chunks for level 'ServerLevel[Epic survival world]'/minecraft:the_end
[18:15:39] [Server thread/INFO]: Saving chunks for level 'ServerLevel[Epic survival world]'/minecraft:the_nether
[18:16:05] [Render thread/INFO]: Stopping worker threads
[18:16:05] [Server thread/INFO]: Saving and pausing game...
[18:16:05] [Render thread/INFO]: Started 6 worker threads
[18:16:05] [Render thread/INFO]: Stopping worker threads
[18:16:05] [Render thread/INFO]: Started 6 worker threads
[18:16:05] [Server thread/INFO]: Saving chunks for level 'ServerLevel[Epic survival world]'/minecraft:overworld
[18:16:05] [Server thread/INFO]: Saving chunks for level 'ServerLevel[Epic survival world]'/minecraft:the_end
[18:16:05] [Server thread/INFO]: Saving chunks for level 'ServerLevel[Epic survival world]'/minecraft:the_nether
[18:16:05] [Render thread/WARN]: Received passengers for unknown entity
[18:16:05] [Render thread/WARN]: Received passengers for unknown entity
[18:16:05] [Render thread/WARN]: Received passengers for unknown entity
[18:16:05] [Render thread/WARN]: Received passengers for unknown entity
[18:16:05] [Render thread/WARN]: Received passengers for unknown entity
[18:16:06] [Render thread/WARN]: Received passengers for unknown entity
[18:16:06] [Render thread/WARN]: Received passengers for unknown entity
[18:16:06] [Render thread/WARN]: Received passengers for unknown entity
[18:16:06] [Render thread/WARN]: Received passengers for unknown entity
[18:18:28] [Render thread/INFO]: [System] [CHAT] Respawn point set
[18:36:39] [Render thread/INFO]: Stopping worker threads
[18:36:39] [Render thread/INFO]: Started 6 worker threads
[18:36:39] [Server thread/INFO]: Saving and pausing game...
[18:36:39] [Render thread/INFO]: Stopping worker threads
[18:36:39] [Render thread/INFO]: Started 6 worker threads
[18:36:39] [Server thread/INFO]: Saving chunks for level 'ServerLevel[Epic survival world]'/minecraft:overworld
[18:36:39] [Server thread/INFO]: Saving chunks for level 'ServerLevel[Epic survival world]'/minecraft:the_end
[18:36:39] [Server thread/INFO]: Saving chunks for level 'ServerLevel[Epic survival world]'/minecraft:the_nether
[18:37:26] [Render thread/INFO]: Stopping worker threads
[18:37:26] [Render thread/INFO]: Started 6 worker threads
[18:37:26] [Server thread/INFO]: Saving and pausing game...
[18:37:26] [Render thread/INFO]: Stopping worker threads
[18:37:26] [Render thread/INFO]: Started 6 worker threads
[18:37:27] [Server thread/INFO]: Saving chunks for level 'ServerLevel[Epic survival world]'/minecraft:overworld
[18:37:27] [Server thread/INFO]: Saving chunks for level 'ServerLevel[Epic survival world]'/minecraft:the_end
[18:37:27] [Server thread/INFO]: Saving chunks for level 'ServerLevel[Epic survival world]'/minecraft:the_nether
[18:43:13] [Render thread/WARN]: Unable to play empty soundEvent: minecraft:entity.cod.ambient
[18:53:22] [Render thread/INFO]: Stopping worker threads
[18:53:22] [Render thread/INFO]: Started 6 worker threads
[18:53:22] [Server thread/INFO]: Saving and pausing game...
[18:53:22] [Render thread/INFO]: Stopping worker threads
[18:53:22] [Render thread/INFO]: Started 6 worker threads
[18:53:22] [Server thread/INFO]: Saving chunks for level 'ServerLevel[Epic survival world]'/minecraft:overworld
[18:53:22] [Server thread/INFO]: Saving chunks for level 'ServerLevel[Epic survival world]'/minecraft:the_end
[18:53:22] [Server thread/INFO]: Saving chunks for level 'ServerLevel[Epic survival world]'/minecraft:the_nether
[18:54:16] [Render thread/INFO]: Stopping worker threads
[18:54:16] [Render thread/INFO]: Started 6 worker threads
[18:54:16] [Render thread/INFO]: Stopping worker threads
[18:54:16] [Render thread/INFO]: Started 6 worker threads
[18:54:16] [Server thread/INFO]: Saving and pausing game...
[18:54:16] [Server thread/INFO]: Saving chunks for level 'ServerLevel[Epic survival world]'/minecraft:overworld
[18:54:16] [Server thread/INFO]: Saving chunks for level 'ServerLevel[Epic survival world]'/minecraft:the_end
[18:54:16] [Server thread/INFO]: Saving chunks for level 'ServerLevel[Epic survival world]'/minecraft:the_nether
[18:58:37] [Server thread/INFO]: Saving and pausing game...
[18:58:37] [Server thread/INFO]: Saving chunks for level 'ServerLevel[Epic survival world]'/minecraft:overworld
[18:58:37] [Server thread/INFO]: Saving chunks for level 'ServerLevel[Epic survival world]'/minecraft:the_end
[18:58:37] [Server thread/INFO]: Saving chunks for level 'ServerLevel[Epic survival world]'/minecraft:the_nether
[18:58:37] [Server thread/INFO]: 16thGarden lost connection: Disconnected
[18:58:37] [Server thread/INFO]: 16thGarden left the game
[18:58:37] [Server thread/INFO]: Stopping singleplayer server as player logged out
[18:58:37] [Server thread/INFO]: Stopping server
[18:58:37] [Server thread/INFO]: Saving players
[18:58:37] [Server thread/INFO]: Saving worlds
[18:58:37] [Server thread/INFO]: Saving chunks for level 'ServerLevel[Epic survival world]'/minecraft:overworld
[18:58:37] [Server thread/INFO]: Saving chunks for level 'ServerLevel[Epic survival world]'/minecraft:the_end
[18:58:37] [Server thread/INFO]: Saving chunks for level 'ServerLevel[Epic survival world]'/minecraft:the_nether
[18:58:37] [Server thread/INFO]: ThreadedAnvilChunkStorage (Epic survival world): All chunks are saved
[18:58:37] [Server thread/INFO]: ThreadedAnvilChunkStorage (DIM1): All chunks are saved
[18:58:37] [Server thread/INFO]: ThreadedAnvilChunkStorage (DIM-1): All chunks are saved
[18:58:37] [Server thread/INFO]: ThreadedAnvilChunkStorage: All dimensions are saved
[18:58:37] [Render thread/INFO]: Stopping worker threads
[19:22:42] [Render thread/INFO]: Loaded 7 recipes
[19:22:42] [Render thread/INFO]: Loaded 1271 advancements
[19:22:42] [Render thread/INFO]: Applied 0 biome modifications to 0 of 64 new biomes in 183.9 ?s
[19:22:42] [Server thread/INFO]: Starting integrated minecraft server version 1.20.4
[19:22:42] [Server thread/INFO]: Generating keypair
[19:22:43] [Server thread/INFO]: Preparing start region for dimension minecraft:overworld
[19:22:44] [Render thread/INFO]: Preparing spawn area: 0%
[19:22:44] [Render thread/INFO]: Preparing spawn area: 0%
[19:22:44] [Render thread/INFO]: Preparing spawn area: 0%
[19:22:44] [Render thread/INFO]: Preparing spawn area: 4%
[19:22:45] [Render thread/INFO]: Preparing spawn area: 86%
[19:22:45] [Server thread/INFO]: Changing view distance to 16, from 10
[19:22:45] [Server thread/INFO]: Changing simulation distance to 12, from 0
[19:22:45] [Render thread/INFO]: Time elapsed: 2080 ms
[19:22:45] [Server thread/INFO]: 16thGarden[local:E:bf8a3665] logged in with entity id 22803 at (-43.55267019219886, 64.0, -1.3946295585580268)
[19:22:45] [Server thread/INFO]: 16thGarden joined the game
[19:22:45] [Render thread/INFO]: Started 6 worker threads
[19:22:45] [Render thread/INFO]: Using 3 total BufferBuilder caches
[19:22:45] [Render thread/INFO]: Loaded 840 advancements
[19:24:24] [Render thread/INFO]: [System] [CHAT] Respawn point set
[19:24:35] [Render thread/INFO]: Stopping worker threads
[19:24:35] [Server thread/INFO]: Saving and pausing game...
[19:24:35] [Render thread/INFO]: Started 6 worker threads
[19:24:35] [Render thread/INFO]: Stopping worker threads
[19:24:35] [Render thread/INFO]: Started 6 worker threads
[19:24:35] [Server thread/INFO]: Saving chunks for level 'ServerLevel[Epic survival world]'/minecraft:overworld
[19:24:35] [Server thread/INFO]: Saving chunks for level 'ServerLevel[Epic survival world]'/minecraft:the_end
[19:24:35] [Server thread/INFO]: Saving chunks for level 'ServerLevel[Epic survival world]'/minecraft:the_nether
[19:24:52] [Render thread/INFO]: Stopping worker threads
[19:24:52] [Server thread/INFO]: Saving and pausing game...
[19:24:52] [Render thread/INFO]: Started 6 worker threads
[19:24:52] [Render thread/INFO]: Stopping worker threads
[19:24:52] [Render thread/INFO]: Started 6 worker threads
[19:24:52] [Server thread/INFO]: Saving chunks for level 'ServerLevel[Epic survival world]'/minecraft:overworld
[19:24:52] [Server thread/INFO]: Saving chunks for level 'ServerLevel[Epic survival world]'/minecraft:the_end
[19:24:52] [Server thread/INFO]: Saving chunks for level 'ServerLevel[Epic survival world]'/minecraft:the_nether
[19:24:52] [Render thread/WARN]: Received passengers for unknown entity
[19:24:52] [Render thread/WARN]: Received passengers for unknown entity
[19:24:52] [Render thread/WARN]: Received passengers for unknown entity
[19:24:52] [Render thread/WARN]: Received passengers for unknown entity
[19:24:52] [Render thread/WARN]: Received passengers for unknown entity
[19:24:52] [Render thread/WARN]: Received passengers for unknown entity
[19:24:52] [Render thread/WARN]: Received passengers for unknown entity
[19:24:52] [Render thread/WARN]: Received passengers for unknown entity
[19:24:52] [Render thread/WARN]: Received passengers for unknown entity
[19:24:52] [Render thread/WARN]: Received passengers for unknown entity
[19:24:52] [Render thread/WARN]: Received passengers for unknown entity
[19:24:52] [Render thread/WARN]: Received passengers for unknown entity
[19:24:52] [Render thread/WARN]: Received passengers for unknown entity
[19:24:52] [Render thread/WARN]: Received passengers for unknown entity
[19:24:52] [Render thread/WARN]: Received passengers for unknown entity
[19:24:52] [Render thread/WARN]: Received passengers for unknown entity
[19:24:52] [Render thread/WARN]: Received passengers for unknown entity
[19:24:52] [Render thread/WARN]: Received passengers for unknown entity
[19:24:52] [Render thread/WARN]: Received passengers for unknown entity
[19:27:07] [Render thread/INFO]: Stopping worker threads
[19:27:07] [Render thread/INFO]: Started 6 worker threads
[19:27:07] [Server thread/INFO]: Saving and pausing game...
[19:27:07] [Render thread/INFO]: Stopping worker threads
[19:27:07] [Render thread/INFO]: Started 6 worker threads
[19:27:07] [Server thread/INFO]: Saving chunks for level 'ServerLevel[Epic survival world]'/minecraft:overworld
[19:27:07] [Server thread/INFO]: Saving chunks for level 'ServerLevel[Epic survival world]'/minecraft:the_end
[19:27:07] [Server thread/INFO]: Saving chunks for level 'ServerLevel[Epic survival world]'/minecraft:the_nether
[19:27:37] [Render thread/WARN]: Received passengers for unknown entity
[19:27:45] [Render thread/INFO]: Stopping worker threads
[19:27:45] [Server thread/INFO]: Saving and pausing game...
[19:27:45] [Render thread/INFO]: Started 6 worker threads
[19:27:45] [Render thread/INFO]: Stopping worker threads
[19:27:45] [Render thread/INFO]: Started 6 worker threads
[19:27:45] [Server thread/INFO]: Saving chunks for level 'ServerLevel[Epic survival world]'/minecraft:overworld
[19:27:45] [Server thread/INFO]: Saving chunks for level 'ServerLevel[Epic survival world]'/minecraft:the_end
[19:27:45] [Server thread/INFO]: Saving chunks for level 'ServerLevel[Epic survival world]'/minecraft:the_nether
[19:27:51] [Render thread/INFO]: Stopping worker threads
[19:27:51] [Server thread/INFO]: Saving and pausing game...
[19:27:51] [Render thread/INFO]: Started 6 worker threads
[19:27:51] [Render thread/INFO]: Stopping worker threads
[19:27:51] [Render thread/INFO]: Started 6 worker threads
[19:27:51] [Server thread/INFO]: Saving chunks for level 'ServerLevel[Epic survival world]'/minecraft:overworld
[19:27:51] [Server thread/INFO]: Saving chunks for level 'ServerLevel[Epic survival world]'/minecraft:the_end
[19:27:51] [Server thread/INFO]: Saving chunks for level 'ServerLevel[Epic survival world]'/minecraft:the_nether
[19:27:55] [Render thread/WARN]: Received passengers for unknown entity
[19:29:17] [Render thread/INFO]: Stopping worker threads
[19:29:17] [Render thread/INFO]: Started 6 worker threads
[19:29:17] [Render thread/INFO]: Stopping worker threads
[19:29:17] [Render thread/INFO]: Started 6 worker threads
[19:29:17] [Server thread/INFO]: Saving and pausing game...
[19:29:17] [Server thread/INFO]: Saving chunks for level 'ServerLevel[Epic survival world]'/minecraft:overworld
[19:29:17] [Server thread/INFO]: Saving chunks for level 'ServerLevel[Epic survival world]'/minecraft:the_end
[19:29:17] [Server thread/INFO]: Saving chunks for level 'ServerLevel[Epic survival world]'/minecraft:the_nether
[19:30:13] [Render thread/INFO]: Stopping worker threads
[19:30:13] [Server thread/INFO]: Saving and pausing game...
[19:30:13] [Render thread/INFO]: Started 6 worker threads
[19:30:13] [Render thread/INFO]: Stopping worker threads
[19:30:13] [Render thread/INFO]: Started 6 worker threads
[19:30:13] [Server thread/INFO]: Saving chunks for level 'ServerLevel[Epic survival world]'/minecraft:overworld
[19:30:13] [Server thread/INFO]: Saving chunks for level 'ServerLevel[Epic survival world]'/minecraft:the_end
[19:30:13] [Server thread/INFO]: Saving chunks for level 'ServerLevel[Epic survival world]'/minecraft:the_nether
[19:30:30] [Render thread/WARN]: Received passengers for unknown entity
[19:30:35] [Server thread/INFO]: Saving and pausing game...
[19:30:35] [Render thread/INFO]: Stopping worker threads
[19:30:35] [Render thread/INFO]: Started 6 worker threads
[19:30:35] [Render thread/INFO]: Stopping worker threads
[19:30:35] [Render thread/INFO]: Started 6 worker threads
[19:30:35] [Server thread/INFO]: Saving chunks for level 'ServerLevel[Epic survival world]'/minecraft:overworld
[19:30:35] [Server thread/INFO]: Saving chunks for level 'ServerLevel[Epic survival world]'/minecraft:the_end
[19:30:35] [Server thread/INFO]: Saving chunks for level 'ServerLevel[Epic survival world]'/minecraft:the_nether
[19:30:38] [Render thread/INFO]: Stopping worker threads
[19:30:38] [Render thread/INFO]: Started 6 worker threads
[19:30:38] [Render thread/INFO]: Stopping worker threads
[19:30:38] [Render thread/INFO]: Started 6 worker threads
[19:38:00] [Render thread/INFO]: Stopping worker threads
[19:38:00] [Render thread/INFO]: Started 6 worker threads
[19:38:00] [Render thread/INFO]: Stopping worker threads
[19:38:00] [Render thread/INFO]: Started 6 worker threads
[19:38:23] [Render thread/INFO]: Stopping worker threads
[19:38:23] [Render thread/INFO]: Started 6 worker threads
[19:38:23] [Render thread/INFO]: Stopping worker threads
[19:38:23] [Render thread/INFO]: Started 6 worker threads
[19:38:42] [Render thread/INFO]: Stopping worker threads
[19:38:42] [Render thread/INFO]: Started 6 worker threads
[19:38:42] [Server thread/INFO]: Saving and pausing game...
[19:38:42] [Render thread/INFO]: Stopping worker threads
[19:38:42] [Render thread/INFO]: Started 6 worker threads
[19:38:42] [Server thread/INFO]: Saving chunks for level 'ServerLevel[Epic survival world]'/minecraft:overworld
[19:38:42] [Server thread/INFO]: Saving chunks for level 'ServerLevel[Epic survival world]'/minecraft:the_end
[19:38:42] [Server thread/INFO]: Saving chunks for level 'ServerLevel[Epic survival world]'/minecraft:the_nether
[19:38:42] [Render thread/WARN]: Received passengers for unknown entity
[19:38:42] [Render thread/WARN]: Received passengers for unknown entity
[19:38:42] [Render thread/WARN]: Received passengers for unknown entity
[19:38:42] [Render thread/WARN]: Received passengers for unknown entity
[19:38:42] [Render thread/WARN]: Received passengers for unknown entity
[19:38:42] [Render thread/WARN]: Received passengers for unknown entity
[19:38:42] [Render thread/WARN]: Received passengers for unknown entity
[19:38:42] [Render thread/WARN]: Received passengers for unknown entity
[19:38:42] [Render thread/WARN]: Received passengers for unknown entity
[19:38:42] [Render thread/WARN]: Received passengers for unknown entity
[19:40:56] [Render thread/INFO]: Stopping worker threads
[19:40:56] [Server thread/INFO]: Saving and pausing game...
[19:40:56] [Render thread/INFO]: Started 6 worker threads
[19:40:56] [Render thread/INFO]: Stopping worker threads
[19:40:56] [Server thread/INFO]: Saving chunks for level 'ServerLevel[Epic survival world]'/minecraft:overworld
[19:40:56] [Render thread/INFO]: Started 6 worker threads
[19:40:56] [Server thread/INFO]: Saving chunks for level 'ServerLevel[Epic survival world]'/minecraft:the_end
[19:40:56] [Server thread/INFO]: Saving chunks for level 'ServerLevel[Epic survival world]'/minecraft:the_nether
[19:41:18] [Render thread/INFO]: Stopping worker threads
[19:41:18] [Render thread/INFO]: Started 6 worker threads
[19:41:18] [Render thread/INFO]: Stopping worker threads
[19:41:18] [Render thread/INFO]: Started 6 worker threads
[19:41:18] [Server thread/INFO]: Saving and pausing game...
[19:41:18] [Server thread/INFO]: Saving chunks for level 'ServerLevel[Epic survival world]'/minecraft:overworld
[19:41:18] [Server thread/INFO]: Saving chunks for level 'ServerLevel[Epic survival world]'/minecraft:the_end
[19:41:18] [Server thread/INFO]: Saving chunks for level 'ServerLevel[Epic survival world]'/minecraft:the_nether
[19:41:46] [Render thread/INFO]: Stopping worker threads
[19:41:46] [Render thread/INFO]: Started 6 worker threads
[19:41:46] [Render thread/INFO]: Stopping worker threads
[19:41:46] [Render thread/INFO]: Started 6 worker threads
[19:41:50] [Server thread/INFO]: Saving and pausing game...
[19:41:50] [Server thread/INFO]: Saving chunks for level 'ServerLevel[Epic survival world]'/minecraft:overworld
[19:41:50] [Server thread/INFO]: Saving chunks for level 'ServerLevel[Epic survival world]'/minecraft:the_end
[19:41:50] [Server thread/INFO]: Saving chunks for level 'ServerLevel[Epic survival world]'/minecraft:the_nether
[19:42:23] [Server thread/INFO]: Saving and pausing game...
[19:42:23] [Server thread/INFO]: Saving chunks for level 'ServerLevel[Epic survival world]'/minecraft:overworld
[19:42:23] [Server thread/INFO]: Saving chunks for level 'ServerLevel[Epic survival world]'/minecraft:the_end
[19:42:23] [Server thread/INFO]: Saving chunks for level 'ServerLevel[Epic survival world]'/minecraft:the_nether
[19:43:00] [Server thread/INFO]: Saving and pausing game...
[19:43:00] [Server thread/INFO]: Saving chunks for level 'ServerLevel[Epic survival world]'/minecraft:overworld
[19:43:00] [Server thread/INFO]: Saving chunks for level 'ServerLevel[Epic survival world]'/minecraft:the_end
[19:43:00] [Server thread/INFO]: Saving chunks for level 'ServerLevel[Epic survival world]'/minecraft:the_nether
[19:43:44] [Server thread/INFO]: Saving and pausing game...
[19:43:44] [Server thread/INFO]: Saving chunks for level 'ServerLevel[Epic survival world]'/minecraft:overworld
[19:43:44] [Server thread/INFO]: Saving chunks for level 'ServerLevel[Epic survival world]'/minecraft:the_end
[19:43:44] [Server thread/INFO]: Saving chunks for level 'ServerLevel[Epic survival world]'/minecraft:the_nether
[19:44:10] [Render thread/WARN]: Received passengers for unknown entity
[19:44:25] [Server thread/INFO]: Saving and pausing game...
[19:44:25] [Server thread/INFO]: Saving chunks for level 'ServerLevel[Epic survival world]'/minecraft:overworld
[19:44:25] [Server thread/INFO]: Saving chunks for level 'ServerLevel[Epic survival world]'/minecraft:the_end
[19:44:25] [Server thread/INFO]: Saving chunks for level 'ServerLevel[Epic survival world]'/minecraft:the_nether
[19:44:42] [Server thread/INFO]: Saving and pausing game...
[19:44:42] [Server thread/INFO]: Saving chunks for level 'ServerLevel[Epic survival world]'/minecraft:overworld
[19:44:42] [Server thread/INFO]: Saving chunks for level 'ServerLevel[Epic survival world]'/minecraft:the_end
[19:44:42] [Server thread/INFO]: Saving chunks for level 'ServerLevel[Epic survival world]'/minecraft:the_nether
[19:45:05] [Server thread/INFO]: Saving and pausing game...
[19:45:05] [Server thread/INFO]: Saving chunks for level 'ServerLevel[Epic survival world]'/minecraft:overworld
[19:45:05] [Server thread/INFO]: Saving chunks for level 'ServerLevel[Epic survival world]'/minecraft:the_end
[19:45:05] [Server thread/INFO]: Saving chunks for level 'ServerLevel[Epic survival world]'/minecraft:the_nether
[19:45:10] [Server thread/INFO]: Saving and pausing game...
[19:45:10] [Server thread/INFO]: Saving chunks for level 'ServerLevel[Epic survival world]'/minecraft:overworld
[19:45:10] [Server thread/INFO]: Saving chunks for level 'ServerLevel[Epic survival world]'/minecraft:the_end
[19:45:10] [Server thread/INFO]: Saving chunks for level 'ServerLevel[Epic survival world]'/minecraft:the_nether
[19:45:33] [Server thread/INFO]: Saving and pausing game...
[19:45:33] [Server thread/INFO]: Saving chunks for level 'ServerLevel[Epic survival world]'/minecraft:overworld
[19:45:33] [Server thread/INFO]: Saving chunks for level 'ServerLevel[Epic survival world]'/minecraft:the_end
[19:45:33] [Server thread/INFO]: Saving chunks for level 'ServerLevel[Epic survival world]'/minecraft:the_nether
[19:46:26] [Render thread/INFO]: Stopping worker threads
[19:46:26] [Render thread/INFO]: Started 6 worker threads
[19:46:26] [Render thread/INFO]: Stopping worker threads
[19:46:26] [Render thread/INFO]: Started 6 worker threads
[19:46:26] [Server thread/INFO]: Saving and pausing game...
[19:46:26] [Server thread/INFO]: Saving chunks for level 'ServerLevel[Epic survival world]'/minecraft:overworld
[19:46:26] [Server thread/INFO]: Saving chunks for level 'ServerLevel[Epic survival world]'/minecraft:the_end
[19:46:26] [Server thread/INFO]: Saving chunks for level 'ServerLevel[Epic survival world]'/minecraft:the_nether
[19:47:50] [Render thread/INFO]: Stopping worker threads
[19:47:50] [Server thread/INFO]: Saving and pausing game...
[19:47:50] [Render thread/INFO]: Started 6 worker threads
[19:47:50] [Render thread/INFO]: Stopping worker threads
[19:47:50] [Render thread/INFO]: Started 6 worker threads
[19:47:50] [Server thread/INFO]: Saving chunks for level 'ServerLevel[Epic survival world]'/minecraft:overworld
[19:47:50] [Server thread/INFO]: Saving chunks for level 'ServerLevel[Epic survival world]'/minecraft:the_end
[19:47:50] [Server thread/INFO]: Saving chunks for level 'ServerLevel[Epic survival world]'/minecraft:the_nether
[19:48:23] [Render thread/INFO]: Stopping worker threads
[19:48:23] [Render thread/INFO]: Started 6 worker threads
[19:48:23] [Render thread/INFO]: Stopping worker threads
[19:48:23] [Render thread/INFO]: Started 6 worker threads
[19:48:23] [Server thread/INFO]: Saving and pausing game...
[19:48:23] [Server thread/INFO]: Saving chunks for level 'ServerLevel[Epic survival world]'/minecraft:overworld
[19:48:23] [Server thread/INFO]: Saving chunks for level 'ServerLevel[Epic survival world]'/minecraft:the_end
[19:48:23] [Server thread/INFO]: Saving chunks for level 'ServerLevel[Epic survival world]'/minecraft:the_nether
[19:49:44] [Render thread/INFO]: Stopping worker threads
[19:49:44] [Server thread/INFO]: Saving and pausing game...
[19:49:44] [Render thread/INFO]: Started 6 worker threads
[19:49:44] [Render thread/INFO]: Stopping worker threads
[19:49:44] [Render thread/INFO]: Started 6 worker threads
[19:49:44] [Server thread/INFO]: Saving chunks for level 'ServerLevel[Epic survival world]'/minecraft:overworld
[19:49:44] [Server thread/INFO]: Saving chunks for level 'ServerLevel[Epic survival world]'/minecraft:the_end
[19:49:44] [Server thread/INFO]: Saving chunks for level 'ServerLevel[Epic survival world]'/minecraft:the_nether
[19:53:01] [Render thread/WARN]: Received passengers for unknown entity
[19:53:23] [Render thread/WARN]: Received passengers for unknown entity
[19:54:50] [Render thread/WARN]: Received passengers for unknown entity
[19:55:02] [Render thread/WARN]: Received passengers for unknown entity
[19:56:16] [Render thread/WARN]: Received passengers for unknown entity
[19:56:34] [Server thread/INFO]: 16thGarden has made the advancement [Spooky Scary Skeleton]
[19:56:34] [Render thread/INFO]: [System] [CHAT] 16thGarden has made the advancement [Spooky Scary Skeleton]
[19:56:34] [Render thread/INFO]: Loaded 842 advancements
[20:05:01] [Render thread/WARN]: Received passengers for unknown entity
[20:05:50] [Render thread/WARN]: Received passengers for unknown entity
[20:06:38] [Render thread/WARN]: Received passengers for unknown entity
[20:07:30] [Render thread/WARN]: Received passengers for unknown entity
[20:07:43] [Render thread/WARN]: Received passengers for unknown entity
[20:09:08] [Render thread/WARN]: Received passengers for unknown entity
[20:09:53] [Render thread/WARN]: Received passengers for unknown entity
[20:10:47] [Render thread/WARN]: Received passengers for unknown entity
[20:11:11] [Render thread/WARN]: Received passengers for unknown entity
[20:11:19] [Render thread/WARN]: Received passengers for unknown entity
[20:12:38] [Render thread/INFO]: Stopping worker threads
[20:12:38] [Render thread/INFO]: Started 6 worker threads
[20:12:38] [Render thread/INFO]: Stopping worker threads
[20:12:38] [Render thread/INFO]: Started 6 worker threads
[20:12:38] [Server thread/INFO]: Saving and pausing game...
[20:12:38] [Server thread/INFO]: Saving chunks for level 'ServerLevel[Epic survival world]'/minecraft:overworld
[20:12:38] [Server thread/INFO]: Saving chunks for level 'ServerLevel[Epic survival world]'/minecraft:the_end
[20:12:38] [Server thread/INFO]: Saving chunks for level 'ServerLevel[Epic survival world]'/minecraft:the_nether
[20:17:57] [Server thread/INFO]: 16thGarden has made the advancement [Withering Heights]
[20:17:57] [Render thread/INFO]: [System] [CHAT] 16thGarden has made the advancement [Withering Heights]
[20:17:57] [Render thread/INFO]: Loaded 843 advancements
[20:18:23] [Render thread/INFO]: Loaded 843 advancements
[20:18:24] [Render thread/INFO]: Loaded 844 advancements
[20:20:37] [Render thread/INFO]: Stopping worker threads
[20:20:37] [Server thread/INFO]: Saving and pausing game...
[20:20:37] [Render thread/INFO]: Started 6 worker threads
[20:20:37] [Render thread/INFO]: Stopping worker threads
[20:20:37] [Render thread/INFO]: Started 6 worker threads
[20:20:37] [Server thread/INFO]: Saving chunks for level 'ServerLevel[Epic survival world]'/minecraft:overworld
[20:20:37] [Server thread/INFO]: Saving chunks for level 'ServerLevel[Epic survival world]'/minecraft:the_end
[20:20:37] [Server thread/INFO]: Saving chunks for level 'ServerLevel[Epic survival world]'/minecraft:the_nether
[20:21:22] [Render thread/INFO]: Stopping worker threads
[20:21:22] [Render thread/INFO]: Started 6 worker threads
[20:21:22] [Server thread/INFO]: Saving and pausing game...
[20:21:22] [Render thread/INFO]: Stopping worker threads
[20:21:22] [Render thread/INFO]: Started 6 worker threads
[20:21:22] [Server thread/INFO]: Saving chunks for level 'ServerLevel[Epic survival world]'/minecraft:overworld
[20:21:22] [Server thread/INFO]: Saving chunks for level 'ServerLevel[Epic survival world]'/minecraft:the_end
[20:21:22] [Server thread/INFO]: Saving chunks for level 'ServerLevel[Epic survival world]'/minecraft:the_nether
[20:21:22] [Render thread/WARN]: Received passengers for unknown entity
[20:21:22] [Render thread/WARN]: Received passengers for unknown entity
[20:21:22] [Render thread/WARN]: Received passengers for unknown entity
[20:21:22] [Render thread/WARN]: Received passengers for unknown entity
[20:21:22] [Render thread/WARN]: Received passengers for unknown entity
[20:21:22] [Render thread/WARN]: Received passengers for unknown entity
[20:21:22] [Render thread/WARN]: Received passengers for unknown entity
[20:21:22] [Render thread/WARN]: Received passengers for unknown entity
[20:21:22] [Render thread/WARN]: Received passengers for unknown entity
[20:21:22] [Render thread/WARN]: Received passengers for unknown entity
[20:21:22] [Render thread/WARN]: Received passengers for unknown entity
[20:21:22] [Render thread/WARN]: Received passengers for unknown entity
[20:21:22] [Render thread/WARN]: Received passengers for unknown entity
[20:21:22] [Render thread/WARN]: Received passengers for unknown entity
[20:21:22] [Render thread/WARN]: Received passengers for unknown entity
[20:21:22] [Render thread/WARN]: Received passengers for unknown entity
[20:21:22] [Render thread/WARN]: Received passengers for unknown entity
[20:21:45] [Render thread/INFO]: Stopping worker threads
[20:21:45] [Render thread/INFO]: Started 6 worker threads
[20:21:45] [Render thread/INFO]: Stopping worker threads
[20:21:45] [Render thread/INFO]: Started 6 worker threads
[20:21:45] [Server thread/INFO]: Saving and pausing game...
[20:21:45] [Server thread/INFO]: Saving chunks for level 'ServerLevel[Epic survival world]'/minecraft:overworld
[20:21:45] [Server thread/INFO]: Saving chunks for level 'ServerLevel[Epic survival world]'/minecraft:the_end
[20:21:45] [Server thread/INFO]: Saving chunks for level 'ServerLevel[Epic survival world]'/minecraft:the_nether
[20:22:13] [Render thread/INFO]: Stopping worker threads
[20:22:13] [Render thread/INFO]: Started 6 worker threads
[20:22:13] [Render thread/INFO]: Stopping worker threads
[20:22:13] [Render thread/INFO]: Started 6 worker threads
[20:22:13] [Server thread/INFO]: Saving and pausing game...
[20:22:13] [Server thread/INFO]: Saving chunks for level 'ServerLevel[Epic survival world]'/minecraft:overworld
[20:22:13] [Server thread/INFO]: Saving chunks for level 'ServerLevel[Epic survival world]'/minecraft:the_end
[20:22:13] [Server thread/INFO]: Saving chunks for level 'ServerLevel[Epic survival world]'/minecraft:the_nether
[20:23:06] [Render thread/INFO]: Stopping worker threads
[20:23:06] [Render thread/INFO]: Started 6 worker threads
[20:23:06] [Render thread/INFO]: Stopping worker threads
[20:23:06] [Render thread/INFO]: Started 6 worker threads
[20:23:36] [Render thread/INFO]: Stopping worker threads
[20:23:36] [Render thread/INFO]: Started 6 worker threads
[20:23:36] [Render thread/INFO]: Stopping worker threads
[20:23:36] [Render thread/INFO]: Started 6 worker threads
[20:23:36] [Server thread/INFO]: Saving and pausing game...
[20:23:36] [Server thread/INFO]: Saving chunks for level 'ServerLevel[Epic survival world]'/minecraft:overworld
[20:23:36] [Server thread/INFO]: Saving chunks for level 'ServerLevel[Epic survival world]'/minecraft:the_end
[20:23:36] [Server thread/INFO]: Saving chunks for level 'ServerLevel[Epic survival world]'/minecraft:the_nether
[20:26:50] [Server thread/INFO]: 16thGarden has reached the goal [Beaconator]
[20:26:50] [Server thread/INFO]: 16thGarden has made the advancement [Bring Home the Beacon]
[20:26:50] [Render thread/INFO]: [System] [CHAT] 16thGarden has reached the goal [Beaconator]
[20:26:50] [Render thread/INFO]: [System] [CHAT] 16thGarden has made the advancement [Bring Home the Beacon]
[20:26:50] [Render thread/INFO]: Loaded 844 advancements
[20:28:53] [Render thread/WARN]: Unable to play empty soundEvent: minecraft:entity.salmon.ambient
[20:33:03] [Server thread/INFO]: Saving and pausing game...
[20:33:03] [Server thread/INFO]: Saving chunks for level 'ServerLevel[Epic survival world]'/minecraft:overworld
[20:33:03] [Server thread/INFO]: Saving chunks for level 'ServerLevel[Epic survival world]'/minecraft:the_end
[20:33:03] [Server thread/INFO]: Saving chunks for level 'ServerLevel[Epic survival world]'/minecraft:the_nether
[20:46:14] [Render thread/WARN]: Unable to play empty soundEvent: minecraft:entity.puffer_fish.ambient
[20:50:16] [Render thread/INFO]: Stopping worker threads
[20:50:16] [Render thread/INFO]: Started 6 worker threads
[20:50:16] [Render thread/INFO]: Stopping worker threads
[20:50:16] [Render thread/INFO]: Started 6 worker threads
[20:50:25] [Render thread/WARN]: Received passengers for unknown entity
[20:50:41] [Render thread/INFO]: Stopping worker threads
[20:50:41] [Render thread/INFO]: Started 6 worker threads
[20:50:41] [Render thread/INFO]: Stopping worker threads
[20:50:41] [Render thread/INFO]: Started 6 worker threads
[20:50:41] [Server thread/INFO]: Saving and pausing game...
[20:50:41] [Server thread/INFO]: Saving chunks for level 'ServerLevel[Epic survival world]'/minecraft:overworld
[20:50:41] [Server thread/INFO]: Saving chunks for level 'ServerLevel[Epic survival world]'/minecraft:the_end
[20:50:41] [Server thread/INFO]: Saving chunks for level 'ServerLevel[Epic survival world]'/minecraft:the_nether
[20:55:04] [Server thread/INFO]: Saving and pausing game...
[20:55:04] [Server thread/INFO]: Saving chunks for level 'ServerLevel[Epic survival world]'/minecraft:overworld
[20:55:04] [Server thread/INFO]: Saving chunks for level 'ServerLevel[Epic survival world]'/minecraft:the_end
[20:55:04] [Server thread/INFO]: Saving chunks for level 'ServerLevel[Epic survival world]'/minecraft:the_nether
[20:55:04] [Server thread/INFO]: 16thGarden lost connection: Disconnected
[20:55:04] [Server thread/INFO]: 16thGarden left the game
[20:55:04] [Server thread/INFO]: Stopping singleplayer server as player logged out
[20:55:04] [Server thread/INFO]: Stopping server
[20:55:04] [Server thread/INFO]: Saving players
[20:55:04] [Server thread/INFO]: Saving worlds
[20:55:05] [Server thread/INFO]: Saving chunks for level 'ServerLevel[Epic survival world]'/minecraft:overworld
[20:55:05] [Server thread/INFO]: Saving chunks for level 'ServerLevel[Epic survival world]'/minecraft:the_end
[20:55:05] [Server thread/INFO]: Saving chunks for level 'ServerLevel[Epic survival world]'/minecraft:the_nether
[20:55:05] [Server thread/INFO]: ThreadedAnvilChunkStorage (Epic survival world): All chunks are saved
[20:55:05] [Server thread/INFO]: ThreadedAnvilChunkStorage (DIM1): All chunks are saved
[20:55:05] [Server thread/INFO]: ThreadedAnvilChunkStorage (DIM-1): All chunks are saved
[20:55:05] [Server thread/INFO]: ThreadedAnvilChunkStorage: All dimensions are saved
[20:55:05] [Render thread/INFO]: Stopping worker threads
[21:00:17] [Render thread/INFO]: Loaded 7 recipes
[21:00:17] [Render thread/INFO]: Loaded 1271 advancements
[21:00:18] [Render thread/INFO]: Applied 0 biome modifications to 0 of 64 new biomes in 680.7 ?s
[21:00:18] [Server thread/INFO]: Starting integrated minecraft server version 1.20.4
[21:00:18] [Server thread/INFO]: Generating keypair
[21:00:19] [Server thread/INFO]: Preparing start region for dimension minecraft:overworld
[21:00:19] [Render thread/INFO]: Preparing spawn area: 0%
[21:00:19] [Render thread/INFO]: Preparing spawn area: 0%
[21:00:20] [Render thread/INFO]: Preparing spawn area: 0%
[21:00:20] [Render thread/INFO]: Preparing spawn area: 4%
[21:00:21] [Render thread/INFO]: Preparing spawn area: 61%
[21:00:21] [Server thread/INFO]: Changing view distance to 16, from 10
[21:00:21] [Server thread/INFO]: Changing simulation distance to 12, from 0
[21:00:21] [Render thread/INFO]: Time elapsed: 2185 ms
[21:00:21] [Server thread/INFO]: 16thGarden[local:E:11440081] logged in with entity id 144663 at (-40.312716507731004, 64.0, -3.6084197247193086)
[21:00:21] [Server thread/INFO]: 16thGarden joined the game
[21:00:21] [Render thread/INFO]: Started 6 worker threads
[21:00:21] [Render thread/INFO]: Using 3 total BufferBuilder caches
[21:00:21] [Render thread/INFO]: Loaded 844 advancements
[21:00:23] [Server thread/INFO]: Saving and pausing game...
[21:00:23] [Server thread/INFO]: Saving chunks for level 'ServerLevel[Epic survival world]'/minecraft:overworld
[21:00:23] [Server thread/INFO]: Saving chunks for level 'ServerLevel[Epic survival world]'/minecraft:the_end
[21:00:23] [Server thread/INFO]: Saving chunks for level 'ServerLevel[Epic survival world]'/minecraft:the_nether
[21:01:04] [Server thread/INFO]: Saving and pausing game...
[21:01:04] [Server thread/INFO]: Saving chunks for level 'ServerLevel[Epic survival world]'/minecraft:overworld
[21:01:04] [Server thread/INFO]: Saving chunks for level 'ServerLevel[Epic survival world]'/minecraft:the_end
[21:01:04] [Server thread/INFO]: Saving chunks for level 'ServerLevel[Epic survival world]'/minecraft:the_nether
[21:02:32] [Server thread/INFO]: Saving and pausing game...
[21:02:32] [Server thread/INFO]: Saving chunks for level 'ServerLevel[Epic survival world]'/minecraft:overworld
[21:02:32] [Server thread/INFO]: Saving chunks for level 'ServerLevel[Epic survival world]'/minecraft:the_end
[21:02:32] [Server thread/INFO]: Saving chunks for level 'ServerLevel[Epic survival world]'/minecraft:the_nether
[21:02:32] [Server thread/INFO]: 16thGarden lost connection: Disconnected
[21:02:32] [Server thread/INFO]: 16thGarden left the game
[21:02:32] [Server thread/INFO]: Stopping singleplayer server as player logged out
[21:02:32] [Server thread/INFO]: Stopping server
[21:02:32] [Server thread/INFO]: Saving players
[21:02:32] [Server thread/INFO]: Saving worlds
[21:02:32] [Server thread/INFO]: Saving chunks for level 'ServerLevel[Epic survival world]'/minecraft:overworld
[21:02:32] [Server thread/INFO]: Saving chunks for level 'ServerLevel[Epic survival world]'/minecraft:the_end
[21:02:32] [Server thread/INFO]: Saving chunks for level 'ServerLevel[Epic survival world]'/minecraft:the_nether
[21:02:32] [Server thread/INFO]: ThreadedAnvilChunkStorage (Epic survival world): All chunks are saved
[21:02:32] [Server thread/INFO]: ThreadedAnvilChunkStorage (DIM1): All chunks are saved
[21:02:32] [Server thread/INFO]: ThreadedAnvilChunkStorage (DIM-1): All chunks are saved
[21:02:32] [Server thread/INFO]: ThreadedAnvilChunkStorage: All dimensions are saved
[21:02:32] [Render thread/INFO]: Stopping worker threads
[21:33:58] [Render thread/INFO]: Loaded 7 recipes
[21:33:58] [Render thread/INFO]: Loaded 1271 advancements
[21:33:58] [Render thread/INFO]: Applied 0 biome modifications to 0 of 64 new biomes in 253.5 ?s
[21:33:58] [Server thread/INFO]: Starting integrated minecraft server version 1.20.4
[21:33:58] [Server thread/INFO]: Generating keypair
[21:33:59] [Server thread/INFO]: Preparing start region for dimension minecraft:overworld
[21:34:00] [Render thread/INFO]: Preparing spawn area: 0%
[21:34:00] [Render thread/INFO]: Preparing spawn area: 0%
[21:34:00] [Render thread/INFO]: Preparing spawn area: 0%
[21:34:01] [Render thread/INFO]: Preparing spawn area: 4%
[21:34:01] [Render thread/INFO]: Preparing spawn area: 6%
[21:34:02] [Server thread/INFO]: Changing view distance to 16, from 10
[21:34:02] [Server thread/INFO]: Changing simulation distance to 12, from 0
[21:34:02] [Render thread/INFO]: Time elapsed: 2482 ms
[21:34:02] [Server thread/INFO]: 16thGarden[local:E:8351a37b] logged in with entity id 145432 at (-40.804655669050604, 64.0, -0.4202775602758244)
[21:34:02] [Server thread/INFO]: 16thGarden joined the game
[21:34:02] [Render thread/INFO]: Started 6 worker threads
[21:34:02] [Render thread/INFO]: Using 3 total BufferBuilder caches
[21:34:02] [Render thread/INFO]: Loaded 844 advancements
[21:34:09] [Render thread/INFO]: Stopping worker threads
[21:34:09] [Server thread/INFO]: Saving and pausing game...
[21:34:09] [Render thread/INFO]: Started 6 worker threads
[21:34:09] [Render thread/INFO]: Stopping worker threads
[21:34:09] [Render thread/INFO]: Started 6 worker threads
[21:34:09] [Server thread/INFO]: Saving chunks for level 'ServerLevel[Epic survival world]'/minecraft:overworld
[21:34:09] [Server thread/INFO]: Saving chunks for level 'ServerLevel[Epic survival world]'/minecraft:the_end
[21:34:09] [Server thread/INFO]: Saving chunks for level 'ServerLevel[Epic survival world]'/minecraft:the_nether
[21:40:42] [Render thread/WARN]: Received passengers for unknown entity
[21:45:38] [Render thread/INFO]: Stopping worker threads
[21:45:38] [Render thread/INFO]: Started 6 worker threads
[21:45:38] [Server thread/INFO]: Saving and pausing game...
[21:45:38] [Render thread/INFO]: Stopping worker threads
[21:45:38] [Render thread/INFO]: Started 6 worker threads
[21:45:38] [Server thread/INFO]: Saving chunks for level 'ServerLevel[Epic survival world]'/minecraft:overworld
[21:45:38] [Server thread/INFO]: Saving chunks for level 'ServerLevel[Epic survival world]'/minecraft:the_end
[21:45:38] [Server thread/INFO]: Saving chunks for level 'ServerLevel[Epic survival world]'/minecraft:the_nether
[21:48:05] [Render thread/INFO]: Stopping worker threads
[21:48:05] [Server thread/INFO]: Saving and pausing game...
[21:48:05] [Render thread/INFO]: Started 6 worker threads
[21:48:05] [Render thread/INFO]: Stopping worker threads
[21:48:05] [Render thread/INFO]: Started 6 worker threads
[21:48:05] [Server thread/INFO]: Saving chunks for level 'ServerLevel[Epic survival world]'/minecraft:overworld
[21:48:05] [Server thread/INFO]: Saving chunks for level 'ServerLevel[Epic survival world]'/minecraft:the_end
[21:48:05] [Server thread/INFO]: Saving chunks for level 'ServerLevel[Epic survival world]'/minecraft:the_nether
[21:48:18] [Render thread/WARN]: Received passengers for unknown entity
[21:52:26] [Server thread/INFO]: Saving and pausing game...
[21:52:26] [Server thread/INFO]: Saving chunks for level 'ServerLevel[Epic survival world]'/minecraft:overworld
[21:52:26] [Server thread/INFO]: Saving chunks for level 'ServerLevel[Epic survival world]'/minecraft:the_end
[21:52:26] [Server thread/INFO]: Saving chunks for level 'ServerLevel[Epic survival world]'/minecraft:the_nether
[21:52:35] [Server thread/INFO]: Saving and pausing game...
[21:52:35] [Server thread/INFO]: Saving chunks for level 'ServerLevel[Epic survival world]'/minecraft:overworld
[21:52:35] [Server thread/INFO]: Saving chunks for level 'ServerLevel[Epic survival world]'/minecraft:the_end
[21:52:35] [Server thread/INFO]: Saving chunks for level 'ServerLevel[Epic survival world]'/minecraft:the_nether
[21:52:58] [Server thread/INFO]: Saving and pausing game...
[21:52:58] [Server thread/INFO]: Saving chunks for level 'ServerLevel[Epic survival world]'/minecraft:overworld
[21:52:58] [Server thread/INFO]: Saving chunks for level 'ServerLevel[Epic survival world]'/minecraft:the_end
[21:52:58] [Server thread/INFO]: Saving chunks for level 'ServerLevel[Epic survival world]'/minecraft:the_nether
[21:58:01] [Server thread/INFO]: Saving and pausing game...
[21:58:01] [Server thread/INFO]: Saving chunks for level 'ServerLevel[Epic survival world]'/minecraft:overworld
[21:58:01] [Server thread/INFO]: Saving chunks for level 'ServerLevel[Epic survival world]'/minecraft:the_end
[21:58:01] [Server thread/INFO]: Saving chunks for level 'ServerLevel[Epic survival world]'/minecraft:the_nether
[21:58:05] [Server thread/INFO]: Saving and pausing game...
[21:58:05] [Server thread/INFO]: Saving chunks for level 'ServerLevel[Epic survival world]'/minecraft:overworld
[21:58:05] [Server thread/INFO]: Saving chunks for level 'ServerLevel[Epic survival world]'/minecraft:the_end
[21:58:05] [Server thread/INFO]: Saving chunks for level 'ServerLevel[Epic survival world]'/minecraft:the_nether
[22:02:31] [Server thread/WARN]: Can't keep up! Is the server overloaded? Running 3893ms or 77 ticks behind
[22:02:59] [Server thread/WARN]: Can't keep up! Is the server overloaded? Running 12196ms or 243 ticks behind
[22:43:21] [Server thread/WARN]: 16thGarden moved wrongly!
[23:02:09] [Render thread/WARN]: Received passengers for unknown entity
[23:05:24] [Render thread/WARN]: Received passengers for unknown entity
[23:06:44] [Render thread/WARN]: Received passengers for unknown entity
[23:08:36] [Render thread/WARN]: Received passengers for unknown entity
[23:09:44] [Render thread/WARN]: Received passengers for unknown entity
[23:12:23] [Render thread/WARN]: Received passengers for unknown entity
[23:14:19] [Render thread/WARN]: Received passengers for unknown entity
[23:15:24] [Render thread/WARN]: Received passengers for unknown entity
[23:20:17] [Render thread/INFO]: Stopping worker threads
[23:20:17] [Render thread/INFO]: Started 6 worker threads
[23:20:17] [Server thread/INFO]: Saving and pausing game...
[23:20:17] [Render thread/INFO]: Stopping worker threads
[23:20:17] [Render thread/INFO]: Started 6 worker threads
[23:20:17] [Server thread/INFO]: Saving chunks for level 'ServerLevel[Epic survival world]'/minecraft:overworld
[23:20:17] [Server thread/INFO]: Saving chunks for level 'ServerLevel[Epic survival world]'/minecraft:the_end
[23:20:17] [Server thread/INFO]: Saving chunks for level 'ServerLevel[Epic survival world]'/minecraft:the_nether
[23:20:35] [Render thread/INFO]: Stopping worker threads
[23:20:35] [Render thread/INFO]: Started 6 worker threads
[23:20:35] [Server thread/INFO]: Saving and pausing game...
[23:20:35] [Render thread/INFO]: Stopping worker threads
[23:20:35] [Render thread/INFO]: Started 6 worker threads
[23:20:35] [Server thread/INFO]: Saving chunks for level 'ServerLevel[Epic survival world]'/minecraft:overworld
[23:20:35] [Server thread/INFO]: Saving chunks for level 'ServerLevel[Epic survival world]'/minecraft:the_end
[23:20:35] [Server thread/INFO]: Saving chunks for level 'ServerLevel[Epic survival world]'/minecraft:the_nether
[23:20:59] [Render thread/INFO]: Stopping worker threads
[23:20:59] [Render thread/INFO]: Started 6 worker threads
[23:20:59] [Server thread/INFO]: Saving and pausing game...
[23:20:59] [Render thread/INFO]: Stopping worker threads
[23:20:59] [Render thread/INFO]: Started 6 worker threads
[23:20:59] [Server thread/INFO]: Saving chunks for level 'ServerLevel[Epic survival world]'/minecraft:overworld
[23:20:59] [Server thread/INFO]: Saving chunks for level 'ServerLevel[Epic survival world]'/minecraft:the_end
[23:20:59] [Server thread/INFO]: Saving chunks for level 'ServerLevel[Epic survival world]'/minecraft:the_nether
[23:20:59] [Render thread/WARN]: Received passengers for unknown entity
[23:20:59] [Render thread/WARN]: Received passengers for unknown entity
[23:20:59] [Render thread/WARN]: Received passengers for unknown entity
[23:20:59] [Render thread/WARN]: Received passengers for unknown entity
[23:20:59] [Render thread/WARN]: Received passengers for unknown entity
[23:20:59] [Render thread/WARN]: Received passengers for unknown entity
[23:20:59] [Render thread/WARN]: Received passengers for unknown entity
[23:20:59] [Render thread/WARN]: Received passengers for unknown entity
[23:20:59] [Render thread/WARN]: Received passengers for unknown entity
[23:20:59] [Render thread/WARN]: Received passengers for unknown entity
[23:20:59] [Render thread/WARN]: Received passengers for unknown entity
[23:20:59] [Render thread/WARN]: Received passengers for unknown entity
[23:20:59] [Render thread/WARN]: Received passengers for unknown entity
[23:20:59] [Render thread/WARN]: Received passengers for unknown entity
[23:20:59] [Render thread/WARN]: Received passengers for unknown entity
[23:20:59] [Render thread/WARN]: Received passengers for unknown entity
[23:20:59] [Render thread/WARN]: Received passengers for unknown entity
[23:20:59] [Render thread/WARN]: Received passengers for unknown entity
[23:20:59] [Render thread/WARN]: Received passengers for unknown entity
[23:21:15] [Render thread/INFO]: Stopping worker threads
[23:21:15] [Render thread/INFO]: Started 6 worker threads
[23:21:15] [Server thread/INFO]: Saving and pausing game...
[23:21:15] [Render thread/INFO]: Stopping worker threads
[23:21:15] [Render thread/INFO]: Started 6 worker threads
[23:21:15] [Server thread/INFO]: Saving chunks for level 'ServerLevel[Epic survival world]'/minecraft:overworld
[23:21:15] [Server thread/INFO]: Saving chunks for level 'ServerLevel[Epic survival world]'/minecraft:the_end
[23:21:15] [Server thread/INFO]: Saving chunks for level 'ServerLevel[Epic survival world]'/minecraft:the_nether
[23:24:19] [Render thread/WARN]: Received passengers for unknown entity
[23:24:24] [Render thread/INFO]: Stopping worker threads
[23:24:24] [Render thread/INFO]: Started 6 worker threads
[23:24:24] [Render thread/INFO]: Stopping worker threads
[23:24:24] [Render thread/INFO]: Started 6 worker threads
[23:24:28] [Render thread/INFO]: Stopping worker threads
[23:24:28] [Render thread/INFO]: Started 6 worker threads
[23:24:28] [Render thread/INFO]: Stopping worker threads
[23:24:28] [Render thread/INFO]: Started 6 worker threads
[23:24:28] [Server thread/INFO]: Saving and pausing game...
[23:24:28] [Server thread/INFO]: Saving chunks for level 'ServerLevel[Epic survival world]'/minecraft:overworld
[23:24:28] [Server thread/INFO]: Saving chunks for level 'ServerLevel[Epic survival world]'/minecraft:the_end
[23:24:28] [Server thread/INFO]: Saving chunks for level 'ServerLevel[Epic survival world]'/minecraft:the_nether
[23:24:43] [Render thread/INFO]: Stopping worker threads
[23:24:43] [Render thread/INFO]: Started 6 worker threads
[23:24:43] [Render thread/INFO]: Stopping worker threads
[23:24:43] [Render thread/INFO]: Started 6 worker threads
[23:24:57] [Render thread/INFO]: Stopping worker threads
[23:24:57] [Server thread/INFO]: Saving and pausing game...
[23:24:57] [Render thread/INFO]: Started 6 worker threads
[23:24:57] [Render thread/INFO]: Stopping worker threads
[23:24:57] [Render thread/INFO]: Started 6 worker threads
[23:24:57] [Server thread/INFO]: Saving chunks for level 'ServerLevel[Epic survival world]'/minecraft:overworld
[23:24:57] [Server thread/INFO]: Saving chunks for level 'ServerLevel[Epic survival world]'/minecraft:the_end
[23:24:57] [Server thread/INFO]: Saving chunks for level 'ServerLevel[Epic survival world]'/minecraft:the_nether
[23:27:06] [Render thread/WARN]: Received passengers for unknown entity
[23:29:32] [Render thread/WARN]: Received passengers for unknown entity
[23:31:15] [Render thread/WARN]: Received passengers for unknown entity
[23:32:12] [Render thread/WARN]: Received passengers for unknown entity
[23:33:10] [Render thread/WARN]: Received passengers for unknown entity
[23:33:37] [Server thread/WARN]: Mismatch in destroy block pos: class_2338{x=250, y=118, z=-7} class_2338{x=249, y=117, z=-7}
[23:33:46] [Server thread/WARN]: Mismatch in destroy block pos: class_2338{x=250, y=118, z=-7} class_2338{x=246, y=117, z=-6}
[23:33:50] [Render thread/WARN]: Received passengers for unknown entity
[23:33:56] [Render thread/WARN]: Received passengers for unknown entity
[23:34:25] [Render thread/WARN]: Received passengers for unknown entity
[23:34:51] [Server thread/WARN]: Mismatch in destroy block pos: class_2338{x=249, y=118, z=-5} class_2338{x=248, y=117, z=-5}
[23:34:58] [Render thread/WARN]: Received passengers for unknown entity
[23:35:45] [Render thread/WARN]: Received passengers for unknown entity
[23:36:07] [Render thread/WARN]: Received passengers for unknown entity
[23:36:37] [Render thread/WARN]: Received passengers for unknown entity
[23:36:43] [Render thread/INFO]: Stopping worker threads
[23:36:43] [Server thread/INFO]: Saving and pausing game...
[23:36:43] [Render thread/INFO]: Started 6 worker threads
[23:36:43] [Render thread/INFO]: Stopping worker threads
[23:36:43] [Render thread/INFO]: Started 6 worker threads
[23:36:43] [Server thread/INFO]: Saving chunks for level 'ServerLevel[Epic survival world]'/minecraft:overworld
[23:36:43] [Server thread/INFO]: Saving chunks for level 'ServerLevel[Epic survival world]'/minecraft:the_end
[23:36:43] [Server thread/INFO]: Saving chunks for level 'ServerLevel[Epic survival world]'/minecraft:the_nether
[23:36:46] [Render thread/INFO]: Stopping worker threads
[23:36:46] [Render thread/INFO]: Started 6 worker threads
[23:36:46] [Server thread/INFO]: Saving and pausing game...
[23:36:46] [Render thread/INFO]: Stopping worker threads
[23:36:46] [Render thread/INFO]: Started 6 worker threads
[23:36:46] [Server thread/INFO]: Saving chunks for level 'ServerLevel[Epic survival world]'/minecraft:overworld
[23:36:47] [Server thread/INFO]: Saving chunks for level 'ServerLevel[Epic survival world]'/minecraft:the_end
[23:36:47] [Server thread/INFO]: Saving chunks for level 'ServerLevel[Epic survival world]'/minecraft:the_nether
[23:36:50] [Render thread/WARN]: Received passengers for unknown entity
[23:39:02] [Render thread/INFO]: Stopping worker threads
[23:39:02] [Render thread/INFO]: Started 6 worker threads
[23:39:02] [Render thread/INFO]: Stopping worker threads
[23:39:02] [Render thread/INFO]: Started 6 worker threads
[23:39:02] [Server thread/INFO]: Saving and pausing game...
[23:39:02] [Server thread/INFO]: Saving chunks for level 'ServerLevel[Epic survival world]'/minecraft:overworld
[23:39:02] [Server thread/INFO]: Saving chunks for level 'ServerLevel[Epic survival world]'/minecraft:the_end
[23:39:02] [Server thread/INFO]: Saving chunks for level 'ServerLevel[Epic survival world]'/minecraft:the_nether
[23:39:07] [Render thread/INFO]: [System] [CHAT] Respawn point set
[23:39:28] [Render thread/INFO]: Stopping worker threads
[23:39:28] [Server thread/INFO]: Saving and pausing game...
[23:39:28] [Render thread/INFO]: Started 6 worker threads
[23:39:28] [Render thread/INFO]: Stopping worker threads
[23:39:28] [Render thread/INFO]: Started 6 worker threads
[23:39:28] [Server thread/INFO]: Saving chunks for level 'ServerLevel[Epic survival world]'/minecraft:overworld
[23:39:28] [Server thread/INFO]: Saving chunks for level 'ServerLevel[Epic survival world]'/minecraft:the_end
[23:39:28] [Server thread/INFO]: Saving chunks for level 'ServerLevel[Epic survival world]'/minecraft:the_nether
[23:39:52] [Render thread/WARN]: Received passengers for unknown entity
[23:41:22] [Render thread/INFO]: Stopping worker threads
[23:41:22] [Render thread/INFO]: Started 6 worker threads
[23:41:22] [Render thread/INFO]: Stopping worker threads
[23:41:22] [Render thread/INFO]: Started 6 worker threads
[23:41:40] [Render thread/INFO]: Stopping worker threads
[23:41:40] [Render thread/INFO]: Started 6 worker threads
[23:41:40] [Server thread/INFO]: Saving and pausing game...
[23:41:40] [Render thread/INFO]: Stopping worker threads
[23:41:40] [Render thread/INFO]: Started 6 worker threads
[23:41:40] [Server thread/INFO]: Saving chunks for level 'ServerLevel[Epic survival world]'/minecraft:overworld
[23:41:40] [Server thread/INFO]: Saving chunks for level 'ServerLevel[Epic survival world]'/minecraft:the_end
[23:41:40] [Server thread/INFO]: Saving chunks for level 'ServerLevel[Epic survival world]'/minecraft:the_nether
[23:41:43] [Render thread/WARN]: Received passengers for unknown entity
[23:41:49] [Render thread/WARN]: Received passengers for unknown entity
[23:43:02] [Render thread/INFO]: Stopping worker threads
[23:43:02] [Render thread/INFO]: Started 6 worker threads
[23:43:02] [Render thread/INFO]: Stopping worker threads
[23:43:02] [Render thread/INFO]: Started 6 worker threads
[23:43:02] [Server thread/INFO]: Saving and pausing game...
[23:43:02] [Server thread/INFO]: Saving chunks for level 'ServerLevel[Epic survival world]'/minecraft:overworld
[23:43:02] [Server thread/INFO]: Saving chunks for level 'ServerLevel[Epic survival world]'/minecraft:the_end
[23:43:02] [Server thread/INFO]: Saving chunks for level 'ServerLevel[Epic survival world]'/minecraft:the_nether
[23:43:16] [Render thread/INFO]: Stopping worker threads
[23:43:16] [Server thread/INFO]: Saving and pausing game...
[23:43:16] [Render thread/INFO]: Started 6 worker threads
[23:43:16] [Render thread/INFO]: Stopping worker threads
[23:43:16] [Server thread/INFO]: Saving chunks for level 'ServerLevel[Epic survival world]'/minecraft:overworld
[23:43:16] [Render thread/INFO]: Started 6 worker threads
[23:43:16] [Server thread/INFO]: Saving chunks for level 'ServerLevel[Epic survival world]'/minecraft:the_end
[23:43:16] [Server thread/INFO]: Saving chunks for level 'ServerLevel[Epic survival world]'/minecraft:the_nether
[23:43:49] [Server thread/INFO]: Saving and pausing game...
[23:43:49] [Server thread/INFO]: Saving chunks for level 'ServerLevel[Epic survival world]'/minecraft:overworld
[23:43:49] [Server thread/INFO]: Saving chunks for level 'ServerLevel[Epic survival world]'/minecraft:the_end
[23:43:49] [Server thread/INFO]: Saving chunks for level 'ServerLevel[Epic survival world]'/minecraft:the_nether
[23:52:27] [Render thread/INFO]: Stopping worker threads
[23:52:27] [Render thread/INFO]: Started 6 worker threads
[23:52:27] [Render thread/INFO]: Stopping worker threads
[23:52:27] [Render thread/INFO]: Started 6 worker threads
[23:52:27] [Server thread/INFO]: Saving and pausing game...
[23:52:27] [Server thread/INFO]: Saving chunks for level 'ServerLevel[Epic survival world]'/minecraft:overworld
[23:52:27] [Server thread/INFO]: Saving chunks for level 'ServerLevel[Epic survival world]'/minecraft:the_end
[23:52:27] [Server thread/INFO]: Saving chunks for level 'ServerLevel[Epic survival world]'/minecraft:the_nether
[23:52:53] [Render thread/INFO]: Stopping worker threads
[23:52:53] [Server thread/INFO]: Saving and pausing game...
[23:52:53] [Render thread/INFO]: Started 6 worker threads
[23:52:53] [Render thread/INFO]: Stopping worker threads
[23:52:53] [Render thread/INFO]: Started 6 worker threads
[23:52:53] [Server thread/INFO]: Saving chunks for level 'ServerLevel[Epic survival world]'/minecraft:overworld
[23:52:53] [Server thread/INFO]: Saving chunks for level 'ServerLevel[Epic survival world]'/minecraft:the_end
[23:52:53] [Server thread/INFO]: Saving chunks for level 'ServerLevel[Epic survival world]'/minecraft:the_nether
[23:54:48] [Render thread/INFO]: Stopping worker threads
[23:54:48] [Render thread/INFO]: Started 6 worker threads
[23:54:48] [Render thread/INFO]: Stopping worker threads
[23:54:48] [Render thread/INFO]: Started 6 worker threads
[23:54:48] [Server thread/INFO]: Saving and pausing game...
[23:54:48] [Server thread/INFO]: Saving chunks for level 'ServerLevel[Epic survival world]'/minecraft:overworld
[23:54:48] [Server thread/INFO]: Saving chunks for level 'ServerLevel[Epic survival world]'/minecraft:the_end
[23:54:48] [Server thread/INFO]: Saving chunks for level 'ServerLevel[Epic survival world]'/minecraft:the_nether
[23:55:15] [Render thread/INFO]: Loaded 846 advancements
[23:55:17] [Server thread/INFO]: 16thGarden has made the advancement [A Seedy Place]
[23:55:17] [Render thread/INFO]: [System] [CHAT] 16thGarden has made the advancement [A Seedy Place]
[23:55:17] [Render thread/INFO]: Loaded 846 advancements
[23:58:31] [Render thread/INFO]: Stopping worker threads
[23:58:31] [Server thread/INFO]: Saving and pausing game...
[23:58:31] [Render thread/INFO]: Started 6 worker threads
[23:58:31] [Render thread/INFO]: Stopping worker threads
[23:58:31] [Render thread/INFO]: Started 6 worker threads
[23:58:31] [Server thread/INFO]: Saving chunks for level 'ServerLevel[Epic survival world]'/minecraft:overworld
[23:58:31] [Server thread/INFO]: Saving chunks for level 'ServerLevel[Epic survival world]'/minecraft:the_end
[23:58:31] [Server thread/INFO]: Saving chunks for level 'ServerLevel[Epic survival world]'/minecraft:the_nether
[23:58:47] [Render thread/WARN]: Received passengers for unknown entity
[23:59:10] [Render thread/INFO]: Stopping worker threads
[23:59:10] [Render thread/INFO]: Started 6 worker threads
[23:59:10] [Server thread/INFO]: Saving and pausing game...
[23:59:10] [Render thread/INFO]: Stopping worker threads
[23:59:10] [Render thread/INFO]: Started 6 worker threads
[23:59:10] [Server thread/INFO]: Saving chunks for level 'ServerLevel[Epic survival world]'/minecraft:overworld
[23:59:10] [Server thread/INFO]: Saving chunks for level 'ServerLevel[Epic survival world]'/minecraft:the_end
[23:59:10] [Server thread/INFO]: Saving chunks for level 'ServerLevel[Epic survival world]'/minecraft:the_nether
[23:59:10] [Render thread/WARN]: Received passengers for unknown entity
[23:59:10] [Render thread/WARN]: Received passengers for unknown entity
[23:59:10] [Render thread/WARN]: Received passengers for unknown entity
[23:59:10] [Render thread/WARN]: Received passengers for unknown entity
[23:59:10] [Render thread/WARN]: Received passengers for unknown entity
[23:59:10] [Render thread/WARN]: Received passengers for unknown entity
[23:59:10] [Render thread/WARN]: Received passengers for unknown entity
[23:59:10] [Render thread/WARN]: Received passengers for unknown entity
[23:59:10] [Render thread/WARN]: Received passengers for unknown entity
[23:59:10] [Render thread/WARN]: Received passengers for unknown entity
