[17:18:01] [Datafixer Bootstrap/INFO]: 198 Datafixer optimizations took 164 milliseconds
[17:18:02] [Render thread/INFO]: Environment: Environment[sessionHost=https://sessionserver.mojang.com, servicesHost=https://api.minecraftservices.com, name=PROD]
[17:18:02] [Render thread/INFO]: Setting user: 16thGarden
[17:18:03] [Render thread/ERROR]: Error parsing option value  for option Text Background Opacity: Not a boolean: ""
[17:18:03] [Render thread/INFO]: Backend library: LWJGL version 3.3.2+13
[17:18:03] [Render thread/WARN]: Pack file/coffee totem declared support for versions [16, 22] but declared main format is 9, defaulting to 9
[17:18:03] [Render thread/WARN]: Removed resource pack Faithful 32x - 1.8.9.zip from options because it is no longer compatible
[17:18:03] [Render thread/WARN]: Removed resource pack bluelavanowplsthanks.zip from options because it is no longer compatible
[17:18:03] [Render thread/WARN]: Removed resource pack prism armor from options because it is no longer compatible
[17:18:03] [Render thread/WARN]: Removed resource pack Amethyst Gemstone Sounds from options because it is no longer compatible
[17:18:03] [Render thread/WARN]: Removed resource pack Small Icons from options because it is no longer compatible
[17:18:04] [Render thread/INFO]: Reloading ResourceManager: vanilla
[17:18:04] [Worker-Main-4/INFO]: Found unifont_all_no_pua-15.1.04.hex, loading
[17:18:06] [Render thread/WARN]: Missing sound for event: minecraft:item.goat_horn.play
[17:18:06] [Render thread/WARN]: Missing sound for event: minecraft:entity.goat.screaming.horn_break
[17:18:06] [Render thread/WARN]: Missing sound for event: minecraft:entity.generic.wind_burst
[17:18:06] [Render thread/INFO]: OpenAL initialized on device OpenAL Soft on Speakers (Razer Kraken Kitty Edition)
[17:18:06] [Render thread/INFO]: Sound engine started
[17:18:06] [Render thread/INFO]: Created: 1024x512x4 minecraft:textures/atlas/blocks.png-atlas
[17:18:06] [Render thread/INFO]: Created: 256x256x4 minecraft:textures/atlas/signs.png-atlas
[17:18:06] [Render thread/INFO]: Created: 512x512x4 minecraft:textures/atlas/banner_patterns.png-atlas
[17:18:06] [Render thread/INFO]: Created: 512x512x4 minecraft:textures/atlas/shield_patterns.png-atlas
[17:18:06] [Render thread/INFO]: Created: 1024x1024x4 minecraft:textures/atlas/armor_trims.png-atlas
[17:18:06] [Render thread/INFO]: Created: 256x256x4 minecraft:textures/atlas/chest.png-atlas
[17:18:06] [Render thread/INFO]: Created: 128x64x4 minecraft:textures/atlas/decorated_pot.png-atlas
[17:18:06] [Render thread/INFO]: Created: 512x256x4 minecraft:textures/atlas/shulker_boxes.png-atlas
[17:18:06] [Render thread/INFO]: Created: 512x256x4 minecraft:textures/atlas/beds.png-atlas
[17:18:06] [Render thread/WARN]: Shader rendertype_entity_translucent_emissive could not find sampler named Sampler2 in the specified shader program.
[17:18:06] [Render thread/INFO]: Created: 512x256x0 minecraft:textures/atlas/particles.png-atlas
[17:18:06] [Render thread/INFO]: Created: 256x256x0 minecraft:textures/atlas/paintings.png-atlas
[17:18:06] [Render thread/INFO]: Created: 128x128x0 minecraft:textures/atlas/mob_effects.png-atlas
[17:18:06] [Render thread/INFO]: Created: 1024x512x0 minecraft:textures/atlas/gui.png-atlas
[17:18:15] [Render thread/WARN]: Missing data pack fabric
[17:18:15] [Render thread/WARN]: Missing data pack fabric-convention-tags-v1
[17:18:16] [Render thread/INFO]: Loaded 7 recipes
[17:18:16] [Render thread/INFO]: Loaded 1271 advancements
[17:18:17] [Server thread/INFO]: Starting integrated minecraft server version 1.20.4
[17:18:17] [Server thread/INFO]: Generating keypair
[17:18:17] [Server thread/INFO]: Preparing start region for dimension minecraft:overworld
[17:18:19] [Render thread/INFO]: Preparing spawn area: 0%
[17:18:19] [Render thread/INFO]: Preparing spawn area: 0%
[17:18:19] [Render thread/INFO]: Preparing spawn area: 0%
[17:18:19] [Render thread/INFO]: Preparing spawn area: 0%
[17:18:19] [Render thread/INFO]: Preparing spawn area: 0%
[17:18:19] [Render thread/INFO]: Preparing spawn area: 0%
[17:18:20] [Render thread/INFO]: Preparing spawn area: 0%
[17:18:20] [Render thread/INFO]: Preparing spawn area: 13%
[17:18:21] [Render thread/INFO]: Preparing spawn area: 88%
[17:18:21] [Render thread/INFO]: Time elapsed: 4051 ms
[17:18:21] [Server thread/INFO]: Changing view distance to 16, from 10
[17:18:21] [Server thread/INFO]: Changing simulation distance to 12, from 0
[17:18:21] [Server thread/INFO]: 16thGarden[local:E:56d96f5e] logged in with entity id 366 at (11.416599789428428, 193.5, 163.69999998807907)
[17:18:22] [Server thread/INFO]: 16thGarden joined the game
[17:18:22] [Render thread/INFO]: Loaded 373 advancements
[17:20:29] [Thread-11/INFO]: OpenGL debug message: id=1280, source=API, type=ERROR, severity=HIGH, message='GL_INVALID_ENUM error generated.'
[17:23:11] [Server thread/INFO]: Saving and pausing game...
[17:23:11] [Server thread/INFO]: Saving chunks for level 'ServerLevel[super epic house]'/minecraft:overworld
[17:23:11] [Server thread/INFO]: Saving chunks for level 'ServerLevel[super epic house]'/minecraft:the_nether
[17:23:11] [Server thread/INFO]: Saving chunks for level 'ServerLevel[super epic house]'/minecraft:the_end
[17:23:12] [Server thread/INFO]: 16thGarden lost connection: Disconnected
[17:23:12] [Server thread/INFO]: 16thGarden left the game
[17:23:12] [Server thread/INFO]: Stopping singleplayer server as player logged out
[17:23:12] [Server thread/INFO]: Stopping server
[17:23:12] [Server thread/INFO]: Saving players
[17:23:12] [Server thread/INFO]: Saving worlds
[17:23:12] [Server thread/INFO]: Saving chunks for level 'ServerLevel[super epic house]'/minecraft:overworld
[17:23:12] [Server thread/INFO]: Saving chunks for level 'ServerLevel[super epic house]'/minecraft:the_nether
[17:23:12] [Server thread/INFO]: Saving chunks for level 'ServerLevel[super epic house]'/minecraft:the_end
[17:23:12] [Server thread/INFO]: ThreadedAnvilChunkStorage (super epic house): All chunks are saved
[17:23:12] [Server thread/INFO]: ThreadedAnvilChunkStorage (DIM-1): All chunks are saved
[17:23:12] [Server thread/INFO]: ThreadedAnvilChunkStorage (DIM1): All chunks are saved
[17:23:12] [Server thread/INFO]: ThreadedAnvilChunkStorage: All dimensions are saved
[17:23:14] [Render thread/WARN]: Missing data pack fabric
[17:23:14] [Render thread/WARN]: Missing data pack fabric-convention-tags-v1
[17:23:15] [Render thread/INFO]: Loaded 7 recipes
[17:23:15] [Render thread/INFO]: Loaded 1271 advancements
[17:23:15] [Server thread/INFO]: Starting integrated minecraft server version 1.20.4
[17:23:15] [Server thread/INFO]: Generating keypair
[17:23:17] [Server thread/INFO]: Preparing start region for dimension minecraft:overworld
[17:23:18] [Render thread/INFO]: Preparing spawn area: 0%
[17:23:18] [Render thread/INFO]: Preparing spawn area: 0%
[17:23:18] [Render thread/INFO]: Preparing spawn area: 0%
[17:23:18] [Render thread/INFO]: Preparing spawn area: 0%
[17:23:19] [Render thread/INFO]: Preparing spawn area: 10%
[17:23:19] [Render thread/INFO]: Time elapsed: 2441 ms
[17:23:19] [Server thread/INFO]: Changing view distance to 16, from 10
[17:23:19] [Server thread/INFO]: Changing simulation distance to 12, from 0
[17:23:19] [Server thread/INFO]: 16thGarden[local:E:96abc6ba] logged in with entity id 3038 at (435.30000001192093, 117.0625, 171.93917979077273)
[17:23:20] [Server thread/INFO]: 16thGarden joined the game
[17:23:20] [Render thread/INFO]: Loaded 1073 advancements
[17:23:31] [Render thread/WARN]: Received passengers for unknown entity
[17:23:31] [Render thread/WARN]: Received passengers for unknown entity
[17:24:10] [Server thread/INFO]: Saving and pausing game...
[17:24:10] [Server thread/INFO]: Saving chunks for level 'ServerLevel[Epic survival world]'/minecraft:overworld
[17:24:11] [Server thread/INFO]: Saving chunks for level 'ServerLevel[Epic survival world]'/minecraft:the_nether
[17:24:11] [Server thread/INFO]: Saving chunks for level 'ServerLevel[Epic survival world]'/minecraft:the_end
[17:24:11] [Render thread/WARN]: Received passengers for unknown entity
[17:24:11] [Render thread/WARN]: Received passengers for unknown entity
[17:24:11] [Render thread/WARN]: Received passengers for unknown entity
[17:24:11] [Render thread/WARN]: Received passengers for unknown entity
[17:24:11] [Render thread/WARN]: Received passengers for unknown entity
[17:24:11] [Render thread/WARN]: Received passengers for unknown entity
[17:24:11] [Render thread/WARN]: Received passengers for unknown entity
[17:24:11] [Render thread/WARN]: Received passengers for unknown entity
[17:24:11] [Render thread/WARN]: Received passengers for unknown entity
[17:24:11] [Render thread/WARN]: Received passengers for unknown entity
[17:24:11] [Render thread/WARN]: Received passengers for unknown entity
[17:24:11] [Render thread/WARN]: Received passengers for unknown entity
[17:24:11] [Render thread/WARN]: Received passengers for unknown entity
[17:24:11] [Render thread/WARN]: Received passengers for unknown entity
[17:24:11] [Render thread/WARN]: Received passengers for unknown entity
[17:24:11] [Render thread/WARN]: Received passengers for unknown entity
[17:24:11] [Render thread/WARN]: Received passengers for unknown entity
[17:25:00] [Server thread/INFO]: Saving and pausing game...
[17:25:00] [Server thread/INFO]: Saving chunks for level 'ServerLevel[Epic survival world]'/minecraft:overworld
[17:25:00] [Server thread/INFO]: Saving chunks for level 'ServerLevel[Epic survival world]'/minecraft:the_nether
[17:25:00] [Server thread/INFO]: Saving chunks for level 'ServerLevel[Epic survival world]'/minecraft:the_end
[17:25:11] [Server thread/INFO]: Saving and pausing game...
[17:25:11] [Server thread/INFO]: Saving chunks for level 'ServerLevel[Epic survival world]'/minecraft:overworld
[17:25:11] [Server thread/INFO]: Saving chunks for level 'ServerLevel[Epic survival world]'/minecraft:the_nether
[17:25:11] [Server thread/INFO]: Saving chunks for level 'ServerLevel[Epic survival world]'/minecraft:the_end
[17:26:10] [Render thread/WARN]: Unable to play empty soundEvent: minecraft:entity.tropical_fish.ambient
[17:28:44] [Render thread/INFO]: [System] [CHAT] Respawn point set
[17:35:13] [Server thread/INFO]: Saving and pausing game...
[17:35:13] [Server thread/INFO]: Saving chunks for level 'ServerLevel[Epic survival world]'/minecraft:overworld
[17:35:13] [Server thread/INFO]: Saving chunks for level 'ServerLevel[Epic survival world]'/minecraft:the_nether
[17:35:13] [Server thread/INFO]: Saving chunks for level 'ServerLevel[Epic survival world]'/minecraft:the_end
[17:35:13] [Server thread/INFO]: 16thGarden lost connection: Disconnected
[17:35:13] [Server thread/INFO]: 16thGarden left the game
[17:35:13] [Server thread/INFO]: Stopping singleplayer server as player logged out
[17:35:13] [Server thread/INFO]: Stopping server
[17:35:13] [Server thread/INFO]: Saving players
[17:35:13] [Server thread/INFO]: Saving worlds
[17:35:13] [Server thread/INFO]: Saving chunks for level 'ServerLevel[Epic survival world]'/minecraft:overworld
[17:35:14] [Server thread/INFO]: Saving chunks for level 'ServerLevel[Epic survival world]'/minecraft:the_nether
[17:35:14] [Server thread/INFO]: Saving chunks for level 'ServerLevel[Epic survival world]'/minecraft:the_end
[17:35:14] [Server thread/INFO]: ThreadedAnvilChunkStorage (Epic survival world): All chunks are saved
[17:35:14] [Server thread/INFO]: ThreadedAnvilChunkStorage (DIM-1): All chunks are saved
[17:35:14] [Server thread/INFO]: ThreadedAnvilChunkStorage (DIM1): All chunks are saved
[17:35:14] [Server thread/INFO]: ThreadedAnvilChunkStorage: All dimensions are saved
[17:35:16] [Render thread/WARN]: Missing data pack fabric
[17:35:16] [Render thread/WARN]: Missing data pack fabric-convention-tags-v1
[17:35:16] [Render thread/INFO]: Loaded 7 recipes
[17:35:16] [Render thread/INFO]: Loaded 1271 advancements
[17:35:17] [Server thread/INFO]: Starting integrated minecraft server version 1.20.4
[17:35:17] [Server thread/INFO]: Generating keypair
[17:35:17] [Server thread/INFO]: Preparing start region for dimension minecraft:overworld
[17:35:17] [Render thread/INFO]: Preparing spawn area: 0%
[17:35:17] [Render thread/INFO]: Preparing spawn area: 0%
[17:35:18] [Render thread/INFO]: Preparing spawn area: 0%
[17:35:18] [Render thread/INFO]: Preparing spawn area: 50%
[17:35:18] [Render thread/INFO]: Time elapsed: 1727 ms
[17:35:18] [Server thread/INFO]: Changing view distance to 16, from 10
[17:35:18] [Server thread/INFO]: Changing simulation distance to 12, from 0
[17:35:18] [Server thread/INFO]: 16thGarden[local:E:249e8586] logged in with entity id 13049 at (-23.83269458271053, -37.26495663684247, -33.950817056710534)
[17:35:18] [Server thread/INFO]: 16thGarden joined the game
[17:35:19] [Render thread/INFO]: Loaded 562 advancements
[17:38:30] [Server thread/INFO]: [16thGarden: Teleported 16thGarden to 134.239878, 250.000000, 163.759496]
[17:38:30] [Render thread/INFO]: [System] [CHAT] Teleported 16thGarden to 134.239878, 250.000000, 163.759496
[17:42:42] [Server thread/INFO]: Saving and pausing game...
[17:42:42] [Server thread/INFO]: Saving chunks for level 'ServerLevel[testing]'/minecraft:overworld
[17:42:42] [Server thread/INFO]: Saving chunks for level 'ServerLevel[testing]'/minecraft:the_nether
[17:42:42] [Server thread/INFO]: Saving chunks for level 'ServerLevel[testing]'/minecraft:the_end
[17:42:43] [Server thread/INFO]: 16thGarden lost connection: Disconnected
[17:42:43] [Server thread/INFO]: 16thGarden left the game
[17:42:43] [Server thread/INFO]: Stopping singleplayer server as player logged out
[17:42:43] [Server thread/INFO]: Stopping server
[17:42:43] [Server thread/INFO]: Saving players
[17:42:43] [Server thread/INFO]: Saving worlds
[17:42:43] [Server thread/INFO]: Saving chunks for level 'ServerLevel[testing]'/minecraft:overworld
[17:42:43] [Server thread/INFO]: Saving chunks for level 'ServerLevel[testing]'/minecraft:the_nether
[17:42:43] [Server thread/INFO]: Saving chunks for level 'ServerLevel[testing]'/minecraft:the_end
[17:42:43] [Server thread/INFO]: ThreadedAnvilChunkStorage (New World (1)): All chunks are saved
[17:42:43] [Server thread/INFO]: ThreadedAnvilChunkStorage (DIM-1): All chunks are saved
[17:42:43] [Server thread/INFO]: ThreadedAnvilChunkStorage (DIM1): All chunks are saved
[17:42:43] [Server thread/INFO]: ThreadedAnvilChunkStorage: All dimensions are saved
[17:42:44] [Render thread/INFO]: Loaded 7 recipes
[17:42:45] [Render thread/INFO]: Loaded 1271 advancements
[17:42:45] [Server thread/INFO]: Starting integrated minecraft server version 1.20.4
[17:42:45] [Server thread/INFO]: Generating keypair
[17:42:46] [Server thread/INFO]: Preparing start region for dimension minecraft:overworld
[17:42:47] [Render thread/INFO]: Preparing spawn area: 0%
[17:42:47] [Render thread/INFO]: Preparing spawn area: 0%
[17:42:47] [Render thread/INFO]: Preparing spawn area: 0%
[17:42:48] [Render thread/INFO]: Preparing spawn area: 0%
[17:42:48] [Render thread/INFO]: Preparing spawn area: 1%
[17:42:49] [Server thread/INFO]: Changing view distance to 16, from 10
[17:42:49] [Server thread/INFO]: Changing simulation distance to 12, from 0
[17:42:49] [Render thread/INFO]: Time elapsed: 2482 ms
[17:42:49] [Server thread/INFO]: 16thGarden[local:E:cb18e80c] logged in with entity id 16815 at (-47.53641851961842, 66.0, -47.66407972173644)
[17:42:49] [Server thread/INFO]: 16thGarden joined the game
[17:42:49] [Render thread/INFO]: Loaded 1073 advancements
[17:42:59] [Server thread/INFO]: Saving and pausing game...
[17:42:59] [Server thread/INFO]: Saving chunks for level 'ServerLevel[Epic survival world]'/minecraft:overworld
[17:42:59] [Server thread/INFO]: Saving chunks for level 'ServerLevel[Epic survival world]'/minecraft:the_nether
[17:42:59] [Server thread/INFO]: Saving chunks for level 'ServerLevel[Epic survival world]'/minecraft:the_end
[17:43:18] [Render thread/WARN]: Received passengers for unknown entity
[17:43:23] [Server thread/INFO]: Saving and pausing game...
[17:43:23] [Server thread/INFO]: Saving chunks for level 'ServerLevel[Epic survival world]'/minecraft:overworld
[17:43:23] [Server thread/INFO]: Saving chunks for level 'ServerLevel[Epic survival world]'/minecraft:the_nether
[17:43:23] [Server thread/INFO]: Saving chunks for level 'ServerLevel[Epic survival world]'/minecraft:the_end
[17:43:53] [Render thread/WARN]: Unable to play empty soundEvent: minecraft:entity.salmon.ambient
[17:46:46] [Server thread/INFO]: Saving and pausing game...
[17:46:46] [Server thread/INFO]: Saving chunks for level 'ServerLevel[Epic survival world]'/minecraft:overworld
[17:46:46] [Server thread/INFO]: Saving chunks for level 'ServerLevel[Epic survival world]'/minecraft:the_nether
[17:46:47] [Server thread/INFO]: Saving chunks for level 'ServerLevel[Epic survival world]'/minecraft:the_end
[17:47:00] [Render thread/WARN]: Received passengers for unknown entity
[17:47:00] [Render thread/WARN]: Received passengers for unknown entity
[17:47:00] [Render thread/WARN]: Received passengers for unknown entity
[17:47:46] [Render thread/WARN]: Received passengers for unknown entity
[17:47:59] [Render thread/WARN]: Received passengers for unknown entity
[17:48:14] [Server thread/INFO]: Saving and pausing game...
[17:48:14] [Server thread/INFO]: Saving chunks for level 'ServerLevel[Epic survival world]'/minecraft:overworld
[17:48:14] [Server thread/INFO]: Saving chunks for level 'ServerLevel[Epic survival world]'/minecraft:the_nether
[17:48:14] [Server thread/INFO]: Saving chunks for level 'ServerLevel[Epic survival world]'/minecraft:the_end
[17:49:24] [Server thread/INFO]: Saving and pausing game...
[17:49:24] [Server thread/INFO]: Saving chunks for level 'ServerLevel[Epic survival world]'/minecraft:overworld
[17:49:24] [Server thread/INFO]: Saving chunks for level 'ServerLevel[Epic survival world]'/minecraft:the_nether
[17:49:24] [Server thread/INFO]: Saving chunks for level 'ServerLevel[Epic survival world]'/minecraft:the_end
[17:49:26] [Render thread/WARN]: Received passengers for unknown entity
[17:50:01] [Render thread/WARN]: Received passengers for unknown entity
[17:50:08] [Render thread/WARN]: Received passengers for unknown entity
[17:50:08] [Render thread/WARN]: Received passengers for unknown entity
[17:50:08] [Render thread/WARN]: Received passengers for unknown entity
[17:51:03] [Render thread/WARN]: Received passengers for unknown entity
[17:51:06] [Render thread/WARN]: Received passengers for unknown entity
[17:52:32] [Render thread/INFO]: [System] [CHAT] [Debug]: Hitboxes: shown
[17:52:58] [Render thread/INFO]: [System] [CHAT] [Debug]: Hitboxes: hidden
[17:53:50] [Render thread/WARN]: Received passengers for unknown entity
[17:54:09] [Render thread/WARN]: Received passengers for unknown entity
[17:54:18] [Render thread/WARN]: Received passengers for unknown entity
[17:54:18] [Render thread/WARN]: Received passengers for unknown entity
[17:54:18] [Render thread/WARN]: Received passengers for unknown entity
[17:54:21] [Render thread/WARN]: Received passengers for unknown entity
[17:54:55] [Render thread/WARN]: Received passengers for unknown entity
[17:55:04] [Server thread/INFO]: Saving and pausing game...
[17:55:04] [Server thread/INFO]: Saving chunks for level 'ServerLevel[Epic survival world]'/minecraft:overworld
[17:55:04] [Server thread/INFO]: Saving chunks for level 'ServerLevel[Epic survival world]'/minecraft:the_nether
[17:55:04] [Server thread/INFO]: Saving chunks for level 'ServerLevel[Epic survival world]'/minecraft:the_end
[17:55:08] [Server thread/INFO]: Saving and pausing game...
[17:55:08] [Server thread/INFO]: Saving chunks for level 'ServerLevel[Epic survival world]'/minecraft:overworld
[17:55:09] [Server thread/INFO]: Saving chunks for level 'ServerLevel[Epic survival world]'/minecraft:the_nether
[17:55:09] [Server thread/INFO]: Saving chunks for level 'ServerLevel[Epic survival world]'/minecraft:the_end
[17:56:36] [Server thread/INFO]: Saving and pausing game...
[17:56:36] [Server thread/INFO]: Saving chunks for level 'ServerLevel[Epic survival world]'/minecraft:overworld
[17:56:36] [Server thread/INFO]: Saving chunks for level 'ServerLevel[Epic survival world]'/minecraft:the_nether
[17:56:36] [Server thread/INFO]: Saving chunks for level 'ServerLevel[Epic survival world]'/minecraft:the_end
[17:56:56] [Server thread/INFO]: Saving and pausing game...
[17:56:56] [Server thread/INFO]: Saving chunks for level 'ServerLevel[Epic survival world]'/minecraft:overworld
[17:56:57] [Server thread/INFO]: Saving chunks for level 'ServerLevel[Epic survival world]'/minecraft:the_nether
[17:56:57] [Server thread/INFO]: Saving chunks for level 'ServerLevel[Epic survival world]'/minecraft:the_end
[17:56:57] [Render thread/WARN]: Received passengers for unknown entity
[17:57:11] [Server thread/INFO]: Saving and pausing game...
[17:57:11] [Server thread/INFO]: Saving chunks for level 'ServerLevel[Epic survival world]'/minecraft:overworld
[17:57:11] [Server thread/INFO]: Saving chunks for level 'ServerLevel[Epic survival world]'/minecraft:the_nether
[17:57:11] [Server thread/INFO]: Saving chunks for level 'ServerLevel[Epic survival world]'/minecraft:the_end
[17:57:15] [Server thread/INFO]: Saving and pausing game...
[17:57:15] [Server thread/INFO]: Saving chunks for level 'ServerLevel[Epic survival world]'/minecraft:overworld
[17:57:15] [Server thread/INFO]: Saving chunks for level 'ServerLevel[Epic survival world]'/minecraft:the_nether
[17:57:15] [Server thread/INFO]: Saving chunks for level 'ServerLevel[Epic survival world]'/minecraft:the_end
[17:58:12] [Server thread/INFO]: Saving and pausing game...
[17:58:12] [Server thread/INFO]: Saving chunks for level 'ServerLevel[Epic survival world]'/minecraft:overworld
[17:58:12] [Server thread/INFO]: Saving chunks for level 'ServerLevel[Epic survival world]'/minecraft:the_nether
[17:58:12] [Server thread/INFO]: Saving chunks for level 'ServerLevel[Epic survival world]'/minecraft:the_end
[17:58:12] [Render thread/WARN]: Received passengers for unknown entity
[18:08:29] [Server thread/INFO]: Saving and pausing game...
[18:08:29] [Server thread/INFO]: Saving chunks for level 'ServerLevel[Epic survival world]'/minecraft:overworld
[18:08:29] [Server thread/INFO]: Saving chunks for level 'ServerLevel[Epic survival world]'/minecraft:the_nether
[18:08:29] [Server thread/INFO]: Saving chunks for level 'ServerLevel[Epic survival world]'/minecraft:the_end
[18:08:29] [Server thread/INFO]: 16thGarden lost connection: Disconnected
[18:08:29] [Server thread/INFO]: 16thGarden left the game
[18:08:29] [Server thread/INFO]: Stopping singleplayer server as player logged out
[18:08:29] [Server thread/INFO]: Stopping server
[18:08:29] [Server thread/INFO]: Saving players
[18:08:29] [Server thread/INFO]: Saving worlds
[18:08:29] [Server thread/INFO]: Saving chunks for level 'ServerLevel[Epic survival world]'/minecraft:overworld
[18:08:29] [Server thread/INFO]: Saving chunks for level 'ServerLevel[Epic survival world]'/minecraft:the_nether
[18:08:29] [Server thread/INFO]: Saving chunks for level 'ServerLevel[Epic survival world]'/minecraft:the_end
[18:08:29] [Server thread/INFO]: ThreadedAnvilChunkStorage (Epic survival world): All chunks are saved
[18:08:29] [Server thread/INFO]: ThreadedAnvilChunkStorage (DIM-1): All chunks are saved
[18:08:29] [Server thread/INFO]: ThreadedAnvilChunkStorage (DIM1): All chunks are saved
[18:08:29] [Server thread/INFO]: ThreadedAnvilChunkStorage: All dimensions are saved
[18:08:36] [Render thread/INFO]: Stopping!
