[00:58:55] [Render thread/INFO]: Stopping worker threads
[00:58:56] [Render thread/INFO]: Started 6 worker threads
[00:58:56] [Render thread/INFO]: Stopping worker threads
[00:58:56] [Render thread/INFO]: Started 6 worker threads
[01:00:35] [Render thread/INFO]: Stopping worker threads
[01:00:35] [Render thread/INFO]: Started 6 worker threads
[01:00:35] [Render thread/INFO]: Stopping worker threads
[01:00:35] [Render thread/INFO]: Started 6 worker threads
[01:00:51] [Render thread/WARN]: Received passengers for unknown entity
[01:01:21] [Server thread/WARN]: 16thGarden moved wrongly!
[01:04:38] [Render thread/INFO]: [System] [CHAT] [Debug]: Hitboxes: shown
[01:04:39] [Render thread/INFO]: [System] [CHAT] [Debug]: Hitboxes: hidden
[01:09:23] [Render thread/WARN]: Received passengers for unknown entity
[01:09:31] [Render thread/WARN]: Received passengers for unknown entity
[01:10:02] [Render thread/INFO]: Stopping worker threads
[01:10:02] [Render thread/INFO]: Started 6 worker threads
[01:10:02] [Render thread/INFO]: Stopping worker threads
[01:10:02] [Render thread/INFO]: Started 6 worker threads
[01:10:02] [Render thread/WARN]: Received passengers for unknown entity
[01:10:02] [Render thread/WARN]: Received passengers for unknown entity
[01:10:02] [Render thread/WARN]: Received passengers for unknown entity
[01:10:02] [Render thread/WARN]: Received passengers for unknown entity
[01:10:02] [Render thread/WARN]: Received passengers for unknown entity
[01:10:02] [Render thread/WARN]: Received passengers for unknown entity
[01:10:02] [Render thread/WARN]: Received passengers for unknown entity
[01:10:02] [Render thread/WARN]: Received passengers for unknown entity
[01:10:02] [Render thread/WARN]: Received passengers for unknown entity
[01:10:02] [Render thread/WARN]: Received passengers for unknown entity
[01:10:02] [Render thread/WARN]: Received passengers for unknown entity
[01:10:02] [Render thread/WARN]: Received passengers for unknown entity
[01:10:02] [Render thread/WARN]: Received passengers for unknown entity
[01:10:02] [Render thread/WARN]: Received passengers for unknown entity
[01:10:48] [Render thread/INFO]: Stopping worker threads
[01:10:48] [Render thread/INFO]: Started 6 worker threads
[01:10:48] [Render thread/INFO]: Stopping worker threads
[01:10:48] [Render thread/INFO]: Started 6 worker threads
[01:11:08] [Render thread/WARN]: Received passengers for unknown entity
[01:11:09] [Render thread/WARN]: Received passengers for unknown entity
[01:12:11] [Render thread/WARN]: Received passengers for unknown entity
[01:13:04] [Render thread/WARN]: Received passengers for unknown entity
[01:15:28] [Render thread/INFO]: [System] [CHAT] [Debug]: Hitboxes: shown
[01:15:30] [Render thread/INFO]: [System] [CHAT] [Debug]: Hitboxes: hidden
[01:15:31] [Render thread/INFO]: [System] [CHAT] [Debug]: Hitboxes: shown
[01:15:34] [Render thread/INFO]: [System] [CHAT] [Debug]: Hitboxes: hidden
[01:16:18] [Render thread/INFO]: [System] [CHAT] [Debug]: Hitboxes: shown
[01:16:19] [Render thread/INFO]: [System] [CHAT] [Debug]: Hitboxes: hidden
[01:17:15] [Render thread/INFO]: [System] [CHAT] [Debug]: Hitboxes: shown
[01:17:16] [Render thread/INFO]: [System] [CHAT] [Debug]: Hitboxes: hidden
[01:17:17] [Render thread/INFO]: [System] [CHAT] [Debug]: Hitboxes: shown
[01:17:19] [Render thread/INFO]: [System] [CHAT] [Debug]: Hitboxes: hidden
[01:17:52] [Render thread/INFO]: [System] [CHAT] [Debug]: Hitboxes: shown
[01:17:52] [Render thread/INFO]: [System] [CHAT] [Debug]: Hitboxes: hidden
[01:17:53] [Render thread/INFO]: [System] [CHAT] [Debug]: Chunk borders: shown
[01:18:04] [Render thread/INFO]: [System] [CHAT] [Debug]: Chunk borders: hidden
[01:23:48] [Render thread/INFO]: [System] [CHAT] [Debug]: Hitboxes: shown
[01:26:12] [Render thread/WARN]: Received passengers for unknown entity
[01:26:57] [Render thread/INFO]: Stopping worker threads
[01:26:57] [Render thread/INFO]: Started 6 worker threads
[01:26:57] [Render thread/INFO]: Stopping worker threads
[01:26:57] [Render thread/INFO]: Started 6 worker threads
[01:26:57] [Render thread/WARN]: Received passengers for unknown entity
[01:26:57] [Render thread/WARN]: Received passengers for unknown entity
[01:26:57] [Render thread/WARN]: Received passengers for unknown entity
[01:26:57] [Render thread/WARN]: Received passengers for unknown entity
[01:26:57] [Render thread/WARN]: Received passengers for unknown entity
[01:26:57] [Render thread/WARN]: Received passengers for unknown entity
[01:26:57] [Render thread/WARN]: Received passengers for unknown entity
[01:26:57] [Render thread/WARN]: Received passengers for unknown entity
[01:26:57] [Render thread/WARN]: Received passengers for unknown entity
[01:26:57] [Render thread/WARN]: Received passengers for unknown entity
[01:26:57] [Render thread/WARN]: Received passengers for unknown entity
[01:26:57] [Render thread/WARN]: Received passengers for unknown entity
[01:26:57] [Render thread/WARN]: Received passengers for unknown entity
[01:26:57] [Render thread/WARN]: Received passengers for unknown entity
[01:26:57] [Render thread/WARN]: Received passengers for unknown entity
[01:26:57] [Render thread/WARN]: Received passengers for unknown entity
[01:26:57] [Render thread/WARN]: Received passengers for unknown entity
[01:26:57] [Render thread/WARN]: Received passengers for unknown entity
[01:26:57] [Render thread/WARN]: Received passengers for unknown entity
[01:26:57] [Render thread/WARN]: Received passengers for unknown entity
[01:26:57] [Render thread/WARN]: Received passengers for unknown entity
[01:26:59] [Render thread/INFO]: [System] [CHAT] [Debug]: Hitboxes: hidden
[01:27:04] [Render thread/INFO]: Stopping worker threads
[01:27:04] [Render thread/INFO]: Started 6 worker threads
[01:27:04] [Render thread/INFO]: Stopping worker threads
[01:27:04] [Render thread/INFO]: Started 6 worker threads
[01:27:30] [Render thread/INFO]: Stopping worker threads
[01:27:30] [Render thread/INFO]: Started 6 worker threads
[01:27:31] [Render thread/INFO]: Stopping worker threads
[01:27:31] [Render thread/INFO]: Started 6 worker threads
[01:28:11] [Render thread/WARN]: Unable to play empty soundEvent: minecraft:entity.salmon.ambient
[01:53:17] [Render thread/WARN]: Unable to play empty soundEvent: minecraft:entity.tropical_fish.ambient
[01:56:38] [Sound engine/ERROR]: Stop: Invalid name parameter.
[01:56:58] [Essential Thread 4/WARN]: Connection closed unexpectedly (CloseInfo(code=4500, reason=SERVER_KEEP_ALIVE_TIMEOUT, remote=false, outdated=false)) after 5h 39m 29.091419700s
[01:56:58] [Render thread/INFO]: Authenticating to Mojang as 16thGarden (dc0548c7-2c22-450e-91f5-2a17cfde2a12)
[01:56:58] [DefaultDispatcher-worker-1/INFO]: Connecting to Essential Connection Manager...
[01:57:01] [WebSocketConnectReadThread-1327/INFO]: Connected to Essential Connection Manager.
[02:32:41] [WebSocketConnectReadThread-1327/WARN]: Connection closed unexpectedly (CloseInfo(code=1006, reason=, remote=true, outdated=false)) after 35m 39.780908900s
[02:32:41] [Render thread/INFO]: Authenticating to Mojang as 16thGarden (dc0548c7-2c22-450e-91f5-2a17cfde2a12)
[02:32:41] [DefaultDispatcher-worker-12/INFO]: Connecting to Essential Connection Manager...
[02:32:42] [WebSocketConnectReadThread-1373/INFO]: Connected to Essential Connection Manager.
[03:00:54] [Render thread/INFO]: [System] [CHAT] [Debug]: Hitboxes: shown
[03:01:50] [Render thread/INFO]: [System] [CHAT] [Debug]: Hitboxes: hidden
[03:02:47] [Render thread/INFO]: Stopping worker threads
[03:02:47] [Render thread/INFO]: Started 6 worker threads
[03:02:47] [Render thread/INFO]: Stopping worker threads
[03:02:47] [Render thread/INFO]: Started 6 worker threads
[03:02:54] [Render thread/WARN]: Received passengers for unknown entity
[03:03:28] [Render thread/INFO]: Stopping worker threads
[03:03:28] [Render thread/INFO]: Started 6 worker threads
[03:03:28] [Render thread/INFO]: Stopping worker threads
[03:03:28] [Render thread/INFO]: Started 6 worker threads
[03:03:28] [Render thread/WARN]: Received passengers for unknown entity
[03:03:28] [Render thread/WARN]: Received passengers for unknown entity
[03:03:28] [Render thread/WARN]: Received passengers for unknown entity
[03:03:28] [Render thread/WARN]: Received passengers for unknown entity
[03:03:28] [Render thread/WARN]: Received passengers for unknown entity
[03:03:28] [Render thread/WARN]: Received passengers for unknown entity
[03:03:28] [Render thread/WARN]: Received passengers for unknown entity
[03:03:28] [Render thread/WARN]: Received passengers for unknown entity
[03:03:28] [Render thread/WARN]: Received passengers for unknown entity
[03:03:28] [Render thread/WARN]: Received passengers for unknown entity
[03:03:28] [Render thread/WARN]: Received passengers for unknown entity
[03:03:28] [Render thread/WARN]: Received passengers for unknown entity
[03:03:28] [Render thread/WARN]: Received passengers for unknown entity
[03:03:28] [Render thread/WARN]: Received passengers for unknown entity
[03:03:28] [Render thread/WARN]: Received passengers for unknown entity
[03:03:28] [Render thread/WARN]: Received passengers for unknown entity
[03:03:28] [Render thread/WARN]: Received passengers for unknown entity
[03:03:28] [Render thread/WARN]: Received passengers for unknown entity
[03:03:40] [Render thread/INFO]: Stopping worker threads
[03:03:40] [Render thread/INFO]: Started 6 worker threads
[03:03:40] [Render thread/INFO]: Stopping worker threads
[03:03:40] [Render thread/INFO]: Started 6 worker threads
[03:03:54] [Render thread/INFO]: Stopping worker threads
[03:03:54] [Render thread/INFO]: Started 6 worker threads
[03:03:54] [Render thread/INFO]: Stopping worker threads
[03:03:54] [Render thread/INFO]: Started 6 worker threads
[03:16:34] [Render thread/INFO]: Stopping worker threads
[03:16:34] [Render thread/INFO]: Started 6 worker threads
[03:16:34] [Render thread/INFO]: Stopping worker threads
[03:16:34] [Render thread/INFO]: Started 6 worker threads
[03:16:46] [Render thread/INFO]: Stopping worker threads
[03:16:46] [Render thread/INFO]: Started 6 worker threads
[03:16:46] [Render thread/INFO]: Stopping worker threads
[03:16:46] [Render thread/INFO]: Started 6 worker threads
[03:16:49] [Render thread/WARN]: Unable to play empty soundEvent: minecraft:entity.cod.ambient
[03:17:58] [CullThread/INFO]: [STDERR]: java.lang.ArrayIndexOutOfBoundsException: Index 181 out of bounds for length 129
[03:17:58] [CullThread/INFO]: [STDERR]: 	at it.unimi.dsi.fastutil.ints.Int2ObjectLinkedOpenHashMap$MapIterator.nextEntry(Int2ObjectLinkedOpenHashMap.java:1183)
[03:17:58] [CullThread/INFO]: [STDERR]: 	at it.unimi.dsi.fastutil.ints.Int2ObjectLinkedOpenHashMap$ValueIterator.next(Int2ObjectLinkedOpenHashMap.java:1689)
[03:17:58] [CullThread/INFO]: [STDERR]: 	at com.google.common.collect.Iterators$1.next(Iterators.java:146)
[03:17:58] [CullThread/INFO]: [STDERR]: 	at dev.tr7zw.entityculling.CullTask.cullEntities(CullTask.java:90)
[03:17:58] [CullThread/INFO]: [STDERR]: 	at dev.tr7zw.entityculling.CullTask.run(CullTask.java:71)
[03:17:58] [CullThread/INFO]: [STDERR]: 	at java.base/java.lang.Thread.run(Thread.java:833)
[03:39:39] [Render thread/INFO]: Audio device was lost!
[03:39:39] [Render thread/WARN]: Missing sound for event: minecraft:item.goat_horn.play
[03:39:39] [Render thread/WARN]: Missing sound for event: minecraft:entity.goat.screaming.horn_break
[03:39:39] [Render thread/WARN]: Missing sound for event: minecraft:entity.generic.wind_burst
[03:39:40] [Render thread/INFO]: OpenAL initialized on device OpenAL Soft on Speakers (Razer Kraken Kitty Edition)
[03:39:40] [Render thread/INFO]: Sound engine started
[04:27:10] [Essential Thread 18/WARN]: Connection closed unexpectedly (CloseInfo(code=4500, reason=SERVER_KEEP_ALIVE_TIMEOUT, remote=false, outdated=false)) after 1h 54m 27.866330900s
[04:27:10] [Render thread/INFO]: Authenticating to Mojang as 16thGarden (dc0548c7-2c22-450e-91f5-2a17cfde2a12)
[04:27:10] [DefaultDispatcher-worker-12/INFO]: Connecting to Essential Connection Manager...
[04:27:13] [WebSocketConnectReadThread-1517/INFO]: Connected to Essential Connection Manager.
[05:13:59] [Essential Thread 4/WARN]: Connection closed unexpectedly (CloseInfo(code=4500, reason=SERVER_KEEP_ALIVE_TIMEOUT, remote=false, outdated=false)) after 46m 45.977110s
[05:13:59] [Render thread/INFO]: Authenticating to Mojang as 16thGarden (dc0548c7-2c22-450e-91f5-2a17cfde2a12)
[05:13:59] [DefaultDispatcher-worker-2/INFO]: Connecting to Essential Connection Manager...
[05:14:02] [WebSocketConnectReadThread-1545/INFO]: Connected to Essential Connection Manager.
[06:32:18] [WebSocketConnectReadThread-1545/WARN]: Connection closed unexpectedly (CloseInfo(code=1006, reason=, remote=true, outdated=false)) after 1h 18m 16.217589800s
[06:32:18] [Render thread/INFO]: Authenticating to Mojang as 16thGarden (dc0548c7-2c22-450e-91f5-2a17cfde2a12)
[06:32:18] [DefaultDispatcher-worker-8/INFO]: Connecting to Essential Connection Manager...
[06:32:19] [WebSocketConnectReadThread-1577/INFO]: Connected to Essential Connection Manager.
[06:52:19] [Essential Thread 15/WARN]: Connection closed unexpectedly (CloseInfo(code=4500, reason=SERVER_KEEP_ALIVE_TIMEOUT, remote=false, outdated=false)) after 20m 0.412582100s
[06:52:19] [Render thread/INFO]: Authenticating to Mojang as 16thGarden (dc0548c7-2c22-450e-91f5-2a17cfde2a12)
[06:52:20] [DefaultDispatcher-worker-10/INFO]: Connecting to Essential Connection Manager...
[06:52:20] [WebSocketConnectReadThread-1607/INFO]: Connected to Essential Connection Manager.
[06:53:01] [WebSocketConnectReadThread-1607/WARN]: Connection closed unexpectedly (CloseInfo(code=1006, reason=, remote=true, outdated=false)) after 40.390579300s
[06:53:01] [Render thread/INFO]: Authenticating to Mojang as 16thGarden (dc0548c7-2c22-450e-91f5-2a17cfde2a12)
[06:53:01] [DefaultDispatcher-worker-10/INFO]: Connecting to Essential Connection Manager...
[06:53:02] [WebSocketConnectReadThread-1627/INFO]: Connected to Essential Connection Manager.
[06:54:31] [WebSocketConnectReadThread-1627/WARN]: Connection closed unexpectedly (CloseInfo(code=1006, reason=, remote=true, outdated=false)) after 1m 29.816084900s
[06:54:31] [Render thread/INFO]: Waiting 10s before re-connecting
[06:54:41] [Render thread/INFO]: Authenticating to Mojang as 16thGarden (dc0548c7-2c22-450e-91f5-2a17cfde2a12)
[06:54:42] [DefaultDispatcher-worker-10/INFO]: Connecting to Essential Connection Manager...
[06:54:42] [WebSocketConnectReadThread-1632/INFO]: Connected to Essential Connection Manager.
[08:08:58] [WebSocketConnectReadThread-1632/WARN]: Connection closed unexpectedly (CloseInfo(code=1006, reason=, remote=true, outdated=false)) after 1h 14m 15.408191600s
[08:08:58] [Render thread/INFO]: Authenticating to Mojang as 16thGarden (dc0548c7-2c22-450e-91f5-2a17cfde2a12)
[08:08:58] [DefaultDispatcher-worker-10/INFO]: Connecting to Essential Connection Manager...
[08:09:01] [WebSocketConnectReadThread-1642/INFO]: Connected to Essential Connection Manager.
[08:12:25] [WebSocketConnectReadThread-1642/WARN]: Connection closed unexpectedly (CloseInfo(code=1006, reason=, remote=true, outdated=false)) after 3m 24.864786s
[08:12:25] [Render thread/INFO]: Authenticating to Mojang as 16thGarden (dc0548c7-2c22-450e-91f5-2a17cfde2a12)
[08:12:26] [DefaultDispatcher-worker-9/INFO]: Connecting to Essential Connection Manager...
[08:12:26] [WebSocketConnectReadThread-1670/INFO]: Connected to Essential Connection Manager.
[09:32:08] [WebSocketConnectReadThread-1670/WARN]: Connection closed unexpectedly (CloseInfo(code=1006, reason=, remote=true, outdated=false)) after 1h 19m 42.084749s
[09:32:08] [Render thread/INFO]: Authenticating to Mojang as 16thGarden (dc0548c7-2c22-450e-91f5-2a17cfde2a12)
[09:32:09] [DefaultDispatcher-worker-9/INFO]: Connecting to Essential Connection Manager...
[09:32:26] [WebSocketConnectReadThread-1684/INFO]: Connected to Essential Connection Manager.
[10:49:47] [WebSocketConnectReadThread-1684/WARN]: Connection closed unexpectedly (CloseInfo(code=1006, reason=, remote=true, outdated=false)) after 1h 17m 21.508526900s
[10:49:47] [Render thread/INFO]: Authenticating to Mojang as 16thGarden (dc0548c7-2c22-450e-91f5-2a17cfde2a12)
[10:49:47] [DefaultDispatcher-worker-10/INFO]: Connecting to Essential Connection Manager...
[10:49:50] [WebSocketConnectReadThread-1711/INFO]: Connected to Essential Connection Manager.
[12:06:43] [Render thread/INFO]: Audio device was lost!
[12:06:43] [Render thread/WARN]: Missing sound for event: minecraft:item.goat_horn.play
[12:06:43] [Render thread/WARN]: Missing sound for event: minecraft:entity.goat.screaming.horn_break
[12:06:43] [Render thread/WARN]: Missing sound for event: minecraft:entity.generic.wind_burst
[12:06:43] [Render thread/INFO]: OpenAL initialized on device OpenAL Soft on Speakers (Razer Kraken Kitty Edition)
[12:06:43] [Render thread/INFO]: Sound engine started
[12:07:43] [Server thread/INFO]: 16thGarden lost connection: Disconnected
[12:07:43] [Server thread/INFO]: 16thGarden left the game
[12:07:43] [Server thread/INFO]: Stopping singleplayer server as player logged out
[12:07:43] [Server thread/INFO]: Stopping server
[12:07:43] [Server thread/INFO]: Saving players
[12:07:43] [Server thread/INFO]: Saving worlds
[12:07:43] [Server thread/INFO]: Saving chunks for level 'ServerLevel[Epic survival world]'/minecraft:overworld
[12:07:43] [Server thread/INFO]: Saving chunks for level 'ServerLevel[Epic survival world]'/minecraft:the_nether
[12:07:43] [Server thread/INFO]: Saving chunks for level 'ServerLevel[Epic survival world]'/minecraft:the_end
[12:07:43] [Server thread/INFO]: ThreadedAnvilChunkStorage (Epic survival world): All chunks are saved
[12:07:43] [Server thread/INFO]: ThreadedAnvilChunkStorage (DIM-1): All chunks are saved
[12:07:43] [Server thread/INFO]: ThreadedAnvilChunkStorage (DIM1): All chunks are saved
[12:07:43] [Server thread/INFO]: ThreadedAnvilChunkStorage: All dimensions are saved
[12:07:43] [Render thread/INFO]: Stopping worker threads
[12:07:44] [Render thread/INFO]: Stopping!
[12:07:44] [CullThread/INFO]: [STDOUT]: Shutting down culling task!
