[12:11:36] [main/INFO]: Loading Minecraft 1.20.4 with Fabric Loader 0.15.7
[12:11:36] [main/WARN]: Warnings were found!
 - Mod 'CIT Resewn' (citresewn) 1.1.4+1.20.4 recommends any version of modmenu, which is missing!
	 - You should install any version of modmenu for the optimal experience.
[12:11:36] [main/INFO]: Loading 75 mods:
	- advanced-xray-fabric 84.0.0
	- appleskin 2.5.1+mc1.20.3
	   \-- cloth-config 13.0.114
	        \-- cloth-basic-math 0.6.1
	- carpet 1.4.128+v231205
	- citresewn 1.1.4+1.20.4
	   \-- citresewn-defaults 1.1.4+1.20.4
	- entityculling 1.6.3.1
	- essential-container 1.0.0
	   \-- essential-loader 1.2.1
	- fabric-api 0.96.4+1.20.4
	   |-- fabric-api-base 0.4.36+78d798af4f
	   |-- fabric-api-lookup-api-v1 1.6.49+82b1bb3e4f
	   |-- fabric-biome-api-v1 13.0.16+78d798af4f
	   |-- fabric-block-api-v1 1.0.16+3e2216cb4f
	   |-- fabric-block-view-api-v2 1.0.4+78d798af4f
	   |-- fabric-blockrenderlayer-v1 1.1.46+78d798af4f
	   |-- fabric-client-tags-api-v1 1.1.7+78d798af4f
	   |-- fabric-command-api-v1 1.2.41+f71b366f4f
	   |-- fabric-command-api-v2 2.2.20+78d798af4f
	   |-- fabric-commands-v0 0.2.58+df3654b34f
	   |-- fabric-containers-v0 0.1.86+df3654b34f
	   |-- fabric-content-registries-v0 5.0.14+78d798af4f
	   |-- fabric-convention-tags-v1 1.5.10+78d798af4f
	   |-- fabric-crash-report-info-v1 0.2.23+78d798af4f
	   |-- fabric-data-attachment-api-v1 1.1.3+b90db5744f
	   |-- fabric-data-generation-api-v1 13.2.3+5c0133444f
	   |-- fabric-dimensions-v1 2.1.61+78d798af4f
	   |-- fabric-entity-events-v1 1.6.1+09fc25014f
	   |-- fabric-events-interaction-v0 0.7.1+389931eb4f
	   |-- fabric-events-lifecycle-v0 0.2.74+df3654b34f
	   |-- fabric-game-rule-api-v1 1.0.46+78d798af4f
	   |-- fabric-item-api-v1 2.2.0+d6f2b0844f
	   |-- fabric-item-group-api-v1 4.0.25+58f8c0124f
	   |-- fabric-key-binding-api-v1 1.0.41+78d798af4f
	   |-- fabric-keybindings-v0 0.2.39+df3654b34f
	   |-- fabric-lifecycle-events-v1 2.3.0+a67ffb5d4f
	   |-- fabric-loot-api-v2 2.1.8+78d798af4f
	   |-- fabric-message-api-v1 6.0.5+78d798af4f
	   |-- fabric-mining-level-api-v1 2.1.64+78d798af4f
	   |-- fabric-model-loading-api-v1 1.0.8+78d798af4f
	   |-- fabric-models-v0 0.4.7+9386d8a74f
	   |-- fabric-networking-api-v1 3.1.7+2e5ac5484f
	   |-- fabric-object-builder-api-v1 13.0.13+080016e44f
	   |-- fabric-particles-v1 1.1.7+78d798af4f
	   |-- fabric-recipe-api-v1 2.0.20+78d798af4f
	   |-- fabric-registry-sync-v0 4.0.19+58f8c0124f
	   |-- fabric-renderer-api-v1 3.2.4+78d798af4f
	   |-- fabric-renderer-indigo 1.5.4+78d798af4f
	   |-- fabric-renderer-registries-v1 3.2.53+df3654b34f
	   |-- fabric-rendering-data-attachment-v1 0.3.42+73761d2e4f
	   |-- fabric-rendering-fluids-v1 3.1.1+e761c6694f
	   |-- fabric-rendering-v0 1.1.56+df3654b34f
	   |-- fabric-rendering-v1 3.2.0+6fd945a04f
	   |-- fabric-resource-conditions-api-v1 2.3.14+78d798af4f
	   |-- fabric-resource-loader-v0 0.11.19+58f8c0124f
	   |-- fabric-screen-api-v1 2.0.17+78d798af4f
	   |-- fabric-screen-handler-api-v1 1.3.55+78d798af4f
	   |-- fabric-sound-api-v1 1.0.17+78d798af4f
	   |-- fabric-transfer-api-v1 4.0.11+e84342304f
	   \-- fabric-transitive-access-wideners-v1 5.0.14+78d798af4f
	- fabricloader 0.15.7
	   \-- mixinextras 0.3.5
	- itemscroller 0.22.0
	- java 17
	- litematica 0.17.0
	- lithium 0.12.1
	- logical_zoom 0.0.22
	- malilib 0.18.1
	- minecraft 1.20.4
	- minihud 0.30.2
	- nvidium 0.2.6-beta
	- rebind_narrator 2.0.2
	- sodium 0.5.8+mc1.20.4
	- tweakeroo 0.19.2
[12:11:36] [main/INFO]: SpongePowered MIXIN Subsystem Version=0.8.5 Source=file:/C:/Users/Miguel%20Leyesa/AppData/Roaming/.minecraft/libraries/net/fabricmc/sponge-mixin/0.12.5+mixin.0.8.5/sponge-mixin-0.12.5+mixin.0.8.5.jar Service=Knot/Fabric Env=CLIENT
[12:11:37] [main/INFO]: Compatibility level set to JAVA_17
[12:11:37] [main/INFO]: Loaded configuration file for Lithium: 129 options available, 0 override(s) found
[12:11:38] [main/INFO]: Loaded configuration file for Sodium: 42 options available, 0 override(s) found
[12:11:41] [main/INFO]: Starting Essential Loader (stage2) version 1.6.0 (0500a9e0db06ef66767fc4dcffb05cd5) [stable]
[12:11:42] [main/INFO]: Starting Essential v1.3.1.3 (#88238d7752) [stable]
[12:11:42] [main/INFO]: Java: OpenJDK 64-Bit Server VM (v17.0.8) by Microsoft (Microsoft)
[12:11:42] [main/INFO]: Java Path: C:\Users\Miguel Leyesa\AppData\Local\Packages\Microsoft.4297127D64EC6_8wekyb3d8bbwe\LocalCache\Local\runtime\java-runtime-gamma\windows-x64\java-runtime-gamma\bin
[12:11:42] [main/INFO]: Java Info: mixed mode
[12:11:42] [main/INFO]: JVM Arguments: 
  - -XX:HeapDumpPath=MojangTricksIntelDriversForPerformance_javaw.exe_minecraft.exe.heapdump
  - -Xss1M
  - -Djava.library.path=C:\Users\Miguel Leyesa\AppData\Roaming\.minecraft\bin\cc9d3839148d498f98557594755fb8ae999dc26b
  - -Djna.tmpdir=C:\Users\Miguel Leyesa\AppData\Roaming\.minecraft\bin\cc9d3839148d498f98557594755fb8ae999dc26b
  - -Dorg.lwjgl.system.SharedLibraryExtractPath=C:\Users\Miguel Leyesa\AppData\Roaming\.minecraft\bin\cc9d3839148d498f98557594755fb8ae999dc26b
  - -Dio.netty.native.workdir=C:\Users\Miguel Leyesa\AppData\Roaming\.minecraft\bin\cc9d3839148d498f98557594755fb8ae999dc26b
  - -Dminecraft.launcher.brand=minecraft-launcher
  - -Dminecraft.launcher.version=2.23.7
  - -DFabricMcEmu= net.minecraft.client.main.Main 
  - -Xmx4G
  - -XX:+UnlockExperimentalVMOptions
  - -XX:+UseG1GC
  - -XX:G1NewSizePercent=20
  - -XX:G1ReservePercent=20
  - -XX:MaxGCPauseMillis=50
  - -XX:G1HeapRegionSize=32M
  - -Dlog4j.configurationFile=C:\Users\Miguel Leyesa\AppData\Roaming\.minecraft\assets\log_configs\client-1.12.xml
[12:11:42] [main/INFO]: OS: Windows 11 (v10.0) (Arch: amd64)
[12:11:42] [main/INFO]: Searching for graphics cards...
[12:11:42] [main/INFO]: Initializing MixinExtras via com.llamalad7.mixinextras.service.MixinExtrasServiceImpl(version=0.3.5).
[12:11:43] [main/INFO]: Found graphics card: GraphicsAdapterInfo[vendor=NVIDIA, name=NVIDIA GeForce RTX 3050 Laptop GPU, version=DriverVersion=31.0.15.4629]
[12:11:43] [main/INFO]: Found graphics card: GraphicsAdapterInfo[vendor=INTEL, name=Intel(R) UHD Graphics, version=DriverVersion=30.0.100.9864]
[12:11:43] [main/WARN]: Sodium has applied one or more workarounds to prevent crashes or other issues on your system: [NVIDIA_THREADED_OPTIMIZATIONS]
[12:11:43] [main/WARN]: This is not necessarily an issue, but it may result in certain features or optimizations being disabled. You can sometimes fix these issues by upgrading your graphics driver.
[12:11:49] [main/WARN]: @ModifyConstant conflict. Skipping mixins.tweakeroo.json:MixinStructureBlockBlockEntity from mod tweakeroo->@ModifyConstant::overrideMaxSize(I)I with priority 999, already redirected by carpet.mixins.json:StructureBlockEntity_limitsMixin from mod carpet->@ModifyConstant::negativeLimit(I)I with priority 1000
[12:11:49] [main/WARN]: @ModifyConstant conflict. Skipping mixins.tweakeroo.json:MixinStructureBlockBlockEntity from mod tweakeroo->@ModifyConstant::overrideMaxSize(I)I with priority 999, already redirected by carpet.mixins.json:StructureBlockEntity_limitsMixin from mod carpet->@ModifyConstant::positiveLimit(I)I with priority 1000
[12:11:49] [main/WARN]: @ModifyConstant conflict. Skipping mixins.tweakeroo.json:MixinStructureBlockBlockEntity from mod tweakeroo->@ModifyConstant::overrideMaxSize(I)I with priority 999, already redirected by carpet.mixins.json:StructureBlockEntity_limitsMixin from mod carpet->@ModifyConstant::negativeLimit(I)I with priority 1000
[12:11:49] [main/WARN]: @ModifyConstant conflict. Skipping mixins.tweakeroo.json:MixinStructureBlockBlockEntity from mod tweakeroo->@ModifyConstant::overrideMaxSize(I)I with priority 999, already redirected by carpet.mixins.json:StructureBlockEntity_limitsMixin from mod carpet->@ModifyConstant::positiveLimit(I)I with priority 1000
[12:11:49] [main/WARN]: @ModifyConstant conflict. Skipping mixins.tweakeroo.json:MixinStructureBlockBlockEntity from mod tweakeroo->@ModifyConstant::overrideMaxSize(I)I with priority 999, already redirected by carpet.mixins.json:StructureBlockEntity_limitsMixin from mod carpet->@ModifyConstant::negativeLimit(I)I with priority 1000
[12:11:49] [main/WARN]: @ModifyConstant conflict. Skipping mixins.tweakeroo.json:MixinStructureBlockBlockEntity from mod tweakeroo->@ModifyConstant::overrideMaxSize(I)I with priority 999, already redirected by carpet.mixins.json:StructureBlockEntity_limitsMixin from mod carpet->@ModifyConstant::positiveLimit(I)I with priority 1000
[12:11:49] [main/WARN]: @ModifyConstant conflict. Skipping mixins.tweakeroo.json:MixinStructureBlockBlockEntity from mod tweakeroo->@ModifyConstant::overrideMaxSize(I)I with priority 999, already redirected by carpet.mixins.json:StructureBlockEntity_limitsMixin from mod carpet->@ModifyConstant::positiveLimit(I)I with priority 1000
[12:11:49] [main/WARN]: @ModifyConstant conflict. Skipping mixins.tweakeroo.json:MixinStructureBlockBlockEntity from mod tweakeroo->@ModifyConstant::overrideMaxSize(I)I with priority 999, already redirected by carpet.mixins.json:StructureBlockEntity_limitsMixin from mod carpet->@ModifyConstant::positiveLimit(I)I with priority 1000
[12:11:49] [main/WARN]: @ModifyConstant conflict. Skipping mixins.tweakeroo.json:MixinStructureBlockBlockEntity from mod tweakeroo->@ModifyConstant::overrideMaxSize(I)I with priority 999, already redirected by carpet.mixins.json:StructureBlockEntity_limitsMixin from mod carpet->@ModifyConstant::positiveLimit(I)I with priority 1000
[12:11:52] [Datafixer Bootstrap/INFO]: 198 Datafixer optimizations took 290 milliseconds
[12:11:56] [Render thread/INFO]: Environment: Environment[sessionHost=https://sessionserver.mojang.com, servicesHost=https://api.minecraftservices.com, name=PROD]
[12:11:56] [Render thread/INFO]: Setting user: 16thGarden
[12:11:58] [Render thread/INFO]: Starting DI!
[12:11:58] [Render thread/INFO]: Authenticating to Mojang as 16thGarden (dc0548c7-2c22-450e-91f5-2a17cfde2a12)
[12:11:58] [DefaultDispatcher-worker-1/INFO]: Connecting to Essential Connection Manager...
[12:11:58] [DefaultDispatcher-worker-1/INFO]: Using Default JreDnsResolver
[12:11:58] [DefaultDispatcher-worker-1/INFO]: Using Default JreSocketFactory
[12:11:59] [Render thread/INFO]: XRay mod has been initialized
[12:11:59] [Render thread/INFO]: [citresewn] Registering CIT Conditions
[12:11:59] [Render thread/INFO]: [citresewn] Registering CIT Types
[12:11:59] [WebSocketConnectReadThread-74/INFO]: Connected to Essential Connection Manager.
[12:11:59] [Render thread/INFO]: [Indigo] Different rendering plugin detected; not applying Indigo.
[12:11:59] [Render thread/INFO]: OptiFine not detected.
[12:12:00] [Render thread/INFO]: Backend library: LWJGL version 3.3.2-snapshot
[12:12:00] [Render thread/WARN]: Applying workaround: Prevent the NVIDIA OpenGL driver from using broken optimizations (NVIDIA_THREADED_OPTIMIZATIONS)
[12:12:00] [Render thread/INFO]: All capabilities met
[12:12:00] [Render thread/INFO]: Enabling Nvidium
[12:12:00] [Render thread/INFO]: OpenGL Vendor: NVIDIA Corporation
[12:12:00] [Render thread/INFO]: OpenGL Renderer: NVIDIA GeForce RTX 3050 Laptop GPU/PCIe/SSE2
[12:12:00] [Render thread/INFO]: OpenGL Version: 3.2.0 NVIDIA 546.29
[12:12:01] [Render thread/WARN]: Pack file/coffee totem declared support for versions [16, 22] but declared main format is 9, defaulting to 9
[12:12:01] [ForkJoinPool.commonPool-worker-2/INFO]: [STDERR]: org.objectweb.asm.tree.analysis.AnalyzerException: Error at instruction 137: Trying to set an inexistant local variable 9
[12:12:01] [ForkJoinPool.commonPool-worker-2/INFO]: [STDERR]: 	at org.objectweb.asm.tree.analysis.Analyzer.analyze(Analyzer.java:279)
[12:12:01] [ForkJoinPool.commonPool-worker-2/INFO]: [STDERR]: 	at org.spongepowered.asm.util.Locals.generateLocalVariableTable(Locals.java:859)
[12:12:01] [ForkJoinPool.commonPool-worker-2/INFO]: [STDERR]: 	at org.spongepowered.asm.util.Locals.getGeneratedLocalVariableTable(Locals.java:828)
[12:12:01] [ForkJoinPool.commonPool-worker-2/INFO]: [STDERR]: 	at org.spongepowered.asm.util.Locals.getLocalVariableAt(Locals.java:782)
[12:12:01] [ForkJoinPool.commonPool-worker-2/INFO]: [STDERR]: 	at org.spongepowered.asm.util.Locals.getLocalVariableAt(Locals.java:752)
[12:12:01] [ForkJoinPool.commonPool-worker-2/INFO]: [STDERR]: 	at org.spongepowered.asm.util.Locals.getLocalsAt(Locals.java:529)
[12:12:01] [ForkJoinPool.commonPool-worker-2/INFO]: [STDERR]: 	at org.spongepowered.asm.util.Locals.getLocalsAt(Locals.java:336)
[12:12:01] [ForkJoinPool.commonPool-worker-2/INFO]: [STDERR]: 	at org.spongepowered.asm.mixin.injection.modify.LocalVariableDiscriminator$Context.initLocals(LocalVariableDiscriminator.java:154)
[12:12:01] [ForkJoinPool.commonPool-worker-2/INFO]: [STDERR]: 	at org.spongepowered.asm.mixin.injection.modify.LocalVariableDiscriminator$Context.<init>(LocalVariableDiscriminator.java:148)
[12:12:01] [ForkJoinPool.commonPool-worker-2/INFO]: [STDERR]: 	at org.spongepowered.asm.mixin.injection.modify.ModifyVariableInjector$Context.<init>(ModifyVariableInjector.java:71)
[12:12:01] [ForkJoinPool.commonPool-worker-2/INFO]: [STDERR]: 	at org.spongepowered.asm.mixin.injection.modify.ModifyVariableInjector.preInject(ModifyVariableInjector.java:159)
[12:12:01] [ForkJoinPool.commonPool-worker-2/INFO]: [STDERR]: 	at org.spongepowered.asm.mixin.injection.code.Injector.preInject(Injector.java:258)
[12:12:01] [ForkJoinPool.commonPool-worker-2/INFO]: [STDERR]: 	at org.spongepowered.asm.mixin.injection.struct.InjectionInfo.preInject(InjectionInfo.java:436)
[12:12:01] [ForkJoinPool.commonPool-worker-2/INFO]: [STDERR]: 	at org.spongepowered.asm.mixin.transformer.MixinTargetContext.applyInjections(MixinTargetContext.java:1370)
[12:12:01] [ForkJoinPool.commonPool-worker-2/INFO]: [STDERR]: 	at org.spongepowered.asm.mixin.transformer.MixinApplicatorStandard.applyInjections(MixinApplicatorStandard.java:1062)
[12:12:01] [ForkJoinPool.commonPool-worker-2/INFO]: [STDERR]: 	at org.spongepowered.asm.mixin.transformer.MixinApplicatorStandard.applyMixin(MixinApplicatorStandard.java:402)
[12:12:01] [ForkJoinPool.commonPool-worker-2/INFO]: [STDERR]: 	at org.spongepowered.asm.mixin.transformer.MixinApplicatorStandard.apply(MixinApplicatorStandard.java:327)
[12:12:01] [ForkJoinPool.commonPool-worker-2/INFO]: [STDERR]: 	at org.spongepowered.asm.mixin.transformer.TargetClassContext.apply(TargetClassContext.java:421)
[12:12:01] [ForkJoinPool.commonPool-worker-2/INFO]: [STDERR]: 	at org.spongepowered.asm.mixin.transformer.TargetClassContext.applyMixins(TargetClassContext.java:403)
[12:12:01] [ForkJoinPool.commonPool-worker-2/INFO]: [STDERR]: 	at org.spongepowered.asm.mixin.transformer.MixinProcessor.applyMixins(MixinProcessor.java:363)
[12:12:01] [ForkJoinPool.commonPool-worker-2/INFO]: [STDERR]: 	at org.spongepowered.asm.mixin.transformer.MixinTransformer.transformClass(MixinTransformer.java:234)
[12:12:01] [ForkJoinPool.commonPool-worker-2/INFO]: [STDERR]: 	at org.spongepowered.asm.mixin.transformer.MixinTransformer.transformClassBytes(MixinTransformer.java:202)
[12:12:01] [ForkJoinPool.commonPool-worker-2/INFO]: [STDERR]: 	at net.fabricmc.loader.impl.launch.knot.KnotClassDelegate.getPostMixinClassByteArray(KnotClassDelegate.java:422)
[12:12:01] [ForkJoinPool.commonPool-worker-2/INFO]: [STDERR]: 	at net.fabricmc.loader.impl.launch.knot.KnotClassDelegate.tryLoadClass(KnotClassDelegate.java:323)
[12:12:01] [ForkJoinPool.commonPool-worker-2/INFO]: [STDERR]: 	at net.fabricmc.loader.impl.launch.knot.KnotClassDelegate.loadClass(KnotClassDelegate.java:218)
[12:12:01] [ForkJoinPool.commonPool-worker-2/INFO]: [STDERR]: 	at net.fabricmc.loader.impl.launch.knot.KnotClassLoader.loadClass(KnotClassLoader.java:119)
[12:12:01] [ForkJoinPool.commonPool-worker-2/INFO]: [STDERR]: 	at java.base/java.lang.ClassLoader.loadClass(ClassLoader.java:525)
[12:12:01] [ForkJoinPool.commonPool-worker-2/INFO]: [STDERR]: 	at gg.essential.universal.UGraphics.<clinit>(UGraphics.java:774)
[12:12:01] [ForkJoinPool.commonPool-worker-2/INFO]: [STDERR]: 	at gg.essential.elementa.components.UIImage._init_$lambda-1(UIImage.kt:60)
[12:12:01] [ForkJoinPool.commonPool-worker-2/INFO]: [STDERR]: 	at java.base/java.util.concurrent.CompletableFuture$UniAccept.tryFire(CompletableFuture.java:718)
[12:12:01] [ForkJoinPool.commonPool-worker-2/INFO]: [STDERR]: 	at java.base/java.util.concurrent.CompletableFuture$Completion.exec(CompletableFuture.java:483)
[12:12:01] [ForkJoinPool.commonPool-worker-2/INFO]: [STDERR]: 	at java.base/java.util.concurrent.ForkJoinTask.doExec(ForkJoinTask.java:373)
[12:12:01] [ForkJoinPool.commonPool-worker-2/INFO]: [STDERR]: 	at java.base/java.util.concurrent.ForkJoinPool$WorkQueue.topLevelExec(ForkJoinPool.java:1182)
[12:12:01] [ForkJoinPool.commonPool-worker-2/INFO]: [STDERR]: 	at java.base/java.util.concurrent.ForkJoinPool.scan(ForkJoinPool.java:1655)
[12:12:01] [ForkJoinPool.commonPool-worker-2/INFO]: [STDERR]: 	at java.base/java.util.concurrent.ForkJoinPool.runWorker(ForkJoinPool.java:1622)
[12:12:01] [ForkJoinPool.commonPool-worker-2/INFO]: [STDERR]: 	at java.base/java.util.concurrent.ForkJoinWorkerThread.run(ForkJoinWorkerThread.java:165)
[12:12:01] [ForkJoinPool.commonPool-worker-2/INFO]: [STDERR]: Caused by: java.lang.IndexOutOfBoundsException: Trying to set an inexistant local variable 9
[12:12:01] [ForkJoinPool.commonPool-worker-2/INFO]: [STDERR]: 	at org.objectweb.asm.tree.analysis.Frame.setLocal(Frame.java:208)
[12:12:01] [ForkJoinPool.commonPool-worker-2/INFO]: [STDERR]: 	at org.objectweb.asm.tree.analysis.Frame.execute(Frame.java:337)
[12:12:01] [ForkJoinPool.commonPool-worker-2/INFO]: [STDERR]: 	at org.objectweb.asm.tree.analysis.Analyzer.analyze(Analyzer.java:171)
[12:12:01] [ForkJoinPool.commonPool-worker-2/INFO]: [STDERR]: 	... 35 more
[12:12:04] [Render thread/INFO]: Reloading ResourceManager: vanilla, fabric, advanced-xray-fabric, appleskin, carpet, citresewn, citresewn-defaults, cloth-config, entityculling, essential, essential-container, essential-loader, fabric-api, fabric-api-base, fabric-api-lookup-api-v1, fabric-biome-api-v1, fabric-block-api-v1, fabric-block-view-api-v2, fabric-blockrenderlayer-v1, fabric-client-tags-api-v1, fabric-command-api-v1, fabric-command-api-v2, fabric-commands-v0, fabric-containers-v0, fabric-content-registries-v0, fabric-convention-tags-v1, fabric-crash-report-info-v1, fabric-data-attachment-api-v1, fabric-data-generation-api-v1, fabric-dimensions-v1, fabric-entity-events-v1, fabric-events-interaction-v0, fabric-events-lifecycle-v0, fabric-game-rule-api-v1, fabric-item-api-v1, fabric-item-group-api-v1, fabric-key-binding-api-v1, fabric-keybindings-v0, fabric-language-kotlin, fabric-lifecycle-events-v1, fabric-loot-api-v2, fabric-message-api-v1, fabric-mining-level-api-v1, fabric-model-loading-api-v1, fabric-models-v0, fabric-networking-api-v1, fabric-object-builder-api-v1, fabric-particles-v1, fabric-recipe-api-v1, fabric-registry-sync-v0, fabric-renderer-api-v1, fabric-renderer-indigo, fabric-renderer-registries-v1, fabric-rendering-data-attachment-v1, fabric-rendering-fluids-v1, fabric-rendering-v0, fabric-rendering-v1, fabric-resource-conditions-api-v1, fabric-resource-loader-v0, fabric-screen-api-v1, fabric-screen-handler-api-v1, fabric-sound-api-v1, fabric-transfer-api-v1, fabric-transitive-access-wideners-v1, fabricloader, itemscroller, litematica, lithium, logical_zoom, malilib, minihud, nvidium, sodium, tweakeroo, file/Faithful 32x - 1.20.4.zip, file/axolotl totem, file/VanillaTweaks_r501868.zip, essential
[12:12:05] [Worker-Main-1/INFO]: Found unifont_all_no_pua-15.1.04.hex, loading
[12:12:06] [Render thread/INFO]: Client started, setting up xray store
[12:12:07] [DefaultDispatcher-worker-6/INFO]: Connected to Discord as starbuckslarge
[12:12:08] [Render thread/WARN]: Missing sound for event: minecraft:item.goat_horn.play
[12:12:08] [Render thread/WARN]: Missing sound for event: minecraft:entity.goat.screaming.horn_break
[12:12:08] [Render thread/WARN]: Missing sound for event: minecraft:entity.generic.wind_burst
[12:12:08] [Render thread/INFO]: OpenAL initialized on device OpenAL Soft on Speakers (Razer Kraken Kitty Edition)
[12:12:08] [Render thread/INFO]: Sound engine started
[12:12:09] [Render thread/INFO]: Created: 2048x1024x4 minecraft:textures/atlas/blocks.png-atlas
[12:12:09] [Render thread/INFO]: Created: 512x512x4 minecraft:textures/atlas/signs.png-atlas
[12:12:09] [Render thread/INFO]: Created: 1024x1024x4 minecraft:textures/atlas/shield_patterns.png-atlas
[12:12:09] [Render thread/INFO]: Created: 1024x1024x4 minecraft:textures/atlas/banner_patterns.png-atlas
[12:12:09] [Render thread/INFO]: Created: 2048x2048x4 minecraft:textures/atlas/armor_trims.png-atlas
[12:12:09] [Render thread/INFO]: Created: 256x128x4 minecraft:textures/atlas/decorated_pot.png-atlas
[12:12:09] [Render thread/INFO]: Created: 512x512x4 minecraft:textures/atlas/chest.png-atlas
[12:12:09] [Render thread/INFO]: Created: 1024x512x4 minecraft:textures/atlas/shulker_boxes.png-atlas
[12:12:09] [Render thread/INFO]: Created: 1024x512x4 minecraft:textures/atlas/beds.png-atlas
[12:12:09] [Render thread/WARN]: Shader rendertype_entity_translucent_emissive could not find sampler named Sampler2 in the specified shader program.
[12:12:09] [Render thread/INFO]: Created: 1024x512x0 minecraft:textures/atlas/particles.png-atlas
[12:12:09] [Render thread/INFO]: Created: 512x512x0 minecraft:textures/atlas/paintings.png-atlas
[12:12:09] [Render thread/INFO]: Created: 256x256x0 minecraft:textures/atlas/mob_effects.png-atlas
[12:12:09] [Render thread/INFO]: Created: 2048x1024x0 minecraft:textures/atlas/gui.png-atlas
[12:12:12] [Render thread/WARN]: Shader cabb2374eda405e66b897908637abd1da5deac52 could not find uniform named subpixel_amount in the specified shader program.
[12:12:18] [Render thread/INFO]: Loaded 7 recipes
[12:12:18] [Render thread/INFO]: Loaded 1271 advancements
[12:12:18] [Render thread/INFO]: Applied 0 biome modifications to 0 of 64 new biomes in 2.612 ms
[12:12:18] [Render thread/WARN]: @Redirect conflict. Skipping mixins.tweakeroo.json:MixinServerPlayNetworkHandler from mod tweakeroo->@Redirect::tweakeroo_removeHitPosCheck(Lnet/minecraft/class_243;Lnet/minecraft/class_243;)Lnet/minecraft/class_243; with priority 1005, already redirected by mixins.litematica.json:MixinServerPlayNetworkHandler from mod litematica->@Redirect::litematica_removeHitPosCheck(Lnet/minecraft/class_243;Lnet/minecraft/class_243;)Lnet/minecraft/class_243; with priority 1010
[12:12:18] [Server thread/INFO]: Starting integrated minecraft server version 1.20.4
[12:12:18] [Server thread/INFO]: Generating keypair
[12:12:19] [Server thread/INFO]: Preparing start region for dimension minecraft:overworld
[12:12:22] [Render thread/INFO]: Preparing spawn area: 0%
[12:12:22] [Render thread/INFO]: Preparing spawn area: 0%
[12:12:22] [Render thread/INFO]: Preparing spawn area: 0%
[12:12:22] [Render thread/INFO]: Preparing spawn area: 0%
[12:12:22] [Render thread/INFO]: Preparing spawn area: 0%
[12:12:22] [Render thread/INFO]: Preparing spawn area: 0%
[12:12:22] [Render thread/INFO]: Preparing spawn area: 0%
[12:12:23] [Render thread/INFO]: Preparing spawn area: 5%
[12:12:23] [Render thread/INFO]: Preparing spawn area: 58%
[12:12:24] [Render thread/INFO]: Time elapsed: 4371 ms
[12:12:24] [Server thread/INFO]: Changing view distance to 16, from 10
[12:12:24] [Server thread/INFO]: Changing simulation distance to 12, from 0
[12:12:25] [Server thread/INFO]: 16thGarden[local:E:e26f272a] logged in with entity id 153 at (-49.80308788624272, -11.88349863207186, -53.6399596707606)
[12:12:25] [Server thread/INFO]: 16thGarden joined the game
[12:12:25] [Render thread/INFO]: Started 6 worker threads
[12:12:26] [Render thread/INFO]: Using 3 total BufferBuilder caches
[12:12:26] [Render thread/WARN]: Unable to read property: west with value: false for blockstate: {Name:"minecraft:cobblestone_wall",Properties:{east:"false",north:"false",south:"false",up:"false",west:"false"}}
[12:12:26] [Render thread/WARN]: Unable to read property: east with value: false for blockstate: {Name:"minecraft:cobblestone_wall",Properties:{east:"false",north:"false",south:"false",up:"false",west:"false"}}
[12:12:26] [Render thread/WARN]: Unable to read property: south with value: false for blockstate: {Name:"minecraft:cobblestone_wall",Properties:{east:"false",north:"false",south:"false",up:"false",west:"false"}}
[12:12:26] [Render thread/WARN]: Unable to read property: north with value: false for blockstate: {Name:"minecraft:cobblestone_wall",Properties:{east:"false",north:"false",south:"false",up:"false",west:"false"}}
[12:12:26] [Render thread/WARN]: Unable to read property: west with value: false for blockstate: {Name:"minecraft:mossy_cobblestone_wall",Properties:{east:"false",north:"false",south:"false",up:"false",west:"false"}}
[12:12:26] [Render thread/WARN]: Unable to read property: east with value: false for blockstate: {Name:"minecraft:mossy_cobblestone_wall",Properties:{east:"false",north:"false",south:"false",up:"false",west:"false"}}
[12:12:26] [Render thread/WARN]: Unable to read property: south with value: false for blockstate: {Name:"minecraft:mossy_cobblestone_wall",Properties:{east:"false",north:"false",south:"false",up:"false",west:"false"}}
[12:12:26] [Render thread/WARN]: Unable to read property: north with value: false for blockstate: {Name:"minecraft:mossy_cobblestone_wall",Properties:{east:"false",north:"false",south:"false",up:"false",west:"false"}}
[12:12:26] [Render thread/INFO]: Loaded 548 advancements
[12:17:05] [Render thread/INFO]: Loaded 549 advancements
[12:22:25] [Render thread/INFO]: Loaded 550 advancements
[12:22:43] [Render thread/INFO]: [System] [CHAT] [Debug]: Reloaded resource packs
[12:22:43] [Render thread/WARN]: Pack file/coffee totem declared support for versions [16, 22] but declared main format is 9, defaulting to 9
[12:22:43] [Render thread/INFO]: Reloading ResourceManager: vanilla, fabric, advanced-xray-fabric, appleskin, carpet, citresewn, citresewn-defaults, cloth-config, entityculling, essential, essential-container, essential-loader, fabric-api, fabric-api-base, fabric-api-lookup-api-v1, fabric-biome-api-v1, fabric-block-api-v1, fabric-block-view-api-v2, fabric-blockrenderlayer-v1, fabric-client-tags-api-v1, fabric-command-api-v1, fabric-command-api-v2, fabric-commands-v0, fabric-containers-v0, fabric-content-registries-v0, fabric-convention-tags-v1, fabric-crash-report-info-v1, fabric-data-attachment-api-v1, fabric-data-generation-api-v1, fabric-dimensions-v1, fabric-entity-events-v1, fabric-events-interaction-v0, fabric-events-lifecycle-v0, fabric-game-rule-api-v1, fabric-item-api-v1, fabric-item-group-api-v1, fabric-key-binding-api-v1, fabric-keybindings-v0, fabric-language-kotlin, fabric-lifecycle-events-v1, fabric-loot-api-v2, fabric-message-api-v1, fabric-mining-level-api-v1, fabric-model-loading-api-v1, fabric-models-v0, fabric-networking-api-v1, fabric-object-builder-api-v1, fabric-particles-v1, fabric-recipe-api-v1, fabric-registry-sync-v0, fabric-renderer-api-v1, fabric-renderer-indigo, fabric-renderer-registries-v1, fabric-rendering-data-attachment-v1, fabric-rendering-fluids-v1, fabric-rendering-v0, fabric-rendering-v1, fabric-resource-conditions-api-v1, fabric-resource-loader-v0, fabric-screen-api-v1, fabric-screen-handler-api-v1, fabric-sound-api-v1, fabric-transfer-api-v1, fabric-transitive-access-wideners-v1, fabricloader, itemscroller, litematica, lithium, logical_zoom, malilib, minihud, nvidium, sodium, tweakeroo, file/Faithful 32x - 1.20.4.zip, file/axolotl totem, file/VanillaTweaks_r501868.zip, essential
[12:22:43] [Worker-Main-9/INFO]: Found unifont_all_no_pua-15.1.04.hex, loading
[12:22:43] [Server thread/INFO]: Saving and pausing game...
[12:22:43] [Server thread/INFO]: Saving chunks for level 'ServerLevel[testing]'/minecraft:overworld
[12:22:43] [Server thread/INFO]: Saving chunks for level 'ServerLevel[testing]'/minecraft:the_end
[12:22:43] [Server thread/INFO]: Saving chunks for level 'ServerLevel[testing]'/minecraft:the_nether
[12:22:44] [Render thread/WARN]: Missing sound for event: minecraft:item.goat_horn.play
[12:22:44] [Render thread/WARN]: Missing sound for event: minecraft:entity.goat.screaming.horn_break
[12:22:44] [Render thread/WARN]: Missing sound for event: minecraft:entity.generic.wind_burst
[12:22:44] [Render thread/INFO]: OpenAL initialized on device OpenAL Soft on Speakers (Razer Kraken Kitty Edition)
[12:22:44] [Render thread/INFO]: Sound engine started
[12:22:44] [Render thread/INFO]: Created: 2048x1024x4 minecraft:textures/atlas/blocks.png-atlas
[12:22:44] [Render thread/INFO]: Created: 512x512x4 minecraft:textures/atlas/signs.png-atlas
[12:22:44] [Render thread/INFO]: Created: 1024x1024x4 minecraft:textures/atlas/shield_patterns.png-atlas
[12:22:44] [Render thread/INFO]: Created: 1024x1024x4 minecraft:textures/atlas/banner_patterns.png-atlas
[12:22:44] [Render thread/INFO]: Created: 2048x2048x4 minecraft:textures/atlas/armor_trims.png-atlas
[12:22:44] [Render thread/INFO]: Created: 256x128x4 minecraft:textures/atlas/decorated_pot.png-atlas
[12:22:44] [Render thread/INFO]: Created: 512x512x4 minecraft:textures/atlas/chest.png-atlas
[12:22:44] [Render thread/INFO]: Created: 1024x512x4 minecraft:textures/atlas/shulker_boxes.png-atlas
[12:22:44] [Render thread/INFO]: Created: 1024x512x4 minecraft:textures/atlas/beds.png-atlas
[12:22:44] [Render thread/WARN]: Shader rendertype_entity_translucent_emissive could not find sampler named Sampler2 in the specified shader program.
[12:22:45] [Render thread/INFO]: Created: 1024x512x0 minecraft:textures/atlas/particles.png-atlas
[12:22:45] [Render thread/INFO]: Created: 512x512x0 minecraft:textures/atlas/paintings.png-atlas
[12:22:45] [Render thread/INFO]: Created: 256x256x0 minecraft:textures/atlas/mob_effects.png-atlas
[12:22:45] [Render thread/INFO]: Created: 2048x1024x0 minecraft:textures/atlas/gui.png-atlas
[12:22:45] [Render thread/INFO]: Stopping worker threads
[12:22:45] [Render thread/INFO]: Started 6 worker threads
[12:24:09] [Server thread/INFO]: Saving and pausing game...
[12:24:09] [Server thread/INFO]: Saving chunks for level 'ServerLevel[testing]'/minecraft:overworld
[12:24:09] [Server thread/INFO]: Saving chunks for level 'ServerLevel[testing]'/minecraft:the_end
[12:24:09] [Server thread/INFO]: Saving chunks for level 'ServerLevel[testing]'/minecraft:the_nether
[12:24:10] [Server thread/INFO]: 16thGarden lost connection: Disconnected
[12:24:10] [Server thread/INFO]: 16thGarden left the game
[12:24:10] [Server thread/INFO]: Stopping singleplayer server as player logged out
[12:24:10] [Server thread/INFO]: Stopping server
[12:24:10] [Server thread/INFO]: Saving players
[12:24:10] [Server thread/INFO]: Saving worlds
[12:24:10] [Server thread/INFO]: Saving chunks for level 'ServerLevel[testing]'/minecraft:overworld
[12:24:10] [Server thread/INFO]: Saving chunks for level 'ServerLevel[testing]'/minecraft:the_end
[12:24:10] [Server thread/INFO]: Saving chunks for level 'ServerLevel[testing]'/minecraft:the_nether
[12:24:10] [Server thread/INFO]: ThreadedAnvilChunkStorage (New World (1)): All chunks are saved
[12:24:10] [Server thread/INFO]: ThreadedAnvilChunkStorage (DIM1): All chunks are saved
[12:24:10] [Server thread/INFO]: ThreadedAnvilChunkStorage (DIM-1): All chunks are saved
[12:24:10] [Server thread/INFO]: ThreadedAnvilChunkStorage: All dimensions are saved
[12:24:10] [Render thread/INFO]: Stopping worker threads
[12:52:27] [IO-Worker-19/ERROR]: Could not parse RealmsError
com.google.gson.JsonSyntaxException: com.google.gson.stream.MalformedJsonException: Use JsonReader.setLenient(true) to accept malformed JSON at line 1 column 12 path $
	at com.google.gson.JsonParser.parseReader(JsonParser.java:76) ~[gson-2.10.1.jar:?]
	at com.google.gson.JsonParser.parseString(JsonParser.java:51) ~[gson-2.10.1.jar:?]
	at net.minecraft.class_4345.method_30162(class_4345.java:150) ~[client-intermediary.jar:?]
	at net.minecraft.class_4341.method_20998(class_4341.java:450) ~[client-intermediary.jar:?]
	at net.minecraft.class_4341.method_21030(class_4341.java:356) ~[client-intermediary.jar:?]
	at net.minecraft.class_4341.method_21029(class_4341.java:351) ~[client-intermediary.jar:?]
	at net.minecraft.class_7581$class_7586.method_44642(class_7581.java:94) ~[client-intermediary.jar:?]
	at java.util.concurrent.CompletableFuture$AsyncSupply.run(CompletableFuture.java:1768) ~[?:?]
	at java.util.concurrent.ThreadPoolExecutor.runWorker(ThreadPoolExecutor.java:1136) ~[?:?]
	at java.util.concurrent.ThreadPoolExecutor$Worker.run(ThreadPoolExecutor.java:635) ~[?:?]
	at java.lang.Thread.run(Thread.java:833) ~[?:?]
Caused by: com.google.gson.stream.MalformedJsonException: Use JsonReader.setLenient(true) to accept malformed JSON at line 1 column 12 path $
	at com.google.gson.stream.JsonReader.syntaxError(JsonReader.java:1659) ~[gson-2.10.1.jar:?]
	at com.google.gson.stream.JsonReader.checkLenient(JsonReader.java:1465) ~[gson-2.10.1.jar:?]
	at com.google.gson.stream.JsonReader.doPeek(JsonReader.java:551) ~[gson-2.10.1.jar:?]
	at com.google.gson.stream.JsonReader.peek(JsonReader.java:433) ~[gson-2.10.1.jar:?]
	at com.google.gson.JsonParser.parseReader(JsonParser.java:71) ~[gson-2.10.1.jar:?]
	... 10 more
[12:52:27] [Render thread/WARN]: Failed to process task pending invite count, will repeat after 2 cycles
net.minecraft.class_4355: Realms service error (502) with raw payload '<!DOCTYPE html PUBLIC '-//W3C//DTD XHTML 1.0 Transitional//EN' 'http://www.w3.org/TR/xhtml1/DTD/xhtml1-transitional.dtd'>
<html xmlns='http://www.w3.org/1999/xhtml'>

<head>
    <meta content='text/html; charset=utf-8' http-equiv='content-type' />
    <style type='text/css'>
        body {
            font-family: Arial;
            margin-left: 40px;
        }

        img {
            border: 0 none;
        }

        #content {
            margin-left: auto;
            margin-right: auto
        }

        #message h2 {
            font-size: 20px;
            font-weight: normal;
            color: #000000;
            margin: 34px 0px 0px 0px
        }

        #message p {
            font-size: 13px;
            color: #000000;
            margin: 7px 0px 0px0px
        }

        #errorref {
            font-size: 11px;
            color: #737373;
            margin-top: 41px
        }
    </style>
    <title>Service unavailable</title>
</head>

<body>
    <div id='content'>
        <div id='message'>
            <h2>Our services aren't available right now</h2>
            <p>We're working to restore all services as soon as possible. Please check back soon.</p>
        </div>
        <div id='errorref'>
            <span>20240503T045227Z-16875fff8d6ftvvcy6mbdgquhw00000003h000000000fuke            </span>
        </div>
    </div>
</body>
</html>
'
	at net.minecraft.class_4341.method_20998(class_4341.java:451) ~[client-intermediary.jar:?]
	at net.minecraft.class_4341.method_21030(class_4341.java:356) ~[client-intermediary.jar:?]
	at net.minecraft.class_4341.method_21029(class_4341.java:351) ~[client-intermediary.jar:?]
	at net.minecraft.class_7581$class_7586.method_44642(class_7581.java:94) ~[client-intermediary.jar:?]
	at java.util.concurrent.CompletableFuture$AsyncSupply.run(CompletableFuture.java:1768) ~[?:?]
	at java.util.concurrent.ThreadPoolExecutor.runWorker(ThreadPoolExecutor.java:1136) ~[?:?]
	at java.util.concurrent.ThreadPoolExecutor$Worker.run(ThreadPoolExecutor.java:635) ~[?:?]
	at java.lang.Thread.run(Thread.java:833) ~[?:?]
[13:37:28] [Render thread/INFO]: Loaded 7 recipes
[13:37:28] [Render thread/INFO]: Loaded 1271 advancements
[13:37:28] [Render thread/INFO]: Applied 0 biome modifications to 0 of 64 new biomes in 203.1 ?s
[13:37:28] [Server thread/INFO]: Starting integrated minecraft server version 1.20.4
[13:37:28] [Server thread/INFO]: Generating keypair
[13:37:28] [Server thread/INFO]: Preparing start region for dimension minecraft:overworld
[13:37:29] [Render thread/INFO]: Preparing spawn area: 0%
[13:37:29] [Render thread/INFO]: Preparing spawn area: 0%
[13:37:29] [Render thread/INFO]: Preparing spawn area: 0%
[13:37:30] [Render thread/INFO]: Preparing spawn area: 1%
[13:37:30] [Render thread/INFO]: Preparing spawn area: 79%
[13:37:30] [Render thread/INFO]: Time elapsed: 2096 ms
[13:37:30] [Server thread/INFO]: Changing view distance to 16, from 10
[13:37:30] [Server thread/INFO]: Changing simulation distance to 12, from 0
[13:37:30] [Server thread/INFO]: 16thGarden[local:E:5baa5106] logged in with entity id 1800 at (-100.19431868032761, -21.39400598517768, -64.63594792947141)
[13:37:30] [Server thread/INFO]: 16thGarden joined the game
[13:37:30] [Render thread/INFO]: Started 6 worker threads
[13:37:30] [Render thread/INFO]: Using 3 total BufferBuilder caches
[13:37:31] [Render thread/INFO]: Loaded 550 advancements
[13:41:06] [Server thread/INFO]: Saving and pausing game...
[13:41:06] [Server thread/INFO]: Saving chunks for level 'ServerLevel[testing]'/minecraft:overworld
[13:41:06] [Server thread/INFO]: Saving chunks for level 'ServerLevel[testing]'/minecraft:the_end
[13:41:06] [Server thread/INFO]: Saving chunks for level 'ServerLevel[testing]'/minecraft:the_nether
[13:42:23] [Server thread/INFO]: Saving and pausing game...
[13:42:23] [Server thread/INFO]: Saving chunks for level 'ServerLevel[testing]'/minecraft:overworld
[13:42:23] [Server thread/INFO]: Saving chunks for level 'ServerLevel[testing]'/minecraft:the_end
[13:42:23] [Server thread/INFO]: Saving chunks for level 'ServerLevel[testing]'/minecraft:the_nether
[13:42:24] [Sound engine/ERROR]: Stop: Invalid name parameter.
[13:42:24] [Server thread/INFO]: 16thGarden lost connection: Disconnected
[13:42:24] [Server thread/INFO]: 16thGarden left the game
[13:42:24] [Server thread/INFO]: Stopping singleplayer server as player logged out
[13:42:24] [Server thread/INFO]: Stopping server
[13:42:24] [Server thread/INFO]: Saving players
[13:42:24] [Server thread/INFO]: Saving worlds
[13:42:24] [Server thread/INFO]: Saving chunks for level 'ServerLevel[testing]'/minecraft:overworld
[13:42:24] [Server thread/INFO]: Saving chunks for level 'ServerLevel[testing]'/minecraft:the_end
[13:42:24] [Server thread/INFO]: Saving chunks for level 'ServerLevel[testing]'/minecraft:the_nether
[13:42:25] [Server thread/INFO]: ThreadedAnvilChunkStorage (New World (1)): All chunks are saved
[13:42:25] [Server thread/INFO]: ThreadedAnvilChunkStorage (DIM1): All chunks are saved
[13:42:25] [Server thread/INFO]: ThreadedAnvilChunkStorage (DIM-1): All chunks are saved
[13:42:25] [Server thread/INFO]: ThreadedAnvilChunkStorage: All dimensions are saved
[13:42:25] [Render thread/INFO]: Stopping worker threads
[13:45:23] [Render thread/INFO]: Loaded 7 recipes
[13:45:23] [Render thread/INFO]: Loaded 1271 advancements
[13:45:24] [Render thread/INFO]: Applied 0 biome modifications to 0 of 64 new biomes in 214.8 ?s
[13:45:24] [Server thread/INFO]: Starting integrated minecraft server version 1.20.4
[13:45:24] [Server thread/INFO]: Generating keypair
[13:45:24] [Server thread/INFO]: Preparing start region for dimension minecraft:overworld
[13:45:25] [Render thread/INFO]: Preparing spawn area: 0%
[13:45:25] [Render thread/INFO]: Preparing spawn area: 0%
[13:45:25] [Render thread/INFO]: Preparing spawn area: 0%
[13:45:25] [Render thread/INFO]: Preparing spawn area: 3%
[13:45:26] [Render thread/INFO]: Time elapsed: 1986 ms
[13:45:26] [Server thread/INFO]: Changing view distance to 16, from 10
[13:45:26] [Server thread/INFO]: Changing simulation distance to 12, from 0
[13:45:26] [Server thread/INFO]: 16thGarden[local:E:70ca3312] logged in with entity id 2513 at (-135.30000001192093, -28.0, -57.30000001192093)
[13:45:26] [Server thread/INFO]: 16thGarden joined the game
[13:45:26] [Render thread/INFO]: Started 6 worker threads
[13:45:26] [Render thread/INFO]: Using 3 total BufferBuilder caches
[13:45:26] [Render thread/INFO]: Loaded 550 advancements
[13:46:33] [Render thread/INFO]: Loaded 551 advancements
[13:46:59] [Server thread/INFO]: Saving and pausing game...
[13:46:59] [Server thread/INFO]: Saving chunks for level 'ServerLevel[testing]'/minecraft:overworld
[13:46:59] [Server thread/INFO]: Saving chunks for level 'ServerLevel[testing]'/minecraft:the_end
[13:46:59] [Server thread/INFO]: Saving chunks for level 'ServerLevel[testing]'/minecraft:the_nether
[13:47:00] [Server thread/INFO]: 16thGarden lost connection: Disconnected
[13:47:00] [Server thread/INFO]: 16thGarden left the game
[13:47:00] [Server thread/INFO]: Stopping singleplayer server as player logged out
[13:47:00] [Server thread/INFO]: Stopping server
[13:47:00] [Server thread/INFO]: Saving players
[13:47:00] [Server thread/INFO]: Saving worlds
[13:47:00] [Server thread/INFO]: Saving chunks for level 'ServerLevel[testing]'/minecraft:overworld
[13:47:00] [Server thread/INFO]: Saving chunks for level 'ServerLevel[testing]'/minecraft:the_end
[13:47:00] [Server thread/INFO]: Saving chunks for level 'ServerLevel[testing]'/minecraft:the_nether
[13:47:00] [Server thread/INFO]: ThreadedAnvilChunkStorage (New World (1)): All chunks are saved
[13:47:00] [Server thread/INFO]: ThreadedAnvilChunkStorage (DIM1): All chunks are saved
[13:47:00] [Server thread/INFO]: ThreadedAnvilChunkStorage (DIM-1): All chunks are saved
[13:47:00] [Server thread/INFO]: ThreadedAnvilChunkStorage: All dimensions are saved
[13:47:00] [Render thread/INFO]: Stopping worker threads
[14:02:26] [Render thread/INFO]: Loaded 7 recipes
[14:02:26] [Render thread/INFO]: Loaded 1271 advancements
[14:02:26] [Render thread/INFO]: Applied 0 biome modifications to 0 of 64 new biomes in 185.0 ?s
[14:02:26] [Server thread/INFO]: Starting integrated minecraft server version 1.20.4
[14:02:26] [Server thread/INFO]: Generating keypair
[14:02:26] [Server thread/INFO]: Preparing start region for dimension minecraft:overworld
[14:02:27] [Render thread/INFO]: Preparing spawn area: 0%
[14:02:27] [Render thread/INFO]: Preparing spawn area: 0%
[14:02:27] [Render thread/INFO]: Preparing spawn area: 0%
[14:02:28] [Render thread/INFO]: Preparing spawn area: 40%
[14:02:28] [Server thread/INFO]: Changing view distance to 16, from 10
[14:02:28] [Server thread/INFO]: Changing simulation distance to 12, from 0
[14:02:28] [Render thread/INFO]: Time elapsed: 1839 ms
[14:02:28] [Server thread/INFO]: 16thGarden[local:E:c1e95c97] logged in with entity id 3401 at (-136.99058409014788, -25.243601795635087, -66.28100794153272)
[14:02:28] [Server thread/INFO]: 16thGarden joined the game
[14:02:28] [Render thread/INFO]: Started 6 worker threads
[14:02:28] [Render thread/INFO]: Using 3 total BufferBuilder caches
[14:02:28] [Render thread/INFO]: Loaded 551 advancements
[14:51:43] [Server thread/INFO]: Saving and pausing game...
[14:51:43] [Server thread/INFO]: Saving chunks for level 'ServerLevel[testing]'/minecraft:overworld
[14:51:43] [Server thread/INFO]: Saving chunks for level 'ServerLevel[testing]'/minecraft:the_end
[14:51:43] [Server thread/INFO]: Saving chunks for level 'ServerLevel[testing]'/minecraft:the_nether
[14:51:43] [Server thread/INFO]: 16thGarden lost connection: Disconnected
[14:51:43] [Server thread/INFO]: 16thGarden left the game
[14:51:43] [Server thread/INFO]: Stopping singleplayer server as player logged out
[14:51:43] [Server thread/INFO]: Stopping server
[14:51:43] [Server thread/INFO]: Saving players
[14:51:43] [Server thread/INFO]: Saving worlds
[14:51:43] [Server thread/INFO]: Saving chunks for level 'ServerLevel[testing]'/minecraft:overworld
[14:51:43] [Server thread/INFO]: Saving chunks for level 'ServerLevel[testing]'/minecraft:the_end
[14:51:43] [Server thread/INFO]: Saving chunks for level 'ServerLevel[testing]'/minecraft:the_nether
[14:51:43] [Server thread/INFO]: ThreadedAnvilChunkStorage (New World (1)): All chunks are saved
[14:51:43] [Server thread/INFO]: ThreadedAnvilChunkStorage (DIM1): All chunks are saved
[14:51:43] [Server thread/INFO]: ThreadedAnvilChunkStorage (DIM-1): All chunks are saved
[14:51:43] [Server thread/INFO]: ThreadedAnvilChunkStorage: All dimensions are saved
[14:51:43] [Render thread/INFO]: Stopping worker threads
[14:51:44] [Render thread/INFO]: Stopping!
[14:51:44] [CullThread/INFO]: [STDOUT]: Shutting down culling task!
