[00:10:13] [Render thread/INFO]: Stopping worker threads
[00:10:13] [Render thread/INFO]: Started 6 worker threads
[00:10:13] [Render thread/INFO]: Stopping worker threads
[00:10:13] [Render thread/INFO]: Started 6 worker threads
[00:10:59] [Render thread/INFO]: Stopping worker threads
[00:10:59] [Render thread/INFO]: Started 6 worker threads
[00:10:59] [Render thread/INFO]: Stopping worker threads
[00:10:59] [Render thread/INFO]: Started 6 worker threads
[00:11:12] [Render thread/WARN]: Received passengers for unknown entity
[00:11:18] [Render thread/INFO]: Stopping worker threads
[00:11:18] [Render thread/INFO]: Started 6 worker threads
[00:11:18] [Render thread/INFO]: Stopping worker threads
[00:11:18] [Render thread/INFO]: Started 6 worker threads
[00:11:23] [Render thread/INFO]: Stopping worker threads
[00:11:23] [Render thread/INFO]: Started 6 worker threads
[00:11:23] [Render thread/INFO]: Stopping worker threads
[00:11:23] [Render thread/INFO]: Started 6 worker threads
[00:25:12] [Render thread/INFO]: Stopping worker threads
[00:25:12] [Render thread/INFO]: Started 6 worker threads
[00:25:12] [Render thread/INFO]: Stopping worker threads
[00:25:12] [Render thread/INFO]: Started 6 worker threads
[00:27:30] [Render thread/INFO]: Stopping worker threads
[00:27:30] [Render thread/INFO]: Started 6 worker threads
[00:27:30] [Render thread/INFO]: Stopping worker threads
[00:27:30] [Render thread/INFO]: Started 6 worker threads
[00:30:59] [Render thread/INFO]: Loaded 616 advancements
[00:35:05] [Render thread/INFO]: Stopping worker threads
[00:35:05] [Render thread/INFO]: Started 6 worker threads
[00:35:05] [Render thread/INFO]: Stopping worker threads
[00:35:05] [Render thread/INFO]: Started 6 worker threads
[00:38:56] [Render thread/INFO]: Stopping worker threads
[00:38:56] [Render thread/INFO]: Started 6 worker threads
[00:38:56] [Render thread/INFO]: Stopping worker threads
[00:38:56] [Render thread/INFO]: Started 6 worker threads
[00:41:29] [Render thread/INFO]: Stopping worker threads
[00:41:29] [Render thread/INFO]: Started 6 worker threads
[00:41:29] [Render thread/INFO]: Stopping worker threads
[00:41:29] [Render thread/INFO]: Started 6 worker threads
[00:43:05] [Render thread/INFO]: Stopping worker threads
[00:43:05] [Render thread/INFO]: Started 6 worker threads
[00:43:05] [Render thread/INFO]: Stopping worker threads
[00:43:05] [Render thread/INFO]: Started 6 worker threads
[00:43:15] [Render thread/INFO]: Stopping worker threads
[00:43:15] [Render thread/INFO]: Started 6 worker threads
[00:43:15] [Render thread/INFO]: Stopping worker threads
[00:43:15] [Render thread/INFO]: Started 6 worker threads
[00:44:04] [Render thread/INFO]: Loaded 622 advancements
[00:48:56] [Render thread/INFO]: Stopping worker threads
[00:48:56] [Render thread/INFO]: Started 6 worker threads
[00:48:56] [Render thread/INFO]: Stopping worker threads
[00:48:56] [Render thread/INFO]: Started 6 worker threads
[00:49:15] [Render thread/INFO]: Stopping worker threads
[00:49:15] [Render thread/INFO]: Started 6 worker threads
[00:49:15] [Render thread/INFO]: Stopping worker threads
[00:49:15] [Render thread/INFO]: Started 6 worker threads
[00:49:52] [Render thread/INFO]: [System] [CHAT] Respawn point set
[00:50:10] [Render thread/INFO]: Stopping worker threads
[00:50:10] [Render thread/INFO]: Started 6 worker threads
[00:50:10] [Render thread/INFO]: Stopping worker threads
[00:50:10] [Render thread/INFO]: Started 6 worker threads
[00:50:32] [Render thread/INFO]: Stopping worker threads
[00:50:32] [Render thread/INFO]: Started 6 worker threads
[00:50:32] [Render thread/INFO]: Stopping worker threads
[00:50:32] [Render thread/INFO]: Started 6 worker threads
[00:55:29] [Render thread/WARN]: Unable to play empty soundEvent: minecraft:entity.salmon.ambient
[00:55:45] [Render thread/WARN]: Unable to play empty soundEvent: minecraft:entity.cod.ambient
[01:01:57] [Render thread/INFO]: [System] [CHAT] Respawn point set
[01:14:32] [Render thread/INFO]: [System] [CHAT] Respawn point set
[01:21:04] [Render thread/INFO]: Stopping worker threads
[01:21:04] [Render thread/INFO]: Started 6 worker threads
[01:21:04] [Render thread/INFO]: Stopping worker threads
[01:21:04] [Render thread/INFO]: Started 6 worker threads
[01:21:52] [Render thread/INFO]: Stopping worker threads
[01:21:52] [Render thread/INFO]: Started 6 worker threads
[01:21:52] [Render thread/INFO]: Stopping worker threads
[01:21:52] [Render thread/INFO]: Started 6 worker threads
[01:23:08] [Render thread/INFO]: Stopping worker threads
[01:23:08] [Render thread/INFO]: Started 6 worker threads
[01:23:08] [Render thread/INFO]: Stopping worker threads
[01:23:08] [Render thread/INFO]: Started 6 worker threads
[01:23:19] [Render thread/INFO]: Stopping worker threads
[01:23:19] [Render thread/INFO]: Started 6 worker threads
[01:23:19] [Render thread/INFO]: Stopping worker threads
[01:23:19] [Render thread/INFO]: Started 6 worker threads
[01:25:55] [Render thread/INFO]: Stopping worker threads
[01:25:55] [Render thread/INFO]: Started 6 worker threads
[01:25:55] [Render thread/INFO]: Stopping worker threads
[01:25:55] [Render thread/INFO]: Started 6 worker threads
[01:26:21] [Render thread/INFO]: Stopping worker threads
[01:26:21] [Render thread/INFO]: Started 6 worker threads
[01:26:21] [Render thread/INFO]: Stopping worker threads
[01:26:21] [Render thread/INFO]: Started 6 worker threads
[01:27:04] [Render thread/INFO]: Loaded 624 advancements
[01:29:01] [Render thread/INFO]: Stopping worker threads
[01:29:01] [Render thread/INFO]: Started 6 worker threads
[01:29:01] [Render thread/INFO]: Stopping worker threads
[01:29:01] [Render thread/INFO]: Started 6 worker threads
[01:29:20] [Render thread/INFO]: Stopping worker threads
[01:29:20] [Render thread/INFO]: Started 6 worker threads
[01:29:20] [Render thread/INFO]: Stopping worker threads
[01:29:20] [Render thread/INFO]: Started 6 worker threads
[01:29:42] [Render thread/INFO]: Stopping worker threads
[01:29:42] [Render thread/INFO]: Started 6 worker threads
[01:29:42] [Render thread/INFO]: Stopping worker threads
[01:29:42] [Render thread/INFO]: Started 6 worker threads
[01:30:08] [Render thread/INFO]: Stopping worker threads
[01:30:08] [Render thread/INFO]: Started 6 worker threads
[01:30:08] [Render thread/INFO]: Stopping worker threads
[01:30:08] [Render thread/INFO]: Started 6 worker threads
[01:32:40] [Render thread/INFO]: [System] [CHAT] [Debug]: Chunk borders: shown
[01:32:42] [Render thread/INFO]: [System] [CHAT] [Debug]: Chunk borders: hidden
[01:32:43] [Render thread/INFO]: [System] [CHAT] [Debug]: Hitboxes: shown
[01:32:55] [Render thread/INFO]: [System] [CHAT] [Debug]: Hitboxes: hidden
[01:34:27] [Render thread/INFO]: [System] [CHAT] [Debug]: Hitboxes: shown
[01:34:37] [Render thread/INFO]: [System] [CHAT] [Debug]: Hitboxes: hidden
[01:37:07] [Render thread/INFO]: [System] [CHAT] [Debug]: Hitboxes: shown
[01:37:08] [Render thread/INFO]: [System] [CHAT] [Debug]: Hitboxes: hidden
[01:37:17] [Server thread/INFO]: 16thGarden has made the advancement [What a Deal!]
[01:37:17] [Render thread/INFO]: [System] [CHAT] 16thGarden has made the advancement [What a Deal!]
[01:37:18] [Render thread/INFO]: Loaded 624 advancements
[01:42:32] [Server thread/WARN]: Mismatch in destroy block pos: class_2338{x=-702, y=72, z=132} class_2338{x=-695, y=72, z=130}
[01:45:16] [Render thread/INFO]: [System] [CHAT] [Debug]: Hitboxes: shown
[01:46:04] [Render thread/INFO]: [System] [CHAT] Respawn point set
[01:49:43] [Render thread/INFO]: Stopping worker threads
[01:49:43] [Render thread/INFO]: Started 6 worker threads
[01:49:43] [Render thread/INFO]: Stopping worker threads
[01:49:43] [Render thread/INFO]: Started 6 worker threads
[01:50:02] [Render thread/INFO]: Stopping worker threads
[01:50:02] [Render thread/INFO]: Started 6 worker threads
[01:50:02] [Render thread/INFO]: Stopping worker threads
[01:50:02] [Render thread/INFO]: Started 6 worker threads
[01:50:05] [Render thread/INFO]: [System] [CHAT] [Debug]: Hitboxes: hidden
[01:51:06] [Render thread/INFO]: Stopping worker threads
[01:51:06] [Render thread/INFO]: Started 6 worker threads
[01:51:06] [Render thread/INFO]: Stopping worker threads
[01:51:06] [Render thread/INFO]: Started 6 worker threads
[01:51:27] [Render thread/INFO]: Stopping worker threads
[01:51:27] [Render thread/INFO]: Started 6 worker threads
[01:51:27] [Render thread/INFO]: Stopping worker threads
[01:51:27] [Render thread/INFO]: Started 6 worker threads
[01:56:05] [Render thread/INFO]: [System] [CHAT] [Debug]: Hitboxes: shown
[01:58:48] [Render thread/INFO]: [System] [CHAT] Respawn point set
[02:02:18] [WebSocketConnectReadThread-201/INFO]: Closed connection to Essential Connection Manager (code=1006, reason=, remote=true), connection was open for 21134901ms
[02:02:51] [WebSocketConnectReadThread-1243/INFO]: Opened connection to Essential ConnectionManager (code=101, message=Switching Protocols)
[02:02:51] [Essential Thread 6/INFO]: Essential Connection Manager connection established.
[02:11:53] [Render thread/INFO]: Stopping worker threads
[02:11:53] [Render thread/INFO]: Started 6 worker threads
[02:11:53] [Render thread/INFO]: Stopping worker threads
[02:11:53] [Render thread/INFO]: Started 6 worker threads
[02:12:11] [Render thread/INFO]: Stopping worker threads
[02:12:11] [Render thread/INFO]: Started 6 worker threads
[02:12:11] [Render thread/INFO]: Stopping worker threads
[02:12:11] [Render thread/INFO]: Started 6 worker threads
[02:13:01] [Render thread/INFO]: Stopping worker threads
[02:13:01] [Render thread/INFO]: Started 6 worker threads
[02:13:01] [Render thread/INFO]: Stopping worker threads
[02:13:01] [Render thread/INFO]: Started 6 worker threads
[02:13:20] [Render thread/INFO]: Stopping worker threads
[02:13:20] [Render thread/INFO]: Started 6 worker threads
[02:13:20] [Render thread/INFO]: Stopping worker threads
[02:13:20] [Render thread/INFO]: Started 6 worker threads
[02:14:04] [Render thread/INFO]: [System] [CHAT] Respawn point set
[02:17:15] [Render thread/INFO]: Reloading ResourceManager: vanilla, fabric, appleskin, cloth-config, entityculling, essential, essential-container, essential-loader, fabric-api, fabric-api-base, fabric-api-lookup-api-v1, fabric-biome-api-v1, fabric-block-api-v1, fabric-block-view-api-v2, fabric-blockrenderlayer-v1, fabric-client-tags-api-v1, fabric-command-api-v1, fabric-command-api-v2, fabric-commands-v0, fabric-containers-v0, fabric-content-registries-v0, fabric-convention-tags-v1, fabric-crash-report-info-v1, fabric-data-attachment-api-v1, fabric-data-generation-api-v1, fabric-dimensions-v1, fabric-entity-events-v1, fabric-events-interaction-v0, fabric-events-lifecycle-v0, fabric-game-rule-api-v1, fabric-item-api-v1, fabric-item-group-api-v1, fabric-key-binding-api-v1, fabric-keybindings-v0, fabric-language-kotlin, fabric-lifecycle-events-v1, fabric-loot-api-v2, fabric-message-api-v1, fabric-mining-level-api-v1, fabric-model-loading-api-v1, fabric-models-v0, fabric-networking-api-v1, fabric-object-builder-api-v1, fabric-particles-v1, fabric-recipe-api-v1, fabric-registry-sync-v0, fabric-renderer-api-v1, fabric-renderer-indigo, fabric-renderer-registries-v1, fabric-rendering-data-attachment-v1, fabric-rendering-fluids-v1, fabric-rendering-v0, fabric-rendering-v1, fabric-resource-conditions-api-v1, fabric-resource-loader-v0, fabric-screen-api-v1, fabric-screen-handler-api-v1, fabric-sound-api-v1, fabric-transfer-api-v1, fabric-transitive-access-wideners-v1, fabricloader, litematica, lithium, logical_zoom, malilib, minihud, sodium, tweakeroo, file/Faithless.zip, essential
[02:17:15] [Worker-Main-29/INFO]: Found unifont_all_no_pua-15.1.04.hex, loading
[02:17:15] [Render thread/ERROR]: The following compatibility issues were found with installed resource packs:
- Resource pack: Faithless.zip
	- Problem found: 
		- Description:
			The resource pack replaces terrain shaders, which are not supported
		- More information: https://github.com/CaffeineMC/sodium-fabric/wiki/Resource-Packs
		- Files: 
			- shaders/core/rendertype_cutout.fsh
			- shaders/core/rendertype_cutout.json
			- shaders/core/rendertype_cutout.vsh
			- shaders/core/rendertype_cutout_mipped.fsh
			- shaders/core/rendertype_cutout_mipped.json
			- shaders/core/rendertype_cutout_mipped.vsh
			- shaders/core/rendertype_solid.fsh
			- shaders/core/rendertype_solid.json
			- shaders/core/rendertype_solid.vsh
			- shaders/core/rendertype_translucent.fsh
			- shaders/core/rendertype_translucent.json
			- shaders/core/rendertype_translucent.vsh
			- shaders/core/rendertype_tripwire.fsh
			- shaders/core/rendertype_tripwire.json
			- shaders/core/rendertype_tripwire.vsh

[02:17:15] [Worker-Main-28/WARN]: File minecraft:sounds/music/game/calm1.ogg does not exist, cannot add it to event minecraft:music.creative
[02:17:15] [Worker-Main-28/WARN]: File minecraft:sounds/music/game/calm2.ogg does not exist, cannot add it to event minecraft:music.creative
[02:17:15] [Worker-Main-28/WARN]: File minecraft:sounds/music/game/calm3.ogg does not exist, cannot add it to event minecraft:music.creative
[02:17:15] [Worker-Main-28/WARN]: File minecraft:sounds/music/game/hal1.ogg does not exist, cannot add it to event minecraft:music.creative
[02:17:15] [Worker-Main-28/WARN]: File minecraft:sounds/music/game/hal2.ogg does not exist, cannot add it to event minecraft:music.creative
[02:17:15] [Worker-Main-28/WARN]: File minecraft:sounds/music/game/hal3.ogg does not exist, cannot add it to event minecraft:music.creative
[02:17:15] [Worker-Main-28/WARN]: File minecraft:sounds/music/game/hal4.ogg does not exist, cannot add it to event minecraft:music.creative
[02:17:15] [Worker-Main-28/WARN]: File minecraft:sounds/music/game/nuance1.ogg does not exist, cannot add it to event minecraft:music.creative
[02:17:15] [Worker-Main-28/WARN]: File minecraft:sounds/music/game/nuance2.ogg does not exist, cannot add it to event minecraft:music.creative
[02:17:15] [Worker-Main-28/WARN]: File minecraft:sounds/music/game/piano1.ogg does not exist, cannot add it to event minecraft:music.creative
[02:17:15] [Worker-Main-28/WARN]: File minecraft:sounds/music/game/piano2.ogg does not exist, cannot add it to event minecraft:music.creative
[02:17:15] [Worker-Main-28/WARN]: File minecraft:sounds/music/game/piano3.ogg does not exist, cannot add it to event minecraft:music.creative
[02:17:15] [Worker-Main-28/WARN]: File minecraft:sounds/music/game/calm1.ogg does not exist, cannot add it to event minecraft:music.dragon
[02:17:15] [Worker-Main-28/WARN]: File minecraft:sounds/music/game/calm2.ogg does not exist, cannot add it to event minecraft:music.dragon
[02:17:15] [Worker-Main-28/WARN]: File minecraft:sounds/music/game/calm3.ogg does not exist, cannot add it to event minecraft:music.dragon
[02:17:15] [Worker-Main-28/WARN]: File minecraft:sounds/music/game/hal1.ogg does not exist, cannot add it to event minecraft:music.dragon
[02:17:15] [Worker-Main-28/WARN]: File minecraft:sounds/music/game/hal2.ogg does not exist, cannot add it to event minecraft:music.dragon
[02:17:15] [Worker-Main-28/WARN]: File minecraft:sounds/music/game/hal3.ogg does not exist, cannot add it to event minecraft:music.dragon
[02:17:15] [Worker-Main-28/WARN]: File minecraft:sounds/music/game/hal4.ogg does not exist, cannot add it to event minecraft:music.dragon
[02:17:15] [Worker-Main-28/WARN]: File minecraft:sounds/music/game/nuance1.ogg does not exist, cannot add it to event minecraft:music.dragon
[02:17:15] [Worker-Main-28/WARN]: File minecraft:sounds/music/game/nuance2.ogg does not exist, cannot add it to event minecraft:music.dragon
[02:17:15] [Worker-Main-28/WARN]: File minecraft:sounds/music/game/piano1.ogg does not exist, cannot add it to event minecraft:music.dragon
[02:17:15] [Worker-Main-28/WARN]: File minecraft:sounds/music/game/piano2.ogg does not exist, cannot add it to event minecraft:music.dragon
[02:17:15] [Worker-Main-28/WARN]: File minecraft:sounds/music/game/piano3.ogg does not exist, cannot add it to event minecraft:music.dragon
[02:17:15] [Worker-Main-28/WARN]: File minecraft:sounds/music/game/calm1.ogg does not exist, cannot add it to event minecraft:music.end
[02:17:15] [Worker-Main-28/WARN]: File minecraft:sounds/music/game/calm2.ogg does not exist, cannot add it to event minecraft:music.end
[02:17:15] [Worker-Main-28/WARN]: File minecraft:sounds/music/game/calm3.ogg does not exist, cannot add it to event minecraft:music.end
[02:17:15] [Worker-Main-28/WARN]: File minecraft:sounds/music/game/hal1.ogg does not exist, cannot add it to event minecraft:music.end
[02:17:15] [Worker-Main-28/WARN]: File minecraft:sounds/music/game/hal2.ogg does not exist, cannot add it to event minecraft:music.end
[02:17:15] [Worker-Main-28/WARN]: File minecraft:sounds/music/game/hal3.ogg does not exist, cannot add it to event minecraft:music.end
[02:17:15] [Worker-Main-28/WARN]: File minecraft:sounds/music/game/hal4.ogg does not exist, cannot add it to event minecraft:music.end
[02:17:15] [Worker-Main-28/WARN]: File minecraft:sounds/music/game/nuance1.ogg does not exist, cannot add it to event minecraft:music.end
[02:17:15] [Worker-Main-28/WARN]: File minecraft:sounds/music/game/nuance2.ogg does not exist, cannot add it to event minecraft:music.end
[02:17:15] [Worker-Main-28/WARN]: File minecraft:sounds/music/game/piano1.ogg does not exist, cannot add it to event minecraft:music.end
[02:17:15] [Worker-Main-28/WARN]: File minecraft:sounds/music/game/piano2.ogg does not exist, cannot add it to event minecraft:music.end
[02:17:15] [Worker-Main-28/WARN]: File minecraft:sounds/music/game/piano3.ogg does not exist, cannot add it to event minecraft:music.end
[02:17:15] [Worker-Main-28/WARN]: File minecraft:sounds/music/game/calm1.ogg does not exist, cannot add it to event minecraft:music.game
[02:17:15] [Worker-Main-28/WARN]: File minecraft:sounds/music/game/calm2.ogg does not exist, cannot add it to event minecraft:music.game
[02:17:15] [Worker-Main-28/WARN]: File minecraft:sounds/music/game/calm3.ogg does not exist, cannot add it to event minecraft:music.game
[02:17:15] [Worker-Main-28/WARN]: File minecraft:sounds/music/game/hal1.ogg does not exist, cannot add it to event minecraft:music.game
[02:17:15] [Worker-Main-28/WARN]: File minecraft:sounds/music/game/hal2.ogg does not exist, cannot add it to event minecraft:music.game
[02:17:15] [Worker-Main-28/WARN]: File minecraft:sounds/music/game/hal3.ogg does not exist, cannot add it to event minecraft:music.game
[02:17:15] [Worker-Main-28/WARN]: File minecraft:sounds/music/game/hal4.ogg does not exist, cannot add it to event minecraft:music.game
[02:17:15] [Worker-Main-28/WARN]: File minecraft:sounds/music/game/nuance1.ogg does not exist, cannot add it to event minecraft:music.game
[02:17:15] [Worker-Main-28/WARN]: File minecraft:sounds/music/game/nuance2.ogg does not exist, cannot add it to event minecraft:music.game
[02:17:15] [Worker-Main-28/WARN]: File minecraft:sounds/music/game/piano1.ogg does not exist, cannot add it to event minecraft:music.game
[02:17:15] [Worker-Main-28/WARN]: File minecraft:sounds/music/game/piano2.ogg does not exist, cannot add it to event minecraft:music.game
[02:17:15] [Worker-Main-28/WARN]: File minecraft:sounds/music/game/piano3.ogg does not exist, cannot add it to event minecraft:music.game
[02:17:15] [Worker-Main-28/WARN]: File minecraft:sounds/music/menu/menu1.ogg does not exist, cannot add it to event minecraft:music.menu
[02:17:15] [Worker-Main-28/WARN]: File minecraft:sounds/music/menu/menu2.ogg does not exist, cannot add it to event minecraft:music.menu
[02:17:15] [Worker-Main-28/WARN]: File minecraft:sounds/music/menu/menu3.ogg does not exist, cannot add it to event minecraft:music.menu
[02:17:15] [Worker-Main-28/WARN]: File minecraft:sounds/music/menu/menu4.ogg does not exist, cannot add it to event minecraft:music.menu
[02:17:15] [Worker-Main-28/WARN]: File minecraft:sounds/music/game/nether/nether1.ogg does not exist, cannot add it to event minecraft:music.nether.basalt_deltas
[02:17:15] [Worker-Main-28/WARN]: File minecraft:sounds/music/game/nether/nether2.ogg does not exist, cannot add it to event minecraft:music.nether.basalt_deltas
[02:17:15] [Worker-Main-28/WARN]: File minecraft:sounds/music/game/nether/nether3.ogg does not exist, cannot add it to event minecraft:music.nether.basalt_deltas
[02:17:15] [Worker-Main-28/WARN]: File minecraft:sounds/music/game/nether/nether4.ogg does not exist, cannot add it to event minecraft:music.nether.basalt_deltas
[02:17:15] [Worker-Main-28/WARN]: File minecraft:sounds/music/game/nether/nether1.ogg does not exist, cannot add it to event minecraft:music.nether.crimson_forest
[02:17:15] [Worker-Main-28/WARN]: File minecraft:sounds/music/game/nether/nether2.ogg does not exist, cannot add it to event minecraft:music.nether.crimson_forest
[02:17:15] [Worker-Main-28/WARN]: File minecraft:sounds/music/game/nether/nether3.ogg does not exist, cannot add it to event minecraft:music.nether.crimson_forest
[02:17:15] [Worker-Main-28/WARN]: File minecraft:sounds/music/game/nether/nether4.ogg does not exist, cannot add it to event minecraft:music.nether.crimson_forest
[02:17:15] [Worker-Main-28/WARN]: File minecraft:sounds/music/game/nether/nether1.ogg does not exist, cannot add it to event minecraft:music.nether.nether_wastes
[02:17:15] [Worker-Main-28/WARN]: File minecraft:sounds/music/game/nether/nether2.ogg does not exist, cannot add it to event minecraft:music.nether.nether_wastes
[02:17:15] [Worker-Main-28/WARN]: File minecraft:sounds/music/game/nether/nether3.ogg does not exist, cannot add it to event minecraft:music.nether.nether_wastes
[02:17:15] [Worker-Main-28/WARN]: File minecraft:sounds/music/game/nether/nether4.ogg does not exist, cannot add it to event minecraft:music.nether.nether_wastes
[02:17:15] [Worker-Main-28/WARN]: File minecraft:sounds/music/game/nether/nether1.ogg does not exist, cannot add it to event minecraft:music.nether.soul_sand_valley
[02:17:15] [Worker-Main-28/WARN]: File minecraft:sounds/music/game/nether/nether2.ogg does not exist, cannot add it to event minecraft:music.nether.soul_sand_valley
[02:17:15] [Worker-Main-28/WARN]: File minecraft:sounds/music/game/nether/nether3.ogg does not exist, cannot add it to event minecraft:music.nether.soul_sand_valley
[02:17:15] [Worker-Main-28/WARN]: File minecraft:sounds/music/game/nether/nether4.ogg does not exist, cannot add it to event minecraft:music.nether.soul_sand_valley
[02:17:15] [Worker-Main-28/WARN]: File minecraft:sounds/music/game/nether/nether1.ogg does not exist, cannot add it to event minecraft:music.nether.warped_forest
[02:17:15] [Worker-Main-28/WARN]: File minecraft:sounds/music/game/nether/nether2.ogg does not exist, cannot add it to event minecraft:music.nether.warped_forest
[02:17:15] [Worker-Main-28/WARN]: File minecraft:sounds/music/game/nether/nether3.ogg does not exist, cannot add it to event minecraft:music.nether.warped_forest
[02:17:15] [Worker-Main-28/WARN]: File minecraft:sounds/music/game/nether/nether4.ogg does not exist, cannot add it to event minecraft:music.nether.warped_forest
[02:17:15] [Worker-Main-28/WARN]: File minecraft:sounds/music/game/calm1.ogg does not exist, cannot add it to event minecraft:music.under_water
[02:17:15] [Worker-Main-28/WARN]: File minecraft:sounds/music/game/calm2.ogg does not exist, cannot add it to event minecraft:music.under_water
[02:17:15] [Worker-Main-28/WARN]: File minecraft:sounds/music/game/calm3.ogg does not exist, cannot add it to event minecraft:music.under_water
[02:17:15] [Worker-Main-28/WARN]: File minecraft:sounds/music/game/hal1.ogg does not exist, cannot add it to event minecraft:music.under_water
[02:17:15] [Worker-Main-28/WARN]: File minecraft:sounds/music/game/hal2.ogg does not exist, cannot add it to event minecraft:music.under_water
[02:17:15] [Worker-Main-28/WARN]: File minecraft:sounds/music/game/hal3.ogg does not exist, cannot add it to event minecraft:music.under_water
[02:17:15] [Worker-Main-28/WARN]: File minecraft:sounds/music/game/hal4.ogg does not exist, cannot add it to event minecraft:music.under_water
[02:17:15] [Worker-Main-28/WARN]: File minecraft:sounds/music/game/nuance1.ogg does not exist, cannot add it to event minecraft:music.under_water
[02:17:15] [Worker-Main-28/WARN]: File minecraft:sounds/music/game/nuance2.ogg does not exist, cannot add it to event minecraft:music.under_water
[02:17:15] [Worker-Main-28/WARN]: File minecraft:sounds/music/game/piano1.ogg does not exist, cannot add it to event minecraft:music.under_water
[02:17:15] [Worker-Main-28/WARN]: File minecraft:sounds/music/game/piano2.ogg does not exist, cannot add it to event minecraft:music.under_water
[02:17:15] [Worker-Main-28/WARN]: File minecraft:sounds/music/game/piano3.ogg does not exist, cannot add it to event minecraft:music.under_water
[02:17:15] [Worker-Main-28/WARN]: File minecraft:sounds/music/game/calm1.ogg does not exist, cannot add it to event minecraft:music.overworld.badlands
[02:17:15] [Worker-Main-28/WARN]: File minecraft:sounds/music/game/calm2.ogg does not exist, cannot add it to event minecraft:music.overworld.badlands
[02:17:15] [Worker-Main-28/WARN]: File minecraft:sounds/music/game/calm3.ogg does not exist, cannot add it to event minecraft:music.overworld.badlands
[02:17:15] [Worker-Main-28/WARN]: File minecraft:sounds/music/game/hal1.ogg does not exist, cannot add it to event minecraft:music.overworld.badlands
[02:17:15] [Worker-Main-28/WARN]: File minecraft:sounds/music/game/hal2.ogg does not exist, cannot add it to event minecraft:music.overworld.badlands
[02:17:15] [Worker-Main-28/WARN]: File minecraft:sounds/music/game/hal3.ogg does not exist, cannot add it to event minecraft:music.overworld.badlands
[02:17:15] [Worker-Main-28/WARN]: File minecraft:sounds/music/game/hal4.ogg does not exist, cannot add it to event minecraft:music.overworld.badlands
[02:17:15] [Worker-Main-28/WARN]: File minecraft:sounds/music/game/nuance1.ogg does not exist, cannot add it to event minecraft:music.overworld.badlands
[02:17:15] [Worker-Main-28/WARN]: File minecraft:sounds/music/game/nuance2.ogg does not exist, cannot add it to event minecraft:music.overworld.badlands
[02:17:15] [Worker-Main-28/WARN]: File minecraft:sounds/music/game/piano1.ogg does not exist, cannot add it to event minecraft:music.overworld.badlands
[02:17:15] [Worker-Main-28/WARN]: File minecraft:sounds/music/game/piano2.ogg does not exist, cannot add it to event minecraft:music.overworld.badlands
[02:17:15] [Worker-Main-28/WARN]: File minecraft:sounds/music/game/piano3.ogg does not exist, cannot add it to event minecraft:music.overworld.badlands
[02:17:15] [Worker-Main-28/WARN]: File minecraft:sounds/music/game/calm1.ogg does not exist, cannot add it to event minecraft:music.overworld.bamboo_jungle
[02:17:15] [Worker-Main-28/WARN]: File minecraft:sounds/music/game/calm2.ogg does not exist, cannot add it to event minecraft:music.overworld.bamboo_jungle
[02:17:15] [Worker-Main-28/WARN]: File minecraft:sounds/music/game/calm3.ogg does not exist, cannot add it to event minecraft:music.overworld.bamboo_jungle
[02:17:15] [Worker-Main-28/WARN]: File minecraft:sounds/music/game/hal1.ogg does not exist, cannot add it to event minecraft:music.overworld.bamboo_jungle
[02:17:15] [Worker-Main-28/WARN]: File minecraft:sounds/music/game/hal2.ogg does not exist, cannot add it to event minecraft:music.overworld.bamboo_jungle
[02:17:15] [Worker-Main-28/WARN]: File minecraft:sounds/music/game/hal3.ogg does not exist, cannot add it to event minecraft:music.overworld.bamboo_jungle
[02:17:15] [Worker-Main-28/WARN]: File minecraft:sounds/music/game/hal4.ogg does not exist, cannot add it to event minecraft:music.overworld.bamboo_jungle
[02:17:15] [Worker-Main-28/WARN]: File minecraft:sounds/music/game/nuance1.ogg does not exist, cannot add it to event minecraft:music.overworld.bamboo_jungle
[02:17:15] [Worker-Main-28/WARN]: File minecraft:sounds/music/game/nuance2.ogg does not exist, cannot add it to event minecraft:music.overworld.bamboo_jungle
[02:17:15] [Worker-Main-28/WARN]: File minecraft:sounds/music/game/piano1.ogg does not exist, cannot add it to event minecraft:music.overworld.bamboo_jungle
[02:17:15] [Worker-Main-28/WARN]: File minecraft:sounds/music/game/piano2.ogg does not exist, cannot add it to event minecraft:music.overworld.bamboo_jungle
[02:17:15] [Worker-Main-28/WARN]: File minecraft:sounds/music/game/piano3.ogg does not exist, cannot add it to event minecraft:music.overworld.bamboo_jungle
[02:17:15] [Worker-Main-28/WARN]: File minecraft:sounds/music/game/calm1.ogg does not exist, cannot add it to event minecraft:music.overworld.cherry_grove
[02:17:15] [Worker-Main-28/WARN]: File minecraft:sounds/music/game/calm2.ogg does not exist, cannot add it to event minecraft:music.overworld.cherry_grove
[02:17:15] [Worker-Main-28/WARN]: File minecraft:sounds/music/game/calm3.ogg does not exist, cannot add it to event minecraft:music.overworld.cherry_grove
[02:17:15] [Worker-Main-28/WARN]: File minecraft:sounds/music/game/hal1.ogg does not exist, cannot add it to event minecraft:music.overworld.cherry_grove
[02:17:15] [Worker-Main-28/WARN]: File minecraft:sounds/music/game/hal2.ogg does not exist, cannot add it to event minecraft:music.overworld.cherry_grove
[02:17:15] [Worker-Main-28/WARN]: File minecraft:sounds/music/game/hal3.ogg does not exist, cannot add it to event minecraft:music.overworld.cherry_grove
[02:17:15] [Worker-Main-28/WARN]: File minecraft:sounds/music/game/hal4.ogg does not exist, cannot add it to event minecraft:music.overworld.cherry_grove
[02:17:15] [Worker-Main-28/WARN]: File minecraft:sounds/music/game/nuance1.ogg does not exist, cannot add it to event minecraft:music.overworld.cherry_grove
[02:17:15] [Worker-Main-28/WARN]: File minecraft:sounds/music/game/nuance2.ogg does not exist, cannot add it to event minecraft:music.overworld.cherry_grove
[02:17:15] [Worker-Main-28/WARN]: File minecraft:sounds/music/game/piano1.ogg does not exist, cannot add it to event minecraft:music.overworld.cherry_grove
[02:17:15] [Worker-Main-28/WARN]: File minecraft:sounds/music/game/piano2.ogg does not exist, cannot add it to event minecraft:music.overworld.cherry_grove
[02:17:15] [Worker-Main-28/WARN]: File minecraft:sounds/music/game/piano3.ogg does not exist, cannot add it to event minecraft:music.overworld.cherry_grove
[02:17:15] [Worker-Main-28/WARN]: File minecraft:sounds/music/game/calm1.ogg does not exist, cannot add it to event minecraft:music.overworld.deep_dark
[02:17:15] [Worker-Main-28/WARN]: File minecraft:sounds/music/game/calm2.ogg does not exist, cannot add it to event minecraft:music.overworld.deep_dark
[02:17:15] [Worker-Main-28/WARN]: File minecraft:sounds/music/game/calm3.ogg does not exist, cannot add it to event minecraft:music.overworld.deep_dark
[02:17:15] [Worker-Main-28/WARN]: File minecraft:sounds/music/game/hal1.ogg does not exist, cannot add it to event minecraft:music.overworld.deep_dark
[02:17:15] [Worker-Main-28/WARN]: File minecraft:sounds/music/game/hal2.ogg does not exist, cannot add it to event minecraft:music.overworld.deep_dark
[02:17:15] [Worker-Main-28/WARN]: File minecraft:sounds/music/game/hal3.ogg does not exist, cannot add it to event minecraft:music.overworld.deep_dark
[02:17:15] [Worker-Main-28/WARN]: File minecraft:sounds/music/game/hal4.ogg does not exist, cannot add it to event minecraft:music.overworld.deep_dark
[02:17:15] [Worker-Main-28/WARN]: File minecraft:sounds/music/game/nuance1.ogg does not exist, cannot add it to event minecraft:music.overworld.deep_dark
[02:17:15] [Worker-Main-28/WARN]: File minecraft:sounds/music/game/nuance2.ogg does not exist, cannot add it to event minecraft:music.overworld.deep_dark
[02:17:15] [Worker-Main-28/WARN]: File minecraft:sounds/music/game/piano1.ogg does not exist, cannot add it to event minecraft:music.overworld.deep_dark
[02:17:15] [Worker-Main-28/WARN]: File minecraft:sounds/music/game/piano2.ogg does not exist, cannot add it to event minecraft:music.overworld.deep_dark
[02:17:15] [Worker-Main-28/WARN]: File minecraft:sounds/music/game/piano3.ogg does not exist, cannot add it to event minecraft:music.overworld.deep_dark
[02:17:15] [Worker-Main-28/WARN]: File minecraft:sounds/music/game/calm1.ogg does not exist, cannot add it to event minecraft:music.overworld.desert
[02:17:15] [Worker-Main-28/WARN]: File minecraft:sounds/music/game/calm2.ogg does not exist, cannot add it to event minecraft:music.overworld.desert
[02:17:15] [Worker-Main-28/WARN]: File minecraft:sounds/music/game/calm3.ogg does not exist, cannot add it to event minecraft:music.overworld.desert
[02:17:15] [Worker-Main-28/WARN]: File minecraft:sounds/music/game/hal1.ogg does not exist, cannot add it to event minecraft:music.overworld.desert
[02:17:15] [Worker-Main-28/WARN]: File minecraft:sounds/music/game/hal2.ogg does not exist, cannot add it to event minecraft:music.overworld.desert
[02:17:15] [Worker-Main-28/WARN]: File minecraft:sounds/music/game/hal3.ogg does not exist, cannot add it to event minecraft:music.overworld.desert
[02:17:15] [Worker-Main-28/WARN]: File minecraft:sounds/music/game/hal4.ogg does not exist, cannot add it to event minecraft:music.overworld.desert
[02:17:15] [Worker-Main-28/WARN]: File minecraft:sounds/music/game/nuance1.ogg does not exist, cannot add it to event minecraft:music.overworld.desert
[02:17:15] [Worker-Main-28/WARN]: File minecraft:sounds/music/game/nuance2.ogg does not exist, cannot add it to event minecraft:music.overworld.desert
[02:17:15] [Worker-Main-28/WARN]: File minecraft:sounds/music/game/piano1.ogg does not exist, cannot add it to event minecraft:music.overworld.desert
[02:17:15] [Worker-Main-28/WARN]: File minecraft:sounds/music/game/piano2.ogg does not exist, cannot add it to event minecraft:music.overworld.desert
[02:17:15] [Worker-Main-28/WARN]: File minecraft:sounds/music/game/piano3.ogg does not exist, cannot add it to event minecraft:music.overworld.desert
[02:17:15] [Worker-Main-28/WARN]: File minecraft:sounds/music/game/calm1.ogg does not exist, cannot add it to event minecraft:music.overworld.dripstone_caves
[02:17:15] [Worker-Main-28/WARN]: File minecraft:sounds/music/game/calm2.ogg does not exist, cannot add it to event minecraft:music.overworld.dripstone_caves
[02:17:15] [Worker-Main-28/WARN]: File minecraft:sounds/music/game/calm3.ogg does not exist, cannot add it to event minecraft:music.overworld.dripstone_caves
[02:17:15] [Worker-Main-28/WARN]: File minecraft:sounds/music/game/hal1.ogg does not exist, cannot add it to event minecraft:music.overworld.dripstone_caves
[02:17:15] [Worker-Main-28/WARN]: File minecraft:sounds/music/game/hal2.ogg does not exist, cannot add it to event minecraft:music.overworld.dripstone_caves
[02:17:15] [Worker-Main-28/WARN]: File minecraft:sounds/music/game/hal3.ogg does not exist, cannot add it to event minecraft:music.overworld.dripstone_caves
[02:17:15] [Worker-Main-28/WARN]: File minecraft:sounds/music/game/hal4.ogg does not exist, cannot add it to event minecraft:music.overworld.dripstone_caves
[02:17:15] [Worker-Main-28/WARN]: File minecraft:sounds/music/game/nuance1.ogg does not exist, cannot add it to event minecraft:music.overworld.dripstone_caves
[02:17:15] [Worker-Main-28/WARN]: File minecraft:sounds/music/game/nuance2.ogg does not exist, cannot add it to event minecraft:music.overworld.dripstone_caves
[02:17:15] [Worker-Main-28/WARN]: File minecraft:sounds/music/game/piano1.ogg does not exist, cannot add it to event minecraft:music.overworld.dripstone_caves
[02:17:15] [Worker-Main-28/WARN]: File minecraft:sounds/music/game/piano2.ogg does not exist, cannot add it to event minecraft:music.overworld.dripstone_caves
[02:17:15] [Worker-Main-28/WARN]: File minecraft:sounds/music/game/piano3.ogg does not exist, cannot add it to event minecraft:music.overworld.dripstone_caves
[02:17:15] [Worker-Main-28/WARN]: File minecraft:sounds/music/game/calm1.ogg does not exist, cannot add it to event minecraft:music.overworld.flower_forest
[02:17:15] [Worker-Main-28/WARN]: File minecraft:sounds/music/game/calm2.ogg does not exist, cannot add it to event minecraft:music.overworld.flower_forest
[02:17:15] [Worker-Main-28/WARN]: File minecraft:sounds/music/game/calm3.ogg does not exist, cannot add it to event minecraft:music.overworld.flower_forest
[02:17:15] [Worker-Main-28/WARN]: File minecraft:sounds/music/game/hal1.ogg does not exist, cannot add it to event minecraft:music.overworld.flower_forest
[02:17:15] [Worker-Main-28/WARN]: File minecraft:sounds/music/game/hal2.ogg does not exist, cannot add it to event minecraft:music.overworld.flower_forest
[02:17:15] [Worker-Main-28/WARN]: File minecraft:sounds/music/game/hal3.ogg does not exist, cannot add it to event minecraft:music.overworld.flower_forest
[02:17:15] [Worker-Main-28/WARN]: File minecraft:sounds/music/game/hal4.ogg does not exist, cannot add it to event minecraft:music.overworld.flower_forest
[02:17:15] [Worker-Main-28/WARN]: File minecraft:sounds/music/game/nuance1.ogg does not exist, cannot add it to event minecraft:music.overworld.flower_forest
[02:17:15] [Worker-Main-28/WARN]: File minecraft:sounds/music/game/nuance2.ogg does not exist, cannot add it to event minecraft:music.overworld.flower_forest
[02:17:15] [Worker-Main-28/WARN]: File minecraft:sounds/music/game/piano1.ogg does not exist, cannot add it to event minecraft:music.overworld.flower_forest
[02:17:15] [Worker-Main-28/WARN]: File minecraft:sounds/music/game/piano2.ogg does not exist, cannot add it to event minecraft:music.overworld.flower_forest
[02:17:15] [Worker-Main-28/WARN]: File minecraft:sounds/music/game/piano3.ogg does not exist, cannot add it to event minecraft:music.overworld.flower_forest
[02:17:15] [Worker-Main-28/WARN]: File minecraft:sounds/music/game/calm1.ogg does not exist, cannot add it to event minecraft:music.overworld.forest
[02:17:15] [Worker-Main-28/WARN]: File minecraft:sounds/music/game/calm2.ogg does not exist, cannot add it to event minecraft:music.overworld.forest
[02:17:15] [Worker-Main-28/WARN]: File minecraft:sounds/music/game/calm3.ogg does not exist, cannot add it to event minecraft:music.overworld.forest
[02:17:15] [Worker-Main-28/WARN]: File minecraft:sounds/music/game/hal1.ogg does not exist, cannot add it to event minecraft:music.overworld.forest
[02:17:15] [Worker-Main-28/WARN]: File minecraft:sounds/music/game/hal2.ogg does not exist, cannot add it to event minecraft:music.overworld.forest
[02:17:15] [Worker-Main-28/WARN]: File minecraft:sounds/music/game/hal3.ogg does not exist, cannot add it to event minecraft:music.overworld.forest
[02:17:15] [Worker-Main-28/WARN]: File minecraft:sounds/music/game/hal4.ogg does not exist, cannot add it to event minecraft:music.overworld.forest
[02:17:15] [Worker-Main-28/WARN]: File minecraft:sounds/music/game/nuance1.ogg does not exist, cannot add it to event minecraft:music.overworld.forest
[02:17:15] [Worker-Main-28/WARN]: File minecraft:sounds/music/game/nuance2.ogg does not exist, cannot add it to event minecraft:music.overworld.forest
[02:17:15] [Worker-Main-28/WARN]: File minecraft:sounds/music/game/piano1.ogg does not exist, cannot add it to event minecraft:music.overworld.forest
[02:17:15] [Worker-Main-28/WARN]: File minecraft:sounds/music/game/piano2.ogg does not exist, cannot add it to event minecraft:music.overworld.forest
[02:17:15] [Worker-Main-28/WARN]: File minecraft:sounds/music/game/piano3.ogg does not exist, cannot add it to event minecraft:music.overworld.forest
[02:17:15] [Worker-Main-28/WARN]: File minecraft:sounds/music/game/calm1.ogg does not exist, cannot add it to event minecraft:music.overworld.frozen_peaks
[02:17:15] [Worker-Main-28/WARN]: File minecraft:sounds/music/game/calm2.ogg does not exist, cannot add it to event minecraft:music.overworld.frozen_peaks
[02:17:15] [Worker-Main-28/WARN]: File minecraft:sounds/music/game/calm3.ogg does not exist, cannot add it to event minecraft:music.overworld.frozen_peaks
[02:17:15] [Worker-Main-28/WARN]: File minecraft:sounds/music/game/hal1.ogg does not exist, cannot add it to event minecraft:music.overworld.frozen_peaks
[02:17:15] [Worker-Main-28/WARN]: File minecraft:sounds/music/game/hal2.ogg does not exist, cannot add it to event minecraft:music.overworld.frozen_peaks
[02:17:15] [Worker-Main-28/WARN]: File minecraft:sounds/music/game/hal3.ogg does not exist, cannot add it to event minecraft:music.overworld.frozen_peaks
[02:17:15] [Worker-Main-28/WARN]: File minecraft:sounds/music/game/hal4.ogg does not exist, cannot add it to event minecraft:music.overworld.frozen_peaks
[02:17:15] [Worker-Main-28/WARN]: File minecraft:sounds/music/game/nuance1.ogg does not exist, cannot add it to event minecraft:music.overworld.frozen_peaks
[02:17:15] [Worker-Main-28/WARN]: File minecraft:sounds/music/game/nuance2.ogg does not exist, cannot add it to event minecraft:music.overworld.frozen_peaks
[02:17:15] [Worker-Main-28/WARN]: File minecraft:sounds/music/game/piano1.ogg does not exist, cannot add it to event minecraft:music.overworld.frozen_peaks
[02:17:15] [Worker-Main-28/WARN]: File minecraft:sounds/music/game/piano2.ogg does not exist, cannot add it to event minecraft:music.overworld.frozen_peaks
[02:17:15] [Worker-Main-28/WARN]: File minecraft:sounds/music/game/piano3.ogg does not exist, cannot add it to event minecraft:music.overworld.frozen_peaks
[02:17:15] [Worker-Main-28/WARN]: File minecraft:sounds/music/game/calm1.ogg does not exist, cannot add it to event minecraft:music.overworld.grove
[02:17:15] [Worker-Main-28/WARN]: File minecraft:sounds/music/game/calm2.ogg does not exist, cannot add it to event minecraft:music.overworld.grove
[02:17:15] [Worker-Main-28/WARN]: File minecraft:sounds/music/game/calm3.ogg does not exist, cannot add it to event minecraft:music.overworld.grove
[02:17:15] [Worker-Main-28/WARN]: File minecraft:sounds/music/game/hal1.ogg does not exist, cannot add it to event minecraft:music.overworld.grove
[02:17:15] [Worker-Main-28/WARN]: File minecraft:sounds/music/game/hal2.ogg does not exist, cannot add it to event minecraft:music.overworld.grove
[02:17:15] [Worker-Main-28/WARN]: File minecraft:sounds/music/game/hal3.ogg does not exist, cannot add it to event minecraft:music.overworld.grove
[02:17:15] [Worker-Main-28/WARN]: File minecraft:sounds/music/game/hal4.ogg does not exist, cannot add it to event minecraft:music.overworld.grove
[02:17:15] [Worker-Main-28/WARN]: File minecraft:sounds/music/game/nuance1.ogg does not exist, cannot add it to event minecraft:music.overworld.grove
[02:17:15] [Worker-Main-28/WARN]: File minecraft:sounds/music/game/nuance2.ogg does not exist, cannot add it to event minecraft:music.overworld.grove
[02:17:15] [Worker-Main-28/WARN]: File minecraft:sounds/music/game/piano1.ogg does not exist, cannot add it to event minecraft:music.overworld.grove
[02:17:15] [Worker-Main-28/WARN]: File minecraft:sounds/music/game/piano2.ogg does not exist, cannot add it to event minecraft:music.overworld.grove
[02:17:15] [Worker-Main-28/WARN]: File minecraft:sounds/music/game/piano3.ogg does not exist, cannot add it to event minecraft:music.overworld.grove
[02:17:15] [Worker-Main-28/WARN]: File minecraft:sounds/music/game/calm1.ogg does not exist, cannot add it to event minecraft:music.overworld.jagged_peaks
[02:17:15] [Worker-Main-28/WARN]: File minecraft:sounds/music/game/calm2.ogg does not exist, cannot add it to event minecraft:music.overworld.jagged_peaks
[02:17:15] [Worker-Main-28/WARN]: File minecraft:sounds/music/game/calm3.ogg does not exist, cannot add it to event minecraft:music.overworld.jagged_peaks
[02:17:15] [Worker-Main-28/WARN]: File minecraft:sounds/music/game/hal1.ogg does not exist, cannot add it to event minecraft:music.overworld.jagged_peaks
[02:17:15] [Worker-Main-28/WARN]: File minecraft:sounds/music/game/hal2.ogg does not exist, cannot add it to event minecraft:music.overworld.jagged_peaks
[02:17:15] [Worker-Main-28/WARN]: File minecraft:sounds/music/game/hal3.ogg does not exist, cannot add it to event minecraft:music.overworld.jagged_peaks
[02:17:15] [Worker-Main-28/WARN]: File minecraft:sounds/music/game/hal4.ogg does not exist, cannot add it to event minecraft:music.overworld.jagged_peaks
[02:17:15] [Worker-Main-28/WARN]: File minecraft:sounds/music/game/nuance1.ogg does not exist, cannot add it to event minecraft:music.overworld.jagged_peaks
[02:17:15] [Worker-Main-28/WARN]: File minecraft:sounds/music/game/nuance2.ogg does not exist, cannot add it to event minecraft:music.overworld.jagged_peaks
[02:17:15] [Worker-Main-28/WARN]: File minecraft:sounds/music/game/piano1.ogg does not exist, cannot add it to event minecraft:music.overworld.jagged_peaks
[02:17:15] [Worker-Main-28/WARN]: File minecraft:sounds/music/game/piano2.ogg does not exist, cannot add it to event minecraft:music.overworld.jagged_peaks
[02:17:15] [Worker-Main-28/WARN]: File minecraft:sounds/music/game/piano3.ogg does not exist, cannot add it to event minecraft:music.overworld.jagged_peaks
[02:17:15] [Worker-Main-28/WARN]: File minecraft:sounds/music/game/calm1.ogg does not exist, cannot add it to event minecraft:music.overworld.jungle
[02:17:15] [Worker-Main-28/WARN]: File minecraft:sounds/music/game/calm2.ogg does not exist, cannot add it to event minecraft:music.overworld.jungle
[02:17:15] [Worker-Main-28/WARN]: File minecraft:sounds/music/game/calm3.ogg does not exist, cannot add it to event minecraft:music.overworld.jungle
[02:17:15] [Worker-Main-28/WARN]: File minecraft:sounds/music/game/hal1.ogg does not exist, cannot add it to event minecraft:music.overworld.jungle
[02:17:15] [Worker-Main-28/WARN]: File minecraft:sounds/music/game/hal2.ogg does not exist, cannot add it to event minecraft:music.overworld.jungle
[02:17:15] [Worker-Main-28/WARN]: File minecraft:sounds/music/game/hal3.ogg does not exist, cannot add it to event minecraft:music.overworld.jungle
[02:17:15] [Worker-Main-28/WARN]: File minecraft:sounds/music/game/hal4.ogg does not exist, cannot add it to event minecraft:music.overworld.jungle
[02:17:15] [Worker-Main-28/WARN]: File minecraft:sounds/music/game/nuance1.ogg does not exist, cannot add it to event minecraft:music.overworld.jungle
[02:17:15] [Worker-Main-28/WARN]: File minecraft:sounds/music/game/nuance2.ogg does not exist, cannot add it to event minecraft:music.overworld.jungle
[02:17:15] [Worker-Main-28/WARN]: File minecraft:sounds/music/game/piano1.ogg does not exist, cannot add it to event minecraft:music.overworld.jungle
[02:17:15] [Worker-Main-28/WARN]: File minecraft:sounds/music/game/piano2.ogg does not exist, cannot add it to event minecraft:music.overworld.jungle
[02:17:15] [Worker-Main-28/WARN]: File minecraft:sounds/music/game/piano3.ogg does not exist, cannot add it to event minecraft:music.overworld.jungle
[02:17:15] [Worker-Main-28/WARN]: File minecraft:sounds/music/game/calm1.ogg does not exist, cannot add it to event minecraft:music.overworld.jungle_and_forest
[02:17:15] [Worker-Main-28/WARN]: File minecraft:sounds/music/game/calm2.ogg does not exist, cannot add it to event minecraft:music.overworld.jungle_and_forest
[02:17:15] [Worker-Main-28/WARN]: File minecraft:sounds/music/game/calm3.ogg does not exist, cannot add it to event minecraft:music.overworld.jungle_and_forest
[02:17:15] [Worker-Main-28/WARN]: File minecraft:sounds/music/game/hal1.ogg does not exist, cannot add it to event minecraft:music.overworld.jungle_and_forest
[02:17:15] [Worker-Main-28/WARN]: File minecraft:sounds/music/game/hal2.ogg does not exist, cannot add it to event minecraft:music.overworld.jungle_and_forest
[02:17:15] [Worker-Main-28/WARN]: File minecraft:sounds/music/game/hal3.ogg does not exist, cannot add it to event minecraft:music.overworld.jungle_and_forest
[02:17:15] [Worker-Main-28/WARN]: File minecraft:sounds/music/game/hal4.ogg does not exist, cannot add it to event minecraft:music.overworld.jungle_and_forest
[02:17:15] [Worker-Main-28/WARN]: File minecraft:sounds/music/game/nuance1.ogg does not exist, cannot add it to event minecraft:music.overworld.jungle_and_forest
[02:17:15] [Worker-Main-28/WARN]: File minecraft:sounds/music/game/nuance2.ogg does not exist, cannot add it to event minecraft:music.overworld.jungle_and_forest
[02:17:15] [Worker-Main-28/WARN]: File minecraft:sounds/music/game/piano1.ogg does not exist, cannot add it to event minecraft:music.overworld.jungle_and_forest
[02:17:15] [Worker-Main-28/WARN]: File minecraft:sounds/music/game/piano2.ogg does not exist, cannot add it to event minecraft:music.overworld.jungle_and_forest
[02:17:15] [Worker-Main-28/WARN]: File minecraft:sounds/music/game/piano3.ogg does not exist, cannot add it to event minecraft:music.overworld.jungle_and_forest
[02:17:15] [Worker-Main-28/WARN]: File minecraft:sounds/music/game/calm1.ogg does not exist, cannot add it to event minecraft:music.overworld.lush_caves
[02:17:15] [Worker-Main-28/WARN]: File minecraft:sounds/music/game/calm2.ogg does not exist, cannot add it to event minecraft:music.overworld.lush_caves
[02:17:15] [Worker-Main-28/WARN]: File minecraft:sounds/music/game/calm3.ogg does not exist, cannot add it to event minecraft:music.overworld.lush_caves
[02:17:15] [Worker-Main-28/WARN]: File minecraft:sounds/music/game/hal1.ogg does not exist, cannot add it to event minecraft:music.overworld.lush_caves
[02:17:15] [Worker-Main-28/WARN]: File minecraft:sounds/music/game/hal2.ogg does not exist, cannot add it to event minecraft:music.overworld.lush_caves
[02:17:15] [Worker-Main-28/WARN]: File minecraft:sounds/music/game/hal3.ogg does not exist, cannot add it to event minecraft:music.overworld.lush_caves
[02:17:15] [Worker-Main-28/WARN]: File minecraft:sounds/music/game/hal4.ogg does not exist, cannot add it to event minecraft:music.overworld.lush_caves
[02:17:15] [Worker-Main-28/WARN]: File minecraft:sounds/music/game/nuance1.ogg does not exist, cannot add it to event minecraft:music.overworld.lush_caves
[02:17:15] [Worker-Main-28/WARN]: File minecraft:sounds/music/game/nuance2.ogg does not exist, cannot add it to event minecraft:music.overworld.lush_caves
[02:17:15] [Worker-Main-28/WARN]: File minecraft:sounds/music/game/piano1.ogg does not exist, cannot add it to event minecraft:music.overworld.lush_caves
[02:17:15] [Worker-Main-28/WARN]: File minecraft:sounds/music/game/piano2.ogg does not exist, cannot add it to event minecraft:music.overworld.lush_caves
[02:17:15] [Worker-Main-28/WARN]: File minecraft:sounds/music/game/piano3.ogg does not exist, cannot add it to event minecraft:music.overworld.lush_caves
[02:17:15] [Worker-Main-28/WARN]: File minecraft:sounds/music/game/calm1.ogg does not exist, cannot add it to event minecraft:music.overworld.meadow
[02:17:15] [Worker-Main-28/WARN]: File minecraft:sounds/music/game/calm2.ogg does not exist, cannot add it to event minecraft:music.overworld.meadow
[02:17:15] [Worker-Main-28/WARN]: File minecraft:sounds/music/game/calm3.ogg does not exist, cannot add it to event minecraft:music.overworld.meadow
[02:17:15] [Worker-Main-28/WARN]: File minecraft:sounds/music/game/hal1.ogg does not exist, cannot add it to event minecraft:music.overworld.meadow
[02:17:15] [Worker-Main-28/WARN]: File minecraft:sounds/music/game/hal2.ogg does not exist, cannot add it to event minecraft:music.overworld.meadow
[02:17:15] [Worker-Main-28/WARN]: File minecraft:sounds/music/game/hal3.ogg does not exist, cannot add it to event minecraft:music.overworld.meadow
[02:17:15] [Worker-Main-28/WARN]: File minecraft:sounds/music/game/hal4.ogg does not exist, cannot add it to event minecraft:music.overworld.meadow
[02:17:15] [Worker-Main-28/WARN]: File minecraft:sounds/music/game/nuance1.ogg does not exist, cannot add it to event minecraft:music.overworld.meadow
[02:17:15] [Worker-Main-28/WARN]: File minecraft:sounds/music/game/nuance2.ogg does not exist, cannot add it to event minecraft:music.overworld.meadow
[02:17:15] [Worker-Main-28/WARN]: File minecraft:sounds/music/game/piano1.ogg does not exist, cannot add it to event minecraft:music.overworld.meadow
[02:17:15] [Worker-Main-28/WARN]: File minecraft:sounds/music/game/piano2.ogg does not exist, cannot add it to event minecraft:music.overworld.meadow
[02:17:15] [Worker-Main-28/WARN]: File minecraft:sounds/music/game/piano3.ogg does not exist, cannot add it to event minecraft:music.overworld.meadow
[02:17:15] [Worker-Main-28/WARN]: File minecraft:sounds/music/game/calm1.ogg does not exist, cannot add it to event minecraft:music.overworld.old_growth_taiga
[02:17:15] [Worker-Main-28/WARN]: File minecraft:sounds/music/game/calm2.ogg does not exist, cannot add it to event minecraft:music.overworld.old_growth_taiga
[02:17:15] [Worker-Main-28/WARN]: File minecraft:sounds/music/game/calm3.ogg does not exist, cannot add it to event minecraft:music.overworld.old_growth_taiga
[02:17:15] [Worker-Main-28/WARN]: File minecraft:sounds/music/game/hal1.ogg does not exist, cannot add it to event minecraft:music.overworld.old_growth_taiga
[02:17:15] [Worker-Main-28/WARN]: File minecraft:sounds/music/game/hal2.ogg does not exist, cannot add it to event minecraft:music.overworld.old_growth_taiga
[02:17:15] [Worker-Main-28/WARN]: File minecraft:sounds/music/game/hal3.ogg does not exist, cannot add it to event minecraft:music.overworld.old_growth_taiga
[02:17:15] [Worker-Main-28/WARN]: File minecraft:sounds/music/game/hal4.ogg does not exist, cannot add it to event minecraft:music.overworld.old_growth_taiga
[02:17:15] [Worker-Main-28/WARN]: File minecraft:sounds/music/game/nuance1.ogg does not exist, cannot add it to event minecraft:music.overworld.old_growth_taiga
[02:17:15] [Worker-Main-28/WARN]: File minecraft:sounds/music/game/nuance2.ogg does not exist, cannot add it to event minecraft:music.overworld.old_growth_taiga
[02:17:15] [Worker-Main-28/WARN]: File minecraft:sounds/music/game/piano1.ogg does not exist, cannot add it to event minecraft:music.overworld.old_growth_taiga
[02:17:15] [Worker-Main-28/WARN]: File minecraft:sounds/music/game/piano2.ogg does not exist, cannot add it to event minecraft:music.overworld.old_growth_taiga
[02:17:15] [Worker-Main-28/WARN]: File minecraft:sounds/music/game/piano3.ogg does not exist, cannot add it to event minecraft:music.overworld.old_growth_taiga
[02:17:15] [Worker-Main-28/WARN]: File minecraft:sounds/music/game/calm1.ogg does not exist, cannot add it to event minecraft:music.overworld.snowy_slopes
[02:17:15] [Worker-Main-28/WARN]: File minecraft:sounds/music/game/calm2.ogg does not exist, cannot add it to event minecraft:music.overworld.snowy_slopes
[02:17:15] [Worker-Main-28/WARN]: File minecraft:sounds/music/game/calm3.ogg does not exist, cannot add it to event minecraft:music.overworld.snowy_slopes
[02:17:15] [Worker-Main-28/WARN]: File minecraft:sounds/music/game/hal1.ogg does not exist, cannot add it to event minecraft:music.overworld.snowy_slopes
[02:17:15] [Worker-Main-28/WARN]: File minecraft:sounds/music/game/hal2.ogg does not exist, cannot add it to event minecraft:music.overworld.snowy_slopes
[02:17:15] [Worker-Main-28/WARN]: File minecraft:sounds/music/game/hal3.ogg does not exist, cannot add it to event minecraft:music.overworld.snowy_slopes
[02:17:15] [Worker-Main-28/WARN]: File minecraft:sounds/music/game/hal4.ogg does not exist, cannot add it to event minecraft:music.overworld.snowy_slopes
[02:17:15] [Worker-Main-28/WARN]: File minecraft:sounds/music/game/nuance1.ogg does not exist, cannot add it to event minecraft:music.overworld.snowy_slopes
[02:17:15] [Worker-Main-28/WARN]: File minecraft:sounds/music/game/nuance2.ogg does not exist, cannot add it to event minecraft:music.overworld.snowy_slopes
[02:17:15] [Worker-Main-28/WARN]: File minecraft:sounds/music/game/piano1.ogg does not exist, cannot add it to event minecraft:music.overworld.snowy_slopes
[02:17:15] [Worker-Main-28/WARN]: File minecraft:sounds/music/game/piano2.ogg does not exist, cannot add it to event minecraft:music.overworld.snowy_slopes
[02:17:15] [Worker-Main-28/WARN]: File minecraft:sounds/music/game/piano3.ogg does not exist, cannot add it to event minecraft:music.overworld.snowy_slopes
[02:17:15] [Worker-Main-28/WARN]: File minecraft:sounds/music/game/calm1.ogg does not exist, cannot add it to event minecraft:music.overworld.sparse_jungle
[02:17:15] [Worker-Main-28/WARN]: File minecraft:sounds/music/game/calm2.ogg does not exist, cannot add it to event minecraft:music.overworld.sparse_jungle
[02:17:15] [Worker-Main-28/WARN]: File minecraft:sounds/music/game/calm3.ogg does not exist, cannot add it to event minecraft:music.overworld.sparse_jungle
[02:17:15] [Worker-Main-28/WARN]: File minecraft:sounds/music/game/hal1.ogg does not exist, cannot add it to event minecraft:music.overworld.sparse_jungle
[02:17:15] [Worker-Main-28/WARN]: File minecraft:sounds/music/game/hal2.ogg does not exist, cannot add it to event minecraft:music.overworld.sparse_jungle
[02:17:15] [Worker-Main-28/WARN]: File minecraft:sounds/music/game/hal3.ogg does not exist, cannot add it to event minecraft:music.overworld.sparse_jungle
[02:17:15] [Worker-Main-28/WARN]: File minecraft:sounds/music/game/hal4.ogg does not exist, cannot add it to event minecraft:music.overworld.sparse_jungle
[02:17:15] [Worker-Main-28/WARN]: File minecraft:sounds/music/game/nuance1.ogg does not exist, cannot add it to event minecraft:music.overworld.sparse_jungle
[02:17:15] [Worker-Main-28/WARN]: File minecraft:sounds/music/game/nuance2.ogg does not exist, cannot add it to event minecraft:music.overworld.sparse_jungle
[02:17:15] [Worker-Main-28/WARN]: File minecraft:sounds/music/game/piano1.ogg does not exist, cannot add it to event minecraft:music.overworld.sparse_jungle
[02:17:15] [Worker-Main-28/WARN]: File minecraft:sounds/music/game/piano2.ogg does not exist, cannot add it to event minecraft:music.overworld.sparse_jungle
[02:17:15] [Worker-Main-28/WARN]: File minecraft:sounds/music/game/piano3.ogg does not exist, cannot add it to event minecraft:music.overworld.sparse_jungle
[02:17:15] [Worker-Main-28/WARN]: File minecraft:sounds/music/game/calm1.ogg does not exist, cannot add it to event minecraft:music.overworld.stony_peaks
[02:17:15] [Worker-Main-28/WARN]: File minecraft:sounds/music/game/calm2.ogg does not exist, cannot add it to event minecraft:music.overworld.stony_peaks
[02:17:15] [Worker-Main-28/WARN]: File minecraft:sounds/music/game/calm3.ogg does not exist, cannot add it to event minecraft:music.overworld.stony_peaks
[02:17:15] [Worker-Main-28/WARN]: File minecraft:sounds/music/game/hal1.ogg does not exist, cannot add it to event minecraft:music.overworld.stony_peaks
[02:17:15] [Worker-Main-28/WARN]: File minecraft:sounds/music/game/hal2.ogg does not exist, cannot add it to event minecraft:music.overworld.stony_peaks
[02:17:15] [Worker-Main-28/WARN]: File minecraft:sounds/music/game/hal3.ogg does not exist, cannot add it to event minecraft:music.overworld.stony_peaks
[02:17:15] [Worker-Main-28/WARN]: File minecraft:sounds/music/game/hal4.ogg does not exist, cannot add it to event minecraft:music.overworld.stony_peaks
[02:17:15] [Worker-Main-28/WARN]: File minecraft:sounds/music/game/nuance1.ogg does not exist, cannot add it to event minecraft:music.overworld.stony_peaks
[02:17:15] [Worker-Main-28/WARN]: File minecraft:sounds/music/game/nuance2.ogg does not exist, cannot add it to event minecraft:music.overworld.stony_peaks
[02:17:15] [Worker-Main-28/WARN]: File minecraft:sounds/music/game/piano1.ogg does not exist, cannot add it to event minecraft:music.overworld.stony_peaks
[02:17:15] [Worker-Main-28/WARN]: File minecraft:sounds/music/game/piano2.ogg does not exist, cannot add it to event minecraft:music.overworld.stony_peaks
[02:17:15] [Worker-Main-28/WARN]: File minecraft:sounds/music/game/piano3.ogg does not exist, cannot add it to event minecraft:music.overworld.stony_peaks
[02:17:15] [Worker-Main-28/WARN]: File minecraft:sounds/music/game/calm1.ogg does not exist, cannot add it to event minecraft:music.overworld.swamp
[02:17:15] [Worker-Main-28/WARN]: File minecraft:sounds/music/game/calm2.ogg does not exist, cannot add it to event minecraft:music.overworld.swamp
[02:17:15] [Worker-Main-28/WARN]: File minecraft:sounds/music/game/calm3.ogg does not exist, cannot add it to event minecraft:music.overworld.swamp
[02:17:15] [Worker-Main-28/WARN]: File minecraft:sounds/music/game/hal1.ogg does not exist, cannot add it to event minecraft:music.overworld.swamp
[02:17:15] [Worker-Main-28/WARN]: File minecraft:sounds/music/game/hal2.ogg does not exist, cannot add it to event minecraft:music.overworld.swamp
[02:17:15] [Worker-Main-28/WARN]: File minecraft:sounds/music/game/hal3.ogg does not exist, cannot add it to event minecraft:music.overworld.swamp
[02:17:15] [Worker-Main-28/WARN]: File minecraft:sounds/music/game/hal4.ogg does not exist, cannot add it to event minecraft:music.overworld.swamp
[02:17:15] [Worker-Main-28/WARN]: File minecraft:sounds/music/game/nuance1.ogg does not exist, cannot add it to event minecraft:music.overworld.swamp
[02:17:15] [Worker-Main-28/WARN]: File minecraft:sounds/music/game/nuance2.ogg does not exist, cannot add it to event minecraft:music.overworld.swamp
[02:17:15] [Worker-Main-28/WARN]: File minecraft:sounds/music/game/piano1.ogg does not exist, cannot add it to event minecraft:music.overworld.swamp
[02:17:15] [Worker-Main-28/WARN]: File minecraft:sounds/music/game/piano2.ogg does not exist, cannot add it to event minecraft:music.overworld.swamp
[02:17:15] [Worker-Main-28/WARN]: File minecraft:sounds/music/game/piano3.ogg does not exist, cannot add it to event minecraft:music.overworld.swamp
[02:17:15] [Worker-Main-28/WARN]: File minecraft:sounds/music/game/calm1.ogg does not exist, cannot add it to event minecraft:music.credits
[02:17:15] [Worker-Main-28/WARN]: File minecraft:sounds/music/game/calm2.ogg does not exist, cannot add it to event minecraft:music.credits
[02:17:15] [Worker-Main-28/WARN]: File minecraft:sounds/music/game/calm3.ogg does not exist, cannot add it to event minecraft:music.credits
[02:17:15] [Worker-Main-28/WARN]: File minecraft:sounds/music/game/hal1.ogg does not exist, cannot add it to event minecraft:music.credits
[02:17:15] [Worker-Main-28/WARN]: File minecraft:sounds/music/game/hal2.ogg does not exist, cannot add it to event minecraft:music.credits
[02:17:15] [Worker-Main-28/WARN]: File minecraft:sounds/music/game/hal3.ogg does not exist, cannot add it to event minecraft:music.credits
[02:17:15] [Worker-Main-28/WARN]: File minecraft:sounds/music/game/hal4.ogg does not exist, cannot add it to event minecraft:music.credits
[02:17:15] [Worker-Main-28/WARN]: File minecraft:sounds/music/game/nuance1.ogg does not exist, cannot add it to event minecraft:music.credits
[02:17:15] [Worker-Main-28/WARN]: File minecraft:sounds/music/game/nuance2.ogg does not exist, cannot add it to event minecraft:music.credits
[02:17:15] [Worker-Main-28/WARN]: File minecraft:sounds/music/game/piano1.ogg does not exist, cannot add it to event minecraft:music.credits
[02:17:15] [Worker-Main-28/WARN]: File minecraft:sounds/music/game/piano2.ogg does not exist, cannot add it to event minecraft:music.credits
[02:17:15] [Worker-Main-28/WARN]: File minecraft:sounds/music/game/piano3.ogg does not exist, cannot add it to event minecraft:music.credits
[02:17:15] [Worker-Main-28/WARN]: File minecraft:sounds/dig/stone5.ogg does not exist, cannot add it to event minecraft:block.stone.hit
[02:17:15] [Worker-Main-28/WARN]: File minecraft:sounds/dig/stone6.ogg does not exist, cannot add it to event minecraft:block.stone.hit
[02:17:15] [Worker-Main-28/WARN]: File minecraft:sounds/dig/stone5.ogg does not exist, cannot add it to event minecraft:block.stone.step
[02:17:15] [Worker-Main-28/WARN]: File minecraft:sounds/dig/stone6.ogg does not exist, cannot add it to event minecraft:block.stone.step
[02:17:23] [Render thread/WARN]: Missing sound for event: minecraft:item.goat_horn.play
[02:17:23] [Render thread/WARN]: Missing sound for event: minecraft:entity.goat.screaming.horn_break
[02:17:23] [Render thread/WARN]: Missing sound for event: minecraft:entity.generic.wind_burst
[02:17:23] [Render thread/INFO]: OpenAL initialized on device OpenAL Soft on Speakers (Razer Kraken Kitty Edition)
[02:17:23] [Render thread/INFO]: Sound engine started
[02:17:24] [Render thread/INFO]: Created: 2048x1024x4 minecraft:textures/atlas/blocks.png-atlas
[02:17:24] [Render thread/INFO]: Created: 512x512x4 minecraft:textures/atlas/signs.png-atlas
[02:17:24] [Render thread/INFO]: Created: 1024x1024x4 minecraft:textures/atlas/shield_patterns.png-atlas
[02:17:24] [Render thread/INFO]: Created: 1024x1024x4 minecraft:textures/atlas/banner_patterns.png-atlas
[02:17:24] [Render thread/INFO]: Created: 2048x2048x4 minecraft:textures/atlas/armor_trims.png-atlas
[02:17:24] [Render thread/INFO]: Created: 512x512x4 minecraft:textures/atlas/chest.png-atlas
[02:17:24] [Render thread/INFO]: Created: 256x128x4 minecraft:textures/atlas/decorated_pot.png-atlas
[02:17:24] [Render thread/INFO]: Created: 1024x512x4 minecraft:textures/atlas/beds.png-atlas
[02:17:24] [Render thread/INFO]: Created: 1024x512x4 minecraft:textures/atlas/shulker_boxes.png-atlas
[02:17:24] [Render thread/WARN]: Shader rendertype_entity_translucent_emissive could not find sampler named Sampler2 in the specified shader program.
[02:17:24] [Render thread/INFO]: Created: 1024x512x0 minecraft:textures/atlas/particles.png-atlas
[02:17:24] [Render thread/INFO]: Created: 512x512x0 minecraft:textures/atlas/paintings.png-atlas
[02:17:24] [Render thread/INFO]: Created: 256x256x0 minecraft:textures/atlas/mob_effects.png-atlas
[02:17:24] [Render thread/INFO]: Created: 2048x1024x0 minecraft:textures/atlas/gui.png-atlas
[02:17:24] [Render thread/INFO]: Stopping worker threads
[02:17:24] [Render thread/INFO]: Started 6 worker threads
[02:17:32] [Render thread/WARN]: Unable to play empty soundEvent: minecraft:music.game
[02:17:45] [Render thread/INFO]: Reloading ResourceManager: vanilla, fabric, appleskin, cloth-config, entityculling, essential, essential-container, essential-loader, fabric-api, fabric-api-base, fabric-api-lookup-api-v1, fabric-biome-api-v1, fabric-block-api-v1, fabric-block-view-api-v2, fabric-blockrenderlayer-v1, fabric-client-tags-api-v1, fabric-command-api-v1, fabric-command-api-v2, fabric-commands-v0, fabric-containers-v0, fabric-content-registries-v0, fabric-convention-tags-v1, fabric-crash-report-info-v1, fabric-data-attachment-api-v1, fabric-data-generation-api-v1, fabric-dimensions-v1, fabric-entity-events-v1, fabric-events-interaction-v0, fabric-events-lifecycle-v0, fabric-game-rule-api-v1, fabric-item-api-v1, fabric-item-group-api-v1, fabric-key-binding-api-v1, fabric-keybindings-v0, fabric-language-kotlin, fabric-lifecycle-events-v1, fabric-loot-api-v2, fabric-message-api-v1, fabric-mining-level-api-v1, fabric-model-loading-api-v1, fabric-models-v0, fabric-networking-api-v1, fabric-object-builder-api-v1, fabric-particles-v1, fabric-recipe-api-v1, fabric-registry-sync-v0, fabric-renderer-api-v1, fabric-renderer-indigo, fabric-renderer-registries-v1, fabric-rendering-data-attachment-v1, fabric-rendering-fluids-v1, fabric-rendering-v0, fabric-rendering-v1, fabric-resource-conditions-api-v1, fabric-resource-loader-v0, fabric-screen-api-v1, fabric-screen-handler-api-v1, fabric-sound-api-v1, fabric-transfer-api-v1, fabric-transitive-access-wideners-v1, fabricloader, litematica, lithium, logical_zoom, malilib, minihud, sodium, tweakeroo, file/Faithful 32x - 1.20.4.zip, file/Dark Powdered Inventory v2.zip, file/Low Fire 32x.zip, essential
[02:17:45] [Worker-Main-31/INFO]: Found unifont_all_no_pua-15.1.04.hex, loading
[02:17:46] [Render thread/WARN]: Missing sound for event: minecraft:item.goat_horn.play
[02:17:46] [Render thread/WARN]: Missing sound for event: minecraft:entity.goat.screaming.horn_break
[02:17:46] [Render thread/WARN]: Missing sound for event: minecraft:entity.generic.wind_burst
[02:17:46] [Render thread/INFO]: OpenAL initialized on device OpenAL Soft on Speakers (Razer Kraken Kitty Edition)
[02:17:46] [Render thread/INFO]: Sound engine started
[02:17:46] [Render thread/INFO]: Created: 2048x1024x4 minecraft:textures/atlas/blocks.png-atlas
[02:17:46] [Render thread/INFO]: Created: 512x512x4 minecraft:textures/atlas/signs.png-atlas
[02:17:46] [Render thread/INFO]: Created: 1024x1024x4 minecraft:textures/atlas/shield_patterns.png-atlas
[02:17:46] [Render thread/INFO]: Created: 1024x1024x4 minecraft:textures/atlas/banner_patterns.png-atlas
[02:17:46] [Render thread/INFO]: Created: 2048x2048x4 minecraft:textures/atlas/armor_trims.png-atlas
[02:17:46] [Render thread/INFO]: Created: 512x512x4 minecraft:textures/atlas/chest.png-atlas
[02:17:46] [Render thread/INFO]: Created: 256x128x4 minecraft:textures/atlas/decorated_pot.png-atlas
[02:17:46] [Render thread/INFO]: Created: 1024x512x4 minecraft:textures/atlas/beds.png-atlas
[02:17:46] [Render thread/INFO]: Created: 1024x512x4 minecraft:textures/atlas/shulker_boxes.png-atlas
[02:17:47] [Render thread/WARN]: Shader rendertype_entity_translucent_emissive could not find sampler named Sampler2 in the specified shader program.
[02:17:47] [Render thread/INFO]: Created: 1024x512x0 minecraft:textures/atlas/particles.png-atlas
[02:17:47] [Render thread/INFO]: Created: 512x512x0 minecraft:textures/atlas/paintings.png-atlas
[02:17:47] [Render thread/INFO]: Created: 256x256x0 minecraft:textures/atlas/mob_effects.png-atlas
[02:17:47] [Render thread/INFO]: Created: 2048x1024x0 minecraft:textures/atlas/gui.png-atlas
[02:17:47] [Render thread/INFO]: Stopping worker threads
[02:17:47] [Render thread/INFO]: Started 6 worker threads
[02:19:02] [Render thread/INFO]: Stopping worker threads
[02:19:02] [Render thread/INFO]: Started 6 worker threads
[02:19:02] [Render thread/INFO]: Stopping worker threads
[02:19:02] [Render thread/INFO]: Started 6 worker threads
[02:19:55] [Render thread/INFO]: Stopping worker threads
[02:19:55] [Render thread/INFO]: Started 6 worker threads
[02:19:55] [Render thread/INFO]: Stopping worker threads
[02:19:55] [Render thread/INFO]: Started 6 worker threads
[02:19:59] [Render thread/INFO]: [System] [CHAT] [Debug]: Hitboxes: hidden
[02:21:25] [Render thread/INFO]: Stopping worker threads
[02:21:25] [Render thread/INFO]: Started 6 worker threads
[02:21:25] [Render thread/INFO]: Stopping worker threads
[02:21:25] [Render thread/INFO]: Started 6 worker threads
[02:21:40] [Render thread/INFO]: Stopping worker threads
[02:21:40] [Render thread/INFO]: Started 6 worker threads
[02:21:40] [Render thread/INFO]: Stopping worker threads
[02:21:40] [Render thread/INFO]: Started 6 worker threads
[02:22:02] [Render thread/INFO]: Stopping worker threads
[02:22:02] [Render thread/INFO]: Started 6 worker threads
[02:22:02] [Render thread/INFO]: Stopping worker threads
[02:22:02] [Render thread/INFO]: Started 6 worker threads
[02:22:43] [Render thread/INFO]: Stopping worker threads
[02:22:43] [Render thread/INFO]: Started 6 worker threads
[02:22:43] [Render thread/INFO]: Stopping worker threads
[02:22:43] [Render thread/INFO]: Started 6 worker threads
[02:22:46] [Render thread/INFO]: Stopping worker threads
[02:22:46] [Render thread/INFO]: Started 6 worker threads
[02:22:46] [Render thread/INFO]: Stopping worker threads
[02:22:46] [Render thread/INFO]: Started 6 worker threads
[02:22:50] [Render thread/WARN]: Received passengers for unknown entity
[02:28:18] [Render thread/INFO]: Stopping worker threads
[02:28:18] [Render thread/INFO]: Started 6 worker threads
[02:28:18] [Render thread/INFO]: Stopping worker threads
[02:28:18] [Render thread/INFO]: Started 6 worker threads
[02:30:12] [Render thread/INFO]: Stopping worker threads
[02:30:12] [Render thread/INFO]: Started 6 worker threads
[02:30:12] [Render thread/INFO]: Stopping worker threads
[02:30:12] [Render thread/INFO]: Started 6 worker threads
[02:30:26] [Render thread/INFO]: Stopping worker threads
[02:30:26] [Render thread/INFO]: Started 6 worker threads
[02:30:26] [Render thread/INFO]: Stopping worker threads
[02:30:26] [Render thread/INFO]: Started 6 worker threads
[02:31:49] [Render thread/INFO]: Stopping worker threads
[02:31:49] [Render thread/INFO]: Started 6 worker threads
[02:31:49] [Render thread/INFO]: Stopping worker threads
[02:31:49] [Render thread/INFO]: Started 6 worker threads
[02:32:20] [Render thread/INFO]: Stopping worker threads
[02:32:20] [Render thread/INFO]: Started 6 worker threads
[02:32:20] [Render thread/INFO]: Stopping worker threads
[02:32:20] [Render thread/INFO]: Started 6 worker threads
[02:33:34] [Render thread/INFO]: Stopping worker threads
[02:33:34] [Render thread/INFO]: Started 6 worker threads
[02:33:35] [Render thread/INFO]: Stopping worker threads
[02:33:35] [Render thread/INFO]: Started 6 worker threads
[02:34:24] [Render thread/INFO]: Stopping worker threads
[02:34:24] [Render thread/INFO]: Started 6 worker threads
[02:34:24] [Render thread/INFO]: Stopping worker threads
[02:34:24] [Render thread/INFO]: Started 6 worker threads
[02:36:32] [Render thread/INFO]: Loaded 626 advancements
[02:38:05] [Render thread/INFO]: Loaded 628 advancements
[02:38:16] [Render thread/INFO]: Loaded 630 advancements
[02:39:38] [Render thread/INFO]: Loaded 632 advancements
[02:39:55] [Render thread/INFO]: Loaded 634 advancements
[02:41:51] [Render thread/INFO]: Loaded 636 advancements
[02:42:21] [Render thread/INFO]: Loaded 638 advancements
[02:42:32] [Render thread/INFO]: Loaded 640 advancements
[02:45:04] [Render thread/INFO]: Loaded 642 advancements
[02:46:53] [Render thread/INFO]: Loaded 644 advancements
[02:47:07] [Render thread/INFO]: Loaded 646 advancements
[02:49:37] [Render thread/INFO]: Loaded 646 advancements
[02:51:01] [Render thread/INFO]: Loaded 648 advancements
[02:51:19] [Render thread/INFO]: Loaded 650 advancements
[03:05:19] [Render thread/INFO]: [System] [CHAT] Respawn point set
[03:08:52] [Render thread/INFO]: Loaded 655 advancements
[03:08:56] [Render thread/INFO]: Loaded 661 advancements
[03:11:39] [Render thread/INFO]: Stopping worker threads
[03:11:39] [Render thread/INFO]: Started 6 worker threads
[03:11:39] [Render thread/INFO]: Stopping worker threads
[03:11:39] [Render thread/INFO]: Started 6 worker threads
[03:11:55] [Render thread/INFO]: Stopping worker threads
[03:11:55] [Render thread/INFO]: Started 6 worker threads
[03:11:55] [Render thread/INFO]: Stopping worker threads
[03:11:55] [Render thread/INFO]: Started 6 worker threads
[03:12:43] [Render thread/INFO]: Stopping worker threads
[03:12:43] [Render thread/INFO]: Started 6 worker threads
[03:12:43] [Render thread/INFO]: Stopping worker threads
[03:12:43] [Render thread/INFO]: Started 6 worker threads
[03:13:18] [Render thread/INFO]: Stopping worker threads
[03:13:18] [Render thread/INFO]: Started 6 worker threads
[03:13:18] [Render thread/INFO]: Stopping worker threads
[03:13:18] [Render thread/INFO]: Started 6 worker threads
[03:13:21] [Render thread/INFO]: Stopping worker threads
[03:13:21] [Render thread/INFO]: Started 6 worker threads
[03:13:21] [Render thread/INFO]: Stopping worker threads
[03:13:21] [Render thread/INFO]: Started 6 worker threads
[03:13:25] [Render thread/WARN]: Received passengers for unknown entity
[03:18:14] [Render thread/INFO]: Stopping worker threads
[03:18:14] [Render thread/INFO]: Started 6 worker threads
[03:18:14] [Render thread/INFO]: Stopping worker threads
[03:18:14] [Render thread/INFO]: Started 6 worker threads
[03:21:15] [Render thread/INFO]: Stopping worker threads
[03:21:15] [Render thread/INFO]: Started 6 worker threads
[03:21:15] [Render thread/INFO]: Stopping worker threads
[03:21:15] [Render thread/INFO]: Started 6 worker threads
[03:26:36] [Render thread/WARN]: Received passengers for unknown entity
[03:29:43] [Server thread/INFO]: 16thGarden has made the advancement [Oh Shiny]
[03:29:43] [Render thread/INFO]: [System] [CHAT] 16thGarden has made the advancement [Oh Shiny]
[03:29:43] [Render thread/INFO]: Loaded 661 advancements
[03:47:54] [Render thread/WARN]: Received passengers for unknown entity
[04:00:27] [Render thread/INFO]: Stopping worker threads
[04:00:27] [Render thread/INFO]: Started 6 worker threads
[04:00:27] [Render thread/INFO]: Stopping worker threads
[04:00:27] [Render thread/INFO]: Started 6 worker threads
[04:00:30] [Render thread/INFO]: Stopping worker threads
[04:00:30] [Render thread/INFO]: Started 6 worker threads
[04:00:30] [Render thread/INFO]: Stopping worker threads
[04:00:30] [Render thread/INFO]: Started 6 worker threads
[04:00:34] [Render thread/WARN]: Received passengers for unknown entity
[04:09:11] [Render thread/INFO]: Stopping worker threads
[04:09:11] [Render thread/INFO]: Started 6 worker threads
[04:09:11] [Render thread/INFO]: Stopping worker threads
[04:09:11] [Render thread/INFO]: Started 6 worker threads
[04:14:42] [Render thread/INFO]: Stopping worker threads
[04:14:42] [Render thread/INFO]: Started 6 worker threads
[04:14:42] [Render thread/INFO]: Stopping worker threads
[04:14:42] [Render thread/INFO]: Started 6 worker threads
[04:15:05] [Render thread/INFO]: Stopping worker threads
[04:15:05] [Render thread/INFO]: Started 6 worker threads
[04:15:05] [Render thread/INFO]: Stopping worker threads
[04:15:05] [Render thread/INFO]: Started 6 worker threads
[04:17:02] [Render thread/INFO]: [System] [CHAT] Respawn point set
[04:18:41] [Render thread/INFO]: Stopping worker threads
[04:18:41] [Render thread/INFO]: Started 6 worker threads
[04:18:41] [Render thread/INFO]: Stopping worker threads
[04:18:41] [Render thread/INFO]: Started 6 worker threads
[04:18:42] [Render thread/WARN]: Received passengers for unknown entity
[04:19:38] [Render thread/WARN]: Received passengers for unknown entity
[04:19:47] [Render thread/INFO]: Stopping worker threads
[04:19:47] [Render thread/INFO]: Started 6 worker threads
[04:19:47] [Render thread/INFO]: Stopping worker threads
[04:19:47] [Render thread/INFO]: Started 6 worker threads
[04:19:50] [Render thread/INFO]: Stopping worker threads
[04:19:50] [Render thread/INFO]: Started 6 worker threads
[04:19:50] [Render thread/INFO]: Stopping worker threads
[04:19:50] [Render thread/INFO]: Started 6 worker threads
[04:24:39] [Render thread/INFO]: Stopping worker threads
[04:24:39] [Render thread/INFO]: Started 6 worker threads
[04:24:39] [Render thread/INFO]: Stopping worker threads
[04:24:39] [Render thread/INFO]: Started 6 worker threads
[04:25:07] [Render thread/INFO]: Stopping worker threads
[04:25:07] [Render thread/INFO]: Started 6 worker threads
[04:25:07] [Render thread/INFO]: Stopping worker threads
[04:25:07] [Render thread/INFO]: Started 6 worker threads
[04:27:14] [Render thread/WARN]: Received passengers for unknown entity
[04:27:28] [Render thread/WARN]: Received passengers for unknown entity
[04:27:45] [Render thread/WARN]: Received passengers for unknown entity
[04:28:09] [Render thread/WARN]: Received passengers for unknown entity
[04:30:27] [Server thread/INFO]: 16thGarden was slain by Piglin Brute
[04:30:28] [Render thread/INFO]: [System] [CHAT] 16thGarden was slain by Piglin Brute
[04:30:31] [Render thread/INFO]: Stopping worker threads
[04:30:31] [Render thread/INFO]: Started 6 worker threads
[04:30:31] [Render thread/INFO]: Stopping worker threads
[04:30:31] [Render thread/INFO]: Started 6 worker threads
[04:30:38] [Server thread/INFO]: [16thGarden: Set own game mode to Creative Mode]
[04:30:38] [Render thread/INFO]: [System] [CHAT] Set own game mode to Creative Mode
[04:30:42] [Render thread/INFO]: Stopping worker threads
[04:30:42] [Render thread/INFO]: Started 6 worker threads
[04:30:42] [Render thread/INFO]: Stopping worker threads
[04:30:42] [Render thread/INFO]: Started 6 worker threads
[04:30:42] [Render thread/WARN]: Received passengers for unknown entity
[04:30:50] [Server thread/INFO]: [16thGarden: Set own game mode to Spectator Mode]
[04:30:50] [Render thread/INFO]: [System] [CHAT] Set own game mode to Spectator Mode
[04:31:08] [Render thread/WARN]: Received passengers for unknown entity
[04:31:16] [Server thread/INFO]: [16thGarden: Set own game mode to Creative Mode]
[04:31:16] [Render thread/INFO]: [System] [CHAT] Set own game mode to Creative Mode
[04:31:39] [Server thread/INFO]: [16thGarden: Set own game mode to Survival Mode]
[04:31:39] [Render thread/INFO]: [System] [CHAT] Set own game mode to Survival Mode
[04:34:25] [Render thread/WARN]: Received passengers for unknown entity
[04:34:28] [Render thread/WARN]: Received passengers for unknown entity
[04:35:11] [Render thread/WARN]: Received passengers for unknown entity
[04:37:08] [Render thread/INFO]: Stopping worker threads
[04:37:08] [Render thread/INFO]: Started 6 worker threads
[04:37:08] [Render thread/INFO]: Stopping worker threads
[04:37:08] [Render thread/INFO]: Started 6 worker threads
[04:39:06] [Render thread/INFO]: Loaded 672 advancements
[04:40:02] [Render thread/INFO]: Loaded 675 advancements
[04:40:33] [Render thread/WARN]: Unable to play empty soundEvent: minecraft:entity.salmon.ambient
[04:40:35] [Render thread/WARN]: Unable to play empty soundEvent: minecraft:entity.cod.ambient
[04:40:51] [Render thread/INFO]: [System] [CHAT] [Debug]: Hitboxes: shown
[04:41:17] [Render thread/INFO]: Loaded 676 advancements
[04:41:56] [Render thread/INFO]: [System] [CHAT] [Debug]: Hitboxes: hidden
[04:43:25] [Render thread/INFO]: Loaded 681 advancements
[05:07:51] [Render thread/INFO]: Loaded 682 advancements
[05:09:35] [Render thread/INFO]: Loaded 682 advancements
[05:11:11] [WebSocketConnectReadThread-1243/INFO]: Closed connection to Essential Connection Manager (code=1001, reason=CloudFlare WebSocket proxy restarting, remote=true), connection was open for 11299962ms
[05:11:42] [WebSocketConnectReadThread-1906/INFO]: Opened connection to Essential ConnectionManager (code=101, message=Switching Protocols)
[05:11:42] [Essential Thread 2/INFO]: Essential Connection Manager connection established.
[05:13:11] [Render thread/INFO]: Loaded 683 advancements
[05:26:58] [Render thread/INFO]: Reloading ResourceManager: vanilla, fabric, appleskin, cloth-config, entityculling, essential, essential-container, essential-loader, fabric-api, fabric-api-base, fabric-api-lookup-api-v1, fabric-biome-api-v1, fabric-block-api-v1, fabric-block-view-api-v2, fabric-blockrenderlayer-v1, fabric-client-tags-api-v1, fabric-command-api-v1, fabric-command-api-v2, fabric-commands-v0, fabric-containers-v0, fabric-content-registries-v0, fabric-convention-tags-v1, fabric-crash-report-info-v1, fabric-data-attachment-api-v1, fabric-data-generation-api-v1, fabric-dimensions-v1, fabric-entity-events-v1, fabric-events-interaction-v0, fabric-events-lifecycle-v0, fabric-game-rule-api-v1, fabric-item-api-v1, fabric-item-group-api-v1, fabric-key-binding-api-v1, fabric-keybindings-v0, fabric-language-kotlin, fabric-lifecycle-events-v1, fabric-loot-api-v2, fabric-message-api-v1, fabric-mining-level-api-v1, fabric-model-loading-api-v1, fabric-models-v0, fabric-networking-api-v1, fabric-object-builder-api-v1, fabric-particles-v1, fabric-recipe-api-v1, fabric-registry-sync-v0, fabric-renderer-api-v1, fabric-renderer-indigo, fabric-renderer-registries-v1, fabric-rendering-data-attachment-v1, fabric-rendering-fluids-v1, fabric-rendering-v0, fabric-rendering-v1, fabric-resource-conditions-api-v1, fabric-resource-loader-v0, fabric-screen-api-v1, fabric-screen-handler-api-v1, fabric-sound-api-v1, fabric-transfer-api-v1, fabric-transitive-access-wideners-v1, fabricloader, litematica, lithium, logical_zoom, malilib, minihud, sodium, tweakeroo, file/Faithful 32x - 1.20.4.zip, file/Low Fire 32x.zip, essential
[05:26:58] [Worker-Main-40/INFO]: Found unifont_all_no_pua-15.1.04.hex, loading
[05:26:59] [Render thread/WARN]: Missing sound for event: minecraft:item.goat_horn.play
[05:26:59] [Render thread/WARN]: Missing sound for event: minecraft:entity.goat.screaming.horn_break
[05:26:59] [Render thread/WARN]: Missing sound for event: minecraft:entity.generic.wind_burst
[05:26:59] [Render thread/INFO]: OpenAL initialized on device OpenAL Soft on Speakers (Razer Kraken Kitty Edition)
[05:26:59] [Render thread/INFO]: Sound engine started
[05:26:59] [Render thread/INFO]: Created: 2048x1024x4 minecraft:textures/atlas/blocks.png-atlas
[05:26:59] [Render thread/INFO]: Created: 512x512x4 minecraft:textures/atlas/signs.png-atlas
[05:26:59] [Render thread/INFO]: Created: 1024x1024x4 minecraft:textures/atlas/shield_patterns.png-atlas
[05:26:59] [Render thread/INFO]: Created: 1024x1024x4 minecraft:textures/atlas/banner_patterns.png-atlas
[05:26:59] [Render thread/INFO]: Created: 2048x2048x4 minecraft:textures/atlas/armor_trims.png-atlas
[05:27:00] [Render thread/INFO]: Created: 512x512x4 minecraft:textures/atlas/chest.png-atlas
[05:27:00] [Render thread/INFO]: Created: 256x128x4 minecraft:textures/atlas/decorated_pot.png-atlas
[05:27:00] [Render thread/INFO]: Created: 1024x512x4 minecraft:textures/atlas/beds.png-atlas
[05:27:00] [Render thread/INFO]: Created: 1024x512x4 minecraft:textures/atlas/shulker_boxes.png-atlas
[05:27:00] [Render thread/WARN]: Shader rendertype_entity_translucent_emissive could not find sampler named Sampler2 in the specified shader program.
[05:27:00] [Render thread/INFO]: Created: 1024x512x0 minecraft:textures/atlas/particles.png-atlas
[05:27:00] [Render thread/INFO]: Created: 512x512x0 minecraft:textures/atlas/paintings.png-atlas
[05:27:00] [Render thread/INFO]: Created: 256x256x0 minecraft:textures/atlas/mob_effects.png-atlas
[05:27:00] [Render thread/INFO]: Created: 2048x1024x0 minecraft:textures/atlas/gui.png-atlas
[05:27:00] [Render thread/INFO]: Stopping worker threads
[05:27:00] [Render thread/INFO]: Started 6 worker threads
[05:29:09] [Server thread/INFO]: 16thGarden lost connection: Disconnected
[05:29:09] [Server thread/INFO]: 16thGarden left the game
[05:29:09] [Server thread/INFO]: Stopping singleplayer server as player logged out
[05:29:09] [Server thread/INFO]: Stopping server
[05:29:09] [Server thread/INFO]: Saving players
[05:29:09] [Server thread/INFO]: Saving worlds
[05:29:09] [Server thread/INFO]: Saving chunks for level 'ServerLevel[Epic survival world]'/minecraft:overworld
[05:29:09] [Server thread/INFO]: Saving chunks for level 'ServerLevel[Epic survival world]'/minecraft:the_end
[05:29:09] [Server thread/INFO]: Saving chunks for level 'ServerLevel[Epic survival world]'/minecraft:the_nether
[05:29:09] [Server thread/INFO]: ThreadedAnvilChunkStorage (Epic survival world): All chunks are saved
[05:29:09] [Server thread/INFO]: ThreadedAnvilChunkStorage (DIM1): All chunks are saved
[05:29:09] [Server thread/INFO]: ThreadedAnvilChunkStorage (DIM-1): All chunks are saved
[05:29:09] [Server thread/INFO]: ThreadedAnvilChunkStorage: All dimensions are saved
[05:29:09] [Render thread/INFO]: Stopping worker threads
[05:38:34] [Render thread/INFO]: Stopping!
[05:38:34] [CullThread/INFO]: [STDOUT]: Shutting down culling task!
