[18:52:09] [main/INFO]: Loading Minecraft 1.20.4 with Fabric Loader 0.15.7
[18:52:09] [main/INFO]: Loading 69 mods:
	- advanced-xray-fabric 84.0.0
	- appleskin 2.5.1+mc1.20.3
	   \-- cloth-config 13.0.114
	        \-- cloth-basic-math 0.6.1
	- entityculling 1.6.3.1
	- essential-container 1.0.0
	   \-- essential-loader 1.2.1
	- fabric-api 0.96.4+1.20.4
	   |-- fabric-api-base 0.4.36+78d798af4f
	   |-- fabric-api-lookup-api-v1 1.6.49+82b1bb3e4f
	   |-- fabric-biome-api-v1 13.0.16+78d798af4f
	   |-- fabric-block-api-v1 1.0.16+3e2216cb4f
	   |-- fabric-block-view-api-v2 1.0.4+78d798af4f
	   |-- fabric-blockrenderlayer-v1 1.1.46+78d798af4f
	   |-- fabric-client-tags-api-v1 1.1.7+78d798af4f
	   |-- fabric-command-api-v1 1.2.41+f71b366f4f
	   |-- fabric-command-api-v2 2.2.20+78d798af4f
	   |-- fabric-commands-v0 0.2.58+df3654b34f
	   |-- fabric-containers-v0 0.1.86+df3654b34f
	   |-- fabric-content-registries-v0 5.0.14+78d798af4f
	   |-- fabric-convention-tags-v1 1.5.10+78d798af4f
	   |-- fabric-crash-report-info-v1 0.2.23+78d798af4f
	   |-- fabric-data-attachment-api-v1 1.1.3+b90db5744f
	   |-- fabric-data-generation-api-v1 13.2.3+5c0133444f
	   |-- fabric-dimensions-v1 2.1.61+78d798af4f
	   |-- fabric-entity-events-v1 1.6.1+09fc25014f
	   |-- fabric-events-interaction-v0 0.7.1+389931eb4f
	   |-- fabric-events-lifecycle-v0 0.2.74+df3654b34f
	   |-- fabric-game-rule-api-v1 1.0.46+78d798af4f
	   |-- fabric-item-api-v1 2.2.0+d6f2b0844f
	   |-- fabric-item-group-api-v1 4.0.25+58f8c0124f
	   |-- fabric-key-binding-api-v1 1.0.41+78d798af4f
	   |-- fabric-keybindings-v0 0.2.39+df3654b34f
	   |-- fabric-lifecycle-events-v1 2.3.0+a67ffb5d4f
	   |-- fabric-loot-api-v2 2.1.8+78d798af4f
	   |-- fabric-message-api-v1 6.0.5+78d798af4f
	   |-- fabric-mining-level-api-v1 2.1.64+78d798af4f
	   |-- fabric-model-loading-api-v1 1.0.8+78d798af4f
	   |-- fabric-models-v0 0.4.7+9386d8a74f
	   |-- fabric-networking-api-v1 3.1.7+2e5ac5484f
	   |-- fabric-object-builder-api-v1 13.0.13+080016e44f
	   |-- fabric-particles-v1 1.1.7+78d798af4f
	   |-- fabric-recipe-api-v1 2.0.20+78d798af4f
	   |-- fabric-registry-sync-v0 4.0.19+58f8c0124f
	   |-- fabric-renderer-api-v1 3.2.4+78d798af4f
	   |-- fabric-renderer-indigo 1.5.4+78d798af4f
	   |-- fabric-renderer-registries-v1 3.2.53+df3654b34f
	   |-- fabric-rendering-data-attachment-v1 0.3.42+73761d2e4f
	   |-- fabric-rendering-fluids-v1 3.1.1+e761c6694f
	   |-- fabric-rendering-v0 1.1.56+df3654b34f
	   |-- fabric-rendering-v1 3.2.0+6fd945a04f
	   |-- fabric-resource-conditions-api-v1 2.3.14+78d798af4f
	   |-- fabric-resource-loader-v0 0.11.19+58f8c0124f
	   |-- fabric-screen-api-v1 2.0.17+78d798af4f
	   |-- fabric-screen-handler-api-v1 1.3.55+78d798af4f
	   |-- fabric-sound-api-v1 1.0.17+78d798af4f
	   |-- fabric-transfer-api-v1 4.0.11+e84342304f
	   \-- fabric-transitive-access-wideners-v1 5.0.14+78d798af4f
	- fabricloader 0.15.7
	   \-- mixinextras 0.3.5
	- java 17
	- litematica 0.17.0
	- lithium 0.12.1
	- logical_zoom 0.0.22
	- malilib 0.18.1
	- minecraft 1.20.4
	- minihud 0.30.2
	- sodium 0.5.8+mc1.20.4
	- tweakeroo 0.19.2
[18:52:09] [main/INFO]: SpongePowered MIXIN Subsystem Version=0.8.5 Source=file:/C:/Users/Miguel%20Leyesa/AppData/Roaming/.minecraft/libraries/net/fabricmc/sponge-mixin/0.12.5+mixin.0.8.5/sponge-mixin-0.12.5+mixin.0.8.5.jar Service=Knot/Fabric Env=CLIENT
[18:52:09] [main/INFO]: Compatibility level set to JAVA_17
[18:52:10] [main/INFO]: Loaded configuration file for Lithium: 129 options available, 0 override(s) found
[18:52:10] [main/INFO]: Loaded configuration file for Sodium: 42 options available, 0 override(s) found
[18:52:12] [main/INFO]: Starting Essential Loader (stage2) version 1.4.1+fabric-1.20.4 (9cbd42842e1a0f4db9463ba79962010f) [stable]
[18:52:13] [main/INFO]: Starting Essential v1.3.1.1 (#3a090c5c88) [stable]
[18:52:13] [main/INFO]: Java: OpenJDK 64-Bit Server VM (v17.0.8) by Microsoft (Microsoft)
[18:52:13] [main/INFO]: Java Path: C:\Users\Miguel Leyesa\AppData\Local\Packages\Microsoft.4297127D64EC6_8wekyb3d8bbwe\LocalCache\Local\runtime\java-runtime-gamma\windows-x64\java-runtime-gamma\bin
[18:52:13] [main/INFO]: Java Info: mixed mode
[18:52:13] [main/INFO]: JVM Arguments: 
  - -XX:HeapDumpPath=MojangTricksIntelDriversForPerformance_javaw.exe_minecraft.exe.heapdump
  - -Xss1M
  - -Djava.library.path=C:\Users\Miguel Leyesa\AppData\Roaming\.minecraft\bin\f2e342bf2348672ee9b93bf020ce8b6279af9b64
  - -Djna.tmpdir=C:\Users\Miguel Leyesa\AppData\Roaming\.minecraft\bin\f2e342bf2348672ee9b93bf020ce8b6279af9b64
  - -Dorg.lwjgl.system.SharedLibraryExtractPath=C:\Users\Miguel Leyesa\AppData\Roaming\.minecraft\bin\f2e342bf2348672ee9b93bf020ce8b6279af9b64
  - -Dio.netty.native.workdir=C:\Users\Miguel Leyesa\AppData\Roaming\.minecraft\bin\f2e342bf2348672ee9b93bf020ce8b6279af9b64
  - -Dminecraft.launcher.brand=minecraft-launcher
  - -Dminecraft.launcher.version=2.19.10
  - -DFabricMcEmu= net.minecraft.client.main.Main 
  - -Xmx8G
  - -XX:+UnlockExperimentalVMOptions
  - -XX:+UseG1GC
  - -XX:G1NewSizePercent=20
  - -XX:G1ReservePercent=20
  - -XX:MaxGCPauseMillis=50
  - -XX:G1HeapRegionSize=32M
  - -Dlog4j.configurationFile=C:\Users\Miguel Leyesa\AppData\Roaming\.minecraft\assets\log_configs\client-1.12.xml
[18:52:13] [main/INFO]: OS: Windows 11 (v10.0) (Arch: amd64)
[18:52:14] [main/INFO]: Searching for graphics cards...
[18:52:14] [main/INFO]: Initializing MixinExtras via com.llamalad7.mixinextras.service.MixinExtrasServiceImpl(version=0.3.5).
[18:52:15] [main/INFO]: Found graphics card: GraphicsAdapterInfo[vendor=NVIDIA, name=NVIDIA GeForce RTX 3050 Laptop GPU, version=DriverVersion=31.0.15.4629]
[18:52:15] [main/INFO]: Found graphics card: GraphicsAdapterInfo[vendor=INTEL, name=Intel(R) UHD Graphics, version=DriverVersion=30.0.100.9864]
[18:52:15] [main/WARN]: Sodium has applied one or more workarounds to prevent crashes or other issues on your system: [NVIDIA_THREADED_OPTIMIZATIONS]
[18:52:15] [main/WARN]: This is not necessarily an issue, but it may result in certain features or optimizations being disabled. You can sometimes fix these issues by upgrading your graphics driver.
[18:52:28] [Datafixer Bootstrap/INFO]: 198 Datafixer optimizations took 296 milliseconds
[18:52:32] [Render thread/INFO]: Environment: Environment[sessionHost=https://sessionserver.mojang.com, servicesHost=https://api.minecraftservices.com, name=PROD]
[18:52:32] [Render thread/INFO]: Setting user: 16thGarden
[18:52:33] [Render thread/INFO]: Using Default JreDnsResolver
[18:52:34] [Render thread/INFO]: Starting DI!
[18:52:34] [Thread 4/INFO]: Connecting to Essential Connection Manager...
[18:52:35] [Essential Thread 1/INFO]: Using Default JreSocketFactory
[18:52:35] [Render thread/INFO]: XRay mod has been initialized
[18:52:35] [WebSocketConnectReadThread-76/INFO]: Opened connection to Essential ConnectionManager (code=101, message=Switching Protocols)
[18:52:35] [Essential Thread 1/INFO]: Essential Connection Manager connection established.
[18:52:36] [Render thread/INFO]: [Indigo] Different rendering plugin detected; not applying Indigo.
[18:52:36] [Render thread/INFO]: OptiFine not detected.
[18:52:36] [Render thread/INFO]: Backend library: LWJGL version 3.3.2-snapshot
[18:52:37] [Render thread/WARN]: Applying workaround: Prevent the NVIDIA OpenGL driver from using broken optimizations (NVIDIA_THREADED_OPTIMIZATIONS)
[18:52:37] [Render thread/INFO]: OpenGL Vendor: NVIDIA Corporation
[18:52:37] [Render thread/INFO]: OpenGL Renderer: NVIDIA GeForce RTX 3050 Laptop GPU/PCIe/SSE2
[18:52:37] [Render thread/INFO]: OpenGL Version: 3.2.0 NVIDIA 546.29
[18:52:38] [ForkJoinPool.commonPool-worker-1/INFO]: [STDERR]: org.objectweb.asm.tree.analysis.AnalyzerException: Error at instruction 137: Trying to set an inexistant local variable 9
[18:52:38] [ForkJoinPool.commonPool-worker-1/INFO]: [STDERR]: 	at org.objectweb.asm.tree.analysis.Analyzer.analyze(Analyzer.java:279)
[18:52:38] [ForkJoinPool.commonPool-worker-1/INFO]: [STDERR]: 	at org.spongepowered.asm.util.Locals.generateLocalVariableTable(Locals.java:859)
[18:52:38] [ForkJoinPool.commonPool-worker-1/INFO]: [STDERR]: 	at org.spongepowered.asm.util.Locals.getGeneratedLocalVariableTable(Locals.java:828)
[18:52:38] [ForkJoinPool.commonPool-worker-1/INFO]: [STDERR]: 	at org.spongepowered.asm.util.Locals.getLocalVariableAt(Locals.java:782)
[18:52:38] [ForkJoinPool.commonPool-worker-1/INFO]: [STDERR]: 	at org.spongepowered.asm.util.Locals.getLocalVariableAt(Locals.java:752)
[18:52:38] [ForkJoinPool.commonPool-worker-1/INFO]: [STDERR]: 	at org.spongepowered.asm.util.Locals.getLocalsAt(Locals.java:529)
[18:52:38] [ForkJoinPool.commonPool-worker-1/INFO]: [STDERR]: 	at org.spongepowered.asm.util.Locals.getLocalsAt(Locals.java:336)
[18:52:38] [ForkJoinPool.commonPool-worker-1/INFO]: [STDERR]: 	at org.spongepowered.asm.mixin.injection.modify.LocalVariableDiscriminator$Context.initLocals(LocalVariableDiscriminator.java:154)
[18:52:38] [ForkJoinPool.commonPool-worker-1/INFO]: [STDERR]: 	at org.spongepowered.asm.mixin.injection.modify.LocalVariableDiscriminator$Context.<init>(LocalVariableDiscriminator.java:148)
[18:52:38] [ForkJoinPool.commonPool-worker-1/INFO]: [STDERR]: 	at org.spongepowered.asm.mixin.injection.modify.ModifyVariableInjector$Context.<init>(ModifyVariableInjector.java:71)
[18:52:38] [ForkJoinPool.commonPool-worker-1/INFO]: [STDERR]: 	at org.spongepowered.asm.mixin.injection.modify.ModifyVariableInjector.preInject(ModifyVariableInjector.java:159)
[18:52:38] [ForkJoinPool.commonPool-worker-1/INFO]: [STDERR]: 	at org.spongepowered.asm.mixin.injection.code.Injector.preInject(Injector.java:258)
[18:52:38] [ForkJoinPool.commonPool-worker-1/INFO]: [STDERR]: 	at org.spongepowered.asm.mixin.injection.struct.InjectionInfo.preInject(InjectionInfo.java:436)
[18:52:38] [ForkJoinPool.commonPool-worker-1/INFO]: [STDERR]: 	at org.spongepowered.asm.mixin.transformer.MixinTargetContext.applyInjections(MixinTargetContext.java:1370)
[18:52:38] [ForkJoinPool.commonPool-worker-1/INFO]: [STDERR]: 	at org.spongepowered.asm.mixin.transformer.MixinApplicatorStandard.applyInjections(MixinApplicatorStandard.java:1062)
[18:52:38] [ForkJoinPool.commonPool-worker-1/INFO]: [STDERR]: 	at org.spongepowered.asm.mixin.transformer.MixinApplicatorStandard.applyMixin(MixinApplicatorStandard.java:402)
[18:52:38] [ForkJoinPool.commonPool-worker-1/INFO]: [STDERR]: 	at org.spongepowered.asm.mixin.transformer.MixinApplicatorStandard.apply(MixinApplicatorStandard.java:327)
[18:52:38] [ForkJoinPool.commonPool-worker-1/INFO]: [STDERR]: 	at org.spongepowered.asm.mixin.transformer.TargetClassContext.apply(TargetClassContext.java:421)
[18:52:38] [ForkJoinPool.commonPool-worker-1/INFO]: [STDERR]: 	at org.spongepowered.asm.mixin.transformer.TargetClassContext.applyMixins(TargetClassContext.java:403)
[18:52:38] [ForkJoinPool.commonPool-worker-1/INFO]: [STDERR]: 	at org.spongepowered.asm.mixin.transformer.MixinProcessor.applyMixins(MixinProcessor.java:363)
[18:52:38] [ForkJoinPool.commonPool-worker-1/INFO]: [STDERR]: 	at org.spongepowered.asm.mixin.transformer.MixinTransformer.transformClass(MixinTransformer.java:234)
[18:52:38] [ForkJoinPool.commonPool-worker-1/INFO]: [STDERR]: 	at org.spongepowered.asm.mixin.transformer.MixinTransformer.transformClassBytes(MixinTransformer.java:202)
[18:52:38] [ForkJoinPool.commonPool-worker-1/INFO]: [STDERR]: 	at net.fabricmc.loader.impl.launch.knot.KnotClassDelegate.getPostMixinClassByteArray(KnotClassDelegate.java:422)
[18:52:38] [ForkJoinPool.commonPool-worker-1/INFO]: [STDERR]: 	at net.fabricmc.loader.impl.launch.knot.KnotClassDelegate.tryLoadClass(KnotClassDelegate.java:323)
[18:52:38] [ForkJoinPool.commonPool-worker-1/INFO]: [STDERR]: 	at net.fabricmc.loader.impl.launch.knot.KnotClassDelegate.loadClass(KnotClassDelegate.java:218)
[18:52:38] [ForkJoinPool.commonPool-worker-1/INFO]: [STDERR]: 	at net.fabricmc.loader.impl.launch.knot.KnotClassLoader.loadClass(KnotClassLoader.java:119)
[18:52:38] [ForkJoinPool.commonPool-worker-1/INFO]: [STDERR]: 	at java.base/java.lang.ClassLoader.loadClass(ClassLoader.java:525)
[18:52:38] [ForkJoinPool.commonPool-worker-1/INFO]: [STDERR]: 	at gg.essential.universal.UGraphics.<clinit>(UGraphics.java:774)
[18:52:38] [ForkJoinPool.commonPool-worker-1/INFO]: [STDERR]: 	at gg.essential.elementa.components.UIImage._init_$lambda-1(UIImage.kt:60)
[18:52:38] [ForkJoinPool.commonPool-worker-1/INFO]: [STDERR]: 	at java.base/java.util.concurrent.CompletableFuture$UniAccept.tryFire(CompletableFuture.java:718)
[18:52:38] [ForkJoinPool.commonPool-worker-1/INFO]: [STDERR]: 	at java.base/java.util.concurrent.CompletableFuture$Completion.exec(CompletableFuture.java:483)
[18:52:38] [ForkJoinPool.commonPool-worker-1/INFO]: [STDERR]: 	at java.base/java.util.concurrent.ForkJoinTask.doExec(ForkJoinTask.java:373)
[18:52:38] [ForkJoinPool.commonPool-worker-1/INFO]: [STDERR]: 	at java.base/java.util.concurrent.ForkJoinPool$WorkQueue.topLevelExec(ForkJoinPool.java:1182)
[18:52:38] [ForkJoinPool.commonPool-worker-1/INFO]: [STDERR]: 	at java.base/java.util.concurrent.ForkJoinPool.scan(ForkJoinPool.java:1655)
[18:52:38] [ForkJoinPool.commonPool-worker-1/INFO]: [STDERR]: 	at java.base/java.util.concurrent.ForkJoinPool.runWorker(ForkJoinPool.java:1622)
[18:52:38] [ForkJoinPool.commonPool-worker-1/INFO]: [STDERR]: 	at java.base/java.util.concurrent.ForkJoinWorkerThread.run(ForkJoinWorkerThread.java:165)
[18:52:38] [ForkJoinPool.commonPool-worker-1/INFO]: [STDERR]: Caused by: java.lang.IndexOutOfBoundsException: Trying to set an inexistant local variable 9
[18:52:38] [ForkJoinPool.commonPool-worker-1/INFO]: [STDERR]: 	at org.objectweb.asm.tree.analysis.Frame.setLocal(Frame.java:208)
[18:52:38] [ForkJoinPool.commonPool-worker-1/INFO]: [STDERR]: 	at org.objectweb.asm.tree.analysis.Frame.execute(Frame.java:337)
[18:52:38] [ForkJoinPool.commonPool-worker-1/INFO]: [STDERR]: 	at org.objectweb.asm.tree.analysis.Analyzer.analyze(Analyzer.java:171)
[18:52:38] [ForkJoinPool.commonPool-worker-1/INFO]: [STDERR]: 	... 35 more
[18:52:42] [Render thread/INFO]: Reloading ResourceManager: vanilla, fabric, advanced-xray-fabric, appleskin, cloth-config, entityculling, essential, essential-container, essential-loader, fabric-api, fabric-api-base, fabric-api-lookup-api-v1, fabric-biome-api-v1, fabric-block-api-v1, fabric-block-view-api-v2, fabric-blockrenderlayer-v1, fabric-client-tags-api-v1, fabric-command-api-v1, fabric-command-api-v2, fabric-commands-v0, fabric-containers-v0, fabric-content-registries-v0, fabric-convention-tags-v1, fabric-crash-report-info-v1, fabric-data-attachment-api-v1, fabric-data-generation-api-v1, fabric-dimensions-v1, fabric-entity-events-v1, fabric-events-interaction-v0, fabric-events-lifecycle-v0, fabric-game-rule-api-v1, fabric-item-api-v1, fabric-item-group-api-v1, fabric-key-binding-api-v1, fabric-keybindings-v0, fabric-language-kotlin, fabric-lifecycle-events-v1, fabric-loot-api-v2, fabric-message-api-v1, fabric-mining-level-api-v1, fabric-model-loading-api-v1, fabric-models-v0, fabric-networking-api-v1, fabric-object-builder-api-v1, fabric-particles-v1, fabric-recipe-api-v1, fabric-registry-sync-v0, fabric-renderer-api-v1, fabric-renderer-indigo, fabric-renderer-registries-v1, fabric-rendering-data-attachment-v1, fabric-rendering-fluids-v1, fabric-rendering-v0, fabric-rendering-v1, fabric-resource-conditions-api-v1, fabric-resource-loader-v0, fabric-screen-api-v1, fabric-screen-handler-api-v1, fabric-sound-api-v1, fabric-transfer-api-v1, fabric-transitive-access-wideners-v1, fabricloader, litematica, lithium, logical_zoom, malilib, minihud, sodium, tweakeroo, file/Low Fire 32x.zip, file/VisibleAncientDebris.zip, essential
[18:52:42] [Render thread/WARN]: Non [a-z0-9_.-] character in namespace .DS_Store in pack C:\Users\Miguel Leyesa\AppData\Roaming\.minecraft\resourcepacks\VisibleAncientDebris.zip, ignoring
[18:52:42] [Render thread/WARN]: Non [a-z0-9_.-] character in namespace .DS_Store in pack C:\Users\Miguel Leyesa\AppData\Roaming\.minecraft\resourcepacks\VisibleAncientDebris.zip, ignoring
[18:52:42] [Worker-Main-1/INFO]: Found unifont_all_no_pua-15.1.04.hex, loading
[18:52:42] [Worker-Main-2/WARN]: Invalid path in datapack: minecraft:textures/block/.DS_Store, ignoring
[18:52:43] [Render thread/INFO]: Client started, setting up xray store
[18:52:44] [DefaultDispatcher-worker-4/INFO]: Connected to Discord as starbuckslarge
[18:52:46] [Render thread/WARN]: Missing sound for event: minecraft:item.goat_horn.play
[18:52:46] [Render thread/WARN]: Missing sound for event: minecraft:entity.goat.screaming.horn_break
[18:52:46] [Render thread/WARN]: Missing sound for event: minecraft:entity.generic.wind_burst
[18:52:46] [Render thread/INFO]: OpenAL initialized on device OpenAL Soft on Speakers (Razer Kraken Kitty Edition)
[18:52:46] [Render thread/INFO]: Sound engine started
[18:52:46] [Render thread/INFO]: Created: 1024x512x4 minecraft:textures/atlas/blocks.png-atlas
[18:52:46] [Render thread/INFO]: Created: 256x256x4 minecraft:textures/atlas/signs.png-atlas
[18:52:46] [Render thread/INFO]: Created: 512x512x4 minecraft:textures/atlas/banner_patterns.png-atlas
[18:52:46] [Render thread/INFO]: Created: 512x512x4 minecraft:textures/atlas/shield_patterns.png-atlas
[18:52:46] [Render thread/INFO]: Created: 1024x1024x4 minecraft:textures/atlas/armor_trims.png-atlas
[18:52:46] [Render thread/INFO]: Created: 256x256x4 minecraft:textures/atlas/chest.png-atlas
[18:52:46] [Render thread/INFO]: Created: 128x64x4 minecraft:textures/atlas/decorated_pot.png-atlas
[18:52:46] [Render thread/INFO]: Created: 512x256x4 minecraft:textures/atlas/shulker_boxes.png-atlas
[18:52:46] [Render thread/INFO]: Created: 512x256x4 minecraft:textures/atlas/beds.png-atlas
[18:52:47] [Render thread/WARN]: Shader rendertype_entity_translucent_emissive could not find sampler named Sampler2 in the specified shader program.
[18:52:47] [Render thread/INFO]: Created: 512x256x0 minecraft:textures/atlas/particles.png-atlas
[18:52:47] [Render thread/INFO]: Created: 256x256x0 minecraft:textures/atlas/paintings.png-atlas
[18:52:47] [Render thread/INFO]: Created: 128x128x0 minecraft:textures/atlas/mob_effects.png-atlas
[18:52:47] [Render thread/INFO]: Created: 1024x512x0 minecraft:textures/atlas/gui.png-atlas
[18:52:49] [Render thread/WARN]: Shader cabb2374eda405e66b897908637abd1da5deac52 could not find uniform named subpixel_amount in the specified shader program.
[18:52:54] [Render thread/INFO]: Loaded 7 recipes
[18:52:55] [Render thread/INFO]: Loaded 1271 advancements
[18:52:55] [Render thread/INFO]: Applied 0 biome modifications to 0 of 64 new biomes in 2.687 ms
[18:52:55] [Server thread/INFO]: Starting integrated minecraft server version 1.20.4
[18:52:55] [Server thread/INFO]: Generating keypair
[18:52:58] [Server thread/INFO]: Preparing start region for dimension minecraft:overworld
[18:53:01] [Render thread/INFO]: Preparing spawn area: 0%
[18:53:01] [Render thread/INFO]: Preparing spawn area: 0%
[18:53:01] [Render thread/INFO]: Preparing spawn area: 0%
[18:53:01] [Render thread/INFO]: Preparing spawn area: 0%
[18:53:01] [Render thread/INFO]: Preparing spawn area: 0%
[18:53:01] [Render thread/INFO]: Preparing spawn area: 0%
[18:53:01] [Render thread/INFO]: Preparing spawn area: 0%
[18:53:01] [Render thread/INFO]: Preparing spawn area: 0%
[18:53:02] [Render thread/INFO]: Preparing spawn area: 0%
[18:53:02] [Render thread/INFO]: Preparing spawn area: 4%
[18:53:03] [Render thread/INFO]: Preparing spawn area: 47%
[18:53:03] [Render thread/INFO]: Time elapsed: 5329 ms
[18:53:03] [Server thread/INFO]: Changing view distance to 16, from 10
[18:53:03] [Server thread/INFO]: Changing simulation distance to 12, from 0
[18:53:04] [Server thread/WARN]: @Redirect conflict. Skipping mixins.tweakeroo.json:MixinServerPlayNetworkHandler from mod tweakeroo->@Redirect::tweakeroo_removeHitPosCheck(Lnet/minecraft/class_243;Lnet/minecraft/class_243;)Lnet/minecraft/class_243; with priority 1005, already redirected by mixins.litematica.json:MixinServerPlayNetworkHandler from mod litematica->@Redirect::litematica_removeHitPosCheck(Lnet/minecraft/class_243;Lnet/minecraft/class_243;)Lnet/minecraft/class_243; with priority 1010
[18:53:04] [Server thread/INFO]: 16thGarden[local:E:74231746] logged in with entity id 179 at (266.79220821975576, 15.0, -378.43456175318306)
[18:53:04] [Server thread/INFO]: 16thGarden joined the game
[18:53:05] [Render thread/INFO]: Started 6 worker threads
[18:53:05] [Render thread/INFO]: Using 3 total BufferBuilder caches
[18:53:05] [Render thread/WARN]: Unable to read property: west with value: false for blockstate: {Name:"minecraft:cobblestone_wall",Properties:{east:"false",north:"false",south:"false",up:"false",west:"false"}}
[18:53:05] [Render thread/WARN]: Unable to read property: east with value: false for blockstate: {Name:"minecraft:cobblestone_wall",Properties:{east:"false",north:"false",south:"false",up:"false",west:"false"}}
[18:53:05] [Render thread/WARN]: Unable to read property: south with value: false for blockstate: {Name:"minecraft:cobblestone_wall",Properties:{east:"false",north:"false",south:"false",up:"false",west:"false"}}
[18:53:05] [Render thread/WARN]: Unable to read property: north with value: false for blockstate: {Name:"minecraft:cobblestone_wall",Properties:{east:"false",north:"false",south:"false",up:"false",west:"false"}}
[18:53:05] [Render thread/WARN]: Unable to read property: west with value: false for blockstate: {Name:"minecraft:mossy_cobblestone_wall",Properties:{east:"false",north:"false",south:"false",up:"false",west:"false"}}
[18:53:05] [Render thread/WARN]: Unable to read property: east with value: false for blockstate: {Name:"minecraft:mossy_cobblestone_wall",Properties:{east:"false",north:"false",south:"false",up:"false",west:"false"}}
[18:53:05] [Render thread/WARN]: Unable to read property: south with value: false for blockstate: {Name:"minecraft:mossy_cobblestone_wall",Properties:{east:"false",north:"false",south:"false",up:"false",west:"false"}}
[18:53:05] [Render thread/WARN]: Unable to read property: north with value: false for blockstate: {Name:"minecraft:mossy_cobblestone_wall",Properties:{east:"false",north:"false",south:"false",up:"false",west:"false"}}
[18:53:06] [Render thread/INFO]: Loaded 714 advancements
[18:53:18] [Server thread/INFO]: Saving and pausing game...
[18:53:18] [Server thread/INFO]: Saving chunks for level 'ServerLevel[Epic survival world]'/minecraft:overworld
[18:53:18] [Server thread/INFO]: Saving chunks for level 'ServerLevel[Epic survival world]'/minecraft:the_end
[18:53:18] [Server thread/INFO]: Saving chunks for level 'ServerLevel[Epic survival world]'/minecraft:the_nether
[18:53:47] [Server thread/INFO]: Saving and pausing game...
[18:53:47] [Server thread/INFO]: Saving chunks for level 'ServerLevel[Epic survival world]'/minecraft:overworld
[18:53:47] [Server thread/INFO]: Saving chunks for level 'ServerLevel[Epic survival world]'/minecraft:the_end
[18:53:47] [Server thread/INFO]: Saving chunks for level 'ServerLevel[Epic survival world]'/minecraft:the_nether
[18:54:48] [Server thread/INFO]: Saving and pausing game...
[18:54:48] [Server thread/INFO]: Saving chunks for level 'ServerLevel[Epic survival world]'/minecraft:overworld
[18:54:48] [Server thread/INFO]: Saving chunks for level 'ServerLevel[Epic survival world]'/minecraft:the_end
[18:54:48] [Server thread/INFO]: Saving chunks for level 'ServerLevel[Epic survival world]'/minecraft:the_nether
[18:57:05] [Server thread/INFO]: Saving and pausing game...
[18:57:05] [Server thread/INFO]: Saving chunks for level 'ServerLevel[Epic survival world]'/minecraft:overworld
[18:57:05] [Server thread/INFO]: Saving chunks for level 'ServerLevel[Epic survival world]'/minecraft:the_end
[18:57:05] [Server thread/INFO]: Saving chunks for level 'ServerLevel[Epic survival world]'/minecraft:the_nether
[18:57:05] [Server thread/INFO]: 16thGarden lost connection: Disconnected
[18:57:05] [Server thread/INFO]: 16thGarden left the game
[18:57:05] [Server thread/INFO]: Stopping singleplayer server as player logged out
[18:57:05] [Server thread/INFO]: Stopping server
[18:57:05] [Server thread/INFO]: Saving players
[18:57:05] [Server thread/INFO]: Saving worlds
[18:57:05] [Server thread/INFO]: Saving chunks for level 'ServerLevel[Epic survival world]'/minecraft:overworld
[18:57:06] [Server thread/INFO]: Saving chunks for level 'ServerLevel[Epic survival world]'/minecraft:the_end
[18:57:06] [Server thread/INFO]: Saving chunks for level 'ServerLevel[Epic survival world]'/minecraft:the_nether
[18:57:06] [Server thread/INFO]: ThreadedAnvilChunkStorage (Epic survival world): All chunks are saved
[18:57:06] [Server thread/INFO]: ThreadedAnvilChunkStorage (DIM1): All chunks are saved
[18:57:06] [Server thread/INFO]: ThreadedAnvilChunkStorage (DIM-1): All chunks are saved
[18:57:06] [Server thread/INFO]: ThreadedAnvilChunkStorage: All dimensions are saved
[18:57:07] [Render thread/INFO]: Stopping worker threads
[18:57:08] [CullThread/INFO]: [STDOUT]: Shutting down culling task!
[18:57:08] [Render thread/INFO]: Stopping!
