[00:04:59] [Server thread/WARN]: 16thGarden moved wrongly!
[00:05:00] [Server thread/WARN]: 16thGarden moved wrongly!
[00:27:26] [Render thread/INFO]: Loaded 1015 advancements
[00:28:20] [Server thread/WARN]: Mismatch in destroy block pos: class_2338{x=-101, y=61, z=74} class_2338{x=-101, y=61, z=75}
[00:28:20] [Server thread/WARN]: Mismatch in destroy block pos: class_2338{x=-101, y=61, z=74} class_2338{x=-101, y=61, z=75}
[00:28:20] [Server thread/WARN]: Mismatch in destroy block pos: class_2338{x=-101, y=61, z=74} class_2338{x=-101, y=61, z=75}
[00:28:20] [Server thread/WARN]: Mismatch in destroy block pos: class_2338{x=-101, y=61, z=74} class_2338{x=-101, y=61, z=75}
[00:28:57] [Render thread/INFO]: Loaded 1016 advancements
[00:29:02] [Render thread/INFO]: Loaded 1017 advancements
[00:33:00] [Render thread/INFO]: Loaded 1019 advancements
[00:35:48] [Render thread/INFO]: Stopping worker threads
[00:35:48] [Render thread/INFO]: Started 6 worker threads
[00:35:48] [Render thread/INFO]: Stopping worker threads
[00:35:48] [Render thread/INFO]: Started 6 worker threads
[00:36:08] [Render thread/INFO]: Stopping worker threads
[00:36:08] [Render thread/INFO]: Started 6 worker threads
[00:36:08] [Render thread/INFO]: Stopping worker threads
[00:36:08] [Render thread/INFO]: Started 6 worker threads
[00:36:52] [Render thread/INFO]: Stopping worker threads
[00:36:52] [Render thread/INFO]: Started 6 worker threads
[00:36:52] [Render thread/INFO]: Stopping worker threads
[00:36:52] [Render thread/INFO]: Started 6 worker threads
[00:36:56] [Render thread/WARN]: Received passengers for unknown entity
[00:37:13] [Render thread/INFO]: Stopping worker threads
[00:37:13] [Render thread/INFO]: Started 6 worker threads
[00:37:13] [Render thread/INFO]: Stopping worker threads
[00:37:13] [Render thread/INFO]: Started 6 worker threads
[00:37:53] [Render thread/INFO]: Loaded 1020 advancements
[00:38:07] [Render thread/INFO]: Stopping worker threads
[00:38:07] [Render thread/INFO]: Started 6 worker threads
[00:38:07] [Render thread/INFO]: Stopping worker threads
[00:38:07] [Render thread/INFO]: Started 6 worker threads
[00:38:21] [Render thread/INFO]: Stopping worker threads
[00:38:21] [Render thread/INFO]: Started 6 worker threads
[00:38:21] [Render thread/INFO]: Stopping worker threads
[00:38:21] [Render thread/INFO]: Started 6 worker threads
[00:38:44] [Render thread/INFO]: Stopping worker threads
[00:38:44] [Render thread/INFO]: Started 6 worker threads
[00:38:44] [Render thread/INFO]: Stopping worker threads
[00:38:44] [Render thread/INFO]: Started 6 worker threads
[00:40:36] [Render thread/INFO]: Stopping worker threads
[00:40:36] [Render thread/INFO]: Started 6 worker threads
[00:40:36] [Render thread/INFO]: Stopping worker threads
[00:40:36] [Render thread/INFO]: Started 6 worker threads
[00:41:00] [Render thread/INFO]: Stopping worker threads
[00:41:00] [Render thread/INFO]: Started 6 worker threads
[00:41:00] [Render thread/INFO]: Stopping worker threads
[00:41:00] [Render thread/INFO]: Started 6 worker threads
[00:41:00] [Render thread/WARN]: Received passengers for unknown entity
[00:41:32] [Render thread/INFO]: Stopping worker threads
[00:41:32] [Render thread/INFO]: Started 6 worker threads
[00:41:32] [Render thread/INFO]: Stopping worker threads
[00:41:32] [Render thread/INFO]: Started 6 worker threads
[00:43:28] [Render thread/INFO]: [System] [CHAT] [Debug]: Chunk borders: shown
[00:47:08] [Render thread/INFO]: [System] [CHAT] [Debug]: Hitboxes: shown
[00:47:08] [Render thread/INFO]: [System] [CHAT] [Debug]: Hitboxes: hidden
[00:47:09] [Render thread/INFO]: [System] [CHAT] [Debug]: Chunk borders: hidden
[00:52:56] [Render thread/INFO]: [System] [CHAT] [Debug]: Chunk borders: shown
[00:53:04] [Server thread/WARN]: JPGomdol moved wrongly!
[00:53:27] [Render thread/INFO]: Loaded 1020 advancements
[00:56:49] [Render thread/INFO]: [System] [CHAT] [Debug]: Chunk borders: hidden
[00:57:21] [Render thread/INFO]: [System] [CHAT] [Debug]: Chunk borders: shown
[01:05:13] [Render thread/INFO]: [System] [CHAT] [Debug]: Chunk borders: hidden
[01:06:43] [Render thread/INFO]: [System] [CHAT] [Debug]: Chunk borders: shown
[01:08:15] [Render thread/INFO]: [System] [CHAT] [Debug]: Chunk borders: hidden
[01:14:35] [Render thread/INFO]: [System] [CHAT] Respawn point set
[01:17:32] [Render thread/INFO]: [System] [CHAT] [Debug]: Chunk borders: shown
[01:17:33] [Render thread/INFO]: [System] [CHAT] [Debug]: Chunk borders: hidden
[01:33:19] [netty<-quic (61018961-61e4-4419-bf8b-17044e487000)/INFO]: Closing.
[01:33:19] [Netty Server IO ICE #2/INFO]: 61018961-61e4-4419-bf8b-17044e487000 channel inactive, closing.
[01:33:19] [netty->quic (61018961-61e4-4419-bf8b-17044e487000)/INFO]: Closing.
[01:33:19] [Netty Server IO ICE #2/INFO]: 61018961-61e4-4419-bf8b-17044e487000 closing QUIC.
[01:33:19] [Netty Server IO ICE #2/INFO]: 61018961-61e4-4419-bf8b-17044e487000 closed.
[01:33:19] [Server thread/INFO]: JPGomdol lost connection: Disconnected
[01:33:19] [Server thread/INFO]: JPGomdol left the game
[01:33:19] [Render thread/INFO]: [System] [CHAT] JPGomdol left the game
[01:33:20] [Server thread/INFO]: 16thGarden lost connection: Disconnected
[01:33:20] [Server thread/INFO]: 16thGarden left the game
[01:33:20] [Server thread/INFO]: Stopping singleplayer server as player logged out
[01:33:20] [Server thread/INFO]: Stopping server
[01:33:20] [Server thread/INFO]: Saving players
[01:33:20] [Server thread/INFO]: Saving worlds
[01:33:21] [Server thread/INFO]: Saving chunks for level 'ServerLevel[Epic survival world]'/minecraft:overworld
[01:33:21] [Server thread/INFO]: Saving chunks for level 'ServerLevel[Epic survival world]'/minecraft:the_end
[01:33:21] [Server thread/INFO]: Saving chunks for level 'ServerLevel[Epic survival world]'/minecraft:the_nether
[01:33:21] [Server thread/INFO]: ThreadedAnvilChunkStorage (Epic survival world): All chunks are saved
[01:33:21] [Server thread/INFO]: ThreadedAnvilChunkStorage (DIM1): All chunks are saved
[01:33:21] [Server thread/INFO]: ThreadedAnvilChunkStorage (DIM-1): All chunks are saved
[01:33:21] [Server thread/INFO]: ThreadedAnvilChunkStorage: All dimensions are saved
[01:33:21] [Render thread/INFO]: Stopping worker threads
[01:33:24] [Essential Thread 14/INFO]: Closing.
[03:03:04] [Render thread/INFO]: Loaded 7 recipes
[03:03:05] [Render thread/INFO]: Loaded 1271 advancements
[03:03:05] [Render thread/INFO]: Applied 0 biome modifications to 0 of 64 new biomes in 473.5 ?s
[03:03:05] [Server thread/INFO]: Starting integrated minecraft server version 1.20.4
[03:03:05] [Server thread/INFO]: Generating keypair
[03:03:06] [Server thread/INFO]: Preparing start region for dimension minecraft:overworld
[03:03:07] [Render thread/INFO]: Preparing spawn area: 0%
[03:03:07] [Render thread/INFO]: Preparing spawn area: 0%
[03:03:07] [Render thread/INFO]: Preparing spawn area: 0%
[03:03:08] [Render thread/INFO]: Preparing spawn area: 0%
[03:03:08] [Render thread/INFO]: Preparing spawn area: 4%
[03:03:09] [Render thread/INFO]: Preparing spawn area: 21%
[03:03:09] [Render thread/INFO]: Preparing spawn area: 87%
[03:03:09] [Server thread/INFO]: Changing view distance to 16, from 10
[03:03:09] [Server thread/INFO]: Changing simulation distance to 12, from 0
[03:03:09] [Render thread/INFO]: Time elapsed: 3248 ms
[03:03:09] [Server thread/INFO]: 16thGarden[local:E:6321cd40] logged in with entity id 557300 at (-3971.521018649094, 63.0, -441.3953480327876)
[03:03:09] [Server thread/INFO]: 16thGarden joined the game
[03:03:09] [Render thread/INFO]: Started 6 worker threads
[03:03:10] [Render thread/INFO]: Using 3 total BufferBuilder caches
[03:03:10] [Render thread/INFO]: Loaded 1020 advancements
[03:04:19] [Server thread/INFO]: Saving and pausing game...
[03:04:19] [Server thread/INFO]: Saving chunks for level 'ServerLevel[Epic survival world]'/minecraft:overworld
[03:04:19] [Server thread/INFO]: Saving chunks for level 'ServerLevel[Epic survival world]'/minecraft:the_end
[03:04:19] [Server thread/INFO]: Saving chunks for level 'ServerLevel[Epic survival world]'/minecraft:the_nether
[03:04:19] [Server thread/INFO]: 16thGarden lost connection: Disconnected
[03:04:19] [Server thread/INFO]: 16thGarden left the game
[03:04:19] [Server thread/INFO]: Stopping singleplayer server as player logged out
[03:04:19] [Server thread/INFO]: Stopping server
[03:04:19] [Server thread/INFO]: Saving players
[03:04:19] [Server thread/INFO]: Saving worlds
[03:04:19] [Server thread/INFO]: Saving chunks for level 'ServerLevel[Epic survival world]'/minecraft:overworld
[03:04:19] [Server thread/INFO]: Saving chunks for level 'ServerLevel[Epic survival world]'/minecraft:the_end
[03:04:19] [Server thread/INFO]: Saving chunks for level 'ServerLevel[Epic survival world]'/minecraft:the_nether
[03:04:19] [Server thread/INFO]: ThreadedAnvilChunkStorage (Epic survival world): All chunks are saved
[03:04:19] [Server thread/INFO]: ThreadedAnvilChunkStorage (DIM1): All chunks are saved
[03:04:19] [Server thread/INFO]: ThreadedAnvilChunkStorage (DIM-1): All chunks are saved
[03:04:19] [Server thread/INFO]: ThreadedAnvilChunkStorage: All dimensions are saved
[03:04:19] [Render thread/INFO]: Stopping worker threads
[03:04:21] [Render thread/INFO]: Loaded 7 recipes
[03:04:21] [Render thread/INFO]: Loaded 1271 advancements
[03:04:22] [Render thread/INFO]: Applied 0 biome modifications to 0 of 64 new biomes in 327.7 ?s
[03:04:22] [Server thread/INFO]: Starting integrated minecraft server version 1.20.4
[03:04:22] [Server thread/INFO]: Generating keypair
[03:04:22] [Server thread/INFO]: Preparing start region for dimension minecraft:overworld
[03:04:22] [Render thread/INFO]: Preparing spawn area: 0%
[03:04:22] [Render thread/INFO]: Preparing spawn area: 0%
[03:04:23] [Render thread/INFO]: Preparing spawn area: 0%
[03:04:23] [Render thread/INFO]: Preparing spawn area: 4%
[03:04:24] [Render thread/INFO]: Preparing spawn area: 28%
[03:04:24] [Server thread/INFO]: Changing view distance to 16, from 10
[03:04:24] [Server thread/INFO]: Changing simulation distance to 12, from 0
[03:04:24] [Render thread/INFO]: Time elapsed: 2381 ms
[03:04:24] [Server thread/INFO]: 16thGarden[local:E:6b0fd0a7] logged in with entity id 558296 at (-6.587720709611784, 191.0, 5.274471091279326)
[03:04:24] [Server thread/INFO]: 16thGarden joined the game
[03:04:24] [Render thread/INFO]: Started 6 worker threads
[03:04:24] [Render thread/INFO]: Using 3 total BufferBuilder caches
[03:04:24] [Render thread/INFO]: Loaded 373 advancements
[03:22:16] [Server thread/INFO]: Saving and pausing game...
[03:22:16] [Server thread/INFO]: Saving chunks for level 'ServerLevel[super epic house]'/minecraft:overworld
[03:22:16] [Server thread/INFO]: Saving chunks for level 'ServerLevel[super epic house]'/minecraft:the_end
[03:22:16] [Server thread/INFO]: Saving chunks for level 'ServerLevel[super epic house]'/minecraft:the_nether
[03:22:19] [Server thread/INFO]: 16thGarden lost connection: Disconnected
[03:22:19] [Server thread/INFO]: 16thGarden left the game
[03:22:19] [Server thread/INFO]: Stopping singleplayer server as player logged out
[03:22:19] [Server thread/INFO]: Stopping server
[03:22:19] [Server thread/INFO]: Saving players
[03:22:19] [Server thread/INFO]: Saving worlds
[03:22:19] [Server thread/INFO]: Saving chunks for level 'ServerLevel[super epic house]'/minecraft:overworld
[03:22:19] [Server thread/INFO]: Saving chunks for level 'ServerLevel[super epic house]'/minecraft:the_end
[03:22:19] [Server thread/INFO]: Saving chunks for level 'ServerLevel[super epic house]'/minecraft:the_nether
[03:22:19] [Server thread/INFO]: ThreadedAnvilChunkStorage (super epic house): All chunks are saved
[03:22:19] [Server thread/INFO]: ThreadedAnvilChunkStorage (DIM1): All chunks are saved
[03:22:19] [Server thread/INFO]: ThreadedAnvilChunkStorage (DIM-1): All chunks are saved
[03:22:19] [Server thread/INFO]: ThreadedAnvilChunkStorage: All dimensions are saved
[03:22:19] [Render thread/INFO]: Stopping worker threads
[03:22:24] [Render thread/INFO]: Loaded 7 recipes
[03:22:24] [Render thread/INFO]: Loaded 1271 advancements
[03:22:25] [Render thread/INFO]: Applied 0 biome modifications to 0 of 64 new biomes in 287.4 ?s
[03:22:25] [Server thread/INFO]: Starting integrated minecraft server version 1.20.4
[03:22:25] [Server thread/INFO]: Generating keypair
[03:22:25] [Server thread/INFO]: [CM] Loaded 3 settings from carpet.conf
[03:22:25] [Server thread/INFO]: Preparing start region for dimension minecraft:overworld
[03:22:26] [Render thread/INFO]: Preparing spawn area: 0%
[03:22:26] [Render thread/INFO]: Preparing spawn area: 0%
[03:22:26] [Render thread/INFO]: Preparing spawn area: 0%
[03:22:26] [Render thread/INFO]: Preparing spawn area: 1%
[03:22:30] [Render thread/INFO]: Preparing spawn area: 6%
[03:22:30] [Render thread/INFO]: Preparing spawn area: 6%
[03:22:30] [Render thread/INFO]: Preparing spawn area: 6%
[03:22:30] [Render thread/INFO]: Preparing spawn area: 6%
[03:22:30] [Render thread/INFO]: Preparing spawn area: 6%
[03:22:30] [Render thread/INFO]: Preparing spawn area: 6%
[03:22:30] [Render thread/INFO]: Preparing spawn area: 18%
[03:22:30] [Render thread/INFO]: Preparing spawn area: 79%
[03:22:31] [Render thread/INFO]: Time elapsed: 5910 ms
[03:22:31] [Server thread/INFO]: 0: minecraft:apple
[03:22:31] [Server thread/INFO]: 1: minecraft:carrot
[03:22:31] [Server thread/INFO]: 2: minecraft:cooked_porkchop
[03:22:31] [Server thread/INFO]: 3: minecraft:cooked_beef
[03:22:31] [Server thread/INFO]: 4: minecraft:wheat
[03:22:31] [Server thread/INFO]: 5: minecraft:chorus_fruit
[03:22:31] [Server thread/INFO]: 6: minecraft:sugar
[03:22:31] [Server thread/INFO]: 7: minecraft:emerald
[03:22:31] [Server thread/INFO]: 8: minecraft:blaze_rod
[03:22:31] [Server thread/INFO]: 9: minecraft:stick
[03:22:31] [Server thread/INFO]: 10: minecraft:paper
[03:22:31] [Server thread/INFO]: 11: minecraft:iron_ingot
[03:22:31] [Server thread/INFO]: 12: minecraft:gold_ingot
[03:22:31] [Server thread/INFO]: 13: minecraft:prismarine_crystals
[03:22:31] [Server thread/INFO]: 14: minecraft:prismarine_shard
[03:22:31] [Server thread/INFO]: 15: minecraft:quartz
[03:22:31] [Server thread/INFO]: 16: minecraft:string
[03:22:31] [Server thread/INFO]: 17: minecraft:gunpowder
[03:22:31] [Server thread/INFO]: 18: minecraft:leather
[03:22:31] [Server thread/INFO]: 19: minecraft:ink_sac
[03:22:31] [Server thread/INFO]: 20: minecraft:nether_brick
[03:22:31] [Server thread/INFO]: 21: minecraft:nether_wart
[03:22:31] [Server thread/INFO]: 22: minecraft:firework_rocket
[03:22:31] [Server thread/INFO]: 23: minecraft:spider_eye
[03:22:31] [Server thread/INFO]: 24: minecraft:bone
[03:22:31] [Server thread/INFO]: 25: minecraft:slime_ball
[03:22:31] [Server thread/INFO]: 26: minecraft:glowstone_dust
[03:22:31] [Server thread/INFO]: 27: minecraft:ender_pearl
[03:22:31] [Server thread/INFO]: 28: minecraft:snowball
[03:22:31] [Server thread/INFO]: 29: minecraft:feather
[03:22:31] [Server thread/INFO]: 30: minecraft:egg
[03:22:31] [Server thread/INFO]: 31: minecraft:honey_bottle
[03:22:31] [Server thread/INFO]: 32: minecraft:charcoal
[03:22:31] [Server thread/INFO]: 33: minecraft:sugar_cane
[03:22:31] [Server thread/INFO]: 34: minecraft:bamboo
[03:22:31] [Server thread/INFO]: 35: minecraft:kelp
[03:22:31] [Server thread/INFO]: 36: minecraft:cactus
[03:22:31] [Server thread/INFO]: 37: minecraft:sea_pickle
[03:22:31] [Server thread/INFO]: 38: minecraft:bone_meal
[03:22:31] [Server thread/INFO]: 39: minecraft:fermented_spider_eye
[03:22:31] [Server thread/INFO]: 40: minecraft:book
[03:22:31] [Server thread/INFO]: 41: minecraft:glass_bottle
[03:22:31] [Server thread/INFO]: storagetech_aid app loaded
[03:22:31] [Server thread/INFO]: App storagetech_aid loaded in 119 ms
[03:22:31] [Server thread/INFO]: storagetech_aidx app loaded
[03:22:31] [Server thread/INFO]: App storagetech_aidx loaded in 8 ms
[03:22:31] [Server thread/INFO]: 0: minecraft:stone
[03:22:31] [Server thread/INFO]: 1: minecraft:granite
[03:22:31] [Server thread/INFO]: 2: minecraft:diorite
[03:22:31] [Server thread/INFO]: 3: minecraft:andesite
[03:22:31] [Server thread/INFO]: 4: minecraft:grass_block
[03:22:31] [Server thread/INFO]: 5: minecraft:dirt
[03:22:31] [Server thread/INFO]: 6: minecraft:coarse_dirt
[03:22:31] [Server thread/INFO]: 7: minecraft:sand
[03:22:31] [Server thread/INFO]: 8: minecraft:gravel
[03:22:31] [Server thread/INFO]: 9: minecraft:cobblestone
[03:22:31] [Server thread/INFO]: 10: minecraft:clay
[03:22:31] [Server thread/INFO]: 11: minecraft:end_stone
[03:22:31] [Server thread/INFO]: 12: minecraft:netherrack
[03:22:31] [Server thread/INFO]: 13: minecraft:soul_sand
[03:22:31] [Server thread/INFO]: 14: minecraft:soul_soil
[03:22:31] [Server thread/INFO]: 15: minecraft:basalt
[03:22:31] [Server thread/INFO]: 16: minecraft:blackstone
[03:22:31] [Server thread/INFO]: 17: minecraft:obsidian
[03:22:31] [Server thread/INFO]: 18: minecraft:oak_log
[03:22:31] [Server thread/INFO]: 19: minecraft:spruce_log
[03:22:31] [Server thread/INFO]: 20: minecraft:birch_log
[03:22:31] [Server thread/INFO]: 21: minecraft:jungle_log
[03:22:31] [Server thread/INFO]: 22: minecraft:acacia_log
[03:22:31] [Server thread/INFO]: 23: minecraft:dark_oak_log
[03:22:31] [Server thread/INFO]: 24: minecraft:crimson_stem
[03:22:31] [Server thread/INFO]: 25: minecraft:warped_stem
[03:22:31] [Server thread/INFO]: 26: minecraft:crying_obsidian
[03:22:31] [Server thread/INFO]: 27: minecraft:gold_block
[03:22:31] [Server thread/INFO]: 28: minecraft:iron_block
[03:22:31] [Server thread/INFO]: 29: minecraft:emerald_block
[03:22:31] [Server thread/INFO]: 30: minecraft:redstone_block
[03:22:31] [Server thread/INFO]: 31: minecraft:bone_block
[03:22:31] [Server thread/INFO]: 32: minecraft:ice
[03:22:31] [Server thread/INFO]: 33: minecraft:slime_block
[03:22:31] [Server thread/INFO]: 34: minecraft:honey_block
[03:22:31] [Server thread/INFO]: 35: minecraft:glass
[03:22:31] [Server thread/INFO]: 36: minecraft:pumpkin
[03:22:31] [Server thread/INFO]: 37: minecraft:scaffolding
[03:22:31] [Server thread/INFO]: 38: minecraft:glowstone
[03:22:31] [Server thread/INFO]: 39: minecraft:redstone
[03:22:31] [Server thread/INFO]: 40: minecraft:white_concrete_powder
[03:22:31] [Server thread/INFO]: 41: minecraft:light_gray_concrete_powder
[03:22:31] [Server thread/INFO]: 42: minecraft:gray_concrete_powder
[03:22:31] [Server thread/INFO]: 43: minecraft:black_concrete_powder
[03:22:31] [Server thread/INFO]: 44: minecraft:white_stained_glass
[03:22:31] [Server thread/INFO]: 45: minecraft:tnt
[03:22:31] [Server thread/INFO]: 46: minecraft:terracotta
[03:22:31] [Server thread/INFO]: 47: minecraft:cyan_terracotta
[03:22:31] [Server thread/INFO]: 48: minecraft:white_wool
[03:22:31] [Server thread/INFO]: 49: minecraft:white_concrete
[03:22:31] [Server thread/INFO]: 50: minecraft:light_gray_concrete
[03:22:31] [Server thread/INFO]: 51: minecraft:gray_concrete
[03:22:31] [Server thread/INFO]: 52: minecraft:black_concrete
[03:22:31] [Server thread/INFO]: 53: minecraft:black_stained_glass
[03:22:31] [Server thread/INFO]: 54: minecraft:apple
[03:22:31] [Server thread/INFO]: 55: minecraft:carrot
[03:22:31] [Server thread/INFO]: 56: minecraft:cooked_porkchop
[03:22:31] [Server thread/INFO]: 57: minecraft:cooked_beef
[03:22:31] [Server thread/INFO]: 58: minecraft:wheat
[03:22:31] [Server thread/INFO]: 59: minecraft:chorus_fruit
[03:22:31] [Server thread/INFO]: 60: minecraft:sugar
[03:22:31] [Server thread/INFO]: 61: minecraft:emerald
[03:22:31] [Server thread/INFO]: 62: minecraft:blaze_rod
[03:22:31] [Server thread/INFO]: 63: minecraft:stick
[03:22:31] [Server thread/INFO]: 64: minecraft:paper
[03:22:31] [Server thread/INFO]: 65: minecraft:iron_ingot
[03:22:31] [Server thread/INFO]: 66: minecraft:gold_ingot
[03:22:31] [Server thread/INFO]: 67: minecraft:prismarine_crystals
[03:22:31] [Server thread/INFO]: 68: minecraft:prismarine_shard
[03:22:31] [Server thread/INFO]: 69: minecraft:quartz
[03:22:31] [Server thread/INFO]: 70: minecraft:string
[03:22:31] [Server thread/INFO]: 71: minecraft:gunpowder
[03:22:31] [Server thread/INFO]: 72: minecraft:leather
[03:22:31] [Server thread/INFO]: 73: minecraft:ink_sac
[03:22:31] [Server thread/INFO]: 74: minecraft:nether_brick
[03:22:31] [Server thread/INFO]: 75: minecraft:nether_wart
[03:22:31] [Server thread/INFO]: 76: minecraft:firework_rocket
[03:22:31] [Server thread/INFO]: 77: minecraft:spider_eye
[03:22:31] [Server thread/INFO]: 78: minecraft:bone
[03:22:31] [Server thread/INFO]: 79: minecraft:slime_ball
[03:22:31] [Server thread/INFO]: 80: minecraft:glowstone_dust
[03:22:31] [Server thread/INFO]: 81: minecraft:ender_pearl
[03:22:31] [Server thread/INFO]: 82: minecraft:snowball
[03:22:31] [Server thread/INFO]: 83: minecraft:feather
[03:22:31] [Server thread/INFO]: 84: minecraft:egg
[03:22:31] [Server thread/INFO]: 85: minecraft:honey_bottle
[03:22:31] [Server thread/INFO]: 86: minecraft:charcoal
[03:22:31] [Server thread/INFO]: 87: minecraft:sugar_cane
[03:22:31] [Server thread/INFO]: 88: minecraft:bamboo
[03:22:31] [Server thread/INFO]: 89: minecraft:kelp
[03:22:31] [Server thread/INFO]: 90: minecraft:cactus
[03:22:31] [Server thread/INFO]: 91: minecraft:sea_pickle
[03:22:31] [Server thread/INFO]: 92: minecraft:bone_meal
[03:22:31] [Server thread/INFO]: 93: minecraft:fermented_spider_eye
[03:22:31] [Server thread/INFO]: 94: minecraft:book
[03:22:31] [Server thread/INFO]: 95: minecraft:glass_bottle
[03:22:31] [Server thread/INFO]: 96: minecraft:air
[03:22:31] [Server thread/INFO]: 97: minecraft:air
[03:22:31] [Server thread/INFO]: 98: minecraft:air
[03:22:31] [Server thread/INFO]: 99: minecraft:air
[03:22:31] [Server thread/INFO]: 100: minecraft:air
[03:22:31] [Server thread/INFO]: 101: minecraft:air
[03:22:31] [Server thread/INFO]: 102: minecraft:air
[03:22:31] [Server thread/INFO]: 103: minecraft:air
[03:22:31] [Server thread/INFO]: 104: minecraft:air
[03:22:31] [Server thread/INFO]: 105: minecraft:air
[03:22:31] [Server thread/INFO]: 106: minecraft:air
[03:22:31] [Server thread/INFO]: 107: minecraft:air
[03:22:31] [Server thread/INFO]: storagetech_aidxxx app loaded
[03:22:31] [Server thread/INFO]: App storagetech_aidxxx loaded in 28 ms
[03:22:31] [Server thread/INFO]: Changing view distance to 16, from 10
[03:22:31] [Server thread/INFO]: Changing simulation distance to 12, from 0
[03:22:31] [Server thread/INFO]: 16thGarden[local:E:d9e736fe] logged in with entity id 564176 at (-176.33065757238342, 40.79419865554005, -55.54222666673654)
[03:22:31] [Server thread/INFO]: 16thGarden joined the game
[03:22:31] [Render thread/INFO]: Started 6 worker threads
[03:22:31] [Render thread/INFO]: Using 3 total BufferBuilder caches
[03:22:31] [Render thread/INFO]: Loaded 2 advancements
[03:22:40] [Server thread/INFO]: Saving and pausing game...
[03:22:40] [Server thread/INFO]: Saving chunks for level 'ServerLevel[Epic Storage System]'/minecraft:overworld
[03:22:40] [Server thread/INFO]: Saving chunks for level 'ServerLevel[Epic Storage System]'/minecraft:the_end
[03:22:40] [Server thread/INFO]: Saving chunks for level 'ServerLevel[Epic Storage System]'/minecraft:the_nether
[03:22:40] [Server thread/INFO]: 16thGarden lost connection: Disconnected
[03:22:40] [Server thread/INFO]: 16thGarden left the game
[03:22:40] [Server thread/INFO]: Stopping singleplayer server as player logged out
[03:22:40] [Server thread/INFO]: Stopping server
[03:22:40] [Server thread/INFO]: Saving players
[03:22:40] [Server thread/INFO]: Saving worlds
[03:22:41] [Server thread/INFO]: Saving chunks for level 'ServerLevel[Epic Storage System]'/minecraft:overworld
[03:22:41] [Server thread/INFO]: Saving chunks for level 'ServerLevel[Epic Storage System]'/minecraft:the_end
[03:22:41] [Server thread/INFO]: Saving chunks for level 'ServerLevel[Epic Storage System]'/minecraft:the_nether
[03:22:41] [Server thread/INFO]: ThreadedAnvilChunkStorage (Full Storage System): All chunks are saved
[03:22:41] [Server thread/INFO]: ThreadedAnvilChunkStorage (DIM1): All chunks are saved
[03:22:41] [Server thread/INFO]: ThreadedAnvilChunkStorage (DIM-1): All chunks are saved
[03:22:41] [Server thread/INFO]: ThreadedAnvilChunkStorage: All dimensions are saved
[03:22:41] [Render thread/INFO]: Stopping worker threads
[03:23:34] [Essential Thread 15/WARN]: Connection closed unexpectedly (CloseInfo(code=4500, reason=SERVER_KEEP_ALIVE_TIMEOUT, remote=false, outdated=false)) after 7h 7m 26.756944400s
[03:23:34] [Render thread/INFO]: Authenticating to Mojang as 16thGarden (dc0548c7-2c22-450e-91f5-2a17cfde2a12)
[03:23:34] [DefaultDispatcher-worker-4/INFO]: [STDERR]: java.net.UnknownHostException: sessionserver.mojang.com
[03:23:34] [DefaultDispatcher-worker-4/INFO]: [STDERR]: 	at java.base/sun.nio.ch.NioSocketImpl.connect(NioSocketImpl.java:572)
[03:23:34] [DefaultDispatcher-worker-4/INFO]: [STDERR]: 	at java.base/java.net.SocksSocketImpl.connect(SocksSocketImpl.java:327)
[03:23:34] [DefaultDispatcher-worker-4/INFO]: [STDERR]: 	at java.base/java.net.Socket.connect(Socket.java:633)
[03:23:34] [DefaultDispatcher-worker-4/INFO]: [STDERR]: 	at java.base/sun.security.ssl.SSLSocketImpl.connect(SSLSocketImpl.java:304)
[03:23:34] [DefaultDispatcher-worker-4/INFO]: [STDERR]: 	at java.base/sun.security.ssl.BaseSSLSocketImpl.connect(BaseSSLSocketImpl.java:174)
[03:23:34] [DefaultDispatcher-worker-4/INFO]: [STDERR]: 	at java.base/sun.net.NetworkClient.doConnect(NetworkClient.java:183)
[03:23:34] [DefaultDispatcher-worker-4/INFO]: [STDERR]: 	at java.base/sun.net.www.http.HttpClient.openServer(HttpClient.java:533)
[03:23:34] [DefaultDispatcher-worker-4/INFO]: [STDERR]: 	at java.base/sun.net.www.http.HttpClient.openServer(HttpClient.java:638)
[03:23:34] [DefaultDispatcher-worker-4/INFO]: [STDERR]: 	at java.base/sun.net.www.protocol.https.HttpsClient.<init>(HttpsClient.java:266)
[03:23:34] [DefaultDispatcher-worker-4/INFO]: [STDERR]: 	at java.base/sun.net.www.protocol.https.HttpsClient.New(HttpsClient.java:380)
[03:23:34] [DefaultDispatcher-worker-4/INFO]: [STDERR]: 	at java.base/sun.net.www.protocol.https.AbstractDelegateHttpsURLConnection.getNewHttpClient(AbstractDelegateHttpsURLConnection.java:193)
[03:23:34] [DefaultDispatcher-worker-4/INFO]: [STDERR]: 	at java.base/sun.net.www.protocol.http.HttpURLConnection.plainConnect0(HttpURLConnection.java:1242)
[03:23:34] [DefaultDispatcher-worker-4/INFO]: [STDERR]: 	at java.base/sun.net.www.protocol.http.HttpURLConnection.plainConnect(HttpURLConnection.java:1128)
[03:23:34] [DefaultDispatcher-worker-4/INFO]: [STDERR]: 	at java.base/sun.net.www.protocol.https.AbstractDelegateHttpsURLConnection.connect(AbstractDelegateHttpsURLConnection.java:179)
[03:23:34] [DefaultDispatcher-worker-4/INFO]: [STDERR]: 	at java.base/sun.net.www.protocol.https.HttpsURLConnectionImpl.connect(HttpsURLConnectionImpl.java:142)
[03:23:34] [DefaultDispatcher-worker-4/INFO]: [STDERR]: 	at gg.essential.util.LoginUtil.joinServer(LoginUtil.java:31)
[03:23:34] [DefaultDispatcher-worker-4/INFO]: [STDERR]: 	at gg.essential.network.connectionmanager.ConnectionManagerKt$connectLoop$statusCode$1.invokeSuspend(ConnectionManagerKt.kt:137)
[03:23:34] [DefaultDispatcher-worker-4/INFO]: [STDERR]: 	at kotlin.coroutines.jvm.internal.BaseContinuationImpl.resumeWith(ContinuationImpl.kt:33)
[03:23:34] [DefaultDispatcher-worker-4/INFO]: [STDERR]: 	at kotlinx.coroutines.DispatchedTask.run(DispatchedTask.kt:108)
[03:23:34] [DefaultDispatcher-worker-4/INFO]: [STDERR]: 	at kotlinx.coroutines.internal.LimitedDispatcher$Worker.run(LimitedDispatcher.kt:115)
[03:23:34] [DefaultDispatcher-worker-4/INFO]: [STDERR]: 	at kotlinx.coroutines.scheduling.TaskImpl.run(Tasks.kt:103)
[03:23:34] [DefaultDispatcher-worker-4/INFO]: [STDERR]: 	at kotlinx.coroutines.scheduling.CoroutineScheduler.runSafely(CoroutineScheduler.kt:584)
[03:23:34] [DefaultDispatcher-worker-4/INFO]: [STDERR]: 	at kotlinx.coroutines.scheduling.CoroutineScheduler$Worker.executeTask(CoroutineScheduler.kt:793)
[03:23:34] [DefaultDispatcher-worker-4/INFO]: [STDERR]: 	at kotlinx.coroutines.scheduling.CoroutineScheduler$Worker.runWorker(CoroutineScheduler.kt:697)
[03:23:34] [DefaultDispatcher-worker-4/INFO]: [STDERR]: 	at kotlinx.coroutines.scheduling.CoroutineScheduler$Worker.run(CoroutineScheduler.kt:684)
[03:23:34] [DefaultDispatcher-worker-4/WARN]: Got unexpected reply from Mojang: -1
[03:23:34] [Render thread/INFO]: Authenticating to Mojang as 16thGarden (dc0548c7-2c22-450e-91f5-2a17cfde2a12)
[03:23:34] [DefaultDispatcher-worker-4/INFO]: [STDERR]: java.net.UnknownHostException: sessionserver.mojang.com
[03:23:34] [DefaultDispatcher-worker-4/INFO]: [STDERR]: 	at java.base/sun.nio.ch.NioSocketImpl.connect(NioSocketImpl.java:572)
[03:23:34] [DefaultDispatcher-worker-4/INFO]: [STDERR]: 	at java.base/java.net.SocksSocketImpl.connect(SocksSocketImpl.java:327)
[03:23:34] [DefaultDispatcher-worker-4/INFO]: [STDERR]: 	at java.base/java.net.Socket.connect(Socket.java:633)
[03:23:34] [DefaultDispatcher-worker-4/INFO]: [STDERR]: 	at java.base/sun.security.ssl.SSLSocketImpl.connect(SSLSocketImpl.java:304)
[03:23:34] [DefaultDispatcher-worker-4/INFO]: [STDERR]: 	at java.base/sun.security.ssl.BaseSSLSocketImpl.connect(BaseSSLSocketImpl.java:174)
[03:23:34] [DefaultDispatcher-worker-4/INFO]: [STDERR]: 	at java.base/sun.net.NetworkClient.doConnect(NetworkClient.java:183)
[03:23:34] [DefaultDispatcher-worker-4/INFO]: [STDERR]: 	at java.base/sun.net.www.http.HttpClient.openServer(HttpClient.java:533)
[03:23:34] [DefaultDispatcher-worker-4/INFO]: [STDERR]: 	at java.base/sun.net.www.http.HttpClient.openServer(HttpClient.java:638)
[03:23:34] [DefaultDispatcher-worker-4/INFO]: [STDERR]: 	at java.base/sun.net.www.protocol.https.HttpsClient.<init>(HttpsClient.java:266)
[03:23:34] [DefaultDispatcher-worker-4/INFO]: [STDERR]: 	at java.base/sun.net.www.protocol.https.HttpsClient.New(HttpsClient.java:380)
[03:23:34] [DefaultDispatcher-worker-4/INFO]: [STDERR]: 	at java.base/sun.net.www.protocol.https.AbstractDelegateHttpsURLConnection.getNewHttpClient(AbstractDelegateHttpsURLConnection.java:193)
[03:23:34] [DefaultDispatcher-worker-4/INFO]: [STDERR]: 	at java.base/sun.net.www.protocol.http.HttpURLConnection.plainConnect0(HttpURLConnection.java:1242)
[03:23:34] [DefaultDispatcher-worker-4/INFO]: [STDERR]: 	at java.base/sun.net.www.protocol.http.HttpURLConnection.plainConnect(HttpURLConnection.java:1128)
[03:23:34] [DefaultDispatcher-worker-4/INFO]: [STDERR]: 	at java.base/sun.net.www.protocol.https.AbstractDelegateHttpsURLConnection.connect(AbstractDelegateHttpsURLConnection.java:179)
[03:23:34] [DefaultDispatcher-worker-4/INFO]: [STDERR]: 	at java.base/sun.net.www.protocol.https.HttpsURLConnectionImpl.connect(HttpsURLConnectionImpl.java:142)
[03:23:34] [DefaultDispatcher-worker-4/INFO]: [STDERR]: 	at gg.essential.util.LoginUtil.joinServer(LoginUtil.java:31)
[03:23:34] [DefaultDispatcher-worker-4/INFO]: [STDERR]: 	at gg.essential.network.connectionmanager.ConnectionManagerKt$connectLoop$statusCode$1.invokeSuspend(ConnectionManagerKt.kt:137)
[03:23:34] [DefaultDispatcher-worker-4/INFO]: [STDERR]: 	at kotlin.coroutines.jvm.internal.BaseContinuationImpl.resumeWith(ContinuationImpl.kt:33)
[03:23:34] [DefaultDispatcher-worker-4/INFO]: [STDERR]: 	at kotlinx.coroutines.DispatchedTask.run(DispatchedTask.kt:108)
[03:23:34] [DefaultDispatcher-worker-4/INFO]: [STDERR]: 	at kotlinx.coroutines.internal.LimitedDispatcher$Worker.run(LimitedDispatcher.kt:115)
[03:23:34] [DefaultDispatcher-worker-4/INFO]: [STDERR]: 	at kotlinx.coroutines.scheduling.TaskImpl.run(Tasks.kt:103)
[03:23:34] [DefaultDispatcher-worker-4/INFO]: [STDERR]: 	at kotlinx.coroutines.scheduling.CoroutineScheduler.runSafely(CoroutineScheduler.kt:584)
[03:23:34] [DefaultDispatcher-worker-4/INFO]: [STDERR]: 	at kotlinx.coroutines.scheduling.CoroutineScheduler$Worker.executeTask(CoroutineScheduler.kt:793)
[03:23:34] [DefaultDispatcher-worker-4/INFO]: [STDERR]: 	at kotlinx.coroutines.scheduling.CoroutineScheduler$Worker.runWorker(CoroutineScheduler.kt:697)
[03:23:34] [DefaultDispatcher-worker-4/INFO]: [STDERR]: 	at kotlinx.coroutines.scheduling.CoroutineScheduler$Worker.run(CoroutineScheduler.kt:684)
[03:23:34] [DefaultDispatcher-worker-4/WARN]: Got unexpected reply from Mojang: -1
[03:23:34] [DefaultDispatcher-worker-4/INFO]: Waiting 4s before re-trying
[03:23:38] [Render thread/INFO]: Authenticating to Mojang as 16thGarden (dc0548c7-2c22-450e-91f5-2a17cfde2a12)
[03:23:38] [DefaultDispatcher-worker-4/INFO]: [STDERR]: java.net.UnknownHostException: sessionserver.mojang.com
[03:23:38] [DefaultDispatcher-worker-4/INFO]: [STDERR]: 	at java.base/sun.nio.ch.NioSocketImpl.connect(NioSocketImpl.java:572)
[03:23:38] [DefaultDispatcher-worker-4/INFO]: [STDERR]: 	at java.base/java.net.SocksSocketImpl.connect(SocksSocketImpl.java:327)
[03:23:38] [DefaultDispatcher-worker-4/INFO]: [STDERR]: 	at java.base/java.net.Socket.connect(Socket.java:633)
[03:23:38] [DefaultDispatcher-worker-4/INFO]: [STDERR]: 	at java.base/sun.security.ssl.SSLSocketImpl.connect(SSLSocketImpl.java:304)
[03:23:38] [DefaultDispatcher-worker-4/INFO]: [STDERR]: 	at java.base/sun.security.ssl.BaseSSLSocketImpl.connect(BaseSSLSocketImpl.java:174)
[03:23:38] [DefaultDispatcher-worker-4/INFO]: [STDERR]: 	at java.base/sun.net.NetworkClient.doConnect(NetworkClient.java:183)
[03:23:38] [DefaultDispatcher-worker-4/INFO]: [STDERR]: 	at java.base/sun.net.www.http.HttpClient.openServer(HttpClient.java:533)
[03:23:38] [DefaultDispatcher-worker-4/INFO]: [STDERR]: 	at java.base/sun.net.www.http.HttpClient.openServer(HttpClient.java:638)
[03:23:38] [DefaultDispatcher-worker-4/INFO]: [STDERR]: 	at java.base/sun.net.www.protocol.https.HttpsClient.<init>(HttpsClient.java:266)
[03:23:38] [DefaultDispatcher-worker-4/INFO]: [STDERR]: 	at java.base/sun.net.www.protocol.https.HttpsClient.New(HttpsClient.java:380)
[03:23:38] [DefaultDispatcher-worker-4/INFO]: [STDERR]: 	at java.base/sun.net.www.protocol.https.AbstractDelegateHttpsURLConnection.getNewHttpClient(AbstractDelegateHttpsURLConnection.java:193)
[03:23:38] [DefaultDispatcher-worker-4/INFO]: [STDERR]: 	at java.base/sun.net.www.protocol.http.HttpURLConnection.plainConnect0(HttpURLConnection.java:1242)
[03:23:38] [DefaultDispatcher-worker-4/INFO]: [STDERR]: 	at java.base/sun.net.www.protocol.http.HttpURLConnection.plainConnect(HttpURLConnection.java:1128)
[03:23:38] [DefaultDispatcher-worker-4/INFO]: [STDERR]: 	at java.base/sun.net.www.protocol.https.AbstractDelegateHttpsURLConnection.connect(AbstractDelegateHttpsURLConnection.java:179)
[03:23:38] [DefaultDispatcher-worker-4/INFO]: [STDERR]: 	at java.base/sun.net.www.protocol.https.HttpsURLConnectionImpl.connect(HttpsURLConnectionImpl.java:142)
[03:23:38] [DefaultDispatcher-worker-4/INFO]: [STDERR]: 	at gg.essential.util.LoginUtil.joinServer(LoginUtil.java:31)
[03:23:38] [DefaultDispatcher-worker-4/INFO]: [STDERR]: 	at gg.essential.network.connectionmanager.ConnectionManagerKt$connectLoop$statusCode$1.invokeSuspend(ConnectionManagerKt.kt:137)
[03:23:38] [DefaultDispatcher-worker-4/INFO]: [STDERR]: 	at kotlin.coroutines.jvm.internal.BaseContinuationImpl.resumeWith(ContinuationImpl.kt:33)
[03:23:38] [DefaultDispatcher-worker-4/INFO]: [STDERR]: 	at kotlinx.coroutines.DispatchedTask.run(DispatchedTask.kt:108)
[03:23:38] [DefaultDispatcher-worker-4/INFO]: [STDERR]: 	at kotlinx.coroutines.internal.LimitedDispatcher$Worker.run(LimitedDispatcher.kt:115)
[03:23:38] [DefaultDispatcher-worker-4/INFO]: [STDERR]: 	at kotlinx.coroutines.scheduling.TaskImpl.run(Tasks.kt:103)
[03:23:38] [DefaultDispatcher-worker-4/INFO]: [STDERR]: 	at kotlinx.coroutines.scheduling.CoroutineScheduler.runSafely(CoroutineScheduler.kt:584)
[03:23:38] [DefaultDispatcher-worker-4/INFO]: [STDERR]: 	at kotlinx.coroutines.scheduling.CoroutineScheduler$Worker.executeTask(CoroutineScheduler.kt:793)
[03:23:38] [DefaultDispatcher-worker-4/INFO]: [STDERR]: 	at kotlinx.coroutines.scheduling.CoroutineScheduler$Worker.runWorker(CoroutineScheduler.kt:697)
[03:23:38] [DefaultDispatcher-worker-4/INFO]: [STDERR]: 	at kotlinx.coroutines.scheduling.CoroutineScheduler$Worker.run(CoroutineScheduler.kt:684)
[03:23:38] [DefaultDispatcher-worker-4/WARN]: Got unexpected reply from Mojang: -1
[03:23:38] [DefaultDispatcher-worker-4/INFO]: Waiting 8s before re-trying
[03:23:46] [Render thread/INFO]: Authenticating to Mojang as 16thGarden (dc0548c7-2c22-450e-91f5-2a17cfde2a12)
[03:23:46] [DefaultDispatcher-worker-4/INFO]: Connecting to Essential Connection Manager...
[03:23:47] [WebSocketConnectReadThread-2590/INFO]: Connected to Essential Connection Manager.
[04:13:36] [Render thread/INFO]: Stopping!
[04:13:36] [CullThread/INFO]: [STDOUT]: Shutting down culling task!
