[00:30:56] [Sound engine/ERROR]: Stop: Invalid name parameter.
[00:30:56] [Server thread/INFO]: Saving and pausing game...
[00:30:56] [Render thread/INFO]: Stopping worker threads
[00:30:56] [Render thread/INFO]: Started 6 worker threads
[00:30:56] [Server thread/INFO]: Saving chunks for level 'ServerLevel[Epic survival world]'/minecraft:overworld
[00:30:56] [Server thread/INFO]: Saving chunks for level 'ServerLevel[Epic survival world]'/minecraft:the_end
[00:30:56] [Server thread/INFO]: Saving chunks for level 'ServerLevel[Epic survival world]'/minecraft:the_nether
[00:30:56] [Render thread/INFO]: Stopping worker threads
[00:30:56] [Render thread/INFO]: Started 6 worker threads
[00:31:02] [Render thread/WARN]: Received passengers for unknown entity
[00:33:23] [Server thread/WARN]: Mismatch in destroy block pos: class_2338{x=116, y=16, z=-60} class_2338{x=115, y=16, z=-60}
[00:35:51] [Render thread/WARN]: Received passengers for unknown entity
[00:36:32] [Render thread/WARN]: Received passengers for unknown entity
[00:36:55] [WebSocketConnectReadThread-2202/INFO]: Closed connection to Essential Connection Manager (code=1006, reason=, remote=true), connection was open for 8525161ms
[00:37:29] [WebSocketConnectReadThread-2499/INFO]: Opened connection to Essential ConnectionManager (code=101, message=Switching Protocols)
[00:37:29] [Essential Thread 1/INFO]: Essential Connection Manager connection established.
[00:38:17] [Render thread/INFO]: Stopping worker threads
[00:38:17] [Render thread/INFO]: Started 6 worker threads
[00:38:17] [Render thread/INFO]: Stopping worker threads
[00:38:17] [Render thread/INFO]: Started 6 worker threads
[00:51:23] [Render thread/INFO]: Stopping worker threads
[00:51:23] [Render thread/INFO]: Started 6 worker threads
[00:51:23] [Server thread/INFO]: Saving and pausing game...
[00:51:23] [Render thread/INFO]: Stopping worker threads
[00:51:23] [Render thread/INFO]: Started 6 worker threads
[00:51:23] [Server thread/INFO]: Saving chunks for level 'ServerLevel[Epic survival world]'/minecraft:overworld
[00:51:23] [Server thread/INFO]: Saving chunks for level 'ServerLevel[Epic survival world]'/minecraft:the_end
[00:51:23] [Server thread/INFO]: Saving chunks for level 'ServerLevel[Epic survival world]'/minecraft:the_nether
[00:52:03] [Render thread/INFO]: Stopping worker threads
[00:52:03] [Render thread/INFO]: Started 6 worker threads
[00:52:03] [Server thread/INFO]: Saving and pausing game...
[00:52:03] [Render thread/INFO]: Stopping worker threads
[00:52:03] [Render thread/INFO]: Started 6 worker threads
[00:52:03] [Server thread/INFO]: Saving chunks for level 'ServerLevel[Epic survival world]'/minecraft:overworld
[00:52:03] [Server thread/INFO]: Saving chunks for level 'ServerLevel[Epic survival world]'/minecraft:the_end
[00:52:03] [Server thread/INFO]: Saving chunks for level 'ServerLevel[Epic survival world]'/minecraft:the_nether
[00:53:09] [Render thread/WARN]: Unable to play empty soundEvent: minecraft:entity.puffer_fish.ambient
[00:53:32] [Render thread/INFO]: Stopping worker threads
[00:53:32] [Render thread/INFO]: Started 6 worker threads
[00:53:32] [Server thread/INFO]: Saving and pausing game...
[00:53:32] [Render thread/INFO]: Stopping worker threads
[00:53:32] [Render thread/INFO]: Started 6 worker threads
[00:53:32] [Server thread/INFO]: Saving chunks for level 'ServerLevel[Epic survival world]'/minecraft:overworld
[00:53:32] [Server thread/INFO]: Saving chunks for level 'ServerLevel[Epic survival world]'/minecraft:the_end
[00:53:32] [Server thread/INFO]: Saving chunks for level 'ServerLevel[Epic survival world]'/minecraft:the_nether
[00:53:38] [Render thread/WARN]: Received passengers for unknown entity
[00:53:49] [Render thread/WARN]: Received passengers for unknown entity
[00:54:12] [Render thread/INFO]: Stopping worker threads
[00:54:12] [Render thread/INFO]: Started 6 worker threads
[00:54:12] [Render thread/INFO]: Stopping worker threads
[00:54:12] [Render thread/INFO]: Started 6 worker threads
[00:54:12] [Server thread/INFO]: Saving and pausing game...
[00:54:12] [Server thread/INFO]: Saving chunks for level 'ServerLevel[Epic survival world]'/minecraft:overworld
[00:54:12] [Server thread/INFO]: Saving chunks for level 'ServerLevel[Epic survival world]'/minecraft:the_end
[00:54:12] [Server thread/INFO]: Saving chunks for level 'ServerLevel[Epic survival world]'/minecraft:the_nether
[01:49:52] [Server thread/INFO]: Saving and pausing game...
[01:49:52] [Server thread/INFO]: Saving chunks for level 'ServerLevel[Epic survival world]'/minecraft:overworld
[01:49:52] [Server thread/INFO]: Saving chunks for level 'ServerLevel[Epic survival world]'/minecraft:the_end
[01:49:52] [Server thread/INFO]: Saving chunks for level 'ServerLevel[Epic survival world]'/minecraft:the_nether
[02:01:03] [WebSocketConnectReadThread-2499/INFO]: Closed connection to Essential Connection Manager (code=1006, reason=, remote=true), connection was open for 5013948ms
[02:01:36] [WebSocketConnectReadThread-2611/INFO]: Opened connection to Essential ConnectionManager (code=101, message=Switching Protocols)
[02:01:36] [Essential Thread 15/INFO]: Essential Connection Manager connection established.
[02:04:11] [Server thread/INFO]: Saving and pausing game...
[02:04:11] [Server thread/INFO]: Saving chunks for level 'ServerLevel[Epic survival world]'/minecraft:overworld
[02:04:11] [Server thread/INFO]: Saving chunks for level 'ServerLevel[Epic survival world]'/minecraft:the_end
[02:04:11] [Server thread/INFO]: Saving chunks for level 'ServerLevel[Epic survival world]'/minecraft:the_nether
[02:11:13] [Server thread/WARN]: 16thGarden moved wrongly!
[02:20:39] [WebSocketConnectReadThread-2611/INFO]: Closed connection to Essential Connection Manager (code=1006, reason=, remote=true), connection was open for 1143785ms
[02:21:13] [WebSocketConnectReadThread-2637/INFO]: Opened connection to Essential ConnectionManager (code=101, message=Switching Protocols)
[02:21:13] [Essential Thread 16/INFO]: Essential Connection Manager connection established.
[02:21:41] [Server thread/WARN]: 16thGarden moved wrongly!
[02:21:48] [Server thread/WARN]: 16thGarden moved wrongly!
[02:21:55] [Server thread/WARN]: 16thGarden moved wrongly!
[02:23:55] [Server thread/WARN]: 16thGarden moved wrongly!
[02:24:04] [Server thread/WARN]: 16thGarden moved wrongly!
[02:24:20] [Server thread/WARN]: 16thGarden moved wrongly!
[02:24:58] [Server thread/WARN]: 16thGarden moved wrongly!
[02:25:05] [Server thread/WARN]: 16thGarden moved wrongly!
[02:36:12] [Server thread/INFO]: Saving and pausing game...
[02:36:12] [Server thread/INFO]: Saving chunks for level 'ServerLevel[Epic survival world]'/minecraft:overworld
[02:36:12] [Server thread/INFO]: Saving chunks for level 'ServerLevel[Epic survival world]'/minecraft:the_end
[02:36:12] [Server thread/INFO]: Saving chunks for level 'ServerLevel[Epic survival world]'/minecraft:the_nether
[02:53:06] [Server thread/INFO]: Saving and pausing game...
[02:53:06] [Server thread/INFO]: Saving chunks for level 'ServerLevel[Epic survival world]'/minecraft:overworld
[02:53:06] [Server thread/INFO]: Saving chunks for level 'ServerLevel[Epic survival world]'/minecraft:the_end
[02:53:06] [Server thread/INFO]: Saving chunks for level 'ServerLevel[Epic survival world]'/minecraft:the_nether
[02:53:08] [Render thread/INFO]: Using default channel type
[02:53:08] [Render thread/INFO]: Started serving on 61377
[02:53:08] [Render thread/INFO]: [System] [CHAT] Local game hosted on port [61377]
[02:53:15] [Server thread/INFO]: [16thGarden: Gave 1 [TNT] to 16thGarden]
[02:53:15] [Render thread/INFO]: [System] [CHAT] Gave 1 [TNT] to 16thGarden
[02:58:12] [Server thread/WARN]: Mismatch in destroy block pos: class_2338{x=-145, y=-55, z=-149} class_2338{x=-143, y=-52, z=-152}
[03:47:47] [Server thread/WARN]: 16thGarden moved wrongly!
[03:52:25] [Server thread/WARN]: 16thGarden moved wrongly!
[03:57:26] [Render thread/INFO]: Stopping worker threads
[03:57:26] [Render thread/INFO]: Started 6 worker threads
[03:57:26] [Render thread/INFO]: Stopping worker threads
[03:57:26] [Render thread/INFO]: Started 6 worker threads
[03:57:43] [Render thread/WARN]: Received passengers for unknown entity
[03:57:51] [Render thread/INFO]: Stopping worker threads
[03:57:51] [Render thread/INFO]: Started 6 worker threads
[03:57:51] [Render thread/INFO]: Stopping worker threads
[03:57:51] [Render thread/INFO]: Started 6 worker threads
[03:59:05] [Render thread/INFO]: Stopping worker threads
[03:59:05] [Render thread/INFO]: Started 6 worker threads
[03:59:05] [Render thread/INFO]: Stopping worker threads
[03:59:05] [Render thread/INFO]: Started 6 worker threads
[03:59:30] [Render thread/INFO]: Stopping worker threads
[03:59:30] [Render thread/INFO]: Started 6 worker threads
[03:59:30] [Render thread/INFO]: Stopping worker threads
[03:59:30] [Render thread/INFO]: Started 6 worker threads
[03:59:43] [Render thread/INFO]: Stopping worker threads
[03:59:43] [Render thread/INFO]: Started 6 worker threads
[03:59:43] [Render thread/INFO]: Stopping worker threads
[03:59:43] [Render thread/INFO]: Started 6 worker threads
[03:59:54] [Render thread/INFO]: Stopping worker threads
[03:59:54] [Render thread/INFO]: Started 6 worker threads
[03:59:54] [Render thread/INFO]: Stopping worker threads
[03:59:54] [Render thread/INFO]: Started 6 worker threads
[03:59:54] [Render thread/WARN]: Received passengers for unknown entity
[03:59:54] [Render thread/WARN]: Received passengers for unknown entity
[03:59:54] [Render thread/WARN]: Received passengers for unknown entity
[03:59:54] [Render thread/WARN]: Received passengers for unknown entity
[03:59:54] [Render thread/WARN]: Received passengers for unknown entity
[03:59:54] [Render thread/WARN]: Received passengers for unknown entity
[03:59:54] [Render thread/WARN]: Received passengers for unknown entity
[03:59:54] [Render thread/WARN]: Received passengers for unknown entity
[03:59:54] [Render thread/WARN]: Received passengers for unknown entity
[03:59:54] [Render thread/WARN]: Received passengers for unknown entity
[03:59:54] [Render thread/WARN]: Received passengers for unknown entity
[03:59:54] [Render thread/WARN]: Received passengers for unknown entity
[03:59:54] [Render thread/WARN]: Received passengers for unknown entity
[03:59:54] [Render thread/WARN]: Received passengers for unknown entity
[03:59:54] [Render thread/WARN]: Received passengers for unknown entity
[03:59:54] [Render thread/WARN]: Received passengers for unknown entity
[03:59:54] [Render thread/WARN]: Received passengers for unknown entity
[03:59:54] [Render thread/WARN]: Received passengers for unknown entity
[03:59:54] [Render thread/WARN]: Received passengers for unknown entity
[03:59:54] [Render thread/WARN]: Received passengers for unknown entity
[04:01:56] [Render thread/INFO]: Stopping worker threads
[04:01:56] [Render thread/INFO]: Started 6 worker threads
[04:01:56] [Render thread/INFO]: Stopping worker threads
[04:01:56] [Render thread/INFO]: Started 6 worker threads
[04:02:13] [Render thread/INFO]: Stopping worker threads
[04:02:13] [Render thread/INFO]: Started 6 worker threads
[04:02:13] [Render thread/INFO]: Stopping worker threads
[04:02:13] [Render thread/INFO]: Started 6 worker threads
[04:06:49] [Render thread/WARN]: Pack file/coffee totem declared support for versions [16, 22] but declared main format is 9, defaulting to 9
[04:06:56] [Render thread/WARN]: Pack file/coffee totem declared support for versions [16, 22] but declared main format is 9, defaulting to 9
[04:06:56] [Render thread/INFO]: Reloading ResourceManager: vanilla, programmer_art, fabric, advanced-xray-fabric, appleskin, carpet, cloth-config, entityculling, essential, essential-container, essential-loader, fabric-api, fabric-api-base, fabric-api-lookup-api-v1, fabric-biome-api-v1, fabric-block-api-v1, fabric-block-view-api-v2, fabric-blockrenderlayer-v1, fabric-client-tags-api-v1, fabric-command-api-v1, fabric-command-api-v2, fabric-commands-v0, fabric-containers-v0, fabric-content-registries-v0, fabric-convention-tags-v1, fabric-crash-report-info-v1, fabric-data-attachment-api-v1, fabric-data-generation-api-v1, fabric-dimensions-v1, fabric-entity-events-v1, fabric-events-interaction-v0, fabric-events-lifecycle-v0, fabric-game-rule-api-v1, fabric-item-api-v1, fabric-item-group-api-v1, fabric-key-binding-api-v1, fabric-keybindings-v0, fabric-language-kotlin, fabric-lifecycle-events-v1, fabric-loot-api-v2, fabric-message-api-v1, fabric-mining-level-api-v1, fabric-model-loading-api-v1, fabric-models-v0, fabric-networking-api-v1, fabric-object-builder-api-v1, fabric-particles-v1, fabric-recipe-api-v1, fabric-registry-sync-v0, fabric-renderer-api-v1, fabric-renderer-indigo, fabric-renderer-registries-v1, fabric-rendering-data-attachment-v1, fabric-rendering-fluids-v1, fabric-rendering-v0, fabric-rendering-v1, fabric-resource-conditions-api-v1, fabric-resource-loader-v0, fabric-screen-api-v1, fabric-screen-handler-api-v1, fabric-sound-api-v1, fabric-transfer-api-v1, fabric-transitive-access-wideners-v1, fabricloader, litematica, lithium, logical_zoom, malilib, minihud, sodium, sodium_programmer_art, tweakeroo, file/coffee totem, file/VisibleAncientDebris.zip, essential
[04:06:56] [Render thread/WARN]: Non [a-z0-9_.-] character in namespace .DS_Store in pack C:\Users\Miguel Leyesa\AppData\Roaming\.minecraft\resourcepacks\VisibleAncientDebris.zip, ignoring
[04:06:56] [Render thread/WARN]: Non [a-z0-9_.-] character in namespace .DS_Store in pack C:\Users\Miguel Leyesa\AppData\Roaming\.minecraft\resourcepacks\VisibleAncientDebris.zip, ignoring
[04:06:56] [Worker-Main-22/INFO]: Found unifont_all_no_pua-15.1.04.hex, loading
[04:06:56] [Worker-Main-32/WARN]: Invalid path in datapack: minecraft:textures/block/.DS_Store, ignoring
[04:06:58] [Render thread/WARN]: Missing sound for event: minecraft:item.goat_horn.play
[04:06:58] [Render thread/WARN]: Missing sound for event: minecraft:entity.goat.screaming.horn_break
[04:06:58] [Render thread/WARN]: Missing sound for event: minecraft:entity.generic.wind_burst
[04:06:58] [Render thread/INFO]: OpenAL initialized on device OpenAL Soft on Speakers (Razer Kraken Kitty Edition)
[04:06:58] [Render thread/INFO]: Sound engine started
[04:06:58] [Render thread/INFO]: Created: 1024x512x4 minecraft:textures/atlas/blocks.png-atlas
[04:06:58] [Render thread/INFO]: Created: 256x256x4 minecraft:textures/atlas/signs.png-atlas
[04:06:58] [Render thread/INFO]: Created: 512x512x4 minecraft:textures/atlas/shield_patterns.png-atlas
[04:06:58] [Render thread/INFO]: Created: 512x512x4 minecraft:textures/atlas/banner_patterns.png-atlas
[04:06:58] [Render thread/INFO]: Created: 1024x1024x4 minecraft:textures/atlas/armor_trims.png-atlas
[04:06:58] [Render thread/INFO]: Created: 128x64x4 minecraft:textures/atlas/decorated_pot.png-atlas
[04:06:58] [Render thread/INFO]: Created: 256x256x4 minecraft:textures/atlas/chest.png-atlas
[04:06:58] [Render thread/INFO]: Created: 512x256x4 minecraft:textures/atlas/shulker_boxes.png-atlas
[04:06:58] [Render thread/INFO]: Created: 512x256x4 minecraft:textures/atlas/beds.png-atlas
[04:06:58] [Render thread/WARN]: Shader rendertype_entity_translucent_emissive could not find sampler named Sampler2 in the specified shader program.
[04:06:58] [Render thread/INFO]: Created: 512x256x0 minecraft:textures/atlas/particles.png-atlas
[04:06:58] [Render thread/INFO]: Created: 256x256x0 minecraft:textures/atlas/paintings.png-atlas
[04:06:58] [Render thread/INFO]: Created: 128x128x0 minecraft:textures/atlas/mob_effects.png-atlas
[04:06:58] [Render thread/INFO]: Created: 1024x512x0 minecraft:textures/atlas/gui.png-atlas
[04:06:58] [Render thread/INFO]: Stopping worker threads
[04:06:58] [Render thread/INFO]: Started 6 worker threads
[04:07:49] [Render thread/WARN]: Pack file/coffee totem declared support for versions [16, 22] but declared main format is 9, defaulting to 9
[04:08:07] [Render thread/WARN]: Pack file/coffee totem declared support for versions [16, 22] but declared main format is 9, defaulting to 9
[04:08:45] [Render thread/WARN]: Pack file/coffee totem declared support for versions [16, 22] but declared main format is 9, defaulting to 9
[04:08:55] [Render thread/WARN]: Pack file/coffee totem declared support for versions [16, 22] but declared main format is 9, defaulting to 9
[04:08:58] [Render thread/WARN]: Pack file/coffee totem declared support for versions [16, 22] but declared main format is 9, defaulting to 9
[04:09:02] [Render thread/WARN]: Pack file/coffee totem declared support for versions [16, 22] but declared main format is 9, defaulting to 9
[04:09:02] [Render thread/INFO]: Reloading ResourceManager: vanilla, fabric, advanced-xray-fabric, appleskin, carpet, cloth-config, entityculling, essential, essential-container, essential-loader, fabric-api, fabric-api-base, fabric-api-lookup-api-v1, fabric-biome-api-v1, fabric-block-api-v1, fabric-block-view-api-v2, fabric-blockrenderlayer-v1, fabric-client-tags-api-v1, fabric-command-api-v1, fabric-command-api-v2, fabric-commands-v0, fabric-containers-v0, fabric-content-registries-v0, fabric-convention-tags-v1, fabric-crash-report-info-v1, fabric-data-attachment-api-v1, fabric-data-generation-api-v1, fabric-dimensions-v1, fabric-entity-events-v1, fabric-events-interaction-v0, fabric-events-lifecycle-v0, fabric-game-rule-api-v1, fabric-item-api-v1, fabric-item-group-api-v1, fabric-key-binding-api-v1, fabric-keybindings-v0, fabric-language-kotlin, fabric-lifecycle-events-v1, fabric-loot-api-v2, fabric-message-api-v1, fabric-mining-level-api-v1, fabric-model-loading-api-v1, fabric-models-v0, fabric-networking-api-v1, fabric-object-builder-api-v1, fabric-particles-v1, fabric-recipe-api-v1, fabric-registry-sync-v0, fabric-renderer-api-v1, fabric-renderer-indigo, fabric-renderer-registries-v1, fabric-rendering-data-attachment-v1, fabric-rendering-fluids-v1, fabric-rendering-v0, fabric-rendering-v1, fabric-resource-conditions-api-v1, fabric-resource-loader-v0, fabric-screen-api-v1, fabric-screen-handler-api-v1, fabric-sound-api-v1, fabric-transfer-api-v1, fabric-transitive-access-wideners-v1, fabricloader, litematica, lithium, logical_zoom, malilib, minihud, sodium, tweakeroo, file/coffee totem, file/Faithful 64x.zip, file/LowerFire [1.18.x].zip, file/OreBorders64x_1.19.3.zip, file/Redstone Utilities-v2.1 [1.19.x].zip, essential
[04:09:02] [Worker-Main-28/INFO]: Found unifont_all_no_pua-15.1.04.hex, loading
[04:09:03] [Worker-Main-34/WARN]: Unused frames in sprite minecraft:entity/conduit/wind: [22, 23, 24, 25, 26, 27, 28, 29, 30, 31, 32, 33, 34, 35, 36, 37, 38, 39, 40, 41, 42, 43, 44, 45, 46, 47, 48, 49, 50, 51, 52, 53, 54, 55, 56, 57, 58, 59, 60, 61, 62, 63, 64, 65, 66, 67, 68, 69, 70, 71, 72, 73, 74, 75, 76, 77, 78, 79, 80, 81, 82, 83, 84, 85, 86, 87]
[04:09:03] [Worker-Main-32/WARN]: Unused frames in sprite minecraft:entity/conduit/wind_vertical: [22, 23, 24, 25, 26, 27, 28, 29, 30, 31, 32, 33, 34, 35, 36, 37, 38, 39, 40, 41, 42, 43, 44, 45, 46, 47, 48, 49, 50, 51, 52, 53, 54, 55, 56, 57, 58, 59, 60, 61, 62, 63, 64, 65, 66, 67, 68, 69, 70, 71, 72, 73, 74, 75, 76, 77, 78, 79, 80, 81, 82, 83, 84, 85, 86, 87]
[04:09:04] [Render thread/WARN]: Missing sound for event: minecraft:item.goat_horn.play
[04:09:04] [Render thread/WARN]: Missing sound for event: minecraft:entity.goat.screaming.horn_break
[04:09:04] [Render thread/WARN]: Missing sound for event: minecraft:entity.generic.wind_burst
[04:09:04] [Render thread/INFO]: OpenAL initialized on device OpenAL Soft on Speakers (Razer Kraken Kitty Edition)
[04:09:04] [Render thread/INFO]: Sound engine started
[04:09:04] [Render thread/INFO]: Created: 4096x4096x4 minecraft:textures/atlas/blocks.png-atlas
[04:09:04] [Render thread/INFO]: Created: 1024x1024x4 minecraft:textures/atlas/signs.png-atlas
[04:09:04] [Render thread/INFO]: Created: 2048x2048x4 minecraft:textures/atlas/shield_patterns.png-atlas
[04:09:04] [Render thread/INFO]: Created: 2048x2048x4 minecraft:textures/atlas/banner_patterns.png-atlas
[04:09:04] [Render thread/INFO]: Created: 4096x4096x4 minecraft:textures/atlas/armor_trims.png-atlas
[04:09:04] [Render thread/INFO]: Created: 512x256x4 minecraft:textures/atlas/decorated_pot.png-atlas
[04:09:04] [Render thread/INFO]: Created: 1024x1024x4 minecraft:textures/atlas/chest.png-atlas
[04:09:04] [Render thread/INFO]: Created: 2048x1024x4 minecraft:textures/atlas/shulker_boxes.png-atlas
[04:09:04] [Render thread/INFO]: Created: 2048x1024x4 minecraft:textures/atlas/beds.png-atlas
[04:09:04] [Render thread/WARN]: Shader rendertype_entity_translucent_emissive could not find sampler named Sampler2 in the specified shader program.
[04:09:04] [Render thread/INFO]: Created: 1024x1024x0 minecraft:textures/atlas/particles.png-atlas
[04:09:04] [Render thread/INFO]: Created: 1024x1024x0 minecraft:textures/atlas/paintings.png-atlas
[04:09:04] [Render thread/INFO]: Created: 512x512x0 minecraft:textures/atlas/mob_effects.png-atlas
[04:09:04] [Render thread/INFO]: Created: 4096x2048x0 minecraft:textures/atlas/gui.png-atlas
[04:09:05] [Render thread/INFO]: Stopping worker threads
[04:09:05] [Render thread/INFO]: Started 6 worker threads
[04:09:30] [Render thread/WARN]: Pack file/coffee totem declared support for versions [16, 22] but declared main format is 9, defaulting to 9
[04:09:41] [Render thread/WARN]: Pack file/coffee totem declared support for versions [16, 22] but declared main format is 9, defaulting to 9
[04:09:41] [Render thread/INFO]: Reloading ResourceManager: vanilla, fabric, advanced-xray-fabric, appleskin, carpet, cloth-config, entityculling, essential, essential-container, essential-loader, fabric-api, fabric-api-base, fabric-api-lookup-api-v1, fabric-biome-api-v1, fabric-block-api-v1, fabric-block-view-api-v2, fabric-blockrenderlayer-v1, fabric-client-tags-api-v1, fabric-command-api-v1, fabric-command-api-v2, fabric-commands-v0, fabric-containers-v0, fabric-content-registries-v0, fabric-convention-tags-v1, fabric-crash-report-info-v1, fabric-data-attachment-api-v1, fabric-data-generation-api-v1, fabric-dimensions-v1, fabric-entity-events-v1, fabric-events-interaction-v0, fabric-events-lifecycle-v0, fabric-game-rule-api-v1, fabric-item-api-v1, fabric-item-group-api-v1, fabric-key-binding-api-v1, fabric-keybindings-v0, fabric-language-kotlin, fabric-lifecycle-events-v1, fabric-loot-api-v2, fabric-message-api-v1, fabric-mining-level-api-v1, fabric-model-loading-api-v1, fabric-models-v0, fabric-networking-api-v1, fabric-object-builder-api-v1, fabric-particles-v1, fabric-recipe-api-v1, fabric-registry-sync-v0, fabric-renderer-api-v1, fabric-renderer-indigo, fabric-renderer-registries-v1, fabric-rendering-data-attachment-v1, fabric-rendering-fluids-v1, fabric-rendering-v0, fabric-rendering-v1, fabric-resource-conditions-api-v1, fabric-resource-loader-v0, fabric-screen-api-v1, fabric-screen-handler-api-v1, fabric-sound-api-v1, fabric-transfer-api-v1, fabric-transitive-access-wideners-v1, fabricloader, litematica, lithium, logical_zoom, malilib, minihud, sodium, tweakeroo, file/Faithful 64x.zip, file/LowerFire [1.18.x].zip, file/OreBorders64x_1.19.3.zip, file/Redstone Utilities-v2.1 [1.19.x].zip, file/coffee totem, essential
[04:09:41] [Worker-Main-27/INFO]: Found unifont_all_no_pua-15.1.04.hex, loading
[04:09:41] [Worker-Main-22/WARN]: Unused frames in sprite minecraft:entity/conduit/wind: [22, 23, 24, 25, 26, 27, 28, 29, 30, 31, 32, 33, 34, 35, 36, 37, 38, 39, 40, 41, 42, 43, 44, 45, 46, 47, 48, 49, 50, 51, 52, 53, 54, 55, 56, 57, 58, 59, 60, 61, 62, 63, 64, 65, 66, 67, 68, 69, 70, 71, 72, 73, 74, 75, 76, 77, 78, 79, 80, 81, 82, 83, 84, 85, 86, 87]
[04:09:41] [Worker-Main-28/WARN]: Unused frames in sprite minecraft:entity/conduit/wind_vertical: [22, 23, 24, 25, 26, 27, 28, 29, 30, 31, 32, 33, 34, 35, 36, 37, 38, 39, 40, 41, 42, 43, 44, 45, 46, 47, 48, 49, 50, 51, 52, 53, 54, 55, 56, 57, 58, 59, 60, 61, 62, 63, 64, 65, 66, 67, 68, 69, 70, 71, 72, 73, 74, 75, 76, 77, 78, 79, 80, 81, 82, 83, 84, 85, 86, 87]
[04:09:42] [Render thread/WARN]: Missing sound for event: minecraft:item.goat_horn.play
[04:09:42] [Render thread/WARN]: Missing sound for event: minecraft:entity.goat.screaming.horn_break
[04:09:42] [Render thread/WARN]: Missing sound for event: minecraft:entity.generic.wind_burst
[04:09:43] [Render thread/INFO]: OpenAL initialized on device OpenAL Soft on Speakers (Razer Kraken Kitty Edition)
[04:09:43] [Render thread/INFO]: Sound engine started
[04:09:43] [Render thread/INFO]: Created: 4096x4096x4 minecraft:textures/atlas/blocks.png-atlas
[04:09:43] [Render thread/INFO]: Created: 1024x1024x4 minecraft:textures/atlas/signs.png-atlas
[04:09:43] [Render thread/INFO]: Created: 2048x2048x4 minecraft:textures/atlas/shield_patterns.png-atlas
[04:09:43] [Render thread/INFO]: Created: 2048x2048x4 minecraft:textures/atlas/banner_patterns.png-atlas
[04:09:43] [Render thread/INFO]: Created: 4096x4096x4 minecraft:textures/atlas/armor_trims.png-atlas
[04:09:43] [Render thread/INFO]: Created: 512x256x4 minecraft:textures/atlas/decorated_pot.png-atlas
[04:09:43] [Render thread/INFO]: Created: 1024x1024x4 minecraft:textures/atlas/chest.png-atlas
[04:09:43] [Render thread/INFO]: Created: 2048x1024x4 minecraft:textures/atlas/shulker_boxes.png-atlas
[04:09:43] [Render thread/INFO]: Created: 2048x1024x4 minecraft:textures/atlas/beds.png-atlas
[04:09:43] [Render thread/WARN]: Shader rendertype_entity_translucent_emissive could not find sampler named Sampler2 in the specified shader program.
[04:09:43] [Render thread/INFO]: Created: 1024x1024x0 minecraft:textures/atlas/particles.png-atlas
[04:09:44] [Render thread/INFO]: Created: 1024x1024x0 minecraft:textures/atlas/paintings.png-atlas
[04:09:44] [Render thread/INFO]: Created: 512x512x0 minecraft:textures/atlas/mob_effects.png-atlas
[04:09:44] [Render thread/INFO]: Created: 4096x2048x0 minecraft:textures/atlas/gui.png-atlas
[04:09:44] [Render thread/INFO]: Stopping worker threads
[04:09:44] [Render thread/INFO]: Started 6 worker threads
[04:13:57] [Render thread/INFO]: Stopping worker threads
[04:13:57] [Render thread/INFO]: Started 6 worker threads
[04:13:57] [Render thread/INFO]: Stopping worker threads
[04:13:57] [Render thread/INFO]: Started 6 worker threads
[04:14:15] [Render thread/INFO]: Stopping worker threads
[04:14:15] [Render thread/INFO]: Started 6 worker threads
[04:14:15] [Render thread/INFO]: Stopping worker threads
[04:14:15] [Render thread/INFO]: Started 6 worker threads
[04:30:03] [WebSocketConnectReadThread-2637/INFO]: Closed connection to Essential Connection Manager (code=1006, reason=, remote=true), connection was open for 7730286ms
[04:30:36] [WebSocketConnectReadThread-2872/INFO]: Opened connection to Essential ConnectionManager (code=101, message=Switching Protocols)
[04:30:36] [Essential Thread 15/INFO]: Essential Connection Manager connection established.
[04:38:44] [WebSocketConnectReadThread-2872/INFO]: Closed connection to Essential Connection Manager (code=1006, reason=, remote=true), connection was open for 487381ms
[04:39:17] [WebSocketConnectReadThread-2893/INFO]: Opened connection to Essential ConnectionManager (code=101, message=Switching Protocols)
[04:39:17] [Essential Thread 2/INFO]: Essential Connection Manager connection established.
[05:21:58] [WebSocketConnectReadThread-2893/INFO]: Closed connection to Essential Connection Manager (code=1006, reason=, remote=true), connection was open for 2561033ms
[05:22:29] [WebSocketConnectReadThread-2916/INFO]: Opened connection to Essential ConnectionManager (code=101, message=Switching Protocols)
[05:22:29] [Essential Thread 3/INFO]: Essential Connection Manager connection established.
[05:30:28] [WebSocketConnectReadThread-2916/INFO]: Closed connection to Essential Connection Manager (code=1006, reason=, remote=true), connection was open for 478779ms
[05:30:59] [WebSocketConnectReadThread-2940/INFO]: Opened connection to Essential ConnectionManager (code=101, message=Switching Protocols)
[05:30:59] [Essential Thread 17/INFO]: Essential Connection Manager connection established.
[05:34:12] [Server thread/INFO]: 16thGarden lost connection: Disconnected
[05:34:12] [Server thread/INFO]: 16thGarden left the game
[05:34:12] [Server thread/INFO]: Stopping singleplayer server as player logged out
[05:34:12] [Server thread/INFO]: Stopping server
[05:34:12] [Server thread/INFO]: Saving players
[05:34:12] [Server thread/INFO]: Saving worlds
[05:34:13] [Server thread/INFO]: Saving chunks for level 'ServerLevel[Epic survival world]'/minecraft:overworld
[05:34:13] [Server thread/INFO]: Saving chunks for level 'ServerLevel[Epic survival world]'/minecraft:the_end
[05:34:13] [Server thread/INFO]: Saving chunks for level 'ServerLevel[Epic survival world]'/minecraft:the_nether
[05:34:13] [Server thread/INFO]: ThreadedAnvilChunkStorage (Epic survival world): All chunks are saved
[05:34:13] [Server thread/INFO]: ThreadedAnvilChunkStorage (DIM1): All chunks are saved
[05:34:13] [Server thread/INFO]: ThreadedAnvilChunkStorage (DIM-1): All chunks are saved
[05:34:13] [Server thread/INFO]: ThreadedAnvilChunkStorage: All dimensions are saved
[05:34:13] [Render thread/INFO]: Stopping worker threads
[05:34:13] [Render thread/INFO]: Stopping!
[05:34:13] [CullThread/INFO]: [STDOUT]: Shutting down culling task!
