[00:00:25] [Render thread/INFO]: Stopping worker threads
[00:00:25] [Render thread/INFO]: Started 6 worker threads
[00:00:25] [Render thread/INFO]: Stopping worker threads
[00:00:25] [Render thread/INFO]: Started 6 worker threads
[00:01:22] [Render thread/INFO]: [System] [CHAT] [Debug]: Hitboxes: shown
[00:04:08] [Render thread/INFO]: [System] [CHAT] [Debug]: Hitboxes: hidden
[00:04:12] [Render thread/WARN]: Unable to play empty soundEvent: minecraft:entity.salmon.ambient
[00:05:07] [Render thread/INFO]: [System] [CHAT] Respawn point set
[00:16:22] [Render thread/INFO]: [System] [CHAT] [Debug]: Hitboxes: shown
[00:19:09] [Render thread/WARN]: Unable to play empty soundEvent: minecraft:entity.puffer_fish.ambient
[00:21:20] [Render thread/INFO]: [System] [CHAT] [Debug]: Hitboxes: hidden
[00:24:07] [Render thread/INFO]: [System] [CHAT] [Debug]: Hitboxes: shown
[00:25:34] [Render thread/INFO]: [System] [CHAT] [Debug]: Hitboxes: hidden
[00:28:00] [Render thread/INFO]: [System] [CHAT] [Debug]: Hitboxes: shown
[00:29:57] [Render thread/INFO]: [System] [CHAT] [Debug]: Hitboxes: hidden
[00:34:41] [Render thread/INFO]: Reloading ResourceManager: vanilla, fabric, advanced-xray-fabric, appleskin, carpet, cloth-config, entityculling, essential, essential-container, essential-loader, fabric-api, fabric-api-base, fabric-api-lookup-api-v1, fabric-biome-api-v1, fabric-block-api-v1, fabric-block-view-api-v2, fabric-blockrenderlayer-v1, fabric-client-tags-api-v1, fabric-command-api-v1, fabric-command-api-v2, fabric-commands-v0, fabric-containers-v0, fabric-content-registries-v0, fabric-convention-tags-v1, fabric-crash-report-info-v1, fabric-data-attachment-api-v1, fabric-data-generation-api-v1, fabric-dimensions-v1, fabric-entity-events-v1, fabric-events-interaction-v0, fabric-events-lifecycle-v0, fabric-game-rule-api-v1, fabric-item-api-v1, fabric-item-group-api-v1, fabric-key-binding-api-v1, fabric-keybindings-v0, fabric-language-kotlin, fabric-lifecycle-events-v1, fabric-loot-api-v2, fabric-message-api-v1, fabric-mining-level-api-v1, fabric-model-loading-api-v1, fabric-models-v0, fabric-networking-api-v1, fabric-object-builder-api-v1, fabric-particles-v1, fabric-recipe-api-v1, fabric-registry-sync-v0, fabric-renderer-api-v1, fabric-renderer-indigo, fabric-renderer-registries-v1, fabric-rendering-data-attachment-v1, fabric-rendering-fluids-v1, fabric-rendering-v0, fabric-rendering-v1, fabric-resource-conditions-api-v1, fabric-resource-loader-v0, fabric-screen-api-v1, fabric-screen-handler-api-v1, fabric-sound-api-v1, fabric-transfer-api-v1, fabric-transitive-access-wideners-v1, fabricloader, litematica, lithium, logical_zoom, malilib, minihud, sodium, tweakeroo, file/Faithful 32x - 1.20.4.zip, file/Low Fire 32x.zip, file/16thGarden-totem-1.20.2-3D.zip, essential
[00:34:41] [Worker-Main-8/INFO]: Found unifont_all_no_pua-15.1.04.hex, loading
[00:34:43] [Render thread/WARN]: Missing sound for event: minecraft:item.goat_horn.play
[00:34:43] [Render thread/WARN]: Missing sound for event: minecraft:entity.goat.screaming.horn_break
[00:34:43] [Render thread/WARN]: Missing sound for event: minecraft:entity.generic.wind_burst
[00:34:43] [Render thread/INFO]: OpenAL initialized on device OpenAL Soft on Speakers (Razer Kraken Kitty Edition)
[00:34:43] [Render thread/INFO]: Sound engine started
[00:34:43] [Render thread/INFO]: Created: 2048x1024x4 minecraft:textures/atlas/blocks.png-atlas
[00:34:43] [Render thread/INFO]: Created: 512x512x4 minecraft:textures/atlas/signs.png-atlas
[00:34:43] [Render thread/INFO]: Created: 1024x1024x4 minecraft:textures/atlas/shield_patterns.png-atlas
[00:34:43] [Render thread/INFO]: Created: 1024x1024x4 minecraft:textures/atlas/banner_patterns.png-atlas
[00:34:43] [Render thread/INFO]: Created: 2048x2048x4 minecraft:textures/atlas/armor_trims.png-atlas
[00:34:43] [Render thread/INFO]: Created: 256x128x4 minecraft:textures/atlas/decorated_pot.png-atlas
[00:34:43] [Render thread/INFO]: Created: 512x512x4 minecraft:textures/atlas/chest.png-atlas
[00:34:43] [Render thread/INFO]: Created: 1024x512x4 minecraft:textures/atlas/shulker_boxes.png-atlas
[00:34:43] [Render thread/INFO]: Created: 1024x512x4 minecraft:textures/atlas/beds.png-atlas
[00:34:43] [Render thread/WARN]: Shader rendertype_entity_translucent_emissive could not find sampler named Sampler2 in the specified shader program.
[00:34:43] [Render thread/INFO]: Created: 1024x512x0 minecraft:textures/atlas/particles.png-atlas
[00:34:43] [Render thread/INFO]: Created: 512x512x0 minecraft:textures/atlas/paintings.png-atlas
[00:34:43] [Render thread/INFO]: Created: 256x256x0 minecraft:textures/atlas/mob_effects.png-atlas
[00:34:43] [Render thread/INFO]: Created: 2048x1024x0 minecraft:textures/atlas/gui.png-atlas
[00:34:43] [Render thread/INFO]: Stopping worker threads
[00:34:43] [Render thread/INFO]: Started 6 worker threads
[00:35:46] [Server thread/INFO]: 16thGarden lost connection: Disconnected
[00:35:46] [Server thread/INFO]: 16thGarden left the game
[00:35:46] [Server thread/INFO]: Stopping singleplayer server as player logged out
[00:35:46] [Server thread/INFO]: Stopping server
[00:35:46] [Server thread/INFO]: Saving players
[00:35:46] [Server thread/INFO]: Saving worlds
[00:35:46] [Server thread/INFO]: Saving chunks for level 'ServerLevel[Epic survival world]'/minecraft:overworld
[00:35:47] [Server thread/INFO]: Saving chunks for level 'ServerLevel[Epic survival world]'/minecraft:the_nether
[00:35:47] [Server thread/INFO]: Saving chunks for level 'ServerLevel[Epic survival world]'/minecraft:the_end
[00:35:47] [Server thread/INFO]: ThreadedAnvilChunkStorage (Epic survival world): All chunks are saved
[00:35:47] [Server thread/INFO]: ThreadedAnvilChunkStorage (DIM-1): All chunks are saved
[00:35:47] [Server thread/INFO]: ThreadedAnvilChunkStorage (DIM1): All chunks are saved
[00:35:47] [Server thread/INFO]: ThreadedAnvilChunkStorage: All dimensions are saved
[00:35:47] [Render thread/INFO]: Stopping worker threads
[00:36:45] [Render thread/INFO]: Stopping!
